[2024-10-17T19:26:32.169+0000] {processor.py:186} INFO - Started process (PID=51) to work on /opt/airflow/dags/get_manufacturer_data.py
[2024-10-17T19:26:32.170+0000] {processor.py:914} INFO - Processing file /opt/airflow/dags/get_manufacturer_data.py for tasks to queue
[2024-10-17T19:26:32.173+0000] {logging_mixin.py:190} INFO - [2024-10-17T19:26:32.173+0000] {dagbag.py:588} INFO - Filling up the DagBag from /opt/airflow/dags/get_manufacturer_data.py
[2024-10-17T19:26:32.222+0000] {processor.py:925} INFO - DAG(s) 'get_vehicle_data' retrieved from /opt/airflow/dags/get_manufacturer_data.py
[2024-10-17T19:26:32.396+0000] {logging_mixin.py:190} INFO - [2024-10-17T19:26:32.396+0000] {override.py:1900} INFO - Created Permission View: can edit on DAG:get_vehicle_data
[2024-10-17T19:26:32.403+0000] {logging_mixin.py:190} INFO - [2024-10-17T19:26:32.403+0000] {override.py:1900} INFO - Created Permission View: can delete on DAG:get_vehicle_data
[2024-10-17T19:26:32.409+0000] {logging_mixin.py:190} INFO - [2024-10-17T19:26:32.409+0000] {override.py:1900} INFO - Created Permission View: can read on DAG:get_vehicle_data
[2024-10-17T19:26:32.413+0000] {logging_mixin.py:190} INFO - [2024-10-17T19:26:32.413+0000] {override.py:1900} INFO - Created Permission View: can delete on DAG Run:get_vehicle_data
[2024-10-17T19:26:32.416+0000] {logging_mixin.py:190} INFO - [2024-10-17T19:26:32.416+0000] {override.py:1900} INFO - Created Permission View: can create on DAG Run:get_vehicle_data
[2024-10-17T19:26:32.419+0000] {logging_mixin.py:190} INFO - [2024-10-17T19:26:32.419+0000] {override.py:1900} INFO - Created Permission View: can read on DAG Run:get_vehicle_data
[2024-10-17T19:26:32.422+0000] {logging_mixin.py:190} INFO - [2024-10-17T19:26:32.422+0000] {override.py:1900} INFO - Created Permission View: menu access on DAG Run:get_vehicle_data
[2024-10-17T19:26:32.422+0000] {logging_mixin.py:190} INFO - [2024-10-17T19:26:32.422+0000] {dag.py:3239} INFO - Sync 1 DAGs
[2024-10-17T19:26:32.431+0000] {logging_mixin.py:190} INFO - [2024-10-17T19:26:32.430+0000] {dag.py:3262} INFO - Creating ORM DAG for get_vehicle_data
[2024-10-17T19:26:32.438+0000] {logging_mixin.py:190} INFO - [2024-10-17T19:26:32.438+0000] {dag.py:4180} INFO - Setting next_dagrun for get_vehicle_data to None, run_after=None
[2024-10-17T19:26:32.448+0000] {processor.py:208} INFO - Processing /opt/airflow/dags/get_manufacturer_data.py took 0.284 seconds
[2024-10-17T19:27:03.380+0000] {processor.py:186} INFO - Started process (PID=114) to work on /opt/airflow/dags/get_manufacturer_data.py
[2024-10-17T19:27:03.381+0000] {processor.py:914} INFO - Processing file /opt/airflow/dags/get_manufacturer_data.py for tasks to queue
[2024-10-17T19:27:03.385+0000] {logging_mixin.py:190} INFO - [2024-10-17T19:27:03.385+0000] {dagbag.py:588} INFO - Filling up the DagBag from /opt/airflow/dags/get_manufacturer_data.py
[2024-10-17T19:27:03.395+0000] {processor.py:925} INFO - DAG(s) 'get_vehicle_data' retrieved from /opt/airflow/dags/get_manufacturer_data.py
[2024-10-17T19:27:03.412+0000] {logging_mixin.py:190} INFO - [2024-10-17T19:27:03.412+0000] {dag.py:3239} INFO - Sync 1 DAGs
[2024-10-17T19:27:03.428+0000] {logging_mixin.py:190} INFO - [2024-10-17T19:27:03.428+0000] {dag.py:4180} INFO - Setting next_dagrun for get_vehicle_data to None, run_after=None
[2024-10-17T19:27:03.436+0000] {processor.py:208} INFO - Processing /opt/airflow/dags/get_manufacturer_data.py took 0.063 seconds
[2024-10-17T19:27:33.828+0000] {processor.py:186} INFO - Started process (PID=177) to work on /opt/airflow/dags/get_manufacturer_data.py
[2024-10-17T19:27:33.829+0000] {processor.py:914} INFO - Processing file /opt/airflow/dags/get_manufacturer_data.py for tasks to queue
[2024-10-17T19:27:33.833+0000] {logging_mixin.py:190} INFO - [2024-10-17T19:27:33.833+0000] {dagbag.py:588} INFO - Filling up the DagBag from /opt/airflow/dags/get_manufacturer_data.py
[2024-10-17T19:27:33.844+0000] {processor.py:925} INFO - DAG(s) 'get_vehicle_data' retrieved from /opt/airflow/dags/get_manufacturer_data.py
[2024-10-17T19:27:33.860+0000] {logging_mixin.py:190} INFO - [2024-10-17T19:27:33.860+0000] {dag.py:3239} INFO - Sync 1 DAGs
[2024-10-17T19:27:33.874+0000] {logging_mixin.py:190} INFO - [2024-10-17T19:27:33.874+0000] {dag.py:4180} INFO - Setting next_dagrun for get_vehicle_data to None, run_after=None
[2024-10-17T19:27:33.882+0000] {processor.py:208} INFO - Processing /opt/airflow/dags/get_manufacturer_data.py took 0.064 seconds
[2024-10-17T19:28:04.312+0000] {processor.py:186} INFO - Started process (PID=240) to work on /opt/airflow/dags/get_manufacturer_data.py
[2024-10-17T19:28:04.314+0000] {processor.py:914} INFO - Processing file /opt/airflow/dags/get_manufacturer_data.py for tasks to queue
[2024-10-17T19:28:04.319+0000] {logging_mixin.py:190} INFO - [2024-10-17T19:28:04.318+0000] {dagbag.py:588} INFO - Filling up the DagBag from /opt/airflow/dags/get_manufacturer_data.py
[2024-10-17T19:28:04.331+0000] {processor.py:925} INFO - DAG(s) 'get_vehicle_data' retrieved from /opt/airflow/dags/get_manufacturer_data.py
[2024-10-17T19:28:04.351+0000] {logging_mixin.py:190} INFO - [2024-10-17T19:28:04.351+0000] {dag.py:3239} INFO - Sync 1 DAGs
[2024-10-17T19:28:04.368+0000] {logging_mixin.py:190} INFO - [2024-10-17T19:28:04.368+0000] {dag.py:4180} INFO - Setting next_dagrun for get_vehicle_data to None, run_after=None
[2024-10-17T19:28:04.379+0000] {processor.py:208} INFO - Processing /opt/airflow/dags/get_manufacturer_data.py took 0.077 seconds
[2024-10-17T19:28:34.993+0000] {processor.py:186} INFO - Started process (PID=303) to work on /opt/airflow/dags/get_manufacturer_data.py
[2024-10-17T19:28:34.996+0000] {processor.py:914} INFO - Processing file /opt/airflow/dags/get_manufacturer_data.py for tasks to queue
[2024-10-17T19:28:35.000+0000] {logging_mixin.py:190} INFO - [2024-10-17T19:28:35.000+0000] {dagbag.py:588} INFO - Filling up the DagBag from /opt/airflow/dags/get_manufacturer_data.py
[2024-10-17T19:28:35.012+0000] {processor.py:925} INFO - DAG(s) 'get_vehicle_data' retrieved from /opt/airflow/dags/get_manufacturer_data.py
[2024-10-17T19:28:35.034+0000] {logging_mixin.py:190} INFO - [2024-10-17T19:28:35.034+0000] {dag.py:3239} INFO - Sync 1 DAGs
[2024-10-17T19:28:35.052+0000] {logging_mixin.py:190} INFO - [2024-10-17T19:28:35.052+0000] {dag.py:4180} INFO - Setting next_dagrun for get_vehicle_data to None, run_after=None
[2024-10-17T19:28:35.062+0000] {processor.py:208} INFO - Processing /opt/airflow/dags/get_manufacturer_data.py took 0.095 seconds
[2024-10-17T19:29:05.772+0000] {processor.py:186} INFO - Started process (PID=366) to work on /opt/airflow/dags/get_manufacturer_data.py
[2024-10-17T19:29:05.780+0000] {processor.py:914} INFO - Processing file /opt/airflow/dags/get_manufacturer_data.py for tasks to queue
[2024-10-17T19:29:05.786+0000] {logging_mixin.py:190} INFO - [2024-10-17T19:29:05.785+0000] {dagbag.py:588} INFO - Filling up the DagBag from /opt/airflow/dags/get_manufacturer_data.py
[2024-10-17T19:29:05.801+0000] {processor.py:925} INFO - DAG(s) 'get_vehicle_data' retrieved from /opt/airflow/dags/get_manufacturer_data.py
[2024-10-17T19:29:05.817+0000] {logging_mixin.py:190} INFO - [2024-10-17T19:29:05.817+0000] {dag.py:3239} INFO - Sync 1 DAGs
[2024-10-17T19:29:05.831+0000] {logging_mixin.py:190} INFO - [2024-10-17T19:29:05.831+0000] {dag.py:4180} INFO - Setting next_dagrun for get_vehicle_data to None, run_after=None
[2024-10-17T19:29:05.838+0000] {processor.py:208} INFO - Processing /opt/airflow/dags/get_manufacturer_data.py took 0.084 seconds
[2024-10-17T19:29:36.386+0000] {processor.py:186} INFO - Started process (PID=429) to work on /opt/airflow/dags/get_manufacturer_data.py
[2024-10-17T19:29:36.388+0000] {processor.py:914} INFO - Processing file /opt/airflow/dags/get_manufacturer_data.py for tasks to queue
[2024-10-17T19:29:36.392+0000] {logging_mixin.py:190} INFO - [2024-10-17T19:29:36.392+0000] {dagbag.py:588} INFO - Filling up the DagBag from /opt/airflow/dags/get_manufacturer_data.py
[2024-10-17T19:29:36.402+0000] {processor.py:925} INFO - DAG(s) 'get_vehicle_data' retrieved from /opt/airflow/dags/get_manufacturer_data.py
[2024-10-17T19:29:36.418+0000] {logging_mixin.py:190} INFO - [2024-10-17T19:29:36.418+0000] {dag.py:3239} INFO - Sync 1 DAGs
[2024-10-17T19:29:36.433+0000] {logging_mixin.py:190} INFO - [2024-10-17T19:29:36.433+0000] {dag.py:4180} INFO - Setting next_dagrun for get_vehicle_data to None, run_after=None
[2024-10-17T19:29:36.441+0000] {processor.py:208} INFO - Processing /opt/airflow/dags/get_manufacturer_data.py took 0.069 seconds
[2024-10-17T19:30:06.843+0000] {processor.py:186} INFO - Started process (PID=492) to work on /opt/airflow/dags/get_manufacturer_data.py
[2024-10-17T19:30:06.844+0000] {processor.py:914} INFO - Processing file /opt/airflow/dags/get_manufacturer_data.py for tasks to queue
[2024-10-17T19:30:06.847+0000] {logging_mixin.py:190} INFO - [2024-10-17T19:30:06.847+0000] {dagbag.py:588} INFO - Filling up the DagBag from /opt/airflow/dags/get_manufacturer_data.py
[2024-10-17T19:30:06.856+0000] {processor.py:925} INFO - DAG(s) 'get_vehicle_data' retrieved from /opt/airflow/dags/get_manufacturer_data.py
[2024-10-17T19:30:06.871+0000] {logging_mixin.py:190} INFO - [2024-10-17T19:30:06.871+0000] {dag.py:3239} INFO - Sync 1 DAGs
[2024-10-17T19:30:06.884+0000] {logging_mixin.py:190} INFO - [2024-10-17T19:30:06.884+0000] {dag.py:4180} INFO - Setting next_dagrun for get_vehicle_data to None, run_after=None
[2024-10-17T19:30:06.893+0000] {processor.py:208} INFO - Processing /opt/airflow/dags/get_manufacturer_data.py took 0.064 seconds
[2024-10-17T19:30:37.346+0000] {processor.py:186} INFO - Started process (PID=555) to work on /opt/airflow/dags/get_manufacturer_data.py
[2024-10-17T19:30:37.348+0000] {processor.py:914} INFO - Processing file /opt/airflow/dags/get_manufacturer_data.py for tasks to queue
[2024-10-17T19:30:37.351+0000] {logging_mixin.py:190} INFO - [2024-10-17T19:30:37.350+0000] {dagbag.py:588} INFO - Filling up the DagBag from /opt/airflow/dags/get_manufacturer_data.py
[2024-10-17T19:30:37.370+0000] {processor.py:925} INFO - DAG(s) 'get_vehicle_data' retrieved from /opt/airflow/dags/get_manufacturer_data.py
[2024-10-17T19:30:37.388+0000] {logging_mixin.py:190} INFO - [2024-10-17T19:30:37.388+0000] {dag.py:3239} INFO - Sync 1 DAGs
[2024-10-17T19:30:37.406+0000] {logging_mixin.py:190} INFO - [2024-10-17T19:30:37.406+0000] {dag.py:4180} INFO - Setting next_dagrun for get_vehicle_data to None, run_after=None
[2024-10-17T19:30:37.416+0000] {processor.py:208} INFO - Processing /opt/airflow/dags/get_manufacturer_data.py took 0.076 seconds
[2024-10-17T19:31:07.960+0000] {processor.py:186} INFO - Started process (PID=618) to work on /opt/airflow/dags/get_manufacturer_data.py
[2024-10-17T19:31:07.962+0000] {processor.py:914} INFO - Processing file /opt/airflow/dags/get_manufacturer_data.py for tasks to queue
[2024-10-17T19:31:07.965+0000] {logging_mixin.py:190} INFO - [2024-10-17T19:31:07.964+0000] {dagbag.py:588} INFO - Filling up the DagBag from /opt/airflow/dags/get_manufacturer_data.py
[2024-10-17T19:31:07.973+0000] {processor.py:925} INFO - DAG(s) 'get_vehicle_data' retrieved from /opt/airflow/dags/get_manufacturer_data.py
[2024-10-17T19:31:07.988+0000] {logging_mixin.py:190} INFO - [2024-10-17T19:31:07.988+0000] {dag.py:3239} INFO - Sync 1 DAGs
[2024-10-17T19:31:08.003+0000] {logging_mixin.py:190} INFO - [2024-10-17T19:31:08.003+0000] {dag.py:4180} INFO - Setting next_dagrun for get_vehicle_data to None, run_after=None
[2024-10-17T19:31:08.011+0000] {processor.py:208} INFO - Processing /opt/airflow/dags/get_manufacturer_data.py took 0.058 seconds
[2024-10-17T19:31:38.345+0000] {processor.py:186} INFO - Started process (PID=681) to work on /opt/airflow/dags/get_manufacturer_data.py
[2024-10-17T19:31:38.346+0000] {processor.py:914} INFO - Processing file /opt/airflow/dags/get_manufacturer_data.py for tasks to queue
[2024-10-17T19:31:38.349+0000] {logging_mixin.py:190} INFO - [2024-10-17T19:31:38.349+0000] {dagbag.py:588} INFO - Filling up the DagBag from /opt/airflow/dags/get_manufacturer_data.py
[2024-10-17T19:31:38.357+0000] {processor.py:925} INFO - DAG(s) 'get_vehicle_data' retrieved from /opt/airflow/dags/get_manufacturer_data.py
[2024-10-17T19:31:38.374+0000] {logging_mixin.py:190} INFO - [2024-10-17T19:31:38.374+0000] {dag.py:3239} INFO - Sync 1 DAGs
[2024-10-17T19:31:38.389+0000] {logging_mixin.py:190} INFO - [2024-10-17T19:31:38.389+0000] {dag.py:4180} INFO - Setting next_dagrun for get_vehicle_data to None, run_after=None
[2024-10-17T19:31:38.400+0000] {processor.py:208} INFO - Processing /opt/airflow/dags/get_manufacturer_data.py took 0.062 seconds
[2024-10-17T19:31:54.675+0000] {processor.py:186} INFO - Started process (PID=744) to work on /opt/airflow/dags/get_manufacturer_data.py
[2024-10-17T19:31:54.676+0000] {processor.py:914} INFO - Processing file /opt/airflow/dags/get_manufacturer_data.py for tasks to queue
[2024-10-17T19:31:54.679+0000] {logging_mixin.py:190} INFO - [2024-10-17T19:31:54.679+0000] {dagbag.py:588} INFO - Filling up the DagBag from /opt/airflow/dags/get_manufacturer_data.py
[2024-10-17T19:31:54.689+0000] {processor.py:925} INFO - DAG(s) 'get_vehicle_data' retrieved from /opt/airflow/dags/get_manufacturer_data.py
[2024-10-17T19:31:54.703+0000] {logging_mixin.py:190} INFO - [2024-10-17T19:31:54.703+0000] {dag.py:3239} INFO - Sync 1 DAGs
[2024-10-17T19:31:54.719+0000] {logging_mixin.py:190} INFO - [2024-10-17T19:31:54.719+0000] {dag.py:4180} INFO - Setting next_dagrun for get_vehicle_data to None, run_after=None
[2024-10-17T19:31:54.730+0000] {processor.py:208} INFO - Processing /opt/airflow/dags/get_manufacturer_data.py took 0.060 seconds
[2024-10-17T19:33:29.556+0000] {processor.py:186} INFO - Started process (PID=51) to work on /opt/airflow/dags/get_manufacturer_data.py
[2024-10-17T19:33:29.558+0000] {processor.py:914} INFO - Processing file /opt/airflow/dags/get_manufacturer_data.py for tasks to queue
[2024-10-17T19:33:29.561+0000] {logging_mixin.py:190} INFO - [2024-10-17T19:33:29.560+0000] {dagbag.py:588} INFO - Filling up the DagBag from /opt/airflow/dags/get_manufacturer_data.py
[2024-10-17T19:33:29.603+0000] {processor.py:925} INFO - DAG(s) 'get_vehicle_data' retrieved from /opt/airflow/dags/get_manufacturer_data.py
[2024-10-17T19:33:29.774+0000] {logging_mixin.py:190} INFO - [2024-10-17T19:33:29.773+0000] {override.py:1900} INFO - Created Permission View: can edit on DAG:get_vehicle_data
[2024-10-17T19:33:29.780+0000] {logging_mixin.py:190} INFO - [2024-10-17T19:33:29.779+0000] {override.py:1900} INFO - Created Permission View: can delete on DAG:get_vehicle_data
[2024-10-17T19:33:29.784+0000] {logging_mixin.py:190} INFO - [2024-10-17T19:33:29.784+0000] {override.py:1900} INFO - Created Permission View: can read on DAG:get_vehicle_data
[2024-10-17T19:33:29.788+0000] {logging_mixin.py:190} INFO - [2024-10-17T19:33:29.788+0000] {override.py:1900} INFO - Created Permission View: menu access on DAG Run:get_vehicle_data
[2024-10-17T19:33:29.792+0000] {logging_mixin.py:190} INFO - [2024-10-17T19:33:29.791+0000] {override.py:1900} INFO - Created Permission View: can create on DAG Run:get_vehicle_data
[2024-10-17T19:33:29.795+0000] {logging_mixin.py:190} INFO - [2024-10-17T19:33:29.795+0000] {override.py:1900} INFO - Created Permission View: can delete on DAG Run:get_vehicle_data
[2024-10-17T19:33:29.798+0000] {logging_mixin.py:190} INFO - [2024-10-17T19:33:29.798+0000] {override.py:1900} INFO - Created Permission View: can read on DAG Run:get_vehicle_data
[2024-10-17T19:33:29.798+0000] {logging_mixin.py:190} INFO - [2024-10-17T19:33:29.798+0000] {dag.py:3239} INFO - Sync 1 DAGs
[2024-10-17T19:33:29.812+0000] {logging_mixin.py:190} INFO - [2024-10-17T19:33:29.811+0000] {dag.py:3262} INFO - Creating ORM DAG for get_vehicle_data
[2024-10-17T19:33:29.822+0000] {logging_mixin.py:190} INFO - [2024-10-17T19:33:29.821+0000] {dag.py:4180} INFO - Setting next_dagrun for get_vehicle_data to None, run_after=None
[2024-10-17T19:33:29.831+0000] {processor.py:208} INFO - Processing /opt/airflow/dags/get_manufacturer_data.py took 0.281 seconds
[2024-10-17T19:34:00.524+0000] {processor.py:186} INFO - Started process (PID=114) to work on /opt/airflow/dags/get_manufacturer_data.py
[2024-10-17T19:34:00.525+0000] {processor.py:914} INFO - Processing file /opt/airflow/dags/get_manufacturer_data.py for tasks to queue
[2024-10-17T19:34:00.528+0000] {logging_mixin.py:190} INFO - [2024-10-17T19:34:00.527+0000] {dagbag.py:588} INFO - Filling up the DagBag from /opt/airflow/dags/get_manufacturer_data.py
[2024-10-17T19:34:00.535+0000] {processor.py:925} INFO - DAG(s) 'get_vehicle_data' retrieved from /opt/airflow/dags/get_manufacturer_data.py
[2024-10-17T19:34:00.553+0000] {logging_mixin.py:190} INFO - [2024-10-17T19:34:00.553+0000] {dag.py:3239} INFO - Sync 1 DAGs
[2024-10-17T19:34:00.572+0000] {logging_mixin.py:190} INFO - [2024-10-17T19:34:00.572+0000] {dag.py:4180} INFO - Setting next_dagrun for get_vehicle_data to None, run_after=None
[2024-10-17T19:34:00.582+0000] {processor.py:208} INFO - Processing /opt/airflow/dags/get_manufacturer_data.py took 0.066 seconds
[2024-10-17T19:34:30.850+0000] {processor.py:186} INFO - Started process (PID=177) to work on /opt/airflow/dags/get_manufacturer_data.py
[2024-10-17T19:34:30.852+0000] {processor.py:914} INFO - Processing file /opt/airflow/dags/get_manufacturer_data.py for tasks to queue
[2024-10-17T19:34:30.855+0000] {logging_mixin.py:190} INFO - [2024-10-17T19:34:30.855+0000] {dagbag.py:588} INFO - Filling up the DagBag from /opt/airflow/dags/get_manufacturer_data.py
[2024-10-17T19:34:30.862+0000] {processor.py:925} INFO - DAG(s) 'get_vehicle_data' retrieved from /opt/airflow/dags/get_manufacturer_data.py
[2024-10-17T19:34:30.876+0000] {logging_mixin.py:190} INFO - [2024-10-17T19:34:30.876+0000] {dag.py:3239} INFO - Sync 1 DAGs
[2024-10-17T19:34:30.890+0000] {logging_mixin.py:190} INFO - [2024-10-17T19:34:30.890+0000] {dag.py:4180} INFO - Setting next_dagrun for get_vehicle_data to None, run_after=None
[2024-10-17T19:34:30.900+0000] {processor.py:208} INFO - Processing /opt/airflow/dags/get_manufacturer_data.py took 0.056 seconds
[2024-10-17T19:35:01.226+0000] {processor.py:186} INFO - Started process (PID=240) to work on /opt/airflow/dags/get_manufacturer_data.py
[2024-10-17T19:35:01.227+0000] {processor.py:914} INFO - Processing file /opt/airflow/dags/get_manufacturer_data.py for tasks to queue
[2024-10-17T19:35:01.232+0000] {logging_mixin.py:190} INFO - [2024-10-17T19:35:01.231+0000] {dagbag.py:588} INFO - Filling up the DagBag from /opt/airflow/dags/get_manufacturer_data.py
[2024-10-17T19:35:01.241+0000] {processor.py:925} INFO - DAG(s) 'get_vehicle_data' retrieved from /opt/airflow/dags/get_manufacturer_data.py
[2024-10-17T19:35:01.259+0000] {logging_mixin.py:190} INFO - [2024-10-17T19:35:01.258+0000] {dag.py:3239} INFO - Sync 1 DAGs
[2024-10-17T19:35:01.273+0000] {logging_mixin.py:190} INFO - [2024-10-17T19:35:01.273+0000] {dag.py:4180} INFO - Setting next_dagrun for get_vehicle_data to None, run_after=None
[2024-10-17T19:35:01.281+0000] {processor.py:208} INFO - Processing /opt/airflow/dags/get_manufacturer_data.py took 0.064 seconds
[2024-10-17T19:35:31.676+0000] {processor.py:186} INFO - Started process (PID=303) to work on /opt/airflow/dags/get_manufacturer_data.py
[2024-10-17T19:35:31.678+0000] {processor.py:914} INFO - Processing file /opt/airflow/dags/get_manufacturer_data.py for tasks to queue
[2024-10-17T19:35:31.681+0000] {logging_mixin.py:190} INFO - [2024-10-17T19:35:31.681+0000] {dagbag.py:588} INFO - Filling up the DagBag from /opt/airflow/dags/get_manufacturer_data.py
[2024-10-17T19:35:31.710+0000] {processor.py:925} INFO - DAG(s) 'get_vehicle_data' retrieved from /opt/airflow/dags/get_manufacturer_data.py
[2024-10-17T19:35:31.743+0000] {logging_mixin.py:190} INFO - [2024-10-17T19:35:31.743+0000] {dag.py:3239} INFO - Sync 1 DAGs
[2024-10-17T19:35:31.762+0000] {logging_mixin.py:190} INFO - [2024-10-17T19:35:31.762+0000] {dag.py:4180} INFO - Setting next_dagrun for get_vehicle_data to None, run_after=None
[2024-10-17T19:35:31.775+0000] {processor.py:208} INFO - Processing /opt/airflow/dags/get_manufacturer_data.py took 0.108 seconds
[2024-10-17T19:36:02.493+0000] {processor.py:186} INFO - Started process (PID=366) to work on /opt/airflow/dags/get_manufacturer_data.py
[2024-10-17T19:36:02.496+0000] {processor.py:914} INFO - Processing file /opt/airflow/dags/get_manufacturer_data.py for tasks to queue
[2024-10-17T19:36:02.502+0000] {logging_mixin.py:190} INFO - [2024-10-17T19:36:02.501+0000] {dagbag.py:588} INFO - Filling up the DagBag from /opt/airflow/dags/get_manufacturer_data.py
[2024-10-17T19:36:02.514+0000] {processor.py:925} INFO - DAG(s) 'get_vehicle_data' retrieved from /opt/airflow/dags/get_manufacturer_data.py
[2024-10-17T19:36:02.534+0000] {logging_mixin.py:190} INFO - [2024-10-17T19:36:02.534+0000] {dag.py:3239} INFO - Sync 1 DAGs
[2024-10-17T19:36:02.549+0000] {logging_mixin.py:190} INFO - [2024-10-17T19:36:02.548+0000] {dag.py:4180} INFO - Setting next_dagrun for get_vehicle_data to None, run_after=None
[2024-10-17T19:36:02.557+0000] {processor.py:208} INFO - Processing /opt/airflow/dags/get_manufacturer_data.py took 0.076 seconds
[2024-10-17T19:36:33.118+0000] {processor.py:186} INFO - Started process (PID=429) to work on /opt/airflow/dags/get_manufacturer_data.py
[2024-10-17T19:36:33.120+0000] {processor.py:914} INFO - Processing file /opt/airflow/dags/get_manufacturer_data.py for tasks to queue
[2024-10-17T19:36:33.123+0000] {logging_mixin.py:190} INFO - [2024-10-17T19:36:33.123+0000] {dagbag.py:588} INFO - Filling up the DagBag from /opt/airflow/dags/get_manufacturer_data.py
[2024-10-17T19:36:33.132+0000] {processor.py:925} INFO - DAG(s) 'get_vehicle_data' retrieved from /opt/airflow/dags/get_manufacturer_data.py
[2024-10-17T19:36:33.147+0000] {logging_mixin.py:190} INFO - [2024-10-17T19:36:33.147+0000] {dag.py:3239} INFO - Sync 1 DAGs
[2024-10-17T19:36:33.162+0000] {logging_mixin.py:190} INFO - [2024-10-17T19:36:33.162+0000] {dag.py:4180} INFO - Setting next_dagrun for get_vehicle_data to None, run_after=None
[2024-10-17T19:36:33.169+0000] {processor.py:208} INFO - Processing /opt/airflow/dags/get_manufacturer_data.py took 0.060 seconds
[2024-10-17T19:37:00.706+0000] {processor.py:186} INFO - Started process (PID=492) to work on /opt/airflow/dags/get_manufacturer_data.py
[2024-10-17T19:37:00.707+0000] {processor.py:914} INFO - Processing file /opt/airflow/dags/get_manufacturer_data.py for tasks to queue
[2024-10-17T19:37:00.711+0000] {logging_mixin.py:190} INFO - [2024-10-17T19:37:00.711+0000] {dagbag.py:588} INFO - Filling up the DagBag from /opt/airflow/dags/get_manufacturer_data.py
[2024-10-17T19:37:00.745+0000] {logging_mixin.py:190} INFO - [2024-10-17T19:37:00.740+0000] {dagbag.py:387} ERROR - Failed to import: /opt/airflow/dags/get_manufacturer_data.py
Traceback (most recent call last):
  File "/home/airflow/.local/lib/python3.12/site-packages/airflow/models/dagbag.py", line 383, in parse
    loader.exec_module(new_module)
  File "<frozen importlib._bootstrap_external>", line 995, in exec_module
  File "<frozen importlib._bootstrap>", line 488, in _call_with_frames_removed
  File "/opt/airflow/dags/get_manufacturer_data.py", line 34, in <module>
    get_data >> transform_data >> load_data
    ~~~~~~~~~^^~~~~~~~~~~~~~~~
  File "/home/airflow/.local/lib/python3.12/site-packages/airflow/models/taskmixin.py", line 104, in __rshift__
    self.set_downstream(other)
  File "/home/airflow/.local/lib/python3.12/site-packages/airflow/models/xcom_arg.py", line 162, in set_downstream
    operator.set_downstream(task_or_task_list, edge_modifier)
  File "/home/airflow/.local/lib/python3.12/site-packages/airflow/models/taskmixin.py", line 263, in set_downstream
    self._set_relatives(task_or_task_list, upstream=False, edge_modifier=edge_modifier)
  File "/home/airflow/.local/lib/python3.12/site-packages/airflow/models/taskmixin.py", line 233, in _set_relatives
    raise AirflowException(
airflow.exceptions.AirflowException: Tried to create relationships between tasks that don't have DAGs yet. Set the DAG for at least one task and try again: [<Task(_PythonDecoratedOperator): get_manufacturer_data>, <Task(_PythonDecoratedOperator): transform_manufacturer_data>]
[2024-10-17T19:37:00.747+0000] {processor.py:927} WARNING - No viable dags retrieved from /opt/airflow/dags/get_manufacturer_data.py
[2024-10-17T19:37:00.777+0000] {processor.py:208} INFO - Processing /opt/airflow/dags/get_manufacturer_data.py took 0.080 seconds
[2024-10-17T19:37:02.759+0000] {processor.py:186} INFO - Started process (PID=493) to work on /opt/airflow/dags/get_manufacturer_data.py
[2024-10-17T19:37:02.760+0000] {processor.py:914} INFO - Processing file /opt/airflow/dags/get_manufacturer_data.py for tasks to queue
[2024-10-17T19:37:02.762+0000] {logging_mixin.py:190} INFO - [2024-10-17T19:37:02.762+0000] {dagbag.py:588} INFO - Filling up the DagBag from /opt/airflow/dags/get_manufacturer_data.py
[2024-10-17T19:37:02.771+0000] {logging_mixin.py:190} INFO - [2024-10-17T19:37:02.770+0000] {dagbag.py:387} ERROR - Failed to import: /opt/airflow/dags/get_manufacturer_data.py
Traceback (most recent call last):
  File "/home/airflow/.local/lib/python3.12/site-packages/airflow/models/dagbag.py", line 383, in parse
    loader.exec_module(new_module)
  File "<frozen importlib._bootstrap_external>", line 995, in exec_module
  File "<frozen importlib._bootstrap>", line 488, in _call_with_frames_removed
  File "/opt/airflow/dags/get_manufacturer_data.py", line 34, in <module>
    get_data >> transform_data >> load_data
    ~~~~~~~~~^^~~~~~~~~~~~~~~~
  File "/home/airflow/.local/lib/python3.12/site-packages/airflow/models/taskmixin.py", line 104, in __rshift__
    self.set_downstream(other)
  File "/home/airflow/.local/lib/python3.12/site-packages/airflow/models/xcom_arg.py", line 162, in set_downstream
    operator.set_downstream(task_or_task_list, edge_modifier)
  File "/home/airflow/.local/lib/python3.12/site-packages/airflow/models/taskmixin.py", line 263, in set_downstream
    self._set_relatives(task_or_task_list, upstream=False, edge_modifier=edge_modifier)
  File "/home/airflow/.local/lib/python3.12/site-packages/airflow/models/taskmixin.py", line 233, in _set_relatives
    raise AirflowException(
airflow.exceptions.AirflowException: Tried to create relationships between tasks that don't have DAGs yet. Set the DAG for at least one task and try again: [<Task(_PythonDecoratedOperator): get_manufacturer_data>, <Task(_PythonDecoratedOperator): transform_manufacturer_data>]
[2024-10-17T19:37:02.772+0000] {processor.py:927} WARNING - No viable dags retrieved from /opt/airflow/dags/get_manufacturer_data.py
[2024-10-17T19:37:02.785+0000] {processor.py:208} INFO - Processing /opt/airflow/dags/get_manufacturer_data.py took 0.032 seconds
[2024-10-17T19:37:24.168+0000] {processor.py:186} INFO - Started process (PID=556) to work on /opt/airflow/dags/get_manufacturer_data.py
[2024-10-17T19:37:24.170+0000] {processor.py:914} INFO - Processing file /opt/airflow/dags/get_manufacturer_data.py for tasks to queue
[2024-10-17T19:37:24.173+0000] {logging_mixin.py:190} INFO - [2024-10-17T19:37:24.172+0000] {dagbag.py:588} INFO - Filling up the DagBag from /opt/airflow/dags/get_manufacturer_data.py
[2024-10-17T19:37:24.186+0000] {logging_mixin.py:190} INFO - [2024-10-17T19:37:24.184+0000] {dagbag.py:387} ERROR - Failed to import: /opt/airflow/dags/get_manufacturer_data.py
Traceback (most recent call last):
  File "/home/airflow/.local/lib/python3.12/site-packages/airflow/models/dagbag.py", line 383, in parse
    loader.exec_module(new_module)
  File "<frozen importlib._bootstrap_external>", line 995, in exec_module
  File "<frozen importlib._bootstrap>", line 488, in _call_with_frames_removed
  File "/opt/airflow/dags/get_manufacturer_data.py", line 36, in <module>
    get_data >> transform_data >> load_data
    ~~~~~~~~~^^~~~~~~~~~~~~~~~
  File "/home/airflow/.local/lib/python3.12/site-packages/airflow/models/taskmixin.py", line 104, in __rshift__
    self.set_downstream(other)
  File "/home/airflow/.local/lib/python3.12/site-packages/airflow/models/xcom_arg.py", line 162, in set_downstream
    operator.set_downstream(task_or_task_list, edge_modifier)
  File "/home/airflow/.local/lib/python3.12/site-packages/airflow/models/taskmixin.py", line 263, in set_downstream
    self._set_relatives(task_or_task_list, upstream=False, edge_modifier=edge_modifier)
  File "/home/airflow/.local/lib/python3.12/site-packages/airflow/models/taskmixin.py", line 233, in _set_relatives
    raise AirflowException(
airflow.exceptions.AirflowException: Tried to create relationships between tasks that don't have DAGs yet. Set the DAG for at least one task and try again: [<Task(_PythonDecoratedOperator): get_manufacturer_data>, <Task(_PythonDecoratedOperator): transform_manufacturer_data>]
[2024-10-17T19:37:24.187+0000] {processor.py:927} WARNING - No viable dags retrieved from /opt/airflow/dags/get_manufacturer_data.py
[2024-10-17T19:37:24.204+0000] {processor.py:208} INFO - Processing /opt/airflow/dags/get_manufacturer_data.py took 0.042 seconds
[2024-10-17T19:39:16.092+0000] {processor.py:186} INFO - Started process (PID=51) to work on /opt/airflow/dags/get_manufacturer_data.py
[2024-10-17T19:39:16.093+0000] {processor.py:914} INFO - Processing file /opt/airflow/dags/get_manufacturer_data.py for tasks to queue
[2024-10-17T19:39:16.096+0000] {logging_mixin.py:190} INFO - [2024-10-17T19:39:16.096+0000] {dagbag.py:588} INFO - Filling up the DagBag from /opt/airflow/dags/get_manufacturer_data.py
[2024-10-17T19:39:16.147+0000] {logging_mixin.py:190} INFO - [2024-10-17T19:39:16.146+0000] {dagbag.py:387} ERROR - Failed to import: /opt/airflow/dags/get_manufacturer_data.py
Traceback (most recent call last):
  File "/home/airflow/.local/lib/python3.12/site-packages/airflow/models/dagbag.py", line 383, in parse
    loader.exec_module(new_module)
  File "<frozen importlib._bootstrap_external>", line 995, in exec_module
  File "<frozen importlib._bootstrap>", line 488, in _call_with_frames_removed
  File "/opt/airflow/dags/get_manufacturer_data.py", line 36, in <module>
    get_data >> transform_data >> load_data
    ~~~~~~~~~^^~~~~~~~~~~~~~~~
  File "/home/airflow/.local/lib/python3.12/site-packages/airflow/models/taskmixin.py", line 104, in __rshift__
    self.set_downstream(other)
  File "/home/airflow/.local/lib/python3.12/site-packages/airflow/models/xcom_arg.py", line 162, in set_downstream
    operator.set_downstream(task_or_task_list, edge_modifier)
  File "/home/airflow/.local/lib/python3.12/site-packages/airflow/models/taskmixin.py", line 263, in set_downstream
    self._set_relatives(task_or_task_list, upstream=False, edge_modifier=edge_modifier)
  File "/home/airflow/.local/lib/python3.12/site-packages/airflow/models/taskmixin.py", line 233, in _set_relatives
    raise AirflowException(
airflow.exceptions.AirflowException: Tried to create relationships between tasks that don't have DAGs yet. Set the DAG for at least one task and try again: [<Task(_PythonDecoratedOperator): get_manufacturer_data>, <Task(_PythonDecoratedOperator): transform_manufacturer_data>]
[2024-10-17T19:39:16.148+0000] {processor.py:927} WARNING - No viable dags retrieved from /opt/airflow/dags/get_manufacturer_data.py
[2024-10-17T19:39:16.166+0000] {processor.py:208} INFO - Processing /opt/airflow/dags/get_manufacturer_data.py took 0.092 seconds
[2024-10-17T19:39:46.902+0000] {processor.py:186} INFO - Started process (PID=114) to work on /opt/airflow/dags/get_manufacturer_data.py
[2024-10-17T19:39:46.905+0000] {processor.py:914} INFO - Processing file /opt/airflow/dags/get_manufacturer_data.py for tasks to queue
[2024-10-17T19:39:46.908+0000] {logging_mixin.py:190} INFO - [2024-10-17T19:39:46.908+0000] {dagbag.py:588} INFO - Filling up the DagBag from /opt/airflow/dags/get_manufacturer_data.py
[2024-10-17T19:39:46.918+0000] {logging_mixin.py:190} INFO - [2024-10-17T19:39:46.917+0000] {dagbag.py:387} ERROR - Failed to import: /opt/airflow/dags/get_manufacturer_data.py
Traceback (most recent call last):
  File "/home/airflow/.local/lib/python3.12/site-packages/airflow/models/dagbag.py", line 383, in parse
    loader.exec_module(new_module)
  File "<frozen importlib._bootstrap_external>", line 995, in exec_module
  File "<frozen importlib._bootstrap>", line 488, in _call_with_frames_removed
  File "/opt/airflow/dags/get_manufacturer_data.py", line 36, in <module>
    get_data >> transform_data >> load_data
    ~~~~~~~~~^^~~~~~~~~~~~~~~~
  File "/home/airflow/.local/lib/python3.12/site-packages/airflow/models/taskmixin.py", line 104, in __rshift__
    self.set_downstream(other)
  File "/home/airflow/.local/lib/python3.12/site-packages/airflow/models/xcom_arg.py", line 162, in set_downstream
    operator.set_downstream(task_or_task_list, edge_modifier)
  File "/home/airflow/.local/lib/python3.12/site-packages/airflow/models/taskmixin.py", line 263, in set_downstream
    self._set_relatives(task_or_task_list, upstream=False, edge_modifier=edge_modifier)
  File "/home/airflow/.local/lib/python3.12/site-packages/airflow/models/taskmixin.py", line 233, in _set_relatives
    raise AirflowException(
airflow.exceptions.AirflowException: Tried to create relationships between tasks that don't have DAGs yet. Set the DAG for at least one task and try again: [<Task(_PythonDecoratedOperator): get_manufacturer_data>, <Task(_PythonDecoratedOperator): transform_manufacturer_data>]
[2024-10-17T19:39:46.919+0000] {processor.py:927} WARNING - No viable dags retrieved from /opt/airflow/dags/get_manufacturer_data.py
[2024-10-17T19:39:46.932+0000] {processor.py:208} INFO - Processing /opt/airflow/dags/get_manufacturer_data.py took 0.038 seconds
[2024-10-17T19:40:17.245+0000] {processor.py:186} INFO - Started process (PID=177) to work on /opt/airflow/dags/get_manufacturer_data.py
[2024-10-17T19:40:17.246+0000] {processor.py:914} INFO - Processing file /opt/airflow/dags/get_manufacturer_data.py for tasks to queue
[2024-10-17T19:40:17.250+0000] {logging_mixin.py:190} INFO - [2024-10-17T19:40:17.250+0000] {dagbag.py:588} INFO - Filling up the DagBag from /opt/airflow/dags/get_manufacturer_data.py
[2024-10-17T19:40:17.260+0000] {logging_mixin.py:190} INFO - [2024-10-17T19:40:17.259+0000] {dagbag.py:387} ERROR - Failed to import: /opt/airflow/dags/get_manufacturer_data.py
Traceback (most recent call last):
  File "/home/airflow/.local/lib/python3.12/site-packages/airflow/models/dagbag.py", line 383, in parse
    loader.exec_module(new_module)
  File "<frozen importlib._bootstrap_external>", line 995, in exec_module
  File "<frozen importlib._bootstrap>", line 488, in _call_with_frames_removed
  File "/opt/airflow/dags/get_manufacturer_data.py", line 36, in <module>
    get_data >> transform_data >> load_data
    ~~~~~~~~~^^~~~~~~~~~~~~~~~
  File "/home/airflow/.local/lib/python3.12/site-packages/airflow/models/taskmixin.py", line 104, in __rshift__
    self.set_downstream(other)
  File "/home/airflow/.local/lib/python3.12/site-packages/airflow/models/xcom_arg.py", line 162, in set_downstream
    operator.set_downstream(task_or_task_list, edge_modifier)
  File "/home/airflow/.local/lib/python3.12/site-packages/airflow/models/taskmixin.py", line 263, in set_downstream
    self._set_relatives(task_or_task_list, upstream=False, edge_modifier=edge_modifier)
  File "/home/airflow/.local/lib/python3.12/site-packages/airflow/models/taskmixin.py", line 233, in _set_relatives
    raise AirflowException(
airflow.exceptions.AirflowException: Tried to create relationships between tasks that don't have DAGs yet. Set the DAG for at least one task and try again: [<Task(_PythonDecoratedOperator): get_manufacturer_data>, <Task(_PythonDecoratedOperator): transform_manufacturer_data>]
[2024-10-17T19:40:17.261+0000] {processor.py:927} WARNING - No viable dags retrieved from /opt/airflow/dags/get_manufacturer_data.py
[2024-10-17T19:40:17.276+0000] {processor.py:208} INFO - Processing /opt/airflow/dags/get_manufacturer_data.py took 0.043 seconds
[2024-10-17T19:40:47.636+0000] {processor.py:186} INFO - Started process (PID=240) to work on /opt/airflow/dags/get_manufacturer_data.py
[2024-10-17T19:40:47.637+0000] {processor.py:914} INFO - Processing file /opt/airflow/dags/get_manufacturer_data.py for tasks to queue
[2024-10-17T19:40:47.641+0000] {logging_mixin.py:190} INFO - [2024-10-17T19:40:47.641+0000] {dagbag.py:588} INFO - Filling up the DagBag from /opt/airflow/dags/get_manufacturer_data.py
[2024-10-17T19:40:47.652+0000] {logging_mixin.py:190} INFO - [2024-10-17T19:40:47.650+0000] {dagbag.py:387} ERROR - Failed to import: /opt/airflow/dags/get_manufacturer_data.py
Traceback (most recent call last):
  File "/home/airflow/.local/lib/python3.12/site-packages/airflow/models/dagbag.py", line 383, in parse
    loader.exec_module(new_module)
  File "<frozen importlib._bootstrap_external>", line 995, in exec_module
  File "<frozen importlib._bootstrap>", line 488, in _call_with_frames_removed
  File "/opt/airflow/dags/get_manufacturer_data.py", line 36, in <module>
    get_data >> transform_data >> load_data
    ~~~~~~~~~^^~~~~~~~~~~~~~~~
  File "/home/airflow/.local/lib/python3.12/site-packages/airflow/models/taskmixin.py", line 104, in __rshift__
    self.set_downstream(other)
  File "/home/airflow/.local/lib/python3.12/site-packages/airflow/models/xcom_arg.py", line 162, in set_downstream
    operator.set_downstream(task_or_task_list, edge_modifier)
  File "/home/airflow/.local/lib/python3.12/site-packages/airflow/models/taskmixin.py", line 263, in set_downstream
    self._set_relatives(task_or_task_list, upstream=False, edge_modifier=edge_modifier)
  File "/home/airflow/.local/lib/python3.12/site-packages/airflow/models/taskmixin.py", line 233, in _set_relatives
    raise AirflowException(
airflow.exceptions.AirflowException: Tried to create relationships between tasks that don't have DAGs yet. Set the DAG for at least one task and try again: [<Task(_PythonDecoratedOperator): get_manufacturer_data>, <Task(_PythonDecoratedOperator): transform_manufacturer_data>]
[2024-10-17T19:40:47.652+0000] {processor.py:927} WARNING - No viable dags retrieved from /opt/airflow/dags/get_manufacturer_data.py
[2024-10-17T19:40:47.667+0000] {processor.py:208} INFO - Processing /opt/airflow/dags/get_manufacturer_data.py took 0.041 seconds
[2024-10-17T19:41:18.116+0000] {processor.py:186} INFO - Started process (PID=303) to work on /opt/airflow/dags/get_manufacturer_data.py
[2024-10-17T19:41:18.118+0000] {processor.py:914} INFO - Processing file /opt/airflow/dags/get_manufacturer_data.py for tasks to queue
[2024-10-17T19:41:18.131+0000] {logging_mixin.py:190} INFO - [2024-10-17T19:41:18.130+0000] {dagbag.py:588} INFO - Filling up the DagBag from /opt/airflow/dags/get_manufacturer_data.py
[2024-10-17T19:41:18.147+0000] {logging_mixin.py:190} INFO - [2024-10-17T19:41:18.145+0000] {dagbag.py:387} ERROR - Failed to import: /opt/airflow/dags/get_manufacturer_data.py
Traceback (most recent call last):
  File "/home/airflow/.local/lib/python3.12/site-packages/airflow/models/dagbag.py", line 383, in parse
    loader.exec_module(new_module)
  File "<frozen importlib._bootstrap_external>", line 995, in exec_module
  File "<frozen importlib._bootstrap>", line 488, in _call_with_frames_removed
  File "/opt/airflow/dags/get_manufacturer_data.py", line 36, in <module>
    get_data >> transform_data >> load_data
    ~~~~~~~~~^^~~~~~~~~~~~~~~~
  File "/home/airflow/.local/lib/python3.12/site-packages/airflow/models/taskmixin.py", line 104, in __rshift__
    self.set_downstream(other)
  File "/home/airflow/.local/lib/python3.12/site-packages/airflow/models/xcom_arg.py", line 162, in set_downstream
    operator.set_downstream(task_or_task_list, edge_modifier)
  File "/home/airflow/.local/lib/python3.12/site-packages/airflow/models/taskmixin.py", line 263, in set_downstream
    self._set_relatives(task_or_task_list, upstream=False, edge_modifier=edge_modifier)
  File "/home/airflow/.local/lib/python3.12/site-packages/airflow/models/taskmixin.py", line 233, in _set_relatives
    raise AirflowException(
airflow.exceptions.AirflowException: Tried to create relationships between tasks that don't have DAGs yet. Set the DAG for at least one task and try again: [<Task(_PythonDecoratedOperator): get_manufacturer_data>, <Task(_PythonDecoratedOperator): transform_manufacturer_data>]
[2024-10-17T19:41:18.147+0000] {processor.py:927} WARNING - No viable dags retrieved from /opt/airflow/dags/get_manufacturer_data.py
[2024-10-17T19:41:18.166+0000] {processor.py:208} INFO - Processing /opt/airflow/dags/get_manufacturer_data.py took 0.064 seconds
[2024-10-17T19:41:48.962+0000] {processor.py:186} INFO - Started process (PID=366) to work on /opt/airflow/dags/get_manufacturer_data.py
[2024-10-17T19:41:48.963+0000] {processor.py:914} INFO - Processing file /opt/airflow/dags/get_manufacturer_data.py for tasks to queue
[2024-10-17T19:41:48.967+0000] {logging_mixin.py:190} INFO - [2024-10-17T19:41:48.967+0000] {dagbag.py:588} INFO - Filling up the DagBag from /opt/airflow/dags/get_manufacturer_data.py
[2024-10-17T19:41:48.977+0000] {logging_mixin.py:190} INFO - [2024-10-17T19:41:48.975+0000] {dagbag.py:387} ERROR - Failed to import: /opt/airflow/dags/get_manufacturer_data.py
Traceback (most recent call last):
  File "/home/airflow/.local/lib/python3.12/site-packages/airflow/models/dagbag.py", line 383, in parse
    loader.exec_module(new_module)
  File "<frozen importlib._bootstrap_external>", line 995, in exec_module
  File "<frozen importlib._bootstrap>", line 488, in _call_with_frames_removed
  File "/opt/airflow/dags/get_manufacturer_data.py", line 36, in <module>
    get_data >> transform_data >> load_data
    ~~~~~~~~~^^~~~~~~~~~~~~~~~
  File "/home/airflow/.local/lib/python3.12/site-packages/airflow/models/taskmixin.py", line 104, in __rshift__
    self.set_downstream(other)
  File "/home/airflow/.local/lib/python3.12/site-packages/airflow/models/xcom_arg.py", line 162, in set_downstream
    operator.set_downstream(task_or_task_list, edge_modifier)
  File "/home/airflow/.local/lib/python3.12/site-packages/airflow/models/taskmixin.py", line 263, in set_downstream
    self._set_relatives(task_or_task_list, upstream=False, edge_modifier=edge_modifier)
  File "/home/airflow/.local/lib/python3.12/site-packages/airflow/models/taskmixin.py", line 233, in _set_relatives
    raise AirflowException(
airflow.exceptions.AirflowException: Tried to create relationships between tasks that don't have DAGs yet. Set the DAG for at least one task and try again: [<Task(_PythonDecoratedOperator): get_manufacturer_data>, <Task(_PythonDecoratedOperator): transform_manufacturer_data>]
[2024-10-17T19:41:48.978+0000] {processor.py:927} WARNING - No viable dags retrieved from /opt/airflow/dags/get_manufacturer_data.py
[2024-10-17T19:41:48.992+0000] {processor.py:208} INFO - Processing /opt/airflow/dags/get_manufacturer_data.py took 0.040 seconds
[2024-10-17T19:42:16.319+0000] {processor.py:186} INFO - Started process (PID=429) to work on /opt/airflow/dags/get_manufacturer_data.py
[2024-10-17T19:42:16.321+0000] {processor.py:914} INFO - Processing file /opt/airflow/dags/get_manufacturer_data.py for tasks to queue
[2024-10-17T19:42:16.325+0000] {logging_mixin.py:190} INFO - [2024-10-17T19:42:16.324+0000] {dagbag.py:588} INFO - Filling up the DagBag from /opt/airflow/dags/get_manufacturer_data.py
[2024-10-17T19:42:16.361+0000] {processor.py:925} INFO - DAG(s) 'get_vehicle_data' retrieved from /opt/airflow/dags/get_manufacturer_data.py
[2024-10-17T19:42:16.440+0000] {logging_mixin.py:190} INFO - [2024-10-17T19:42:16.439+0000] {override.py:1900} INFO - Created Permission View: can read on DAG:get_vehicle_data
[2024-10-17T19:42:16.444+0000] {logging_mixin.py:190} INFO - [2024-10-17T19:42:16.444+0000] {override.py:1900} INFO - Created Permission View: can delete on DAG:get_vehicle_data
[2024-10-17T19:42:16.446+0000] {logging_mixin.py:190} INFO - [2024-10-17T19:42:16.446+0000] {override.py:1900} INFO - Created Permission View: can edit on DAG:get_vehicle_data
[2024-10-17T19:42:16.448+0000] {logging_mixin.py:190} INFO - [2024-10-17T19:42:16.448+0000] {override.py:1900} INFO - Created Permission View: can read on DAG Run:get_vehicle_data
[2024-10-17T19:42:16.450+0000] {logging_mixin.py:190} INFO - [2024-10-17T19:42:16.450+0000] {override.py:1900} INFO - Created Permission View: can create on DAG Run:get_vehicle_data
[2024-10-17T19:42:16.453+0000] {logging_mixin.py:190} INFO - [2024-10-17T19:42:16.453+0000] {override.py:1900} INFO - Created Permission View: can delete on DAG Run:get_vehicle_data
[2024-10-17T19:42:16.455+0000] {logging_mixin.py:190} INFO - [2024-10-17T19:42:16.455+0000] {override.py:1900} INFO - Created Permission View: menu access on DAG Run:get_vehicle_data
[2024-10-17T19:42:16.456+0000] {logging_mixin.py:190} INFO - [2024-10-17T19:42:16.455+0000] {dag.py:3239} INFO - Sync 1 DAGs
[2024-10-17T19:42:16.462+0000] {logging_mixin.py:190} INFO - [2024-10-17T19:42:16.462+0000] {dag.py:3262} INFO - Creating ORM DAG for get_vehicle_data
[2024-10-17T19:42:16.468+0000] {logging_mixin.py:190} INFO - [2024-10-17T19:42:16.468+0000] {dag.py:4180} INFO - Setting next_dagrun for get_vehicle_data to 2024-10-16 00:00:00+00:00, run_after=2024-10-17 00:00:00+00:00
[2024-10-17T19:42:16.476+0000] {processor.py:208} INFO - Processing /opt/airflow/dags/get_manufacturer_data.py took 0.165 seconds
[2024-10-17T19:42:27.617+0000] {processor.py:186} INFO - Started process (PID=486) to work on /opt/airflow/dags/get_manufacturer_data.py
[2024-10-17T19:42:27.619+0000] {processor.py:914} INFO - Processing file /opt/airflow/dags/get_manufacturer_data.py for tasks to queue
[2024-10-17T19:42:27.623+0000] {logging_mixin.py:190} INFO - [2024-10-17T19:42:27.622+0000] {dagbag.py:588} INFO - Filling up the DagBag from /opt/airflow/dags/get_manufacturer_data.py
[2024-10-17T19:42:27.640+0000] {processor.py:925} INFO - DAG(s) 'get_vehicle_data' retrieved from /opt/airflow/dags/get_manufacturer_data.py
[2024-10-17T19:42:27.652+0000] {logging_mixin.py:190} INFO - [2024-10-17T19:42:27.652+0000] {dag.py:3239} INFO - Sync 1 DAGs
[2024-10-17T19:42:27.665+0000] {logging_mixin.py:190} INFO - [2024-10-17T19:42:27.665+0000] {dag.py:4180} INFO - Setting next_dagrun for get_vehicle_data to 2024-10-16 00:00:00+00:00, run_after=2024-10-17 00:00:00+00:00
[2024-10-17T19:42:27.674+0000] {processor.py:208} INFO - Processing /opt/airflow/dags/get_manufacturer_data.py took 0.065 seconds
[2024-10-17T19:42:30.656+0000] {processor.py:186} INFO - Started process (PID=487) to work on /opt/airflow/dags/get_manufacturer_data.py
[2024-10-17T19:42:30.656+0000] {processor.py:914} INFO - Processing file /opt/airflow/dags/get_manufacturer_data.py for tasks to queue
[2024-10-17T19:42:30.658+0000] {logging_mixin.py:190} INFO - [2024-10-17T19:42:30.658+0000] {dagbag.py:588} INFO - Filling up the DagBag from /opt/airflow/dags/get_manufacturer_data.py
[2024-10-17T19:42:30.666+0000] {processor.py:925} INFO - DAG(s) 'get_vehicle_data' retrieved from /opt/airflow/dags/get_manufacturer_data.py
[2024-10-17T19:42:30.674+0000] {logging_mixin.py:190} INFO - [2024-10-17T19:42:30.674+0000] {dag.py:3239} INFO - Sync 1 DAGs
[2024-10-17T19:42:30.687+0000] {logging_mixin.py:190} INFO - [2024-10-17T19:42:30.687+0000] {dag.py:4180} INFO - Setting next_dagrun for get_vehicle_data to 2024-10-16 00:00:00+00:00, run_after=2024-10-17 00:00:00+00:00
[2024-10-17T19:42:30.698+0000] {processor.py:208} INFO - Processing /opt/airflow/dags/get_manufacturer_data.py took 0.046 seconds
[2024-10-17T19:42:34.778+0000] {processor.py:186} INFO - Started process (PID=494) to work on /opt/airflow/dags/get_manufacturer_data.py
[2024-10-17T19:42:34.779+0000] {processor.py:914} INFO - Processing file /opt/airflow/dags/get_manufacturer_data.py for tasks to queue
[2024-10-17T19:42:34.780+0000] {logging_mixin.py:190} INFO - [2024-10-17T19:42:34.780+0000] {dagbag.py:588} INFO - Filling up the DagBag from /opt/airflow/dags/get_manufacturer_data.py
[2024-10-17T19:42:34.790+0000] {processor.py:925} INFO - DAG(s) 'get_vehicle_data' retrieved from /opt/airflow/dags/get_manufacturer_data.py
[2024-10-17T19:42:34.799+0000] {logging_mixin.py:190} INFO - [2024-10-17T19:42:34.798+0000] {dag.py:3239} INFO - Sync 1 DAGs
[2024-10-17T19:42:34.813+0000] {logging_mixin.py:190} INFO - [2024-10-17T19:42:34.813+0000] {dag.py:4180} INFO - Setting next_dagrun for get_vehicle_data to 2024-10-16 00:00:00+00:00, run_after=2024-10-17 00:00:00+00:00
[2024-10-17T19:42:34.825+0000] {processor.py:208} INFO - Processing /opt/airflow/dags/get_manufacturer_data.py took 0.051 seconds
[2024-10-17T19:42:43.931+0000] {processor.py:186} INFO - Started process (PID=495) to work on /opt/airflow/dags/get_manufacturer_data.py
[2024-10-17T19:42:43.933+0000] {processor.py:914} INFO - Processing file /opt/airflow/dags/get_manufacturer_data.py for tasks to queue
[2024-10-17T19:42:43.937+0000] {logging_mixin.py:190} INFO - [2024-10-17T19:42:43.936+0000] {dagbag.py:588} INFO - Filling up the DagBag from /opt/airflow/dags/get_manufacturer_data.py
[2024-10-17T19:42:43.952+0000] {processor.py:925} INFO - DAG(s) 'get_vehicle_data' retrieved from /opt/airflow/dags/get_manufacturer_data.py
[2024-10-17T19:42:43.965+0000] {logging_mixin.py:190} INFO - [2024-10-17T19:42:43.965+0000] {dag.py:3239} INFO - Sync 1 DAGs
[2024-10-17T19:42:43.984+0000] {logging_mixin.py:190} INFO - [2024-10-17T19:42:43.984+0000] {dag.py:4180} INFO - Setting next_dagrun for get_vehicle_data to 2024-10-17 00:00:00+00:00, run_after=2024-10-18 00:00:00+00:00
[2024-10-17T19:42:44.000+0000] {processor.py:208} INFO - Processing /opt/airflow/dags/get_manufacturer_data.py took 0.088 seconds
[2024-10-17T19:43:57.842+0000] {processor.py:186} INFO - Started process (PID=51) to work on /opt/airflow/dags/get_manufacturer_data.py
[2024-10-17T19:43:57.843+0000] {processor.py:914} INFO - Processing file /opt/airflow/dags/get_manufacturer_data.py for tasks to queue
[2024-10-17T19:43:57.846+0000] {logging_mixin.py:190} INFO - [2024-10-17T19:43:57.846+0000] {dagbag.py:588} INFO - Filling up the DagBag from /opt/airflow/dags/get_manufacturer_data.py
[2024-10-17T19:43:57.894+0000] {processor.py:925} INFO - DAG(s) 'get_vehicle_data' retrieved from /opt/airflow/dags/get_manufacturer_data.py
[2024-10-17T19:43:58.049+0000] {logging_mixin.py:190} INFO - [2024-10-17T19:43:58.049+0000] {override.py:1900} INFO - Created Permission View: can delete on DAG:get_vehicle_data
[2024-10-17T19:43:58.055+0000] {logging_mixin.py:190} INFO - [2024-10-17T19:43:58.055+0000] {override.py:1900} INFO - Created Permission View: can edit on DAG:get_vehicle_data
[2024-10-17T19:43:58.059+0000] {logging_mixin.py:190} INFO - [2024-10-17T19:43:58.059+0000] {override.py:1900} INFO - Created Permission View: can read on DAG:get_vehicle_data
[2024-10-17T19:43:58.064+0000] {logging_mixin.py:190} INFO - [2024-10-17T19:43:58.063+0000] {override.py:1900} INFO - Created Permission View: can delete on DAG Run:get_vehicle_data
[2024-10-17T19:43:58.069+0000] {logging_mixin.py:190} INFO - [2024-10-17T19:43:58.069+0000] {override.py:1900} INFO - Created Permission View: can create on DAG Run:get_vehicle_data
[2024-10-17T19:43:58.075+0000] {logging_mixin.py:190} INFO - [2024-10-17T19:43:58.075+0000] {override.py:1900} INFO - Created Permission View: menu access on DAG Run:get_vehicle_data
[2024-10-17T19:43:58.080+0000] {logging_mixin.py:190} INFO - [2024-10-17T19:43:58.080+0000] {override.py:1900} INFO - Created Permission View: can read on DAG Run:get_vehicle_data
[2024-10-17T19:43:58.081+0000] {logging_mixin.py:190} INFO - [2024-10-17T19:43:58.081+0000] {dag.py:3239} INFO - Sync 1 DAGs
[2024-10-17T19:43:58.100+0000] {logging_mixin.py:190} INFO - [2024-10-17T19:43:58.100+0000] {dag.py:3262} INFO - Creating ORM DAG for get_vehicle_data
[2024-10-17T19:43:58.112+0000] {logging_mixin.py:190} INFO - [2024-10-17T19:43:58.112+0000] {dag.py:4180} INFO - Setting next_dagrun for get_vehicle_data to 2024-10-17 00:00:00+00:00, run_after=2024-10-18 00:00:00+00:00
[2024-10-17T19:43:58.122+0000] {processor.py:208} INFO - Processing /opt/airflow/dags/get_manufacturer_data.py took 0.286 seconds
[2024-10-17T19:44:28.219+0000] {processor.py:186} INFO - Started process (PID=115) to work on /opt/airflow/dags/get_manufacturer_data.py
[2024-10-17T19:44:28.219+0000] {processor.py:914} INFO - Processing file /opt/airflow/dags/get_manufacturer_data.py for tasks to queue
[2024-10-17T19:44:28.221+0000] {logging_mixin.py:190} INFO - [2024-10-17T19:44:28.221+0000] {dagbag.py:588} INFO - Filling up the DagBag from /opt/airflow/dags/get_manufacturer_data.py
[2024-10-17T19:44:28.226+0000] {processor.py:925} INFO - DAG(s) 'get_vehicle_data' retrieved from /opt/airflow/dags/get_manufacturer_data.py
[2024-10-17T19:44:28.238+0000] {logging_mixin.py:190} INFO - [2024-10-17T19:44:28.237+0000] {dag.py:3239} INFO - Sync 1 DAGs
[2024-10-17T19:44:28.248+0000] {logging_mixin.py:190} INFO - [2024-10-17T19:44:28.248+0000] {dag.py:4180} INFO - Setting next_dagrun for get_vehicle_data to 2024-10-17 00:00:00+00:00, run_after=2024-10-18 00:00:00+00:00
[2024-10-17T19:44:28.256+0000] {processor.py:208} INFO - Processing /opt/airflow/dags/get_manufacturer_data.py took 0.040 seconds
[2024-10-17T19:44:58.650+0000] {processor.py:186} INFO - Started process (PID=177) to work on /opt/airflow/dags/get_manufacturer_data.py
[2024-10-17T19:44:58.652+0000] {processor.py:914} INFO - Processing file /opt/airflow/dags/get_manufacturer_data.py for tasks to queue
[2024-10-17T19:44:58.655+0000] {logging_mixin.py:190} INFO - [2024-10-17T19:44:58.655+0000] {dagbag.py:588} INFO - Filling up the DagBag from /opt/airflow/dags/get_manufacturer_data.py
[2024-10-17T19:44:58.666+0000] {processor.py:925} INFO - DAG(s) 'get_vehicle_data' retrieved from /opt/airflow/dags/get_manufacturer_data.py
[2024-10-17T19:44:58.686+0000] {logging_mixin.py:190} INFO - [2024-10-17T19:44:58.686+0000] {dag.py:3239} INFO - Sync 1 DAGs
[2024-10-17T19:44:58.704+0000] {logging_mixin.py:190} INFO - [2024-10-17T19:44:58.704+0000] {dag.py:4180} INFO - Setting next_dagrun for get_vehicle_data to 2024-10-17 00:00:00+00:00, run_after=2024-10-18 00:00:00+00:00
[2024-10-17T19:44:58.713+0000] {processor.py:208} INFO - Processing /opt/airflow/dags/get_manufacturer_data.py took 0.071 seconds
[2024-10-17T19:45:29.234+0000] {processor.py:186} INFO - Started process (PID=240) to work on /opt/airflow/dags/get_manufacturer_data.py
[2024-10-17T19:45:29.236+0000] {processor.py:914} INFO - Processing file /opt/airflow/dags/get_manufacturer_data.py for tasks to queue
[2024-10-17T19:45:29.241+0000] {logging_mixin.py:190} INFO - [2024-10-17T19:45:29.240+0000] {dagbag.py:588} INFO - Filling up the DagBag from /opt/airflow/dags/get_manufacturer_data.py
[2024-10-17T19:45:29.253+0000] {processor.py:925} INFO - DAG(s) 'get_vehicle_data' retrieved from /opt/airflow/dags/get_manufacturer_data.py
[2024-10-17T19:45:29.274+0000] {logging_mixin.py:190} INFO - [2024-10-17T19:45:29.274+0000] {dag.py:3239} INFO - Sync 1 DAGs
[2024-10-17T19:45:29.291+0000] {logging_mixin.py:190} INFO - [2024-10-17T19:45:29.291+0000] {dag.py:4180} INFO - Setting next_dagrun for get_vehicle_data to 2024-10-17 00:00:00+00:00, run_after=2024-10-18 00:00:00+00:00
[2024-10-17T19:45:29.300+0000] {processor.py:208} INFO - Processing /opt/airflow/dags/get_manufacturer_data.py took 0.079 seconds
[2024-10-17T19:45:59.850+0000] {processor.py:186} INFO - Started process (PID=303) to work on /opt/airflow/dags/get_manufacturer_data.py
[2024-10-17T19:45:59.852+0000] {processor.py:914} INFO - Processing file /opt/airflow/dags/get_manufacturer_data.py for tasks to queue
[2024-10-17T19:45:59.856+0000] {logging_mixin.py:190} INFO - [2024-10-17T19:45:59.855+0000] {dagbag.py:588} INFO - Filling up the DagBag from /opt/airflow/dags/get_manufacturer_data.py
[2024-10-17T19:45:59.867+0000] {processor.py:925} INFO - DAG(s) 'get_vehicle_data' retrieved from /opt/airflow/dags/get_manufacturer_data.py
[2024-10-17T19:45:59.893+0000] {logging_mixin.py:190} INFO - [2024-10-17T19:45:59.893+0000] {dag.py:3239} INFO - Sync 1 DAGs
[2024-10-17T19:45:59.911+0000] {logging_mixin.py:190} INFO - [2024-10-17T19:45:59.911+0000] {dag.py:4180} INFO - Setting next_dagrun for get_vehicle_data to 2024-10-17 00:00:00+00:00, run_after=2024-10-18 00:00:00+00:00
[2024-10-17T19:45:59.920+0000] {processor.py:208} INFO - Processing /opt/airflow/dags/get_manufacturer_data.py took 0.083 seconds
[2024-10-17T19:46:30.205+0000] {processor.py:186} INFO - Started process (PID=366) to work on /opt/airflow/dags/get_manufacturer_data.py
[2024-10-17T19:46:30.207+0000] {processor.py:914} INFO - Processing file /opt/airflow/dags/get_manufacturer_data.py for tasks to queue
[2024-10-17T19:46:30.220+0000] {logging_mixin.py:190} INFO - [2024-10-17T19:46:30.218+0000] {dagbag.py:588} INFO - Filling up the DagBag from /opt/airflow/dags/get_manufacturer_data.py
[2024-10-17T19:46:30.260+0000] {processor.py:925} INFO - DAG(s) 'get_vehicle_data' retrieved from /opt/airflow/dags/get_manufacturer_data.py
[2024-10-17T19:46:30.341+0000] {logging_mixin.py:190} INFO - [2024-10-17T19:46:30.341+0000] {dag.py:3239} INFO - Sync 1 DAGs
[2024-10-17T19:46:30.424+0000] {logging_mixin.py:190} INFO - [2024-10-17T19:46:30.423+0000] {dag.py:4180} INFO - Setting next_dagrun for get_vehicle_data to 2024-10-17 00:00:00+00:00, run_after=2024-10-18 00:00:00+00:00
[2024-10-17T19:46:30.442+0000] {processor.py:208} INFO - Processing /opt/airflow/dags/get_manufacturer_data.py took 0.259 seconds
[2024-10-17T19:47:00.730+0000] {processor.py:186} INFO - Started process (PID=429) to work on /opt/airflow/dags/get_manufacturer_data.py
[2024-10-17T19:47:00.732+0000] {processor.py:914} INFO - Processing file /opt/airflow/dags/get_manufacturer_data.py for tasks to queue
[2024-10-17T19:47:00.737+0000] {logging_mixin.py:190} INFO - [2024-10-17T19:47:00.737+0000] {dagbag.py:588} INFO - Filling up the DagBag from /opt/airflow/dags/get_manufacturer_data.py
[2024-10-17T19:47:00.749+0000] {processor.py:925} INFO - DAG(s) 'get_vehicle_data' retrieved from /opt/airflow/dags/get_manufacturer_data.py
[2024-10-17T19:47:00.768+0000] {logging_mixin.py:190} INFO - [2024-10-17T19:47:00.768+0000] {dag.py:3239} INFO - Sync 1 DAGs
[2024-10-17T19:47:00.788+0000] {logging_mixin.py:190} INFO - [2024-10-17T19:47:00.788+0000] {dag.py:4180} INFO - Setting next_dagrun for get_vehicle_data to 2024-10-17 00:00:00+00:00, run_after=2024-10-18 00:00:00+00:00
[2024-10-17T19:47:00.798+0000] {processor.py:208} INFO - Processing /opt/airflow/dags/get_manufacturer_data.py took 0.097 seconds
[2024-10-17T19:47:31.364+0000] {processor.py:186} INFO - Started process (PID=492) to work on /opt/airflow/dags/get_manufacturer_data.py
[2024-10-17T19:47:31.365+0000] {processor.py:914} INFO - Processing file /opt/airflow/dags/get_manufacturer_data.py for tasks to queue
[2024-10-17T19:47:31.369+0000] {logging_mixin.py:190} INFO - [2024-10-17T19:47:31.369+0000] {dagbag.py:588} INFO - Filling up the DagBag from /opt/airflow/dags/get_manufacturer_data.py
[2024-10-17T19:47:31.379+0000] {processor.py:925} INFO - DAG(s) 'get_vehicle_data' retrieved from /opt/airflow/dags/get_manufacturer_data.py
[2024-10-17T19:47:31.395+0000] {logging_mixin.py:190} INFO - [2024-10-17T19:47:31.395+0000] {dag.py:3239} INFO - Sync 1 DAGs
[2024-10-17T19:47:31.412+0000] {logging_mixin.py:190} INFO - [2024-10-17T19:47:31.412+0000] {dag.py:4180} INFO - Setting next_dagrun for get_vehicle_data to 2024-10-17 00:00:00+00:00, run_after=2024-10-18 00:00:00+00:00
[2024-10-17T19:47:31.421+0000] {processor.py:208} INFO - Processing /opt/airflow/dags/get_manufacturer_data.py took 0.065 seconds
[2024-10-17T19:48:01.903+0000] {processor.py:186} INFO - Started process (PID=555) to work on /opt/airflow/dags/get_manufacturer_data.py
[2024-10-17T19:48:01.904+0000] {processor.py:914} INFO - Processing file /opt/airflow/dags/get_manufacturer_data.py for tasks to queue
[2024-10-17T19:48:01.908+0000] {logging_mixin.py:190} INFO - [2024-10-17T19:48:01.908+0000] {dagbag.py:588} INFO - Filling up the DagBag from /opt/airflow/dags/get_manufacturer_data.py
[2024-10-17T19:48:01.919+0000] {processor.py:925} INFO - DAG(s) 'get_vehicle_data' retrieved from /opt/airflow/dags/get_manufacturer_data.py
[2024-10-17T19:48:01.935+0000] {logging_mixin.py:190} INFO - [2024-10-17T19:48:01.935+0000] {dag.py:3239} INFO - Sync 1 DAGs
[2024-10-17T19:48:01.951+0000] {logging_mixin.py:190} INFO - [2024-10-17T19:48:01.951+0000] {dag.py:4180} INFO - Setting next_dagrun for get_vehicle_data to 2024-10-17 00:00:00+00:00, run_after=2024-10-18 00:00:00+00:00
[2024-10-17T19:48:01.960+0000] {processor.py:208} INFO - Processing /opt/airflow/dags/get_manufacturer_data.py took 0.069 seconds
