[2024-10-17T19:45:17.185+0000] {local_task_job_runner.py:123} INFO - ::group::Pre task execution logs
[2024-10-17T19:45:17.192+0000] {taskinstance.py:2612} INFO - Dependencies all met for dep_context=non-requeueable deps ti=<TaskInstance: get_vehicle_data.load_manufacturer_data manual__2024-10-17T19:45:11.542003+00:00 [queued]>
[2024-10-17T19:45:17.196+0000] {taskinstance.py:2612} INFO - Dependencies all met for dep_context=requeueable deps ti=<TaskInstance: get_vehicle_data.load_manufacturer_data manual__2024-10-17T19:45:11.542003+00:00 [queued]>
[2024-10-17T19:45:17.196+0000] {taskinstance.py:2865} INFO - Starting attempt 1 of 1
[2024-10-17T19:45:17.202+0000] {taskinstance.py:2888} INFO - Executing <Task(_PythonDecoratedOperator): load_manufacturer_data> on 2024-10-17 19:45:11.542003+00:00
[2024-10-17T19:45:17.205+0000] {warnings.py:112} WARNING - /home/***/.local/lib/python3.12/site-packages/***/task/task_runner/standard_task_runner.py:70: DeprecationWarning: This process (pid=90) is multi-threaded, use of fork() may lead to deadlocks in the child.
  pid = os.fork()

[2024-10-17T19:45:17.206+0000] {standard_task_runner.py:72} INFO - Started process 92 to run task
[2024-10-17T19:45:17.207+0000] {standard_task_runner.py:104} INFO - Running: ['***', 'tasks', 'run', 'get_vehicle_data', 'load_manufacturer_data', 'manual__2024-10-17T19:45:11.542003+00:00', '--job-id', '5', '--raw', '--subdir', 'DAGS_FOLDER/get_manufacturer_data.py', '--cfg-path', '/tmp/tmpe27jh22t']
[2024-10-17T19:45:17.208+0000] {standard_task_runner.py:105} INFO - Job 5: Subtask load_manufacturer_data
[2024-10-17T19:45:17.232+0000] {task_command.py:467} INFO - Running <TaskInstance: get_vehicle_data.load_manufacturer_data manual__2024-10-17T19:45:11.542003+00:00 [running]> on host 7336e662ff26
[2024-10-17T19:45:17.264+0000] {taskinstance.py:3131} INFO - Exporting env vars: AIRFLOW_CTX_DAG_OWNER='***' AIRFLOW_CTX_DAG_ID='get_vehicle_data' AIRFLOW_CTX_TASK_ID='load_manufacturer_data' AIRFLOW_CTX_EXECUTION_DATE='2024-10-17T19:45:11.542003+00:00' AIRFLOW_CTX_TRY_NUMBER='1' AIRFLOW_CTX_DAG_RUN_ID='manual__2024-10-17T19:45:11.542003+00:00'
[2024-10-17T19:45:17.265+0000] {logging_mixin.py:190} INFO - Task instance is in running state
[2024-10-17T19:45:17.265+0000] {logging_mixin.py:190} INFO -  Previous state of the Task instance: queued
[2024-10-17T19:45:17.265+0000] {logging_mixin.py:190} INFO - Current task name:load_manufacturer_data state:running start_date:2024-10-17 19:45:17.193240+00:00
[2024-10-17T19:45:17.266+0000] {logging_mixin.py:190} INFO - Dag name:get_vehicle_data and current dag run status:running
[2024-10-17T19:45:17.266+0000] {taskinstance.py:731} INFO - ::endgroup::
[2024-10-17T19:45:17.266+0000] {python.py:240} INFO - Done. Returned value was: None
[2024-10-17T19:45:17.271+0000] {taskinstance.py:340} INFO - ::group::Post task execution logs
[2024-10-17T19:45:17.271+0000] {taskinstance.py:352} INFO - Marking task as SUCCESS. dag_id=get_vehicle_data, task_id=load_manufacturer_data, run_id=manual__2024-10-17T19:45:11.542003+00:00, execution_date=20241017T194511, start_date=20241017T194517, end_date=20241017T194517
[2024-10-17T19:45:17.275+0000] {logging_mixin.py:190} INFO - Task instance in success state
[2024-10-17T19:45:17.275+0000] {logging_mixin.py:190} INFO -  Previous state of the Task instance: running
[2024-10-17T19:45:17.275+0000] {logging_mixin.py:190} INFO - Dag name:get_vehicle_data queued_at:2024-10-17 19:45:11.559399+00:00
[2024-10-17T19:45:17.275+0000] {logging_mixin.py:190} INFO - Task hostname:7336e662ff26 operator:_PythonDecoratedOperator
[2024-10-17T19:45:17.301+0000] {local_task_job_runner.py:266} INFO - Task exited with return code 0
[2024-10-17T19:45:17.310+0000] {taskinstance.py:3900} INFO - 0 downstream tasks scheduled from follow-on schedule check
[2024-10-17T19:45:17.311+0000] {local_task_job_runner.py:245} INFO - ::endgroup::
