[2024-10-17T17:10:33.465+0000] {processor.py:186} INFO - Started process (PID=54) to work on /home/airflow/.local/lib/python3.12/site-packages/airflow/example_dags/example_branch_labels.py
[2024-10-17T17:10:33.466+0000] {processor.py:914} INFO - Processing file /home/airflow/.local/lib/python3.12/site-packages/airflow/example_dags/example_branch_labels.py for tasks to queue
[2024-10-17T17:10:33.468+0000] {logging_mixin.py:190} INFO - [2024-10-17T17:10:33.468+0000] {dagbag.py:588} INFO - Filling up the DagBag from /home/airflow/.local/lib/python3.12/site-packages/airflow/example_dags/example_branch_labels.py
[2024-10-17T17:10:33.475+0000] {processor.py:925} INFO - DAG(s) 'example_branch_labels' retrieved from /home/airflow/.local/lib/python3.12/site-packages/airflow/example_dags/example_branch_labels.py
[2024-10-17T17:10:33.532+0000] {logging_mixin.py:190} INFO - [2024-10-17T17:10:33.531+0000] {override.py:1900} INFO - Created Permission View: can delete on DAG:example_branch_labels
[2024-10-17T17:10:33.536+0000] {logging_mixin.py:190} INFO - [2024-10-17T17:10:33.536+0000] {override.py:1900} INFO - Created Permission View: can edit on DAG:example_branch_labels
[2024-10-17T17:10:33.539+0000] {logging_mixin.py:190} INFO - [2024-10-17T17:10:33.539+0000] {override.py:1900} INFO - Created Permission View: can read on DAG:example_branch_labels
[2024-10-17T17:10:33.542+0000] {logging_mixin.py:190} INFO - [2024-10-17T17:10:33.542+0000] {override.py:1900} INFO - Created Permission View: can create on DAG Run:example_branch_labels
[2024-10-17T17:10:33.545+0000] {logging_mixin.py:190} INFO - [2024-10-17T17:10:33.545+0000] {override.py:1900} INFO - Created Permission View: can delete on DAG Run:example_branch_labels
[2024-10-17T17:10:33.548+0000] {logging_mixin.py:190} INFO - [2024-10-17T17:10:33.547+0000] {override.py:1900} INFO - Created Permission View: can read on DAG Run:example_branch_labels
[2024-10-17T17:10:33.550+0000] {logging_mixin.py:190} INFO - [2024-10-17T17:10:33.550+0000] {override.py:1900} INFO - Created Permission View: menu access on DAG Run:example_branch_labels
[2024-10-17T17:10:33.551+0000] {logging_mixin.py:190} INFO - [2024-10-17T17:10:33.551+0000] {dag.py:3239} INFO - Sync 1 DAGs
[2024-10-17T17:10:33.557+0000] {logging_mixin.py:190} INFO - [2024-10-17T17:10:33.556+0000] {dag.py:3262} INFO - Creating ORM DAG for example_branch_labels
[2024-10-17T17:10:33.562+0000] {logging_mixin.py:190} INFO - [2024-10-17T17:10:33.562+0000] {dag.py:4180} INFO - Setting next_dagrun for example_branch_labels to 2024-10-16 00:00:00+00:00, run_after=2024-10-17 00:00:00+00:00
[2024-10-17T17:10:33.570+0000] {processor.py:208} INFO - Processing /home/airflow/.local/lib/python3.12/site-packages/airflow/example_dags/example_branch_labels.py took 0.108 seconds
[2024-10-17T17:11:03.809+0000] {processor.py:186} INFO - Started process (PID=116) to work on /home/airflow/.local/lib/python3.12/site-packages/airflow/example_dags/example_branch_labels.py
[2024-10-17T17:11:03.810+0000] {processor.py:914} INFO - Processing file /home/airflow/.local/lib/python3.12/site-packages/airflow/example_dags/example_branch_labels.py for tasks to queue
[2024-10-17T17:11:03.812+0000] {logging_mixin.py:190} INFO - [2024-10-17T17:11:03.811+0000] {dagbag.py:588} INFO - Filling up the DagBag from /home/airflow/.local/lib/python3.12/site-packages/airflow/example_dags/example_branch_labels.py
[2024-10-17T17:11:03.818+0000] {processor.py:925} INFO - DAG(s) 'example_branch_labels' retrieved from /home/airflow/.local/lib/python3.12/site-packages/airflow/example_dags/example_branch_labels.py
[2024-10-17T17:11:03.829+0000] {logging_mixin.py:190} INFO - [2024-10-17T17:11:03.828+0000] {dag.py:3239} INFO - Sync 1 DAGs
[2024-10-17T17:11:03.840+0000] {logging_mixin.py:190} INFO - [2024-10-17T17:11:03.840+0000] {dag.py:4180} INFO - Setting next_dagrun for example_branch_labels to 2024-10-16 00:00:00+00:00, run_after=2024-10-17 00:00:00+00:00
[2024-10-17T17:11:03.848+0000] {processor.py:208} INFO - Processing /home/airflow/.local/lib/python3.12/site-packages/airflow/example_dags/example_branch_labels.py took 0.042 seconds
[2024-10-17T17:11:34.029+0000] {processor.py:186} INFO - Started process (PID=178) to work on /home/airflow/.local/lib/python3.12/site-packages/airflow/example_dags/example_branch_labels.py
[2024-10-17T17:11:34.030+0000] {processor.py:914} INFO - Processing file /home/airflow/.local/lib/python3.12/site-packages/airflow/example_dags/example_branch_labels.py for tasks to queue
[2024-10-17T17:11:34.031+0000] {logging_mixin.py:190} INFO - [2024-10-17T17:11:34.031+0000] {dagbag.py:588} INFO - Filling up the DagBag from /home/airflow/.local/lib/python3.12/site-packages/airflow/example_dags/example_branch_labels.py
[2024-10-17T17:11:34.037+0000] {processor.py:925} INFO - DAG(s) 'example_branch_labels' retrieved from /home/airflow/.local/lib/python3.12/site-packages/airflow/example_dags/example_branch_labels.py
[2024-10-17T17:11:34.048+0000] {logging_mixin.py:190} INFO - [2024-10-17T17:11:34.048+0000] {dag.py:3239} INFO - Sync 1 DAGs
[2024-10-17T17:11:34.061+0000] {logging_mixin.py:190} INFO - [2024-10-17T17:11:34.061+0000] {dag.py:4180} INFO - Setting next_dagrun for example_branch_labels to 2024-10-16 00:00:00+00:00, run_after=2024-10-17 00:00:00+00:00
[2024-10-17T17:11:34.069+0000] {processor.py:208} INFO - Processing /home/airflow/.local/lib/python3.12/site-packages/airflow/example_dags/example_branch_labels.py took 0.044 seconds
[2024-10-17T17:12:04.482+0000] {processor.py:186} INFO - Started process (PID=240) to work on /home/airflow/.local/lib/python3.12/site-packages/airflow/example_dags/example_branch_labels.py
[2024-10-17T17:12:04.483+0000] {processor.py:914} INFO - Processing file /home/airflow/.local/lib/python3.12/site-packages/airflow/example_dags/example_branch_labels.py for tasks to queue
[2024-10-17T17:12:04.484+0000] {logging_mixin.py:190} INFO - [2024-10-17T17:12:04.484+0000] {dagbag.py:588} INFO - Filling up the DagBag from /home/airflow/.local/lib/python3.12/site-packages/airflow/example_dags/example_branch_labels.py
[2024-10-17T17:12:04.490+0000] {processor.py:925} INFO - DAG(s) 'example_branch_labels' retrieved from /home/airflow/.local/lib/python3.12/site-packages/airflow/example_dags/example_branch_labels.py
[2024-10-17T17:12:04.503+0000] {logging_mixin.py:190} INFO - [2024-10-17T17:12:04.503+0000] {dag.py:3239} INFO - Sync 1 DAGs
[2024-10-17T17:12:04.516+0000] {logging_mixin.py:190} INFO - [2024-10-17T17:12:04.516+0000] {dag.py:4180} INFO - Setting next_dagrun for example_branch_labels to 2024-10-16 00:00:00+00:00, run_after=2024-10-17 00:00:00+00:00
[2024-10-17T17:12:04.527+0000] {processor.py:208} INFO - Processing /home/airflow/.local/lib/python3.12/site-packages/airflow/example_dags/example_branch_labels.py took 0.049 seconds
[2024-10-17T19:26:34.764+0000] {processor.py:186} INFO - Started process (PID=73) to work on /home/airflow/.local/lib/python3.12/site-packages/airflow/example_dags/example_branch_labels.py
[2024-10-17T19:26:34.765+0000] {processor.py:914} INFO - Processing file /home/airflow/.local/lib/python3.12/site-packages/airflow/example_dags/example_branch_labels.py for tasks to queue
[2024-10-17T19:26:34.766+0000] {logging_mixin.py:190} INFO - [2024-10-17T19:26:34.766+0000] {dagbag.py:588} INFO - Filling up the DagBag from /home/airflow/.local/lib/python3.12/site-packages/airflow/example_dags/example_branch_labels.py
[2024-10-17T19:26:34.773+0000] {processor.py:925} INFO - DAG(s) 'example_branch_labels' retrieved from /home/airflow/.local/lib/python3.12/site-packages/airflow/example_dags/example_branch_labels.py
[2024-10-17T19:26:34.831+0000] {logging_mixin.py:190} INFO - [2024-10-17T19:26:34.830+0000] {override.py:1900} INFO - Created Permission View: can edit on DAG:example_branch_labels
[2024-10-17T19:26:34.835+0000] {logging_mixin.py:190} INFO - [2024-10-17T19:26:34.835+0000] {override.py:1900} INFO - Created Permission View: can delete on DAG:example_branch_labels
[2024-10-17T19:26:34.837+0000] {logging_mixin.py:190} INFO - [2024-10-17T19:26:34.837+0000] {override.py:1900} INFO - Created Permission View: can read on DAG:example_branch_labels
[2024-10-17T19:26:34.841+0000] {logging_mixin.py:190} INFO - [2024-10-17T19:26:34.841+0000] {override.py:1900} INFO - Created Permission View: can delete on DAG Run:example_branch_labels
[2024-10-17T19:26:34.845+0000] {logging_mixin.py:190} INFO - [2024-10-17T19:26:34.844+0000] {override.py:1900} INFO - Created Permission View: can create on DAG Run:example_branch_labels
[2024-10-17T19:26:34.847+0000] {logging_mixin.py:190} INFO - [2024-10-17T19:26:34.847+0000] {override.py:1900} INFO - Created Permission View: can read on DAG Run:example_branch_labels
[2024-10-17T19:26:34.850+0000] {logging_mixin.py:190} INFO - [2024-10-17T19:26:34.850+0000] {override.py:1900} INFO - Created Permission View: menu access on DAG Run:example_branch_labels
[2024-10-17T19:26:34.850+0000] {logging_mixin.py:190} INFO - [2024-10-17T19:26:34.850+0000] {dag.py:3239} INFO - Sync 1 DAGs
[2024-10-17T19:26:34.856+0000] {logging_mixin.py:190} INFO - [2024-10-17T19:26:34.856+0000] {dag.py:3262} INFO - Creating ORM DAG for example_branch_labels
[2024-10-17T19:26:34.862+0000] {logging_mixin.py:190} INFO - [2024-10-17T19:26:34.862+0000] {dag.py:4180} INFO - Setting next_dagrun for example_branch_labels to 2024-10-16 00:00:00+00:00, run_after=2024-10-17 00:00:00+00:00
[2024-10-17T19:26:34.869+0000] {processor.py:208} INFO - Processing /home/airflow/.local/lib/python3.12/site-packages/airflow/example_dags/example_branch_labels.py took 0.109 seconds
[2024-10-17T19:27:05.311+0000] {processor.py:186} INFO - Started process (PID=136) to work on /home/airflow/.local/lib/python3.12/site-packages/airflow/example_dags/example_branch_labels.py
[2024-10-17T19:27:05.312+0000] {processor.py:914} INFO - Processing file /home/airflow/.local/lib/python3.12/site-packages/airflow/example_dags/example_branch_labels.py for tasks to queue
[2024-10-17T19:27:05.313+0000] {logging_mixin.py:190} INFO - [2024-10-17T19:27:05.313+0000] {dagbag.py:588} INFO - Filling up the DagBag from /home/airflow/.local/lib/python3.12/site-packages/airflow/example_dags/example_branch_labels.py
[2024-10-17T19:27:05.319+0000] {processor.py:925} INFO - DAG(s) 'example_branch_labels' retrieved from /home/airflow/.local/lib/python3.12/site-packages/airflow/example_dags/example_branch_labels.py
[2024-10-17T19:27:05.331+0000] {logging_mixin.py:190} INFO - [2024-10-17T19:27:05.331+0000] {dag.py:3239} INFO - Sync 1 DAGs
[2024-10-17T19:27:05.344+0000] {logging_mixin.py:190} INFO - [2024-10-17T19:27:05.344+0000] {dag.py:4180} INFO - Setting next_dagrun for example_branch_labels to 2024-10-16 00:00:00+00:00, run_after=2024-10-17 00:00:00+00:00
[2024-10-17T19:27:05.353+0000] {processor.py:208} INFO - Processing /home/airflow/.local/lib/python3.12/site-packages/airflow/example_dags/example_branch_labels.py took 0.045 seconds
[2024-10-17T19:27:35.754+0000] {processor.py:186} INFO - Started process (PID=199) to work on /home/airflow/.local/lib/python3.12/site-packages/airflow/example_dags/example_branch_labels.py
[2024-10-17T19:27:35.755+0000] {processor.py:914} INFO - Processing file /home/airflow/.local/lib/python3.12/site-packages/airflow/example_dags/example_branch_labels.py for tasks to queue
[2024-10-17T19:27:35.756+0000] {logging_mixin.py:190} INFO - [2024-10-17T19:27:35.756+0000] {dagbag.py:588} INFO - Filling up the DagBag from /home/airflow/.local/lib/python3.12/site-packages/airflow/example_dags/example_branch_labels.py
[2024-10-17T19:27:35.763+0000] {processor.py:925} INFO - DAG(s) 'example_branch_labels' retrieved from /home/airflow/.local/lib/python3.12/site-packages/airflow/example_dags/example_branch_labels.py
[2024-10-17T19:27:35.779+0000] {logging_mixin.py:190} INFO - [2024-10-17T19:27:35.779+0000] {dag.py:3239} INFO - Sync 1 DAGs
[2024-10-17T19:27:35.792+0000] {logging_mixin.py:190} INFO - [2024-10-17T19:27:35.792+0000] {dag.py:4180} INFO - Setting next_dagrun for example_branch_labels to 2024-10-16 00:00:00+00:00, run_after=2024-10-17 00:00:00+00:00
[2024-10-17T19:27:35.801+0000] {processor.py:208} INFO - Processing /home/airflow/.local/lib/python3.12/site-packages/airflow/example_dags/example_branch_labels.py took 0.052 seconds
[2024-10-17T19:28:06.324+0000] {processor.py:186} INFO - Started process (PID=262) to work on /home/airflow/.local/lib/python3.12/site-packages/airflow/example_dags/example_branch_labels.py
[2024-10-17T19:28:06.325+0000] {processor.py:914} INFO - Processing file /home/airflow/.local/lib/python3.12/site-packages/airflow/example_dags/example_branch_labels.py for tasks to queue
[2024-10-17T19:28:06.326+0000] {logging_mixin.py:190} INFO - [2024-10-17T19:28:06.326+0000] {dagbag.py:588} INFO - Filling up the DagBag from /home/airflow/.local/lib/python3.12/site-packages/airflow/example_dags/example_branch_labels.py
[2024-10-17T19:28:06.332+0000] {processor.py:925} INFO - DAG(s) 'example_branch_labels' retrieved from /home/airflow/.local/lib/python3.12/site-packages/airflow/example_dags/example_branch_labels.py
[2024-10-17T19:28:06.344+0000] {logging_mixin.py:190} INFO - [2024-10-17T19:28:06.344+0000] {dag.py:3239} INFO - Sync 1 DAGs
[2024-10-17T19:28:06.357+0000] {logging_mixin.py:190} INFO - [2024-10-17T19:28:06.357+0000] {dag.py:4180} INFO - Setting next_dagrun for example_branch_labels to 2024-10-16 00:00:00+00:00, run_after=2024-10-17 00:00:00+00:00
[2024-10-17T19:28:06.366+0000] {processor.py:208} INFO - Processing /home/airflow/.local/lib/python3.12/site-packages/airflow/example_dags/example_branch_labels.py took 0.046 seconds
[2024-10-17T19:28:36.953+0000] {processor.py:186} INFO - Started process (PID=325) to work on /home/airflow/.local/lib/python3.12/site-packages/airflow/example_dags/example_branch_labels.py
[2024-10-17T19:28:36.954+0000] {processor.py:914} INFO - Processing file /home/airflow/.local/lib/python3.12/site-packages/airflow/example_dags/example_branch_labels.py for tasks to queue
[2024-10-17T19:28:36.955+0000] {logging_mixin.py:190} INFO - [2024-10-17T19:28:36.955+0000] {dagbag.py:588} INFO - Filling up the DagBag from /home/airflow/.local/lib/python3.12/site-packages/airflow/example_dags/example_branch_labels.py
[2024-10-17T19:28:36.961+0000] {processor.py:925} INFO - DAG(s) 'example_branch_labels' retrieved from /home/airflow/.local/lib/python3.12/site-packages/airflow/example_dags/example_branch_labels.py
[2024-10-17T19:28:36.973+0000] {logging_mixin.py:190} INFO - [2024-10-17T19:28:36.973+0000] {dag.py:3239} INFO - Sync 1 DAGs
[2024-10-17T19:28:36.985+0000] {logging_mixin.py:190} INFO - [2024-10-17T19:28:36.985+0000] {dag.py:4180} INFO - Setting next_dagrun for example_branch_labels to 2024-10-16 00:00:00+00:00, run_after=2024-10-17 00:00:00+00:00
[2024-10-17T19:28:36.996+0000] {processor.py:208} INFO - Processing /home/airflow/.local/lib/python3.12/site-packages/airflow/example_dags/example_branch_labels.py took 0.047 seconds
[2024-10-17T19:29:07.739+0000] {processor.py:186} INFO - Started process (PID=388) to work on /home/airflow/.local/lib/python3.12/site-packages/airflow/example_dags/example_branch_labels.py
[2024-10-17T19:29:07.740+0000] {processor.py:914} INFO - Processing file /home/airflow/.local/lib/python3.12/site-packages/airflow/example_dags/example_branch_labels.py for tasks to queue
[2024-10-17T19:29:07.742+0000] {logging_mixin.py:190} INFO - [2024-10-17T19:29:07.742+0000] {dagbag.py:588} INFO - Filling up the DagBag from /home/airflow/.local/lib/python3.12/site-packages/airflow/example_dags/example_branch_labels.py
[2024-10-17T19:29:07.748+0000] {processor.py:925} INFO - DAG(s) 'example_branch_labels' retrieved from /home/airflow/.local/lib/python3.12/site-packages/airflow/example_dags/example_branch_labels.py
[2024-10-17T19:29:07.759+0000] {logging_mixin.py:190} INFO - [2024-10-17T19:29:07.759+0000] {dag.py:3239} INFO - Sync 1 DAGs
[2024-10-17T19:29:07.771+0000] {logging_mixin.py:190} INFO - [2024-10-17T19:29:07.771+0000] {dag.py:4180} INFO - Setting next_dagrun for example_branch_labels to 2024-10-16 00:00:00+00:00, run_after=2024-10-17 00:00:00+00:00
[2024-10-17T19:29:07.779+0000] {processor.py:208} INFO - Processing /home/airflow/.local/lib/python3.12/site-packages/airflow/example_dags/example_branch_labels.py took 0.044 seconds
[2024-10-17T19:29:38.267+0000] {processor.py:186} INFO - Started process (PID=451) to work on /home/airflow/.local/lib/python3.12/site-packages/airflow/example_dags/example_branch_labels.py
[2024-10-17T19:29:38.268+0000] {processor.py:914} INFO - Processing file /home/airflow/.local/lib/python3.12/site-packages/airflow/example_dags/example_branch_labels.py for tasks to queue
[2024-10-17T19:29:38.270+0000] {logging_mixin.py:190} INFO - [2024-10-17T19:29:38.269+0000] {dagbag.py:588} INFO - Filling up the DagBag from /home/airflow/.local/lib/python3.12/site-packages/airflow/example_dags/example_branch_labels.py
[2024-10-17T19:29:38.275+0000] {processor.py:925} INFO - DAG(s) 'example_branch_labels' retrieved from /home/airflow/.local/lib/python3.12/site-packages/airflow/example_dags/example_branch_labels.py
[2024-10-17T19:29:38.287+0000] {logging_mixin.py:190} INFO - [2024-10-17T19:29:38.287+0000] {dag.py:3239} INFO - Sync 1 DAGs
[2024-10-17T19:29:38.299+0000] {logging_mixin.py:190} INFO - [2024-10-17T19:29:38.299+0000] {dag.py:4180} INFO - Setting next_dagrun for example_branch_labels to 2024-10-16 00:00:00+00:00, run_after=2024-10-17 00:00:00+00:00
[2024-10-17T19:29:38.308+0000] {processor.py:208} INFO - Processing /home/airflow/.local/lib/python3.12/site-packages/airflow/example_dags/example_branch_labels.py took 0.045 seconds
[2024-10-17T19:30:08.739+0000] {processor.py:186} INFO - Started process (PID=514) to work on /home/airflow/.local/lib/python3.12/site-packages/airflow/example_dags/example_branch_labels.py
[2024-10-17T19:30:08.740+0000] {processor.py:914} INFO - Processing file /home/airflow/.local/lib/python3.12/site-packages/airflow/example_dags/example_branch_labels.py for tasks to queue
[2024-10-17T19:30:08.741+0000] {logging_mixin.py:190} INFO - [2024-10-17T19:30:08.741+0000] {dagbag.py:588} INFO - Filling up the DagBag from /home/airflow/.local/lib/python3.12/site-packages/airflow/example_dags/example_branch_labels.py
[2024-10-17T19:30:08.747+0000] {processor.py:925} INFO - DAG(s) 'example_branch_labels' retrieved from /home/airflow/.local/lib/python3.12/site-packages/airflow/example_dags/example_branch_labels.py
[2024-10-17T19:30:08.758+0000] {logging_mixin.py:190} INFO - [2024-10-17T19:30:08.758+0000] {dag.py:3239} INFO - Sync 1 DAGs
[2024-10-17T19:30:08.769+0000] {logging_mixin.py:190} INFO - [2024-10-17T19:30:08.769+0000] {dag.py:4180} INFO - Setting next_dagrun for example_branch_labels to 2024-10-16 00:00:00+00:00, run_after=2024-10-17 00:00:00+00:00
[2024-10-17T19:30:08.778+0000] {processor.py:208} INFO - Processing /home/airflow/.local/lib/python3.12/site-packages/airflow/example_dags/example_branch_labels.py took 0.042 seconds
[2024-10-17T19:30:39.413+0000] {processor.py:186} INFO - Started process (PID=577) to work on /home/airflow/.local/lib/python3.12/site-packages/airflow/example_dags/example_branch_labels.py
[2024-10-17T19:30:39.413+0000] {processor.py:914} INFO - Processing file /home/airflow/.local/lib/python3.12/site-packages/airflow/example_dags/example_branch_labels.py for tasks to queue
[2024-10-17T19:30:39.415+0000] {logging_mixin.py:190} INFO - [2024-10-17T19:30:39.415+0000] {dagbag.py:588} INFO - Filling up the DagBag from /home/airflow/.local/lib/python3.12/site-packages/airflow/example_dags/example_branch_labels.py
[2024-10-17T19:30:39.422+0000] {processor.py:925} INFO - DAG(s) 'example_branch_labels' retrieved from /home/airflow/.local/lib/python3.12/site-packages/airflow/example_dags/example_branch_labels.py
[2024-10-17T19:30:39.437+0000] {logging_mixin.py:190} INFO - [2024-10-17T19:30:39.437+0000] {dag.py:3239} INFO - Sync 1 DAGs
[2024-10-17T19:30:39.453+0000] {logging_mixin.py:190} INFO - [2024-10-17T19:30:39.453+0000] {dag.py:4180} INFO - Setting next_dagrun for example_branch_labels to 2024-10-16 00:00:00+00:00, run_after=2024-10-17 00:00:00+00:00
[2024-10-17T19:30:39.465+0000] {processor.py:208} INFO - Processing /home/airflow/.local/lib/python3.12/site-packages/airflow/example_dags/example_branch_labels.py took 0.057 seconds
[2024-10-17T19:31:09.864+0000] {processor.py:186} INFO - Started process (PID=640) to work on /home/airflow/.local/lib/python3.12/site-packages/airflow/example_dags/example_branch_labels.py
[2024-10-17T19:31:09.865+0000] {processor.py:914} INFO - Processing file /home/airflow/.local/lib/python3.12/site-packages/airflow/example_dags/example_branch_labels.py for tasks to queue
[2024-10-17T19:31:09.866+0000] {logging_mixin.py:190} INFO - [2024-10-17T19:31:09.866+0000] {dagbag.py:588} INFO - Filling up the DagBag from /home/airflow/.local/lib/python3.12/site-packages/airflow/example_dags/example_branch_labels.py
[2024-10-17T19:31:09.872+0000] {processor.py:925} INFO - DAG(s) 'example_branch_labels' retrieved from /home/airflow/.local/lib/python3.12/site-packages/airflow/example_dags/example_branch_labels.py
[2024-10-17T19:31:09.883+0000] {logging_mixin.py:190} INFO - [2024-10-17T19:31:09.883+0000] {dag.py:3239} INFO - Sync 1 DAGs
[2024-10-17T19:31:09.896+0000] {logging_mixin.py:190} INFO - [2024-10-17T19:31:09.896+0000] {dag.py:4180} INFO - Setting next_dagrun for example_branch_labels to 2024-10-16 00:00:00+00:00, run_after=2024-10-17 00:00:00+00:00
[2024-10-17T19:31:09.904+0000] {processor.py:208} INFO - Processing /home/airflow/.local/lib/python3.12/site-packages/airflow/example_dags/example_branch_labels.py took 0.044 seconds
[2024-10-17T19:31:40.482+0000] {processor.py:186} INFO - Started process (PID=703) to work on /home/airflow/.local/lib/python3.12/site-packages/airflow/example_dags/example_branch_labels.py
[2024-10-17T19:31:40.482+0000] {processor.py:914} INFO - Processing file /home/airflow/.local/lib/python3.12/site-packages/airflow/example_dags/example_branch_labels.py for tasks to queue
[2024-10-17T19:31:40.484+0000] {logging_mixin.py:190} INFO - [2024-10-17T19:31:40.484+0000] {dagbag.py:588} INFO - Filling up the DagBag from /home/airflow/.local/lib/python3.12/site-packages/airflow/example_dags/example_branch_labels.py
[2024-10-17T19:31:40.491+0000] {processor.py:925} INFO - DAG(s) 'example_branch_labels' retrieved from /home/airflow/.local/lib/python3.12/site-packages/airflow/example_dags/example_branch_labels.py
[2024-10-17T19:31:40.505+0000] {logging_mixin.py:190} INFO - [2024-10-17T19:31:40.505+0000] {dag.py:3239} INFO - Sync 1 DAGs
[2024-10-17T19:31:40.522+0000] {logging_mixin.py:190} INFO - [2024-10-17T19:31:40.521+0000] {dag.py:4180} INFO - Setting next_dagrun for example_branch_labels to 2024-10-16 00:00:00+00:00, run_after=2024-10-17 00:00:00+00:00
[2024-10-17T19:31:40.532+0000] {processor.py:208} INFO - Processing /home/airflow/.local/lib/python3.12/site-packages/airflow/example_dags/example_branch_labels.py took 0.055 seconds
[2024-10-17T19:33:32.049+0000] {processor.py:186} INFO - Started process (PID=73) to work on /home/airflow/.local/lib/python3.12/site-packages/airflow/example_dags/example_branch_labels.py
[2024-10-17T19:33:32.050+0000] {processor.py:914} INFO - Processing file /home/airflow/.local/lib/python3.12/site-packages/airflow/example_dags/example_branch_labels.py for tasks to queue
[2024-10-17T19:33:32.051+0000] {logging_mixin.py:190} INFO - [2024-10-17T19:33:32.051+0000] {dagbag.py:588} INFO - Filling up the DagBag from /home/airflow/.local/lib/python3.12/site-packages/airflow/example_dags/example_branch_labels.py
[2024-10-17T19:33:32.059+0000] {processor.py:925} INFO - DAG(s) 'example_branch_labels' retrieved from /home/airflow/.local/lib/python3.12/site-packages/airflow/example_dags/example_branch_labels.py
[2024-10-17T19:33:32.125+0000] {logging_mixin.py:190} INFO - [2024-10-17T19:33:32.125+0000] {override.py:1900} INFO - Created Permission View: can edit on DAG:example_branch_labels
[2024-10-17T19:33:32.129+0000] {logging_mixin.py:190} INFO - [2024-10-17T19:33:32.129+0000] {override.py:1900} INFO - Created Permission View: can delete on DAG:example_branch_labels
[2024-10-17T19:33:32.132+0000] {logging_mixin.py:190} INFO - [2024-10-17T19:33:32.132+0000] {override.py:1900} INFO - Created Permission View: can read on DAG:example_branch_labels
[2024-10-17T19:33:32.135+0000] {logging_mixin.py:190} INFO - [2024-10-17T19:33:32.135+0000] {override.py:1900} INFO - Created Permission View: menu access on DAG Run:example_branch_labels
[2024-10-17T19:33:32.138+0000] {logging_mixin.py:190} INFO - [2024-10-17T19:33:32.138+0000] {override.py:1900} INFO - Created Permission View: can create on DAG Run:example_branch_labels
[2024-10-17T19:33:32.140+0000] {logging_mixin.py:190} INFO - [2024-10-17T19:33:32.140+0000] {override.py:1900} INFO - Created Permission View: can delete on DAG Run:example_branch_labels
[2024-10-17T19:33:32.142+0000] {logging_mixin.py:190} INFO - [2024-10-17T19:33:32.142+0000] {override.py:1900} INFO - Created Permission View: can read on DAG Run:example_branch_labels
[2024-10-17T19:33:32.143+0000] {logging_mixin.py:190} INFO - [2024-10-17T19:33:32.143+0000] {dag.py:3239} INFO - Sync 1 DAGs
[2024-10-17T19:33:32.149+0000] {logging_mixin.py:190} INFO - [2024-10-17T19:33:32.148+0000] {dag.py:3262} INFO - Creating ORM DAG for example_branch_labels
[2024-10-17T19:33:32.154+0000] {logging_mixin.py:190} INFO - [2024-10-17T19:33:32.154+0000] {dag.py:4180} INFO - Setting next_dagrun for example_branch_labels to 2024-10-16 00:00:00+00:00, run_after=2024-10-17 00:00:00+00:00
[2024-10-17T19:33:32.161+0000] {processor.py:208} INFO - Processing /home/airflow/.local/lib/python3.12/site-packages/airflow/example_dags/example_branch_labels.py took 0.116 seconds
[2024-10-17T19:34:02.432+0000] {processor.py:186} INFO - Started process (PID=136) to work on /home/airflow/.local/lib/python3.12/site-packages/airflow/example_dags/example_branch_labels.py
[2024-10-17T19:34:02.432+0000] {processor.py:914} INFO - Processing file /home/airflow/.local/lib/python3.12/site-packages/airflow/example_dags/example_branch_labels.py for tasks to queue
[2024-10-17T19:34:02.434+0000] {logging_mixin.py:190} INFO - [2024-10-17T19:34:02.434+0000] {dagbag.py:588} INFO - Filling up the DagBag from /home/airflow/.local/lib/python3.12/site-packages/airflow/example_dags/example_branch_labels.py
[2024-10-17T19:34:02.440+0000] {processor.py:925} INFO - DAG(s) 'example_branch_labels' retrieved from /home/airflow/.local/lib/python3.12/site-packages/airflow/example_dags/example_branch_labels.py
[2024-10-17T19:34:02.455+0000] {logging_mixin.py:190} INFO - [2024-10-17T19:34:02.455+0000] {dag.py:3239} INFO - Sync 1 DAGs
[2024-10-17T19:34:02.472+0000] {logging_mixin.py:190} INFO - [2024-10-17T19:34:02.471+0000] {dag.py:4180} INFO - Setting next_dagrun for example_branch_labels to 2024-10-16 00:00:00+00:00, run_after=2024-10-17 00:00:00+00:00
[2024-10-17T19:34:02.481+0000] {processor.py:208} INFO - Processing /home/airflow/.local/lib/python3.12/site-packages/airflow/example_dags/example_branch_labels.py took 0.053 seconds
[2024-10-17T19:34:32.701+0000] {processor.py:186} INFO - Started process (PID=199) to work on /home/airflow/.local/lib/python3.12/site-packages/airflow/example_dags/example_branch_labels.py
[2024-10-17T19:34:32.702+0000] {processor.py:914} INFO - Processing file /home/airflow/.local/lib/python3.12/site-packages/airflow/example_dags/example_branch_labels.py for tasks to queue
[2024-10-17T19:34:32.703+0000] {logging_mixin.py:190} INFO - [2024-10-17T19:34:32.703+0000] {dagbag.py:588} INFO - Filling up the DagBag from /home/airflow/.local/lib/python3.12/site-packages/airflow/example_dags/example_branch_labels.py
[2024-10-17T19:34:32.709+0000] {processor.py:925} INFO - DAG(s) 'example_branch_labels' retrieved from /home/airflow/.local/lib/python3.12/site-packages/airflow/example_dags/example_branch_labels.py
[2024-10-17T19:34:32.720+0000] {logging_mixin.py:190} INFO - [2024-10-17T19:34:32.720+0000] {dag.py:3239} INFO - Sync 1 DAGs
[2024-10-17T19:34:32.731+0000] {logging_mixin.py:190} INFO - [2024-10-17T19:34:32.731+0000] {dag.py:4180} INFO - Setting next_dagrun for example_branch_labels to 2024-10-16 00:00:00+00:00, run_after=2024-10-17 00:00:00+00:00
[2024-10-17T19:34:32.740+0000] {processor.py:208} INFO - Processing /home/airflow/.local/lib/python3.12/site-packages/airflow/example_dags/example_branch_labels.py took 0.042 seconds
[2024-10-17T19:35:03.119+0000] {processor.py:186} INFO - Started process (PID=262) to work on /home/airflow/.local/lib/python3.12/site-packages/airflow/example_dags/example_branch_labels.py
[2024-10-17T19:35:03.120+0000] {processor.py:914} INFO - Processing file /home/airflow/.local/lib/python3.12/site-packages/airflow/example_dags/example_branch_labels.py for tasks to queue
[2024-10-17T19:35:03.122+0000] {logging_mixin.py:190} INFO - [2024-10-17T19:35:03.122+0000] {dagbag.py:588} INFO - Filling up the DagBag from /home/airflow/.local/lib/python3.12/site-packages/airflow/example_dags/example_branch_labels.py
[2024-10-17T19:35:03.127+0000] {processor.py:925} INFO - DAG(s) 'example_branch_labels' retrieved from /home/airflow/.local/lib/python3.12/site-packages/airflow/example_dags/example_branch_labels.py
[2024-10-17T19:35:03.139+0000] {logging_mixin.py:190} INFO - [2024-10-17T19:35:03.138+0000] {dag.py:3239} INFO - Sync 1 DAGs
[2024-10-17T19:35:03.151+0000] {logging_mixin.py:190} INFO - [2024-10-17T19:35:03.151+0000] {dag.py:4180} INFO - Setting next_dagrun for example_branch_labels to 2024-10-16 00:00:00+00:00, run_after=2024-10-17 00:00:00+00:00
[2024-10-17T19:35:03.159+0000] {processor.py:208} INFO - Processing /home/airflow/.local/lib/python3.12/site-packages/airflow/example_dags/example_branch_labels.py took 0.043 seconds
[2024-10-17T19:35:33.779+0000] {processor.py:186} INFO - Started process (PID=325) to work on /home/airflow/.local/lib/python3.12/site-packages/airflow/example_dags/example_branch_labels.py
[2024-10-17T19:35:33.780+0000] {processor.py:914} INFO - Processing file /home/airflow/.local/lib/python3.12/site-packages/airflow/example_dags/example_branch_labels.py for tasks to queue
[2024-10-17T19:35:33.782+0000] {logging_mixin.py:190} INFO - [2024-10-17T19:35:33.781+0000] {dagbag.py:588} INFO - Filling up the DagBag from /home/airflow/.local/lib/python3.12/site-packages/airflow/example_dags/example_branch_labels.py
[2024-10-17T19:35:33.787+0000] {processor.py:925} INFO - DAG(s) 'example_branch_labels' retrieved from /home/airflow/.local/lib/python3.12/site-packages/airflow/example_dags/example_branch_labels.py
[2024-10-17T19:35:33.800+0000] {logging_mixin.py:190} INFO - [2024-10-17T19:35:33.799+0000] {dag.py:3239} INFO - Sync 1 DAGs
[2024-10-17T19:35:33.812+0000] {logging_mixin.py:190} INFO - [2024-10-17T19:35:33.812+0000] {dag.py:4180} INFO - Setting next_dagrun for example_branch_labels to 2024-10-16 00:00:00+00:00, run_after=2024-10-17 00:00:00+00:00
[2024-10-17T19:35:33.822+0000] {processor.py:208} INFO - Processing /home/airflow/.local/lib/python3.12/site-packages/airflow/example_dags/example_branch_labels.py took 0.046 seconds
[2024-10-17T19:36:04.468+0000] {processor.py:186} INFO - Started process (PID=388) to work on /home/airflow/.local/lib/python3.12/site-packages/airflow/example_dags/example_branch_labels.py
[2024-10-17T19:36:04.469+0000] {processor.py:914} INFO - Processing file /home/airflow/.local/lib/python3.12/site-packages/airflow/example_dags/example_branch_labels.py for tasks to queue
[2024-10-17T19:36:04.470+0000] {logging_mixin.py:190} INFO - [2024-10-17T19:36:04.470+0000] {dagbag.py:588} INFO - Filling up the DagBag from /home/airflow/.local/lib/python3.12/site-packages/airflow/example_dags/example_branch_labels.py
[2024-10-17T19:36:04.476+0000] {processor.py:925} INFO - DAG(s) 'example_branch_labels' retrieved from /home/airflow/.local/lib/python3.12/site-packages/airflow/example_dags/example_branch_labels.py
[2024-10-17T19:36:04.488+0000] {logging_mixin.py:190} INFO - [2024-10-17T19:36:04.487+0000] {dag.py:3239} INFO - Sync 1 DAGs
[2024-10-17T19:36:04.500+0000] {logging_mixin.py:190} INFO - [2024-10-17T19:36:04.500+0000] {dag.py:4180} INFO - Setting next_dagrun for example_branch_labels to 2024-10-16 00:00:00+00:00, run_after=2024-10-17 00:00:00+00:00
[2024-10-17T19:36:04.508+0000] {processor.py:208} INFO - Processing /home/airflow/.local/lib/python3.12/site-packages/airflow/example_dags/example_branch_labels.py took 0.044 seconds
[2024-10-17T19:36:35.101+0000] {processor.py:186} INFO - Started process (PID=451) to work on /home/airflow/.local/lib/python3.12/site-packages/airflow/example_dags/example_branch_labels.py
[2024-10-17T19:36:35.102+0000] {processor.py:914} INFO - Processing file /home/airflow/.local/lib/python3.12/site-packages/airflow/example_dags/example_branch_labels.py for tasks to queue
[2024-10-17T19:36:35.104+0000] {logging_mixin.py:190} INFO - [2024-10-17T19:36:35.104+0000] {dagbag.py:588} INFO - Filling up the DagBag from /home/airflow/.local/lib/python3.12/site-packages/airflow/example_dags/example_branch_labels.py
[2024-10-17T19:36:35.111+0000] {processor.py:925} INFO - DAG(s) 'example_branch_labels' retrieved from /home/airflow/.local/lib/python3.12/site-packages/airflow/example_dags/example_branch_labels.py
[2024-10-17T19:36:35.122+0000] {logging_mixin.py:190} INFO - [2024-10-17T19:36:35.122+0000] {dag.py:3239} INFO - Sync 1 DAGs
[2024-10-17T19:36:35.135+0000] {logging_mixin.py:190} INFO - [2024-10-17T19:36:35.135+0000] {dag.py:4180} INFO - Setting next_dagrun for example_branch_labels to 2024-10-16 00:00:00+00:00, run_after=2024-10-17 00:00:00+00:00
[2024-10-17T19:36:35.144+0000] {processor.py:208} INFO - Processing /home/airflow/.local/lib/python3.12/site-packages/airflow/example_dags/example_branch_labels.py took 0.047 seconds
[2024-10-17T19:37:05.635+0000] {processor.py:186} INFO - Started process (PID=515) to work on /home/airflow/.local/lib/python3.12/site-packages/airflow/example_dags/example_branch_labels.py
[2024-10-17T19:37:05.635+0000] {processor.py:914} INFO - Processing file /home/airflow/.local/lib/python3.12/site-packages/airflow/example_dags/example_branch_labels.py for tasks to queue
[2024-10-17T19:37:05.637+0000] {logging_mixin.py:190} INFO - [2024-10-17T19:37:05.637+0000] {dagbag.py:588} INFO - Filling up the DagBag from /home/airflow/.local/lib/python3.12/site-packages/airflow/example_dags/example_branch_labels.py
[2024-10-17T19:37:05.642+0000] {processor.py:925} INFO - DAG(s) 'example_branch_labels' retrieved from /home/airflow/.local/lib/python3.12/site-packages/airflow/example_dags/example_branch_labels.py
[2024-10-17T19:37:05.653+0000] {logging_mixin.py:190} INFO - [2024-10-17T19:37:05.653+0000] {dag.py:3239} INFO - Sync 1 DAGs
[2024-10-17T19:37:05.664+0000] {logging_mixin.py:190} INFO - [2024-10-17T19:37:05.664+0000] {dag.py:4180} INFO - Setting next_dagrun for example_branch_labels to 2024-10-16 00:00:00+00:00, run_after=2024-10-17 00:00:00+00:00
[2024-10-17T19:37:05.672+0000] {processor.py:208} INFO - Processing /home/airflow/.local/lib/python3.12/site-packages/airflow/example_dags/example_branch_labels.py took 0.040 seconds
[2024-10-17T19:39:18.273+0000] {processor.py:186} INFO - Started process (PID=73) to work on /home/airflow/.local/lib/python3.12/site-packages/airflow/example_dags/example_branch_labels.py
[2024-10-17T19:39:18.274+0000] {processor.py:914} INFO - Processing file /home/airflow/.local/lib/python3.12/site-packages/airflow/example_dags/example_branch_labels.py for tasks to queue
[2024-10-17T19:39:18.276+0000] {logging_mixin.py:190} INFO - [2024-10-17T19:39:18.276+0000] {dagbag.py:588} INFO - Filling up the DagBag from /home/airflow/.local/lib/python3.12/site-packages/airflow/example_dags/example_branch_labels.py
[2024-10-17T19:39:18.283+0000] {processor.py:925} INFO - DAG(s) 'example_branch_labels' retrieved from /home/airflow/.local/lib/python3.12/site-packages/airflow/example_dags/example_branch_labels.py
[2024-10-17T19:39:18.340+0000] {logging_mixin.py:190} INFO - [2024-10-17T19:39:18.340+0000] {override.py:1900} INFO - Created Permission View: can read on DAG:example_branch_labels
[2024-10-17T19:39:18.344+0000] {logging_mixin.py:190} INFO - [2024-10-17T19:39:18.344+0000] {override.py:1900} INFO - Created Permission View: can delete on DAG:example_branch_labels
[2024-10-17T19:39:18.347+0000] {logging_mixin.py:190} INFO - [2024-10-17T19:39:18.347+0000] {override.py:1900} INFO - Created Permission View: can edit on DAG:example_branch_labels
[2024-10-17T19:39:18.350+0000] {logging_mixin.py:190} INFO - [2024-10-17T19:39:18.350+0000] {override.py:1900} INFO - Created Permission View: can read on DAG Run:example_branch_labels
[2024-10-17T19:39:18.353+0000] {logging_mixin.py:190} INFO - [2024-10-17T19:39:18.353+0000] {override.py:1900} INFO - Created Permission View: can create on DAG Run:example_branch_labels
[2024-10-17T19:39:18.356+0000] {logging_mixin.py:190} INFO - [2024-10-17T19:39:18.356+0000] {override.py:1900} INFO - Created Permission View: can delete on DAG Run:example_branch_labels
[2024-10-17T19:39:18.358+0000] {logging_mixin.py:190} INFO - [2024-10-17T19:39:18.358+0000] {override.py:1900} INFO - Created Permission View: menu access on DAG Run:example_branch_labels
[2024-10-17T19:39:18.359+0000] {logging_mixin.py:190} INFO - [2024-10-17T19:39:18.359+0000] {dag.py:3239} INFO - Sync 1 DAGs
[2024-10-17T19:39:18.365+0000] {logging_mixin.py:190} INFO - [2024-10-17T19:39:18.365+0000] {dag.py:3262} INFO - Creating ORM DAG for example_branch_labels
[2024-10-17T19:39:18.370+0000] {logging_mixin.py:190} INFO - [2024-10-17T19:39:18.370+0000] {dag.py:4180} INFO - Setting next_dagrun for example_branch_labels to 2024-10-16 00:00:00+00:00, run_after=2024-10-17 00:00:00+00:00
[2024-10-17T19:39:18.379+0000] {processor.py:208} INFO - Processing /home/airflow/.local/lib/python3.12/site-packages/airflow/example_dags/example_branch_labels.py took 0.109 seconds
[2024-10-17T19:39:48.760+0000] {processor.py:186} INFO - Started process (PID=136) to work on /home/airflow/.local/lib/python3.12/site-packages/airflow/example_dags/example_branch_labels.py
[2024-10-17T19:39:48.761+0000] {processor.py:914} INFO - Processing file /home/airflow/.local/lib/python3.12/site-packages/airflow/example_dags/example_branch_labels.py for tasks to queue
[2024-10-17T19:39:48.762+0000] {logging_mixin.py:190} INFO - [2024-10-17T19:39:48.762+0000] {dagbag.py:588} INFO - Filling up the DagBag from /home/airflow/.local/lib/python3.12/site-packages/airflow/example_dags/example_branch_labels.py
[2024-10-17T19:39:48.768+0000] {processor.py:925} INFO - DAG(s) 'example_branch_labels' retrieved from /home/airflow/.local/lib/python3.12/site-packages/airflow/example_dags/example_branch_labels.py
[2024-10-17T19:39:48.779+0000] {logging_mixin.py:190} INFO - [2024-10-17T19:39:48.779+0000] {dag.py:3239} INFO - Sync 1 DAGs
[2024-10-17T19:39:48.791+0000] {logging_mixin.py:190} INFO - [2024-10-17T19:39:48.791+0000] {dag.py:4180} INFO - Setting next_dagrun for example_branch_labels to 2024-10-16 00:00:00+00:00, run_after=2024-10-17 00:00:00+00:00
[2024-10-17T19:39:48.799+0000] {processor.py:208} INFO - Processing /home/airflow/.local/lib/python3.12/site-packages/airflow/example_dags/example_branch_labels.py took 0.042 seconds
[2024-10-17T19:40:19.094+0000] {processor.py:186} INFO - Started process (PID=199) to work on /home/airflow/.local/lib/python3.12/site-packages/airflow/example_dags/example_branch_labels.py
[2024-10-17T19:40:19.094+0000] {processor.py:914} INFO - Processing file /home/airflow/.local/lib/python3.12/site-packages/airflow/example_dags/example_branch_labels.py for tasks to queue
[2024-10-17T19:40:19.096+0000] {logging_mixin.py:190} INFO - [2024-10-17T19:40:19.096+0000] {dagbag.py:588} INFO - Filling up the DagBag from /home/airflow/.local/lib/python3.12/site-packages/airflow/example_dags/example_branch_labels.py
[2024-10-17T19:40:19.101+0000] {processor.py:925} INFO - DAG(s) 'example_branch_labels' retrieved from /home/airflow/.local/lib/python3.12/site-packages/airflow/example_dags/example_branch_labels.py
[2024-10-17T19:40:19.112+0000] {logging_mixin.py:190} INFO - [2024-10-17T19:40:19.112+0000] {dag.py:3239} INFO - Sync 1 DAGs
[2024-10-17T19:40:19.123+0000] {logging_mixin.py:190} INFO - [2024-10-17T19:40:19.123+0000] {dag.py:4180} INFO - Setting next_dagrun for example_branch_labels to 2024-10-16 00:00:00+00:00, run_after=2024-10-17 00:00:00+00:00
[2024-10-17T19:40:19.132+0000] {processor.py:208} INFO - Processing /home/airflow/.local/lib/python3.12/site-packages/airflow/example_dags/example_branch_labels.py took 0.041 seconds
[2024-10-17T19:40:49.478+0000] {processor.py:186} INFO - Started process (PID=262) to work on /home/airflow/.local/lib/python3.12/site-packages/airflow/example_dags/example_branch_labels.py
[2024-10-17T19:40:49.478+0000] {processor.py:914} INFO - Processing file /home/airflow/.local/lib/python3.12/site-packages/airflow/example_dags/example_branch_labels.py for tasks to queue
[2024-10-17T19:40:49.480+0000] {logging_mixin.py:190} INFO - [2024-10-17T19:40:49.479+0000] {dagbag.py:588} INFO - Filling up the DagBag from /home/airflow/.local/lib/python3.12/site-packages/airflow/example_dags/example_branch_labels.py
[2024-10-17T19:40:49.485+0000] {processor.py:925} INFO - DAG(s) 'example_branch_labels' retrieved from /home/airflow/.local/lib/python3.12/site-packages/airflow/example_dags/example_branch_labels.py
[2024-10-17T19:40:49.496+0000] {logging_mixin.py:190} INFO - [2024-10-17T19:40:49.496+0000] {dag.py:3239} INFO - Sync 1 DAGs
[2024-10-17T19:40:49.507+0000] {logging_mixin.py:190} INFO - [2024-10-17T19:40:49.507+0000] {dag.py:4180} INFO - Setting next_dagrun for example_branch_labels to 2024-10-16 00:00:00+00:00, run_after=2024-10-17 00:00:00+00:00
[2024-10-17T19:40:49.515+0000] {processor.py:208} INFO - Processing /home/airflow/.local/lib/python3.12/site-packages/airflow/example_dags/example_branch_labels.py took 0.040 seconds
[2024-10-17T19:41:20.104+0000] {processor.py:186} INFO - Started process (PID=325) to work on /home/airflow/.local/lib/python3.12/site-packages/airflow/example_dags/example_branch_labels.py
[2024-10-17T19:41:20.105+0000] {processor.py:914} INFO - Processing file /home/airflow/.local/lib/python3.12/site-packages/airflow/example_dags/example_branch_labels.py for tasks to queue
[2024-10-17T19:41:20.107+0000] {logging_mixin.py:190} INFO - [2024-10-17T19:41:20.106+0000] {dagbag.py:588} INFO - Filling up the DagBag from /home/airflow/.local/lib/python3.12/site-packages/airflow/example_dags/example_branch_labels.py
[2024-10-17T19:41:20.113+0000] {processor.py:925} INFO - DAG(s) 'example_branch_labels' retrieved from /home/airflow/.local/lib/python3.12/site-packages/airflow/example_dags/example_branch_labels.py
[2024-10-17T19:41:20.126+0000] {logging_mixin.py:190} INFO - [2024-10-17T19:41:20.126+0000] {dag.py:3239} INFO - Sync 1 DAGs
[2024-10-17T19:41:20.140+0000] {logging_mixin.py:190} INFO - [2024-10-17T19:41:20.139+0000] {dag.py:4180} INFO - Setting next_dagrun for example_branch_labels to 2024-10-16 00:00:00+00:00, run_after=2024-10-17 00:00:00+00:00
[2024-10-17T19:41:20.152+0000] {processor.py:208} INFO - Processing /home/airflow/.local/lib/python3.12/site-packages/airflow/example_dags/example_branch_labels.py took 0.053 seconds
[2024-10-17T19:41:50.851+0000] {processor.py:186} INFO - Started process (PID=388) to work on /home/airflow/.local/lib/python3.12/site-packages/airflow/example_dags/example_branch_labels.py
[2024-10-17T19:41:50.852+0000] {processor.py:914} INFO - Processing file /home/airflow/.local/lib/python3.12/site-packages/airflow/example_dags/example_branch_labels.py for tasks to queue
[2024-10-17T19:41:50.854+0000] {logging_mixin.py:190} INFO - [2024-10-17T19:41:50.854+0000] {dagbag.py:588} INFO - Filling up the DagBag from /home/airflow/.local/lib/python3.12/site-packages/airflow/example_dags/example_branch_labels.py
[2024-10-17T19:41:50.860+0000] {processor.py:925} INFO - DAG(s) 'example_branch_labels' retrieved from /home/airflow/.local/lib/python3.12/site-packages/airflow/example_dags/example_branch_labels.py
[2024-10-17T19:41:50.872+0000] {logging_mixin.py:190} INFO - [2024-10-17T19:41:50.872+0000] {dag.py:3239} INFO - Sync 1 DAGs
[2024-10-17T19:41:50.885+0000] {logging_mixin.py:190} INFO - [2024-10-17T19:41:50.885+0000] {dag.py:4180} INFO - Setting next_dagrun for example_branch_labels to 2024-10-16 00:00:00+00:00, run_after=2024-10-17 00:00:00+00:00
[2024-10-17T19:41:50.896+0000] {processor.py:208} INFO - Processing /home/airflow/.local/lib/python3.12/site-packages/airflow/example_dags/example_branch_labels.py took 0.048 seconds
[2024-10-17T19:42:21.336+0000] {processor.py:186} INFO - Started process (PID=451) to work on /home/airflow/.local/lib/python3.12/site-packages/airflow/example_dags/example_branch_labels.py
[2024-10-17T19:42:21.337+0000] {processor.py:914} INFO - Processing file /home/airflow/.local/lib/python3.12/site-packages/airflow/example_dags/example_branch_labels.py for tasks to queue
[2024-10-17T19:42:21.338+0000] {logging_mixin.py:190} INFO - [2024-10-17T19:42:21.338+0000] {dagbag.py:588} INFO - Filling up the DagBag from /home/airflow/.local/lib/python3.12/site-packages/airflow/example_dags/example_branch_labels.py
[2024-10-17T19:42:21.344+0000] {processor.py:925} INFO - DAG(s) 'example_branch_labels' retrieved from /home/airflow/.local/lib/python3.12/site-packages/airflow/example_dags/example_branch_labels.py
[2024-10-17T19:42:21.356+0000] {logging_mixin.py:190} INFO - [2024-10-17T19:42:21.356+0000] {dag.py:3239} INFO - Sync 1 DAGs
[2024-10-17T19:42:21.368+0000] {logging_mixin.py:190} INFO - [2024-10-17T19:42:21.368+0000] {dag.py:4180} INFO - Setting next_dagrun for example_branch_labels to 2024-10-16 00:00:00+00:00, run_after=2024-10-17 00:00:00+00:00
[2024-10-17T19:42:21.377+0000] {processor.py:208} INFO - Processing /home/airflow/.local/lib/python3.12/site-packages/airflow/example_dags/example_branch_labels.py took 0.045 seconds
[2024-10-17T19:44:00.338+0000] {processor.py:186} INFO - Started process (PID=73) to work on /home/airflow/.local/lib/python3.12/site-packages/airflow/example_dags/example_branch_labels.py
[2024-10-17T19:44:00.339+0000] {processor.py:914} INFO - Processing file /home/airflow/.local/lib/python3.12/site-packages/airflow/example_dags/example_branch_labels.py for tasks to queue
[2024-10-17T19:44:00.340+0000] {logging_mixin.py:190} INFO - [2024-10-17T19:44:00.340+0000] {dagbag.py:588} INFO - Filling up the DagBag from /home/airflow/.local/lib/python3.12/site-packages/airflow/example_dags/example_branch_labels.py
[2024-10-17T19:44:00.347+0000] {processor.py:925} INFO - DAG(s) 'example_branch_labels' retrieved from /home/airflow/.local/lib/python3.12/site-packages/airflow/example_dags/example_branch_labels.py
[2024-10-17T19:44:00.399+0000] {logging_mixin.py:190} INFO - [2024-10-17T19:44:00.398+0000] {override.py:1900} INFO - Created Permission View: can delete on DAG:example_branch_labels
[2024-10-17T19:44:00.403+0000] {logging_mixin.py:190} INFO - [2024-10-17T19:44:00.403+0000] {override.py:1900} INFO - Created Permission View: can edit on DAG:example_branch_labels
[2024-10-17T19:44:00.406+0000] {logging_mixin.py:190} INFO - [2024-10-17T19:44:00.406+0000] {override.py:1900} INFO - Created Permission View: can read on DAG:example_branch_labels
[2024-10-17T19:44:00.409+0000] {logging_mixin.py:190} INFO - [2024-10-17T19:44:00.409+0000] {override.py:1900} INFO - Created Permission View: can delete on DAG Run:example_branch_labels
[2024-10-17T19:44:00.412+0000] {logging_mixin.py:190} INFO - [2024-10-17T19:44:00.412+0000] {override.py:1900} INFO - Created Permission View: can create on DAG Run:example_branch_labels
[2024-10-17T19:44:00.415+0000] {logging_mixin.py:190} INFO - [2024-10-17T19:44:00.414+0000] {override.py:1900} INFO - Created Permission View: menu access on DAG Run:example_branch_labels
[2024-10-17T19:44:00.417+0000] {logging_mixin.py:190} INFO - [2024-10-17T19:44:00.417+0000] {override.py:1900} INFO - Created Permission View: can read on DAG Run:example_branch_labels
[2024-10-17T19:44:00.417+0000] {logging_mixin.py:190} INFO - [2024-10-17T19:44:00.417+0000] {dag.py:3239} INFO - Sync 1 DAGs
[2024-10-17T19:44:00.423+0000] {logging_mixin.py:190} INFO - [2024-10-17T19:44:00.423+0000] {dag.py:3262} INFO - Creating ORM DAG for example_branch_labels
[2024-10-17T19:44:00.429+0000] {logging_mixin.py:190} INFO - [2024-10-17T19:44:00.429+0000] {dag.py:4180} INFO - Setting next_dagrun for example_branch_labels to 2024-10-16 00:00:00+00:00, run_after=2024-10-17 00:00:00+00:00
[2024-10-17T19:44:00.436+0000] {processor.py:208} INFO - Processing /home/airflow/.local/lib/python3.12/site-packages/airflow/example_dags/example_branch_labels.py took 0.101 seconds
[2024-10-17T19:44:31.112+0000] {processor.py:186} INFO - Started process (PID=136) to work on /home/airflow/.local/lib/python3.12/site-packages/airflow/example_dags/example_branch_labels.py
[2024-10-17T19:44:31.115+0000] {processor.py:914} INFO - Processing file /home/airflow/.local/lib/python3.12/site-packages/airflow/example_dags/example_branch_labels.py for tasks to queue
[2024-10-17T19:44:31.117+0000] {logging_mixin.py:190} INFO - [2024-10-17T19:44:31.117+0000] {dagbag.py:588} INFO - Filling up the DagBag from /home/airflow/.local/lib/python3.12/site-packages/airflow/example_dags/example_branch_labels.py
[2024-10-17T19:44:31.122+0000] {processor.py:925} INFO - DAG(s) 'example_branch_labels' retrieved from /home/airflow/.local/lib/python3.12/site-packages/airflow/example_dags/example_branch_labels.py
[2024-10-17T19:44:31.133+0000] {logging_mixin.py:190} INFO - [2024-10-17T19:44:31.133+0000] {dag.py:3239} INFO - Sync 1 DAGs
[2024-10-17T19:44:31.144+0000] {logging_mixin.py:190} INFO - [2024-10-17T19:44:31.144+0000] {dag.py:4180} INFO - Setting next_dagrun for example_branch_labels to 2024-10-16 00:00:00+00:00, run_after=2024-10-17 00:00:00+00:00
[2024-10-17T19:44:31.152+0000] {processor.py:208} INFO - Processing /home/airflow/.local/lib/python3.12/site-packages/airflow/example_dags/example_branch_labels.py took 0.043 seconds
[2024-10-17T19:45:01.694+0000] {processor.py:186} INFO - Started process (PID=199) to work on /home/airflow/.local/lib/python3.12/site-packages/airflow/example_dags/example_branch_labels.py
[2024-10-17T19:45:01.695+0000] {processor.py:914} INFO - Processing file /home/airflow/.local/lib/python3.12/site-packages/airflow/example_dags/example_branch_labels.py for tasks to queue
[2024-10-17T19:45:01.696+0000] {logging_mixin.py:190} INFO - [2024-10-17T19:45:01.696+0000] {dagbag.py:588} INFO - Filling up the DagBag from /home/airflow/.local/lib/python3.12/site-packages/airflow/example_dags/example_branch_labels.py
[2024-10-17T19:45:01.702+0000] {processor.py:925} INFO - DAG(s) 'example_branch_labels' retrieved from /home/airflow/.local/lib/python3.12/site-packages/airflow/example_dags/example_branch_labels.py
[2024-10-17T19:45:01.715+0000] {logging_mixin.py:190} INFO - [2024-10-17T19:45:01.714+0000] {dag.py:3239} INFO - Sync 1 DAGs
[2024-10-17T19:45:01.726+0000] {logging_mixin.py:190} INFO - [2024-10-17T19:45:01.726+0000] {dag.py:4180} INFO - Setting next_dagrun for example_branch_labels to 2024-10-16 00:00:00+00:00, run_after=2024-10-17 00:00:00+00:00
[2024-10-17T19:45:01.734+0000] {processor.py:208} INFO - Processing /home/airflow/.local/lib/python3.12/site-packages/airflow/example_dags/example_branch_labels.py took 0.044 seconds
[2024-10-17T19:45:32.272+0000] {processor.py:186} INFO - Started process (PID=262) to work on /home/airflow/.local/lib/python3.12/site-packages/airflow/example_dags/example_branch_labels.py
[2024-10-17T19:45:32.273+0000] {processor.py:914} INFO - Processing file /home/airflow/.local/lib/python3.12/site-packages/airflow/example_dags/example_branch_labels.py for tasks to queue
[2024-10-17T19:45:32.274+0000] {logging_mixin.py:190} INFO - [2024-10-17T19:45:32.274+0000] {dagbag.py:588} INFO - Filling up the DagBag from /home/airflow/.local/lib/python3.12/site-packages/airflow/example_dags/example_branch_labels.py
[2024-10-17T19:45:32.280+0000] {processor.py:925} INFO - DAG(s) 'example_branch_labels' retrieved from /home/airflow/.local/lib/python3.12/site-packages/airflow/example_dags/example_branch_labels.py
[2024-10-17T19:45:32.291+0000] {logging_mixin.py:190} INFO - [2024-10-17T19:45:32.291+0000] {dag.py:3239} INFO - Sync 1 DAGs
[2024-10-17T19:45:32.303+0000] {logging_mixin.py:190} INFO - [2024-10-17T19:45:32.303+0000] {dag.py:4180} INFO - Setting next_dagrun for example_branch_labels to 2024-10-16 00:00:00+00:00, run_after=2024-10-17 00:00:00+00:00
[2024-10-17T19:45:32.311+0000] {processor.py:208} INFO - Processing /home/airflow/.local/lib/python3.12/site-packages/airflow/example_dags/example_branch_labels.py took 0.042 seconds
[2024-10-17T19:46:02.782+0000] {processor.py:186} INFO - Started process (PID=325) to work on /home/airflow/.local/lib/python3.12/site-packages/airflow/example_dags/example_branch_labels.py
[2024-10-17T19:46:02.783+0000] {processor.py:914} INFO - Processing file /home/airflow/.local/lib/python3.12/site-packages/airflow/example_dags/example_branch_labels.py for tasks to queue
[2024-10-17T19:46:02.785+0000] {logging_mixin.py:190} INFO - [2024-10-17T19:46:02.784+0000] {dagbag.py:588} INFO - Filling up the DagBag from /home/airflow/.local/lib/python3.12/site-packages/airflow/example_dags/example_branch_labels.py
[2024-10-17T19:46:02.790+0000] {processor.py:925} INFO - DAG(s) 'example_branch_labels' retrieved from /home/airflow/.local/lib/python3.12/site-packages/airflow/example_dags/example_branch_labels.py
[2024-10-17T19:46:02.802+0000] {logging_mixin.py:190} INFO - [2024-10-17T19:46:02.801+0000] {dag.py:3239} INFO - Sync 1 DAGs
[2024-10-17T19:46:02.813+0000] {logging_mixin.py:190} INFO - [2024-10-17T19:46:02.813+0000] {dag.py:4180} INFO - Setting next_dagrun for example_branch_labels to 2024-10-16 00:00:00+00:00, run_after=2024-10-17 00:00:00+00:00
[2024-10-17T19:46:02.823+0000] {processor.py:208} INFO - Processing /home/airflow/.local/lib/python3.12/site-packages/airflow/example_dags/example_branch_labels.py took 0.045 seconds
[2024-10-17T19:46:33.178+0000] {processor.py:186} INFO - Started process (PID=388) to work on /home/airflow/.local/lib/python3.12/site-packages/airflow/example_dags/example_branch_labels.py
[2024-10-17T19:46:33.179+0000] {processor.py:914} INFO - Processing file /home/airflow/.local/lib/python3.12/site-packages/airflow/example_dags/example_branch_labels.py for tasks to queue
[2024-10-17T19:46:33.180+0000] {logging_mixin.py:190} INFO - [2024-10-17T19:46:33.180+0000] {dagbag.py:588} INFO - Filling up the DagBag from /home/airflow/.local/lib/python3.12/site-packages/airflow/example_dags/example_branch_labels.py
[2024-10-17T19:46:33.186+0000] {processor.py:925} INFO - DAG(s) 'example_branch_labels' retrieved from /home/airflow/.local/lib/python3.12/site-packages/airflow/example_dags/example_branch_labels.py
[2024-10-17T19:46:33.198+0000] {logging_mixin.py:190} INFO - [2024-10-17T19:46:33.198+0000] {dag.py:3239} INFO - Sync 1 DAGs
[2024-10-17T19:46:33.210+0000] {logging_mixin.py:190} INFO - [2024-10-17T19:46:33.210+0000] {dag.py:4180} INFO - Setting next_dagrun for example_branch_labels to 2024-10-16 00:00:00+00:00, run_after=2024-10-17 00:00:00+00:00
[2024-10-17T19:46:33.219+0000] {processor.py:208} INFO - Processing /home/airflow/.local/lib/python3.12/site-packages/airflow/example_dags/example_branch_labels.py took 0.044 seconds
[2024-10-17T19:47:03.703+0000] {processor.py:186} INFO - Started process (PID=451) to work on /home/airflow/.local/lib/python3.12/site-packages/airflow/example_dags/example_branch_labels.py
[2024-10-17T19:47:03.704+0000] {processor.py:914} INFO - Processing file /home/airflow/.local/lib/python3.12/site-packages/airflow/example_dags/example_branch_labels.py for tasks to queue
[2024-10-17T19:47:03.706+0000] {logging_mixin.py:190} INFO - [2024-10-17T19:47:03.706+0000] {dagbag.py:588} INFO - Filling up the DagBag from /home/airflow/.local/lib/python3.12/site-packages/airflow/example_dags/example_branch_labels.py
[2024-10-17T19:47:03.714+0000] {processor.py:925} INFO - DAG(s) 'example_branch_labels' retrieved from /home/airflow/.local/lib/python3.12/site-packages/airflow/example_dags/example_branch_labels.py
[2024-10-17T19:47:03.728+0000] {logging_mixin.py:190} INFO - [2024-10-17T19:47:03.728+0000] {dag.py:3239} INFO - Sync 1 DAGs
[2024-10-17T19:47:03.742+0000] {logging_mixin.py:190} INFO - [2024-10-17T19:47:03.742+0000] {dag.py:4180} INFO - Setting next_dagrun for example_branch_labels to 2024-10-16 00:00:00+00:00, run_after=2024-10-17 00:00:00+00:00
[2024-10-17T19:47:03.751+0000] {processor.py:208} INFO - Processing /home/airflow/.local/lib/python3.12/site-packages/airflow/example_dags/example_branch_labels.py took 0.053 seconds
[2024-10-17T19:47:34.326+0000] {processor.py:186} INFO - Started process (PID=514) to work on /home/airflow/.local/lib/python3.12/site-packages/airflow/example_dags/example_branch_labels.py
[2024-10-17T19:47:34.327+0000] {processor.py:914} INFO - Processing file /home/airflow/.local/lib/python3.12/site-packages/airflow/example_dags/example_branch_labels.py for tasks to queue
[2024-10-17T19:47:34.328+0000] {logging_mixin.py:190} INFO - [2024-10-17T19:47:34.328+0000] {dagbag.py:588} INFO - Filling up the DagBag from /home/airflow/.local/lib/python3.12/site-packages/airflow/example_dags/example_branch_labels.py
[2024-10-17T19:47:34.334+0000] {processor.py:925} INFO - DAG(s) 'example_branch_labels' retrieved from /home/airflow/.local/lib/python3.12/site-packages/airflow/example_dags/example_branch_labels.py
[2024-10-17T19:47:34.346+0000] {logging_mixin.py:190} INFO - [2024-10-17T19:47:34.346+0000] {dag.py:3239} INFO - Sync 1 DAGs
[2024-10-17T19:47:34.359+0000] {logging_mixin.py:190} INFO - [2024-10-17T19:47:34.358+0000] {dag.py:4180} INFO - Setting next_dagrun for example_branch_labels to 2024-10-16 00:00:00+00:00, run_after=2024-10-17 00:00:00+00:00
[2024-10-17T19:47:34.368+0000] {processor.py:208} INFO - Processing /home/airflow/.local/lib/python3.12/site-packages/airflow/example_dags/example_branch_labels.py took 0.045 seconds
[2024-10-17T19:48:04.781+0000] {processor.py:186} INFO - Started process (PID=577) to work on /home/airflow/.local/lib/python3.12/site-packages/airflow/example_dags/example_branch_labels.py
[2024-10-17T19:48:04.782+0000] {processor.py:914} INFO - Processing file /home/airflow/.local/lib/python3.12/site-packages/airflow/example_dags/example_branch_labels.py for tasks to queue
[2024-10-17T19:48:04.783+0000] {logging_mixin.py:190} INFO - [2024-10-17T19:48:04.783+0000] {dagbag.py:588} INFO - Filling up the DagBag from /home/airflow/.local/lib/python3.12/site-packages/airflow/example_dags/example_branch_labels.py
[2024-10-17T19:48:04.789+0000] {processor.py:925} INFO - DAG(s) 'example_branch_labels' retrieved from /home/airflow/.local/lib/python3.12/site-packages/airflow/example_dags/example_branch_labels.py
[2024-10-17T19:48:04.799+0000] {logging_mixin.py:190} INFO - [2024-10-17T19:48:04.799+0000] {dag.py:3239} INFO - Sync 1 DAGs
[2024-10-17T19:48:04.810+0000] {logging_mixin.py:190} INFO - [2024-10-17T19:48:04.810+0000] {dag.py:4180} INFO - Setting next_dagrun for example_branch_labels to 2024-10-16 00:00:00+00:00, run_after=2024-10-17 00:00:00+00:00
[2024-10-17T19:48:04.819+0000] {processor.py:208} INFO - Processing /home/airflow/.local/lib/python3.12/site-packages/airflow/example_dags/example_branch_labels.py took 0.041 seconds
