[2024-10-17T17:10:34.609+0000] {processor.py:186} INFO - Started process (PID=72) to work on /home/airflow/.local/lib/python3.12/site-packages/airflow/example_dags/example_datasets.py
[2024-10-17T17:10:34.610+0000] {processor.py:914} INFO - Processing file /home/airflow/.local/lib/python3.12/site-packages/airflow/example_dags/example_datasets.py for tasks to queue
[2024-10-17T17:10:34.611+0000] {logging_mixin.py:190} INFO - [2024-10-17T17:10:34.611+0000] {dagbag.py:588} INFO - Filling up the DagBag from /home/airflow/.local/lib/python3.12/site-packages/airflow/example_dags/example_datasets.py
[2024-10-17T17:10:34.701+0000] {processor.py:925} INFO - DAG(s) 'dataset_consumes_1_never_scheduled', 'dataset_produces_1', 'dataset_consumes_1', 'consume_1_or_2_with_dataset_expressions', 'dataset_produces_2', 'consume_1_or_both_2_and_3_with_dataset_expressions', 'dataset_consumes_unknown_never_scheduled', 'consume_1_and_2_with_dataset_expressions', 'dataset_consumes_1_and_2', 'conditional_dataset_and_time_based_timetable' retrieved from /home/airflow/.local/lib/python3.12/site-packages/airflow/example_dags/example_datasets.py
[2024-10-17T17:10:34.762+0000] {logging_mixin.py:190} INFO - [2024-10-17T17:10:34.761+0000] {override.py:1900} INFO - Created Permission View: can delete on DAG:dataset_consumes_1_never_scheduled
[2024-10-17T17:10:34.768+0000] {logging_mixin.py:190} INFO - [2024-10-17T17:10:34.768+0000] {override.py:1900} INFO - Created Permission View: can edit on DAG:dataset_consumes_1_never_scheduled
[2024-10-17T17:10:34.772+0000] {logging_mixin.py:190} INFO - [2024-10-17T17:10:34.771+0000] {override.py:1900} INFO - Created Permission View: can read on DAG:dataset_consumes_1_never_scheduled
[2024-10-17T17:10:34.776+0000] {logging_mixin.py:190} INFO - [2024-10-17T17:10:34.775+0000] {override.py:1900} INFO - Created Permission View: can create on DAG Run:dataset_consumes_1_never_scheduled
[2024-10-17T17:10:34.779+0000] {logging_mixin.py:190} INFO - [2024-10-17T17:10:34.779+0000] {override.py:1900} INFO - Created Permission View: can delete on DAG Run:dataset_consumes_1_never_scheduled
[2024-10-17T17:10:34.783+0000] {logging_mixin.py:190} INFO - [2024-10-17T17:10:34.783+0000] {override.py:1900} INFO - Created Permission View: can read on DAG Run:dataset_consumes_1_never_scheduled
[2024-10-17T17:10:34.787+0000] {logging_mixin.py:190} INFO - [2024-10-17T17:10:34.787+0000] {override.py:1900} INFO - Created Permission View: menu access on DAG Run:dataset_consumes_1_never_scheduled
[2024-10-17T17:10:34.794+0000] {logging_mixin.py:190} INFO - [2024-10-17T17:10:34.794+0000] {override.py:1900} INFO - Created Permission View: can delete on DAG:dataset_produces_1
[2024-10-17T17:10:34.797+0000] {logging_mixin.py:190} INFO - [2024-10-17T17:10:34.797+0000] {override.py:1900} INFO - Created Permission View: can edit on DAG:dataset_produces_1
[2024-10-17T17:10:34.800+0000] {logging_mixin.py:190} INFO - [2024-10-17T17:10:34.800+0000] {override.py:1900} INFO - Created Permission View: can read on DAG:dataset_produces_1
[2024-10-17T17:10:34.804+0000] {logging_mixin.py:190} INFO - [2024-10-17T17:10:34.804+0000] {override.py:1900} INFO - Created Permission View: can create on DAG Run:dataset_produces_1
[2024-10-17T17:10:34.806+0000] {logging_mixin.py:190} INFO - [2024-10-17T17:10:34.806+0000] {override.py:1900} INFO - Created Permission View: can delete on DAG Run:dataset_produces_1
[2024-10-17T17:10:34.810+0000] {logging_mixin.py:190} INFO - [2024-10-17T17:10:34.809+0000] {override.py:1900} INFO - Created Permission View: can read on DAG Run:dataset_produces_1
[2024-10-17T17:10:34.812+0000] {logging_mixin.py:190} INFO - [2024-10-17T17:10:34.812+0000] {override.py:1900} INFO - Created Permission View: menu access on DAG Run:dataset_produces_1
[2024-10-17T17:10:34.818+0000] {logging_mixin.py:190} INFO - [2024-10-17T17:10:34.817+0000] {override.py:1900} INFO - Created Permission View: can delete on DAG:dataset_consumes_1
[2024-10-17T17:10:34.820+0000] {logging_mixin.py:190} INFO - [2024-10-17T17:10:34.820+0000] {override.py:1900} INFO - Created Permission View: can edit on DAG:dataset_consumes_1
[2024-10-17T17:10:34.823+0000] {logging_mixin.py:190} INFO - [2024-10-17T17:10:34.823+0000] {override.py:1900} INFO - Created Permission View: can read on DAG:dataset_consumes_1
[2024-10-17T17:10:34.826+0000] {logging_mixin.py:190} INFO - [2024-10-17T17:10:34.826+0000] {override.py:1900} INFO - Created Permission View: can create on DAG Run:dataset_consumes_1
[2024-10-17T17:10:34.829+0000] {logging_mixin.py:190} INFO - [2024-10-17T17:10:34.829+0000] {override.py:1900} INFO - Created Permission View: can delete on DAG Run:dataset_consumes_1
[2024-10-17T17:10:34.832+0000] {logging_mixin.py:190} INFO - [2024-10-17T17:10:34.832+0000] {override.py:1900} INFO - Created Permission View: can read on DAG Run:dataset_consumes_1
[2024-10-17T17:10:34.835+0000] {logging_mixin.py:190} INFO - [2024-10-17T17:10:34.834+0000] {override.py:1900} INFO - Created Permission View: menu access on DAG Run:dataset_consumes_1
[2024-10-17T17:10:34.840+0000] {logging_mixin.py:190} INFO - [2024-10-17T17:10:34.840+0000] {override.py:1900} INFO - Created Permission View: can delete on DAG:consume_1_or_2_with_dataset_expressions
[2024-10-17T17:10:34.842+0000] {logging_mixin.py:190} INFO - [2024-10-17T17:10:34.842+0000] {override.py:1900} INFO - Created Permission View: can edit on DAG:consume_1_or_2_with_dataset_expressions
[2024-10-17T17:10:34.845+0000] {logging_mixin.py:190} INFO - [2024-10-17T17:10:34.845+0000] {override.py:1900} INFO - Created Permission View: can read on DAG:consume_1_or_2_with_dataset_expressions
[2024-10-17T17:10:34.848+0000] {logging_mixin.py:190} INFO - [2024-10-17T17:10:34.847+0000] {override.py:1900} INFO - Created Permission View: can create on DAG Run:consume_1_or_2_with_dataset_expressions
[2024-10-17T17:10:34.850+0000] {logging_mixin.py:190} INFO - [2024-10-17T17:10:34.850+0000] {override.py:1900} INFO - Created Permission View: can delete on DAG Run:consume_1_or_2_with_dataset_expressions
[2024-10-17T17:10:34.852+0000] {logging_mixin.py:190} INFO - [2024-10-17T17:10:34.852+0000] {override.py:1900} INFO - Created Permission View: can read on DAG Run:consume_1_or_2_with_dataset_expressions
[2024-10-17T17:10:34.855+0000] {logging_mixin.py:190} INFO - [2024-10-17T17:10:34.855+0000] {override.py:1900} INFO - Created Permission View: menu access on DAG Run:consume_1_or_2_with_dataset_expressions
[2024-10-17T17:10:34.861+0000] {logging_mixin.py:190} INFO - [2024-10-17T17:10:34.861+0000] {override.py:1900} INFO - Created Permission View: can delete on DAG:dataset_produces_2
[2024-10-17T17:10:34.863+0000] {logging_mixin.py:190} INFO - [2024-10-17T17:10:34.863+0000] {override.py:1900} INFO - Created Permission View: can edit on DAG:dataset_produces_2
[2024-10-17T17:10:34.866+0000] {logging_mixin.py:190} INFO - [2024-10-17T17:10:34.866+0000] {override.py:1900} INFO - Created Permission View: can read on DAG:dataset_produces_2
[2024-10-17T17:10:34.869+0000] {logging_mixin.py:190} INFO - [2024-10-17T17:10:34.869+0000] {override.py:1900} INFO - Created Permission View: can create on DAG Run:dataset_produces_2
[2024-10-17T17:10:34.873+0000] {logging_mixin.py:190} INFO - [2024-10-17T17:10:34.873+0000] {override.py:1900} INFO - Created Permission View: can delete on DAG Run:dataset_produces_2
[2024-10-17T17:10:34.876+0000] {logging_mixin.py:190} INFO - [2024-10-17T17:10:34.875+0000] {override.py:1900} INFO - Created Permission View: can read on DAG Run:dataset_produces_2
[2024-10-17T17:10:34.878+0000] {logging_mixin.py:190} INFO - [2024-10-17T17:10:34.878+0000] {override.py:1900} INFO - Created Permission View: menu access on DAG Run:dataset_produces_2
[2024-10-17T17:10:34.884+0000] {logging_mixin.py:190} INFO - [2024-10-17T17:10:34.884+0000] {override.py:1900} INFO - Created Permission View: can delete on DAG:consume_1_or_both_2_and_3_with_dataset_expressions
[2024-10-17T17:10:34.887+0000] {logging_mixin.py:190} INFO - [2024-10-17T17:10:34.886+0000] {override.py:1900} INFO - Created Permission View: can edit on DAG:consume_1_or_both_2_and_3_with_dataset_expressions
[2024-10-17T17:10:34.890+0000] {logging_mixin.py:190} INFO - [2024-10-17T17:10:34.890+0000] {override.py:1900} INFO - Created Permission View: can read on DAG:consume_1_or_both_2_and_3_with_dataset_expressions
[2024-10-17T17:10:34.893+0000] {logging_mixin.py:190} INFO - [2024-10-17T17:10:34.892+0000] {override.py:1900} INFO - Created Permission View: can create on DAG Run:consume_1_or_both_2_and_3_with_dataset_expressions
[2024-10-17T17:10:34.895+0000] {logging_mixin.py:190} INFO - [2024-10-17T17:10:34.895+0000] {override.py:1900} INFO - Created Permission View: can delete on DAG Run:consume_1_or_both_2_and_3_with_dataset_expressions
[2024-10-17T17:10:34.898+0000] {logging_mixin.py:190} INFO - [2024-10-17T17:10:34.898+0000] {override.py:1900} INFO - Created Permission View: can read on DAG Run:consume_1_or_both_2_and_3_with_dataset_expressions
[2024-10-17T17:10:34.900+0000] {logging_mixin.py:190} INFO - [2024-10-17T17:10:34.900+0000] {override.py:1900} INFO - Created Permission View: menu access on DAG Run:consume_1_or_both_2_and_3_with_dataset_expressions
[2024-10-17T17:10:34.906+0000] {logging_mixin.py:190} INFO - [2024-10-17T17:10:34.905+0000] {override.py:1900} INFO - Created Permission View: can delete on DAG:dataset_consumes_unknown_never_scheduled
[2024-10-17T17:10:34.908+0000] {logging_mixin.py:190} INFO - [2024-10-17T17:10:34.908+0000] {override.py:1900} INFO - Created Permission View: can edit on DAG:dataset_consumes_unknown_never_scheduled
[2024-10-17T17:10:34.911+0000] {logging_mixin.py:190} INFO - [2024-10-17T17:10:34.911+0000] {override.py:1900} INFO - Created Permission View: can read on DAG:dataset_consumes_unknown_never_scheduled
[2024-10-17T17:10:34.914+0000] {logging_mixin.py:190} INFO - [2024-10-17T17:10:34.913+0000] {override.py:1900} INFO - Created Permission View: can create on DAG Run:dataset_consumes_unknown_never_scheduled
[2024-10-17T17:10:34.916+0000] {logging_mixin.py:190} INFO - [2024-10-17T17:10:34.916+0000] {override.py:1900} INFO - Created Permission View: can delete on DAG Run:dataset_consumes_unknown_never_scheduled
[2024-10-17T17:10:34.919+0000] {logging_mixin.py:190} INFO - [2024-10-17T17:10:34.919+0000] {override.py:1900} INFO - Created Permission View: can read on DAG Run:dataset_consumes_unknown_never_scheduled
[2024-10-17T17:10:34.921+0000] {logging_mixin.py:190} INFO - [2024-10-17T17:10:34.921+0000] {override.py:1900} INFO - Created Permission View: menu access on DAG Run:dataset_consumes_unknown_never_scheduled
[2024-10-17T17:10:34.927+0000] {logging_mixin.py:190} INFO - [2024-10-17T17:10:34.927+0000] {override.py:1900} INFO - Created Permission View: can delete on DAG:consume_1_and_2_with_dataset_expressions
[2024-10-17T17:10:34.930+0000] {logging_mixin.py:190} INFO - [2024-10-17T17:10:34.930+0000] {override.py:1900} INFO - Created Permission View: can edit on DAG:consume_1_and_2_with_dataset_expressions
[2024-10-17T17:10:34.932+0000] {logging_mixin.py:190} INFO - [2024-10-17T17:10:34.932+0000] {override.py:1900} INFO - Created Permission View: can read on DAG:consume_1_and_2_with_dataset_expressions
[2024-10-17T17:10:34.935+0000] {logging_mixin.py:190} INFO - [2024-10-17T17:10:34.935+0000] {override.py:1900} INFO - Created Permission View: can create on DAG Run:consume_1_and_2_with_dataset_expressions
[2024-10-17T17:10:34.937+0000] {logging_mixin.py:190} INFO - [2024-10-17T17:10:34.937+0000] {override.py:1900} INFO - Created Permission View: can delete on DAG Run:consume_1_and_2_with_dataset_expressions
[2024-10-17T17:10:34.940+0000] {logging_mixin.py:190} INFO - [2024-10-17T17:10:34.940+0000] {override.py:1900} INFO - Created Permission View: can read on DAG Run:consume_1_and_2_with_dataset_expressions
[2024-10-17T17:10:34.942+0000] {logging_mixin.py:190} INFO - [2024-10-17T17:10:34.942+0000] {override.py:1900} INFO - Created Permission View: menu access on DAG Run:consume_1_and_2_with_dataset_expressions
[2024-10-17T17:10:34.947+0000] {logging_mixin.py:190} INFO - [2024-10-17T17:10:34.947+0000] {override.py:1900} INFO - Created Permission View: can delete on DAG:dataset_consumes_1_and_2
[2024-10-17T17:10:34.949+0000] {logging_mixin.py:190} INFO - [2024-10-17T17:10:34.949+0000] {override.py:1900} INFO - Created Permission View: can edit on DAG:dataset_consumes_1_and_2
[2024-10-17T17:10:34.952+0000] {logging_mixin.py:190} INFO - [2024-10-17T17:10:34.952+0000] {override.py:1900} INFO - Created Permission View: can read on DAG:dataset_consumes_1_and_2
[2024-10-17T17:10:34.955+0000] {logging_mixin.py:190} INFO - [2024-10-17T17:10:34.955+0000] {override.py:1900} INFO - Created Permission View: can create on DAG Run:dataset_consumes_1_and_2
[2024-10-17T17:10:34.957+0000] {logging_mixin.py:190} INFO - [2024-10-17T17:10:34.957+0000] {override.py:1900} INFO - Created Permission View: can delete on DAG Run:dataset_consumes_1_and_2
[2024-10-17T17:10:34.961+0000] {logging_mixin.py:190} INFO - [2024-10-17T17:10:34.961+0000] {override.py:1900} INFO - Created Permission View: can read on DAG Run:dataset_consumes_1_and_2
[2024-10-17T17:10:34.964+0000] {logging_mixin.py:190} INFO - [2024-10-17T17:10:34.964+0000] {override.py:1900} INFO - Created Permission View: menu access on DAG Run:dataset_consumes_1_and_2
[2024-10-17T17:10:34.969+0000] {logging_mixin.py:190} INFO - [2024-10-17T17:10:34.969+0000] {override.py:1900} INFO - Created Permission View: can delete on DAG:conditional_dataset_and_time_based_timetable
[2024-10-17T17:10:34.971+0000] {logging_mixin.py:190} INFO - [2024-10-17T17:10:34.971+0000] {override.py:1900} INFO - Created Permission View: can edit on DAG:conditional_dataset_and_time_based_timetable
[2024-10-17T17:10:34.974+0000] {logging_mixin.py:190} INFO - [2024-10-17T17:10:34.974+0000] {override.py:1900} INFO - Created Permission View: can read on DAG:conditional_dataset_and_time_based_timetable
[2024-10-17T17:10:34.977+0000] {logging_mixin.py:190} INFO - [2024-10-17T17:10:34.977+0000] {override.py:1900} INFO - Created Permission View: can create on DAG Run:conditional_dataset_and_time_based_timetable
[2024-10-17T17:10:34.980+0000] {logging_mixin.py:190} INFO - [2024-10-17T17:10:34.979+0000] {override.py:1900} INFO - Created Permission View: can delete on DAG Run:conditional_dataset_and_time_based_timetable
[2024-10-17T17:10:34.982+0000] {logging_mixin.py:190} INFO - [2024-10-17T17:10:34.982+0000] {override.py:1900} INFO - Created Permission View: can read on DAG Run:conditional_dataset_and_time_based_timetable
[2024-10-17T17:10:34.986+0000] {logging_mixin.py:190} INFO - [2024-10-17T17:10:34.986+0000] {override.py:1900} INFO - Created Permission View: menu access on DAG Run:conditional_dataset_and_time_based_timetable
[2024-10-17T17:10:34.986+0000] {logging_mixin.py:190} INFO - [2024-10-17T17:10:34.986+0000] {dag.py:3239} INFO - Sync 10 DAGs
[2024-10-17T17:10:34.993+0000] {logging_mixin.py:190} INFO - [2024-10-17T17:10:34.993+0000] {dag.py:3262} INFO - Creating ORM DAG for consume_1_or_both_2_and_3_with_dataset_expressions
[2024-10-17T17:10:34.993+0000] {logging_mixin.py:190} INFO - [2024-10-17T17:10:34.993+0000] {dag.py:3262} INFO - Creating ORM DAG for dataset_produces_1
[2024-10-17T17:10:34.994+0000] {logging_mixin.py:190} INFO - [2024-10-17T17:10:34.993+0000] {dag.py:3262} INFO - Creating ORM DAG for consume_1_and_2_with_dataset_expressions
[2024-10-17T17:10:34.994+0000] {logging_mixin.py:190} INFO - [2024-10-17T17:10:34.994+0000] {dag.py:3262} INFO - Creating ORM DAG for dataset_produces_2
[2024-10-17T17:10:34.994+0000] {logging_mixin.py:190} INFO - [2024-10-17T17:10:34.994+0000] {dag.py:3262} INFO - Creating ORM DAG for conditional_dataset_and_time_based_timetable
[2024-10-17T17:10:34.994+0000] {logging_mixin.py:190} INFO - [2024-10-17T17:10:34.994+0000] {dag.py:3262} INFO - Creating ORM DAG for dataset_consumes_1_never_scheduled
[2024-10-17T17:10:34.995+0000] {logging_mixin.py:190} INFO - [2024-10-17T17:10:34.995+0000] {dag.py:3262} INFO - Creating ORM DAG for dataset_consumes_1_and_2
[2024-10-17T17:10:34.995+0000] {logging_mixin.py:190} INFO - [2024-10-17T17:10:34.995+0000] {dag.py:3262} INFO - Creating ORM DAG for consume_1_or_2_with_dataset_expressions
[2024-10-17T17:10:34.995+0000] {logging_mixin.py:190} INFO - [2024-10-17T17:10:34.995+0000] {dag.py:3262} INFO - Creating ORM DAG for dataset_consumes_1
[2024-10-17T17:10:34.996+0000] {logging_mixin.py:190} INFO - [2024-10-17T17:10:34.996+0000] {dag.py:3262} INFO - Creating ORM DAG for dataset_consumes_unknown_never_scheduled
[2024-10-17T17:10:35.001+0000] {logging_mixin.py:190} INFO - [2024-10-17T17:10:35.001+0000] {dag.py:4180} INFO - Setting next_dagrun for conditional_dataset_and_time_based_timetable to 2024-10-16 01:00:00+00:00, run_after=2024-10-16 01:00:00+00:00
[2024-10-17T17:10:35.002+0000] {logging_mixin.py:190} INFO - [2024-10-17T17:10:35.002+0000] {dag.py:4180} INFO - Setting next_dagrun for consume_1_and_2_with_dataset_expressions to None, run_after=None
[2024-10-17T17:10:35.002+0000] {logging_mixin.py:190} INFO - [2024-10-17T17:10:35.002+0000] {dag.py:4180} INFO - Setting next_dagrun for consume_1_or_2_with_dataset_expressions to None, run_after=None
[2024-10-17T17:10:35.002+0000] {logging_mixin.py:190} INFO - [2024-10-17T17:10:35.002+0000] {dag.py:4180} INFO - Setting next_dagrun for consume_1_or_both_2_and_3_with_dataset_expressions to None, run_after=None
[2024-10-17T17:10:35.003+0000] {logging_mixin.py:190} INFO - [2024-10-17T17:10:35.003+0000] {dag.py:4180} INFO - Setting next_dagrun for dataset_consumes_1 to None, run_after=None
[2024-10-17T17:10:35.003+0000] {logging_mixin.py:190} INFO - [2024-10-17T17:10:35.003+0000] {dag.py:4180} INFO - Setting next_dagrun for dataset_consumes_1_and_2 to None, run_after=None
[2024-10-17T17:10:35.004+0000] {logging_mixin.py:190} INFO - [2024-10-17T17:10:35.004+0000] {dag.py:4180} INFO - Setting next_dagrun for dataset_consumes_1_never_scheduled to None, run_after=None
[2024-10-17T17:10:35.004+0000] {logging_mixin.py:190} INFO - [2024-10-17T17:10:35.004+0000] {dag.py:4180} INFO - Setting next_dagrun for dataset_consumes_unknown_never_scheduled to None, run_after=None
[2024-10-17T17:10:35.005+0000] {logging_mixin.py:190} INFO - [2024-10-17T17:10:35.005+0000] {dag.py:4180} INFO - Setting next_dagrun for dataset_produces_1 to 2024-10-16 00:00:00+00:00, run_after=2024-10-17 00:00:00+00:00
[2024-10-17T17:10:35.005+0000] {logging_mixin.py:190} INFO - [2024-10-17T17:10:35.005+0000] {dag.py:4180} INFO - Setting next_dagrun for dataset_produces_2 to None, run_after=None
[2024-10-17T17:10:35.028+0000] {processor.py:208} INFO - Processing /home/airflow/.local/lib/python3.12/site-packages/airflow/example_dags/example_datasets.py took 0.422 seconds
[2024-10-17T17:11:05.429+0000] {processor.py:186} INFO - Started process (PID=136) to work on /home/airflow/.local/lib/python3.12/site-packages/airflow/example_dags/example_datasets.py
[2024-10-17T17:11:05.430+0000] {processor.py:914} INFO - Processing file /home/airflow/.local/lib/python3.12/site-packages/airflow/example_dags/example_datasets.py for tasks to queue
[2024-10-17T17:11:05.431+0000] {logging_mixin.py:190} INFO - [2024-10-17T17:11:05.431+0000] {dagbag.py:588} INFO - Filling up the DagBag from /home/airflow/.local/lib/python3.12/site-packages/airflow/example_dags/example_datasets.py
[2024-10-17T17:11:05.524+0000] {processor.py:925} INFO - DAG(s) 'consume_1_or_both_2_and_3_with_dataset_expressions', 'dataset_consumes_unknown_never_scheduled', 'dataset_consumes_1_never_scheduled', 'consume_1_or_2_with_dataset_expressions', 'dataset_produces_2', 'dataset_produces_1', 'consume_1_and_2_with_dataset_expressions', 'dataset_consumes_1_and_2', 'dataset_consumes_1', 'conditional_dataset_and_time_based_timetable' retrieved from /home/airflow/.local/lib/python3.12/site-packages/airflow/example_dags/example_datasets.py
[2024-10-17T17:11:05.545+0000] {logging_mixin.py:190} INFO - [2024-10-17T17:11:05.545+0000] {dag.py:3239} INFO - Sync 10 DAGs
[2024-10-17T17:11:05.558+0000] {logging_mixin.py:190} INFO - [2024-10-17T17:11:05.558+0000] {dag.py:4180} INFO - Setting next_dagrun for conditional_dataset_and_time_based_timetable to 2024-10-16 01:00:00+00:00, run_after=2024-10-16 01:00:00+00:00
[2024-10-17T17:11:05.560+0000] {logging_mixin.py:190} INFO - [2024-10-17T17:11:05.560+0000] {dag.py:4180} INFO - Setting next_dagrun for consume_1_and_2_with_dataset_expressions to None, run_after=None
[2024-10-17T17:11:05.561+0000] {logging_mixin.py:190} INFO - [2024-10-17T17:11:05.561+0000] {dag.py:4180} INFO - Setting next_dagrun for consume_1_or_2_with_dataset_expressions to None, run_after=None
[2024-10-17T17:11:05.561+0000] {logging_mixin.py:190} INFO - [2024-10-17T17:11:05.561+0000] {dag.py:4180} INFO - Setting next_dagrun for consume_1_or_both_2_and_3_with_dataset_expressions to None, run_after=None
[2024-10-17T17:11:05.562+0000] {logging_mixin.py:190} INFO - [2024-10-17T17:11:05.562+0000] {dag.py:4180} INFO - Setting next_dagrun for dataset_consumes_1 to None, run_after=None
[2024-10-17T17:11:05.562+0000] {logging_mixin.py:190} INFO - [2024-10-17T17:11:05.562+0000] {dag.py:4180} INFO - Setting next_dagrun for dataset_consumes_1_and_2 to None, run_after=None
[2024-10-17T17:11:05.563+0000] {logging_mixin.py:190} INFO - [2024-10-17T17:11:05.563+0000] {dag.py:4180} INFO - Setting next_dagrun for dataset_consumes_1_never_scheduled to None, run_after=None
[2024-10-17T17:11:05.564+0000] {logging_mixin.py:190} INFO - [2024-10-17T17:11:05.563+0000] {dag.py:4180} INFO - Setting next_dagrun for dataset_consumes_unknown_never_scheduled to None, run_after=None
[2024-10-17T17:11:05.565+0000] {logging_mixin.py:190} INFO - [2024-10-17T17:11:05.564+0000] {dag.py:4180} INFO - Setting next_dagrun for dataset_produces_1 to 2024-10-16 00:00:00+00:00, run_after=2024-10-17 00:00:00+00:00
[2024-10-17T17:11:05.565+0000] {logging_mixin.py:190} INFO - [2024-10-17T17:11:05.565+0000] {dag.py:4180} INFO - Setting next_dagrun for dataset_produces_2 to None, run_after=None
[2024-10-17T17:11:05.581+0000] {processor.py:208} INFO - Processing /home/airflow/.local/lib/python3.12/site-packages/airflow/example_dags/example_datasets.py took 0.156 seconds
[2024-10-17T17:11:35.695+0000] {processor.py:186} INFO - Started process (PID=197) to work on /home/airflow/.local/lib/python3.12/site-packages/airflow/example_dags/example_datasets.py
[2024-10-17T17:11:35.695+0000] {processor.py:914} INFO - Processing file /home/airflow/.local/lib/python3.12/site-packages/airflow/example_dags/example_datasets.py for tasks to queue
[2024-10-17T17:11:35.697+0000] {logging_mixin.py:190} INFO - [2024-10-17T17:11:35.697+0000] {dagbag.py:588} INFO - Filling up the DagBag from /home/airflow/.local/lib/python3.12/site-packages/airflow/example_dags/example_datasets.py
[2024-10-17T17:11:35.771+0000] {processor.py:925} INFO - DAG(s) 'conditional_dataset_and_time_based_timetable', 'consume_1_or_both_2_and_3_with_dataset_expressions', 'dataset_consumes_1_and_2', 'dataset_consumes_unknown_never_scheduled', 'dataset_produces_2', 'dataset_consumes_1_never_scheduled', 'consume_1_and_2_with_dataset_expressions', 'dataset_produces_1', 'dataset_consumes_1', 'consume_1_or_2_with_dataset_expressions' retrieved from /home/airflow/.local/lib/python3.12/site-packages/airflow/example_dags/example_datasets.py
[2024-10-17T17:11:35.792+0000] {logging_mixin.py:190} INFO - [2024-10-17T17:11:35.792+0000] {dag.py:3239} INFO - Sync 10 DAGs
[2024-10-17T17:11:35.805+0000] {logging_mixin.py:190} INFO - [2024-10-17T17:11:35.805+0000] {dag.py:4180} INFO - Setting next_dagrun for conditional_dataset_and_time_based_timetable to 2024-10-16 01:00:00+00:00, run_after=2024-10-16 01:00:00+00:00
[2024-10-17T17:11:35.807+0000] {logging_mixin.py:190} INFO - [2024-10-17T17:11:35.807+0000] {dag.py:4180} INFO - Setting next_dagrun for consume_1_and_2_with_dataset_expressions to None, run_after=None
[2024-10-17T17:11:35.808+0000] {logging_mixin.py:190} INFO - [2024-10-17T17:11:35.808+0000] {dag.py:4180} INFO - Setting next_dagrun for consume_1_or_2_with_dataset_expressions to None, run_after=None
[2024-10-17T17:11:35.808+0000] {logging_mixin.py:190} INFO - [2024-10-17T17:11:35.808+0000] {dag.py:4180} INFO - Setting next_dagrun for consume_1_or_both_2_and_3_with_dataset_expressions to None, run_after=None
[2024-10-17T17:11:35.809+0000] {logging_mixin.py:190} INFO - [2024-10-17T17:11:35.809+0000] {dag.py:4180} INFO - Setting next_dagrun for dataset_consumes_1 to None, run_after=None
[2024-10-17T17:11:35.810+0000] {logging_mixin.py:190} INFO - [2024-10-17T17:11:35.810+0000] {dag.py:4180} INFO - Setting next_dagrun for dataset_consumes_1_and_2 to None, run_after=None
[2024-10-17T17:11:35.811+0000] {logging_mixin.py:190} INFO - [2024-10-17T17:11:35.810+0000] {dag.py:4180} INFO - Setting next_dagrun for dataset_consumes_1_never_scheduled to None, run_after=None
[2024-10-17T17:11:35.811+0000] {logging_mixin.py:190} INFO - [2024-10-17T17:11:35.811+0000] {dag.py:4180} INFO - Setting next_dagrun for dataset_consumes_unknown_never_scheduled to None, run_after=None
[2024-10-17T17:11:35.812+0000] {logging_mixin.py:190} INFO - [2024-10-17T17:11:35.812+0000] {dag.py:4180} INFO - Setting next_dagrun for dataset_produces_1 to 2024-10-16 00:00:00+00:00, run_after=2024-10-17 00:00:00+00:00
[2024-10-17T17:11:35.813+0000] {logging_mixin.py:190} INFO - [2024-10-17T17:11:35.813+0000] {dag.py:4180} INFO - Setting next_dagrun for dataset_produces_2 to None, run_after=None
[2024-10-17T17:11:35.827+0000] {processor.py:208} INFO - Processing /home/airflow/.local/lib/python3.12/site-packages/airflow/example_dags/example_datasets.py took 0.136 seconds
[2024-10-17T17:12:06.180+0000] {processor.py:186} INFO - Started process (PID=259) to work on /home/airflow/.local/lib/python3.12/site-packages/airflow/example_dags/example_datasets.py
[2024-10-17T17:12:06.181+0000] {processor.py:914} INFO - Processing file /home/airflow/.local/lib/python3.12/site-packages/airflow/example_dags/example_datasets.py for tasks to queue
[2024-10-17T17:12:06.183+0000] {logging_mixin.py:190} INFO - [2024-10-17T17:12:06.183+0000] {dagbag.py:588} INFO - Filling up the DagBag from /home/airflow/.local/lib/python3.12/site-packages/airflow/example_dags/example_datasets.py
[2024-10-17T17:12:06.259+0000] {processor.py:925} INFO - DAG(s) 'conditional_dataset_and_time_based_timetable', 'dataset_consumes_1', 'dataset_produces_1', 'dataset_consumes_unknown_never_scheduled', 'dataset_consumes_1_never_scheduled', 'consume_1_and_2_with_dataset_expressions', 'consume_1_or_2_with_dataset_expressions', 'dataset_produces_2', 'consume_1_or_both_2_and_3_with_dataset_expressions', 'dataset_consumes_1_and_2' retrieved from /home/airflow/.local/lib/python3.12/site-packages/airflow/example_dags/example_datasets.py
[2024-10-17T17:12:06.279+0000] {logging_mixin.py:190} INFO - [2024-10-17T17:12:06.278+0000] {dag.py:3239} INFO - Sync 10 DAGs
[2024-10-17T17:12:06.291+0000] {logging_mixin.py:190} INFO - [2024-10-17T17:12:06.291+0000] {dag.py:4180} INFO - Setting next_dagrun for conditional_dataset_and_time_based_timetable to 2024-10-16 01:00:00+00:00, run_after=2024-10-16 01:00:00+00:00
[2024-10-17T17:12:06.293+0000] {logging_mixin.py:190} INFO - [2024-10-17T17:12:06.293+0000] {dag.py:4180} INFO - Setting next_dagrun for consume_1_and_2_with_dataset_expressions to None, run_after=None
[2024-10-17T17:12:06.294+0000] {logging_mixin.py:190} INFO - [2024-10-17T17:12:06.294+0000] {dag.py:4180} INFO - Setting next_dagrun for consume_1_or_2_with_dataset_expressions to None, run_after=None
[2024-10-17T17:12:06.294+0000] {logging_mixin.py:190} INFO - [2024-10-17T17:12:06.294+0000] {dag.py:4180} INFO - Setting next_dagrun for consume_1_or_both_2_and_3_with_dataset_expressions to None, run_after=None
[2024-10-17T17:12:06.295+0000] {logging_mixin.py:190} INFO - [2024-10-17T17:12:06.295+0000] {dag.py:4180} INFO - Setting next_dagrun for dataset_consumes_1 to None, run_after=None
[2024-10-17T17:12:06.296+0000] {logging_mixin.py:190} INFO - [2024-10-17T17:12:06.296+0000] {dag.py:4180} INFO - Setting next_dagrun for dataset_consumes_1_and_2 to None, run_after=None
[2024-10-17T17:12:06.296+0000] {logging_mixin.py:190} INFO - [2024-10-17T17:12:06.296+0000] {dag.py:4180} INFO - Setting next_dagrun for dataset_consumes_1_never_scheduled to None, run_after=None
[2024-10-17T17:12:06.297+0000] {logging_mixin.py:190} INFO - [2024-10-17T17:12:06.297+0000] {dag.py:4180} INFO - Setting next_dagrun for dataset_consumes_unknown_never_scheduled to None, run_after=None
[2024-10-17T17:12:06.298+0000] {logging_mixin.py:190} INFO - [2024-10-17T17:12:06.298+0000] {dag.py:4180} INFO - Setting next_dagrun for dataset_produces_1 to 2024-10-16 00:00:00+00:00, run_after=2024-10-17 00:00:00+00:00
[2024-10-17T17:12:06.298+0000] {logging_mixin.py:190} INFO - [2024-10-17T17:12:06.298+0000] {dag.py:4180} INFO - Setting next_dagrun for dataset_produces_2 to None, run_after=None
[2024-10-17T17:12:06.314+0000] {processor.py:208} INFO - Processing /home/airflow/.local/lib/python3.12/site-packages/airflow/example_dags/example_datasets.py took 0.137 seconds
