[2024-10-17T17:10:32.177+0000] {processor.py:186} INFO - Started process (PID=37) to work on /home/airflow/.local/lib/python3.12/site-packages/airflow/example_dags/example_xcomargs.py
[2024-10-17T17:10:32.178+0000] {processor.py:914} INFO - Processing file /home/airflow/.local/lib/python3.12/site-packages/airflow/example_dags/example_xcomargs.py for tasks to queue
[2024-10-17T17:10:32.179+0000] {logging_mixin.py:190} INFO - [2024-10-17T17:10:32.179+0000] {dagbag.py:588} INFO - Filling up the DagBag from /home/airflow/.local/lib/python3.12/site-packages/airflow/example_dags/example_xcomargs.py
[2024-10-17T17:10:32.188+0000] {processor.py:925} INFO - DAG(s) 'example_xcom_args_with_operators', 'example_xcom_args' retrieved from /home/airflow/.local/lib/python3.12/site-packages/airflow/example_dags/example_xcomargs.py
[2024-10-17T17:10:32.277+0000] {logging_mixin.py:190} INFO - [2024-10-17T17:10:32.276+0000] {override.py:1900} INFO - Created Permission View: can delete on DAG:example_xcom_args_with_operators
[2024-10-17T17:10:32.282+0000] {logging_mixin.py:190} INFO - [2024-10-17T17:10:32.282+0000] {override.py:1900} INFO - Created Permission View: can edit on DAG:example_xcom_args_with_operators
[2024-10-17T17:10:32.285+0000] {logging_mixin.py:190} INFO - [2024-10-17T17:10:32.285+0000] {override.py:1900} INFO - Created Permission View: can read on DAG:example_xcom_args_with_operators
[2024-10-17T17:10:32.288+0000] {logging_mixin.py:190} INFO - [2024-10-17T17:10:32.288+0000] {override.py:1900} INFO - Created Permission View: can create on DAG Run:example_xcom_args_with_operators
[2024-10-17T17:10:32.291+0000] {logging_mixin.py:190} INFO - [2024-10-17T17:10:32.291+0000] {override.py:1900} INFO - Created Permission View: can delete on DAG Run:example_xcom_args_with_operators
[2024-10-17T17:10:32.293+0000] {logging_mixin.py:190} INFO - [2024-10-17T17:10:32.293+0000] {override.py:1900} INFO - Created Permission View: can read on DAG Run:example_xcom_args_with_operators
[2024-10-17T17:10:32.297+0000] {logging_mixin.py:190} INFO - [2024-10-17T17:10:32.296+0000] {override.py:1900} INFO - Created Permission View: menu access on DAG Run:example_xcom_args_with_operators
[2024-10-17T17:10:32.305+0000] {logging_mixin.py:190} INFO - [2024-10-17T17:10:32.304+0000] {override.py:1900} INFO - Created Permission View: can delete on DAG:example_xcom_args
[2024-10-17T17:10:32.310+0000] {logging_mixin.py:190} INFO - [2024-10-17T17:10:32.310+0000] {override.py:1900} INFO - Created Permission View: can edit on DAG:example_xcom_args
[2024-10-17T17:10:32.317+0000] {logging_mixin.py:190} INFO - [2024-10-17T17:10:32.317+0000] {override.py:1900} INFO - Created Permission View: can read on DAG:example_xcom_args
[2024-10-17T17:10:32.323+0000] {logging_mixin.py:190} INFO - [2024-10-17T17:10:32.323+0000] {override.py:1900} INFO - Created Permission View: can create on DAG Run:example_xcom_args
[2024-10-17T17:10:32.327+0000] {logging_mixin.py:190} INFO - [2024-10-17T17:10:32.327+0000] {override.py:1900} INFO - Created Permission View: can delete on DAG Run:example_xcom_args
[2024-10-17T17:10:32.331+0000] {logging_mixin.py:190} INFO - [2024-10-17T17:10:32.330+0000] {override.py:1900} INFO - Created Permission View: can read on DAG Run:example_xcom_args
[2024-10-17T17:10:32.334+0000] {logging_mixin.py:190} INFO - [2024-10-17T17:10:32.334+0000] {override.py:1900} INFO - Created Permission View: menu access on DAG Run:example_xcom_args
[2024-10-17T17:10:32.334+0000] {logging_mixin.py:190} INFO - [2024-10-17T17:10:32.334+0000] {dag.py:3239} INFO - Sync 2 DAGs
[2024-10-17T17:10:32.341+0000] {logging_mixin.py:190} INFO - [2024-10-17T17:10:32.341+0000] {dag.py:3262} INFO - Creating ORM DAG for example_xcom_args_with_operators
[2024-10-17T17:10:32.342+0000] {logging_mixin.py:190} INFO - [2024-10-17T17:10:32.342+0000] {dag.py:3262} INFO - Creating ORM DAG for example_xcom_args
[2024-10-17T17:10:32.342+0000] {logging_mixin.py:190} INFO - [2024-10-17T17:10:32.342+0000] {dag.py:4180} INFO - Setting next_dagrun for example_xcom_args to None, run_after=None
[2024-10-17T17:10:32.343+0000] {logging_mixin.py:190} INFO - [2024-10-17T17:10:32.343+0000] {dag.py:4180} INFO - Setting next_dagrun for example_xcom_args_with_operators to None, run_after=None
[2024-10-17T17:10:32.353+0000] {processor.py:208} INFO - Processing /home/airflow/.local/lib/python3.12/site-packages/airflow/example_dags/example_xcomargs.py took 0.181 seconds
[2024-10-17T17:11:03.207+0000] {processor.py:186} INFO - Started process (PID=99) to work on /home/airflow/.local/lib/python3.12/site-packages/airflow/example_dags/example_xcomargs.py
[2024-10-17T17:11:03.208+0000] {processor.py:914} INFO - Processing file /home/airflow/.local/lib/python3.12/site-packages/airflow/example_dags/example_xcomargs.py for tasks to queue
[2024-10-17T17:11:03.210+0000] {logging_mixin.py:190} INFO - [2024-10-17T17:11:03.209+0000] {dagbag.py:588} INFO - Filling up the DagBag from /home/airflow/.local/lib/python3.12/site-packages/airflow/example_dags/example_xcomargs.py
[2024-10-17T17:11:03.215+0000] {processor.py:925} INFO - DAG(s) 'example_xcom_args', 'example_xcom_args_with_operators' retrieved from /home/airflow/.local/lib/python3.12/site-packages/airflow/example_dags/example_xcomargs.py
[2024-10-17T17:11:03.228+0000] {logging_mixin.py:190} INFO - [2024-10-17T17:11:03.228+0000] {dag.py:3239} INFO - Sync 2 DAGs
[2024-10-17T17:11:03.235+0000] {logging_mixin.py:190} INFO - [2024-10-17T17:11:03.235+0000] {dag.py:4180} INFO - Setting next_dagrun for example_xcom_args to None, run_after=None
[2024-10-17T17:11:03.237+0000] {logging_mixin.py:190} INFO - [2024-10-17T17:11:03.237+0000] {dag.py:4180} INFO - Setting next_dagrun for example_xcom_args_with_operators to None, run_after=None
[2024-10-17T17:11:03.245+0000] {processor.py:208} INFO - Processing /home/airflow/.local/lib/python3.12/site-packages/airflow/example_dags/example_xcomargs.py took 0.041 seconds
[2024-10-17T17:11:33.459+0000] {processor.py:186} INFO - Started process (PID=161) to work on /home/airflow/.local/lib/python3.12/site-packages/airflow/example_dags/example_xcomargs.py
[2024-10-17T17:11:33.460+0000] {processor.py:914} INFO - Processing file /home/airflow/.local/lib/python3.12/site-packages/airflow/example_dags/example_xcomargs.py for tasks to queue
[2024-10-17T17:11:33.461+0000] {logging_mixin.py:190} INFO - [2024-10-17T17:11:33.461+0000] {dagbag.py:588} INFO - Filling up the DagBag from /home/airflow/.local/lib/python3.12/site-packages/airflow/example_dags/example_xcomargs.py
[2024-10-17T17:11:33.466+0000] {processor.py:925} INFO - DAG(s) 'example_xcom_args', 'example_xcom_args_with_operators' retrieved from /home/airflow/.local/lib/python3.12/site-packages/airflow/example_dags/example_xcomargs.py
[2024-10-17T17:11:33.478+0000] {logging_mixin.py:190} INFO - [2024-10-17T17:11:33.478+0000] {dag.py:3239} INFO - Sync 2 DAGs
[2024-10-17T17:11:33.486+0000] {logging_mixin.py:190} INFO - [2024-10-17T17:11:33.486+0000] {dag.py:4180} INFO - Setting next_dagrun for example_xcom_args to None, run_after=None
[2024-10-17T17:11:33.488+0000] {logging_mixin.py:190} INFO - [2024-10-17T17:11:33.488+0000] {dag.py:4180} INFO - Setting next_dagrun for example_xcom_args_with_operators to None, run_after=None
[2024-10-17T17:11:33.495+0000] {processor.py:208} INFO - Processing /home/airflow/.local/lib/python3.12/site-packages/airflow/example_dags/example_xcomargs.py took 0.039 seconds
[2024-10-17T17:12:03.818+0000] {processor.py:186} INFO - Started process (PID=223) to work on /home/airflow/.local/lib/python3.12/site-packages/airflow/example_dags/example_xcomargs.py
[2024-10-17T17:12:03.819+0000] {processor.py:914} INFO - Processing file /home/airflow/.local/lib/python3.12/site-packages/airflow/example_dags/example_xcomargs.py for tasks to queue
[2024-10-17T17:12:03.821+0000] {logging_mixin.py:190} INFO - [2024-10-17T17:12:03.820+0000] {dagbag.py:588} INFO - Filling up the DagBag from /home/airflow/.local/lib/python3.12/site-packages/airflow/example_dags/example_xcomargs.py
[2024-10-17T17:12:03.827+0000] {processor.py:925} INFO - DAG(s) 'example_xcom_args_with_operators', 'example_xcom_args' retrieved from /home/airflow/.local/lib/python3.12/site-packages/airflow/example_dags/example_xcomargs.py
[2024-10-17T17:12:03.842+0000] {logging_mixin.py:190} INFO - [2024-10-17T17:12:03.842+0000] {dag.py:3239} INFO - Sync 2 DAGs
[2024-10-17T17:12:03.850+0000] {logging_mixin.py:190} INFO - [2024-10-17T17:12:03.850+0000] {dag.py:4180} INFO - Setting next_dagrun for example_xcom_args to None, run_after=None
[2024-10-17T17:12:03.853+0000] {logging_mixin.py:190} INFO - [2024-10-17T17:12:03.852+0000] {dag.py:4180} INFO - Setting next_dagrun for example_xcom_args_with_operators to None, run_after=None
[2024-10-17T17:12:03.861+0000] {processor.py:208} INFO - Processing /home/airflow/.local/lib/python3.12/site-packages/airflow/example_dags/example_xcomargs.py took 0.047 seconds
[2024-10-17T19:26:33.362+0000] {processor.py:186} INFO - Started process (PID=56) to work on /home/airflow/.local/lib/python3.12/site-packages/airflow/example_dags/example_xcomargs.py
[2024-10-17T19:26:33.363+0000] {processor.py:914} INFO - Processing file /home/airflow/.local/lib/python3.12/site-packages/airflow/example_dags/example_xcomargs.py for tasks to queue
[2024-10-17T19:26:33.364+0000] {logging_mixin.py:190} INFO - [2024-10-17T19:26:33.364+0000] {dagbag.py:588} INFO - Filling up the DagBag from /home/airflow/.local/lib/python3.12/site-packages/airflow/example_dags/example_xcomargs.py
[2024-10-17T19:26:33.375+0000] {processor.py:925} INFO - DAG(s) 'example_xcom_args_with_operators', 'example_xcom_args' retrieved from /home/airflow/.local/lib/python3.12/site-packages/airflow/example_dags/example_xcomargs.py
[2024-10-17T19:26:33.452+0000] {logging_mixin.py:190} INFO - [2024-10-17T19:26:33.452+0000] {override.py:1900} INFO - Created Permission View: can edit on DAG:example_xcom_args_with_operators
[2024-10-17T19:26:33.457+0000] {logging_mixin.py:190} INFO - [2024-10-17T19:26:33.457+0000] {override.py:1900} INFO - Created Permission View: can delete on DAG:example_xcom_args_with_operators
[2024-10-17T19:26:33.459+0000] {logging_mixin.py:190} INFO - [2024-10-17T19:26:33.459+0000] {override.py:1900} INFO - Created Permission View: can read on DAG:example_xcom_args_with_operators
[2024-10-17T19:26:33.463+0000] {logging_mixin.py:190} INFO - [2024-10-17T19:26:33.462+0000] {override.py:1900} INFO - Created Permission View: can delete on DAG Run:example_xcom_args_with_operators
[2024-10-17T19:26:33.465+0000] {logging_mixin.py:190} INFO - [2024-10-17T19:26:33.465+0000] {override.py:1900} INFO - Created Permission View: can create on DAG Run:example_xcom_args_with_operators
[2024-10-17T19:26:33.467+0000] {logging_mixin.py:190} INFO - [2024-10-17T19:26:33.467+0000] {override.py:1900} INFO - Created Permission View: can read on DAG Run:example_xcom_args_with_operators
[2024-10-17T19:26:33.470+0000] {logging_mixin.py:190} INFO - [2024-10-17T19:26:33.470+0000] {override.py:1900} INFO - Created Permission View: menu access on DAG Run:example_xcom_args_with_operators
[2024-10-17T19:26:33.476+0000] {logging_mixin.py:190} INFO - [2024-10-17T19:26:33.476+0000] {override.py:1900} INFO - Created Permission View: can edit on DAG:example_xcom_args
[2024-10-17T19:26:33.479+0000] {logging_mixin.py:190} INFO - [2024-10-17T19:26:33.478+0000] {override.py:1900} INFO - Created Permission View: can delete on DAG:example_xcom_args
[2024-10-17T19:26:33.481+0000] {logging_mixin.py:190} INFO - [2024-10-17T19:26:33.481+0000] {override.py:1900} INFO - Created Permission View: can read on DAG:example_xcom_args
[2024-10-17T19:26:33.484+0000] {logging_mixin.py:190} INFO - [2024-10-17T19:26:33.484+0000] {override.py:1900} INFO - Created Permission View: can delete on DAG Run:example_xcom_args
[2024-10-17T19:26:33.487+0000] {logging_mixin.py:190} INFO - [2024-10-17T19:26:33.487+0000] {override.py:1900} INFO - Created Permission View: can create on DAG Run:example_xcom_args
[2024-10-17T19:26:33.490+0000] {logging_mixin.py:190} INFO - [2024-10-17T19:26:33.490+0000] {override.py:1900} INFO - Created Permission View: can read on DAG Run:example_xcom_args
[2024-10-17T19:26:33.492+0000] {logging_mixin.py:190} INFO - [2024-10-17T19:26:33.492+0000] {override.py:1900} INFO - Created Permission View: menu access on DAG Run:example_xcom_args
[2024-10-17T19:26:33.493+0000] {logging_mixin.py:190} INFO - [2024-10-17T19:26:33.493+0000] {dag.py:3239} INFO - Sync 2 DAGs
[2024-10-17T19:26:33.502+0000] {logging_mixin.py:190} INFO - [2024-10-17T19:26:33.502+0000] {dag.py:3262} INFO - Creating ORM DAG for example_xcom_args
[2024-10-17T19:26:33.504+0000] {logging_mixin.py:190} INFO - [2024-10-17T19:26:33.504+0000] {dag.py:3262} INFO - Creating ORM DAG for example_xcom_args_with_operators
[2024-10-17T19:26:33.504+0000] {logging_mixin.py:190} INFO - [2024-10-17T19:26:33.504+0000] {dag.py:4180} INFO - Setting next_dagrun for example_xcom_args to None, run_after=None
[2024-10-17T19:26:33.505+0000] {logging_mixin.py:190} INFO - [2024-10-17T19:26:33.505+0000] {dag.py:4180} INFO - Setting next_dagrun for example_xcom_args_with_operators to None, run_after=None
[2024-10-17T19:26:33.515+0000] {processor.py:208} INFO - Processing /home/airflow/.local/lib/python3.12/site-packages/airflow/example_dags/example_xcomargs.py took 0.158 seconds
[2024-10-17T19:27:03.655+0000] {processor.py:186} INFO - Started process (PID=119) to work on /home/airflow/.local/lib/python3.12/site-packages/airflow/example_dags/example_xcomargs.py
[2024-10-17T19:27:03.656+0000] {processor.py:914} INFO - Processing file /home/airflow/.local/lib/python3.12/site-packages/airflow/example_dags/example_xcomargs.py for tasks to queue
[2024-10-17T19:27:03.657+0000] {logging_mixin.py:190} INFO - [2024-10-17T19:27:03.657+0000] {dagbag.py:588} INFO - Filling up the DagBag from /home/airflow/.local/lib/python3.12/site-packages/airflow/example_dags/example_xcomargs.py
[2024-10-17T19:27:03.664+0000] {processor.py:925} INFO - DAG(s) 'example_xcom_args_with_operators', 'example_xcom_args' retrieved from /home/airflow/.local/lib/python3.12/site-packages/airflow/example_dags/example_xcomargs.py
[2024-10-17T19:27:03.677+0000] {logging_mixin.py:190} INFO - [2024-10-17T19:27:03.677+0000] {dag.py:3239} INFO - Sync 2 DAGs
[2024-10-17T19:27:03.684+0000] {logging_mixin.py:190} INFO - [2024-10-17T19:27:03.684+0000] {dag.py:4180} INFO - Setting next_dagrun for example_xcom_args to None, run_after=None
[2024-10-17T19:27:03.686+0000] {logging_mixin.py:190} INFO - [2024-10-17T19:27:03.685+0000] {dag.py:4180} INFO - Setting next_dagrun for example_xcom_args_with_operators to None, run_after=None
[2024-10-17T19:27:03.693+0000] {processor.py:208} INFO - Processing /home/airflow/.local/lib/python3.12/site-packages/airflow/example_dags/example_xcomargs.py took 0.041 seconds
[2024-10-17T19:27:34.042+0000] {processor.py:186} INFO - Started process (PID=181) to work on /home/airflow/.local/lib/python3.12/site-packages/airflow/example_dags/example_xcomargs.py
[2024-10-17T19:27:34.043+0000] {processor.py:914} INFO - Processing file /home/airflow/.local/lib/python3.12/site-packages/airflow/example_dags/example_xcomargs.py for tasks to queue
[2024-10-17T19:27:34.045+0000] {logging_mixin.py:190} INFO - [2024-10-17T19:27:34.044+0000] {dagbag.py:588} INFO - Filling up the DagBag from /home/airflow/.local/lib/python3.12/site-packages/airflow/example_dags/example_xcomargs.py
[2024-10-17T19:27:34.053+0000] {processor.py:925} INFO - DAG(s) 'example_xcom_args', 'example_xcom_args_with_operators' retrieved from /home/airflow/.local/lib/python3.12/site-packages/airflow/example_dags/example_xcomargs.py
[2024-10-17T19:27:34.065+0000] {logging_mixin.py:190} INFO - [2024-10-17T19:27:34.065+0000] {dag.py:3239} INFO - Sync 2 DAGs
[2024-10-17T19:27:34.073+0000] {logging_mixin.py:190} INFO - [2024-10-17T19:27:34.073+0000] {dag.py:4180} INFO - Setting next_dagrun for example_xcom_args to None, run_after=None
[2024-10-17T19:27:34.075+0000] {logging_mixin.py:190} INFO - [2024-10-17T19:27:34.075+0000] {dag.py:4180} INFO - Setting next_dagrun for example_xcom_args_with_operators to None, run_after=None
[2024-10-17T19:27:34.082+0000] {processor.py:208} INFO - Processing /home/airflow/.local/lib/python3.12/site-packages/airflow/example_dags/example_xcomargs.py took 0.044 seconds
[2024-10-17T19:28:04.575+0000] {processor.py:186} INFO - Started process (PID=244) to work on /home/airflow/.local/lib/python3.12/site-packages/airflow/example_dags/example_xcomargs.py
[2024-10-17T19:28:04.576+0000] {processor.py:914} INFO - Processing file /home/airflow/.local/lib/python3.12/site-packages/airflow/example_dags/example_xcomargs.py for tasks to queue
[2024-10-17T19:28:04.577+0000] {logging_mixin.py:190} INFO - [2024-10-17T19:28:04.577+0000] {dagbag.py:588} INFO - Filling up the DagBag from /home/airflow/.local/lib/python3.12/site-packages/airflow/example_dags/example_xcomargs.py
[2024-10-17T19:28:04.583+0000] {processor.py:925} INFO - DAG(s) 'example_xcom_args', 'example_xcom_args_with_operators' retrieved from /home/airflow/.local/lib/python3.12/site-packages/airflow/example_dags/example_xcomargs.py
[2024-10-17T19:28:04.595+0000] {logging_mixin.py:190} INFO - [2024-10-17T19:28:04.595+0000] {dag.py:3239} INFO - Sync 2 DAGs
[2024-10-17T19:28:04.602+0000] {logging_mixin.py:190} INFO - [2024-10-17T19:28:04.602+0000] {dag.py:4180} INFO - Setting next_dagrun for example_xcom_args to None, run_after=None
[2024-10-17T19:28:04.604+0000] {logging_mixin.py:190} INFO - [2024-10-17T19:28:04.604+0000] {dag.py:4180} INFO - Setting next_dagrun for example_xcom_args_with_operators to None, run_after=None
[2024-10-17T19:28:04.612+0000] {processor.py:208} INFO - Processing /home/airflow/.local/lib/python3.12/site-packages/airflow/example_dags/example_xcomargs.py took 0.040 seconds
[2024-10-17T19:28:35.306+0000] {processor.py:186} INFO - Started process (PID=308) to work on /home/airflow/.local/lib/python3.12/site-packages/airflow/example_dags/example_xcomargs.py
[2024-10-17T19:28:35.307+0000] {processor.py:914} INFO - Processing file /home/airflow/.local/lib/python3.12/site-packages/airflow/example_dags/example_xcomargs.py for tasks to queue
[2024-10-17T19:28:35.308+0000] {logging_mixin.py:190} INFO - [2024-10-17T19:28:35.308+0000] {dagbag.py:588} INFO - Filling up the DagBag from /home/airflow/.local/lib/python3.12/site-packages/airflow/example_dags/example_xcomargs.py
[2024-10-17T19:28:35.314+0000] {processor.py:925} INFO - DAG(s) 'example_xcom_args_with_operators', 'example_xcom_args' retrieved from /home/airflow/.local/lib/python3.12/site-packages/airflow/example_dags/example_xcomargs.py
[2024-10-17T19:28:35.329+0000] {logging_mixin.py:190} INFO - [2024-10-17T19:28:35.329+0000] {dag.py:3239} INFO - Sync 2 DAGs
[2024-10-17T19:28:35.338+0000] {logging_mixin.py:190} INFO - [2024-10-17T19:28:35.338+0000] {dag.py:4180} INFO - Setting next_dagrun for example_xcom_args to None, run_after=None
[2024-10-17T19:28:35.340+0000] {logging_mixin.py:190} INFO - [2024-10-17T19:28:35.340+0000] {dag.py:4180} INFO - Setting next_dagrun for example_xcom_args_with_operators to None, run_after=None
[2024-10-17T19:28:35.352+0000] {processor.py:208} INFO - Processing /home/airflow/.local/lib/python3.12/site-packages/airflow/example_dags/example_xcomargs.py took 0.049 seconds
[2024-10-17T19:29:06.062+0000] {processor.py:186} INFO - Started process (PID=371) to work on /home/airflow/.local/lib/python3.12/site-packages/airflow/example_dags/example_xcomargs.py
[2024-10-17T19:29:06.063+0000] {processor.py:914} INFO - Processing file /home/airflow/.local/lib/python3.12/site-packages/airflow/example_dags/example_xcomargs.py for tasks to queue
[2024-10-17T19:29:06.064+0000] {logging_mixin.py:190} INFO - [2024-10-17T19:29:06.064+0000] {dagbag.py:588} INFO - Filling up the DagBag from /home/airflow/.local/lib/python3.12/site-packages/airflow/example_dags/example_xcomargs.py
[2024-10-17T19:29:06.070+0000] {processor.py:925} INFO - DAG(s) 'example_xcom_args', 'example_xcom_args_with_operators' retrieved from /home/airflow/.local/lib/python3.12/site-packages/airflow/example_dags/example_xcomargs.py
[2024-10-17T19:29:06.084+0000] {logging_mixin.py:190} INFO - [2024-10-17T19:29:06.084+0000] {dag.py:3239} INFO - Sync 2 DAGs
[2024-10-17T19:29:06.091+0000] {logging_mixin.py:190} INFO - [2024-10-17T19:29:06.091+0000] {dag.py:4180} INFO - Setting next_dagrun for example_xcom_args to None, run_after=None
[2024-10-17T19:29:06.093+0000] {logging_mixin.py:190} INFO - [2024-10-17T19:29:06.093+0000] {dag.py:4180} INFO - Setting next_dagrun for example_xcom_args_with_operators to None, run_after=None
[2024-10-17T19:29:06.102+0000] {processor.py:208} INFO - Processing /home/airflow/.local/lib/python3.12/site-packages/airflow/example_dags/example_xcomargs.py took 0.044 seconds
[2024-10-17T19:29:36.672+0000] {processor.py:186} INFO - Started process (PID=434) to work on /home/airflow/.local/lib/python3.12/site-packages/airflow/example_dags/example_xcomargs.py
[2024-10-17T19:29:36.673+0000] {processor.py:914} INFO - Processing file /home/airflow/.local/lib/python3.12/site-packages/airflow/example_dags/example_xcomargs.py for tasks to queue
[2024-10-17T19:29:36.674+0000] {logging_mixin.py:190} INFO - [2024-10-17T19:29:36.674+0000] {dagbag.py:588} INFO - Filling up the DagBag from /home/airflow/.local/lib/python3.12/site-packages/airflow/example_dags/example_xcomargs.py
[2024-10-17T19:29:36.681+0000] {processor.py:925} INFO - DAG(s) 'example_xcom_args', 'example_xcom_args_with_operators' retrieved from /home/airflow/.local/lib/python3.12/site-packages/airflow/example_dags/example_xcomargs.py
[2024-10-17T19:29:36.694+0000] {logging_mixin.py:190} INFO - [2024-10-17T19:29:36.694+0000] {dag.py:3239} INFO - Sync 2 DAGs
[2024-10-17T19:29:36.702+0000] {logging_mixin.py:190} INFO - [2024-10-17T19:29:36.701+0000] {dag.py:4180} INFO - Setting next_dagrun for example_xcom_args to None, run_after=None
[2024-10-17T19:29:36.704+0000] {logging_mixin.py:190} INFO - [2024-10-17T19:29:36.703+0000] {dag.py:4180} INFO - Setting next_dagrun for example_xcom_args_with_operators to None, run_after=None
[2024-10-17T19:29:36.711+0000] {processor.py:208} INFO - Processing /home/airflow/.local/lib/python3.12/site-packages/airflow/example_dags/example_xcomargs.py took 0.043 seconds
[2024-10-17T19:30:07.089+0000] {processor.py:186} INFO - Started process (PID=497) to work on /home/airflow/.local/lib/python3.12/site-packages/airflow/example_dags/example_xcomargs.py
[2024-10-17T19:30:07.090+0000] {processor.py:914} INFO - Processing file /home/airflow/.local/lib/python3.12/site-packages/airflow/example_dags/example_xcomargs.py for tasks to queue
[2024-10-17T19:30:07.091+0000] {logging_mixin.py:190} INFO - [2024-10-17T19:30:07.091+0000] {dagbag.py:588} INFO - Filling up the DagBag from /home/airflow/.local/lib/python3.12/site-packages/airflow/example_dags/example_xcomargs.py
[2024-10-17T19:30:07.096+0000] {processor.py:925} INFO - DAG(s) 'example_xcom_args_with_operators', 'example_xcom_args' retrieved from /home/airflow/.local/lib/python3.12/site-packages/airflow/example_dags/example_xcomargs.py
[2024-10-17T19:30:07.109+0000] {logging_mixin.py:190} INFO - [2024-10-17T19:30:07.109+0000] {dag.py:3239} INFO - Sync 2 DAGs
[2024-10-17T19:30:07.117+0000] {logging_mixin.py:190} INFO - [2024-10-17T19:30:07.117+0000] {dag.py:4180} INFO - Setting next_dagrun for example_xcom_args to None, run_after=None
[2024-10-17T19:30:07.119+0000] {logging_mixin.py:190} INFO - [2024-10-17T19:30:07.119+0000] {dag.py:4180} INFO - Setting next_dagrun for example_xcom_args_with_operators to None, run_after=None
[2024-10-17T19:30:07.127+0000] {processor.py:208} INFO - Processing /home/airflow/.local/lib/python3.12/site-packages/airflow/example_dags/example_xcomargs.py took 0.041 seconds
[2024-10-17T19:30:37.675+0000] {processor.py:186} INFO - Started process (PID=560) to work on /home/airflow/.local/lib/python3.12/site-packages/airflow/example_dags/example_xcomargs.py
[2024-10-17T19:30:37.676+0000] {processor.py:914} INFO - Processing file /home/airflow/.local/lib/python3.12/site-packages/airflow/example_dags/example_xcomargs.py for tasks to queue
[2024-10-17T19:30:37.677+0000] {logging_mixin.py:190} INFO - [2024-10-17T19:30:37.677+0000] {dagbag.py:588} INFO - Filling up the DagBag from /home/airflow/.local/lib/python3.12/site-packages/airflow/example_dags/example_xcomargs.py
[2024-10-17T19:30:37.684+0000] {processor.py:925} INFO - DAG(s) 'example_xcom_args_with_operators', 'example_xcom_args' retrieved from /home/airflow/.local/lib/python3.12/site-packages/airflow/example_dags/example_xcomargs.py
[2024-10-17T19:30:37.699+0000] {logging_mixin.py:190} INFO - [2024-10-17T19:30:37.699+0000] {dag.py:3239} INFO - Sync 2 DAGs
[2024-10-17T19:30:37.707+0000] {logging_mixin.py:190} INFO - [2024-10-17T19:30:37.707+0000] {dag.py:4180} INFO - Setting next_dagrun for example_xcom_args to None, run_after=None
[2024-10-17T19:30:37.710+0000] {logging_mixin.py:190} INFO - [2024-10-17T19:30:37.710+0000] {dag.py:4180} INFO - Setting next_dagrun for example_xcom_args_with_operators to None, run_after=None
[2024-10-17T19:30:37.718+0000] {processor.py:208} INFO - Processing /home/airflow/.local/lib/python3.12/site-packages/airflow/example_dags/example_xcomargs.py took 0.047 seconds
[2024-10-17T19:31:08.259+0000] {processor.py:186} INFO - Started process (PID=623) to work on /home/airflow/.local/lib/python3.12/site-packages/airflow/example_dags/example_xcomargs.py
[2024-10-17T19:31:08.260+0000] {processor.py:914} INFO - Processing file /home/airflow/.local/lib/python3.12/site-packages/airflow/example_dags/example_xcomargs.py for tasks to queue
[2024-10-17T19:31:08.262+0000] {logging_mixin.py:190} INFO - [2024-10-17T19:31:08.261+0000] {dagbag.py:588} INFO - Filling up the DagBag from /home/airflow/.local/lib/python3.12/site-packages/airflow/example_dags/example_xcomargs.py
[2024-10-17T19:31:08.268+0000] {processor.py:925} INFO - DAG(s) 'example_xcom_args_with_operators', 'example_xcom_args' retrieved from /home/airflow/.local/lib/python3.12/site-packages/airflow/example_dags/example_xcomargs.py
[2024-10-17T19:31:08.282+0000] {logging_mixin.py:190} INFO - [2024-10-17T19:31:08.282+0000] {dag.py:3239} INFO - Sync 2 DAGs
[2024-10-17T19:31:08.290+0000] {logging_mixin.py:190} INFO - [2024-10-17T19:31:08.289+0000] {dag.py:4180} INFO - Setting next_dagrun for example_xcom_args to None, run_after=None
[2024-10-17T19:31:08.292+0000] {logging_mixin.py:190} INFO - [2024-10-17T19:31:08.292+0000] {dag.py:4180} INFO - Setting next_dagrun for example_xcom_args_with_operators to None, run_after=None
[2024-10-17T19:31:08.300+0000] {processor.py:208} INFO - Processing /home/airflow/.local/lib/python3.12/site-packages/airflow/example_dags/example_xcomargs.py took 0.045 seconds
[2024-10-17T19:31:38.602+0000] {processor.py:186} INFO - Started process (PID=685) to work on /home/airflow/.local/lib/python3.12/site-packages/airflow/example_dags/example_xcomargs.py
[2024-10-17T19:31:38.603+0000] {processor.py:914} INFO - Processing file /home/airflow/.local/lib/python3.12/site-packages/airflow/example_dags/example_xcomargs.py for tasks to queue
[2024-10-17T19:31:38.604+0000] {logging_mixin.py:190} INFO - [2024-10-17T19:31:38.604+0000] {dagbag.py:588} INFO - Filling up the DagBag from /home/airflow/.local/lib/python3.12/site-packages/airflow/example_dags/example_xcomargs.py
[2024-10-17T19:31:38.610+0000] {processor.py:925} INFO - DAG(s) 'example_xcom_args', 'example_xcom_args_with_operators' retrieved from /home/airflow/.local/lib/python3.12/site-packages/airflow/example_dags/example_xcomargs.py
[2024-10-17T19:31:38.623+0000] {logging_mixin.py:190} INFO - [2024-10-17T19:31:38.623+0000] {dag.py:3239} INFO - Sync 2 DAGs
[2024-10-17T19:31:38.631+0000] {logging_mixin.py:190} INFO - [2024-10-17T19:31:38.631+0000] {dag.py:4180} INFO - Setting next_dagrun for example_xcom_args to None, run_after=None
[2024-10-17T19:31:38.633+0000] {logging_mixin.py:190} INFO - [2024-10-17T19:31:38.633+0000] {dag.py:4180} INFO - Setting next_dagrun for example_xcom_args_with_operators to None, run_after=None
[2024-10-17T19:31:38.642+0000] {processor.py:208} INFO - Processing /home/airflow/.local/lib/python3.12/site-packages/airflow/example_dags/example_xcomargs.py took 0.043 seconds
[2024-10-17T19:33:30.698+0000] {processor.py:186} INFO - Started process (PID=56) to work on /home/airflow/.local/lib/python3.12/site-packages/airflow/example_dags/example_xcomargs.py
[2024-10-17T19:33:30.699+0000] {processor.py:914} INFO - Processing file /home/airflow/.local/lib/python3.12/site-packages/airflow/example_dags/example_xcomargs.py for tasks to queue
[2024-10-17T19:33:30.701+0000] {logging_mixin.py:190} INFO - [2024-10-17T19:33:30.701+0000] {dagbag.py:588} INFO - Filling up the DagBag from /home/airflow/.local/lib/python3.12/site-packages/airflow/example_dags/example_xcomargs.py
[2024-10-17T19:33:30.715+0000] {processor.py:925} INFO - DAG(s) 'example_xcom_args_with_operators', 'example_xcom_args' retrieved from /home/airflow/.local/lib/python3.12/site-packages/airflow/example_dags/example_xcomargs.py
[2024-10-17T19:33:30.812+0000] {logging_mixin.py:190} INFO - [2024-10-17T19:33:30.811+0000] {override.py:1900} INFO - Created Permission View: can edit on DAG:example_xcom_args_with_operators
[2024-10-17T19:33:30.821+0000] {logging_mixin.py:190} INFO - [2024-10-17T19:33:30.821+0000] {override.py:1900} INFO - Created Permission View: can delete on DAG:example_xcom_args_with_operators
[2024-10-17T19:33:30.825+0000] {logging_mixin.py:190} INFO - [2024-10-17T19:33:30.825+0000] {override.py:1900} INFO - Created Permission View: can read on DAG:example_xcom_args_with_operators
[2024-10-17T19:33:30.828+0000] {logging_mixin.py:190} INFO - [2024-10-17T19:33:30.828+0000] {override.py:1900} INFO - Created Permission View: menu access on DAG Run:example_xcom_args_with_operators
[2024-10-17T19:33:30.832+0000] {logging_mixin.py:190} INFO - [2024-10-17T19:33:30.832+0000] {override.py:1900} INFO - Created Permission View: can create on DAG Run:example_xcom_args_with_operators
[2024-10-17T19:33:30.835+0000] {logging_mixin.py:190} INFO - [2024-10-17T19:33:30.835+0000] {override.py:1900} INFO - Created Permission View: can delete on DAG Run:example_xcom_args_with_operators
[2024-10-17T19:33:30.838+0000] {logging_mixin.py:190} INFO - [2024-10-17T19:33:30.838+0000] {override.py:1900} INFO - Created Permission View: can read on DAG Run:example_xcom_args_with_operators
[2024-10-17T19:33:30.845+0000] {logging_mixin.py:190} INFO - [2024-10-17T19:33:30.845+0000] {override.py:1900} INFO - Created Permission View: can edit on DAG:example_xcom_args
[2024-10-17T19:33:30.849+0000] {logging_mixin.py:190} INFO - [2024-10-17T19:33:30.849+0000] {override.py:1900} INFO - Created Permission View: can delete on DAG:example_xcom_args
[2024-10-17T19:33:30.852+0000] {logging_mixin.py:190} INFO - [2024-10-17T19:33:30.852+0000] {override.py:1900} INFO - Created Permission View: can read on DAG:example_xcom_args
[2024-10-17T19:33:30.856+0000] {logging_mixin.py:190} INFO - [2024-10-17T19:33:30.856+0000] {override.py:1900} INFO - Created Permission View: menu access on DAG Run:example_xcom_args
[2024-10-17T19:33:30.860+0000] {logging_mixin.py:190} INFO - [2024-10-17T19:33:30.860+0000] {override.py:1900} INFO - Created Permission View: can create on DAG Run:example_xcom_args
[2024-10-17T19:33:30.863+0000] {logging_mixin.py:190} INFO - [2024-10-17T19:33:30.863+0000] {override.py:1900} INFO - Created Permission View: can delete on DAG Run:example_xcom_args
[2024-10-17T19:33:30.867+0000] {logging_mixin.py:190} INFO - [2024-10-17T19:33:30.867+0000] {override.py:1900} INFO - Created Permission View: can read on DAG Run:example_xcom_args
[2024-10-17T19:33:30.867+0000] {logging_mixin.py:190} INFO - [2024-10-17T19:33:30.867+0000] {dag.py:3239} INFO - Sync 2 DAGs
[2024-10-17T19:33:30.875+0000] {logging_mixin.py:190} INFO - [2024-10-17T19:33:30.875+0000] {dag.py:3262} INFO - Creating ORM DAG for example_xcom_args_with_operators
[2024-10-17T19:33:30.876+0000] {logging_mixin.py:190} INFO - [2024-10-17T19:33:30.876+0000] {dag.py:3262} INFO - Creating ORM DAG for example_xcom_args
[2024-10-17T19:33:30.876+0000] {logging_mixin.py:190} INFO - [2024-10-17T19:33:30.876+0000] {dag.py:4180} INFO - Setting next_dagrun for example_xcom_args to None, run_after=None
[2024-10-17T19:33:30.877+0000] {logging_mixin.py:190} INFO - [2024-10-17T19:33:30.876+0000] {dag.py:4180} INFO - Setting next_dagrun for example_xcom_args_with_operators to None, run_after=None
[2024-10-17T19:33:30.887+0000] {processor.py:208} INFO - Processing /home/airflow/.local/lib/python3.12/site-packages/airflow/example_dags/example_xcomargs.py took 0.194 seconds
[2024-10-17T19:34:01.766+0000] {processor.py:186} INFO - Started process (PID=119) to work on /home/airflow/.local/lib/python3.12/site-packages/airflow/example_dags/example_xcomargs.py
[2024-10-17T19:34:01.766+0000] {processor.py:914} INFO - Processing file /home/airflow/.local/lib/python3.12/site-packages/airflow/example_dags/example_xcomargs.py for tasks to queue
[2024-10-17T19:34:01.768+0000] {logging_mixin.py:190} INFO - [2024-10-17T19:34:01.768+0000] {dagbag.py:588} INFO - Filling up the DagBag from /home/airflow/.local/lib/python3.12/site-packages/airflow/example_dags/example_xcomargs.py
[2024-10-17T19:34:01.775+0000] {processor.py:925} INFO - DAG(s) 'example_xcom_args', 'example_xcom_args_with_operators' retrieved from /home/airflow/.local/lib/python3.12/site-packages/airflow/example_dags/example_xcomargs.py
[2024-10-17T19:34:01.794+0000] {logging_mixin.py:190} INFO - [2024-10-17T19:34:01.794+0000] {dag.py:3239} INFO - Sync 2 DAGs
[2024-10-17T19:34:01.804+0000] {logging_mixin.py:190} INFO - [2024-10-17T19:34:01.804+0000] {dag.py:4180} INFO - Setting next_dagrun for example_xcom_args to None, run_after=None
[2024-10-17T19:34:01.806+0000] {logging_mixin.py:190} INFO - [2024-10-17T19:34:01.806+0000] {dag.py:4180} INFO - Setting next_dagrun for example_xcom_args_with_operators to None, run_after=None
[2024-10-17T19:34:01.815+0000] {processor.py:208} INFO - Processing /home/airflow/.local/lib/python3.12/site-packages/airflow/example_dags/example_xcomargs.py took 0.053 seconds
[2024-10-17T19:34:32.088+0000] {processor.py:186} INFO - Started process (PID=182) to work on /home/airflow/.local/lib/python3.12/site-packages/airflow/example_dags/example_xcomargs.py
[2024-10-17T19:34:32.089+0000] {processor.py:914} INFO - Processing file /home/airflow/.local/lib/python3.12/site-packages/airflow/example_dags/example_xcomargs.py for tasks to queue
[2024-10-17T19:34:32.091+0000] {logging_mixin.py:190} INFO - [2024-10-17T19:34:32.091+0000] {dagbag.py:588} INFO - Filling up the DagBag from /home/airflow/.local/lib/python3.12/site-packages/airflow/example_dags/example_xcomargs.py
[2024-10-17T19:34:32.097+0000] {processor.py:925} INFO - DAG(s) 'example_xcom_args', 'example_xcom_args_with_operators' retrieved from /home/airflow/.local/lib/python3.12/site-packages/airflow/example_dags/example_xcomargs.py
[2024-10-17T19:34:32.114+0000] {logging_mixin.py:190} INFO - [2024-10-17T19:34:32.114+0000] {dag.py:3239} INFO - Sync 2 DAGs
[2024-10-17T19:34:32.124+0000] {logging_mixin.py:190} INFO - [2024-10-17T19:34:32.124+0000] {dag.py:4180} INFO - Setting next_dagrun for example_xcom_args to None, run_after=None
[2024-10-17T19:34:32.127+0000] {logging_mixin.py:190} INFO - [2024-10-17T19:34:32.127+0000] {dag.py:4180} INFO - Setting next_dagrun for example_xcom_args_with_operators to None, run_after=None
[2024-10-17T19:34:32.136+0000] {processor.py:208} INFO - Processing /home/airflow/.local/lib/python3.12/site-packages/airflow/example_dags/example_xcomargs.py took 0.054 seconds
[2024-10-17T19:35:02.481+0000] {processor.py:186} INFO - Started process (PID=245) to work on /home/airflow/.local/lib/python3.12/site-packages/airflow/example_dags/example_xcomargs.py
[2024-10-17T19:35:02.483+0000] {processor.py:914} INFO - Processing file /home/airflow/.local/lib/python3.12/site-packages/airflow/example_dags/example_xcomargs.py for tasks to queue
[2024-10-17T19:35:02.485+0000] {logging_mixin.py:190} INFO - [2024-10-17T19:35:02.485+0000] {dagbag.py:588} INFO - Filling up the DagBag from /home/airflow/.local/lib/python3.12/site-packages/airflow/example_dags/example_xcomargs.py
[2024-10-17T19:35:02.493+0000] {processor.py:925} INFO - DAG(s) 'example_xcom_args', 'example_xcom_args_with_operators' retrieved from /home/airflow/.local/lib/python3.12/site-packages/airflow/example_dags/example_xcomargs.py
[2024-10-17T19:35:02.507+0000] {logging_mixin.py:190} INFO - [2024-10-17T19:35:02.507+0000] {dag.py:3239} INFO - Sync 2 DAGs
[2024-10-17T19:35:02.516+0000] {logging_mixin.py:190} INFO - [2024-10-17T19:35:02.516+0000] {dag.py:4180} INFO - Setting next_dagrun for example_xcom_args to None, run_after=None
[2024-10-17T19:35:02.518+0000] {logging_mixin.py:190} INFO - [2024-10-17T19:35:02.518+0000] {dag.py:4180} INFO - Setting next_dagrun for example_xcom_args_with_operators to None, run_after=None
[2024-10-17T19:35:02.527+0000] {processor.py:208} INFO - Processing /home/airflow/.local/lib/python3.12/site-packages/airflow/example_dags/example_xcomargs.py took 0.050 seconds
[2024-10-17T19:35:33.022+0000] {processor.py:186} INFO - Started process (PID=308) to work on /home/airflow/.local/lib/python3.12/site-packages/airflow/example_dags/example_xcomargs.py
[2024-10-17T19:35:33.023+0000] {processor.py:914} INFO - Processing file /home/airflow/.local/lib/python3.12/site-packages/airflow/example_dags/example_xcomargs.py for tasks to queue
[2024-10-17T19:35:33.025+0000] {logging_mixin.py:190} INFO - [2024-10-17T19:35:33.025+0000] {dagbag.py:588} INFO - Filling up the DagBag from /home/airflow/.local/lib/python3.12/site-packages/airflow/example_dags/example_xcomargs.py
[2024-10-17T19:35:33.036+0000] {processor.py:925} INFO - DAG(s) 'example_xcom_args', 'example_xcom_args_with_operators' retrieved from /home/airflow/.local/lib/python3.12/site-packages/airflow/example_dags/example_xcomargs.py
[2024-10-17T19:35:33.054+0000] {logging_mixin.py:190} INFO - [2024-10-17T19:35:33.054+0000] {dag.py:3239} INFO - Sync 2 DAGs
[2024-10-17T19:35:33.063+0000] {logging_mixin.py:190} INFO - [2024-10-17T19:35:33.063+0000] {dag.py:4180} INFO - Setting next_dagrun for example_xcom_args to None, run_after=None
[2024-10-17T19:35:33.066+0000] {logging_mixin.py:190} INFO - [2024-10-17T19:35:33.066+0000] {dag.py:4180} INFO - Setting next_dagrun for example_xcom_args_with_operators to None, run_after=None
[2024-10-17T19:35:33.074+0000] {processor.py:208} INFO - Processing /home/airflow/.local/lib/python3.12/site-packages/airflow/example_dags/example_xcomargs.py took 0.059 seconds
[2024-10-17T19:36:03.773+0000] {processor.py:186} INFO - Started process (PID=371) to work on /home/airflow/.local/lib/python3.12/site-packages/airflow/example_dags/example_xcomargs.py
[2024-10-17T19:36:03.774+0000] {processor.py:914} INFO - Processing file /home/airflow/.local/lib/python3.12/site-packages/airflow/example_dags/example_xcomargs.py for tasks to queue
[2024-10-17T19:36:03.777+0000] {logging_mixin.py:190} INFO - [2024-10-17T19:36:03.776+0000] {dagbag.py:588} INFO - Filling up the DagBag from /home/airflow/.local/lib/python3.12/site-packages/airflow/example_dags/example_xcomargs.py
[2024-10-17T19:36:03.785+0000] {processor.py:925} INFO - DAG(s) 'example_xcom_args', 'example_xcom_args_with_operators' retrieved from /home/airflow/.local/lib/python3.12/site-packages/airflow/example_dags/example_xcomargs.py
[2024-10-17T19:36:03.801+0000] {logging_mixin.py:190} INFO - [2024-10-17T19:36:03.801+0000] {dag.py:3239} INFO - Sync 2 DAGs
[2024-10-17T19:36:03.811+0000] {logging_mixin.py:190} INFO - [2024-10-17T19:36:03.811+0000] {dag.py:4180} INFO - Setting next_dagrun for example_xcom_args to None, run_after=None
[2024-10-17T19:36:03.815+0000] {logging_mixin.py:190} INFO - [2024-10-17T19:36:03.814+0000] {dag.py:4180} INFO - Setting next_dagrun for example_xcom_args_with_operators to None, run_after=None
[2024-10-17T19:36:03.829+0000] {processor.py:208} INFO - Processing /home/airflow/.local/lib/python3.12/site-packages/airflow/example_dags/example_xcomargs.py took 0.064 seconds
[2024-10-17T19:36:34.405+0000] {processor.py:186} INFO - Started process (PID=434) to work on /home/airflow/.local/lib/python3.12/site-packages/airflow/example_dags/example_xcomargs.py
[2024-10-17T19:36:34.407+0000] {processor.py:914} INFO - Processing file /home/airflow/.local/lib/python3.12/site-packages/airflow/example_dags/example_xcomargs.py for tasks to queue
[2024-10-17T19:36:34.409+0000] {logging_mixin.py:190} INFO - [2024-10-17T19:36:34.409+0000] {dagbag.py:588} INFO - Filling up the DagBag from /home/airflow/.local/lib/python3.12/site-packages/airflow/example_dags/example_xcomargs.py
[2024-10-17T19:36:34.418+0000] {processor.py:925} INFO - DAG(s) 'example_xcom_args_with_operators', 'example_xcom_args' retrieved from /home/airflow/.local/lib/python3.12/site-packages/airflow/example_dags/example_xcomargs.py
[2024-10-17T19:36:34.434+0000] {logging_mixin.py:190} INFO - [2024-10-17T19:36:34.434+0000] {dag.py:3239} INFO - Sync 2 DAGs
[2024-10-17T19:36:34.442+0000] {logging_mixin.py:190} INFO - [2024-10-17T19:36:34.442+0000] {dag.py:4180} INFO - Setting next_dagrun for example_xcom_args to None, run_after=None
[2024-10-17T19:36:34.444+0000] {logging_mixin.py:190} INFO - [2024-10-17T19:36:34.444+0000] {dag.py:4180} INFO - Setting next_dagrun for example_xcom_args_with_operators to None, run_after=None
[2024-10-17T19:36:34.452+0000] {processor.py:208} INFO - Processing /home/airflow/.local/lib/python3.12/site-packages/airflow/example_dags/example_xcomargs.py took 0.055 seconds
[2024-10-17T19:37:04.986+0000] {processor.py:186} INFO - Started process (PID=498) to work on /home/airflow/.local/lib/python3.12/site-packages/airflow/example_dags/example_xcomargs.py
[2024-10-17T19:37:04.987+0000] {processor.py:914} INFO - Processing file /home/airflow/.local/lib/python3.12/site-packages/airflow/example_dags/example_xcomargs.py for tasks to queue
[2024-10-17T19:37:04.989+0000] {logging_mixin.py:190} INFO - [2024-10-17T19:37:04.988+0000] {dagbag.py:588} INFO - Filling up the DagBag from /home/airflow/.local/lib/python3.12/site-packages/airflow/example_dags/example_xcomargs.py
[2024-10-17T19:37:04.996+0000] {processor.py:925} INFO - DAG(s) 'example_xcom_args', 'example_xcom_args_with_operators' retrieved from /home/airflow/.local/lib/python3.12/site-packages/airflow/example_dags/example_xcomargs.py
[2024-10-17T19:37:05.014+0000] {logging_mixin.py:190} INFO - [2024-10-17T19:37:05.014+0000] {dag.py:3239} INFO - Sync 2 DAGs
[2024-10-17T19:37:05.024+0000] {logging_mixin.py:190} INFO - [2024-10-17T19:37:05.024+0000] {dag.py:4180} INFO - Setting next_dagrun for example_xcom_args to None, run_after=None
[2024-10-17T19:37:05.027+0000] {logging_mixin.py:190} INFO - [2024-10-17T19:37:05.026+0000] {dag.py:4180} INFO - Setting next_dagrun for example_xcom_args_with_operators to None, run_after=None
[2024-10-17T19:37:05.036+0000] {processor.py:208} INFO - Processing /home/airflow/.local/lib/python3.12/site-packages/airflow/example_dags/example_xcomargs.py took 0.055 seconds
[2024-10-17T19:39:17.005+0000] {processor.py:186} INFO - Started process (PID=56) to work on /home/airflow/.local/lib/python3.12/site-packages/airflow/example_dags/example_xcomargs.py
[2024-10-17T19:39:17.006+0000] {processor.py:914} INFO - Processing file /home/airflow/.local/lib/python3.12/site-packages/airflow/example_dags/example_xcomargs.py for tasks to queue
[2024-10-17T19:39:17.008+0000] {logging_mixin.py:190} INFO - [2024-10-17T19:39:17.008+0000] {dagbag.py:588} INFO - Filling up the DagBag from /home/airflow/.local/lib/python3.12/site-packages/airflow/example_dags/example_xcomargs.py
[2024-10-17T19:39:17.020+0000] {processor.py:925} INFO - DAG(s) 'example_xcom_args_with_operators', 'example_xcom_args' retrieved from /home/airflow/.local/lib/python3.12/site-packages/airflow/example_dags/example_xcomargs.py
[2024-10-17T19:39:17.115+0000] {logging_mixin.py:190} INFO - [2024-10-17T19:39:17.115+0000] {override.py:1900} INFO - Created Permission View: can read on DAG:example_xcom_args_with_operators
[2024-10-17T19:39:17.121+0000] {logging_mixin.py:190} INFO - [2024-10-17T19:39:17.121+0000] {override.py:1900} INFO - Created Permission View: can delete on DAG:example_xcom_args_with_operators
[2024-10-17T19:39:17.124+0000] {logging_mixin.py:190} INFO - [2024-10-17T19:39:17.124+0000] {override.py:1900} INFO - Created Permission View: can edit on DAG:example_xcom_args_with_operators
[2024-10-17T19:39:17.127+0000] {logging_mixin.py:190} INFO - [2024-10-17T19:39:17.127+0000] {override.py:1900} INFO - Created Permission View: can read on DAG Run:example_xcom_args_with_operators
[2024-10-17T19:39:17.130+0000] {logging_mixin.py:190} INFO - [2024-10-17T19:39:17.130+0000] {override.py:1900} INFO - Created Permission View: can create on DAG Run:example_xcom_args_with_operators
[2024-10-17T19:39:17.133+0000] {logging_mixin.py:190} INFO - [2024-10-17T19:39:17.133+0000] {override.py:1900} INFO - Created Permission View: can delete on DAG Run:example_xcom_args_with_operators
[2024-10-17T19:39:17.136+0000] {logging_mixin.py:190} INFO - [2024-10-17T19:39:17.135+0000] {override.py:1900} INFO - Created Permission View: menu access on DAG Run:example_xcom_args_with_operators
[2024-10-17T19:39:17.142+0000] {logging_mixin.py:190} INFO - [2024-10-17T19:39:17.142+0000] {override.py:1900} INFO - Created Permission View: can read on DAG:example_xcom_args
[2024-10-17T19:39:17.145+0000] {logging_mixin.py:190} INFO - [2024-10-17T19:39:17.145+0000] {override.py:1900} INFO - Created Permission View: can delete on DAG:example_xcom_args
[2024-10-17T19:39:17.148+0000] {logging_mixin.py:190} INFO - [2024-10-17T19:39:17.148+0000] {override.py:1900} INFO - Created Permission View: can edit on DAG:example_xcom_args
[2024-10-17T19:39:17.152+0000] {logging_mixin.py:190} INFO - [2024-10-17T19:39:17.152+0000] {override.py:1900} INFO - Created Permission View: can read on DAG Run:example_xcom_args
[2024-10-17T19:39:17.155+0000] {logging_mixin.py:190} INFO - [2024-10-17T19:39:17.155+0000] {override.py:1900} INFO - Created Permission View: can create on DAG Run:example_xcom_args
[2024-10-17T19:39:17.158+0000] {logging_mixin.py:190} INFO - [2024-10-17T19:39:17.158+0000] {override.py:1900} INFO - Created Permission View: can delete on DAG Run:example_xcom_args
[2024-10-17T19:39:17.162+0000] {logging_mixin.py:190} INFO - [2024-10-17T19:39:17.162+0000] {override.py:1900} INFO - Created Permission View: menu access on DAG Run:example_xcom_args
[2024-10-17T19:39:17.163+0000] {logging_mixin.py:190} INFO - [2024-10-17T19:39:17.163+0000] {dag.py:3239} INFO - Sync 2 DAGs
[2024-10-17T19:39:17.171+0000] {logging_mixin.py:190} INFO - [2024-10-17T19:39:17.171+0000] {dag.py:3262} INFO - Creating ORM DAG for example_xcom_args
[2024-10-17T19:39:17.172+0000] {logging_mixin.py:190} INFO - [2024-10-17T19:39:17.172+0000] {dag.py:3262} INFO - Creating ORM DAG for example_xcom_args_with_operators
[2024-10-17T19:39:17.172+0000] {logging_mixin.py:190} INFO - [2024-10-17T19:39:17.172+0000] {dag.py:4180} INFO - Setting next_dagrun for example_xcom_args to None, run_after=None
[2024-10-17T19:39:17.173+0000] {logging_mixin.py:190} INFO - [2024-10-17T19:39:17.172+0000] {dag.py:4180} INFO - Setting next_dagrun for example_xcom_args_with_operators to None, run_after=None
[2024-10-17T19:39:17.183+0000] {processor.py:208} INFO - Processing /home/airflow/.local/lib/python3.12/site-packages/airflow/example_dags/example_xcomargs.py took 0.182 seconds
[2024-10-17T19:39:48.143+0000] {processor.py:186} INFO - Started process (PID=119) to work on /home/airflow/.local/lib/python3.12/site-packages/airflow/example_dags/example_xcomargs.py
[2024-10-17T19:39:48.146+0000] {processor.py:914} INFO - Processing file /home/airflow/.local/lib/python3.12/site-packages/airflow/example_dags/example_xcomargs.py for tasks to queue
[2024-10-17T19:39:48.149+0000] {logging_mixin.py:190} INFO - [2024-10-17T19:39:48.148+0000] {dagbag.py:588} INFO - Filling up the DagBag from /home/airflow/.local/lib/python3.12/site-packages/airflow/example_dags/example_xcomargs.py
[2024-10-17T19:39:48.158+0000] {processor.py:925} INFO - DAG(s) 'example_xcom_args', 'example_xcom_args_with_operators' retrieved from /home/airflow/.local/lib/python3.12/site-packages/airflow/example_dags/example_xcomargs.py
[2024-10-17T19:39:48.174+0000] {logging_mixin.py:190} INFO - [2024-10-17T19:39:48.174+0000] {dag.py:3239} INFO - Sync 2 DAGs
[2024-10-17T19:39:48.182+0000] {logging_mixin.py:190} INFO - [2024-10-17T19:39:48.182+0000] {dag.py:4180} INFO - Setting next_dagrun for example_xcom_args to None, run_after=None
[2024-10-17T19:39:48.184+0000] {logging_mixin.py:190} INFO - [2024-10-17T19:39:48.184+0000] {dag.py:4180} INFO - Setting next_dagrun for example_xcom_args_with_operators to None, run_after=None
[2024-10-17T19:39:48.192+0000] {processor.py:208} INFO - Processing /home/airflow/.local/lib/python3.12/site-packages/airflow/example_dags/example_xcomargs.py took 0.058 seconds
[2024-10-17T19:40:18.512+0000] {processor.py:186} INFO - Started process (PID=182) to work on /home/airflow/.local/lib/python3.12/site-packages/airflow/example_dags/example_xcomargs.py
[2024-10-17T19:40:18.513+0000] {processor.py:914} INFO - Processing file /home/airflow/.local/lib/python3.12/site-packages/airflow/example_dags/example_xcomargs.py for tasks to queue
[2024-10-17T19:40:18.517+0000] {logging_mixin.py:190} INFO - [2024-10-17T19:40:18.516+0000] {dagbag.py:588} INFO - Filling up the DagBag from /home/airflow/.local/lib/python3.12/site-packages/airflow/example_dags/example_xcomargs.py
[2024-10-17T19:40:18.528+0000] {processor.py:925} INFO - DAG(s) 'example_xcom_args_with_operators', 'example_xcom_args' retrieved from /home/airflow/.local/lib/python3.12/site-packages/airflow/example_dags/example_xcomargs.py
[2024-10-17T19:40:18.544+0000] {logging_mixin.py:190} INFO - [2024-10-17T19:40:18.544+0000] {dag.py:3239} INFO - Sync 2 DAGs
[2024-10-17T19:40:18.552+0000] {logging_mixin.py:190} INFO - [2024-10-17T19:40:18.552+0000] {dag.py:4180} INFO - Setting next_dagrun for example_xcom_args to None, run_after=None
[2024-10-17T19:40:18.554+0000] {logging_mixin.py:190} INFO - [2024-10-17T19:40:18.554+0000] {dag.py:4180} INFO - Setting next_dagrun for example_xcom_args_with_operators to None, run_after=None
[2024-10-17T19:40:18.561+0000] {processor.py:208} INFO - Processing /home/airflow/.local/lib/python3.12/site-packages/airflow/example_dags/example_xcomargs.py took 0.059 seconds
[2024-10-17T19:40:48.853+0000] {processor.py:186} INFO - Started process (PID=245) to work on /home/airflow/.local/lib/python3.12/site-packages/airflow/example_dags/example_xcomargs.py
[2024-10-17T19:40:48.854+0000] {processor.py:914} INFO - Processing file /home/airflow/.local/lib/python3.12/site-packages/airflow/example_dags/example_xcomargs.py for tasks to queue
[2024-10-17T19:40:48.856+0000] {logging_mixin.py:190} INFO - [2024-10-17T19:40:48.856+0000] {dagbag.py:588} INFO - Filling up the DagBag from /home/airflow/.local/lib/python3.12/site-packages/airflow/example_dags/example_xcomargs.py
[2024-10-17T19:40:48.863+0000] {processor.py:925} INFO - DAG(s) 'example_xcom_args', 'example_xcom_args_with_operators' retrieved from /home/airflow/.local/lib/python3.12/site-packages/airflow/example_dags/example_xcomargs.py
[2024-10-17T19:40:48.877+0000] {logging_mixin.py:190} INFO - [2024-10-17T19:40:48.877+0000] {dag.py:3239} INFO - Sync 2 DAGs
[2024-10-17T19:40:48.884+0000] {logging_mixin.py:190} INFO - [2024-10-17T19:40:48.884+0000] {dag.py:4180} INFO - Setting next_dagrun for example_xcom_args to None, run_after=None
[2024-10-17T19:40:48.886+0000] {logging_mixin.py:190} INFO - [2024-10-17T19:40:48.886+0000] {dag.py:4180} INFO - Setting next_dagrun for example_xcom_args_with_operators to None, run_after=None
[2024-10-17T19:40:48.895+0000] {processor.py:208} INFO - Processing /home/airflow/.local/lib/python3.12/site-packages/airflow/example_dags/example_xcomargs.py took 0.046 seconds
[2024-10-17T19:41:19.376+0000] {processor.py:186} INFO - Started process (PID=308) to work on /home/airflow/.local/lib/python3.12/site-packages/airflow/example_dags/example_xcomargs.py
[2024-10-17T19:41:19.377+0000] {processor.py:914} INFO - Processing file /home/airflow/.local/lib/python3.12/site-packages/airflow/example_dags/example_xcomargs.py for tasks to queue
[2024-10-17T19:41:19.379+0000] {logging_mixin.py:190} INFO - [2024-10-17T19:41:19.378+0000] {dagbag.py:588} INFO - Filling up the DagBag from /home/airflow/.local/lib/python3.12/site-packages/airflow/example_dags/example_xcomargs.py
[2024-10-17T19:41:19.385+0000] {processor.py:925} INFO - DAG(s) 'example_xcom_args', 'example_xcom_args_with_operators' retrieved from /home/airflow/.local/lib/python3.12/site-packages/airflow/example_dags/example_xcomargs.py
[2024-10-17T19:41:19.397+0000] {logging_mixin.py:190} INFO - [2024-10-17T19:41:19.397+0000] {dag.py:3239} INFO - Sync 2 DAGs
[2024-10-17T19:41:19.405+0000] {logging_mixin.py:190} INFO - [2024-10-17T19:41:19.405+0000] {dag.py:4180} INFO - Setting next_dagrun for example_xcom_args to None, run_after=None
[2024-10-17T19:41:19.407+0000] {logging_mixin.py:190} INFO - [2024-10-17T19:41:19.407+0000] {dag.py:4180} INFO - Setting next_dagrun for example_xcom_args_with_operators to None, run_after=None
[2024-10-17T19:41:19.415+0000] {processor.py:208} INFO - Processing /home/airflow/.local/lib/python3.12/site-packages/airflow/example_dags/example_xcomargs.py took 0.043 seconds
[2024-10-17T19:41:50.242+0000] {processor.py:186} INFO - Started process (PID=371) to work on /home/airflow/.local/lib/python3.12/site-packages/airflow/example_dags/example_xcomargs.py
[2024-10-17T19:41:50.244+0000] {processor.py:914} INFO - Processing file /home/airflow/.local/lib/python3.12/site-packages/airflow/example_dags/example_xcomargs.py for tasks to queue
[2024-10-17T19:41:50.247+0000] {logging_mixin.py:190} INFO - [2024-10-17T19:41:50.247+0000] {dagbag.py:588} INFO - Filling up the DagBag from /home/airflow/.local/lib/python3.12/site-packages/airflow/example_dags/example_xcomargs.py
[2024-10-17T19:41:50.257+0000] {processor.py:925} INFO - DAG(s) 'example_xcom_args', 'example_xcom_args_with_operators' retrieved from /home/airflow/.local/lib/python3.12/site-packages/airflow/example_dags/example_xcomargs.py
[2024-10-17T19:41:50.272+0000] {logging_mixin.py:190} INFO - [2024-10-17T19:41:50.272+0000] {dag.py:3239} INFO - Sync 2 DAGs
[2024-10-17T19:41:50.281+0000] {logging_mixin.py:190} INFO - [2024-10-17T19:41:50.281+0000] {dag.py:4180} INFO - Setting next_dagrun for example_xcom_args to None, run_after=None
[2024-10-17T19:41:50.283+0000] {logging_mixin.py:190} INFO - [2024-10-17T19:41:50.283+0000] {dag.py:4180} INFO - Setting next_dagrun for example_xcom_args_with_operators to None, run_after=None
[2024-10-17T19:41:50.291+0000] {processor.py:208} INFO - Processing /home/airflow/.local/lib/python3.12/site-packages/airflow/example_dags/example_xcomargs.py took 0.059 seconds
[2024-10-17T19:42:20.628+0000] {processor.py:186} INFO - Started process (PID=434) to work on /home/airflow/.local/lib/python3.12/site-packages/airflow/example_dags/example_xcomargs.py
[2024-10-17T19:42:20.630+0000] {processor.py:914} INFO - Processing file /home/airflow/.local/lib/python3.12/site-packages/airflow/example_dags/example_xcomargs.py for tasks to queue
[2024-10-17T19:42:20.633+0000] {logging_mixin.py:190} INFO - [2024-10-17T19:42:20.632+0000] {dagbag.py:588} INFO - Filling up the DagBag from /home/airflow/.local/lib/python3.12/site-packages/airflow/example_dags/example_xcomargs.py
[2024-10-17T19:42:20.641+0000] {processor.py:925} INFO - DAG(s) 'example_xcom_args', 'example_xcom_args_with_operators' retrieved from /home/airflow/.local/lib/python3.12/site-packages/airflow/example_dags/example_xcomargs.py
[2024-10-17T19:42:20.659+0000] {logging_mixin.py:190} INFO - [2024-10-17T19:42:20.658+0000] {dag.py:3239} INFO - Sync 2 DAGs
[2024-10-17T19:42:20.667+0000] {logging_mixin.py:190} INFO - [2024-10-17T19:42:20.667+0000] {dag.py:4180} INFO - Setting next_dagrun for example_xcom_args to None, run_after=None
[2024-10-17T19:42:20.669+0000] {logging_mixin.py:190} INFO - [2024-10-17T19:42:20.669+0000] {dag.py:4180} INFO - Setting next_dagrun for example_xcom_args_with_operators to None, run_after=None
[2024-10-17T19:42:20.708+0000] {processor.py:208} INFO - Processing /home/airflow/.local/lib/python3.12/site-packages/airflow/example_dags/example_xcomargs.py took 0.090 seconds
[2024-10-17T19:43:58.970+0000] {processor.py:186} INFO - Started process (PID=56) to work on /home/airflow/.local/lib/python3.12/site-packages/airflow/example_dags/example_xcomargs.py
[2024-10-17T19:43:58.971+0000] {processor.py:914} INFO - Processing file /home/airflow/.local/lib/python3.12/site-packages/airflow/example_dags/example_xcomargs.py for tasks to queue
[2024-10-17T19:43:58.973+0000] {logging_mixin.py:190} INFO - [2024-10-17T19:43:58.973+0000] {dagbag.py:588} INFO - Filling up the DagBag from /home/airflow/.local/lib/python3.12/site-packages/airflow/example_dags/example_xcomargs.py
[2024-10-17T19:43:58.982+0000] {processor.py:925} INFO - DAG(s) 'example_xcom_args', 'example_xcom_args_with_operators' retrieved from /home/airflow/.local/lib/python3.12/site-packages/airflow/example_dags/example_xcomargs.py
[2024-10-17T19:43:59.057+0000] {logging_mixin.py:190} INFO - [2024-10-17T19:43:59.056+0000] {override.py:1900} INFO - Created Permission View: can delete on DAG:example_xcom_args
[2024-10-17T19:43:59.066+0000] {logging_mixin.py:190} INFO - [2024-10-17T19:43:59.065+0000] {override.py:1900} INFO - Created Permission View: can edit on DAG:example_xcom_args
[2024-10-17T19:43:59.070+0000] {logging_mixin.py:190} INFO - [2024-10-17T19:43:59.069+0000] {override.py:1900} INFO - Created Permission View: can read on DAG:example_xcom_args
[2024-10-17T19:43:59.074+0000] {logging_mixin.py:190} INFO - [2024-10-17T19:43:59.073+0000] {override.py:1900} INFO - Created Permission View: can delete on DAG Run:example_xcom_args
[2024-10-17T19:43:59.078+0000] {logging_mixin.py:190} INFO - [2024-10-17T19:43:59.078+0000] {override.py:1900} INFO - Created Permission View: can create on DAG Run:example_xcom_args
[2024-10-17T19:43:59.081+0000] {logging_mixin.py:190} INFO - [2024-10-17T19:43:59.081+0000] {override.py:1900} INFO - Created Permission View: menu access on DAG Run:example_xcom_args
[2024-10-17T19:43:59.084+0000] {logging_mixin.py:190} INFO - [2024-10-17T19:43:59.084+0000] {override.py:1900} INFO - Created Permission View: can read on DAG Run:example_xcom_args
[2024-10-17T19:43:59.092+0000] {logging_mixin.py:190} INFO - [2024-10-17T19:43:59.092+0000] {override.py:1900} INFO - Created Permission View: can delete on DAG:example_xcom_args_with_operators
[2024-10-17T19:43:59.097+0000] {logging_mixin.py:190} INFO - [2024-10-17T19:43:59.097+0000] {override.py:1900} INFO - Created Permission View: can edit on DAG:example_xcom_args_with_operators
[2024-10-17T19:43:59.101+0000] {logging_mixin.py:190} INFO - [2024-10-17T19:43:59.101+0000] {override.py:1900} INFO - Created Permission View: can read on DAG:example_xcom_args_with_operators
[2024-10-17T19:43:59.106+0000] {logging_mixin.py:190} INFO - [2024-10-17T19:43:59.106+0000] {override.py:1900} INFO - Created Permission View: can delete on DAG Run:example_xcom_args_with_operators
[2024-10-17T19:43:59.110+0000] {logging_mixin.py:190} INFO - [2024-10-17T19:43:59.110+0000] {override.py:1900} INFO - Created Permission View: can create on DAG Run:example_xcom_args_with_operators
[2024-10-17T19:43:59.113+0000] {logging_mixin.py:190} INFO - [2024-10-17T19:43:59.113+0000] {override.py:1900} INFO - Created Permission View: menu access on DAG Run:example_xcom_args_with_operators
[2024-10-17T19:43:59.117+0000] {logging_mixin.py:190} INFO - [2024-10-17T19:43:59.117+0000] {override.py:1900} INFO - Created Permission View: can read on DAG Run:example_xcom_args_with_operators
[2024-10-17T19:43:59.117+0000] {logging_mixin.py:190} INFO - [2024-10-17T19:43:59.117+0000] {dag.py:3239} INFO - Sync 2 DAGs
[2024-10-17T19:43:59.124+0000] {logging_mixin.py:190} INFO - [2024-10-17T19:43:59.124+0000] {dag.py:3262} INFO - Creating ORM DAG for example_xcom_args_with_operators
[2024-10-17T19:43:59.125+0000] {logging_mixin.py:190} INFO - [2024-10-17T19:43:59.125+0000] {dag.py:3262} INFO - Creating ORM DAG for example_xcom_args
[2024-10-17T19:43:59.125+0000] {logging_mixin.py:190} INFO - [2024-10-17T19:43:59.125+0000] {dag.py:4180} INFO - Setting next_dagrun for example_xcom_args to None, run_after=None
[2024-10-17T19:43:59.126+0000] {logging_mixin.py:190} INFO - [2024-10-17T19:43:59.125+0000] {dag.py:4180} INFO - Setting next_dagrun for example_xcom_args_with_operators to None, run_after=None
[2024-10-17T19:43:59.135+0000] {processor.py:208} INFO - Processing /home/airflow/.local/lib/python3.12/site-packages/airflow/example_dags/example_xcomargs.py took 0.169 seconds
[2024-10-17T19:44:29.441+0000] {processor.py:186} INFO - Started process (PID=119) to work on /home/airflow/.local/lib/python3.12/site-packages/airflow/example_dags/example_xcomargs.py
[2024-10-17T19:44:29.442+0000] {processor.py:914} INFO - Processing file /home/airflow/.local/lib/python3.12/site-packages/airflow/example_dags/example_xcomargs.py for tasks to queue
[2024-10-17T19:44:29.444+0000] {logging_mixin.py:190} INFO - [2024-10-17T19:44:29.444+0000] {dagbag.py:588} INFO - Filling up the DagBag from /home/airflow/.local/lib/python3.12/site-packages/airflow/example_dags/example_xcomargs.py
[2024-10-17T19:44:29.451+0000] {processor.py:925} INFO - DAG(s) 'example_xcom_args_with_operators', 'example_xcom_args' retrieved from /home/airflow/.local/lib/python3.12/site-packages/airflow/example_dags/example_xcomargs.py
[2024-10-17T19:44:29.463+0000] {logging_mixin.py:190} INFO - [2024-10-17T19:44:29.463+0000] {dag.py:3239} INFO - Sync 2 DAGs
[2024-10-17T19:44:29.470+0000] {logging_mixin.py:190} INFO - [2024-10-17T19:44:29.470+0000] {dag.py:4180} INFO - Setting next_dagrun for example_xcom_args to None, run_after=None
[2024-10-17T19:44:29.472+0000] {logging_mixin.py:190} INFO - [2024-10-17T19:44:29.472+0000] {dag.py:4180} INFO - Setting next_dagrun for example_xcom_args_with_operators to None, run_after=None
[2024-10-17T19:44:29.479+0000] {processor.py:208} INFO - Processing /home/airflow/.local/lib/python3.12/site-packages/airflow/example_dags/example_xcomargs.py took 0.042 seconds
[2024-10-17T19:44:59.993+0000] {processor.py:186} INFO - Started process (PID=182) to work on /home/airflow/.local/lib/python3.12/site-packages/airflow/example_dags/example_xcomargs.py
[2024-10-17T19:44:59.994+0000] {processor.py:914} INFO - Processing file /home/airflow/.local/lib/python3.12/site-packages/airflow/example_dags/example_xcomargs.py for tasks to queue
[2024-10-17T19:44:59.996+0000] {logging_mixin.py:190} INFO - [2024-10-17T19:44:59.996+0000] {dagbag.py:588} INFO - Filling up the DagBag from /home/airflow/.local/lib/python3.12/site-packages/airflow/example_dags/example_xcomargs.py
[2024-10-17T19:45:00.002+0000] {processor.py:925} INFO - DAG(s) 'example_xcom_args_with_operators', 'example_xcom_args' retrieved from /home/airflow/.local/lib/python3.12/site-packages/airflow/example_dags/example_xcomargs.py
[2024-10-17T19:45:00.019+0000] {logging_mixin.py:190} INFO - [2024-10-17T19:45:00.019+0000] {dag.py:3239} INFO - Sync 2 DAGs
[2024-10-17T19:45:00.031+0000] {logging_mixin.py:190} INFO - [2024-10-17T19:45:00.031+0000] {dag.py:4180} INFO - Setting next_dagrun for example_xcom_args to None, run_after=None
[2024-10-17T19:45:00.033+0000] {logging_mixin.py:190} INFO - [2024-10-17T19:45:00.033+0000] {dag.py:4180} INFO - Setting next_dagrun for example_xcom_args_with_operators to None, run_after=None
[2024-10-17T19:45:00.043+0000] {processor.py:208} INFO - Processing /home/airflow/.local/lib/python3.12/site-packages/airflow/example_dags/example_xcomargs.py took 0.053 seconds
[2024-10-17T19:45:30.611+0000] {processor.py:186} INFO - Started process (PID=245) to work on /home/airflow/.local/lib/python3.12/site-packages/airflow/example_dags/example_xcomargs.py
[2024-10-17T19:45:30.612+0000] {processor.py:914} INFO - Processing file /home/airflow/.local/lib/python3.12/site-packages/airflow/example_dags/example_xcomargs.py for tasks to queue
[2024-10-17T19:45:30.614+0000] {logging_mixin.py:190} INFO - [2024-10-17T19:45:30.614+0000] {dagbag.py:588} INFO - Filling up the DagBag from /home/airflow/.local/lib/python3.12/site-packages/airflow/example_dags/example_xcomargs.py
[2024-10-17T19:45:30.620+0000] {processor.py:925} INFO - DAG(s) 'example_xcom_args_with_operators', 'example_xcom_args' retrieved from /home/airflow/.local/lib/python3.12/site-packages/airflow/example_dags/example_xcomargs.py
[2024-10-17T19:45:30.633+0000] {logging_mixin.py:190} INFO - [2024-10-17T19:45:30.633+0000] {dag.py:3239} INFO - Sync 2 DAGs
[2024-10-17T19:45:30.641+0000] {logging_mixin.py:190} INFO - [2024-10-17T19:45:30.640+0000] {dag.py:4180} INFO - Setting next_dagrun for example_xcom_args to None, run_after=None
[2024-10-17T19:45:30.642+0000] {logging_mixin.py:190} INFO - [2024-10-17T19:45:30.642+0000] {dag.py:4180} INFO - Setting next_dagrun for example_xcom_args_with_operators to None, run_after=None
[2024-10-17T19:45:30.650+0000] {processor.py:208} INFO - Processing /home/airflow/.local/lib/python3.12/site-packages/airflow/example_dags/example_xcomargs.py took 0.043 seconds
[2024-10-17T19:46:01.196+0000] {processor.py:186} INFO - Started process (PID=308) to work on /home/airflow/.local/lib/python3.12/site-packages/airflow/example_dags/example_xcomargs.py
[2024-10-17T19:46:01.197+0000] {processor.py:914} INFO - Processing file /home/airflow/.local/lib/python3.12/site-packages/airflow/example_dags/example_xcomargs.py for tasks to queue
[2024-10-17T19:46:01.199+0000] {logging_mixin.py:190} INFO - [2024-10-17T19:46:01.198+0000] {dagbag.py:588} INFO - Filling up the DagBag from /home/airflow/.local/lib/python3.12/site-packages/airflow/example_dags/example_xcomargs.py
[2024-10-17T19:46:01.206+0000] {processor.py:925} INFO - DAG(s) 'example_xcom_args', 'example_xcom_args_with_operators' retrieved from /home/airflow/.local/lib/python3.12/site-packages/airflow/example_dags/example_xcomargs.py
[2024-10-17T19:46:01.218+0000] {logging_mixin.py:190} INFO - [2024-10-17T19:46:01.218+0000] {dag.py:3239} INFO - Sync 2 DAGs
[2024-10-17T19:46:01.225+0000] {logging_mixin.py:190} INFO - [2024-10-17T19:46:01.225+0000] {dag.py:4180} INFO - Setting next_dagrun for example_xcom_args to None, run_after=None
[2024-10-17T19:46:01.227+0000] {logging_mixin.py:190} INFO - [2024-10-17T19:46:01.227+0000] {dag.py:4180} INFO - Setting next_dagrun for example_xcom_args_with_operators to None, run_after=None
[2024-10-17T19:46:01.236+0000] {processor.py:208} INFO - Processing /home/airflow/.local/lib/python3.12/site-packages/airflow/example_dags/example_xcomargs.py took 0.044 seconds
[2024-10-17T19:46:31.557+0000] {processor.py:186} INFO - Started process (PID=371) to work on /home/airflow/.local/lib/python3.12/site-packages/airflow/example_dags/example_xcomargs.py
[2024-10-17T19:46:31.558+0000] {processor.py:914} INFO - Processing file /home/airflow/.local/lib/python3.12/site-packages/airflow/example_dags/example_xcomargs.py for tasks to queue
[2024-10-17T19:46:31.559+0000] {logging_mixin.py:190} INFO - [2024-10-17T19:46:31.559+0000] {dagbag.py:588} INFO - Filling up the DagBag from /home/airflow/.local/lib/python3.12/site-packages/airflow/example_dags/example_xcomargs.py
[2024-10-17T19:46:31.566+0000] {processor.py:925} INFO - DAG(s) 'example_xcom_args', 'example_xcom_args_with_operators' retrieved from /home/airflow/.local/lib/python3.12/site-packages/airflow/example_dags/example_xcomargs.py
[2024-10-17T19:46:31.580+0000] {logging_mixin.py:190} INFO - [2024-10-17T19:46:31.579+0000] {dag.py:3239} INFO - Sync 2 DAGs
[2024-10-17T19:46:31.587+0000] {logging_mixin.py:190} INFO - [2024-10-17T19:46:31.587+0000] {dag.py:4180} INFO - Setting next_dagrun for example_xcom_args to None, run_after=None
[2024-10-17T19:46:31.589+0000] {logging_mixin.py:190} INFO - [2024-10-17T19:46:31.589+0000] {dag.py:4180} INFO - Setting next_dagrun for example_xcom_args_with_operators to None, run_after=None
[2024-10-17T19:46:31.596+0000] {processor.py:208} INFO - Processing /home/airflow/.local/lib/python3.12/site-packages/airflow/example_dags/example_xcomargs.py took 0.044 seconds
[2024-10-17T19:47:02.091+0000] {processor.py:186} INFO - Started process (PID=434) to work on /home/airflow/.local/lib/python3.12/site-packages/airflow/example_dags/example_xcomargs.py
[2024-10-17T19:47:02.092+0000] {processor.py:914} INFO - Processing file /home/airflow/.local/lib/python3.12/site-packages/airflow/example_dags/example_xcomargs.py for tasks to queue
[2024-10-17T19:47:02.094+0000] {logging_mixin.py:190} INFO - [2024-10-17T19:47:02.094+0000] {dagbag.py:588} INFO - Filling up the DagBag from /home/airflow/.local/lib/python3.12/site-packages/airflow/example_dags/example_xcomargs.py
[2024-10-17T19:47:02.101+0000] {processor.py:925} INFO - DAG(s) 'example_xcom_args', 'example_xcom_args_with_operators' retrieved from /home/airflow/.local/lib/python3.12/site-packages/airflow/example_dags/example_xcomargs.py
[2024-10-17T19:47:02.115+0000] {logging_mixin.py:190} INFO - [2024-10-17T19:47:02.115+0000] {dag.py:3239} INFO - Sync 2 DAGs
[2024-10-17T19:47:02.123+0000] {logging_mixin.py:190} INFO - [2024-10-17T19:47:02.123+0000] {dag.py:4180} INFO - Setting next_dagrun for example_xcom_args to None, run_after=None
[2024-10-17T19:47:02.125+0000] {logging_mixin.py:190} INFO - [2024-10-17T19:47:02.125+0000] {dag.py:4180} INFO - Setting next_dagrun for example_xcom_args_with_operators to None, run_after=None
[2024-10-17T19:47:02.132+0000] {processor.py:208} INFO - Processing /home/airflow/.local/lib/python3.12/site-packages/airflow/example_dags/example_xcomargs.py took 0.045 seconds
[2024-10-17T19:47:32.717+0000] {processor.py:186} INFO - Started process (PID=497) to work on /home/airflow/.local/lib/python3.12/site-packages/airflow/example_dags/example_xcomargs.py
[2024-10-17T19:47:32.718+0000] {processor.py:914} INFO - Processing file /home/airflow/.local/lib/python3.12/site-packages/airflow/example_dags/example_xcomargs.py for tasks to queue
[2024-10-17T19:47:32.720+0000] {logging_mixin.py:190} INFO - [2024-10-17T19:47:32.720+0000] {dagbag.py:588} INFO - Filling up the DagBag from /home/airflow/.local/lib/python3.12/site-packages/airflow/example_dags/example_xcomargs.py
[2024-10-17T19:47:32.726+0000] {processor.py:925} INFO - DAG(s) 'example_xcom_args', 'example_xcom_args_with_operators' retrieved from /home/airflow/.local/lib/python3.12/site-packages/airflow/example_dags/example_xcomargs.py
[2024-10-17T19:47:32.738+0000] {logging_mixin.py:190} INFO - [2024-10-17T19:47:32.738+0000] {dag.py:3239} INFO - Sync 2 DAGs
[2024-10-17T19:47:32.748+0000] {logging_mixin.py:190} INFO - [2024-10-17T19:47:32.748+0000] {dag.py:4180} INFO - Setting next_dagrun for example_xcom_args to None, run_after=None
[2024-10-17T19:47:32.750+0000] {logging_mixin.py:190} INFO - [2024-10-17T19:47:32.750+0000] {dag.py:4180} INFO - Setting next_dagrun for example_xcom_args_with_operators to None, run_after=None
[2024-10-17T19:47:32.757+0000] {processor.py:208} INFO - Processing /home/airflow/.local/lib/python3.12/site-packages/airflow/example_dags/example_xcomargs.py took 0.044 seconds
[2024-10-17T19:48:03.206+0000] {processor.py:186} INFO - Started process (PID=560) to work on /home/airflow/.local/lib/python3.12/site-packages/airflow/example_dags/example_xcomargs.py
[2024-10-17T19:48:03.206+0000] {processor.py:914} INFO - Processing file /home/airflow/.local/lib/python3.12/site-packages/airflow/example_dags/example_xcomargs.py for tasks to queue
[2024-10-17T19:48:03.208+0000] {logging_mixin.py:190} INFO - [2024-10-17T19:48:03.207+0000] {dagbag.py:588} INFO - Filling up the DagBag from /home/airflow/.local/lib/python3.12/site-packages/airflow/example_dags/example_xcomargs.py
[2024-10-17T19:48:03.214+0000] {processor.py:925} INFO - DAG(s) 'example_xcom_args', 'example_xcom_args_with_operators' retrieved from /home/airflow/.local/lib/python3.12/site-packages/airflow/example_dags/example_xcomargs.py
[2024-10-17T19:48:03.227+0000] {logging_mixin.py:190} INFO - [2024-10-17T19:48:03.227+0000] {dag.py:3239} INFO - Sync 2 DAGs
[2024-10-17T19:48:03.234+0000] {logging_mixin.py:190} INFO - [2024-10-17T19:48:03.234+0000] {dag.py:4180} INFO - Setting next_dagrun for example_xcom_args to None, run_after=None
[2024-10-17T19:48:03.236+0000] {logging_mixin.py:190} INFO - [2024-10-17T19:48:03.236+0000] {dag.py:4180} INFO - Setting next_dagrun for example_xcom_args_with_operators to None, run_after=None
[2024-10-17T19:48:03.244+0000] {processor.py:208} INFO - Processing /home/airflow/.local/lib/python3.12/site-packages/airflow/example_dags/example_xcomargs.py took 0.041 seconds
