[2024-10-17T17:10:32.783+0000] {processor.py:186} INFO - Started process (PID=44) to work on /home/airflow/.local/lib/python3.12/site-packages/airflow/example_dags/example_latest_only.py
[2024-10-17T17:10:32.783+0000] {processor.py:914} INFO - Processing file /home/airflow/.local/lib/python3.12/site-packages/airflow/example_dags/example_latest_only.py for tasks to queue
[2024-10-17T17:10:32.785+0000] {logging_mixin.py:190} INFO - [2024-10-17T17:10:32.785+0000] {dagbag.py:588} INFO - Filling up the DagBag from /home/airflow/.local/lib/python3.12/site-packages/airflow/example_dags/example_latest_only.py
[2024-10-17T17:10:32.796+0000] {processor.py:925} INFO - DAG(s) 'latest_only' retrieved from /home/airflow/.local/lib/python3.12/site-packages/airflow/example_dags/example_latest_only.py
[2024-10-17T17:10:32.852+0000] {logging_mixin.py:190} INFO - [2024-10-17T17:10:32.852+0000] {override.py:1900} INFO - Created Permission View: can delete on DAG:latest_only
[2024-10-17T17:10:32.858+0000] {logging_mixin.py:190} INFO - [2024-10-17T17:10:32.858+0000] {override.py:1900} INFO - Created Permission View: can edit on DAG:latest_only
[2024-10-17T17:10:32.861+0000] {logging_mixin.py:190} INFO - [2024-10-17T17:10:32.861+0000] {override.py:1900} INFO - Created Permission View: can read on DAG:latest_only
[2024-10-17T17:10:32.865+0000] {logging_mixin.py:190} INFO - [2024-10-17T17:10:32.864+0000] {override.py:1900} INFO - Created Permission View: can create on DAG Run:latest_only
[2024-10-17T17:10:32.867+0000] {logging_mixin.py:190} INFO - [2024-10-17T17:10:32.867+0000] {override.py:1900} INFO - Created Permission View: can delete on DAG Run:latest_only
[2024-10-17T17:10:32.870+0000] {logging_mixin.py:190} INFO - [2024-10-17T17:10:32.870+0000] {override.py:1900} INFO - Created Permission View: can read on DAG Run:latest_only
[2024-10-17T17:10:32.873+0000] {logging_mixin.py:190} INFO - [2024-10-17T17:10:32.872+0000] {override.py:1900} INFO - Created Permission View: menu access on DAG Run:latest_only
[2024-10-17T17:10:32.873+0000] {logging_mixin.py:190} INFO - [2024-10-17T17:10:32.873+0000] {dag.py:3239} INFO - Sync 1 DAGs
[2024-10-17T17:10:32.879+0000] {logging_mixin.py:190} INFO - [2024-10-17T17:10:32.879+0000] {dag.py:3262} INFO - Creating ORM DAG for latest_only
[2024-10-17T17:10:32.884+0000] {logging_mixin.py:190} INFO - [2024-10-17T17:10:32.884+0000] {dag.py:4180} INFO - Setting next_dagrun for latest_only to 2024-10-17 12:00:00+00:00, run_after=2024-10-17 16:00:00+00:00
[2024-10-17T17:10:32.892+0000] {processor.py:208} INFO - Processing /home/airflow/.local/lib/python3.12/site-packages/airflow/example_dags/example_latest_only.py took 0.113 seconds
[2024-10-17T17:11:03.431+0000] {processor.py:186} INFO - Started process (PID=106) to work on /home/airflow/.local/lib/python3.12/site-packages/airflow/example_dags/example_latest_only.py
[2024-10-17T17:11:03.432+0000] {processor.py:914} INFO - Processing file /home/airflow/.local/lib/python3.12/site-packages/airflow/example_dags/example_latest_only.py for tasks to queue
[2024-10-17T17:11:03.433+0000] {logging_mixin.py:190} INFO - [2024-10-17T17:11:03.433+0000] {dagbag.py:588} INFO - Filling up the DagBag from /home/airflow/.local/lib/python3.12/site-packages/airflow/example_dags/example_latest_only.py
[2024-10-17T17:11:03.437+0000] {processor.py:925} INFO - DAG(s) 'latest_only' retrieved from /home/airflow/.local/lib/python3.12/site-packages/airflow/example_dags/example_latest_only.py
[2024-10-17T17:11:03.448+0000] {logging_mixin.py:190} INFO - [2024-10-17T17:11:03.448+0000] {dag.py:3239} INFO - Sync 1 DAGs
[2024-10-17T17:11:03.461+0000] {logging_mixin.py:190} INFO - [2024-10-17T17:11:03.461+0000] {dag.py:4180} INFO - Setting next_dagrun for latest_only to 2024-10-17 12:00:00+00:00, run_after=2024-10-17 16:00:00+00:00
[2024-10-17T17:11:03.469+0000] {processor.py:208} INFO - Processing /home/airflow/.local/lib/python3.12/site-packages/airflow/example_dags/example_latest_only.py took 0.042 seconds
[2024-10-17T17:11:33.678+0000] {processor.py:186} INFO - Started process (PID=168) to work on /home/airflow/.local/lib/python3.12/site-packages/airflow/example_dags/example_latest_only.py
[2024-10-17T17:11:33.678+0000] {processor.py:914} INFO - Processing file /home/airflow/.local/lib/python3.12/site-packages/airflow/example_dags/example_latest_only.py for tasks to queue
[2024-10-17T17:11:33.680+0000] {logging_mixin.py:190} INFO - [2024-10-17T17:11:33.680+0000] {dagbag.py:588} INFO - Filling up the DagBag from /home/airflow/.local/lib/python3.12/site-packages/airflow/example_dags/example_latest_only.py
[2024-10-17T17:11:33.684+0000] {processor.py:925} INFO - DAG(s) 'latest_only' retrieved from /home/airflow/.local/lib/python3.12/site-packages/airflow/example_dags/example_latest_only.py
[2024-10-17T17:11:33.694+0000] {logging_mixin.py:190} INFO - [2024-10-17T17:11:33.694+0000] {dag.py:3239} INFO - Sync 1 DAGs
[2024-10-17T17:11:33.706+0000] {logging_mixin.py:190} INFO - [2024-10-17T17:11:33.706+0000] {dag.py:4180} INFO - Setting next_dagrun for latest_only to 2024-10-17 12:00:00+00:00, run_after=2024-10-17 16:00:00+00:00
[2024-10-17T17:11:33.715+0000] {processor.py:208} INFO - Processing /home/airflow/.local/lib/python3.12/site-packages/airflow/example_dags/example_latest_only.py took 0.041 seconds
[2024-10-17T17:12:04.057+0000] {processor.py:186} INFO - Started process (PID=230) to work on /home/airflow/.local/lib/python3.12/site-packages/airflow/example_dags/example_latest_only.py
[2024-10-17T17:12:04.058+0000] {processor.py:914} INFO - Processing file /home/airflow/.local/lib/python3.12/site-packages/airflow/example_dags/example_latest_only.py for tasks to queue
[2024-10-17T17:12:04.059+0000] {logging_mixin.py:190} INFO - [2024-10-17T17:12:04.059+0000] {dagbag.py:588} INFO - Filling up the DagBag from /home/airflow/.local/lib/python3.12/site-packages/airflow/example_dags/example_latest_only.py
[2024-10-17T17:12:04.063+0000] {processor.py:925} INFO - DAG(s) 'latest_only' retrieved from /home/airflow/.local/lib/python3.12/site-packages/airflow/example_dags/example_latest_only.py
[2024-10-17T17:12:04.074+0000] {logging_mixin.py:190} INFO - [2024-10-17T17:12:04.074+0000] {dag.py:3239} INFO - Sync 1 DAGs
[2024-10-17T17:12:04.087+0000] {logging_mixin.py:190} INFO - [2024-10-17T17:12:04.087+0000] {dag.py:4180} INFO - Setting next_dagrun for latest_only to 2024-10-17 12:00:00+00:00, run_after=2024-10-17 16:00:00+00:00
[2024-10-17T17:12:04.099+0000] {processor.py:208} INFO - Processing /home/airflow/.local/lib/python3.12/site-packages/airflow/example_dags/example_latest_only.py took 0.046 seconds
