[2024-10-17T17:10:33.586+0000] {processor.py:186} INFO - Started process (PID=56) to work on /home/airflow/.local/lib/python3.12/site-packages/airflow/example_dags/example_bash_operator.py
[2024-10-17T17:10:33.586+0000] {processor.py:914} INFO - Processing file /home/airflow/.local/lib/python3.12/site-packages/airflow/example_dags/example_bash_operator.py for tasks to queue
[2024-10-17T17:10:33.588+0000] {logging_mixin.py:190} INFO - [2024-10-17T17:10:33.588+0000] {dagbag.py:588} INFO - Filling up the DagBag from /home/airflow/.local/lib/python3.12/site-packages/airflow/example_dags/example_bash_operator.py
[2024-10-17T17:10:33.597+0000] {processor.py:925} INFO - DAG(s) 'example_bash_operator' retrieved from /home/airflow/.local/lib/python3.12/site-packages/airflow/example_dags/example_bash_operator.py
[2024-10-17T17:10:33.657+0000] {logging_mixin.py:190} INFO - [2024-10-17T17:10:33.657+0000] {override.py:1900} INFO - Created Permission View: can delete on DAG:example_bash_operator
[2024-10-17T17:10:33.661+0000] {logging_mixin.py:190} INFO - [2024-10-17T17:10:33.661+0000] {override.py:1900} INFO - Created Permission View: can edit on DAG:example_bash_operator
[2024-10-17T17:10:33.664+0000] {logging_mixin.py:190} INFO - [2024-10-17T17:10:33.664+0000] {override.py:1900} INFO - Created Permission View: can read on DAG:example_bash_operator
[2024-10-17T17:10:33.667+0000] {logging_mixin.py:190} INFO - [2024-10-17T17:10:33.667+0000] {override.py:1900} INFO - Created Permission View: can create on DAG Run:example_bash_operator
[2024-10-17T17:10:33.670+0000] {logging_mixin.py:190} INFO - [2024-10-17T17:10:33.670+0000] {override.py:1900} INFO - Created Permission View: can delete on DAG Run:example_bash_operator
[2024-10-17T17:10:33.673+0000] {logging_mixin.py:190} INFO - [2024-10-17T17:10:33.673+0000] {override.py:1900} INFO - Created Permission View: can read on DAG Run:example_bash_operator
[2024-10-17T17:10:33.676+0000] {logging_mixin.py:190} INFO - [2024-10-17T17:10:33.676+0000] {override.py:1900} INFO - Created Permission View: menu access on DAG Run:example_bash_operator
[2024-10-17T17:10:33.676+0000] {logging_mixin.py:190} INFO - [2024-10-17T17:10:33.676+0000] {dag.py:3239} INFO - Sync 1 DAGs
[2024-10-17T17:10:33.684+0000] {logging_mixin.py:190} INFO - [2024-10-17T17:10:33.684+0000] {dag.py:3262} INFO - Creating ORM DAG for example_bash_operator
[2024-10-17T17:10:33.689+0000] {logging_mixin.py:190} INFO - [2024-10-17T17:10:33.689+0000] {dag.py:4180} INFO - Setting next_dagrun for example_bash_operator to 2024-10-16 00:00:00+00:00, run_after=2024-10-17 00:00:00+00:00
[2024-10-17T17:10:33.698+0000] {processor.py:208} INFO - Processing /home/airflow/.local/lib/python3.12/site-packages/airflow/example_dags/example_bash_operator.py took 0.116 seconds
[2024-10-17T17:11:03.864+0000] {processor.py:186} INFO - Started process (PID=118) to work on /home/airflow/.local/lib/python3.12/site-packages/airflow/example_dags/example_bash_operator.py
[2024-10-17T17:11:03.864+0000] {processor.py:914} INFO - Processing file /home/airflow/.local/lib/python3.12/site-packages/airflow/example_dags/example_bash_operator.py for tasks to queue
[2024-10-17T17:11:03.866+0000] {logging_mixin.py:190} INFO - [2024-10-17T17:11:03.865+0000] {dagbag.py:588} INFO - Filling up the DagBag from /home/airflow/.local/lib/python3.12/site-packages/airflow/example_dags/example_bash_operator.py
[2024-10-17T17:11:03.873+0000] {processor.py:925} INFO - DAG(s) 'example_bash_operator' retrieved from /home/airflow/.local/lib/python3.12/site-packages/airflow/example_dags/example_bash_operator.py
[2024-10-17T17:11:03.886+0000] {logging_mixin.py:190} INFO - [2024-10-17T17:11:03.886+0000] {dag.py:3239} INFO - Sync 1 DAGs
[2024-10-17T17:11:03.898+0000] {logging_mixin.py:190} INFO - [2024-10-17T17:11:03.898+0000] {dag.py:4180} INFO - Setting next_dagrun for example_bash_operator to 2024-10-16 00:00:00+00:00, run_after=2024-10-17 00:00:00+00:00
[2024-10-17T17:11:03.907+0000] {processor.py:208} INFO - Processing /home/airflow/.local/lib/python3.12/site-packages/airflow/example_dags/example_bash_operator.py took 0.047 seconds
[2024-10-17T17:11:34.085+0000] {processor.py:186} INFO - Started process (PID=180) to work on /home/airflow/.local/lib/python3.12/site-packages/airflow/example_dags/example_bash_operator.py
[2024-10-17T17:11:34.086+0000] {processor.py:914} INFO - Processing file /home/airflow/.local/lib/python3.12/site-packages/airflow/example_dags/example_bash_operator.py for tasks to queue
[2024-10-17T17:11:34.087+0000] {logging_mixin.py:190} INFO - [2024-10-17T17:11:34.087+0000] {dagbag.py:588} INFO - Filling up the DagBag from /home/airflow/.local/lib/python3.12/site-packages/airflow/example_dags/example_bash_operator.py
[2024-10-17T17:11:34.095+0000] {processor.py:925} INFO - DAG(s) 'example_bash_operator' retrieved from /home/airflow/.local/lib/python3.12/site-packages/airflow/example_dags/example_bash_operator.py
[2024-10-17T17:11:34.108+0000] {logging_mixin.py:190} INFO - [2024-10-17T17:11:34.108+0000] {dag.py:3239} INFO - Sync 1 DAGs
[2024-10-17T17:11:34.120+0000] {logging_mixin.py:190} INFO - [2024-10-17T17:11:34.120+0000] {dag.py:4180} INFO - Setting next_dagrun for example_bash_operator to 2024-10-16 00:00:00+00:00, run_after=2024-10-17 00:00:00+00:00
[2024-10-17T17:11:34.129+0000] {processor.py:208} INFO - Processing /home/airflow/.local/lib/python3.12/site-packages/airflow/example_dags/example_bash_operator.py took 0.047 seconds
[2024-10-17T17:12:04.545+0000] {processor.py:186} INFO - Started process (PID=242) to work on /home/airflow/.local/lib/python3.12/site-packages/airflow/example_dags/example_bash_operator.py
[2024-10-17T17:12:04.546+0000] {processor.py:914} INFO - Processing file /home/airflow/.local/lib/python3.12/site-packages/airflow/example_dags/example_bash_operator.py for tasks to queue
[2024-10-17T17:12:04.548+0000] {logging_mixin.py:190} INFO - [2024-10-17T17:12:04.547+0000] {dagbag.py:588} INFO - Filling up the DagBag from /home/airflow/.local/lib/python3.12/site-packages/airflow/example_dags/example_bash_operator.py
[2024-10-17T17:12:04.555+0000] {processor.py:925} INFO - DAG(s) 'example_bash_operator' retrieved from /home/airflow/.local/lib/python3.12/site-packages/airflow/example_dags/example_bash_operator.py
[2024-10-17T17:12:04.569+0000] {logging_mixin.py:190} INFO - [2024-10-17T17:12:04.569+0000] {dag.py:3239} INFO - Sync 1 DAGs
[2024-10-17T17:12:04.581+0000] {logging_mixin.py:190} INFO - [2024-10-17T17:12:04.581+0000] {dag.py:4180} INFO - Setting next_dagrun for example_bash_operator to 2024-10-16 00:00:00+00:00, run_after=2024-10-17 00:00:00+00:00
[2024-10-17T17:12:04.591+0000] {processor.py:208} INFO - Processing /home/airflow/.local/lib/python3.12/site-packages/airflow/example_dags/example_bash_operator.py took 0.049 seconds
