[2024-10-17T17:10:31.389+0000] {processor.py:186} INFO - Started process (PID=33) to work on /home/airflow/.local/lib/python3.12/site-packages/airflow/example_dags/example_time_delta_sensor_async.py
[2024-10-17T17:10:31.390+0000] {processor.py:914} INFO - Processing file /home/airflow/.local/lib/python3.12/site-packages/airflow/example_dags/example_time_delta_sensor_async.py for tasks to queue
[2024-10-17T17:10:31.393+0000] {logging_mixin.py:190} INFO - [2024-10-17T17:10:31.393+0000] {dagbag.py:588} INFO - Filling up the DagBag from /home/airflow/.local/lib/python3.12/site-packages/airflow/example_dags/example_time_delta_sensor_async.py
[2024-10-17T17:10:31.408+0000] {processor.py:925} INFO - DAG(s) 'example_time_delta_sensor_async' retrieved from /home/airflow/.local/lib/python3.12/site-packages/airflow/example_dags/example_time_delta_sensor_async.py
[2024-10-17T17:10:31.585+0000] {logging_mixin.py:190} INFO - [2024-10-17T17:10:31.585+0000] {override.py:1900} INFO - Created Permission View: can delete on DAG:example_time_delta_sensor_async
[2024-10-17T17:10:31.593+0000] {logging_mixin.py:190} INFO - [2024-10-17T17:10:31.593+0000] {override.py:1900} INFO - Created Permission View: can edit on DAG:example_time_delta_sensor_async
[2024-10-17T17:10:31.597+0000] {logging_mixin.py:190} INFO - [2024-10-17T17:10:31.597+0000] {override.py:1900} INFO - Created Permission View: can read on DAG:example_time_delta_sensor_async
[2024-10-17T17:10:31.600+0000] {logging_mixin.py:190} INFO - [2024-10-17T17:10:31.600+0000] {override.py:1900} INFO - Created Permission View: can create on DAG Run:example_time_delta_sensor_async
[2024-10-17T17:10:31.604+0000] {logging_mixin.py:190} INFO - [2024-10-17T17:10:31.604+0000] {override.py:1900} INFO - Created Permission View: can delete on DAG Run:example_time_delta_sensor_async
[2024-10-17T17:10:31.607+0000] {logging_mixin.py:190} INFO - [2024-10-17T17:10:31.607+0000] {override.py:1900} INFO - Created Permission View: can read on DAG Run:example_time_delta_sensor_async
[2024-10-17T17:10:31.610+0000] {logging_mixin.py:190} INFO - [2024-10-17T17:10:31.609+0000] {override.py:1900} INFO - Created Permission View: menu access on DAG Run:example_time_delta_sensor_async
[2024-10-17T17:10:31.610+0000] {logging_mixin.py:190} INFO - [2024-10-17T17:10:31.610+0000] {dag.py:3239} INFO - Sync 1 DAGs
[2024-10-17T17:10:31.622+0000] {logging_mixin.py:190} INFO - [2024-10-17T17:10:31.621+0000] {dag.py:3262} INFO - Creating ORM DAG for example_time_delta_sensor_async
[2024-10-17T17:10:31.622+0000] {logging_mixin.py:190} INFO - [2024-10-17T17:10:31.622+0000] {dag.py:4180} INFO - Setting next_dagrun for example_time_delta_sensor_async to None, run_after=None
[2024-10-17T17:10:31.635+0000] {processor.py:208} INFO - Processing /home/airflow/.local/lib/python3.12/site-packages/airflow/example_dags/example_time_delta_sensor_async.py took 0.254 seconds
[2024-10-17T17:11:01.948+0000] {processor.py:186} INFO - Started process (PID=95) to work on /home/airflow/.local/lib/python3.12/site-packages/airflow/example_dags/example_time_delta_sensor_async.py
[2024-10-17T17:11:01.949+0000] {processor.py:914} INFO - Processing file /home/airflow/.local/lib/python3.12/site-packages/airflow/example_dags/example_time_delta_sensor_async.py for tasks to queue
[2024-10-17T17:11:01.952+0000] {logging_mixin.py:190} INFO - [2024-10-17T17:11:01.951+0000] {dagbag.py:588} INFO - Filling up the DagBag from /home/airflow/.local/lib/python3.12/site-packages/airflow/example_dags/example_time_delta_sensor_async.py
[2024-10-17T17:11:01.959+0000] {processor.py:925} INFO - DAG(s) 'example_time_delta_sensor_async' retrieved from /home/airflow/.local/lib/python3.12/site-packages/airflow/example_dags/example_time_delta_sensor_async.py
[2024-10-17T17:11:01.973+0000] {logging_mixin.py:190} INFO - [2024-10-17T17:11:01.973+0000] {dag.py:3239} INFO - Sync 1 DAGs
[2024-10-17T17:11:01.982+0000] {logging_mixin.py:190} INFO - [2024-10-17T17:11:01.982+0000] {dag.py:4180} INFO - Setting next_dagrun for example_time_delta_sensor_async to None, run_after=None
[2024-10-17T17:11:01.990+0000] {processor.py:208} INFO - Processing /home/airflow/.local/lib/python3.12/site-packages/airflow/example_dags/example_time_delta_sensor_async.py took 0.049 seconds
[2024-10-17T17:11:32.253+0000] {processor.py:186} INFO - Started process (PID=157) to work on /home/airflow/.local/lib/python3.12/site-packages/airflow/example_dags/example_time_delta_sensor_async.py
[2024-10-17T17:11:32.254+0000] {processor.py:914} INFO - Processing file /home/airflow/.local/lib/python3.12/site-packages/airflow/example_dags/example_time_delta_sensor_async.py for tasks to queue
[2024-10-17T17:11:32.256+0000] {logging_mixin.py:190} INFO - [2024-10-17T17:11:32.256+0000] {dagbag.py:588} INFO - Filling up the DagBag from /home/airflow/.local/lib/python3.12/site-packages/airflow/example_dags/example_time_delta_sensor_async.py
[2024-10-17T17:11:32.263+0000] {processor.py:925} INFO - DAG(s) 'example_time_delta_sensor_async' retrieved from /home/airflow/.local/lib/python3.12/site-packages/airflow/example_dags/example_time_delta_sensor_async.py
[2024-10-17T17:11:32.278+0000] {logging_mixin.py:190} INFO - [2024-10-17T17:11:32.278+0000] {dag.py:3239} INFO - Sync 1 DAGs
[2024-10-17T17:11:32.286+0000] {logging_mixin.py:190} INFO - [2024-10-17T17:11:32.286+0000] {dag.py:4180} INFO - Setting next_dagrun for example_time_delta_sensor_async to None, run_after=None
[2024-10-17T17:11:32.296+0000] {processor.py:208} INFO - Processing /home/airflow/.local/lib/python3.12/site-packages/airflow/example_dags/example_time_delta_sensor_async.py took 0.051 seconds
[2024-10-17T17:12:02.543+0000] {processor.py:186} INFO - Started process (PID=219) to work on /home/airflow/.local/lib/python3.12/site-packages/airflow/example_dags/example_time_delta_sensor_async.py
[2024-10-17T17:12:02.545+0000] {processor.py:914} INFO - Processing file /home/airflow/.local/lib/python3.12/site-packages/airflow/example_dags/example_time_delta_sensor_async.py for tasks to queue
[2024-10-17T17:12:02.548+0000] {logging_mixin.py:190} INFO - [2024-10-17T17:12:02.548+0000] {dagbag.py:588} INFO - Filling up the DagBag from /home/airflow/.local/lib/python3.12/site-packages/airflow/example_dags/example_time_delta_sensor_async.py
[2024-10-17T17:12:02.559+0000] {processor.py:925} INFO - DAG(s) 'example_time_delta_sensor_async' retrieved from /home/airflow/.local/lib/python3.12/site-packages/airflow/example_dags/example_time_delta_sensor_async.py
[2024-10-17T17:12:02.580+0000] {logging_mixin.py:190} INFO - [2024-10-17T17:12:02.579+0000] {dag.py:3239} INFO - Sync 1 DAGs
[2024-10-17T17:12:02.597+0000] {logging_mixin.py:190} INFO - [2024-10-17T17:12:02.597+0000] {dag.py:4180} INFO - Setting next_dagrun for example_time_delta_sensor_async to None, run_after=None
[2024-10-17T17:12:02.608+0000] {processor.py:208} INFO - Processing /home/airflow/.local/lib/python3.12/site-packages/airflow/example_dags/example_time_delta_sensor_async.py took 0.072 seconds
[2024-10-17T19:26:32.192+0000] {processor.py:186} INFO - Started process (PID=52) to work on /home/airflow/.local/lib/python3.12/site-packages/airflow/example_dags/example_time_delta_sensor_async.py
[2024-10-17T19:26:32.193+0000] {processor.py:914} INFO - Processing file /home/airflow/.local/lib/python3.12/site-packages/airflow/example_dags/example_time_delta_sensor_async.py for tasks to queue
[2024-10-17T19:26:32.200+0000] {logging_mixin.py:190} INFO - [2024-10-17T19:26:32.199+0000] {dagbag.py:588} INFO - Filling up the DagBag from /home/airflow/.local/lib/python3.12/site-packages/airflow/example_dags/example_time_delta_sensor_async.py
[2024-10-17T19:26:32.216+0000] {processor.py:925} INFO - DAG(s) 'example_time_delta_sensor_async' retrieved from /home/airflow/.local/lib/python3.12/site-packages/airflow/example_dags/example_time_delta_sensor_async.py
[2024-10-17T19:26:32.396+0000] {logging_mixin.py:190} INFO - [2024-10-17T19:26:32.395+0000] {override.py:1900} INFO - Created Permission View: can edit on DAG:example_time_delta_sensor_async
[2024-10-17T19:26:32.404+0000] {logging_mixin.py:190} INFO - [2024-10-17T19:26:32.403+0000] {override.py:1900} INFO - Created Permission View: can delete on DAG:example_time_delta_sensor_async
[2024-10-17T19:26:32.408+0000] {logging_mixin.py:190} INFO - [2024-10-17T19:26:32.408+0000] {override.py:1900} INFO - Created Permission View: can read on DAG:example_time_delta_sensor_async
[2024-10-17T19:26:32.412+0000] {logging_mixin.py:190} INFO - [2024-10-17T19:26:32.412+0000] {override.py:1900} INFO - Created Permission View: can delete on DAG Run:example_time_delta_sensor_async
[2024-10-17T19:26:32.415+0000] {logging_mixin.py:190} INFO - [2024-10-17T19:26:32.415+0000] {override.py:1900} INFO - Created Permission View: can create on DAG Run:example_time_delta_sensor_async
[2024-10-17T19:26:32.419+0000] {logging_mixin.py:190} INFO - [2024-10-17T19:26:32.418+0000] {override.py:1900} INFO - Created Permission View: can read on DAG Run:example_time_delta_sensor_async
[2024-10-17T19:26:32.422+0000] {logging_mixin.py:190} INFO - [2024-10-17T19:26:32.422+0000] {override.py:1900} INFO - Created Permission View: menu access on DAG Run:example_time_delta_sensor_async
[2024-10-17T19:26:32.422+0000] {logging_mixin.py:190} INFO - [2024-10-17T19:26:32.422+0000] {dag.py:3239} INFO - Sync 1 DAGs
[2024-10-17T19:26:32.431+0000] {logging_mixin.py:190} INFO - [2024-10-17T19:26:32.431+0000] {dag.py:3262} INFO - Creating ORM DAG for example_time_delta_sensor_async
[2024-10-17T19:26:32.432+0000] {logging_mixin.py:190} INFO - [2024-10-17T19:26:32.432+0000] {dag.py:4180} INFO - Setting next_dagrun for example_time_delta_sensor_async to None, run_after=None
[2024-10-17T19:26:32.444+0000] {processor.py:208} INFO - Processing /home/airflow/.local/lib/python3.12/site-packages/airflow/example_dags/example_time_delta_sensor_async.py took 0.262 seconds
[2024-10-17T19:27:03.381+0000] {processor.py:186} INFO - Started process (PID=115) to work on /home/airflow/.local/lib/python3.12/site-packages/airflow/example_dags/example_time_delta_sensor_async.py
[2024-10-17T19:27:03.382+0000] {processor.py:914} INFO - Processing file /home/airflow/.local/lib/python3.12/site-packages/airflow/example_dags/example_time_delta_sensor_async.py for tasks to queue
[2024-10-17T19:27:03.385+0000] {logging_mixin.py:190} INFO - [2024-10-17T19:27:03.385+0000] {dagbag.py:588} INFO - Filling up the DagBag from /home/airflow/.local/lib/python3.12/site-packages/airflow/example_dags/example_time_delta_sensor_async.py
[2024-10-17T19:27:03.395+0000] {processor.py:925} INFO - DAG(s) 'example_time_delta_sensor_async' retrieved from /home/airflow/.local/lib/python3.12/site-packages/airflow/example_dags/example_time_delta_sensor_async.py
[2024-10-17T19:27:03.413+0000] {logging_mixin.py:190} INFO - [2024-10-17T19:27:03.413+0000] {dag.py:3239} INFO - Sync 1 DAGs
[2024-10-17T19:27:03.423+0000] {logging_mixin.py:190} INFO - [2024-10-17T19:27:03.423+0000] {dag.py:4180} INFO - Setting next_dagrun for example_time_delta_sensor_async to None, run_after=None
[2024-10-17T19:27:03.434+0000] {processor.py:208} INFO - Processing /home/airflow/.local/lib/python3.12/site-packages/airflow/example_dags/example_time_delta_sensor_async.py took 0.059 seconds
[2024-10-17T19:27:33.828+0000] {processor.py:186} INFO - Started process (PID=178) to work on /home/airflow/.local/lib/python3.12/site-packages/airflow/example_dags/example_time_delta_sensor_async.py
[2024-10-17T19:27:33.829+0000] {processor.py:914} INFO - Processing file /home/airflow/.local/lib/python3.12/site-packages/airflow/example_dags/example_time_delta_sensor_async.py for tasks to queue
[2024-10-17T19:27:33.833+0000] {logging_mixin.py:190} INFO - [2024-10-17T19:27:33.833+0000] {dagbag.py:588} INFO - Filling up the DagBag from /home/airflow/.local/lib/python3.12/site-packages/airflow/example_dags/example_time_delta_sensor_async.py
[2024-10-17T19:27:33.844+0000] {processor.py:925} INFO - DAG(s) 'example_time_delta_sensor_async' retrieved from /home/airflow/.local/lib/python3.12/site-packages/airflow/example_dags/example_time_delta_sensor_async.py
[2024-10-17T19:27:33.860+0000] {logging_mixin.py:190} INFO - [2024-10-17T19:27:33.860+0000] {dag.py:3239} INFO - Sync 1 DAGs
[2024-10-17T19:27:33.869+0000] {logging_mixin.py:190} INFO - [2024-10-17T19:27:33.869+0000] {dag.py:4180} INFO - Setting next_dagrun for example_time_delta_sensor_async to None, run_after=None
[2024-10-17T19:27:33.879+0000] {processor.py:208} INFO - Processing /home/airflow/.local/lib/python3.12/site-packages/airflow/example_dags/example_time_delta_sensor_async.py took 0.057 seconds
[2024-10-17T19:28:04.312+0000] {processor.py:186} INFO - Started process (PID=241) to work on /home/airflow/.local/lib/python3.12/site-packages/airflow/example_dags/example_time_delta_sensor_async.py
[2024-10-17T19:28:04.314+0000] {processor.py:914} INFO - Processing file /home/airflow/.local/lib/python3.12/site-packages/airflow/example_dags/example_time_delta_sensor_async.py for tasks to queue
[2024-10-17T19:28:04.319+0000] {logging_mixin.py:190} INFO - [2024-10-17T19:28:04.318+0000] {dagbag.py:588} INFO - Filling up the DagBag from /home/airflow/.local/lib/python3.12/site-packages/airflow/example_dags/example_time_delta_sensor_async.py
[2024-10-17T19:28:04.331+0000] {processor.py:925} INFO - DAG(s) 'example_time_delta_sensor_async' retrieved from /home/airflow/.local/lib/python3.12/site-packages/airflow/example_dags/example_time_delta_sensor_async.py
[2024-10-17T19:28:04.351+0000] {logging_mixin.py:190} INFO - [2024-10-17T19:28:04.351+0000] {dag.py:3239} INFO - Sync 1 DAGs
[2024-10-17T19:28:04.363+0000] {logging_mixin.py:190} INFO - [2024-10-17T19:28:04.363+0000] {dag.py:4180} INFO - Setting next_dagrun for example_time_delta_sensor_async to None, run_after=None
[2024-10-17T19:28:04.378+0000] {processor.py:208} INFO - Processing /home/airflow/.local/lib/python3.12/site-packages/airflow/example_dags/example_time_delta_sensor_async.py took 0.073 seconds
[2024-10-17T19:28:34.996+0000] {processor.py:186} INFO - Started process (PID=304) to work on /home/airflow/.local/lib/python3.12/site-packages/airflow/example_dags/example_time_delta_sensor_async.py
[2024-10-17T19:28:34.997+0000] {processor.py:914} INFO - Processing file /home/airflow/.local/lib/python3.12/site-packages/airflow/example_dags/example_time_delta_sensor_async.py for tasks to queue
[2024-10-17T19:28:35.000+0000] {logging_mixin.py:190} INFO - [2024-10-17T19:28:35.000+0000] {dagbag.py:588} INFO - Filling up the DagBag from /home/airflow/.local/lib/python3.12/site-packages/airflow/example_dags/example_time_delta_sensor_async.py
[2024-10-17T19:28:35.012+0000] {processor.py:925} INFO - DAG(s) 'example_time_delta_sensor_async' retrieved from /home/airflow/.local/lib/python3.12/site-packages/airflow/example_dags/example_time_delta_sensor_async.py
[2024-10-17T19:28:35.034+0000] {logging_mixin.py:190} INFO - [2024-10-17T19:28:35.034+0000] {dag.py:3239} INFO - Sync 1 DAGs
[2024-10-17T19:28:35.046+0000] {logging_mixin.py:190} INFO - [2024-10-17T19:28:35.046+0000] {dag.py:4180} INFO - Setting next_dagrun for example_time_delta_sensor_async to None, run_after=None
[2024-10-17T19:28:35.058+0000] {processor.py:208} INFO - Processing /home/airflow/.local/lib/python3.12/site-packages/airflow/example_dags/example_time_delta_sensor_async.py took 0.076 seconds
[2024-10-17T19:29:05.772+0000] {processor.py:186} INFO - Started process (PID=367) to work on /home/airflow/.local/lib/python3.12/site-packages/airflow/example_dags/example_time_delta_sensor_async.py
[2024-10-17T19:29:05.780+0000] {processor.py:914} INFO - Processing file /home/airflow/.local/lib/python3.12/site-packages/airflow/example_dags/example_time_delta_sensor_async.py for tasks to queue
[2024-10-17T19:29:05.786+0000] {logging_mixin.py:190} INFO - [2024-10-17T19:29:05.785+0000] {dagbag.py:588} INFO - Filling up the DagBag from /home/airflow/.local/lib/python3.12/site-packages/airflow/example_dags/example_time_delta_sensor_async.py
[2024-10-17T19:29:05.801+0000] {processor.py:925} INFO - DAG(s) 'example_time_delta_sensor_async' retrieved from /home/airflow/.local/lib/python3.12/site-packages/airflow/example_dags/example_time_delta_sensor_async.py
[2024-10-17T19:29:05.817+0000] {logging_mixin.py:190} INFO - [2024-10-17T19:29:05.817+0000] {dag.py:3239} INFO - Sync 1 DAGs
[2024-10-17T19:29:05.826+0000] {logging_mixin.py:190} INFO - [2024-10-17T19:29:05.826+0000] {dag.py:4180} INFO - Setting next_dagrun for example_time_delta_sensor_async to None, run_after=None
[2024-10-17T19:29:05.836+0000] {processor.py:208} INFO - Processing /home/airflow/.local/lib/python3.12/site-packages/airflow/example_dags/example_time_delta_sensor_async.py took 0.076 seconds
[2024-10-17T19:29:36.386+0000] {processor.py:186} INFO - Started process (PID=430) to work on /home/airflow/.local/lib/python3.12/site-packages/airflow/example_dags/example_time_delta_sensor_async.py
[2024-10-17T19:29:36.388+0000] {processor.py:914} INFO - Processing file /home/airflow/.local/lib/python3.12/site-packages/airflow/example_dags/example_time_delta_sensor_async.py for tasks to queue
[2024-10-17T19:29:36.392+0000] {logging_mixin.py:190} INFO - [2024-10-17T19:29:36.392+0000] {dagbag.py:588} INFO - Filling up the DagBag from /home/airflow/.local/lib/python3.12/site-packages/airflow/example_dags/example_time_delta_sensor_async.py
[2024-10-17T19:29:36.402+0000] {processor.py:925} INFO - DAG(s) 'example_time_delta_sensor_async' retrieved from /home/airflow/.local/lib/python3.12/site-packages/airflow/example_dags/example_time_delta_sensor_async.py
[2024-10-17T19:29:36.418+0000] {logging_mixin.py:190} INFO - [2024-10-17T19:29:36.418+0000] {dag.py:3239} INFO - Sync 1 DAGs
[2024-10-17T19:29:36.428+0000] {logging_mixin.py:190} INFO - [2024-10-17T19:29:36.428+0000] {dag.py:4180} INFO - Setting next_dagrun for example_time_delta_sensor_async to None, run_after=None
[2024-10-17T19:29:36.438+0000] {processor.py:208} INFO - Processing /home/airflow/.local/lib/python3.12/site-packages/airflow/example_dags/example_time_delta_sensor_async.py took 0.062 seconds
[2024-10-17T19:30:06.847+0000] {processor.py:186} INFO - Started process (PID=493) to work on /home/airflow/.local/lib/python3.12/site-packages/airflow/example_dags/example_time_delta_sensor_async.py
[2024-10-17T19:30:06.848+0000] {processor.py:914} INFO - Processing file /home/airflow/.local/lib/python3.12/site-packages/airflow/example_dags/example_time_delta_sensor_async.py for tasks to queue
[2024-10-17T19:30:06.851+0000] {logging_mixin.py:190} INFO - [2024-10-17T19:30:06.850+0000] {dagbag.py:588} INFO - Filling up the DagBag from /home/airflow/.local/lib/python3.12/site-packages/airflow/example_dags/example_time_delta_sensor_async.py
[2024-10-17T19:30:06.857+0000] {processor.py:925} INFO - DAG(s) 'example_time_delta_sensor_async' retrieved from /home/airflow/.local/lib/python3.12/site-packages/airflow/example_dags/example_time_delta_sensor_async.py
[2024-10-17T19:30:06.872+0000] {logging_mixin.py:190} INFO - [2024-10-17T19:30:06.871+0000] {dag.py:3239} INFO - Sync 1 DAGs
[2024-10-17T19:30:06.880+0000] {logging_mixin.py:190} INFO - [2024-10-17T19:30:06.880+0000] {dag.py:4180} INFO - Setting next_dagrun for example_time_delta_sensor_async to None, run_after=None
[2024-10-17T19:30:06.890+0000] {processor.py:208} INFO - Processing /home/airflow/.local/lib/python3.12/site-packages/airflow/example_dags/example_time_delta_sensor_async.py took 0.051 seconds
[2024-10-17T19:30:37.346+0000] {processor.py:186} INFO - Started process (PID=556) to work on /home/airflow/.local/lib/python3.12/site-packages/airflow/example_dags/example_time_delta_sensor_async.py
[2024-10-17T19:30:37.348+0000] {processor.py:914} INFO - Processing file /home/airflow/.local/lib/python3.12/site-packages/airflow/example_dags/example_time_delta_sensor_async.py for tasks to queue
[2024-10-17T19:30:37.351+0000] {logging_mixin.py:190} INFO - [2024-10-17T19:30:37.350+0000] {dagbag.py:588} INFO - Filling up the DagBag from /home/airflow/.local/lib/python3.12/site-packages/airflow/example_dags/example_time_delta_sensor_async.py
[2024-10-17T19:30:37.370+0000] {processor.py:925} INFO - DAG(s) 'example_time_delta_sensor_async' retrieved from /home/airflow/.local/lib/python3.12/site-packages/airflow/example_dags/example_time_delta_sensor_async.py
[2024-10-17T19:30:37.388+0000] {logging_mixin.py:190} INFO - [2024-10-17T19:30:37.388+0000] {dag.py:3239} INFO - Sync 1 DAGs
[2024-10-17T19:30:37.400+0000] {logging_mixin.py:190} INFO - [2024-10-17T19:30:37.400+0000] {dag.py:4180} INFO - Setting next_dagrun for example_time_delta_sensor_async to None, run_after=None
[2024-10-17T19:30:37.412+0000] {processor.py:208} INFO - Processing /home/airflow/.local/lib/python3.12/site-packages/airflow/example_dags/example_time_delta_sensor_async.py took 0.070 seconds
[2024-10-17T19:31:07.960+0000] {processor.py:186} INFO - Started process (PID=619) to work on /home/airflow/.local/lib/python3.12/site-packages/airflow/example_dags/example_time_delta_sensor_async.py
[2024-10-17T19:31:07.962+0000] {processor.py:914} INFO - Processing file /home/airflow/.local/lib/python3.12/site-packages/airflow/example_dags/example_time_delta_sensor_async.py for tasks to queue
[2024-10-17T19:31:07.965+0000] {logging_mixin.py:190} INFO - [2024-10-17T19:31:07.964+0000] {dagbag.py:588} INFO - Filling up the DagBag from /home/airflow/.local/lib/python3.12/site-packages/airflow/example_dags/example_time_delta_sensor_async.py
[2024-10-17T19:31:07.973+0000] {processor.py:925} INFO - DAG(s) 'example_time_delta_sensor_async' retrieved from /home/airflow/.local/lib/python3.12/site-packages/airflow/example_dags/example_time_delta_sensor_async.py
[2024-10-17T19:31:07.988+0000] {logging_mixin.py:190} INFO - [2024-10-17T19:31:07.988+0000] {dag.py:3239} INFO - Sync 1 DAGs
[2024-10-17T19:31:07.998+0000] {logging_mixin.py:190} INFO - [2024-10-17T19:31:07.998+0000] {dag.py:4180} INFO - Setting next_dagrun for example_time_delta_sensor_async to None, run_after=None
[2024-10-17T19:31:08.008+0000] {processor.py:208} INFO - Processing /home/airflow/.local/lib/python3.12/site-packages/airflow/example_dags/example_time_delta_sensor_async.py took 0.053 seconds
[2024-10-17T19:31:38.346+0000] {processor.py:186} INFO - Started process (PID=682) to work on /home/airflow/.local/lib/python3.12/site-packages/airflow/example_dags/example_time_delta_sensor_async.py
[2024-10-17T19:31:38.347+0000] {processor.py:914} INFO - Processing file /home/airflow/.local/lib/python3.12/site-packages/airflow/example_dags/example_time_delta_sensor_async.py for tasks to queue
[2024-10-17T19:31:38.349+0000] {logging_mixin.py:190} INFO - [2024-10-17T19:31:38.349+0000] {dagbag.py:588} INFO - Filling up the DagBag from /home/airflow/.local/lib/python3.12/site-packages/airflow/example_dags/example_time_delta_sensor_async.py
[2024-10-17T19:31:38.357+0000] {processor.py:925} INFO - DAG(s) 'example_time_delta_sensor_async' retrieved from /home/airflow/.local/lib/python3.12/site-packages/airflow/example_dags/example_time_delta_sensor_async.py
[2024-10-17T19:31:38.374+0000] {logging_mixin.py:190} INFO - [2024-10-17T19:31:38.374+0000] {dag.py:3239} INFO - Sync 1 DAGs
[2024-10-17T19:31:38.384+0000] {logging_mixin.py:190} INFO - [2024-10-17T19:31:38.383+0000] {dag.py:4180} INFO - Setting next_dagrun for example_time_delta_sensor_async to None, run_after=None
[2024-10-17T19:31:38.396+0000] {processor.py:208} INFO - Processing /home/airflow/.local/lib/python3.12/site-packages/airflow/example_dags/example_time_delta_sensor_async.py took 0.054 seconds
[2024-10-17T19:33:29.572+0000] {processor.py:186} INFO - Started process (PID=52) to work on /home/airflow/.local/lib/python3.12/site-packages/airflow/example_dags/example_time_delta_sensor_async.py
[2024-10-17T19:33:29.574+0000] {processor.py:914} INFO - Processing file /home/airflow/.local/lib/python3.12/site-packages/airflow/example_dags/example_time_delta_sensor_async.py for tasks to queue
[2024-10-17T19:33:29.577+0000] {logging_mixin.py:190} INFO - [2024-10-17T19:33:29.577+0000] {dagbag.py:588} INFO - Filling up the DagBag from /home/airflow/.local/lib/python3.12/site-packages/airflow/example_dags/example_time_delta_sensor_async.py
[2024-10-17T19:33:29.603+0000] {processor.py:925} INFO - DAG(s) 'example_time_delta_sensor_async' retrieved from /home/airflow/.local/lib/python3.12/site-packages/airflow/example_dags/example_time_delta_sensor_async.py
[2024-10-17T19:33:29.774+0000] {logging_mixin.py:190} INFO - [2024-10-17T19:33:29.773+0000] {override.py:1900} INFO - Created Permission View: can edit on DAG:example_time_delta_sensor_async
[2024-10-17T19:33:29.780+0000] {logging_mixin.py:190} INFO - [2024-10-17T19:33:29.780+0000] {override.py:1900} INFO - Created Permission View: can delete on DAG:example_time_delta_sensor_async
[2024-10-17T19:33:29.783+0000] {logging_mixin.py:190} INFO - [2024-10-17T19:33:29.783+0000] {override.py:1900} INFO - Created Permission View: can read on DAG:example_time_delta_sensor_async
[2024-10-17T19:33:29.787+0000] {logging_mixin.py:190} INFO - [2024-10-17T19:33:29.787+0000] {override.py:1900} INFO - Created Permission View: menu access on DAG Run:example_time_delta_sensor_async
[2024-10-17T19:33:29.791+0000] {logging_mixin.py:190} INFO - [2024-10-17T19:33:29.791+0000] {override.py:1900} INFO - Created Permission View: can create on DAG Run:example_time_delta_sensor_async
[2024-10-17T19:33:29.795+0000] {logging_mixin.py:190} INFO - [2024-10-17T19:33:29.795+0000] {override.py:1900} INFO - Created Permission View: can delete on DAG Run:example_time_delta_sensor_async
[2024-10-17T19:33:29.798+0000] {logging_mixin.py:190} INFO - [2024-10-17T19:33:29.798+0000] {override.py:1900} INFO - Created Permission View: can read on DAG Run:example_time_delta_sensor_async
[2024-10-17T19:33:29.798+0000] {logging_mixin.py:190} INFO - [2024-10-17T19:33:29.798+0000] {dag.py:3239} INFO - Sync 1 DAGs
[2024-10-17T19:33:29.813+0000] {logging_mixin.py:190} INFO - [2024-10-17T19:33:29.813+0000] {dag.py:3262} INFO - Creating ORM DAG for example_time_delta_sensor_async
[2024-10-17T19:33:29.815+0000] {logging_mixin.py:190} INFO - [2024-10-17T19:33:29.814+0000] {dag.py:4180} INFO - Setting next_dagrun for example_time_delta_sensor_async to None, run_after=None
[2024-10-17T19:33:29.826+0000] {processor.py:208} INFO - Processing /home/airflow/.local/lib/python3.12/site-packages/airflow/example_dags/example_time_delta_sensor_async.py took 0.261 seconds
[2024-10-17T19:34:00.528+0000] {processor.py:186} INFO - Started process (PID=115) to work on /home/airflow/.local/lib/python3.12/site-packages/airflow/example_dags/example_time_delta_sensor_async.py
[2024-10-17T19:34:00.529+0000] {processor.py:914} INFO - Processing file /home/airflow/.local/lib/python3.12/site-packages/airflow/example_dags/example_time_delta_sensor_async.py for tasks to queue
[2024-10-17T19:34:00.531+0000] {logging_mixin.py:190} INFO - [2024-10-17T19:34:00.531+0000] {dagbag.py:588} INFO - Filling up the DagBag from /home/airflow/.local/lib/python3.12/site-packages/airflow/example_dags/example_time_delta_sensor_async.py
[2024-10-17T19:34:00.536+0000] {processor.py:925} INFO - DAG(s) 'example_time_delta_sensor_async' retrieved from /home/airflow/.local/lib/python3.12/site-packages/airflow/example_dags/example_time_delta_sensor_async.py
[2024-10-17T19:34:00.555+0000] {logging_mixin.py:190} INFO - [2024-10-17T19:34:00.555+0000] {dag.py:3239} INFO - Sync 1 DAGs
[2024-10-17T19:34:00.566+0000] {logging_mixin.py:190} INFO - [2024-10-17T19:34:00.566+0000] {dag.py:4180} INFO - Setting next_dagrun for example_time_delta_sensor_async to None, run_after=None
[2024-10-17T19:34:00.578+0000] {processor.py:208} INFO - Processing /home/airflow/.local/lib/python3.12/site-packages/airflow/example_dags/example_time_delta_sensor_async.py took 0.054 seconds
[2024-10-17T19:34:30.852+0000] {processor.py:186} INFO - Started process (PID=178) to work on /home/airflow/.local/lib/python3.12/site-packages/airflow/example_dags/example_time_delta_sensor_async.py
[2024-10-17T19:34:30.853+0000] {processor.py:914} INFO - Processing file /home/airflow/.local/lib/python3.12/site-packages/airflow/example_dags/example_time_delta_sensor_async.py for tasks to queue
[2024-10-17T19:34:30.855+0000] {logging_mixin.py:190} INFO - [2024-10-17T19:34:30.855+0000] {dagbag.py:588} INFO - Filling up the DagBag from /home/airflow/.local/lib/python3.12/site-packages/airflow/example_dags/example_time_delta_sensor_async.py
[2024-10-17T19:34:30.862+0000] {processor.py:925} INFO - DAG(s) 'example_time_delta_sensor_async' retrieved from /home/airflow/.local/lib/python3.12/site-packages/airflow/example_dags/example_time_delta_sensor_async.py
[2024-10-17T19:34:30.876+0000] {logging_mixin.py:190} INFO - [2024-10-17T19:34:30.876+0000] {dag.py:3239} INFO - Sync 1 DAGs
[2024-10-17T19:34:30.886+0000] {logging_mixin.py:190} INFO - [2024-10-17T19:34:30.885+0000] {dag.py:4180} INFO - Setting next_dagrun for example_time_delta_sensor_async to None, run_after=None
[2024-10-17T19:34:30.897+0000] {processor.py:208} INFO - Processing /home/airflow/.local/lib/python3.12/site-packages/airflow/example_dags/example_time_delta_sensor_async.py took 0.050 seconds
[2024-10-17T19:35:01.228+0000] {processor.py:186} INFO - Started process (PID=241) to work on /home/airflow/.local/lib/python3.12/site-packages/airflow/example_dags/example_time_delta_sensor_async.py
[2024-10-17T19:35:01.229+0000] {processor.py:914} INFO - Processing file /home/airflow/.local/lib/python3.12/site-packages/airflow/example_dags/example_time_delta_sensor_async.py for tasks to queue
[2024-10-17T19:35:01.232+0000] {logging_mixin.py:190} INFO - [2024-10-17T19:35:01.231+0000] {dagbag.py:588} INFO - Filling up the DagBag from /home/airflow/.local/lib/python3.12/site-packages/airflow/example_dags/example_time_delta_sensor_async.py
[2024-10-17T19:35:01.241+0000] {processor.py:925} INFO - DAG(s) 'example_time_delta_sensor_async' retrieved from /home/airflow/.local/lib/python3.12/site-packages/airflow/example_dags/example_time_delta_sensor_async.py
[2024-10-17T19:35:01.259+0000] {logging_mixin.py:190} INFO - [2024-10-17T19:35:01.258+0000] {dag.py:3239} INFO - Sync 1 DAGs
[2024-10-17T19:35:01.268+0000] {logging_mixin.py:190} INFO - [2024-10-17T19:35:01.268+0000] {dag.py:4180} INFO - Setting next_dagrun for example_time_delta_sensor_async to None, run_after=None
[2024-10-17T19:35:01.278+0000] {processor.py:208} INFO - Processing /home/airflow/.local/lib/python3.12/site-packages/airflow/example_dags/example_time_delta_sensor_async.py took 0.056 seconds
[2024-10-17T19:35:31.678+0000] {processor.py:186} INFO - Started process (PID=304) to work on /home/airflow/.local/lib/python3.12/site-packages/airflow/example_dags/example_time_delta_sensor_async.py
[2024-10-17T19:35:31.679+0000] {processor.py:914} INFO - Processing file /home/airflow/.local/lib/python3.12/site-packages/airflow/example_dags/example_time_delta_sensor_async.py for tasks to queue
[2024-10-17T19:35:31.681+0000] {logging_mixin.py:190} INFO - [2024-10-17T19:35:31.681+0000] {dagbag.py:588} INFO - Filling up the DagBag from /home/airflow/.local/lib/python3.12/site-packages/airflow/example_dags/example_time_delta_sensor_async.py
[2024-10-17T19:35:31.710+0000] {processor.py:925} INFO - DAG(s) 'example_time_delta_sensor_async' retrieved from /home/airflow/.local/lib/python3.12/site-packages/airflow/example_dags/example_time_delta_sensor_async.py
[2024-10-17T19:35:31.743+0000] {logging_mixin.py:190} INFO - [2024-10-17T19:35:31.743+0000] {dag.py:3239} INFO - Sync 1 DAGs
[2024-10-17T19:35:31.756+0000] {logging_mixin.py:190} INFO - [2024-10-17T19:35:31.756+0000] {dag.py:4180} INFO - Setting next_dagrun for example_time_delta_sensor_async to None, run_after=None
[2024-10-17T19:35:31.770+0000] {processor.py:208} INFO - Processing /home/airflow/.local/lib/python3.12/site-packages/airflow/example_dags/example_time_delta_sensor_async.py took 0.098 seconds
[2024-10-17T19:36:02.494+0000] {processor.py:186} INFO - Started process (PID=367) to work on /home/airflow/.local/lib/python3.12/site-packages/airflow/example_dags/example_time_delta_sensor_async.py
[2024-10-17T19:36:02.496+0000] {processor.py:914} INFO - Processing file /home/airflow/.local/lib/python3.12/site-packages/airflow/example_dags/example_time_delta_sensor_async.py for tasks to queue
[2024-10-17T19:36:02.502+0000] {logging_mixin.py:190} INFO - [2024-10-17T19:36:02.501+0000] {dagbag.py:588} INFO - Filling up the DagBag from /home/airflow/.local/lib/python3.12/site-packages/airflow/example_dags/example_time_delta_sensor_async.py
[2024-10-17T19:36:02.514+0000] {processor.py:925} INFO - DAG(s) 'example_time_delta_sensor_async' retrieved from /home/airflow/.local/lib/python3.12/site-packages/airflow/example_dags/example_time_delta_sensor_async.py
[2024-10-17T19:36:02.534+0000] {logging_mixin.py:190} INFO - [2024-10-17T19:36:02.534+0000] {dag.py:3239} INFO - Sync 1 DAGs
[2024-10-17T19:36:02.544+0000] {logging_mixin.py:190} INFO - [2024-10-17T19:36:02.544+0000] {dag.py:4180} INFO - Setting next_dagrun for example_time_delta_sensor_async to None, run_after=None
[2024-10-17T19:36:02.554+0000] {processor.py:208} INFO - Processing /home/airflow/.local/lib/python3.12/site-packages/airflow/example_dags/example_time_delta_sensor_async.py took 0.068 seconds
[2024-10-17T19:36:33.118+0000] {processor.py:186} INFO - Started process (PID=430) to work on /home/airflow/.local/lib/python3.12/site-packages/airflow/example_dags/example_time_delta_sensor_async.py
[2024-10-17T19:36:33.120+0000] {processor.py:914} INFO - Processing file /home/airflow/.local/lib/python3.12/site-packages/airflow/example_dags/example_time_delta_sensor_async.py for tasks to queue
[2024-10-17T19:36:33.123+0000] {logging_mixin.py:190} INFO - [2024-10-17T19:36:33.123+0000] {dagbag.py:588} INFO - Filling up the DagBag from /home/airflow/.local/lib/python3.12/site-packages/airflow/example_dags/example_time_delta_sensor_async.py
[2024-10-17T19:36:33.132+0000] {processor.py:925} INFO - DAG(s) 'example_time_delta_sensor_async' retrieved from /home/airflow/.local/lib/python3.12/site-packages/airflow/example_dags/example_time_delta_sensor_async.py
[2024-10-17T19:36:33.147+0000] {logging_mixin.py:190} INFO - [2024-10-17T19:36:33.147+0000] {dag.py:3239} INFO - Sync 1 DAGs
[2024-10-17T19:36:33.157+0000] {logging_mixin.py:190} INFO - [2024-10-17T19:36:33.157+0000] {dag.py:4180} INFO - Setting next_dagrun for example_time_delta_sensor_async to None, run_after=None
[2024-10-17T19:36:33.167+0000] {processor.py:208} INFO - Processing /home/airflow/.local/lib/python3.12/site-packages/airflow/example_dags/example_time_delta_sensor_async.py took 0.056 seconds
[2024-10-17T19:37:03.805+0000] {processor.py:186} INFO - Started process (PID=494) to work on /home/airflow/.local/lib/python3.12/site-packages/airflow/example_dags/example_time_delta_sensor_async.py
[2024-10-17T19:37:03.808+0000] {processor.py:914} INFO - Processing file /home/airflow/.local/lib/python3.12/site-packages/airflow/example_dags/example_time_delta_sensor_async.py for tasks to queue
[2024-10-17T19:37:03.810+0000] {logging_mixin.py:190} INFO - [2024-10-17T19:37:03.809+0000] {dagbag.py:588} INFO - Filling up the DagBag from /home/airflow/.local/lib/python3.12/site-packages/airflow/example_dags/example_time_delta_sensor_async.py
[2024-10-17T19:37:03.819+0000] {processor.py:925} INFO - DAG(s) 'example_time_delta_sensor_async' retrieved from /home/airflow/.local/lib/python3.12/site-packages/airflow/example_dags/example_time_delta_sensor_async.py
[2024-10-17T19:37:03.838+0000] {logging_mixin.py:190} INFO - [2024-10-17T19:37:03.837+0000] {dag.py:3239} INFO - Sync 1 DAGs
[2024-10-17T19:37:03.849+0000] {logging_mixin.py:190} INFO - [2024-10-17T19:37:03.849+0000] {dag.py:4180} INFO - Setting next_dagrun for example_time_delta_sensor_async to None, run_after=None
[2024-10-17T19:37:03.860+0000] {processor.py:208} INFO - Processing /home/airflow/.local/lib/python3.12/site-packages/airflow/example_dags/example_time_delta_sensor_async.py took 0.065 seconds
[2024-10-17T19:39:16.108+0000] {processor.py:186} INFO - Started process (PID=52) to work on /home/airflow/.local/lib/python3.12/site-packages/airflow/example_dags/example_time_delta_sensor_async.py
[2024-10-17T19:39:16.110+0000] {processor.py:914} INFO - Processing file /home/airflow/.local/lib/python3.12/site-packages/airflow/example_dags/example_time_delta_sensor_async.py for tasks to queue
[2024-10-17T19:39:16.117+0000] {logging_mixin.py:190} INFO - [2024-10-17T19:39:16.115+0000] {dagbag.py:588} INFO - Filling up the DagBag from /home/airflow/.local/lib/python3.12/site-packages/airflow/example_dags/example_time_delta_sensor_async.py
[2024-10-17T19:39:16.148+0000] {processor.py:925} INFO - DAG(s) 'example_time_delta_sensor_async' retrieved from /home/airflow/.local/lib/python3.12/site-packages/airflow/example_dags/example_time_delta_sensor_async.py
[2024-10-17T19:39:16.336+0000] {logging_mixin.py:190} INFO - [2024-10-17T19:39:16.335+0000] {override.py:1900} INFO - Created Permission View: can read on DAG:example_time_delta_sensor_async
[2024-10-17T19:39:16.341+0000] {logging_mixin.py:190} INFO - [2024-10-17T19:39:16.341+0000] {override.py:1900} INFO - Created Permission View: can delete on DAG:example_time_delta_sensor_async
[2024-10-17T19:39:16.345+0000] {logging_mixin.py:190} INFO - [2024-10-17T19:39:16.344+0000] {override.py:1900} INFO - Created Permission View: can edit on DAG:example_time_delta_sensor_async
[2024-10-17T19:39:16.348+0000] {logging_mixin.py:190} INFO - [2024-10-17T19:39:16.347+0000] {override.py:1900} INFO - Created Permission View: can read on DAG Run:example_time_delta_sensor_async
[2024-10-17T19:39:16.352+0000] {logging_mixin.py:190} INFO - [2024-10-17T19:39:16.352+0000] {override.py:1900} INFO - Created Permission View: can create on DAG Run:example_time_delta_sensor_async
[2024-10-17T19:39:16.355+0000] {logging_mixin.py:190} INFO - [2024-10-17T19:39:16.355+0000] {override.py:1900} INFO - Created Permission View: can delete on DAG Run:example_time_delta_sensor_async
[2024-10-17T19:39:16.359+0000] {logging_mixin.py:190} INFO - [2024-10-17T19:39:16.359+0000] {override.py:1900} INFO - Created Permission View: menu access on DAG Run:example_time_delta_sensor_async
[2024-10-17T19:39:16.359+0000] {logging_mixin.py:190} INFO - [2024-10-17T19:39:16.359+0000] {dag.py:3239} INFO - Sync 1 DAGs
[2024-10-17T19:39:16.370+0000] {logging_mixin.py:190} INFO - [2024-10-17T19:39:16.370+0000] {dag.py:3262} INFO - Creating ORM DAG for example_time_delta_sensor_async
[2024-10-17T19:39:16.371+0000] {logging_mixin.py:190} INFO - [2024-10-17T19:39:16.371+0000] {dag.py:4180} INFO - Setting next_dagrun for example_time_delta_sensor_async to None, run_after=None
[2024-10-17T19:39:16.381+0000] {processor.py:208} INFO - Processing /home/airflow/.local/lib/python3.12/site-packages/airflow/example_dags/example_time_delta_sensor_async.py took 0.280 seconds
[2024-10-17T19:39:46.903+0000] {processor.py:186} INFO - Started process (PID=115) to work on /home/airflow/.local/lib/python3.12/site-packages/airflow/example_dags/example_time_delta_sensor_async.py
[2024-10-17T19:39:46.905+0000] {processor.py:914} INFO - Processing file /home/airflow/.local/lib/python3.12/site-packages/airflow/example_dags/example_time_delta_sensor_async.py for tasks to queue
[2024-10-17T19:39:46.908+0000] {logging_mixin.py:190} INFO - [2024-10-17T19:39:46.908+0000] {dagbag.py:588} INFO - Filling up the DagBag from /home/airflow/.local/lib/python3.12/site-packages/airflow/example_dags/example_time_delta_sensor_async.py
[2024-10-17T19:39:46.917+0000] {processor.py:925} INFO - DAG(s) 'example_time_delta_sensor_async' retrieved from /home/airflow/.local/lib/python3.12/site-packages/airflow/example_dags/example_time_delta_sensor_async.py
[2024-10-17T19:39:46.933+0000] {logging_mixin.py:190} INFO - [2024-10-17T19:39:46.933+0000] {dag.py:3239} INFO - Sync 1 DAGs
[2024-10-17T19:39:46.944+0000] {logging_mixin.py:190} INFO - [2024-10-17T19:39:46.944+0000] {dag.py:4180} INFO - Setting next_dagrun for example_time_delta_sensor_async to None, run_after=None
[2024-10-17T19:39:46.953+0000] {processor.py:208} INFO - Processing /home/airflow/.local/lib/python3.12/site-packages/airflow/example_dags/example_time_delta_sensor_async.py took 0.055 seconds
[2024-10-17T19:40:17.248+0000] {processor.py:186} INFO - Started process (PID=178) to work on /home/airflow/.local/lib/python3.12/site-packages/airflow/example_dags/example_time_delta_sensor_async.py
[2024-10-17T19:40:17.249+0000] {processor.py:914} INFO - Processing file /home/airflow/.local/lib/python3.12/site-packages/airflow/example_dags/example_time_delta_sensor_async.py for tasks to queue
[2024-10-17T19:40:17.252+0000] {logging_mixin.py:190} INFO - [2024-10-17T19:40:17.252+0000] {dagbag.py:588} INFO - Filling up the DagBag from /home/airflow/.local/lib/python3.12/site-packages/airflow/example_dags/example_time_delta_sensor_async.py
[2024-10-17T19:40:17.260+0000] {processor.py:925} INFO - DAG(s) 'example_time_delta_sensor_async' retrieved from /home/airflow/.local/lib/python3.12/site-packages/airflow/example_dags/example_time_delta_sensor_async.py
[2024-10-17T19:40:17.276+0000] {logging_mixin.py:190} INFO - [2024-10-17T19:40:17.276+0000] {dag.py:3239} INFO - Sync 1 DAGs
[2024-10-17T19:40:17.286+0000] {logging_mixin.py:190} INFO - [2024-10-17T19:40:17.285+0000] {dag.py:4180} INFO - Setting next_dagrun for example_time_delta_sensor_async to None, run_after=None
[2024-10-17T19:40:17.295+0000] {processor.py:208} INFO - Processing /home/airflow/.local/lib/python3.12/site-packages/airflow/example_dags/example_time_delta_sensor_async.py took 0.054 seconds
[2024-10-17T19:40:47.637+0000] {processor.py:186} INFO - Started process (PID=241) to work on /home/airflow/.local/lib/python3.12/site-packages/airflow/example_dags/example_time_delta_sensor_async.py
[2024-10-17T19:40:47.638+0000] {processor.py:914} INFO - Processing file /home/airflow/.local/lib/python3.12/site-packages/airflow/example_dags/example_time_delta_sensor_async.py for tasks to queue
[2024-10-17T19:40:47.641+0000] {logging_mixin.py:190} INFO - [2024-10-17T19:40:47.641+0000] {dagbag.py:588} INFO - Filling up the DagBag from /home/airflow/.local/lib/python3.12/site-packages/airflow/example_dags/example_time_delta_sensor_async.py
[2024-10-17T19:40:47.651+0000] {processor.py:925} INFO - DAG(s) 'example_time_delta_sensor_async' retrieved from /home/airflow/.local/lib/python3.12/site-packages/airflow/example_dags/example_time_delta_sensor_async.py
[2024-10-17T19:40:47.668+0000] {logging_mixin.py:190} INFO - [2024-10-17T19:40:47.668+0000] {dag.py:3239} INFO - Sync 1 DAGs
[2024-10-17T19:40:47.677+0000] {logging_mixin.py:190} INFO - [2024-10-17T19:40:47.677+0000] {dag.py:4180} INFO - Setting next_dagrun for example_time_delta_sensor_async to None, run_after=None
[2024-10-17T19:40:47.687+0000] {processor.py:208} INFO - Processing /home/airflow/.local/lib/python3.12/site-packages/airflow/example_dags/example_time_delta_sensor_async.py took 0.057 seconds
[2024-10-17T19:41:18.116+0000] {processor.py:186} INFO - Started process (PID=304) to work on /home/airflow/.local/lib/python3.12/site-packages/airflow/example_dags/example_time_delta_sensor_async.py
[2024-10-17T19:41:18.118+0000] {processor.py:914} INFO - Processing file /home/airflow/.local/lib/python3.12/site-packages/airflow/example_dags/example_time_delta_sensor_async.py for tasks to queue
[2024-10-17T19:41:18.131+0000] {logging_mixin.py:190} INFO - [2024-10-17T19:41:18.130+0000] {dagbag.py:588} INFO - Filling up the DagBag from /home/airflow/.local/lib/python3.12/site-packages/airflow/example_dags/example_time_delta_sensor_async.py
[2024-10-17T19:41:18.147+0000] {processor.py:925} INFO - DAG(s) 'example_time_delta_sensor_async' retrieved from /home/airflow/.local/lib/python3.12/site-packages/airflow/example_dags/example_time_delta_sensor_async.py
[2024-10-17T19:41:18.167+0000] {logging_mixin.py:190} INFO - [2024-10-17T19:41:18.167+0000] {dag.py:3239} INFO - Sync 1 DAGs
[2024-10-17T19:41:18.178+0000] {logging_mixin.py:190} INFO - [2024-10-17T19:41:18.178+0000] {dag.py:4180} INFO - Setting next_dagrun for example_time_delta_sensor_async to None, run_after=None
[2024-10-17T19:41:18.188+0000] {processor.py:208} INFO - Processing /home/airflow/.local/lib/python3.12/site-packages/airflow/example_dags/example_time_delta_sensor_async.py took 0.082 seconds
[2024-10-17T19:41:48.962+0000] {processor.py:186} INFO - Started process (PID=367) to work on /home/airflow/.local/lib/python3.12/site-packages/airflow/example_dags/example_time_delta_sensor_async.py
[2024-10-17T19:41:48.963+0000] {processor.py:914} INFO - Processing file /home/airflow/.local/lib/python3.12/site-packages/airflow/example_dags/example_time_delta_sensor_async.py for tasks to queue
[2024-10-17T19:41:48.967+0000] {logging_mixin.py:190} INFO - [2024-10-17T19:41:48.967+0000] {dagbag.py:588} INFO - Filling up the DagBag from /home/airflow/.local/lib/python3.12/site-packages/airflow/example_dags/example_time_delta_sensor_async.py
[2024-10-17T19:41:48.978+0000] {processor.py:925} INFO - DAG(s) 'example_time_delta_sensor_async' retrieved from /home/airflow/.local/lib/python3.12/site-packages/airflow/example_dags/example_time_delta_sensor_async.py
[2024-10-17T19:41:48.994+0000] {logging_mixin.py:190} INFO - [2024-10-17T19:41:48.993+0000] {dag.py:3239} INFO - Sync 1 DAGs
[2024-10-17T19:41:49.003+0000] {logging_mixin.py:190} INFO - [2024-10-17T19:41:49.003+0000] {dag.py:4180} INFO - Setting next_dagrun for example_time_delta_sensor_async to None, run_after=None
[2024-10-17T19:41:49.021+0000] {processor.py:208} INFO - Processing /home/airflow/.local/lib/python3.12/site-packages/airflow/example_dags/example_time_delta_sensor_async.py took 0.065 seconds
[2024-10-17T19:42:19.372+0000] {processor.py:186} INFO - Started process (PID=430) to work on /home/airflow/.local/lib/python3.12/site-packages/airflow/example_dags/example_time_delta_sensor_async.py
[2024-10-17T19:42:19.373+0000] {processor.py:914} INFO - Processing file /home/airflow/.local/lib/python3.12/site-packages/airflow/example_dags/example_time_delta_sensor_async.py for tasks to queue
[2024-10-17T19:42:19.375+0000] {logging_mixin.py:190} INFO - [2024-10-17T19:42:19.375+0000] {dagbag.py:588} INFO - Filling up the DagBag from /home/airflow/.local/lib/python3.12/site-packages/airflow/example_dags/example_time_delta_sensor_async.py
[2024-10-17T19:42:19.380+0000] {processor.py:925} INFO - DAG(s) 'example_time_delta_sensor_async' retrieved from /home/airflow/.local/lib/python3.12/site-packages/airflow/example_dags/example_time_delta_sensor_async.py
[2024-10-17T19:42:19.394+0000] {logging_mixin.py:190} INFO - [2024-10-17T19:42:19.394+0000] {dag.py:3239} INFO - Sync 1 DAGs
[2024-10-17T19:42:19.402+0000] {logging_mixin.py:190} INFO - [2024-10-17T19:42:19.402+0000] {dag.py:4180} INFO - Setting next_dagrun for example_time_delta_sensor_async to None, run_after=None
[2024-10-17T19:42:19.415+0000] {processor.py:208} INFO - Processing /home/airflow/.local/lib/python3.12/site-packages/airflow/example_dags/example_time_delta_sensor_async.py took 0.047 seconds
[2024-10-17T19:43:57.856+0000] {processor.py:186} INFO - Started process (PID=52) to work on /home/airflow/.local/lib/python3.12/site-packages/airflow/example_dags/example_time_delta_sensor_async.py
[2024-10-17T19:43:57.857+0000] {processor.py:914} INFO - Processing file /home/airflow/.local/lib/python3.12/site-packages/airflow/example_dags/example_time_delta_sensor_async.py for tasks to queue
[2024-10-17T19:43:57.860+0000] {logging_mixin.py:190} INFO - [2024-10-17T19:43:57.860+0000] {dagbag.py:588} INFO - Filling up the DagBag from /home/airflow/.local/lib/python3.12/site-packages/airflow/example_dags/example_time_delta_sensor_async.py
[2024-10-17T19:43:57.890+0000] {processor.py:925} INFO - DAG(s) 'example_time_delta_sensor_async' retrieved from /home/airflow/.local/lib/python3.12/site-packages/airflow/example_dags/example_time_delta_sensor_async.py
[2024-10-17T19:43:58.049+0000] {logging_mixin.py:190} INFO - [2024-10-17T19:43:58.048+0000] {override.py:1900} INFO - Created Permission View: can delete on DAG:example_time_delta_sensor_async
[2024-10-17T19:43:58.055+0000] {logging_mixin.py:190} INFO - [2024-10-17T19:43:58.055+0000] {override.py:1900} INFO - Created Permission View: can edit on DAG:example_time_delta_sensor_async
[2024-10-17T19:43:58.059+0000] {logging_mixin.py:190} INFO - [2024-10-17T19:43:58.059+0000] {override.py:1900} INFO - Created Permission View: can read on DAG:example_time_delta_sensor_async
[2024-10-17T19:43:58.064+0000] {logging_mixin.py:190} INFO - [2024-10-17T19:43:58.063+0000] {override.py:1900} INFO - Created Permission View: can delete on DAG Run:example_time_delta_sensor_async
[2024-10-17T19:43:58.069+0000] {logging_mixin.py:190} INFO - [2024-10-17T19:43:58.069+0000] {override.py:1900} INFO - Created Permission View: can create on DAG Run:example_time_delta_sensor_async
[2024-10-17T19:43:58.075+0000] {logging_mixin.py:190} INFO - [2024-10-17T19:43:58.075+0000] {override.py:1900} INFO - Created Permission View: menu access on DAG Run:example_time_delta_sensor_async
[2024-10-17T19:43:58.080+0000] {logging_mixin.py:190} INFO - [2024-10-17T19:43:58.080+0000] {override.py:1900} INFO - Created Permission View: can read on DAG Run:example_time_delta_sensor_async
[2024-10-17T19:43:58.081+0000] {logging_mixin.py:190} INFO - [2024-10-17T19:43:58.081+0000] {dag.py:3239} INFO - Sync 1 DAGs
[2024-10-17T19:43:58.100+0000] {logging_mixin.py:190} INFO - [2024-10-17T19:43:58.099+0000] {dag.py:3262} INFO - Creating ORM DAG for example_time_delta_sensor_async
[2024-10-17T19:43:58.104+0000] {logging_mixin.py:190} INFO - [2024-10-17T19:43:58.103+0000] {dag.py:4180} INFO - Setting next_dagrun for example_time_delta_sensor_async to None, run_after=None
[2024-10-17T19:43:58.116+0000] {processor.py:208} INFO - Processing /home/airflow/.local/lib/python3.12/site-packages/airflow/example_dags/example_time_delta_sensor_async.py took 0.265 seconds
[2024-10-17T19:44:28.153+0000] {processor.py:186} INFO - Started process (PID=114) to work on /home/airflow/.local/lib/python3.12/site-packages/airflow/example_dags/example_time_delta_sensor_async.py
[2024-10-17T19:44:28.154+0000] {processor.py:914} INFO - Processing file /home/airflow/.local/lib/python3.12/site-packages/airflow/example_dags/example_time_delta_sensor_async.py for tasks to queue
[2024-10-17T19:44:28.158+0000] {logging_mixin.py:190} INFO - [2024-10-17T19:44:28.157+0000] {dagbag.py:588} INFO - Filling up the DagBag from /home/airflow/.local/lib/python3.12/site-packages/airflow/example_dags/example_time_delta_sensor_async.py
[2024-10-17T19:44:28.169+0000] {processor.py:925} INFO - DAG(s) 'example_time_delta_sensor_async' retrieved from /home/airflow/.local/lib/python3.12/site-packages/airflow/example_dags/example_time_delta_sensor_async.py
[2024-10-17T19:44:28.187+0000] {logging_mixin.py:190} INFO - [2024-10-17T19:44:28.187+0000] {dag.py:3239} INFO - Sync 1 DAGs
[2024-10-17T19:44:28.196+0000] {logging_mixin.py:190} INFO - [2024-10-17T19:44:28.196+0000] {dag.py:4180} INFO - Setting next_dagrun for example_time_delta_sensor_async to None, run_after=None
[2024-10-17T19:44:28.204+0000] {processor.py:208} INFO - Processing /home/airflow/.local/lib/python3.12/site-packages/airflow/example_dags/example_time_delta_sensor_async.py took 0.060 seconds
[2024-10-17T19:44:58.651+0000] {processor.py:186} INFO - Started process (PID=178) to work on /home/airflow/.local/lib/python3.12/site-packages/airflow/example_dags/example_time_delta_sensor_async.py
[2024-10-17T19:44:58.652+0000] {processor.py:914} INFO - Processing file /home/airflow/.local/lib/python3.12/site-packages/airflow/example_dags/example_time_delta_sensor_async.py for tasks to queue
[2024-10-17T19:44:58.655+0000] {logging_mixin.py:190} INFO - [2024-10-17T19:44:58.655+0000] {dagbag.py:588} INFO - Filling up the DagBag from /home/airflow/.local/lib/python3.12/site-packages/airflow/example_dags/example_time_delta_sensor_async.py
[2024-10-17T19:44:58.665+0000] {processor.py:925} INFO - DAG(s) 'example_time_delta_sensor_async' retrieved from /home/airflow/.local/lib/python3.12/site-packages/airflow/example_dags/example_time_delta_sensor_async.py
[2024-10-17T19:44:58.686+0000] {logging_mixin.py:190} INFO - [2024-10-17T19:44:58.686+0000] {dag.py:3239} INFO - Sync 1 DAGs
[2024-10-17T19:44:58.698+0000] {logging_mixin.py:190} INFO - [2024-10-17T19:44:58.698+0000] {dag.py:4180} INFO - Setting next_dagrun for example_time_delta_sensor_async to None, run_after=None
[2024-10-17T19:44:58.710+0000] {processor.py:208} INFO - Processing /home/airflow/.local/lib/python3.12/site-packages/airflow/example_dags/example_time_delta_sensor_async.py took 0.065 seconds
[2024-10-17T19:45:29.235+0000] {processor.py:186} INFO - Started process (PID=241) to work on /home/airflow/.local/lib/python3.12/site-packages/airflow/example_dags/example_time_delta_sensor_async.py
[2024-10-17T19:45:29.236+0000] {processor.py:914} INFO - Processing file /home/airflow/.local/lib/python3.12/site-packages/airflow/example_dags/example_time_delta_sensor_async.py for tasks to queue
[2024-10-17T19:45:29.241+0000] {logging_mixin.py:190} INFO - [2024-10-17T19:45:29.240+0000] {dagbag.py:588} INFO - Filling up the DagBag from /home/airflow/.local/lib/python3.12/site-packages/airflow/example_dags/example_time_delta_sensor_async.py
[2024-10-17T19:45:29.252+0000] {processor.py:925} INFO - DAG(s) 'example_time_delta_sensor_async' retrieved from /home/airflow/.local/lib/python3.12/site-packages/airflow/example_dags/example_time_delta_sensor_async.py
[2024-10-17T19:45:29.274+0000] {logging_mixin.py:190} INFO - [2024-10-17T19:45:29.274+0000] {dag.py:3239} INFO - Sync 1 DAGs
[2024-10-17T19:45:29.285+0000] {logging_mixin.py:190} INFO - [2024-10-17T19:45:29.285+0000] {dag.py:4180} INFO - Setting next_dagrun for example_time_delta_sensor_async to None, run_after=None
[2024-10-17T19:45:29.296+0000] {processor.py:208} INFO - Processing /home/airflow/.local/lib/python3.12/site-packages/airflow/example_dags/example_time_delta_sensor_async.py took 0.068 seconds
[2024-10-17T19:45:59.850+0000] {processor.py:186} INFO - Started process (PID=304) to work on /home/airflow/.local/lib/python3.12/site-packages/airflow/example_dags/example_time_delta_sensor_async.py
[2024-10-17T19:45:59.852+0000] {processor.py:914} INFO - Processing file /home/airflow/.local/lib/python3.12/site-packages/airflow/example_dags/example_time_delta_sensor_async.py for tasks to queue
[2024-10-17T19:45:59.856+0000] {logging_mixin.py:190} INFO - [2024-10-17T19:45:59.855+0000] {dagbag.py:588} INFO - Filling up the DagBag from /home/airflow/.local/lib/python3.12/site-packages/airflow/example_dags/example_time_delta_sensor_async.py
[2024-10-17T19:45:59.867+0000] {processor.py:925} INFO - DAG(s) 'example_time_delta_sensor_async' retrieved from /home/airflow/.local/lib/python3.12/site-packages/airflow/example_dags/example_time_delta_sensor_async.py
[2024-10-17T19:45:59.893+0000] {logging_mixin.py:190} INFO - [2024-10-17T19:45:59.893+0000] {dag.py:3239} INFO - Sync 1 DAGs
[2024-10-17T19:45:59.905+0000] {logging_mixin.py:190} INFO - [2024-10-17T19:45:59.905+0000] {dag.py:4180} INFO - Setting next_dagrun for example_time_delta_sensor_async to None, run_after=None
[2024-10-17T19:45:59.916+0000] {processor.py:208} INFO - Processing /home/airflow/.local/lib/python3.12/site-packages/airflow/example_dags/example_time_delta_sensor_async.py took 0.073 seconds
[2024-10-17T19:46:30.205+0000] {processor.py:186} INFO - Started process (PID=367) to work on /home/airflow/.local/lib/python3.12/site-packages/airflow/example_dags/example_time_delta_sensor_async.py
[2024-10-17T19:46:30.207+0000] {processor.py:914} INFO - Processing file /home/airflow/.local/lib/python3.12/site-packages/airflow/example_dags/example_time_delta_sensor_async.py for tasks to queue
[2024-10-17T19:46:30.220+0000] {logging_mixin.py:190} INFO - [2024-10-17T19:46:30.218+0000] {dagbag.py:588} INFO - Filling up the DagBag from /home/airflow/.local/lib/python3.12/site-packages/airflow/example_dags/example_time_delta_sensor_async.py
[2024-10-17T19:46:30.260+0000] {processor.py:925} INFO - DAG(s) 'example_time_delta_sensor_async' retrieved from /home/airflow/.local/lib/python3.12/site-packages/airflow/example_dags/example_time_delta_sensor_async.py
[2024-10-17T19:46:30.341+0000] {logging_mixin.py:190} INFO - [2024-10-17T19:46:30.341+0000] {dag.py:3239} INFO - Sync 1 DAGs
[2024-10-17T19:46:30.404+0000] {logging_mixin.py:190} INFO - [2024-10-17T19:46:30.403+0000] {dag.py:4180} INFO - Setting next_dagrun for example_time_delta_sensor_async to None, run_after=None
[2024-10-17T19:46:30.440+0000] {processor.py:208} INFO - Processing /home/airflow/.local/lib/python3.12/site-packages/airflow/example_dags/example_time_delta_sensor_async.py took 0.254 seconds
[2024-10-17T19:47:00.730+0000] {processor.py:186} INFO - Started process (PID=430) to work on /home/airflow/.local/lib/python3.12/site-packages/airflow/example_dags/example_time_delta_sensor_async.py
[2024-10-17T19:47:00.732+0000] {processor.py:914} INFO - Processing file /home/airflow/.local/lib/python3.12/site-packages/airflow/example_dags/example_time_delta_sensor_async.py for tasks to queue
[2024-10-17T19:47:00.737+0000] {logging_mixin.py:190} INFO - [2024-10-17T19:47:00.737+0000] {dagbag.py:588} INFO - Filling up the DagBag from /home/airflow/.local/lib/python3.12/site-packages/airflow/example_dags/example_time_delta_sensor_async.py
[2024-10-17T19:47:00.748+0000] {processor.py:925} INFO - DAG(s) 'example_time_delta_sensor_async' retrieved from /home/airflow/.local/lib/python3.12/site-packages/airflow/example_dags/example_time_delta_sensor_async.py
[2024-10-17T19:47:00.768+0000] {logging_mixin.py:190} INFO - [2024-10-17T19:47:00.768+0000] {dag.py:3239} INFO - Sync 1 DAGs
[2024-10-17T19:47:00.781+0000] {logging_mixin.py:190} INFO - [2024-10-17T19:47:00.781+0000] {dag.py:4180} INFO - Setting next_dagrun for example_time_delta_sensor_async to None, run_after=None
[2024-10-17T19:47:00.794+0000] {processor.py:208} INFO - Processing /home/airflow/.local/lib/python3.12/site-packages/airflow/example_dags/example_time_delta_sensor_async.py took 0.091 seconds
[2024-10-17T19:47:31.364+0000] {processor.py:186} INFO - Started process (PID=493) to work on /home/airflow/.local/lib/python3.12/site-packages/airflow/example_dags/example_time_delta_sensor_async.py
[2024-10-17T19:47:31.365+0000] {processor.py:914} INFO - Processing file /home/airflow/.local/lib/python3.12/site-packages/airflow/example_dags/example_time_delta_sensor_async.py for tasks to queue
[2024-10-17T19:47:31.369+0000] {logging_mixin.py:190} INFO - [2024-10-17T19:47:31.369+0000] {dagbag.py:588} INFO - Filling up the DagBag from /home/airflow/.local/lib/python3.12/site-packages/airflow/example_dags/example_time_delta_sensor_async.py
[2024-10-17T19:47:31.379+0000] {processor.py:925} INFO - DAG(s) 'example_time_delta_sensor_async' retrieved from /home/airflow/.local/lib/python3.12/site-packages/airflow/example_dags/example_time_delta_sensor_async.py
[2024-10-17T19:47:31.395+0000] {logging_mixin.py:190} INFO - [2024-10-17T19:47:31.395+0000] {dag.py:3239} INFO - Sync 1 DAGs
[2024-10-17T19:47:31.407+0000] {logging_mixin.py:190} INFO - [2024-10-17T19:47:31.406+0000] {dag.py:4180} INFO - Setting next_dagrun for example_time_delta_sensor_async to None, run_after=None
[2024-10-17T19:47:31.417+0000] {processor.py:208} INFO - Processing /home/airflow/.local/lib/python3.12/site-packages/airflow/example_dags/example_time_delta_sensor_async.py took 0.060 seconds
[2024-10-17T19:48:01.905+0000] {processor.py:186} INFO - Started process (PID=556) to work on /home/airflow/.local/lib/python3.12/site-packages/airflow/example_dags/example_time_delta_sensor_async.py
[2024-10-17T19:48:01.906+0000] {processor.py:914} INFO - Processing file /home/airflow/.local/lib/python3.12/site-packages/airflow/example_dags/example_time_delta_sensor_async.py for tasks to queue
[2024-10-17T19:48:01.909+0000] {logging_mixin.py:190} INFO - [2024-10-17T19:48:01.908+0000] {dagbag.py:588} INFO - Filling up the DagBag from /home/airflow/.local/lib/python3.12/site-packages/airflow/example_dags/example_time_delta_sensor_async.py
[2024-10-17T19:48:01.918+0000] {processor.py:925} INFO - DAG(s) 'example_time_delta_sensor_async' retrieved from /home/airflow/.local/lib/python3.12/site-packages/airflow/example_dags/example_time_delta_sensor_async.py
[2024-10-17T19:48:01.935+0000] {logging_mixin.py:190} INFO - [2024-10-17T19:48:01.935+0000] {dag.py:3239} INFO - Sync 1 DAGs
[2024-10-17T19:48:01.946+0000] {logging_mixin.py:190} INFO - [2024-10-17T19:48:01.946+0000] {dag.py:4180} INFO - Setting next_dagrun for example_time_delta_sensor_async to None, run_after=None
[2024-10-17T19:48:01.957+0000] {processor.py:208} INFO - Processing /home/airflow/.local/lib/python3.12/site-packages/airflow/example_dags/example_time_delta_sensor_async.py took 0.060 seconds
