[2024-10-17T17:10:34.259+0000] {processor.py:186} INFO - Started process (PID=67) to work on /home/airflow/.local/lib/python3.12/site-packages/airflow/example_dags/example_python_operator.py
[2024-10-17T17:10:34.259+0000] {processor.py:914} INFO - Processing file /home/airflow/.local/lib/python3.12/site-packages/airflow/example_dags/example_python_operator.py for tasks to queue
[2024-10-17T17:10:34.261+0000] {logging_mixin.py:190} INFO - [2024-10-17T17:10:34.261+0000] {dagbag.py:588} INFO - Filling up the DagBag from /home/airflow/.local/lib/python3.12/site-packages/airflow/example_dags/example_python_operator.py
[2024-10-17T17:10:34.269+0000] {processor.py:925} INFO - DAG(s) 'example_python_operator' retrieved from /home/airflow/.local/lib/python3.12/site-packages/airflow/example_dags/example_python_operator.py
[2024-10-17T17:10:34.324+0000] {logging_mixin.py:190} INFO - [2024-10-17T17:10:34.323+0000] {override.py:1900} INFO - Created Permission View: can delete on DAG:example_python_operator
[2024-10-17T17:10:34.328+0000] {logging_mixin.py:190} INFO - [2024-10-17T17:10:34.328+0000] {override.py:1900} INFO - Created Permission View: can edit on DAG:example_python_operator
[2024-10-17T17:10:34.331+0000] {logging_mixin.py:190} INFO - [2024-10-17T17:10:34.331+0000] {override.py:1900} INFO - Created Permission View: can read on DAG:example_python_operator
[2024-10-17T17:10:34.334+0000] {logging_mixin.py:190} INFO - [2024-10-17T17:10:34.334+0000] {override.py:1900} INFO - Created Permission View: can create on DAG Run:example_python_operator
[2024-10-17T17:10:34.337+0000] {logging_mixin.py:190} INFO - [2024-10-17T17:10:34.337+0000] {override.py:1900} INFO - Created Permission View: can delete on DAG Run:example_python_operator
[2024-10-17T17:10:34.340+0000] {logging_mixin.py:190} INFO - [2024-10-17T17:10:34.340+0000] {override.py:1900} INFO - Created Permission View: can read on DAG Run:example_python_operator
[2024-10-17T17:10:34.343+0000] {logging_mixin.py:190} INFO - [2024-10-17T17:10:34.342+0000] {override.py:1900} INFO - Created Permission View: menu access on DAG Run:example_python_operator
[2024-10-17T17:10:34.343+0000] {logging_mixin.py:190} INFO - [2024-10-17T17:10:34.343+0000] {dag.py:3239} INFO - Sync 1 DAGs
[2024-10-17T17:10:34.349+0000] {logging_mixin.py:190} INFO - [2024-10-17T17:10:34.349+0000] {dag.py:3262} INFO - Creating ORM DAG for example_python_operator
[2024-10-17T17:10:34.349+0000] {logging_mixin.py:190} INFO - [2024-10-17T17:10:34.349+0000] {dag.py:4180} INFO - Setting next_dagrun for example_python_operator to None, run_after=None
[2024-10-17T17:10:34.358+0000] {processor.py:208} INFO - Processing /home/airflow/.local/lib/python3.12/site-packages/airflow/example_dags/example_python_operator.py took 0.103 seconds
[2024-10-17T17:11:05.205+0000] {processor.py:186} INFO - Started process (PID=129) to work on /home/airflow/.local/lib/python3.12/site-packages/airflow/example_dags/example_python_operator.py
[2024-10-17T17:11:05.206+0000] {processor.py:914} INFO - Processing file /home/airflow/.local/lib/python3.12/site-packages/airflow/example_dags/example_python_operator.py for tasks to queue
[2024-10-17T17:11:05.207+0000] {logging_mixin.py:190} INFO - [2024-10-17T17:11:05.207+0000] {dagbag.py:588} INFO - Filling up the DagBag from /home/airflow/.local/lib/python3.12/site-packages/airflow/example_dags/example_python_operator.py
[2024-10-17T17:11:05.213+0000] {processor.py:925} INFO - DAG(s) 'example_python_operator' retrieved from /home/airflow/.local/lib/python3.12/site-packages/airflow/example_dags/example_python_operator.py
[2024-10-17T17:11:05.225+0000] {logging_mixin.py:190} INFO - [2024-10-17T17:11:05.224+0000] {dag.py:3239} INFO - Sync 1 DAGs
[2024-10-17T17:11:05.231+0000] {logging_mixin.py:190} INFO - [2024-10-17T17:11:05.231+0000] {dag.py:4180} INFO - Setting next_dagrun for example_python_operator to None, run_after=None
[2024-10-17T17:11:05.239+0000] {processor.py:208} INFO - Processing /home/airflow/.local/lib/python3.12/site-packages/airflow/example_dags/example_python_operator.py took 0.037 seconds
[2024-10-17T17:11:35.434+0000] {processor.py:186} INFO - Started process (PID=191) to work on /home/airflow/.local/lib/python3.12/site-packages/airflow/example_dags/example_python_operator.py
[2024-10-17T17:11:35.435+0000] {processor.py:914} INFO - Processing file /home/airflow/.local/lib/python3.12/site-packages/airflow/example_dags/example_python_operator.py for tasks to queue
[2024-10-17T17:11:35.436+0000] {logging_mixin.py:190} INFO - [2024-10-17T17:11:35.436+0000] {dagbag.py:588} INFO - Filling up the DagBag from /home/airflow/.local/lib/python3.12/site-packages/airflow/example_dags/example_python_operator.py
[2024-10-17T17:11:35.442+0000] {processor.py:925} INFO - DAG(s) 'example_python_operator' retrieved from /home/airflow/.local/lib/python3.12/site-packages/airflow/example_dags/example_python_operator.py
[2024-10-17T17:11:35.454+0000] {logging_mixin.py:190} INFO - [2024-10-17T17:11:35.454+0000] {dag.py:3239} INFO - Sync 1 DAGs
[2024-10-17T17:11:35.461+0000] {logging_mixin.py:190} INFO - [2024-10-17T17:11:35.461+0000] {dag.py:4180} INFO - Setting next_dagrun for example_python_operator to None, run_after=None
[2024-10-17T17:11:35.470+0000] {processor.py:208} INFO - Processing /home/airflow/.local/lib/python3.12/site-packages/airflow/example_dags/example_python_operator.py took 0.038 seconds
[2024-10-17T17:12:06.002+0000] {processor.py:186} INFO - Started process (PID=253) to work on /home/airflow/.local/lib/python3.12/site-packages/airflow/example_dags/example_python_operator.py
[2024-10-17T17:12:06.003+0000] {processor.py:914} INFO - Processing file /home/airflow/.local/lib/python3.12/site-packages/airflow/example_dags/example_python_operator.py for tasks to queue
[2024-10-17T17:12:06.004+0000] {logging_mixin.py:190} INFO - [2024-10-17T17:12:06.004+0000] {dagbag.py:588} INFO - Filling up the DagBag from /home/airflow/.local/lib/python3.12/site-packages/airflow/example_dags/example_python_operator.py
[2024-10-17T17:12:06.012+0000] {processor.py:925} INFO - DAG(s) 'example_python_operator' retrieved from /home/airflow/.local/lib/python3.12/site-packages/airflow/example_dags/example_python_operator.py
[2024-10-17T17:12:06.023+0000] {logging_mixin.py:190} INFO - [2024-10-17T17:12:06.023+0000] {dag.py:3239} INFO - Sync 1 DAGs
[2024-10-17T17:12:06.031+0000] {logging_mixin.py:190} INFO - [2024-10-17T17:12:06.031+0000] {dag.py:4180} INFO - Setting next_dagrun for example_python_operator to None, run_after=None
[2024-10-17T17:12:06.041+0000] {processor.py:208} INFO - Processing /home/airflow/.local/lib/python3.12/site-packages/airflow/example_dags/example_python_operator.py took 0.042 seconds
[2024-10-17T19:26:35.590+0000] {processor.py:186} INFO - Started process (PID=86) to work on /home/airflow/.local/lib/python3.12/site-packages/airflow/example_dags/example_python_operator.py
[2024-10-17T19:26:35.591+0000] {processor.py:914} INFO - Processing file /home/airflow/.local/lib/python3.12/site-packages/airflow/example_dags/example_python_operator.py for tasks to queue
[2024-10-17T19:26:35.592+0000] {logging_mixin.py:190} INFO - [2024-10-17T19:26:35.592+0000] {dagbag.py:588} INFO - Filling up the DagBag from /home/airflow/.local/lib/python3.12/site-packages/airflow/example_dags/example_python_operator.py
[2024-10-17T19:26:35.601+0000] {processor.py:925} INFO - DAG(s) 'example_python_operator' retrieved from /home/airflow/.local/lib/python3.12/site-packages/airflow/example_dags/example_python_operator.py
[2024-10-17T19:26:35.670+0000] {logging_mixin.py:190} INFO - [2024-10-17T19:26:35.669+0000] {override.py:1900} INFO - Created Permission View: can edit on DAG:example_python_operator
[2024-10-17T19:26:35.674+0000] {logging_mixin.py:190} INFO - [2024-10-17T19:26:35.674+0000] {override.py:1900} INFO - Created Permission View: can delete on DAG:example_python_operator
[2024-10-17T19:26:35.677+0000] {logging_mixin.py:190} INFO - [2024-10-17T19:26:35.677+0000] {override.py:1900} INFO - Created Permission View: can read on DAG:example_python_operator
[2024-10-17T19:26:35.680+0000] {logging_mixin.py:190} INFO - [2024-10-17T19:26:35.680+0000] {override.py:1900} INFO - Created Permission View: can delete on DAG Run:example_python_operator
[2024-10-17T19:26:35.683+0000] {logging_mixin.py:190} INFO - [2024-10-17T19:26:35.683+0000] {override.py:1900} INFO - Created Permission View: can create on DAG Run:example_python_operator
[2024-10-17T19:26:35.686+0000] {logging_mixin.py:190} INFO - [2024-10-17T19:26:35.686+0000] {override.py:1900} INFO - Created Permission View: can read on DAG Run:example_python_operator
[2024-10-17T19:26:35.689+0000] {logging_mixin.py:190} INFO - [2024-10-17T19:26:35.689+0000] {override.py:1900} INFO - Created Permission View: menu access on DAG Run:example_python_operator
[2024-10-17T19:26:35.689+0000] {logging_mixin.py:190} INFO - [2024-10-17T19:26:35.689+0000] {dag.py:3239} INFO - Sync 1 DAGs
[2024-10-17T19:26:35.697+0000] {logging_mixin.py:190} INFO - [2024-10-17T19:26:35.697+0000] {dag.py:3262} INFO - Creating ORM DAG for example_python_operator
[2024-10-17T19:26:35.698+0000] {logging_mixin.py:190} INFO - [2024-10-17T19:26:35.698+0000] {dag.py:4180} INFO - Setting next_dagrun for example_python_operator to None, run_after=None
[2024-10-17T19:26:35.705+0000] {processor.py:208} INFO - Processing /home/airflow/.local/lib/python3.12/site-packages/airflow/example_dags/example_python_operator.py took 0.119 seconds
[2024-10-17T19:27:05.734+0000] {processor.py:186} INFO - Started process (PID=149) to work on /home/airflow/.local/lib/python3.12/site-packages/airflow/example_dags/example_python_operator.py
[2024-10-17T19:27:05.735+0000] {processor.py:914} INFO - Processing file /home/airflow/.local/lib/python3.12/site-packages/airflow/example_dags/example_python_operator.py for tasks to queue
[2024-10-17T19:27:05.736+0000] {logging_mixin.py:190} INFO - [2024-10-17T19:27:05.736+0000] {dagbag.py:588} INFO - Filling up the DagBag from /home/airflow/.local/lib/python3.12/site-packages/airflow/example_dags/example_python_operator.py
[2024-10-17T19:27:05.743+0000] {processor.py:925} INFO - DAG(s) 'example_python_operator' retrieved from /home/airflow/.local/lib/python3.12/site-packages/airflow/example_dags/example_python_operator.py
[2024-10-17T19:27:05.754+0000] {logging_mixin.py:190} INFO - [2024-10-17T19:27:05.754+0000] {dag.py:3239} INFO - Sync 1 DAGs
[2024-10-17T19:27:05.760+0000] {logging_mixin.py:190} INFO - [2024-10-17T19:27:05.760+0000] {dag.py:4180} INFO - Setting next_dagrun for example_python_operator to None, run_after=None
[2024-10-17T19:27:05.768+0000] {processor.py:208} INFO - Processing /home/airflow/.local/lib/python3.12/site-packages/airflow/example_dags/example_python_operator.py took 0.037 seconds
[2024-10-17T19:27:36.122+0000] {processor.py:186} INFO - Started process (PID=212) to work on /home/airflow/.local/lib/python3.12/site-packages/airflow/example_dags/example_python_operator.py
[2024-10-17T19:27:36.123+0000] {processor.py:914} INFO - Processing file /home/airflow/.local/lib/python3.12/site-packages/airflow/example_dags/example_python_operator.py for tasks to queue
[2024-10-17T19:27:36.124+0000] {logging_mixin.py:190} INFO - [2024-10-17T19:27:36.124+0000] {dagbag.py:588} INFO - Filling up the DagBag from /home/airflow/.local/lib/python3.12/site-packages/airflow/example_dags/example_python_operator.py
[2024-10-17T19:27:36.131+0000] {processor.py:925} INFO - DAG(s) 'example_python_operator' retrieved from /home/airflow/.local/lib/python3.12/site-packages/airflow/example_dags/example_python_operator.py
[2024-10-17T19:27:36.142+0000] {logging_mixin.py:190} INFO - [2024-10-17T19:27:36.142+0000] {dag.py:3239} INFO - Sync 1 DAGs
[2024-10-17T19:27:36.149+0000] {logging_mixin.py:190} INFO - [2024-10-17T19:27:36.149+0000] {dag.py:4180} INFO - Setting next_dagrun for example_python_operator to None, run_after=None
[2024-10-17T19:27:36.157+0000] {processor.py:208} INFO - Processing /home/airflow/.local/lib/python3.12/site-packages/airflow/example_dags/example_python_operator.py took 0.039 seconds
[2024-10-17T19:28:06.708+0000] {processor.py:186} INFO - Started process (PID=275) to work on /home/airflow/.local/lib/python3.12/site-packages/airflow/example_dags/example_python_operator.py
[2024-10-17T19:28:06.708+0000] {processor.py:914} INFO - Processing file /home/airflow/.local/lib/python3.12/site-packages/airflow/example_dags/example_python_operator.py for tasks to queue
[2024-10-17T19:28:06.710+0000] {logging_mixin.py:190} INFO - [2024-10-17T19:28:06.710+0000] {dagbag.py:588} INFO - Filling up the DagBag from /home/airflow/.local/lib/python3.12/site-packages/airflow/example_dags/example_python_operator.py
[2024-10-17T19:28:06.717+0000] {processor.py:925} INFO - DAG(s) 'example_python_operator' retrieved from /home/airflow/.local/lib/python3.12/site-packages/airflow/example_dags/example_python_operator.py
[2024-10-17T19:28:06.728+0000] {logging_mixin.py:190} INFO - [2024-10-17T19:28:06.728+0000] {dag.py:3239} INFO - Sync 1 DAGs
[2024-10-17T19:28:06.735+0000] {logging_mixin.py:190} INFO - [2024-10-17T19:28:06.735+0000] {dag.py:4180} INFO - Setting next_dagrun for example_python_operator to None, run_after=None
[2024-10-17T19:28:06.743+0000] {processor.py:208} INFO - Processing /home/airflow/.local/lib/python3.12/site-packages/airflow/example_dags/example_python_operator.py took 0.038 seconds
[2024-10-17T19:28:37.361+0000] {processor.py:186} INFO - Started process (PID=338) to work on /home/airflow/.local/lib/python3.12/site-packages/airflow/example_dags/example_python_operator.py
[2024-10-17T19:28:37.362+0000] {processor.py:914} INFO - Processing file /home/airflow/.local/lib/python3.12/site-packages/airflow/example_dags/example_python_operator.py for tasks to queue
[2024-10-17T19:28:37.363+0000] {logging_mixin.py:190} INFO - [2024-10-17T19:28:37.363+0000] {dagbag.py:588} INFO - Filling up the DagBag from /home/airflow/.local/lib/python3.12/site-packages/airflow/example_dags/example_python_operator.py
[2024-10-17T19:28:37.372+0000] {processor.py:925} INFO - DAG(s) 'example_python_operator' retrieved from /home/airflow/.local/lib/python3.12/site-packages/airflow/example_dags/example_python_operator.py
[2024-10-17T19:28:37.389+0000] {logging_mixin.py:190} INFO - [2024-10-17T19:28:37.389+0000] {dag.py:3239} INFO - Sync 1 DAGs
[2024-10-17T19:28:37.400+0000] {logging_mixin.py:190} INFO - [2024-10-17T19:28:37.400+0000] {dag.py:4180} INFO - Setting next_dagrun for example_python_operator to None, run_after=None
[2024-10-17T19:28:37.408+0000] {processor.py:208} INFO - Processing /home/airflow/.local/lib/python3.12/site-packages/airflow/example_dags/example_python_operator.py took 0.051 seconds
[2024-10-17T19:29:08.108+0000] {processor.py:186} INFO - Started process (PID=401) to work on /home/airflow/.local/lib/python3.12/site-packages/airflow/example_dags/example_python_operator.py
[2024-10-17T19:29:08.108+0000] {processor.py:914} INFO - Processing file /home/airflow/.local/lib/python3.12/site-packages/airflow/example_dags/example_python_operator.py for tasks to queue
[2024-10-17T19:29:08.110+0000] {logging_mixin.py:190} INFO - [2024-10-17T19:29:08.110+0000] {dagbag.py:588} INFO - Filling up the DagBag from /home/airflow/.local/lib/python3.12/site-packages/airflow/example_dags/example_python_operator.py
[2024-10-17T19:29:08.117+0000] {processor.py:925} INFO - DAG(s) 'example_python_operator' retrieved from /home/airflow/.local/lib/python3.12/site-packages/airflow/example_dags/example_python_operator.py
[2024-10-17T19:29:08.129+0000] {logging_mixin.py:190} INFO - [2024-10-17T19:29:08.128+0000] {dag.py:3239} INFO - Sync 1 DAGs
[2024-10-17T19:29:08.136+0000] {logging_mixin.py:190} INFO - [2024-10-17T19:29:08.135+0000] {dag.py:4180} INFO - Setting next_dagrun for example_python_operator to None, run_after=None
[2024-10-17T19:29:08.144+0000] {processor.py:208} INFO - Processing /home/airflow/.local/lib/python3.12/site-packages/airflow/example_dags/example_python_operator.py took 0.039 seconds
[2024-10-17T19:29:38.642+0000] {processor.py:186} INFO - Started process (PID=464) to work on /home/airflow/.local/lib/python3.12/site-packages/airflow/example_dags/example_python_operator.py
[2024-10-17T19:29:38.643+0000] {processor.py:914} INFO - Processing file /home/airflow/.local/lib/python3.12/site-packages/airflow/example_dags/example_python_operator.py for tasks to queue
[2024-10-17T19:29:38.644+0000] {logging_mixin.py:190} INFO - [2024-10-17T19:29:38.644+0000] {dagbag.py:588} INFO - Filling up the DagBag from /home/airflow/.local/lib/python3.12/site-packages/airflow/example_dags/example_python_operator.py
[2024-10-17T19:29:38.651+0000] {processor.py:925} INFO - DAG(s) 'example_python_operator' retrieved from /home/airflow/.local/lib/python3.12/site-packages/airflow/example_dags/example_python_operator.py
[2024-10-17T19:29:38.662+0000] {logging_mixin.py:190} INFO - [2024-10-17T19:29:38.662+0000] {dag.py:3239} INFO - Sync 1 DAGs
[2024-10-17T19:29:38.669+0000] {logging_mixin.py:190} INFO - [2024-10-17T19:29:38.669+0000] {dag.py:4180} INFO - Setting next_dagrun for example_python_operator to None, run_after=None
[2024-10-17T19:29:38.677+0000] {processor.py:208} INFO - Processing /home/airflow/.local/lib/python3.12/site-packages/airflow/example_dags/example_python_operator.py took 0.039 seconds
[2024-10-17T19:30:09.105+0000] {processor.py:186} INFO - Started process (PID=527) to work on /home/airflow/.local/lib/python3.12/site-packages/airflow/example_dags/example_python_operator.py
[2024-10-17T19:30:09.106+0000] {processor.py:914} INFO - Processing file /home/airflow/.local/lib/python3.12/site-packages/airflow/example_dags/example_python_operator.py for tasks to queue
[2024-10-17T19:30:09.107+0000] {logging_mixin.py:190} INFO - [2024-10-17T19:30:09.107+0000] {dagbag.py:588} INFO - Filling up the DagBag from /home/airflow/.local/lib/python3.12/site-packages/airflow/example_dags/example_python_operator.py
[2024-10-17T19:30:09.115+0000] {processor.py:925} INFO - DAG(s) 'example_python_operator' retrieved from /home/airflow/.local/lib/python3.12/site-packages/airflow/example_dags/example_python_operator.py
[2024-10-17T19:30:09.126+0000] {logging_mixin.py:190} INFO - [2024-10-17T19:30:09.126+0000] {dag.py:3239} INFO - Sync 1 DAGs
[2024-10-17T19:30:09.133+0000] {logging_mixin.py:190} INFO - [2024-10-17T19:30:09.133+0000] {dag.py:4180} INFO - Setting next_dagrun for example_python_operator to None, run_after=None
[2024-10-17T19:30:09.141+0000] {processor.py:208} INFO - Processing /home/airflow/.local/lib/python3.12/site-packages/airflow/example_dags/example_python_operator.py took 0.039 seconds
[2024-10-17T19:30:39.855+0000] {processor.py:186} INFO - Started process (PID=590) to work on /home/airflow/.local/lib/python3.12/site-packages/airflow/example_dags/example_python_operator.py
[2024-10-17T19:30:39.855+0000] {processor.py:914} INFO - Processing file /home/airflow/.local/lib/python3.12/site-packages/airflow/example_dags/example_python_operator.py for tasks to queue
[2024-10-17T19:30:39.857+0000] {logging_mixin.py:190} INFO - [2024-10-17T19:30:39.857+0000] {dagbag.py:588} INFO - Filling up the DagBag from /home/airflow/.local/lib/python3.12/site-packages/airflow/example_dags/example_python_operator.py
[2024-10-17T19:30:39.864+0000] {processor.py:925} INFO - DAG(s) 'example_python_operator' retrieved from /home/airflow/.local/lib/python3.12/site-packages/airflow/example_dags/example_python_operator.py
[2024-10-17T19:30:39.877+0000] {logging_mixin.py:190} INFO - [2024-10-17T19:30:39.877+0000] {dag.py:3239} INFO - Sync 1 DAGs
[2024-10-17T19:30:39.886+0000] {logging_mixin.py:190} INFO - [2024-10-17T19:30:39.886+0000] {dag.py:4180} INFO - Setting next_dagrun for example_python_operator to None, run_after=None
[2024-10-17T19:30:39.897+0000] {processor.py:208} INFO - Processing /home/airflow/.local/lib/python3.12/site-packages/airflow/example_dags/example_python_operator.py took 0.046 seconds
[2024-10-17T19:31:10.244+0000] {processor.py:186} INFO - Started process (PID=653) to work on /home/airflow/.local/lib/python3.12/site-packages/airflow/example_dags/example_python_operator.py
[2024-10-17T19:31:10.245+0000] {processor.py:914} INFO - Processing file /home/airflow/.local/lib/python3.12/site-packages/airflow/example_dags/example_python_operator.py for tasks to queue
[2024-10-17T19:31:10.246+0000] {logging_mixin.py:190} INFO - [2024-10-17T19:31:10.246+0000] {dagbag.py:588} INFO - Filling up the DagBag from /home/airflow/.local/lib/python3.12/site-packages/airflow/example_dags/example_python_operator.py
[2024-10-17T19:31:10.254+0000] {processor.py:925} INFO - DAG(s) 'example_python_operator' retrieved from /home/airflow/.local/lib/python3.12/site-packages/airflow/example_dags/example_python_operator.py
[2024-10-17T19:31:10.269+0000] {logging_mixin.py:190} INFO - [2024-10-17T19:31:10.269+0000] {dag.py:3239} INFO - Sync 1 DAGs
[2024-10-17T19:31:10.278+0000] {logging_mixin.py:190} INFO - [2024-10-17T19:31:10.278+0000] {dag.py:4180} INFO - Setting next_dagrun for example_python_operator to None, run_after=None
[2024-10-17T19:31:10.287+0000] {processor.py:208} INFO - Processing /home/airflow/.local/lib/python3.12/site-packages/airflow/example_dags/example_python_operator.py took 0.047 seconds
[2024-10-17T19:31:40.876+0000] {processor.py:186} INFO - Started process (PID=716) to work on /home/airflow/.local/lib/python3.12/site-packages/airflow/example_dags/example_python_operator.py
[2024-10-17T19:31:40.877+0000] {processor.py:914} INFO - Processing file /home/airflow/.local/lib/python3.12/site-packages/airflow/example_dags/example_python_operator.py for tasks to queue
[2024-10-17T19:31:40.878+0000] {logging_mixin.py:190} INFO - [2024-10-17T19:31:40.878+0000] {dagbag.py:588} INFO - Filling up the DagBag from /home/airflow/.local/lib/python3.12/site-packages/airflow/example_dags/example_python_operator.py
[2024-10-17T19:31:40.885+0000] {processor.py:925} INFO - DAG(s) 'example_python_operator' retrieved from /home/airflow/.local/lib/python3.12/site-packages/airflow/example_dags/example_python_operator.py
[2024-10-17T19:31:40.897+0000] {logging_mixin.py:190} INFO - [2024-10-17T19:31:40.897+0000] {dag.py:3239} INFO - Sync 1 DAGs
[2024-10-17T19:31:40.905+0000] {logging_mixin.py:190} INFO - [2024-10-17T19:31:40.904+0000] {dag.py:4180} INFO - Setting next_dagrun for example_python_operator to None, run_after=None
[2024-10-17T19:31:40.914+0000] {processor.py:208} INFO - Processing /home/airflow/.local/lib/python3.12/site-packages/airflow/example_dags/example_python_operator.py took 0.041 seconds
[2024-10-17T19:33:32.879+0000] {processor.py:186} INFO - Started process (PID=86) to work on /home/airflow/.local/lib/python3.12/site-packages/airflow/example_dags/example_python_operator.py
[2024-10-17T19:33:32.880+0000] {processor.py:914} INFO - Processing file /home/airflow/.local/lib/python3.12/site-packages/airflow/example_dags/example_python_operator.py for tasks to queue
[2024-10-17T19:33:32.882+0000] {logging_mixin.py:190} INFO - [2024-10-17T19:33:32.881+0000] {dagbag.py:588} INFO - Filling up the DagBag from /home/airflow/.local/lib/python3.12/site-packages/airflow/example_dags/example_python_operator.py
[2024-10-17T19:33:32.890+0000] {processor.py:925} INFO - DAG(s) 'example_python_operator' retrieved from /home/airflow/.local/lib/python3.12/site-packages/airflow/example_dags/example_python_operator.py
[2024-10-17T19:33:32.948+0000] {logging_mixin.py:190} INFO - [2024-10-17T19:33:32.948+0000] {override.py:1900} INFO - Created Permission View: can edit on DAG:example_python_operator
[2024-10-17T19:33:32.953+0000] {logging_mixin.py:190} INFO - [2024-10-17T19:33:32.953+0000] {override.py:1900} INFO - Created Permission View: can delete on DAG:example_python_operator
[2024-10-17T19:33:32.956+0000] {logging_mixin.py:190} INFO - [2024-10-17T19:33:32.956+0000] {override.py:1900} INFO - Created Permission View: can read on DAG:example_python_operator
[2024-10-17T19:33:32.958+0000] {logging_mixin.py:190} INFO - [2024-10-17T19:33:32.958+0000] {override.py:1900} INFO - Created Permission View: menu access on DAG Run:example_python_operator
[2024-10-17T19:33:32.961+0000] {logging_mixin.py:190} INFO - [2024-10-17T19:33:32.961+0000] {override.py:1900} INFO - Created Permission View: can create on DAG Run:example_python_operator
[2024-10-17T19:33:32.963+0000] {logging_mixin.py:190} INFO - [2024-10-17T19:33:32.963+0000] {override.py:1900} INFO - Created Permission View: can delete on DAG Run:example_python_operator
[2024-10-17T19:33:32.966+0000] {logging_mixin.py:190} INFO - [2024-10-17T19:33:32.966+0000] {override.py:1900} INFO - Created Permission View: can read on DAG Run:example_python_operator
[2024-10-17T19:33:32.966+0000] {logging_mixin.py:190} INFO - [2024-10-17T19:33:32.966+0000] {dag.py:3239} INFO - Sync 1 DAGs
[2024-10-17T19:33:32.977+0000] {logging_mixin.py:190} INFO - [2024-10-17T19:33:32.977+0000] {dag.py:3262} INFO - Creating ORM DAG for example_python_operator
[2024-10-17T19:33:32.978+0000] {logging_mixin.py:190} INFO - [2024-10-17T19:33:32.978+0000] {dag.py:4180} INFO - Setting next_dagrun for example_python_operator to None, run_after=None
[2024-10-17T19:33:32.989+0000] {processor.py:208} INFO - Processing /home/airflow/.local/lib/python3.12/site-packages/airflow/example_dags/example_python_operator.py took 0.113 seconds
[2024-10-17T19:34:03.916+0000] {processor.py:186} INFO - Started process (PID=149) to work on /home/airflow/.local/lib/python3.12/site-packages/airflow/example_dags/example_python_operator.py
[2024-10-17T19:34:03.917+0000] {processor.py:914} INFO - Processing file /home/airflow/.local/lib/python3.12/site-packages/airflow/example_dags/example_python_operator.py for tasks to queue
[2024-10-17T19:34:03.918+0000] {logging_mixin.py:190} INFO - [2024-10-17T19:34:03.918+0000] {dagbag.py:588} INFO - Filling up the DagBag from /home/airflow/.local/lib/python3.12/site-packages/airflow/example_dags/example_python_operator.py
[2024-10-17T19:34:03.925+0000] {processor.py:925} INFO - DAG(s) 'example_python_operator' retrieved from /home/airflow/.local/lib/python3.12/site-packages/airflow/example_dags/example_python_operator.py
[2024-10-17T19:34:03.937+0000] {logging_mixin.py:190} INFO - [2024-10-17T19:34:03.937+0000] {dag.py:3239} INFO - Sync 1 DAGs
[2024-10-17T19:34:03.945+0000] {logging_mixin.py:190} INFO - [2024-10-17T19:34:03.944+0000] {dag.py:4180} INFO - Setting next_dagrun for example_python_operator to None, run_after=None
[2024-10-17T19:34:03.953+0000] {processor.py:208} INFO - Processing /home/airflow/.local/lib/python3.12/site-packages/airflow/example_dags/example_python_operator.py took 0.041 seconds
[2024-10-17T19:34:34.120+0000] {processor.py:186} INFO - Started process (PID=212) to work on /home/airflow/.local/lib/python3.12/site-packages/airflow/example_dags/example_python_operator.py
[2024-10-17T19:34:34.120+0000] {processor.py:914} INFO - Processing file /home/airflow/.local/lib/python3.12/site-packages/airflow/example_dags/example_python_operator.py for tasks to queue
[2024-10-17T19:34:34.122+0000] {logging_mixin.py:190} INFO - [2024-10-17T19:34:34.122+0000] {dagbag.py:588} INFO - Filling up the DagBag from /home/airflow/.local/lib/python3.12/site-packages/airflow/example_dags/example_python_operator.py
[2024-10-17T19:34:34.128+0000] {processor.py:925} INFO - DAG(s) 'example_python_operator' retrieved from /home/airflow/.local/lib/python3.12/site-packages/airflow/example_dags/example_python_operator.py
[2024-10-17T19:34:34.139+0000] {logging_mixin.py:190} INFO - [2024-10-17T19:34:34.139+0000] {dag.py:3239} INFO - Sync 1 DAGs
[2024-10-17T19:34:34.146+0000] {logging_mixin.py:190} INFO - [2024-10-17T19:34:34.145+0000] {dag.py:4180} INFO - Setting next_dagrun for example_python_operator to None, run_after=None
[2024-10-17T19:34:34.154+0000] {processor.py:208} INFO - Processing /home/airflow/.local/lib/python3.12/site-packages/airflow/example_dags/example_python_operator.py took 0.037 seconds
[2024-10-17T19:35:04.595+0000] {processor.py:186} INFO - Started process (PID=275) to work on /home/airflow/.local/lib/python3.12/site-packages/airflow/example_dags/example_python_operator.py
[2024-10-17T19:35:04.596+0000] {processor.py:914} INFO - Processing file /home/airflow/.local/lib/python3.12/site-packages/airflow/example_dags/example_python_operator.py for tasks to queue
[2024-10-17T19:35:04.598+0000] {logging_mixin.py:190} INFO - [2024-10-17T19:35:04.597+0000] {dagbag.py:588} INFO - Filling up the DagBag from /home/airflow/.local/lib/python3.12/site-packages/airflow/example_dags/example_python_operator.py
[2024-10-17T19:35:04.604+0000] {processor.py:925} INFO - DAG(s) 'example_python_operator' retrieved from /home/airflow/.local/lib/python3.12/site-packages/airflow/example_dags/example_python_operator.py
[2024-10-17T19:35:04.617+0000] {logging_mixin.py:190} INFO - [2024-10-17T19:35:04.616+0000] {dag.py:3239} INFO - Sync 1 DAGs
[2024-10-17T19:35:04.624+0000] {logging_mixin.py:190} INFO - [2024-10-17T19:35:04.624+0000] {dag.py:4180} INFO - Setting next_dagrun for example_python_operator to None, run_after=None
[2024-10-17T19:35:04.632+0000] {processor.py:208} INFO - Processing /home/airflow/.local/lib/python3.12/site-packages/airflow/example_dags/example_python_operator.py took 0.041 seconds
[2024-10-17T19:35:35.251+0000] {processor.py:186} INFO - Started process (PID=338) to work on /home/airflow/.local/lib/python3.12/site-packages/airflow/example_dags/example_python_operator.py
[2024-10-17T19:35:35.252+0000] {processor.py:914} INFO - Processing file /home/airflow/.local/lib/python3.12/site-packages/airflow/example_dags/example_python_operator.py for tasks to queue
[2024-10-17T19:35:35.254+0000] {logging_mixin.py:190} INFO - [2024-10-17T19:35:35.253+0000] {dagbag.py:588} INFO - Filling up the DagBag from /home/airflow/.local/lib/python3.12/site-packages/airflow/example_dags/example_python_operator.py
[2024-10-17T19:35:35.261+0000] {processor.py:925} INFO - DAG(s) 'example_python_operator' retrieved from /home/airflow/.local/lib/python3.12/site-packages/airflow/example_dags/example_python_operator.py
[2024-10-17T19:35:35.275+0000] {logging_mixin.py:190} INFO - [2024-10-17T19:35:35.275+0000] {dag.py:3239} INFO - Sync 1 DAGs
[2024-10-17T19:35:35.283+0000] {logging_mixin.py:190} INFO - [2024-10-17T19:35:35.283+0000] {dag.py:4180} INFO - Setting next_dagrun for example_python_operator to None, run_after=None
[2024-10-17T19:35:35.293+0000] {processor.py:208} INFO - Processing /home/airflow/.local/lib/python3.12/site-packages/airflow/example_dags/example_python_operator.py took 0.045 seconds
[2024-10-17T19:36:05.983+0000] {processor.py:186} INFO - Started process (PID=401) to work on /home/airflow/.local/lib/python3.12/site-packages/airflow/example_dags/example_python_operator.py
[2024-10-17T19:36:05.984+0000] {processor.py:914} INFO - Processing file /home/airflow/.local/lib/python3.12/site-packages/airflow/example_dags/example_python_operator.py for tasks to queue
[2024-10-17T19:36:05.986+0000] {logging_mixin.py:190} INFO - [2024-10-17T19:36:05.985+0000] {dagbag.py:588} INFO - Filling up the DagBag from /home/airflow/.local/lib/python3.12/site-packages/airflow/example_dags/example_python_operator.py
[2024-10-17T19:36:05.993+0000] {processor.py:925} INFO - DAG(s) 'example_python_operator' retrieved from /home/airflow/.local/lib/python3.12/site-packages/airflow/example_dags/example_python_operator.py
[2024-10-17T19:36:06.006+0000] {logging_mixin.py:190} INFO - [2024-10-17T19:36:06.006+0000] {dag.py:3239} INFO - Sync 1 DAGs
[2024-10-17T19:36:06.013+0000] {logging_mixin.py:190} INFO - [2024-10-17T19:36:06.013+0000] {dag.py:4180} INFO - Setting next_dagrun for example_python_operator to None, run_after=None
[2024-10-17T19:36:06.023+0000] {processor.py:208} INFO - Processing /home/airflow/.local/lib/python3.12/site-packages/airflow/example_dags/example_python_operator.py took 0.044 seconds
[2024-10-17T19:36:36.585+0000] {processor.py:186} INFO - Started process (PID=464) to work on /home/airflow/.local/lib/python3.12/site-packages/airflow/example_dags/example_python_operator.py
[2024-10-17T19:36:36.586+0000] {processor.py:914} INFO - Processing file /home/airflow/.local/lib/python3.12/site-packages/airflow/example_dags/example_python_operator.py for tasks to queue
[2024-10-17T19:36:36.587+0000] {logging_mixin.py:190} INFO - [2024-10-17T19:36:36.587+0000] {dagbag.py:588} INFO - Filling up the DagBag from /home/airflow/.local/lib/python3.12/site-packages/airflow/example_dags/example_python_operator.py
[2024-10-17T19:36:36.595+0000] {processor.py:925} INFO - DAG(s) 'example_python_operator' retrieved from /home/airflow/.local/lib/python3.12/site-packages/airflow/example_dags/example_python_operator.py
[2024-10-17T19:36:36.608+0000] {logging_mixin.py:190} INFO - [2024-10-17T19:36:36.608+0000] {dag.py:3239} INFO - Sync 1 DAGs
[2024-10-17T19:36:36.616+0000] {logging_mixin.py:190} INFO - [2024-10-17T19:36:36.616+0000] {dag.py:4180} INFO - Setting next_dagrun for example_python_operator to None, run_after=None
[2024-10-17T19:36:36.625+0000] {processor.py:208} INFO - Processing /home/airflow/.local/lib/python3.12/site-packages/airflow/example_dags/example_python_operator.py took 0.044 seconds
[2024-10-17T19:37:07.128+0000] {processor.py:186} INFO - Started process (PID=528) to work on /home/airflow/.local/lib/python3.12/site-packages/airflow/example_dags/example_python_operator.py
[2024-10-17T19:37:07.129+0000] {processor.py:914} INFO - Processing file /home/airflow/.local/lib/python3.12/site-packages/airflow/example_dags/example_python_operator.py for tasks to queue
[2024-10-17T19:37:07.131+0000] {logging_mixin.py:190} INFO - [2024-10-17T19:37:07.131+0000] {dagbag.py:588} INFO - Filling up the DagBag from /home/airflow/.local/lib/python3.12/site-packages/airflow/example_dags/example_python_operator.py
[2024-10-17T19:37:07.141+0000] {processor.py:925} INFO - DAG(s) 'example_python_operator' retrieved from /home/airflow/.local/lib/python3.12/site-packages/airflow/example_dags/example_python_operator.py
[2024-10-17T19:37:07.158+0000] {logging_mixin.py:190} INFO - [2024-10-17T19:37:07.158+0000] {dag.py:3239} INFO - Sync 1 DAGs
[2024-10-17T19:37:07.169+0000] {logging_mixin.py:190} INFO - [2024-10-17T19:37:07.169+0000] {dag.py:4180} INFO - Setting next_dagrun for example_python_operator to None, run_after=None
[2024-10-17T19:37:07.183+0000] {processor.py:208} INFO - Processing /home/airflow/.local/lib/python3.12/site-packages/airflow/example_dags/example_python_operator.py took 0.060 seconds
[2024-10-17T19:39:19.131+0000] {processor.py:186} INFO - Started process (PID=86) to work on /home/airflow/.local/lib/python3.12/site-packages/airflow/example_dags/example_python_operator.py
[2024-10-17T19:39:19.132+0000] {processor.py:914} INFO - Processing file /home/airflow/.local/lib/python3.12/site-packages/airflow/example_dags/example_python_operator.py for tasks to queue
[2024-10-17T19:39:19.134+0000] {logging_mixin.py:190} INFO - [2024-10-17T19:39:19.133+0000] {dagbag.py:588} INFO - Filling up the DagBag from /home/airflow/.local/lib/python3.12/site-packages/airflow/example_dags/example_python_operator.py
[2024-10-17T19:39:19.142+0000] {processor.py:925} INFO - DAG(s) 'example_python_operator' retrieved from /home/airflow/.local/lib/python3.12/site-packages/airflow/example_dags/example_python_operator.py
[2024-10-17T19:39:19.196+0000] {logging_mixin.py:190} INFO - [2024-10-17T19:39:19.196+0000] {override.py:1900} INFO - Created Permission View: can read on DAG:example_python_operator
[2024-10-17T19:39:19.201+0000] {logging_mixin.py:190} INFO - [2024-10-17T19:39:19.201+0000] {override.py:1900} INFO - Created Permission View: can delete on DAG:example_python_operator
[2024-10-17T19:39:19.204+0000] {logging_mixin.py:190} INFO - [2024-10-17T19:39:19.204+0000] {override.py:1900} INFO - Created Permission View: can edit on DAG:example_python_operator
[2024-10-17T19:39:19.207+0000] {logging_mixin.py:190} INFO - [2024-10-17T19:39:19.206+0000] {override.py:1900} INFO - Created Permission View: can read on DAG Run:example_python_operator
[2024-10-17T19:39:19.209+0000] {logging_mixin.py:190} INFO - [2024-10-17T19:39:19.209+0000] {override.py:1900} INFO - Created Permission View: can create on DAG Run:example_python_operator
[2024-10-17T19:39:19.211+0000] {logging_mixin.py:190} INFO - [2024-10-17T19:39:19.211+0000] {override.py:1900} INFO - Created Permission View: can delete on DAG Run:example_python_operator
[2024-10-17T19:39:19.214+0000] {logging_mixin.py:190} INFO - [2024-10-17T19:39:19.214+0000] {override.py:1900} INFO - Created Permission View: menu access on DAG Run:example_python_operator
[2024-10-17T19:39:19.215+0000] {logging_mixin.py:190} INFO - [2024-10-17T19:39:19.214+0000] {dag.py:3239} INFO - Sync 1 DAGs
[2024-10-17T19:39:19.222+0000] {logging_mixin.py:190} INFO - [2024-10-17T19:39:19.222+0000] {dag.py:3262} INFO - Creating ORM DAG for example_python_operator
[2024-10-17T19:39:19.223+0000] {logging_mixin.py:190} INFO - [2024-10-17T19:39:19.223+0000] {dag.py:4180} INFO - Setting next_dagrun for example_python_operator to None, run_after=None
[2024-10-17T19:39:19.234+0000] {processor.py:208} INFO - Processing /home/airflow/.local/lib/python3.12/site-packages/airflow/example_dags/example_python_operator.py took 0.107 seconds
[2024-10-17T19:39:50.184+0000] {processor.py:186} INFO - Started process (PID=149) to work on /home/airflow/.local/lib/python3.12/site-packages/airflow/example_dags/example_python_operator.py
[2024-10-17T19:39:50.185+0000] {processor.py:914} INFO - Processing file /home/airflow/.local/lib/python3.12/site-packages/airflow/example_dags/example_python_operator.py for tasks to queue
[2024-10-17T19:39:50.186+0000] {logging_mixin.py:190} INFO - [2024-10-17T19:39:50.186+0000] {dagbag.py:588} INFO - Filling up the DagBag from /home/airflow/.local/lib/python3.12/site-packages/airflow/example_dags/example_python_operator.py
[2024-10-17T19:39:50.193+0000] {processor.py:925} INFO - DAG(s) 'example_python_operator' retrieved from /home/airflow/.local/lib/python3.12/site-packages/airflow/example_dags/example_python_operator.py
[2024-10-17T19:39:50.204+0000] {logging_mixin.py:190} INFO - [2024-10-17T19:39:50.204+0000] {dag.py:3239} INFO - Sync 1 DAGs
[2024-10-17T19:39:50.211+0000] {logging_mixin.py:190} INFO - [2024-10-17T19:39:50.211+0000] {dag.py:4180} INFO - Setting next_dagrun for example_python_operator to None, run_after=None
[2024-10-17T19:39:50.218+0000] {processor.py:208} INFO - Processing /home/airflow/.local/lib/python3.12/site-packages/airflow/example_dags/example_python_operator.py took 0.037 seconds
[2024-10-17T19:40:20.533+0000] {processor.py:186} INFO - Started process (PID=212) to work on /home/airflow/.local/lib/python3.12/site-packages/airflow/example_dags/example_python_operator.py
[2024-10-17T19:40:20.534+0000] {processor.py:914} INFO - Processing file /home/airflow/.local/lib/python3.12/site-packages/airflow/example_dags/example_python_operator.py for tasks to queue
[2024-10-17T19:40:20.535+0000] {logging_mixin.py:190} INFO - [2024-10-17T19:40:20.535+0000] {dagbag.py:588} INFO - Filling up the DagBag from /home/airflow/.local/lib/python3.12/site-packages/airflow/example_dags/example_python_operator.py
[2024-10-17T19:40:20.542+0000] {processor.py:925} INFO - DAG(s) 'example_python_operator' retrieved from /home/airflow/.local/lib/python3.12/site-packages/airflow/example_dags/example_python_operator.py
[2024-10-17T19:40:20.554+0000] {logging_mixin.py:190} INFO - [2024-10-17T19:40:20.554+0000] {dag.py:3239} INFO - Sync 1 DAGs
[2024-10-17T19:40:20.561+0000] {logging_mixin.py:190} INFO - [2024-10-17T19:40:20.561+0000] {dag.py:4180} INFO - Setting next_dagrun for example_python_operator to None, run_after=None
[2024-10-17T19:40:20.569+0000] {processor.py:208} INFO - Processing /home/airflow/.local/lib/python3.12/site-packages/airflow/example_dags/example_python_operator.py took 0.040 seconds
[2024-10-17T19:40:50.933+0000] {processor.py:186} INFO - Started process (PID=275) to work on /home/airflow/.local/lib/python3.12/site-packages/airflow/example_dags/example_python_operator.py
[2024-10-17T19:40:50.934+0000] {processor.py:914} INFO - Processing file /home/airflow/.local/lib/python3.12/site-packages/airflow/example_dags/example_python_operator.py for tasks to queue
[2024-10-17T19:40:50.936+0000] {logging_mixin.py:190} INFO - [2024-10-17T19:40:50.935+0000] {dagbag.py:588} INFO - Filling up the DagBag from /home/airflow/.local/lib/python3.12/site-packages/airflow/example_dags/example_python_operator.py
[2024-10-17T19:40:50.943+0000] {processor.py:925} INFO - DAG(s) 'example_python_operator' retrieved from /home/airflow/.local/lib/python3.12/site-packages/airflow/example_dags/example_python_operator.py
[2024-10-17T19:40:50.954+0000] {logging_mixin.py:190} INFO - [2024-10-17T19:40:50.954+0000] {dag.py:3239} INFO - Sync 1 DAGs
[2024-10-17T19:40:50.961+0000] {logging_mixin.py:190} INFO - [2024-10-17T19:40:50.961+0000] {dag.py:4180} INFO - Setting next_dagrun for example_python_operator to None, run_after=None
[2024-10-17T19:40:50.970+0000] {processor.py:208} INFO - Processing /home/airflow/.local/lib/python3.12/site-packages/airflow/example_dags/example_python_operator.py took 0.040 seconds
[2024-10-17T19:41:21.588+0000] {processor.py:186} INFO - Started process (PID=338) to work on /home/airflow/.local/lib/python3.12/site-packages/airflow/example_dags/example_python_operator.py
[2024-10-17T19:41:21.589+0000] {processor.py:914} INFO - Processing file /home/airflow/.local/lib/python3.12/site-packages/airflow/example_dags/example_python_operator.py for tasks to queue
[2024-10-17T19:41:21.590+0000] {logging_mixin.py:190} INFO - [2024-10-17T19:41:21.590+0000] {dagbag.py:588} INFO - Filling up the DagBag from /home/airflow/.local/lib/python3.12/site-packages/airflow/example_dags/example_python_operator.py
[2024-10-17T19:41:21.597+0000] {processor.py:925} INFO - DAG(s) 'example_python_operator' retrieved from /home/airflow/.local/lib/python3.12/site-packages/airflow/example_dags/example_python_operator.py
[2024-10-17T19:41:21.610+0000] {logging_mixin.py:190} INFO - [2024-10-17T19:41:21.610+0000] {dag.py:3239} INFO - Sync 1 DAGs
[2024-10-17T19:41:21.618+0000] {logging_mixin.py:190} INFO - [2024-10-17T19:41:21.618+0000] {dag.py:4180} INFO - Setting next_dagrun for example_python_operator to None, run_after=None
[2024-10-17T19:41:21.628+0000] {processor.py:208} INFO - Processing /home/airflow/.local/lib/python3.12/site-packages/airflow/example_dags/example_python_operator.py took 0.043 seconds
[2024-10-17T19:41:52.274+0000] {processor.py:186} INFO - Started process (PID=401) to work on /home/airflow/.local/lib/python3.12/site-packages/airflow/example_dags/example_python_operator.py
[2024-10-17T19:41:52.275+0000] {processor.py:914} INFO - Processing file /home/airflow/.local/lib/python3.12/site-packages/airflow/example_dags/example_python_operator.py for tasks to queue
[2024-10-17T19:41:52.276+0000] {logging_mixin.py:190} INFO - [2024-10-17T19:41:52.276+0000] {dagbag.py:588} INFO - Filling up the DagBag from /home/airflow/.local/lib/python3.12/site-packages/airflow/example_dags/example_python_operator.py
[2024-10-17T19:41:52.284+0000] {processor.py:925} INFO - DAG(s) 'example_python_operator' retrieved from /home/airflow/.local/lib/python3.12/site-packages/airflow/example_dags/example_python_operator.py
[2024-10-17T19:41:52.296+0000] {logging_mixin.py:190} INFO - [2024-10-17T19:41:52.296+0000] {dag.py:3239} INFO - Sync 1 DAGs
[2024-10-17T19:41:52.303+0000] {logging_mixin.py:190} INFO - [2024-10-17T19:41:52.303+0000] {dag.py:4180} INFO - Setting next_dagrun for example_python_operator to None, run_after=None
[2024-10-17T19:41:52.312+0000] {processor.py:208} INFO - Processing /home/airflow/.local/lib/python3.12/site-packages/airflow/example_dags/example_python_operator.py took 0.042 seconds
[2024-10-17T19:42:22.807+0000] {processor.py:186} INFO - Started process (PID=464) to work on /home/airflow/.local/lib/python3.12/site-packages/airflow/example_dags/example_python_operator.py
[2024-10-17T19:42:22.808+0000] {processor.py:914} INFO - Processing file /home/airflow/.local/lib/python3.12/site-packages/airflow/example_dags/example_python_operator.py for tasks to queue
[2024-10-17T19:42:22.809+0000] {logging_mixin.py:190} INFO - [2024-10-17T19:42:22.809+0000] {dagbag.py:588} INFO - Filling up the DagBag from /home/airflow/.local/lib/python3.12/site-packages/airflow/example_dags/example_python_operator.py
[2024-10-17T19:42:22.817+0000] {processor.py:925} INFO - DAG(s) 'example_python_operator' retrieved from /home/airflow/.local/lib/python3.12/site-packages/airflow/example_dags/example_python_operator.py
[2024-10-17T19:42:22.830+0000] {logging_mixin.py:190} INFO - [2024-10-17T19:42:22.830+0000] {dag.py:3239} INFO - Sync 1 DAGs
[2024-10-17T19:42:22.838+0000] {logging_mixin.py:190} INFO - [2024-10-17T19:42:22.838+0000] {dag.py:4180} INFO - Setting next_dagrun for example_python_operator to None, run_after=None
[2024-10-17T19:42:22.847+0000] {processor.py:208} INFO - Processing /home/airflow/.local/lib/python3.12/site-packages/airflow/example_dags/example_python_operator.py took 0.044 seconds
[2024-10-17T19:44:01.338+0000] {processor.py:186} INFO - Started process (PID=86) to work on /home/airflow/.local/lib/python3.12/site-packages/airflow/example_dags/example_python_operator.py
[2024-10-17T19:44:01.339+0000] {processor.py:914} INFO - Processing file /home/airflow/.local/lib/python3.12/site-packages/airflow/example_dags/example_python_operator.py for tasks to queue
[2024-10-17T19:44:01.340+0000] {logging_mixin.py:190} INFO - [2024-10-17T19:44:01.340+0000] {dagbag.py:588} INFO - Filling up the DagBag from /home/airflow/.local/lib/python3.12/site-packages/airflow/example_dags/example_python_operator.py
[2024-10-17T19:44:01.349+0000] {processor.py:925} INFO - DAG(s) 'example_python_operator' retrieved from /home/airflow/.local/lib/python3.12/site-packages/airflow/example_dags/example_python_operator.py
[2024-10-17T19:44:01.409+0000] {logging_mixin.py:190} INFO - [2024-10-17T19:44:01.409+0000] {override.py:1900} INFO - Created Permission View: can delete on DAG:example_python_operator
[2024-10-17T19:44:01.414+0000] {logging_mixin.py:190} INFO - [2024-10-17T19:44:01.414+0000] {override.py:1900} INFO - Created Permission View: can edit on DAG:example_python_operator
[2024-10-17T19:44:01.417+0000] {logging_mixin.py:190} INFO - [2024-10-17T19:44:01.417+0000] {override.py:1900} INFO - Created Permission View: can read on DAG:example_python_operator
[2024-10-17T19:44:01.419+0000] {logging_mixin.py:190} INFO - [2024-10-17T19:44:01.419+0000] {override.py:1900} INFO - Created Permission View: can delete on DAG Run:example_python_operator
[2024-10-17T19:44:01.422+0000] {logging_mixin.py:190} INFO - [2024-10-17T19:44:01.422+0000] {override.py:1900} INFO - Created Permission View: can create on DAG Run:example_python_operator
[2024-10-17T19:44:01.425+0000] {logging_mixin.py:190} INFO - [2024-10-17T19:44:01.424+0000] {override.py:1900} INFO - Created Permission View: menu access on DAG Run:example_python_operator
[2024-10-17T19:44:01.427+0000] {logging_mixin.py:190} INFO - [2024-10-17T19:44:01.427+0000] {override.py:1900} INFO - Created Permission View: can read on DAG Run:example_python_operator
[2024-10-17T19:44:01.427+0000] {logging_mixin.py:190} INFO - [2024-10-17T19:44:01.427+0000] {dag.py:3239} INFO - Sync 1 DAGs
[2024-10-17T19:44:01.435+0000] {logging_mixin.py:190} INFO - [2024-10-17T19:44:01.435+0000] {dag.py:3262} INFO - Creating ORM DAG for example_python_operator
[2024-10-17T19:44:01.436+0000] {logging_mixin.py:190} INFO - [2024-10-17T19:44:01.436+0000] {dag.py:4180} INFO - Setting next_dagrun for example_python_operator to None, run_after=None
[2024-10-17T19:44:01.444+0000] {processor.py:208} INFO - Processing /home/airflow/.local/lib/python3.12/site-packages/airflow/example_dags/example_python_operator.py took 0.109 seconds
[2024-10-17T19:44:31.542+0000] {processor.py:186} INFO - Started process (PID=149) to work on /home/airflow/.local/lib/python3.12/site-packages/airflow/example_dags/example_python_operator.py
[2024-10-17T19:44:31.543+0000] {processor.py:914} INFO - Processing file /home/airflow/.local/lib/python3.12/site-packages/airflow/example_dags/example_python_operator.py for tasks to queue
[2024-10-17T19:44:31.544+0000] {logging_mixin.py:190} INFO - [2024-10-17T19:44:31.544+0000] {dagbag.py:588} INFO - Filling up the DagBag from /home/airflow/.local/lib/python3.12/site-packages/airflow/example_dags/example_python_operator.py
[2024-10-17T19:44:31.551+0000] {processor.py:925} INFO - DAG(s) 'example_python_operator' retrieved from /home/airflow/.local/lib/python3.12/site-packages/airflow/example_dags/example_python_operator.py
[2024-10-17T19:44:31.563+0000] {logging_mixin.py:190} INFO - [2024-10-17T19:44:31.562+0000] {dag.py:3239} INFO - Sync 1 DAGs
[2024-10-17T19:44:31.569+0000] {logging_mixin.py:190} INFO - [2024-10-17T19:44:31.569+0000] {dag.py:4180} INFO - Setting next_dagrun for example_python_operator to None, run_after=None
[2024-10-17T19:44:31.577+0000] {processor.py:208} INFO - Processing /home/airflow/.local/lib/python3.12/site-packages/airflow/example_dags/example_python_operator.py took 0.038 seconds
[2024-10-17T19:45:02.119+0000] {processor.py:186} INFO - Started process (PID=212) to work on /home/airflow/.local/lib/python3.12/site-packages/airflow/example_dags/example_python_operator.py
[2024-10-17T19:45:02.120+0000] {processor.py:914} INFO - Processing file /home/airflow/.local/lib/python3.12/site-packages/airflow/example_dags/example_python_operator.py for tasks to queue
[2024-10-17T19:45:02.121+0000] {logging_mixin.py:190} INFO - [2024-10-17T19:45:02.121+0000] {dagbag.py:588} INFO - Filling up the DagBag from /home/airflow/.local/lib/python3.12/site-packages/airflow/example_dags/example_python_operator.py
[2024-10-17T19:45:02.128+0000] {processor.py:925} INFO - DAG(s) 'example_python_operator' retrieved from /home/airflow/.local/lib/python3.12/site-packages/airflow/example_dags/example_python_operator.py
[2024-10-17T19:45:02.140+0000] {logging_mixin.py:190} INFO - [2024-10-17T19:45:02.140+0000] {dag.py:3239} INFO - Sync 1 DAGs
[2024-10-17T19:45:02.148+0000] {logging_mixin.py:190} INFO - [2024-10-17T19:45:02.147+0000] {dag.py:4180} INFO - Setting next_dagrun for example_python_operator to None, run_after=None
[2024-10-17T19:45:02.156+0000] {processor.py:208} INFO - Processing /home/airflow/.local/lib/python3.12/site-packages/airflow/example_dags/example_python_operator.py took 0.041 seconds
[2024-10-17T19:45:32.721+0000] {processor.py:186} INFO - Started process (PID=275) to work on /home/airflow/.local/lib/python3.12/site-packages/airflow/example_dags/example_python_operator.py
[2024-10-17T19:45:32.722+0000] {processor.py:914} INFO - Processing file /home/airflow/.local/lib/python3.12/site-packages/airflow/example_dags/example_python_operator.py for tasks to queue
[2024-10-17T19:45:32.723+0000] {logging_mixin.py:190} INFO - [2024-10-17T19:45:32.723+0000] {dagbag.py:588} INFO - Filling up the DagBag from /home/airflow/.local/lib/python3.12/site-packages/airflow/example_dags/example_python_operator.py
[2024-10-17T19:45:32.731+0000] {processor.py:925} INFO - DAG(s) 'example_python_operator' retrieved from /home/airflow/.local/lib/python3.12/site-packages/airflow/example_dags/example_python_operator.py
[2024-10-17T19:45:32.744+0000] {logging_mixin.py:190} INFO - [2024-10-17T19:45:32.744+0000] {dag.py:3239} INFO - Sync 1 DAGs
[2024-10-17T19:45:32.752+0000] {logging_mixin.py:190} INFO - [2024-10-17T19:45:32.751+0000] {dag.py:4180} INFO - Setting next_dagrun for example_python_operator to None, run_after=None
[2024-10-17T19:45:32.762+0000] {processor.py:208} INFO - Processing /home/airflow/.local/lib/python3.12/site-packages/airflow/example_dags/example_python_operator.py took 0.044 seconds
[2024-10-17T19:46:03.181+0000] {processor.py:186} INFO - Started process (PID=338) to work on /home/airflow/.local/lib/python3.12/site-packages/airflow/example_dags/example_python_operator.py
[2024-10-17T19:46:03.182+0000] {processor.py:914} INFO - Processing file /home/airflow/.local/lib/python3.12/site-packages/airflow/example_dags/example_python_operator.py for tasks to queue
[2024-10-17T19:46:03.184+0000] {logging_mixin.py:190} INFO - [2024-10-17T19:46:03.183+0000] {dagbag.py:588} INFO - Filling up the DagBag from /home/airflow/.local/lib/python3.12/site-packages/airflow/example_dags/example_python_operator.py
[2024-10-17T19:46:03.190+0000] {processor.py:925} INFO - DAG(s) 'example_python_operator' retrieved from /home/airflow/.local/lib/python3.12/site-packages/airflow/example_dags/example_python_operator.py
[2024-10-17T19:46:03.202+0000] {logging_mixin.py:190} INFO - [2024-10-17T19:46:03.202+0000] {dag.py:3239} INFO - Sync 1 DAGs
[2024-10-17T19:46:03.209+0000] {logging_mixin.py:190} INFO - [2024-10-17T19:46:03.209+0000] {dag.py:4180} INFO - Setting next_dagrun for example_python_operator to None, run_after=None
[2024-10-17T19:46:03.218+0000] {processor.py:208} INFO - Processing /home/airflow/.local/lib/python3.12/site-packages/airflow/example_dags/example_python_operator.py took 0.041 seconds
[2024-10-17T19:46:33.658+0000] {processor.py:186} INFO - Started process (PID=401) to work on /home/airflow/.local/lib/python3.12/site-packages/airflow/example_dags/example_python_operator.py
[2024-10-17T19:46:33.659+0000] {processor.py:914} INFO - Processing file /home/airflow/.local/lib/python3.12/site-packages/airflow/example_dags/example_python_operator.py for tasks to queue
[2024-10-17T19:46:33.661+0000] {logging_mixin.py:190} INFO - [2024-10-17T19:46:33.660+0000] {dagbag.py:588} INFO - Filling up the DagBag from /home/airflow/.local/lib/python3.12/site-packages/airflow/example_dags/example_python_operator.py
[2024-10-17T19:46:33.667+0000] {processor.py:925} INFO - DAG(s) 'example_python_operator' retrieved from /home/airflow/.local/lib/python3.12/site-packages/airflow/example_dags/example_python_operator.py
[2024-10-17T19:46:33.678+0000] {logging_mixin.py:190} INFO - [2024-10-17T19:46:33.678+0000] {dag.py:3239} INFO - Sync 1 DAGs
[2024-10-17T19:46:33.685+0000] {logging_mixin.py:190} INFO - [2024-10-17T19:46:33.685+0000] {dag.py:4180} INFO - Setting next_dagrun for example_python_operator to None, run_after=None
[2024-10-17T19:46:33.695+0000] {processor.py:208} INFO - Processing /home/airflow/.local/lib/python3.12/site-packages/airflow/example_dags/example_python_operator.py took 0.040 seconds
[2024-10-17T19:47:04.171+0000] {processor.py:186} INFO - Started process (PID=464) to work on /home/airflow/.local/lib/python3.12/site-packages/airflow/example_dags/example_python_operator.py
[2024-10-17T19:47:04.172+0000] {processor.py:914} INFO - Processing file /home/airflow/.local/lib/python3.12/site-packages/airflow/example_dags/example_python_operator.py for tasks to queue
[2024-10-17T19:47:04.174+0000] {logging_mixin.py:190} INFO - [2024-10-17T19:47:04.173+0000] {dagbag.py:588} INFO - Filling up the DagBag from /home/airflow/.local/lib/python3.12/site-packages/airflow/example_dags/example_python_operator.py
[2024-10-17T19:47:04.182+0000] {processor.py:925} INFO - DAG(s) 'example_python_operator' retrieved from /home/airflow/.local/lib/python3.12/site-packages/airflow/example_dags/example_python_operator.py
[2024-10-17T19:47:04.198+0000] {logging_mixin.py:190} INFO - [2024-10-17T19:47:04.198+0000] {dag.py:3239} INFO - Sync 1 DAGs
[2024-10-17T19:47:04.207+0000] {logging_mixin.py:190} INFO - [2024-10-17T19:47:04.207+0000] {dag.py:4180} INFO - Setting next_dagrun for example_python_operator to None, run_after=None
[2024-10-17T19:47:04.219+0000] {processor.py:208} INFO - Processing /home/airflow/.local/lib/python3.12/site-packages/airflow/example_dags/example_python_operator.py took 0.051 seconds
[2024-10-17T19:47:34.790+0000] {processor.py:186} INFO - Started process (PID=527) to work on /home/airflow/.local/lib/python3.12/site-packages/airflow/example_dags/example_python_operator.py
[2024-10-17T19:47:34.791+0000] {processor.py:914} INFO - Processing file /home/airflow/.local/lib/python3.12/site-packages/airflow/example_dags/example_python_operator.py for tasks to queue
[2024-10-17T19:47:34.793+0000] {logging_mixin.py:190} INFO - [2024-10-17T19:47:34.793+0000] {dagbag.py:588} INFO - Filling up the DagBag from /home/airflow/.local/lib/python3.12/site-packages/airflow/example_dags/example_python_operator.py
[2024-10-17T19:47:34.800+0000] {processor.py:925} INFO - DAG(s) 'example_python_operator' retrieved from /home/airflow/.local/lib/python3.12/site-packages/airflow/example_dags/example_python_operator.py
[2024-10-17T19:47:34.813+0000] {logging_mixin.py:190} INFO - [2024-10-17T19:47:34.813+0000] {dag.py:3239} INFO - Sync 1 DAGs
[2024-10-17T19:47:34.820+0000] {logging_mixin.py:190} INFO - [2024-10-17T19:47:34.820+0000] {dag.py:4180} INFO - Setting next_dagrun for example_python_operator to None, run_after=None
[2024-10-17T19:47:34.829+0000] {processor.py:208} INFO - Processing /home/airflow/.local/lib/python3.12/site-packages/airflow/example_dags/example_python_operator.py took 0.042 seconds
[2024-10-17T19:48:05.212+0000] {processor.py:186} INFO - Started process (PID=590) to work on /home/airflow/.local/lib/python3.12/site-packages/airflow/example_dags/example_python_operator.py
[2024-10-17T19:48:05.213+0000] {processor.py:914} INFO - Processing file /home/airflow/.local/lib/python3.12/site-packages/airflow/example_dags/example_python_operator.py for tasks to queue
[2024-10-17T19:48:05.215+0000] {logging_mixin.py:190} INFO - [2024-10-17T19:48:05.214+0000] {dagbag.py:588} INFO - Filling up the DagBag from /home/airflow/.local/lib/python3.12/site-packages/airflow/example_dags/example_python_operator.py
[2024-10-17T19:48:05.222+0000] {processor.py:925} INFO - DAG(s) 'example_python_operator' retrieved from /home/airflow/.local/lib/python3.12/site-packages/airflow/example_dags/example_python_operator.py
[2024-10-17T19:48:05.235+0000] {logging_mixin.py:190} INFO - [2024-10-17T19:48:05.235+0000] {dag.py:3239} INFO - Sync 1 DAGs
[2024-10-17T19:48:05.242+0000] {logging_mixin.py:190} INFO - [2024-10-17T19:48:05.242+0000] {dag.py:4180} INFO - Setting next_dagrun for example_python_operator to None, run_after=None
[2024-10-17T19:48:05.251+0000] {processor.py:208} INFO - Processing /home/airflow/.local/lib/python3.12/site-packages/airflow/example_dags/example_python_operator.py took 0.042 seconds
