[2024-10-17T17:10:33.175+0000] {processor.py:186} INFO - Started process (PID=49) to work on /home/airflow/.local/lib/python3.12/site-packages/airflow/example_dags/example_dag_decorator.py
[2024-10-17T17:10:33.176+0000] {processor.py:914} INFO - Processing file /home/airflow/.local/lib/python3.12/site-packages/airflow/example_dags/example_dag_decorator.py for tasks to queue
[2024-10-17T17:10:33.178+0000] {logging_mixin.py:190} INFO - [2024-10-17T17:10:33.177+0000] {dagbag.py:588} INFO - Filling up the DagBag from /home/airflow/.local/lib/python3.12/site-packages/airflow/example_dags/example_dag_decorator.py
[2024-10-17T17:10:33.194+0000] {processor.py:925} INFO - DAG(s) 'example_dag_decorator' retrieved from /home/airflow/.local/lib/python3.12/site-packages/airflow/example_dags/example_dag_decorator.py
[2024-10-17T17:10:33.251+0000] {logging_mixin.py:190} INFO - [2024-10-17T17:10:33.250+0000] {override.py:1900} INFO - Created Permission View: can delete on DAG:example_dag_decorator
[2024-10-17T17:10:33.255+0000] {logging_mixin.py:190} INFO - [2024-10-17T17:10:33.255+0000] {override.py:1900} INFO - Created Permission View: can edit on DAG:example_dag_decorator
[2024-10-17T17:10:33.258+0000] {logging_mixin.py:190} INFO - [2024-10-17T17:10:33.258+0000] {override.py:1900} INFO - Created Permission View: can read on DAG:example_dag_decorator
[2024-10-17T17:10:33.261+0000] {logging_mixin.py:190} INFO - [2024-10-17T17:10:33.261+0000] {override.py:1900} INFO - Created Permission View: can create on DAG Run:example_dag_decorator
[2024-10-17T17:10:33.264+0000] {logging_mixin.py:190} INFO - [2024-10-17T17:10:33.263+0000] {override.py:1900} INFO - Created Permission View: can delete on DAG Run:example_dag_decorator
[2024-10-17T17:10:33.266+0000] {logging_mixin.py:190} INFO - [2024-10-17T17:10:33.266+0000] {override.py:1900} INFO - Created Permission View: can read on DAG Run:example_dag_decorator
[2024-10-17T17:10:33.269+0000] {logging_mixin.py:190} INFO - [2024-10-17T17:10:33.268+0000] {override.py:1900} INFO - Created Permission View: menu access on DAG Run:example_dag_decorator
[2024-10-17T17:10:33.269+0000] {logging_mixin.py:190} INFO - [2024-10-17T17:10:33.269+0000] {dag.py:3239} INFO - Sync 1 DAGs
[2024-10-17T17:10:33.276+0000] {logging_mixin.py:190} INFO - [2024-10-17T17:10:33.276+0000] {dag.py:3262} INFO - Creating ORM DAG for example_dag_decorator
[2024-10-17T17:10:33.277+0000] {logging_mixin.py:190} INFO - [2024-10-17T17:10:33.277+0000] {dag.py:4180} INFO - Setting next_dagrun for example_dag_decorator to None, run_after=None
[2024-10-17T17:10:33.286+0000] {processor.py:208} INFO - Processing /home/airflow/.local/lib/python3.12/site-packages/airflow/example_dags/example_dag_decorator.py took 0.117 seconds
[2024-10-17T17:11:03.653+0000] {processor.py:186} INFO - Started process (PID=111) to work on /home/airflow/.local/lib/python3.12/site-packages/airflow/example_dags/example_dag_decorator.py
[2024-10-17T17:11:03.654+0000] {processor.py:914} INFO - Processing file /home/airflow/.local/lib/python3.12/site-packages/airflow/example_dags/example_dag_decorator.py for tasks to queue
[2024-10-17T17:11:03.655+0000] {logging_mixin.py:190} INFO - [2024-10-17T17:11:03.655+0000] {dagbag.py:588} INFO - Filling up the DagBag from /home/airflow/.local/lib/python3.12/site-packages/airflow/example_dags/example_dag_decorator.py
[2024-10-17T17:11:03.663+0000] {processor.py:925} INFO - DAG(s) 'example_dag_decorator' retrieved from /home/airflow/.local/lib/python3.12/site-packages/airflow/example_dags/example_dag_decorator.py
[2024-10-17T17:11:03.721+0000] {logging_mixin.py:190} INFO - [2024-10-17T17:11:03.720+0000] {dag.py:3239} INFO - Sync 1 DAGs
[2024-10-17T17:11:03.726+0000] {logging_mixin.py:190} INFO - [2024-10-17T17:11:03.726+0000] {dag.py:4180} INFO - Setting next_dagrun for example_dag_decorator to None, run_after=None
[2024-10-17T17:11:03.735+0000] {processor.py:208} INFO - Processing /home/airflow/.local/lib/python3.12/site-packages/airflow/example_dags/example_dag_decorator.py took 0.085 seconds
[2024-10-17T17:11:33.841+0000] {processor.py:186} INFO - Started process (PID=173) to work on /home/airflow/.local/lib/python3.12/site-packages/airflow/example_dags/example_dag_decorator.py
[2024-10-17T17:11:33.842+0000] {processor.py:914} INFO - Processing file /home/airflow/.local/lib/python3.12/site-packages/airflow/example_dags/example_dag_decorator.py for tasks to queue
[2024-10-17T17:11:33.843+0000] {logging_mixin.py:190} INFO - [2024-10-17T17:11:33.843+0000] {dagbag.py:588} INFO - Filling up the DagBag from /home/airflow/.local/lib/python3.12/site-packages/airflow/example_dags/example_dag_decorator.py
[2024-10-17T17:11:33.850+0000] {processor.py:925} INFO - DAG(s) 'example_dag_decorator' retrieved from /home/airflow/.local/lib/python3.12/site-packages/airflow/example_dags/example_dag_decorator.py
[2024-10-17T17:11:33.910+0000] {logging_mixin.py:190} INFO - [2024-10-17T17:11:33.909+0000] {dag.py:3239} INFO - Sync 1 DAGs
[2024-10-17T17:11:33.916+0000] {logging_mixin.py:190} INFO - [2024-10-17T17:11:33.916+0000] {dag.py:4180} INFO - Setting next_dagrun for example_dag_decorator to None, run_after=None
[2024-10-17T17:11:33.925+0000] {processor.py:208} INFO - Processing /home/airflow/.local/lib/python3.12/site-packages/airflow/example_dags/example_dag_decorator.py took 0.088 seconds
[2024-10-17T17:12:04.291+0000] {processor.py:186} INFO - Started process (PID=235) to work on /home/airflow/.local/lib/python3.12/site-packages/airflow/example_dags/example_dag_decorator.py
[2024-10-17T17:12:04.291+0000] {processor.py:914} INFO - Processing file /home/airflow/.local/lib/python3.12/site-packages/airflow/example_dags/example_dag_decorator.py for tasks to queue
[2024-10-17T17:12:04.293+0000] {logging_mixin.py:190} INFO - [2024-10-17T17:12:04.293+0000] {dagbag.py:588} INFO - Filling up the DagBag from /home/airflow/.local/lib/python3.12/site-packages/airflow/example_dags/example_dag_decorator.py
[2024-10-17T17:12:04.300+0000] {processor.py:925} INFO - DAG(s) 'example_dag_decorator' retrieved from /home/airflow/.local/lib/python3.12/site-packages/airflow/example_dags/example_dag_decorator.py
[2024-10-17T17:12:04.316+0000] {logging_mixin.py:190} INFO - [2024-10-17T17:12:04.316+0000] {dag.py:3239} INFO - Sync 1 DAGs
[2024-10-17T17:12:04.324+0000] {logging_mixin.py:190} INFO - [2024-10-17T17:12:04.324+0000] {dag.py:4180} INFO - Setting next_dagrun for example_dag_decorator to None, run_after=None
[2024-10-17T17:12:04.334+0000] {processor.py:208} INFO - Processing /home/airflow/.local/lib/python3.12/site-packages/airflow/example_dags/example_dag_decorator.py took 0.047 seconds
[2024-10-17T19:26:34.422+0000] {processor.py:186} INFO - Started process (PID=68) to work on /home/airflow/.local/lib/python3.12/site-packages/airflow/example_dags/example_dag_decorator.py
[2024-10-17T19:26:34.423+0000] {processor.py:914} INFO - Processing file /home/airflow/.local/lib/python3.12/site-packages/airflow/example_dags/example_dag_decorator.py for tasks to queue
[2024-10-17T19:26:34.425+0000] {logging_mixin.py:190} INFO - [2024-10-17T19:26:34.424+0000] {dagbag.py:588} INFO - Filling up the DagBag from /home/airflow/.local/lib/python3.12/site-packages/airflow/example_dags/example_dag_decorator.py
[2024-10-17T19:26:34.438+0000] {processor.py:925} INFO - DAG(s) 'example_dag_decorator' retrieved from /home/airflow/.local/lib/python3.12/site-packages/airflow/example_dags/example_dag_decorator.py
[2024-10-17T19:26:34.499+0000] {logging_mixin.py:190} INFO - [2024-10-17T19:26:34.498+0000] {override.py:1900} INFO - Created Permission View: can edit on DAG:example_dag_decorator
[2024-10-17T19:26:34.503+0000] {logging_mixin.py:190} INFO - [2024-10-17T19:26:34.503+0000] {override.py:1900} INFO - Created Permission View: can delete on DAG:example_dag_decorator
[2024-10-17T19:26:34.506+0000] {logging_mixin.py:190} INFO - [2024-10-17T19:26:34.505+0000] {override.py:1900} INFO - Created Permission View: can read on DAG:example_dag_decorator
[2024-10-17T19:26:34.508+0000] {logging_mixin.py:190} INFO - [2024-10-17T19:26:34.508+0000] {override.py:1900} INFO - Created Permission View: can delete on DAG Run:example_dag_decorator
[2024-10-17T19:26:34.511+0000] {logging_mixin.py:190} INFO - [2024-10-17T19:26:34.511+0000] {override.py:1900} INFO - Created Permission View: can create on DAG Run:example_dag_decorator
[2024-10-17T19:26:34.513+0000] {logging_mixin.py:190} INFO - [2024-10-17T19:26:34.513+0000] {override.py:1900} INFO - Created Permission View: can read on DAG Run:example_dag_decorator
[2024-10-17T19:26:34.516+0000] {logging_mixin.py:190} INFO - [2024-10-17T19:26:34.516+0000] {override.py:1900} INFO - Created Permission View: menu access on DAG Run:example_dag_decorator
[2024-10-17T19:26:34.516+0000] {logging_mixin.py:190} INFO - [2024-10-17T19:26:34.516+0000] {dag.py:3239} INFO - Sync 1 DAGs
[2024-10-17T19:26:34.522+0000] {logging_mixin.py:190} INFO - [2024-10-17T19:26:34.522+0000] {dag.py:3262} INFO - Creating ORM DAG for example_dag_decorator
[2024-10-17T19:26:34.522+0000] {logging_mixin.py:190} INFO - [2024-10-17T19:26:34.522+0000] {dag.py:4180} INFO - Setting next_dagrun for example_dag_decorator to None, run_after=None
[2024-10-17T19:26:34.529+0000] {processor.py:208} INFO - Processing /home/airflow/.local/lib/python3.12/site-packages/airflow/example_dags/example_dag_decorator.py took 0.113 seconds
[2024-10-17T19:27:05.118+0000] {processor.py:186} INFO - Started process (PID=131) to work on /home/airflow/.local/lib/python3.12/site-packages/airflow/example_dags/example_dag_decorator.py
[2024-10-17T19:27:05.119+0000] {processor.py:914} INFO - Processing file /home/airflow/.local/lib/python3.12/site-packages/airflow/example_dags/example_dag_decorator.py for tasks to queue
[2024-10-17T19:27:05.121+0000] {logging_mixin.py:190} INFO - [2024-10-17T19:27:05.120+0000] {dagbag.py:588} INFO - Filling up the DagBag from /home/airflow/.local/lib/python3.12/site-packages/airflow/example_dags/example_dag_decorator.py
[2024-10-17T19:27:05.128+0000] {processor.py:925} INFO - DAG(s) 'example_dag_decorator' retrieved from /home/airflow/.local/lib/python3.12/site-packages/airflow/example_dags/example_dag_decorator.py
[2024-10-17T19:27:05.187+0000] {logging_mixin.py:190} INFO - [2024-10-17T19:27:05.187+0000] {dag.py:3239} INFO - Sync 1 DAGs
[2024-10-17T19:27:05.193+0000] {logging_mixin.py:190} INFO - [2024-10-17T19:27:05.193+0000] {dag.py:4180} INFO - Setting next_dagrun for example_dag_decorator to None, run_after=None
[2024-10-17T19:27:05.202+0000] {processor.py:208} INFO - Processing /home/airflow/.local/lib/python3.12/site-packages/airflow/example_dags/example_dag_decorator.py took 0.087 seconds
[2024-10-17T19:27:35.575+0000] {processor.py:186} INFO - Started process (PID=194) to work on /home/airflow/.local/lib/python3.12/site-packages/airflow/example_dags/example_dag_decorator.py
[2024-10-17T19:27:35.576+0000] {processor.py:914} INFO - Processing file /home/airflow/.local/lib/python3.12/site-packages/airflow/example_dags/example_dag_decorator.py for tasks to queue
[2024-10-17T19:27:35.577+0000] {logging_mixin.py:190} INFO - [2024-10-17T19:27:35.577+0000] {dagbag.py:588} INFO - Filling up the DagBag from /home/airflow/.local/lib/python3.12/site-packages/airflow/example_dags/example_dag_decorator.py
[2024-10-17T19:27:35.584+0000] {processor.py:925} INFO - DAG(s) 'example_dag_decorator' retrieved from /home/airflow/.local/lib/python3.12/site-packages/airflow/example_dags/example_dag_decorator.py
[2024-10-17T19:27:35.644+0000] {logging_mixin.py:190} INFO - [2024-10-17T19:27:35.644+0000] {dag.py:3239} INFO - Sync 1 DAGs
[2024-10-17T19:27:35.650+0000] {logging_mixin.py:190} INFO - [2024-10-17T19:27:35.650+0000] {dag.py:4180} INFO - Setting next_dagrun for example_dag_decorator to None, run_after=None
[2024-10-17T19:27:35.658+0000] {processor.py:208} INFO - Processing /home/airflow/.local/lib/python3.12/site-packages/airflow/example_dags/example_dag_decorator.py took 0.086 seconds
[2024-10-17T19:28:06.112+0000] {processor.py:186} INFO - Started process (PID=257) to work on /home/airflow/.local/lib/python3.12/site-packages/airflow/example_dags/example_dag_decorator.py
[2024-10-17T19:28:06.113+0000] {processor.py:914} INFO - Processing file /home/airflow/.local/lib/python3.12/site-packages/airflow/example_dags/example_dag_decorator.py for tasks to queue
[2024-10-17T19:28:06.115+0000] {logging_mixin.py:190} INFO - [2024-10-17T19:28:06.115+0000] {dagbag.py:588} INFO - Filling up the DagBag from /home/airflow/.local/lib/python3.12/site-packages/airflow/example_dags/example_dag_decorator.py
[2024-10-17T19:28:06.128+0000] {processor.py:925} INFO - DAG(s) 'example_dag_decorator' retrieved from /home/airflow/.local/lib/python3.12/site-packages/airflow/example_dags/example_dag_decorator.py
[2024-10-17T19:28:06.203+0000] {logging_mixin.py:190} INFO - [2024-10-17T19:28:06.203+0000] {dag.py:3239} INFO - Sync 1 DAGs
[2024-10-17T19:28:06.210+0000] {logging_mixin.py:190} INFO - [2024-10-17T19:28:06.210+0000] {dag.py:4180} INFO - Setting next_dagrun for example_dag_decorator to None, run_after=None
[2024-10-17T19:28:06.221+0000] {processor.py:208} INFO - Processing /home/airflow/.local/lib/python3.12/site-packages/airflow/example_dags/example_dag_decorator.py took 0.113 seconds
[2024-10-17T19:28:36.757+0000] {processor.py:186} INFO - Started process (PID=320) to work on /home/airflow/.local/lib/python3.12/site-packages/airflow/example_dags/example_dag_decorator.py
[2024-10-17T19:28:36.758+0000] {processor.py:914} INFO - Processing file /home/airflow/.local/lib/python3.12/site-packages/airflow/example_dags/example_dag_decorator.py for tasks to queue
[2024-10-17T19:28:36.760+0000] {logging_mixin.py:190} INFO - [2024-10-17T19:28:36.759+0000] {dagbag.py:588} INFO - Filling up the DagBag from /home/airflow/.local/lib/python3.12/site-packages/airflow/example_dags/example_dag_decorator.py
[2024-10-17T19:28:36.767+0000] {processor.py:925} INFO - DAG(s) 'example_dag_decorator' retrieved from /home/airflow/.local/lib/python3.12/site-packages/airflow/example_dags/example_dag_decorator.py
[2024-10-17T19:28:36.837+0000] {logging_mixin.py:190} INFO - [2024-10-17T19:28:36.837+0000] {dag.py:3239} INFO - Sync 1 DAGs
[2024-10-17T19:28:36.843+0000] {logging_mixin.py:190} INFO - [2024-10-17T19:28:36.843+0000] {dag.py:4180} INFO - Setting next_dagrun for example_dag_decorator to None, run_after=None
[2024-10-17T19:28:36.853+0000] {processor.py:208} INFO - Processing /home/airflow/.local/lib/python3.12/site-packages/airflow/example_dags/example_dag_decorator.py took 0.099 seconds
[2024-10-17T19:29:07.538+0000] {processor.py:186} INFO - Started process (PID=383) to work on /home/airflow/.local/lib/python3.12/site-packages/airflow/example_dags/example_dag_decorator.py
[2024-10-17T19:29:07.539+0000] {processor.py:914} INFO - Processing file /home/airflow/.local/lib/python3.12/site-packages/airflow/example_dags/example_dag_decorator.py for tasks to queue
[2024-10-17T19:29:07.541+0000] {logging_mixin.py:190} INFO - [2024-10-17T19:29:07.540+0000] {dagbag.py:588} INFO - Filling up the DagBag from /home/airflow/.local/lib/python3.12/site-packages/airflow/example_dags/example_dag_decorator.py
[2024-10-17T19:29:07.549+0000] {processor.py:925} INFO - DAG(s) 'example_dag_decorator' retrieved from /home/airflow/.local/lib/python3.12/site-packages/airflow/example_dags/example_dag_decorator.py
[2024-10-17T19:29:07.614+0000] {logging_mixin.py:190} INFO - [2024-10-17T19:29:07.614+0000] {dag.py:3239} INFO - Sync 1 DAGs
[2024-10-17T19:29:07.621+0000] {logging_mixin.py:190} INFO - [2024-10-17T19:29:07.621+0000] {dag.py:4180} INFO - Setting next_dagrun for example_dag_decorator to None, run_after=None
[2024-10-17T19:29:07.631+0000] {processor.py:208} INFO - Processing /home/airflow/.local/lib/python3.12/site-packages/airflow/example_dags/example_dag_decorator.py took 0.097 seconds
[2024-10-17T19:29:38.083+0000] {processor.py:186} INFO - Started process (PID=446) to work on /home/airflow/.local/lib/python3.12/site-packages/airflow/example_dags/example_dag_decorator.py
[2024-10-17T19:29:38.084+0000] {processor.py:914} INFO - Processing file /home/airflow/.local/lib/python3.12/site-packages/airflow/example_dags/example_dag_decorator.py for tasks to queue
[2024-10-17T19:29:38.086+0000] {logging_mixin.py:190} INFO - [2024-10-17T19:29:38.085+0000] {dagbag.py:588} INFO - Filling up the DagBag from /home/airflow/.local/lib/python3.12/site-packages/airflow/example_dags/example_dag_decorator.py
[2024-10-17T19:29:38.094+0000] {processor.py:925} INFO - DAG(s) 'example_dag_decorator' retrieved from /home/airflow/.local/lib/python3.12/site-packages/airflow/example_dags/example_dag_decorator.py
[2024-10-17T19:29:38.157+0000] {logging_mixin.py:190} INFO - [2024-10-17T19:29:38.157+0000] {dag.py:3239} INFO - Sync 1 DAGs
[2024-10-17T19:29:38.163+0000] {logging_mixin.py:190} INFO - [2024-10-17T19:29:38.163+0000] {dag.py:4180} INFO - Setting next_dagrun for example_dag_decorator to None, run_after=None
[2024-10-17T19:29:38.172+0000] {processor.py:208} INFO - Processing /home/airflow/.local/lib/python3.12/site-packages/airflow/example_dags/example_dag_decorator.py took 0.093 seconds
[2024-10-17T19:30:08.544+0000] {processor.py:186} INFO - Started process (PID=509) to work on /home/airflow/.local/lib/python3.12/site-packages/airflow/example_dags/example_dag_decorator.py
[2024-10-17T19:30:08.545+0000] {processor.py:914} INFO - Processing file /home/airflow/.local/lib/python3.12/site-packages/airflow/example_dags/example_dag_decorator.py for tasks to queue
[2024-10-17T19:30:08.547+0000] {logging_mixin.py:190} INFO - [2024-10-17T19:30:08.547+0000] {dagbag.py:588} INFO - Filling up the DagBag from /home/airflow/.local/lib/python3.12/site-packages/airflow/example_dags/example_dag_decorator.py
[2024-10-17T19:30:08.554+0000] {processor.py:925} INFO - DAG(s) 'example_dag_decorator' retrieved from /home/airflow/.local/lib/python3.12/site-packages/airflow/example_dags/example_dag_decorator.py
[2024-10-17T19:30:08.609+0000] {logging_mixin.py:190} INFO - [2024-10-17T19:30:08.609+0000] {dag.py:3239} INFO - Sync 1 DAGs
[2024-10-17T19:30:08.616+0000] {logging_mixin.py:190} INFO - [2024-10-17T19:30:08.616+0000] {dag.py:4180} INFO - Setting next_dagrun for example_dag_decorator to None, run_after=None
[2024-10-17T19:30:08.625+0000] {processor.py:208} INFO - Processing /home/airflow/.local/lib/python3.12/site-packages/airflow/example_dags/example_dag_decorator.py took 0.084 seconds
[2024-10-17T19:30:39.130+0000] {processor.py:186} INFO - Started process (PID=572) to work on /home/airflow/.local/lib/python3.12/site-packages/airflow/example_dags/example_dag_decorator.py
[2024-10-17T19:30:39.131+0000] {processor.py:914} INFO - Processing file /home/airflow/.local/lib/python3.12/site-packages/airflow/example_dags/example_dag_decorator.py for tasks to queue
[2024-10-17T19:30:39.133+0000] {logging_mixin.py:190} INFO - [2024-10-17T19:30:39.133+0000] {dagbag.py:588} INFO - Filling up the DagBag from /home/airflow/.local/lib/python3.12/site-packages/airflow/example_dags/example_dag_decorator.py
[2024-10-17T19:30:39.150+0000] {processor.py:925} INFO - DAG(s) 'example_dag_decorator' retrieved from /home/airflow/.local/lib/python3.12/site-packages/airflow/example_dags/example_dag_decorator.py
[2024-10-17T19:30:39.250+0000] {logging_mixin.py:190} INFO - [2024-10-17T19:30:39.250+0000] {dag.py:3239} INFO - Sync 1 DAGs
[2024-10-17T19:30:39.260+0000] {logging_mixin.py:190} INFO - [2024-10-17T19:30:39.260+0000] {dag.py:4180} INFO - Setting next_dagrun for example_dag_decorator to None, run_after=None
[2024-10-17T19:30:39.276+0000] {processor.py:208} INFO - Processing /home/airflow/.local/lib/python3.12/site-packages/airflow/example_dags/example_dag_decorator.py took 0.151 seconds
[2024-10-17T19:31:09.680+0000] {processor.py:186} INFO - Started process (PID=635) to work on /home/airflow/.local/lib/python3.12/site-packages/airflow/example_dags/example_dag_decorator.py
[2024-10-17T19:31:09.681+0000] {processor.py:914} INFO - Processing file /home/airflow/.local/lib/python3.12/site-packages/airflow/example_dags/example_dag_decorator.py for tasks to queue
[2024-10-17T19:31:09.682+0000] {logging_mixin.py:190} INFO - [2024-10-17T19:31:09.682+0000] {dagbag.py:588} INFO - Filling up the DagBag from /home/airflow/.local/lib/python3.12/site-packages/airflow/example_dags/example_dag_decorator.py
[2024-10-17T19:31:09.690+0000] {processor.py:925} INFO - DAG(s) 'example_dag_decorator' retrieved from /home/airflow/.local/lib/python3.12/site-packages/airflow/example_dags/example_dag_decorator.py
[2024-10-17T19:31:09.750+0000] {logging_mixin.py:190} INFO - [2024-10-17T19:31:09.750+0000] {dag.py:3239} INFO - Sync 1 DAGs
[2024-10-17T19:31:09.757+0000] {logging_mixin.py:190} INFO - [2024-10-17T19:31:09.757+0000] {dag.py:4180} INFO - Setting next_dagrun for example_dag_decorator to None, run_after=None
[2024-10-17T19:31:09.765+0000] {processor.py:208} INFO - Processing /home/airflow/.local/lib/python3.12/site-packages/airflow/example_dags/example_dag_decorator.py took 0.089 seconds
[2024-10-17T19:31:40.253+0000] {processor.py:186} INFO - Started process (PID=698) to work on /home/airflow/.local/lib/python3.12/site-packages/airflow/example_dags/example_dag_decorator.py
[2024-10-17T19:31:40.254+0000] {processor.py:914} INFO - Processing file /home/airflow/.local/lib/python3.12/site-packages/airflow/example_dags/example_dag_decorator.py for tasks to queue
[2024-10-17T19:31:40.255+0000] {logging_mixin.py:190} INFO - [2024-10-17T19:31:40.255+0000] {dagbag.py:588} INFO - Filling up the DagBag from /home/airflow/.local/lib/python3.12/site-packages/airflow/example_dags/example_dag_decorator.py
[2024-10-17T19:31:40.262+0000] {processor.py:925} INFO - DAG(s) 'example_dag_decorator' retrieved from /home/airflow/.local/lib/python3.12/site-packages/airflow/example_dags/example_dag_decorator.py
[2024-10-17T19:31:40.357+0000] {logging_mixin.py:190} INFO - [2024-10-17T19:31:40.356+0000] {dag.py:3239} INFO - Sync 1 DAGs
[2024-10-17T19:31:40.363+0000] {logging_mixin.py:190} INFO - [2024-10-17T19:31:40.363+0000] {dag.py:4180} INFO - Setting next_dagrun for example_dag_decorator to None, run_after=None
[2024-10-17T19:31:40.375+0000] {processor.py:208} INFO - Processing /home/airflow/.local/lib/python3.12/site-packages/airflow/example_dags/example_dag_decorator.py took 0.126 seconds
[2024-10-17T19:33:31.737+0000] {processor.py:186} INFO - Started process (PID=68) to work on /home/airflow/.local/lib/python3.12/site-packages/airflow/example_dags/example_dag_decorator.py
[2024-10-17T19:33:31.738+0000] {processor.py:914} INFO - Processing file /home/airflow/.local/lib/python3.12/site-packages/airflow/example_dags/example_dag_decorator.py for tasks to queue
[2024-10-17T19:33:31.739+0000] {logging_mixin.py:190} INFO - [2024-10-17T19:33:31.739+0000] {dagbag.py:588} INFO - Filling up the DagBag from /home/airflow/.local/lib/python3.12/site-packages/airflow/example_dags/example_dag_decorator.py
[2024-10-17T19:33:31.752+0000] {processor.py:925} INFO - DAG(s) 'example_dag_decorator' retrieved from /home/airflow/.local/lib/python3.12/site-packages/airflow/example_dags/example_dag_decorator.py
[2024-10-17T19:33:31.808+0000] {logging_mixin.py:190} INFO - [2024-10-17T19:33:31.808+0000] {override.py:1900} INFO - Created Permission View: can edit on DAG:example_dag_decorator
[2024-10-17T19:33:31.812+0000] {logging_mixin.py:190} INFO - [2024-10-17T19:33:31.812+0000] {override.py:1900} INFO - Created Permission View: can delete on DAG:example_dag_decorator
[2024-10-17T19:33:31.815+0000] {logging_mixin.py:190} INFO - [2024-10-17T19:33:31.815+0000] {override.py:1900} INFO - Created Permission View: can read on DAG:example_dag_decorator
[2024-10-17T19:33:31.818+0000] {logging_mixin.py:190} INFO - [2024-10-17T19:33:31.818+0000] {override.py:1900} INFO - Created Permission View: menu access on DAG Run:example_dag_decorator
[2024-10-17T19:33:31.820+0000] {logging_mixin.py:190} INFO - [2024-10-17T19:33:31.820+0000] {override.py:1900} INFO - Created Permission View: can create on DAG Run:example_dag_decorator
[2024-10-17T19:33:31.823+0000] {logging_mixin.py:190} INFO - [2024-10-17T19:33:31.823+0000] {override.py:1900} INFO - Created Permission View: can delete on DAG Run:example_dag_decorator
[2024-10-17T19:33:31.826+0000] {logging_mixin.py:190} INFO - [2024-10-17T19:33:31.825+0000] {override.py:1900} INFO - Created Permission View: can read on DAG Run:example_dag_decorator
[2024-10-17T19:33:31.826+0000] {logging_mixin.py:190} INFO - [2024-10-17T19:33:31.826+0000] {dag.py:3239} INFO - Sync 1 DAGs
[2024-10-17T19:33:31.832+0000] {logging_mixin.py:190} INFO - [2024-10-17T19:33:31.832+0000] {dag.py:3262} INFO - Creating ORM DAG for example_dag_decorator
[2024-10-17T19:33:31.832+0000] {logging_mixin.py:190} INFO - [2024-10-17T19:33:31.832+0000] {dag.py:4180} INFO - Setting next_dagrun for example_dag_decorator to None, run_after=None
[2024-10-17T19:33:31.839+0000] {processor.py:208} INFO - Processing /home/airflow/.local/lib/python3.12/site-packages/airflow/example_dags/example_dag_decorator.py took 0.106 seconds
[2024-10-17T19:34:02.204+0000] {processor.py:186} INFO - Started process (PID=131) to work on /home/airflow/.local/lib/python3.12/site-packages/airflow/example_dags/example_dag_decorator.py
[2024-10-17T19:34:02.204+0000] {processor.py:914} INFO - Processing file /home/airflow/.local/lib/python3.12/site-packages/airflow/example_dags/example_dag_decorator.py for tasks to queue
[2024-10-17T19:34:02.206+0000] {logging_mixin.py:190} INFO - [2024-10-17T19:34:02.206+0000] {dagbag.py:588} INFO - Filling up the DagBag from /home/airflow/.local/lib/python3.12/site-packages/airflow/example_dags/example_dag_decorator.py
[2024-10-17T19:34:02.215+0000] {processor.py:925} INFO - DAG(s) 'example_dag_decorator' retrieved from /home/airflow/.local/lib/python3.12/site-packages/airflow/example_dags/example_dag_decorator.py
[2024-10-17T19:34:02.279+0000] {logging_mixin.py:190} INFO - [2024-10-17T19:34:02.279+0000] {dag.py:3239} INFO - Sync 1 DAGs
[2024-10-17T19:34:02.285+0000] {logging_mixin.py:190} INFO - [2024-10-17T19:34:02.285+0000] {dag.py:4180} INFO - Setting next_dagrun for example_dag_decorator to None, run_after=None
[2024-10-17T19:34:02.294+0000] {processor.py:208} INFO - Processing /home/airflow/.local/lib/python3.12/site-packages/airflow/example_dags/example_dag_decorator.py took 0.094 seconds
[2024-10-17T19:34:32.508+0000] {processor.py:186} INFO - Started process (PID=194) to work on /home/airflow/.local/lib/python3.12/site-packages/airflow/example_dags/example_dag_decorator.py
[2024-10-17T19:34:32.509+0000] {processor.py:914} INFO - Processing file /home/airflow/.local/lib/python3.12/site-packages/airflow/example_dags/example_dag_decorator.py for tasks to queue
[2024-10-17T19:34:32.510+0000] {logging_mixin.py:190} INFO - [2024-10-17T19:34:32.510+0000] {dagbag.py:588} INFO - Filling up the DagBag from /home/airflow/.local/lib/python3.12/site-packages/airflow/example_dags/example_dag_decorator.py
[2024-10-17T19:34:32.519+0000] {processor.py:925} INFO - DAG(s) 'example_dag_decorator' retrieved from /home/airflow/.local/lib/python3.12/site-packages/airflow/example_dags/example_dag_decorator.py
[2024-10-17T19:34:32.535+0000] {logging_mixin.py:190} INFO - [2024-10-17T19:34:32.535+0000] {dag.py:3239} INFO - Sync 1 DAGs
[2024-10-17T19:34:32.543+0000] {logging_mixin.py:190} INFO - [2024-10-17T19:34:32.543+0000] {dag.py:4180} INFO - Setting next_dagrun for example_dag_decorator to None, run_after=None
[2024-10-17T19:34:32.553+0000] {processor.py:208} INFO - Processing /home/airflow/.local/lib/python3.12/site-packages/airflow/example_dags/example_dag_decorator.py took 0.049 seconds
[2024-10-17T19:35:02.966+0000] {processor.py:186} INFO - Started process (PID=257) to work on /home/airflow/.local/lib/python3.12/site-packages/airflow/example_dags/example_dag_decorator.py
[2024-10-17T19:35:02.967+0000] {processor.py:914} INFO - Processing file /home/airflow/.local/lib/python3.12/site-packages/airflow/example_dags/example_dag_decorator.py for tasks to queue
[2024-10-17T19:35:02.968+0000] {logging_mixin.py:190} INFO - [2024-10-17T19:35:02.968+0000] {dagbag.py:588} INFO - Filling up the DagBag from /home/airflow/.local/lib/python3.12/site-packages/airflow/example_dags/example_dag_decorator.py
[2024-10-17T19:35:02.975+0000] {processor.py:925} INFO - DAG(s) 'example_dag_decorator' retrieved from /home/airflow/.local/lib/python3.12/site-packages/airflow/example_dags/example_dag_decorator.py
[2024-10-17T19:35:03.035+0000] {logging_mixin.py:190} INFO - [2024-10-17T19:35:03.035+0000] {dag.py:3239} INFO - Sync 1 DAGs
[2024-10-17T19:35:03.042+0000] {logging_mixin.py:190} INFO - [2024-10-17T19:35:03.042+0000] {dag.py:4180} INFO - Setting next_dagrun for example_dag_decorator to None, run_after=None
[2024-10-17T19:35:03.050+0000] {processor.py:208} INFO - Processing /home/airflow/.local/lib/python3.12/site-packages/airflow/example_dags/example_dag_decorator.py took 0.088 seconds
[2024-10-17T19:35:33.604+0000] {processor.py:186} INFO - Started process (PID=320) to work on /home/airflow/.local/lib/python3.12/site-packages/airflow/example_dags/example_dag_decorator.py
[2024-10-17T19:35:33.605+0000] {processor.py:914} INFO - Processing file /home/airflow/.local/lib/python3.12/site-packages/airflow/example_dags/example_dag_decorator.py for tasks to queue
[2024-10-17T19:35:33.607+0000] {logging_mixin.py:190} INFO - [2024-10-17T19:35:33.606+0000] {dagbag.py:588} INFO - Filling up the DagBag from /home/airflow/.local/lib/python3.12/site-packages/airflow/example_dags/example_dag_decorator.py
[2024-10-17T19:35:33.614+0000] {processor.py:925} INFO - DAG(s) 'example_dag_decorator' retrieved from /home/airflow/.local/lib/python3.12/site-packages/airflow/example_dags/example_dag_decorator.py
[2024-10-17T19:35:33.683+0000] {logging_mixin.py:190} INFO - [2024-10-17T19:35:33.683+0000] {dag.py:3239} INFO - Sync 1 DAGs
[2024-10-17T19:35:33.690+0000] {logging_mixin.py:190} INFO - [2024-10-17T19:35:33.690+0000] {dag.py:4180} INFO - Setting next_dagrun for example_dag_decorator to None, run_after=None
[2024-10-17T19:35:33.700+0000] {processor.py:208} INFO - Processing /home/airflow/.local/lib/python3.12/site-packages/airflow/example_dags/example_dag_decorator.py took 0.100 seconds
[2024-10-17T19:36:04.277+0000] {processor.py:186} INFO - Started process (PID=383) to work on /home/airflow/.local/lib/python3.12/site-packages/airflow/example_dags/example_dag_decorator.py
[2024-10-17T19:36:04.278+0000] {processor.py:914} INFO - Processing file /home/airflow/.local/lib/python3.12/site-packages/airflow/example_dags/example_dag_decorator.py for tasks to queue
[2024-10-17T19:36:04.279+0000] {logging_mixin.py:190} INFO - [2024-10-17T19:36:04.279+0000] {dagbag.py:588} INFO - Filling up the DagBag from /home/airflow/.local/lib/python3.12/site-packages/airflow/example_dags/example_dag_decorator.py
[2024-10-17T19:36:04.287+0000] {processor.py:925} INFO - DAG(s) 'example_dag_decorator' retrieved from /home/airflow/.local/lib/python3.12/site-packages/airflow/example_dags/example_dag_decorator.py
[2024-10-17T19:36:04.374+0000] {logging_mixin.py:190} INFO - [2024-10-17T19:36:04.374+0000] {dag.py:3239} INFO - Sync 1 DAGs
[2024-10-17T19:36:04.380+0000] {logging_mixin.py:190} INFO - [2024-10-17T19:36:04.380+0000] {dag.py:4180} INFO - Setting next_dagrun for example_dag_decorator to None, run_after=None
[2024-10-17T19:36:04.392+0000] {processor.py:208} INFO - Processing /home/airflow/.local/lib/python3.12/site-packages/airflow/example_dags/example_dag_decorator.py took 0.119 seconds
[2024-10-17T19:36:34.946+0000] {processor.py:186} INFO - Started process (PID=446) to work on /home/airflow/.local/lib/python3.12/site-packages/airflow/example_dags/example_dag_decorator.py
[2024-10-17T19:36:34.947+0000] {processor.py:914} INFO - Processing file /home/airflow/.local/lib/python3.12/site-packages/airflow/example_dags/example_dag_decorator.py for tasks to queue
[2024-10-17T19:36:34.948+0000] {logging_mixin.py:190} INFO - [2024-10-17T19:36:34.948+0000] {dagbag.py:588} INFO - Filling up the DagBag from /home/airflow/.local/lib/python3.12/site-packages/airflow/example_dags/example_dag_decorator.py
[2024-10-17T19:36:34.956+0000] {processor.py:925} INFO - DAG(s) 'example_dag_decorator' retrieved from /home/airflow/.local/lib/python3.12/site-packages/airflow/example_dags/example_dag_decorator.py
[2024-10-17T19:36:35.014+0000] {logging_mixin.py:190} INFO - [2024-10-17T19:36:35.014+0000] {dag.py:3239} INFO - Sync 1 DAGs
[2024-10-17T19:36:35.020+0000] {logging_mixin.py:190} INFO - [2024-10-17T19:36:35.020+0000] {dag.py:4180} INFO - Setting next_dagrun for example_dag_decorator to None, run_after=None
[2024-10-17T19:36:35.029+0000] {processor.py:208} INFO - Processing /home/airflow/.local/lib/python3.12/site-packages/airflow/example_dags/example_dag_decorator.py took 0.087 seconds
[2024-10-17T19:37:05.433+0000] {processor.py:186} INFO - Started process (PID=510) to work on /home/airflow/.local/lib/python3.12/site-packages/airflow/example_dags/example_dag_decorator.py
[2024-10-17T19:37:05.434+0000] {processor.py:914} INFO - Processing file /home/airflow/.local/lib/python3.12/site-packages/airflow/example_dags/example_dag_decorator.py for tasks to queue
[2024-10-17T19:37:05.436+0000] {logging_mixin.py:190} INFO - [2024-10-17T19:37:05.436+0000] {dagbag.py:588} INFO - Filling up the DagBag from /home/airflow/.local/lib/python3.12/site-packages/airflow/example_dags/example_dag_decorator.py
[2024-10-17T19:37:05.443+0000] {processor.py:925} INFO - DAG(s) 'example_dag_decorator' retrieved from /home/airflow/.local/lib/python3.12/site-packages/airflow/example_dags/example_dag_decorator.py
[2024-10-17T19:37:05.504+0000] {logging_mixin.py:190} INFO - [2024-10-17T19:37:05.504+0000] {dag.py:3239} INFO - Sync 1 DAGs
[2024-10-17T19:37:05.510+0000] {logging_mixin.py:190} INFO - [2024-10-17T19:37:05.510+0000] {dag.py:4180} INFO - Setting next_dagrun for example_dag_decorator to None, run_after=None
[2024-10-17T19:37:05.519+0000] {processor.py:208} INFO - Processing /home/airflow/.local/lib/python3.12/site-packages/airflow/example_dags/example_dag_decorator.py took 0.089 seconds
[2024-10-17T19:39:18.000+0000] {processor.py:186} INFO - Started process (PID=68) to work on /home/airflow/.local/lib/python3.12/site-packages/airflow/example_dags/example_dag_decorator.py
[2024-10-17T19:39:18.001+0000] {processor.py:914} INFO - Processing file /home/airflow/.local/lib/python3.12/site-packages/airflow/example_dags/example_dag_decorator.py for tasks to queue
[2024-10-17T19:39:18.003+0000] {logging_mixin.py:190} INFO - [2024-10-17T19:39:18.003+0000] {dagbag.py:588} INFO - Filling up the DagBag from /home/airflow/.local/lib/python3.12/site-packages/airflow/example_dags/example_dag_decorator.py
[2024-10-17T19:39:18.037+0000] {processor.py:925} INFO - DAG(s) 'example_dag_decorator' retrieved from /home/airflow/.local/lib/python3.12/site-packages/airflow/example_dags/example_dag_decorator.py
[2024-10-17T19:39:18.089+0000] {logging_mixin.py:190} INFO - [2024-10-17T19:39:18.089+0000] {override.py:1900} INFO - Created Permission View: can read on DAG:example_dag_decorator
[2024-10-17T19:39:18.093+0000] {logging_mixin.py:190} INFO - [2024-10-17T19:39:18.093+0000] {override.py:1900} INFO - Created Permission View: can delete on DAG:example_dag_decorator
[2024-10-17T19:39:18.096+0000] {logging_mixin.py:190} INFO - [2024-10-17T19:39:18.096+0000] {override.py:1900} INFO - Created Permission View: can edit on DAG:example_dag_decorator
[2024-10-17T19:39:18.098+0000] {logging_mixin.py:190} INFO - [2024-10-17T19:39:18.098+0000] {override.py:1900} INFO - Created Permission View: can read on DAG Run:example_dag_decorator
[2024-10-17T19:39:18.101+0000] {logging_mixin.py:190} INFO - [2024-10-17T19:39:18.100+0000] {override.py:1900} INFO - Created Permission View: can create on DAG Run:example_dag_decorator
[2024-10-17T19:39:18.103+0000] {logging_mixin.py:190} INFO - [2024-10-17T19:39:18.103+0000] {override.py:1900} INFO - Created Permission View: can delete on DAG Run:example_dag_decorator
[2024-10-17T19:39:18.105+0000] {logging_mixin.py:190} INFO - [2024-10-17T19:39:18.105+0000] {override.py:1900} INFO - Created Permission View: menu access on DAG Run:example_dag_decorator
[2024-10-17T19:39:18.105+0000] {logging_mixin.py:190} INFO - [2024-10-17T19:39:18.105+0000] {dag.py:3239} INFO - Sync 1 DAGs
[2024-10-17T19:39:18.111+0000] {logging_mixin.py:190} INFO - [2024-10-17T19:39:18.111+0000] {dag.py:3262} INFO - Creating ORM DAG for example_dag_decorator
[2024-10-17T19:39:18.111+0000] {logging_mixin.py:190} INFO - [2024-10-17T19:39:18.111+0000] {dag.py:4180} INFO - Setting next_dagrun for example_dag_decorator to None, run_after=None
[2024-10-17T19:39:18.118+0000] {processor.py:208} INFO - Processing /home/airflow/.local/lib/python3.12/site-packages/airflow/example_dags/example_dag_decorator.py took 0.122 seconds
[2024-10-17T19:39:48.609+0000] {processor.py:186} INFO - Started process (PID=131) to work on /home/airflow/.local/lib/python3.12/site-packages/airflow/example_dags/example_dag_decorator.py
[2024-10-17T19:39:48.610+0000] {processor.py:914} INFO - Processing file /home/airflow/.local/lib/python3.12/site-packages/airflow/example_dags/example_dag_decorator.py for tasks to queue
[2024-10-17T19:39:48.612+0000] {logging_mixin.py:190} INFO - [2024-10-17T19:39:48.612+0000] {dagbag.py:588} INFO - Filling up the DagBag from /home/airflow/.local/lib/python3.12/site-packages/airflow/example_dags/example_dag_decorator.py
[2024-10-17T19:39:48.620+0000] {processor.py:925} INFO - DAG(s) 'example_dag_decorator' retrieved from /home/airflow/.local/lib/python3.12/site-packages/airflow/example_dags/example_dag_decorator.py
[2024-10-17T19:39:48.632+0000] {logging_mixin.py:190} INFO - [2024-10-17T19:39:48.632+0000] {dag.py:3239} INFO - Sync 1 DAGs
[2024-10-17T19:39:48.641+0000] {logging_mixin.py:190} INFO - [2024-10-17T19:39:48.641+0000] {dag.py:4180} INFO - Setting next_dagrun for example_dag_decorator to None, run_after=None
[2024-10-17T19:39:48.652+0000] {processor.py:208} INFO - Processing /home/airflow/.local/lib/python3.12/site-packages/airflow/example_dags/example_dag_decorator.py took 0.047 seconds
[2024-10-17T19:40:18.944+0000] {processor.py:186} INFO - Started process (PID=194) to work on /home/airflow/.local/lib/python3.12/site-packages/airflow/example_dags/example_dag_decorator.py
[2024-10-17T19:40:18.945+0000] {processor.py:914} INFO - Processing file /home/airflow/.local/lib/python3.12/site-packages/airflow/example_dags/example_dag_decorator.py for tasks to queue
[2024-10-17T19:40:18.946+0000] {logging_mixin.py:190} INFO - [2024-10-17T19:40:18.946+0000] {dagbag.py:588} INFO - Filling up the DagBag from /home/airflow/.local/lib/python3.12/site-packages/airflow/example_dags/example_dag_decorator.py
[2024-10-17T19:40:18.953+0000] {processor.py:925} INFO - DAG(s) 'example_dag_decorator' retrieved from /home/airflow/.local/lib/python3.12/site-packages/airflow/example_dags/example_dag_decorator.py
[2024-10-17T19:40:19.012+0000] {logging_mixin.py:190} INFO - [2024-10-17T19:40:19.012+0000] {dag.py:3239} INFO - Sync 1 DAGs
[2024-10-17T19:40:19.018+0000] {logging_mixin.py:190} INFO - [2024-10-17T19:40:19.018+0000] {dag.py:4180} INFO - Setting next_dagrun for example_dag_decorator to None, run_after=None
[2024-10-17T19:40:19.026+0000] {processor.py:208} INFO - Processing /home/airflow/.local/lib/python3.12/site-packages/airflow/example_dags/example_dag_decorator.py took 0.086 seconds
[2024-10-17T19:40:49.292+0000] {processor.py:186} INFO - Started process (PID=257) to work on /home/airflow/.local/lib/python3.12/site-packages/airflow/example_dags/example_dag_decorator.py
[2024-10-17T19:40:49.292+0000] {processor.py:914} INFO - Processing file /home/airflow/.local/lib/python3.12/site-packages/airflow/example_dags/example_dag_decorator.py for tasks to queue
[2024-10-17T19:40:49.294+0000] {logging_mixin.py:190} INFO - [2024-10-17T19:40:49.294+0000] {dagbag.py:588} INFO - Filling up the DagBag from /home/airflow/.local/lib/python3.12/site-packages/airflow/example_dags/example_dag_decorator.py
[2024-10-17T19:40:49.301+0000] {processor.py:925} INFO - DAG(s) 'example_dag_decorator' retrieved from /home/airflow/.local/lib/python3.12/site-packages/airflow/example_dags/example_dag_decorator.py
[2024-10-17T19:40:49.355+0000] {logging_mixin.py:190} INFO - [2024-10-17T19:40:49.355+0000] {dag.py:3239} INFO - Sync 1 DAGs
[2024-10-17T19:40:49.361+0000] {logging_mixin.py:190} INFO - [2024-10-17T19:40:49.361+0000] {dag.py:4180} INFO - Setting next_dagrun for example_dag_decorator to None, run_after=None
[2024-10-17T19:40:49.370+0000] {processor.py:208} INFO - Processing /home/airflow/.local/lib/python3.12/site-packages/airflow/example_dags/example_dag_decorator.py took 0.081 seconds
[2024-10-17T19:41:19.863+0000] {processor.py:186} INFO - Started process (PID=320) to work on /home/airflow/.local/lib/python3.12/site-packages/airflow/example_dags/example_dag_decorator.py
[2024-10-17T19:41:19.864+0000] {processor.py:914} INFO - Processing file /home/airflow/.local/lib/python3.12/site-packages/airflow/example_dags/example_dag_decorator.py for tasks to queue
[2024-10-17T19:41:19.866+0000] {logging_mixin.py:190} INFO - [2024-10-17T19:41:19.865+0000] {dagbag.py:588} INFO - Filling up the DagBag from /home/airflow/.local/lib/python3.12/site-packages/airflow/example_dags/example_dag_decorator.py
[2024-10-17T19:41:19.874+0000] {processor.py:925} INFO - DAG(s) 'example_dag_decorator' retrieved from /home/airflow/.local/lib/python3.12/site-packages/airflow/example_dags/example_dag_decorator.py
[2024-10-17T19:41:19.939+0000] {logging_mixin.py:190} INFO - [2024-10-17T19:41:19.939+0000] {dag.py:3239} INFO - Sync 1 DAGs
[2024-10-17T19:41:19.947+0000] {logging_mixin.py:190} INFO - [2024-10-17T19:41:19.947+0000] {dag.py:4180} INFO - Setting next_dagrun for example_dag_decorator to None, run_after=None
[2024-10-17T19:41:19.957+0000] {processor.py:208} INFO - Processing /home/airflow/.local/lib/python3.12/site-packages/airflow/example_dags/example_dag_decorator.py took 0.098 seconds
[2024-10-17T19:41:50.705+0000] {processor.py:186} INFO - Started process (PID=383) to work on /home/airflow/.local/lib/python3.12/site-packages/airflow/example_dags/example_dag_decorator.py
[2024-10-17T19:41:50.706+0000] {processor.py:914} INFO - Processing file /home/airflow/.local/lib/python3.12/site-packages/airflow/example_dags/example_dag_decorator.py for tasks to queue
[2024-10-17T19:41:50.707+0000] {logging_mixin.py:190} INFO - [2024-10-17T19:41:50.707+0000] {dagbag.py:588} INFO - Filling up the DagBag from /home/airflow/.local/lib/python3.12/site-packages/airflow/example_dags/example_dag_decorator.py
[2024-10-17T19:41:50.715+0000] {processor.py:925} INFO - DAG(s) 'example_dag_decorator' retrieved from /home/airflow/.local/lib/python3.12/site-packages/airflow/example_dags/example_dag_decorator.py
[2024-10-17T19:41:50.728+0000] {logging_mixin.py:190} INFO - [2024-10-17T19:41:50.727+0000] {dag.py:3239} INFO - Sync 1 DAGs
[2024-10-17T19:41:50.735+0000] {logging_mixin.py:190} INFO - [2024-10-17T19:41:50.735+0000] {dag.py:4180} INFO - Setting next_dagrun for example_dag_decorator to None, run_after=None
[2024-10-17T19:41:50.744+0000] {processor.py:208} INFO - Processing /home/airflow/.local/lib/python3.12/site-packages/airflow/example_dags/example_dag_decorator.py took 0.043 seconds
[2024-10-17T19:42:21.134+0000] {processor.py:186} INFO - Started process (PID=446) to work on /home/airflow/.local/lib/python3.12/site-packages/airflow/example_dags/example_dag_decorator.py
[2024-10-17T19:42:21.135+0000] {processor.py:914} INFO - Processing file /home/airflow/.local/lib/python3.12/site-packages/airflow/example_dags/example_dag_decorator.py for tasks to queue
[2024-10-17T19:42:21.136+0000] {logging_mixin.py:190} INFO - [2024-10-17T19:42:21.136+0000] {dagbag.py:588} INFO - Filling up the DagBag from /home/airflow/.local/lib/python3.12/site-packages/airflow/example_dags/example_dag_decorator.py
[2024-10-17T19:42:21.144+0000] {processor.py:925} INFO - DAG(s) 'example_dag_decorator' retrieved from /home/airflow/.local/lib/python3.12/site-packages/airflow/example_dags/example_dag_decorator.py
[2024-10-17T19:42:21.202+0000] {logging_mixin.py:190} INFO - [2024-10-17T19:42:21.202+0000] {dag.py:3239} INFO - Sync 1 DAGs
[2024-10-17T19:42:21.208+0000] {logging_mixin.py:190} INFO - [2024-10-17T19:42:21.208+0000] {dag.py:4180} INFO - Setting next_dagrun for example_dag_decorator to None, run_after=None
[2024-10-17T19:42:21.217+0000] {processor.py:208} INFO - Processing /home/airflow/.local/lib/python3.12/site-packages/airflow/example_dags/example_dag_decorator.py took 0.087 seconds
[2024-10-17T19:43:59.984+0000] {processor.py:186} INFO - Started process (PID=68) to work on /home/airflow/.local/lib/python3.12/site-packages/airflow/example_dags/example_dag_decorator.py
[2024-10-17T19:43:59.985+0000] {processor.py:914} INFO - Processing file /home/airflow/.local/lib/python3.12/site-packages/airflow/example_dags/example_dag_decorator.py for tasks to queue
[2024-10-17T19:43:59.986+0000] {logging_mixin.py:190} INFO - [2024-10-17T19:43:59.986+0000] {dagbag.py:588} INFO - Filling up the DagBag from /home/airflow/.local/lib/python3.12/site-packages/airflow/example_dags/example_dag_decorator.py
[2024-10-17T19:43:59.999+0000] {processor.py:925} INFO - DAG(s) 'example_dag_decorator' retrieved from /home/airflow/.local/lib/python3.12/site-packages/airflow/example_dags/example_dag_decorator.py
[2024-10-17T19:44:00.054+0000] {logging_mixin.py:190} INFO - [2024-10-17T19:44:00.054+0000] {override.py:1900} INFO - Created Permission View: can delete on DAG:example_dag_decorator
[2024-10-17T19:44:00.059+0000] {logging_mixin.py:190} INFO - [2024-10-17T19:44:00.058+0000] {override.py:1900} INFO - Created Permission View: can edit on DAG:example_dag_decorator
[2024-10-17T19:44:00.061+0000] {logging_mixin.py:190} INFO - [2024-10-17T19:44:00.061+0000] {override.py:1900} INFO - Created Permission View: can read on DAG:example_dag_decorator
[2024-10-17T19:44:00.064+0000] {logging_mixin.py:190} INFO - [2024-10-17T19:44:00.064+0000] {override.py:1900} INFO - Created Permission View: can delete on DAG Run:example_dag_decorator
[2024-10-17T19:44:00.067+0000] {logging_mixin.py:190} INFO - [2024-10-17T19:44:00.067+0000] {override.py:1900} INFO - Created Permission View: can create on DAG Run:example_dag_decorator
[2024-10-17T19:44:00.069+0000] {logging_mixin.py:190} INFO - [2024-10-17T19:44:00.069+0000] {override.py:1900} INFO - Created Permission View: menu access on DAG Run:example_dag_decorator
[2024-10-17T19:44:00.072+0000] {logging_mixin.py:190} INFO - [2024-10-17T19:44:00.072+0000] {override.py:1900} INFO - Created Permission View: can read on DAG Run:example_dag_decorator
[2024-10-17T19:44:00.072+0000] {logging_mixin.py:190} INFO - [2024-10-17T19:44:00.072+0000] {dag.py:3239} INFO - Sync 1 DAGs
[2024-10-17T19:44:00.078+0000] {logging_mixin.py:190} INFO - [2024-10-17T19:44:00.078+0000] {dag.py:3262} INFO - Creating ORM DAG for example_dag_decorator
[2024-10-17T19:44:00.079+0000] {logging_mixin.py:190} INFO - [2024-10-17T19:44:00.079+0000] {dag.py:4180} INFO - Setting next_dagrun for example_dag_decorator to None, run_after=None
[2024-10-17T19:44:00.086+0000] {processor.py:208} INFO - Processing /home/airflow/.local/lib/python3.12/site-packages/airflow/example_dags/example_dag_decorator.py took 0.106 seconds
[2024-10-17T19:44:30.923+0000] {processor.py:186} INFO - Started process (PID=131) to work on /home/airflow/.local/lib/python3.12/site-packages/airflow/example_dags/example_dag_decorator.py
[2024-10-17T19:44:30.924+0000] {processor.py:914} INFO - Processing file /home/airflow/.local/lib/python3.12/site-packages/airflow/example_dags/example_dag_decorator.py for tasks to queue
[2024-10-17T19:44:30.925+0000] {logging_mixin.py:190} INFO - [2024-10-17T19:44:30.925+0000] {dagbag.py:588} INFO - Filling up the DagBag from /home/airflow/.local/lib/python3.12/site-packages/airflow/example_dags/example_dag_decorator.py
[2024-10-17T19:44:30.933+0000] {processor.py:925} INFO - DAG(s) 'example_dag_decorator' retrieved from /home/airflow/.local/lib/python3.12/site-packages/airflow/example_dags/example_dag_decorator.py
[2024-10-17T19:44:30.990+0000] {logging_mixin.py:190} INFO - [2024-10-17T19:44:30.990+0000] {dag.py:3239} INFO - Sync 1 DAGs
[2024-10-17T19:44:30.996+0000] {logging_mixin.py:190} INFO - [2024-10-17T19:44:30.996+0000] {dag.py:4180} INFO - Setting next_dagrun for example_dag_decorator to None, run_after=None
[2024-10-17T19:44:31.004+0000] {processor.py:208} INFO - Processing /home/airflow/.local/lib/python3.12/site-packages/airflow/example_dags/example_dag_decorator.py took 0.085 seconds
[2024-10-17T19:45:01.487+0000] {processor.py:186} INFO - Started process (PID=194) to work on /home/airflow/.local/lib/python3.12/site-packages/airflow/example_dags/example_dag_decorator.py
[2024-10-17T19:45:01.488+0000] {processor.py:914} INFO - Processing file /home/airflow/.local/lib/python3.12/site-packages/airflow/example_dags/example_dag_decorator.py for tasks to queue
[2024-10-17T19:45:01.490+0000] {logging_mixin.py:190} INFO - [2024-10-17T19:45:01.489+0000] {dagbag.py:588} INFO - Filling up the DagBag from /home/airflow/.local/lib/python3.12/site-packages/airflow/example_dags/example_dag_decorator.py
[2024-10-17T19:45:01.497+0000] {processor.py:925} INFO - DAG(s) 'example_dag_decorator' retrieved from /home/airflow/.local/lib/python3.12/site-packages/airflow/example_dags/example_dag_decorator.py
[2024-10-17T19:45:01.558+0000] {logging_mixin.py:190} INFO - [2024-10-17T19:45:01.558+0000] {dag.py:3239} INFO - Sync 1 DAGs
[2024-10-17T19:45:01.564+0000] {logging_mixin.py:190} INFO - [2024-10-17T19:45:01.564+0000] {dag.py:4180} INFO - Setting next_dagrun for example_dag_decorator to None, run_after=None
[2024-10-17T19:45:01.572+0000] {processor.py:208} INFO - Processing /home/airflow/.local/lib/python3.12/site-packages/airflow/example_dags/example_dag_decorator.py took 0.088 seconds
[2024-10-17T19:45:32.074+0000] {processor.py:186} INFO - Started process (PID=257) to work on /home/airflow/.local/lib/python3.12/site-packages/airflow/example_dags/example_dag_decorator.py
[2024-10-17T19:45:32.075+0000] {processor.py:914} INFO - Processing file /home/airflow/.local/lib/python3.12/site-packages/airflow/example_dags/example_dag_decorator.py for tasks to queue
[2024-10-17T19:45:32.076+0000] {logging_mixin.py:190} INFO - [2024-10-17T19:45:32.076+0000] {dagbag.py:588} INFO - Filling up the DagBag from /home/airflow/.local/lib/python3.12/site-packages/airflow/example_dags/example_dag_decorator.py
[2024-10-17T19:45:32.084+0000] {processor.py:925} INFO - DAG(s) 'example_dag_decorator' retrieved from /home/airflow/.local/lib/python3.12/site-packages/airflow/example_dags/example_dag_decorator.py
[2024-10-17T19:45:32.146+0000] {logging_mixin.py:190} INFO - [2024-10-17T19:45:32.145+0000] {dag.py:3239} INFO - Sync 1 DAGs
[2024-10-17T19:45:32.152+0000] {logging_mixin.py:190} INFO - [2024-10-17T19:45:32.152+0000] {dag.py:4180} INFO - Setting next_dagrun for example_dag_decorator to None, run_after=None
[2024-10-17T19:45:32.161+0000] {processor.py:208} INFO - Processing /home/airflow/.local/lib/python3.12/site-packages/airflow/example_dags/example_dag_decorator.py took 0.091 seconds
[2024-10-17T19:46:02.614+0000] {processor.py:186} INFO - Started process (PID=320) to work on /home/airflow/.local/lib/python3.12/site-packages/airflow/example_dags/example_dag_decorator.py
[2024-10-17T19:46:02.615+0000] {processor.py:914} INFO - Processing file /home/airflow/.local/lib/python3.12/site-packages/airflow/example_dags/example_dag_decorator.py for tasks to queue
[2024-10-17T19:46:02.616+0000] {logging_mixin.py:190} INFO - [2024-10-17T19:46:02.616+0000] {dagbag.py:588} INFO - Filling up the DagBag from /home/airflow/.local/lib/python3.12/site-packages/airflow/example_dags/example_dag_decorator.py
[2024-10-17T19:46:02.624+0000] {processor.py:925} INFO - DAG(s) 'example_dag_decorator' retrieved from /home/airflow/.local/lib/python3.12/site-packages/airflow/example_dags/example_dag_decorator.py
[2024-10-17T19:46:02.686+0000] {logging_mixin.py:190} INFO - [2024-10-17T19:46:02.685+0000] {dag.py:3239} INFO - Sync 1 DAGs
[2024-10-17T19:46:02.693+0000] {logging_mixin.py:190} INFO - [2024-10-17T19:46:02.693+0000] {dag.py:4180} INFO - Setting next_dagrun for example_dag_decorator to None, run_after=None
[2024-10-17T19:46:02.703+0000] {processor.py:208} INFO - Processing /home/airflow/.local/lib/python3.12/site-packages/airflow/example_dags/example_dag_decorator.py took 0.093 seconds
[2024-10-17T19:46:33.011+0000] {processor.py:186} INFO - Started process (PID=383) to work on /home/airflow/.local/lib/python3.12/site-packages/airflow/example_dags/example_dag_decorator.py
[2024-10-17T19:46:33.012+0000] {processor.py:914} INFO - Processing file /home/airflow/.local/lib/python3.12/site-packages/airflow/example_dags/example_dag_decorator.py for tasks to queue
[2024-10-17T19:46:33.014+0000] {logging_mixin.py:190} INFO - [2024-10-17T19:46:33.013+0000] {dagbag.py:588} INFO - Filling up the DagBag from /home/airflow/.local/lib/python3.12/site-packages/airflow/example_dags/example_dag_decorator.py
[2024-10-17T19:46:33.021+0000] {processor.py:925} INFO - DAG(s) 'example_dag_decorator' retrieved from /home/airflow/.local/lib/python3.12/site-packages/airflow/example_dags/example_dag_decorator.py
[2024-10-17T19:46:33.090+0000] {logging_mixin.py:190} INFO - [2024-10-17T19:46:33.090+0000] {dag.py:3239} INFO - Sync 1 DAGs
[2024-10-17T19:46:33.096+0000] {logging_mixin.py:190} INFO - [2024-10-17T19:46:33.096+0000] {dag.py:4180} INFO - Setting next_dagrun for example_dag_decorator to None, run_after=None
[2024-10-17T19:46:33.105+0000] {processor.py:208} INFO - Processing /home/airflow/.local/lib/python3.12/site-packages/airflow/example_dags/example_dag_decorator.py took 0.097 seconds
[2024-10-17T19:47:03.531+0000] {processor.py:186} INFO - Started process (PID=446) to work on /home/airflow/.local/lib/python3.12/site-packages/airflow/example_dags/example_dag_decorator.py
[2024-10-17T19:47:03.532+0000] {processor.py:914} INFO - Processing file /home/airflow/.local/lib/python3.12/site-packages/airflow/example_dags/example_dag_decorator.py for tasks to queue
[2024-10-17T19:47:03.534+0000] {logging_mixin.py:190} INFO - [2024-10-17T19:47:03.534+0000] {dagbag.py:588} INFO - Filling up the DagBag from /home/airflow/.local/lib/python3.12/site-packages/airflow/example_dags/example_dag_decorator.py
[2024-10-17T19:47:03.541+0000] {processor.py:925} INFO - DAG(s) 'example_dag_decorator' retrieved from /home/airflow/.local/lib/python3.12/site-packages/airflow/example_dags/example_dag_decorator.py
[2024-10-17T19:47:03.606+0000] {logging_mixin.py:190} INFO - [2024-10-17T19:47:03.606+0000] {dag.py:3239} INFO - Sync 1 DAGs
[2024-10-17T19:47:03.613+0000] {logging_mixin.py:190} INFO - [2024-10-17T19:47:03.613+0000] {dag.py:4180} INFO - Setting next_dagrun for example_dag_decorator to None, run_after=None
[2024-10-17T19:47:03.622+0000] {processor.py:208} INFO - Processing /home/airflow/.local/lib/python3.12/site-packages/airflow/example_dags/example_dag_decorator.py took 0.095 seconds
[2024-10-17T19:47:34.158+0000] {processor.py:186} INFO - Started process (PID=509) to work on /home/airflow/.local/lib/python3.12/site-packages/airflow/example_dags/example_dag_decorator.py
[2024-10-17T19:47:34.159+0000] {processor.py:914} INFO - Processing file /home/airflow/.local/lib/python3.12/site-packages/airflow/example_dags/example_dag_decorator.py for tasks to queue
[2024-10-17T19:47:34.160+0000] {logging_mixin.py:190} INFO - [2024-10-17T19:47:34.160+0000] {dagbag.py:588} INFO - Filling up the DagBag from /home/airflow/.local/lib/python3.12/site-packages/airflow/example_dags/example_dag_decorator.py
[2024-10-17T19:47:34.168+0000] {processor.py:925} INFO - DAG(s) 'example_dag_decorator' retrieved from /home/airflow/.local/lib/python3.12/site-packages/airflow/example_dags/example_dag_decorator.py
[2024-10-17T19:47:34.233+0000] {logging_mixin.py:190} INFO - [2024-10-17T19:47:34.233+0000] {dag.py:3239} INFO - Sync 1 DAGs
[2024-10-17T19:47:34.239+0000] {logging_mixin.py:190} INFO - [2024-10-17T19:47:34.239+0000] {dag.py:4180} INFO - Setting next_dagrun for example_dag_decorator to None, run_after=None
[2024-10-17T19:47:34.249+0000] {processor.py:208} INFO - Processing /home/airflow/.local/lib/python3.12/site-packages/airflow/example_dags/example_dag_decorator.py took 0.095 seconds
[2024-10-17T19:48:04.632+0000] {processor.py:186} INFO - Started process (PID=572) to work on /home/airflow/.local/lib/python3.12/site-packages/airflow/example_dags/example_dag_decorator.py
[2024-10-17T19:48:04.632+0000] {processor.py:914} INFO - Processing file /home/airflow/.local/lib/python3.12/site-packages/airflow/example_dags/example_dag_decorator.py for tasks to queue
[2024-10-17T19:48:04.634+0000] {logging_mixin.py:190} INFO - [2024-10-17T19:48:04.633+0000] {dagbag.py:588} INFO - Filling up the DagBag from /home/airflow/.local/lib/python3.12/site-packages/airflow/example_dags/example_dag_decorator.py
[2024-10-17T19:48:04.640+0000] {processor.py:925} INFO - DAG(s) 'example_dag_decorator' retrieved from /home/airflow/.local/lib/python3.12/site-packages/airflow/example_dags/example_dag_decorator.py
[2024-10-17T19:48:04.701+0000] {logging_mixin.py:190} INFO - [2024-10-17T19:48:04.700+0000] {dag.py:3239} INFO - Sync 1 DAGs
[2024-10-17T19:48:04.706+0000] {logging_mixin.py:190} INFO - [2024-10-17T19:48:04.706+0000] {dag.py:4180} INFO - Setting next_dagrun for example_dag_decorator to None, run_after=None
[2024-10-17T19:48:04.715+0000] {processor.py:208} INFO - Processing /home/airflow/.local/lib/python3.12/site-packages/airflow/example_dags/example_dag_decorator.py took 0.087 seconds
