[2024-10-17T17:10:33.958+0000] {processor.py:186} INFO - Started process (PID=62) to work on /home/airflow/.local/lib/python3.12/site-packages/airflow/example_dags/example_branch_operator_decorator.py
[2024-10-17T17:10:33.958+0000] {processor.py:914} INFO - Processing file /home/airflow/.local/lib/python3.12/site-packages/airflow/example_dags/example_branch_operator_decorator.py for tasks to queue
[2024-10-17T17:10:33.961+0000] {logging_mixin.py:190} INFO - [2024-10-17T17:10:33.961+0000] {dagbag.py:588} INFO - Filling up the DagBag from /home/airflow/.local/lib/python3.12/site-packages/airflow/example_dags/example_branch_operator_decorator.py
[2024-10-17T17:10:33.975+0000] {processor.py:925} INFO - DAG(s) 'example_branch_python_operator_decorator' retrieved from /home/airflow/.local/lib/python3.12/site-packages/airflow/example_dags/example_branch_operator_decorator.py
[2024-10-17T17:10:34.037+0000] {logging_mixin.py:190} INFO - [2024-10-17T17:10:34.036+0000] {override.py:1900} INFO - Created Permission View: can delete on DAG:example_branch_python_operator_decorator
[2024-10-17T17:10:34.041+0000] {logging_mixin.py:190} INFO - [2024-10-17T17:10:34.041+0000] {override.py:1900} INFO - Created Permission View: can edit on DAG:example_branch_python_operator_decorator
[2024-10-17T17:10:34.044+0000] {logging_mixin.py:190} INFO - [2024-10-17T17:10:34.043+0000] {override.py:1900} INFO - Created Permission View: can read on DAG:example_branch_python_operator_decorator
[2024-10-17T17:10:34.047+0000] {logging_mixin.py:190} INFO - [2024-10-17T17:10:34.046+0000] {override.py:1900} INFO - Created Permission View: can create on DAG Run:example_branch_python_operator_decorator
[2024-10-17T17:10:34.049+0000] {logging_mixin.py:190} INFO - [2024-10-17T17:10:34.049+0000] {override.py:1900} INFO - Created Permission View: can delete on DAG Run:example_branch_python_operator_decorator
[2024-10-17T17:10:34.052+0000] {logging_mixin.py:190} INFO - [2024-10-17T17:10:34.052+0000] {override.py:1900} INFO - Created Permission View: can read on DAG Run:example_branch_python_operator_decorator
[2024-10-17T17:10:34.055+0000] {logging_mixin.py:190} INFO - [2024-10-17T17:10:34.055+0000] {override.py:1900} INFO - Created Permission View: menu access on DAG Run:example_branch_python_operator_decorator
[2024-10-17T17:10:34.055+0000] {logging_mixin.py:190} INFO - [2024-10-17T17:10:34.055+0000] {dag.py:3239} INFO - Sync 1 DAGs
[2024-10-17T17:10:34.062+0000] {logging_mixin.py:190} INFO - [2024-10-17T17:10:34.061+0000] {dag.py:3262} INFO - Creating ORM DAG for example_branch_python_operator_decorator
[2024-10-17T17:10:34.067+0000] {logging_mixin.py:190} INFO - [2024-10-17T17:10:34.067+0000] {dag.py:4180} INFO - Setting next_dagrun for example_branch_python_operator_decorator to 2024-10-16 00:00:00+00:00, run_after=2024-10-17 00:00:00+00:00
[2024-10-17T17:10:34.076+0000] {processor.py:208} INFO - Processing /home/airflow/.local/lib/python3.12/site-packages/airflow/example_dags/example_branch_operator_decorator.py took 0.124 seconds
[2024-10-17T17:11:05.047+0000] {processor.py:186} INFO - Started process (PID=124) to work on /home/airflow/.local/lib/python3.12/site-packages/airflow/example_dags/example_branch_operator_decorator.py
[2024-10-17T17:11:05.048+0000] {processor.py:914} INFO - Processing file /home/airflow/.local/lib/python3.12/site-packages/airflow/example_dags/example_branch_operator_decorator.py for tasks to queue
[2024-10-17T17:11:05.050+0000] {logging_mixin.py:190} INFO - [2024-10-17T17:11:05.049+0000] {dagbag.py:588} INFO - Filling up the DagBag from /home/airflow/.local/lib/python3.12/site-packages/airflow/example_dags/example_branch_operator_decorator.py
[2024-10-17T17:11:05.062+0000] {processor.py:925} INFO - DAG(s) 'example_branch_python_operator_decorator' retrieved from /home/airflow/.local/lib/python3.12/site-packages/airflow/example_dags/example_branch_operator_decorator.py
[2024-10-17T17:11:05.077+0000] {logging_mixin.py:190} INFO - [2024-10-17T17:11:05.077+0000] {dag.py:3239} INFO - Sync 1 DAGs
[2024-10-17T17:11:05.088+0000] {logging_mixin.py:190} INFO - [2024-10-17T17:11:05.088+0000] {dag.py:4180} INFO - Setting next_dagrun for example_branch_python_operator_decorator to 2024-10-16 00:00:00+00:00, run_after=2024-10-17 00:00:00+00:00
[2024-10-17T17:11:05.097+0000] {processor.py:208} INFO - Processing /home/airflow/.local/lib/python3.12/site-packages/airflow/example_dags/example_branch_operator_decorator.py took 0.054 seconds
[2024-10-17T17:11:35.267+0000] {processor.py:186} INFO - Started process (PID=186) to work on /home/airflow/.local/lib/python3.12/site-packages/airflow/example_dags/example_branch_operator_decorator.py
[2024-10-17T17:11:35.268+0000] {processor.py:914} INFO - Processing file /home/airflow/.local/lib/python3.12/site-packages/airflow/example_dags/example_branch_operator_decorator.py for tasks to queue
[2024-10-17T17:11:35.271+0000] {logging_mixin.py:190} INFO - [2024-10-17T17:11:35.271+0000] {dagbag.py:588} INFO - Filling up the DagBag from /home/airflow/.local/lib/python3.12/site-packages/airflow/example_dags/example_branch_operator_decorator.py
[2024-10-17T17:11:35.286+0000] {processor.py:925} INFO - DAG(s) 'example_branch_python_operator_decorator' retrieved from /home/airflow/.local/lib/python3.12/site-packages/airflow/example_dags/example_branch_operator_decorator.py
[2024-10-17T17:11:35.302+0000] {logging_mixin.py:190} INFO - [2024-10-17T17:11:35.302+0000] {dag.py:3239} INFO - Sync 1 DAGs
[2024-10-17T17:11:35.313+0000] {logging_mixin.py:190} INFO - [2024-10-17T17:11:35.313+0000] {dag.py:4180} INFO - Setting next_dagrun for example_branch_python_operator_decorator to 2024-10-16 00:00:00+00:00, run_after=2024-10-17 00:00:00+00:00
[2024-10-17T17:11:35.322+0000] {processor.py:208} INFO - Processing /home/airflow/.local/lib/python3.12/site-packages/airflow/example_dags/example_branch_operator_decorator.py took 0.061 seconds
[2024-10-17T17:12:05.769+0000] {processor.py:186} INFO - Started process (PID=248) to work on /home/airflow/.local/lib/python3.12/site-packages/airflow/example_dags/example_branch_operator_decorator.py
[2024-10-17T17:12:05.770+0000] {processor.py:914} INFO - Processing file /home/airflow/.local/lib/python3.12/site-packages/airflow/example_dags/example_branch_operator_decorator.py for tasks to queue
[2024-10-17T17:12:05.771+0000] {logging_mixin.py:190} INFO - [2024-10-17T17:12:05.771+0000] {dagbag.py:588} INFO - Filling up the DagBag from /home/airflow/.local/lib/python3.12/site-packages/airflow/example_dags/example_branch_operator_decorator.py
[2024-10-17T17:12:05.784+0000] {processor.py:925} INFO - DAG(s) 'example_branch_python_operator_decorator' retrieved from /home/airflow/.local/lib/python3.12/site-packages/airflow/example_dags/example_branch_operator_decorator.py
[2024-10-17T17:12:05.802+0000] {logging_mixin.py:190} INFO - [2024-10-17T17:12:05.802+0000] {dag.py:3239} INFO - Sync 1 DAGs
[2024-10-17T17:12:05.822+0000] {logging_mixin.py:190} INFO - [2024-10-17T17:12:05.821+0000] {dag.py:4180} INFO - Setting next_dagrun for example_branch_python_operator_decorator to 2024-10-16 00:00:00+00:00, run_after=2024-10-17 00:00:00+00:00
[2024-10-17T17:12:05.836+0000] {processor.py:208} INFO - Processing /home/airflow/.local/lib/python3.12/site-packages/airflow/example_dags/example_branch_operator_decorator.py took 0.071 seconds
