[2024-10-17T17:10:33.346+0000] {processor.py:186} INFO - Started process (PID=52) to work on /home/airflow/.local/lib/python3.12/site-packages/airflow/example_dags/example_latest_only_with_trigger.py
[2024-10-17T17:10:33.347+0000] {processor.py:914} INFO - Processing file /home/airflow/.local/lib/python3.12/site-packages/airflow/example_dags/example_latest_only_with_trigger.py for tasks to queue
[2024-10-17T17:10:33.348+0000] {logging_mixin.py:190} INFO - [2024-10-17T17:10:33.348+0000] {dagbag.py:588} INFO - Filling up the DagBag from /home/airflow/.local/lib/python3.12/site-packages/airflow/example_dags/example_latest_only_with_trigger.py
[2024-10-17T17:10:33.355+0000] {processor.py:925} INFO - DAG(s) 'latest_only_with_trigger' retrieved from /home/airflow/.local/lib/python3.12/site-packages/airflow/example_dags/example_latest_only_with_trigger.py
[2024-10-17T17:10:33.410+0000] {logging_mixin.py:190} INFO - [2024-10-17T17:10:33.409+0000] {override.py:1900} INFO - Created Permission View: can delete on DAG:latest_only_with_trigger
[2024-10-17T17:10:33.414+0000] {logging_mixin.py:190} INFO - [2024-10-17T17:10:33.414+0000] {override.py:1900} INFO - Created Permission View: can edit on DAG:latest_only_with_trigger
[2024-10-17T17:10:33.417+0000] {logging_mixin.py:190} INFO - [2024-10-17T17:10:33.417+0000] {override.py:1900} INFO - Created Permission View: can read on DAG:latest_only_with_trigger
[2024-10-17T17:10:33.421+0000] {logging_mixin.py:190} INFO - [2024-10-17T17:10:33.420+0000] {override.py:1900} INFO - Created Permission View: can create on DAG Run:latest_only_with_trigger
[2024-10-17T17:10:33.423+0000] {logging_mixin.py:190} INFO - [2024-10-17T17:10:33.423+0000] {override.py:1900} INFO - Created Permission View: can delete on DAG Run:latest_only_with_trigger
[2024-10-17T17:10:33.426+0000] {logging_mixin.py:190} INFO - [2024-10-17T17:10:33.426+0000] {override.py:1900} INFO - Created Permission View: can read on DAG Run:latest_only_with_trigger
[2024-10-17T17:10:33.429+0000] {logging_mixin.py:190} INFO - [2024-10-17T17:10:33.429+0000] {override.py:1900} INFO - Created Permission View: menu access on DAG Run:latest_only_with_trigger
[2024-10-17T17:10:33.429+0000] {logging_mixin.py:190} INFO - [2024-10-17T17:10:33.429+0000] {dag.py:3239} INFO - Sync 1 DAGs
[2024-10-17T17:10:33.435+0000] {logging_mixin.py:190} INFO - [2024-10-17T17:10:33.435+0000] {dag.py:3262} INFO - Creating ORM DAG for latest_only_with_trigger
[2024-10-17T17:10:33.440+0000] {logging_mixin.py:190} INFO - [2024-10-17T17:10:33.440+0000] {dag.py:4180} INFO - Setting next_dagrun for latest_only_with_trigger to 2024-10-17 12:00:00+00:00, run_after=2024-10-17 16:00:00+00:00
[2024-10-17T17:10:33.449+0000] {processor.py:208} INFO - Processing /home/airflow/.local/lib/python3.12/site-packages/airflow/example_dags/example_latest_only_with_trigger.py took 0.107 seconds
[2024-10-17T17:11:03.753+0000] {processor.py:186} INFO - Started process (PID=114) to work on /home/airflow/.local/lib/python3.12/site-packages/airflow/example_dags/example_latest_only_with_trigger.py
[2024-10-17T17:11:03.753+0000] {processor.py:914} INFO - Processing file /home/airflow/.local/lib/python3.12/site-packages/airflow/example_dags/example_latest_only_with_trigger.py for tasks to queue
[2024-10-17T17:11:03.755+0000] {logging_mixin.py:190} INFO - [2024-10-17T17:11:03.755+0000] {dagbag.py:588} INFO - Filling up the DagBag from /home/airflow/.local/lib/python3.12/site-packages/airflow/example_dags/example_latest_only_with_trigger.py
[2024-10-17T17:11:03.763+0000] {processor.py:925} INFO - DAG(s) 'latest_only_with_trigger' retrieved from /home/airflow/.local/lib/python3.12/site-packages/airflow/example_dags/example_latest_only_with_trigger.py
[2024-10-17T17:11:03.774+0000] {logging_mixin.py:190} INFO - [2024-10-17T17:11:03.774+0000] {dag.py:3239} INFO - Sync 1 DAGs
[2024-10-17T17:11:03.785+0000] {logging_mixin.py:190} INFO - [2024-10-17T17:11:03.785+0000] {dag.py:4180} INFO - Setting next_dagrun for latest_only_with_trigger to 2024-10-17 12:00:00+00:00, run_after=2024-10-17 16:00:00+00:00
[2024-10-17T17:11:03.794+0000] {processor.py:208} INFO - Processing /home/airflow/.local/lib/python3.12/site-packages/airflow/example_dags/example_latest_only_with_trigger.py took 0.045 seconds
[2024-10-17T17:11:33.970+0000] {processor.py:186} INFO - Started process (PID=176) to work on /home/airflow/.local/lib/python3.12/site-packages/airflow/example_dags/example_latest_only_with_trigger.py
[2024-10-17T17:11:33.971+0000] {processor.py:914} INFO - Processing file /home/airflow/.local/lib/python3.12/site-packages/airflow/example_dags/example_latest_only_with_trigger.py for tasks to queue
[2024-10-17T17:11:33.972+0000] {logging_mixin.py:190} INFO - [2024-10-17T17:11:33.972+0000] {dagbag.py:588} INFO - Filling up the DagBag from /home/airflow/.local/lib/python3.12/site-packages/airflow/example_dags/example_latest_only_with_trigger.py
[2024-10-17T17:11:33.977+0000] {processor.py:925} INFO - DAG(s) 'latest_only_with_trigger' retrieved from /home/airflow/.local/lib/python3.12/site-packages/airflow/example_dags/example_latest_only_with_trigger.py
[2024-10-17T17:11:33.988+0000] {logging_mixin.py:190} INFO - [2024-10-17T17:11:33.988+0000] {dag.py:3239} INFO - Sync 1 DAGs
[2024-10-17T17:11:34.001+0000] {logging_mixin.py:190} INFO - [2024-10-17T17:11:34.000+0000] {dag.py:4180} INFO - Setting next_dagrun for latest_only_with_trigger to 2024-10-17 12:00:00+00:00, run_after=2024-10-17 16:00:00+00:00
[2024-10-17T17:11:34.011+0000] {processor.py:208} INFO - Processing /home/airflow/.local/lib/python3.12/site-packages/airflow/example_dags/example_latest_only_with_trigger.py took 0.044 seconds
[2024-10-17T17:12:04.423+0000] {processor.py:186} INFO - Started process (PID=238) to work on /home/airflow/.local/lib/python3.12/site-packages/airflow/example_dags/example_latest_only_with_trigger.py
[2024-10-17T17:12:04.424+0000] {processor.py:914} INFO - Processing file /home/airflow/.local/lib/python3.12/site-packages/airflow/example_dags/example_latest_only_with_trigger.py for tasks to queue
[2024-10-17T17:12:04.426+0000] {logging_mixin.py:190} INFO - [2024-10-17T17:12:04.425+0000] {dagbag.py:588} INFO - Filling up the DagBag from /home/airflow/.local/lib/python3.12/site-packages/airflow/example_dags/example_latest_only_with_trigger.py
[2024-10-17T17:12:04.430+0000] {processor.py:925} INFO - DAG(s) 'latest_only_with_trigger' retrieved from /home/airflow/.local/lib/python3.12/site-packages/airflow/example_dags/example_latest_only_with_trigger.py
[2024-10-17T17:12:04.442+0000] {logging_mixin.py:190} INFO - [2024-10-17T17:12:04.442+0000] {dag.py:3239} INFO - Sync 1 DAGs
[2024-10-17T17:12:04.455+0000] {logging_mixin.py:190} INFO - [2024-10-17T17:12:04.455+0000] {dag.py:4180} INFO - Setting next_dagrun for latest_only_with_trigger to 2024-10-17 12:00:00+00:00, run_after=2024-10-17 16:00:00+00:00
[2024-10-17T17:12:04.465+0000] {processor.py:208} INFO - Processing /home/airflow/.local/lib/python3.12/site-packages/airflow/example_dags/example_latest_only_with_trigger.py took 0.046 seconds
[2024-10-17T19:26:34.638+0000] {processor.py:186} INFO - Started process (PID=71) to work on /home/airflow/.local/lib/python3.12/site-packages/airflow/example_dags/example_latest_only_with_trigger.py
[2024-10-17T19:26:34.639+0000] {processor.py:914} INFO - Processing file /home/airflow/.local/lib/python3.12/site-packages/airflow/example_dags/example_latest_only_with_trigger.py for tasks to queue
[2024-10-17T19:26:34.641+0000] {logging_mixin.py:190} INFO - [2024-10-17T19:26:34.641+0000] {dagbag.py:588} INFO - Filling up the DagBag from /home/airflow/.local/lib/python3.12/site-packages/airflow/example_dags/example_latest_only_with_trigger.py
[2024-10-17T19:26:34.647+0000] {processor.py:925} INFO - DAG(s) 'latest_only_with_trigger' retrieved from /home/airflow/.local/lib/python3.12/site-packages/airflow/example_dags/example_latest_only_with_trigger.py
[2024-10-17T19:26:34.704+0000] {logging_mixin.py:190} INFO - [2024-10-17T19:26:34.704+0000] {override.py:1900} INFO - Created Permission View: can edit on DAG:latest_only_with_trigger
[2024-10-17T19:26:34.709+0000] {logging_mixin.py:190} INFO - [2024-10-17T19:26:34.709+0000] {override.py:1900} INFO - Created Permission View: can delete on DAG:latest_only_with_trigger
[2024-10-17T19:26:34.712+0000] {logging_mixin.py:190} INFO - [2024-10-17T19:26:34.711+0000] {override.py:1900} INFO - Created Permission View: can read on DAG:latest_only_with_trigger
[2024-10-17T19:26:34.714+0000] {logging_mixin.py:190} INFO - [2024-10-17T19:26:34.714+0000] {override.py:1900} INFO - Created Permission View: can delete on DAG Run:latest_only_with_trigger
[2024-10-17T19:26:34.717+0000] {logging_mixin.py:190} INFO - [2024-10-17T19:26:34.717+0000] {override.py:1900} INFO - Created Permission View: can create on DAG Run:latest_only_with_trigger
[2024-10-17T19:26:34.721+0000] {logging_mixin.py:190} INFO - [2024-10-17T19:26:34.721+0000] {override.py:1900} INFO - Created Permission View: can read on DAG Run:latest_only_with_trigger
[2024-10-17T19:26:34.723+0000] {logging_mixin.py:190} INFO - [2024-10-17T19:26:34.723+0000] {override.py:1900} INFO - Created Permission View: menu access on DAG Run:latest_only_with_trigger
[2024-10-17T19:26:34.724+0000] {logging_mixin.py:190} INFO - [2024-10-17T19:26:34.724+0000] {dag.py:3239} INFO - Sync 1 DAGs
[2024-10-17T19:26:34.730+0000] {logging_mixin.py:190} INFO - [2024-10-17T19:26:34.729+0000] {dag.py:3262} INFO - Creating ORM DAG for latest_only_with_trigger
[2024-10-17T19:26:34.734+0000] {logging_mixin.py:190} INFO - [2024-10-17T19:26:34.734+0000] {dag.py:4180} INFO - Setting next_dagrun for latest_only_with_trigger to 2024-10-17 12:00:00+00:00, run_after=2024-10-17 16:00:00+00:00
[2024-10-17T19:26:34.743+0000] {processor.py:208} INFO - Processing /home/airflow/.local/lib/python3.12/site-packages/airflow/example_dags/example_latest_only_with_trigger.py took 0.111 seconds
[2024-10-17T19:27:05.258+0000] {processor.py:186} INFO - Started process (PID=134) to work on /home/airflow/.local/lib/python3.12/site-packages/airflow/example_dags/example_latest_only_with_trigger.py
[2024-10-17T19:27:05.259+0000] {processor.py:914} INFO - Processing file /home/airflow/.local/lib/python3.12/site-packages/airflow/example_dags/example_latest_only_with_trigger.py for tasks to queue
[2024-10-17T19:27:05.260+0000] {logging_mixin.py:190} INFO - [2024-10-17T19:27:05.260+0000] {dagbag.py:588} INFO - Filling up the DagBag from /home/airflow/.local/lib/python3.12/site-packages/airflow/example_dags/example_latest_only_with_trigger.py
[2024-10-17T19:27:05.265+0000] {processor.py:925} INFO - DAG(s) 'latest_only_with_trigger' retrieved from /home/airflow/.local/lib/python3.12/site-packages/airflow/example_dags/example_latest_only_with_trigger.py
[2024-10-17T19:27:05.276+0000] {logging_mixin.py:190} INFO - [2024-10-17T19:27:05.276+0000] {dag.py:3239} INFO - Sync 1 DAGs
[2024-10-17T19:27:05.288+0000] {logging_mixin.py:190} INFO - [2024-10-17T19:27:05.288+0000] {dag.py:4180} INFO - Setting next_dagrun for latest_only_with_trigger to 2024-10-17 12:00:00+00:00, run_after=2024-10-17 16:00:00+00:00
[2024-10-17T19:27:05.296+0000] {processor.py:208} INFO - Processing /home/airflow/.local/lib/python3.12/site-packages/airflow/example_dags/example_latest_only_with_trigger.py took 0.041 seconds
[2024-10-17T19:27:35.699+0000] {processor.py:186} INFO - Started process (PID=197) to work on /home/airflow/.local/lib/python3.12/site-packages/airflow/example_dags/example_latest_only_with_trigger.py
[2024-10-17T19:27:35.699+0000] {processor.py:914} INFO - Processing file /home/airflow/.local/lib/python3.12/site-packages/airflow/example_dags/example_latest_only_with_trigger.py for tasks to queue
[2024-10-17T19:27:35.701+0000] {logging_mixin.py:190} INFO - [2024-10-17T19:27:35.700+0000] {dagbag.py:588} INFO - Filling up the DagBag from /home/airflow/.local/lib/python3.12/site-packages/airflow/example_dags/example_latest_only_with_trigger.py
[2024-10-17T19:27:35.705+0000] {processor.py:925} INFO - DAG(s) 'latest_only_with_trigger' retrieved from /home/airflow/.local/lib/python3.12/site-packages/airflow/example_dags/example_latest_only_with_trigger.py
[2024-10-17T19:27:35.716+0000] {logging_mixin.py:190} INFO - [2024-10-17T19:27:35.716+0000] {dag.py:3239} INFO - Sync 1 DAGs
[2024-10-17T19:27:35.729+0000] {logging_mixin.py:190} INFO - [2024-10-17T19:27:35.729+0000] {dag.py:4180} INFO - Setting next_dagrun for latest_only_with_trigger to 2024-10-17 12:00:00+00:00, run_after=2024-10-17 16:00:00+00:00
[2024-10-17T19:27:35.738+0000] {processor.py:208} INFO - Processing /home/airflow/.local/lib/python3.12/site-packages/airflow/example_dags/example_latest_only_with_trigger.py took 0.043 seconds
[2024-10-17T19:28:06.263+0000] {processor.py:186} INFO - Started process (PID=260) to work on /home/airflow/.local/lib/python3.12/site-packages/airflow/example_dags/example_latest_only_with_trigger.py
[2024-10-17T19:28:06.264+0000] {processor.py:914} INFO - Processing file /home/airflow/.local/lib/python3.12/site-packages/airflow/example_dags/example_latest_only_with_trigger.py for tasks to queue
[2024-10-17T19:28:06.265+0000] {logging_mixin.py:190} INFO - [2024-10-17T19:28:06.265+0000] {dagbag.py:588} INFO - Filling up the DagBag from /home/airflow/.local/lib/python3.12/site-packages/airflow/example_dags/example_latest_only_with_trigger.py
[2024-10-17T19:28:06.271+0000] {processor.py:925} INFO - DAG(s) 'latest_only_with_trigger' retrieved from /home/airflow/.local/lib/python3.12/site-packages/airflow/example_dags/example_latest_only_with_trigger.py
[2024-10-17T19:28:06.283+0000] {logging_mixin.py:190} INFO - [2024-10-17T19:28:06.283+0000] {dag.py:3239} INFO - Sync 1 DAGs
[2024-10-17T19:28:06.296+0000] {logging_mixin.py:190} INFO - [2024-10-17T19:28:06.296+0000] {dag.py:4180} INFO - Setting next_dagrun for latest_only_with_trigger to 2024-10-17 12:00:00+00:00, run_after=2024-10-17 16:00:00+00:00
[2024-10-17T19:28:06.309+0000] {processor.py:208} INFO - Processing /home/airflow/.local/lib/python3.12/site-packages/airflow/example_dags/example_latest_only_with_trigger.py took 0.050 seconds
[2024-10-17T19:28:36.896+0000] {processor.py:186} INFO - Started process (PID=323) to work on /home/airflow/.local/lib/python3.12/site-packages/airflow/example_dags/example_latest_only_with_trigger.py
[2024-10-17T19:28:36.897+0000] {processor.py:914} INFO - Processing file /home/airflow/.local/lib/python3.12/site-packages/airflow/example_dags/example_latest_only_with_trigger.py for tasks to queue
[2024-10-17T19:28:36.898+0000] {logging_mixin.py:190} INFO - [2024-10-17T19:28:36.898+0000] {dagbag.py:588} INFO - Filling up the DagBag from /home/airflow/.local/lib/python3.12/site-packages/airflow/example_dags/example_latest_only_with_trigger.py
[2024-10-17T19:28:36.903+0000] {processor.py:925} INFO - DAG(s) 'latest_only_with_trigger' retrieved from /home/airflow/.local/lib/python3.12/site-packages/airflow/example_dags/example_latest_only_with_trigger.py
[2024-10-17T19:28:36.915+0000] {logging_mixin.py:190} INFO - [2024-10-17T19:28:36.915+0000] {dag.py:3239} INFO - Sync 1 DAGs
[2024-10-17T19:28:36.927+0000] {logging_mixin.py:190} INFO - [2024-10-17T19:28:36.927+0000] {dag.py:4180} INFO - Setting next_dagrun for latest_only_with_trigger to 2024-10-17 12:00:00+00:00, run_after=2024-10-17 16:00:00+00:00
[2024-10-17T19:28:36.937+0000] {processor.py:208} INFO - Processing /home/airflow/.local/lib/python3.12/site-packages/airflow/example_dags/example_latest_only_with_trigger.py took 0.044 seconds
[2024-10-17T19:29:07.674+0000] {processor.py:186} INFO - Started process (PID=386) to work on /home/airflow/.local/lib/python3.12/site-packages/airflow/example_dags/example_latest_only_with_trigger.py
[2024-10-17T19:29:07.679+0000] {processor.py:914} INFO - Processing file /home/airflow/.local/lib/python3.12/site-packages/airflow/example_dags/example_latest_only_with_trigger.py for tasks to queue
[2024-10-17T19:29:07.680+0000] {logging_mixin.py:190} INFO - [2024-10-17T19:29:07.680+0000] {dagbag.py:588} INFO - Filling up the DagBag from /home/airflow/.local/lib/python3.12/site-packages/airflow/example_dags/example_latest_only_with_trigger.py
[2024-10-17T19:29:07.686+0000] {processor.py:925} INFO - DAG(s) 'latest_only_with_trigger' retrieved from /home/airflow/.local/lib/python3.12/site-packages/airflow/example_dags/example_latest_only_with_trigger.py
[2024-10-17T19:29:07.701+0000] {logging_mixin.py:190} INFO - [2024-10-17T19:29:07.700+0000] {dag.py:3239} INFO - Sync 1 DAGs
[2024-10-17T19:29:07.714+0000] {logging_mixin.py:190} INFO - [2024-10-17T19:29:07.714+0000] {dag.py:4180} INFO - Setting next_dagrun for latest_only_with_trigger to 2024-10-17 12:00:00+00:00, run_after=2024-10-17 16:00:00+00:00
[2024-10-17T19:29:07.724+0000] {processor.py:208} INFO - Processing /home/airflow/.local/lib/python3.12/site-packages/airflow/example_dags/example_latest_only_with_trigger.py took 0.054 seconds
[2024-10-17T19:29:38.212+0000] {processor.py:186} INFO - Started process (PID=449) to work on /home/airflow/.local/lib/python3.12/site-packages/airflow/example_dags/example_latest_only_with_trigger.py
[2024-10-17T19:29:38.213+0000] {processor.py:914} INFO - Processing file /home/airflow/.local/lib/python3.12/site-packages/airflow/example_dags/example_latest_only_with_trigger.py for tasks to queue
[2024-10-17T19:29:38.214+0000] {logging_mixin.py:190} INFO - [2024-10-17T19:29:38.214+0000] {dagbag.py:588} INFO - Filling up the DagBag from /home/airflow/.local/lib/python3.12/site-packages/airflow/example_dags/example_latest_only_with_trigger.py
[2024-10-17T19:29:38.218+0000] {processor.py:925} INFO - DAG(s) 'latest_only_with_trigger' retrieved from /home/airflow/.local/lib/python3.12/site-packages/airflow/example_dags/example_latest_only_with_trigger.py
[2024-10-17T19:29:38.230+0000] {logging_mixin.py:190} INFO - [2024-10-17T19:29:38.230+0000] {dag.py:3239} INFO - Sync 1 DAGs
[2024-10-17T19:29:38.242+0000] {logging_mixin.py:190} INFO - [2024-10-17T19:29:38.242+0000] {dag.py:4180} INFO - Setting next_dagrun for latest_only_with_trigger to 2024-10-17 12:00:00+00:00, run_after=2024-10-17 16:00:00+00:00
[2024-10-17T19:29:38.251+0000] {processor.py:208} INFO - Processing /home/airflow/.local/lib/python3.12/site-packages/airflow/example_dags/example_latest_only_with_trigger.py took 0.043 seconds
[2024-10-17T19:30:08.687+0000] {processor.py:186} INFO - Started process (PID=512) to work on /home/airflow/.local/lib/python3.12/site-packages/airflow/example_dags/example_latest_only_with_trigger.py
[2024-10-17T19:30:08.687+0000] {processor.py:914} INFO - Processing file /home/airflow/.local/lib/python3.12/site-packages/airflow/example_dags/example_latest_only_with_trigger.py for tasks to queue
[2024-10-17T19:30:08.689+0000] {logging_mixin.py:190} INFO - [2024-10-17T19:30:08.689+0000] {dagbag.py:588} INFO - Filling up the DagBag from /home/airflow/.local/lib/python3.12/site-packages/airflow/example_dags/example_latest_only_with_trigger.py
[2024-10-17T19:30:08.693+0000] {processor.py:925} INFO - DAG(s) 'latest_only_with_trigger' retrieved from /home/airflow/.local/lib/python3.12/site-packages/airflow/example_dags/example_latest_only_with_trigger.py
[2024-10-17T19:30:08.705+0000] {logging_mixin.py:190} INFO - [2024-10-17T19:30:08.704+0000] {dag.py:3239} INFO - Sync 1 DAGs
[2024-10-17T19:30:08.716+0000] {logging_mixin.py:190} INFO - [2024-10-17T19:30:08.716+0000] {dag.py:4180} INFO - Setting next_dagrun for latest_only_with_trigger to 2024-10-17 12:00:00+00:00, run_after=2024-10-17 16:00:00+00:00
[2024-10-17T19:30:08.724+0000] {processor.py:208} INFO - Processing /home/airflow/.local/lib/python3.12/site-packages/airflow/example_dags/example_latest_only_with_trigger.py took 0.041 seconds
[2024-10-17T19:30:39.340+0000] {processor.py:186} INFO - Started process (PID=575) to work on /home/airflow/.local/lib/python3.12/site-packages/airflow/example_dags/example_latest_only_with_trigger.py
[2024-10-17T19:30:39.341+0000] {processor.py:914} INFO - Processing file /home/airflow/.local/lib/python3.12/site-packages/airflow/example_dags/example_latest_only_with_trigger.py for tasks to queue
[2024-10-17T19:30:39.345+0000] {logging_mixin.py:190} INFO - [2024-10-17T19:30:39.344+0000] {dagbag.py:588} INFO - Filling up the DagBag from /home/airflow/.local/lib/python3.12/site-packages/airflow/example_dags/example_latest_only_with_trigger.py
[2024-10-17T19:30:39.353+0000] {processor.py:925} INFO - DAG(s) 'latest_only_with_trigger' retrieved from /home/airflow/.local/lib/python3.12/site-packages/airflow/example_dags/example_latest_only_with_trigger.py
[2024-10-17T19:30:39.366+0000] {logging_mixin.py:190} INFO - [2024-10-17T19:30:39.366+0000] {dag.py:3239} INFO - Sync 1 DAGs
[2024-10-17T19:30:39.386+0000] {logging_mixin.py:190} INFO - [2024-10-17T19:30:39.385+0000] {dag.py:4180} INFO - Setting next_dagrun for latest_only_with_trigger to 2024-10-17 12:00:00+00:00, run_after=2024-10-17 16:00:00+00:00
[2024-10-17T19:30:39.396+0000] {processor.py:208} INFO - Processing /home/airflow/.local/lib/python3.12/site-packages/airflow/example_dags/example_latest_only_with_trigger.py took 0.060 seconds
[2024-10-17T19:31:09.809+0000] {processor.py:186} INFO - Started process (PID=638) to work on /home/airflow/.local/lib/python3.12/site-packages/airflow/example_dags/example_latest_only_with_trigger.py
[2024-10-17T19:31:09.810+0000] {processor.py:914} INFO - Processing file /home/airflow/.local/lib/python3.12/site-packages/airflow/example_dags/example_latest_only_with_trigger.py for tasks to queue
[2024-10-17T19:31:09.811+0000] {logging_mixin.py:190} INFO - [2024-10-17T19:31:09.811+0000] {dagbag.py:588} INFO - Filling up the DagBag from /home/airflow/.local/lib/python3.12/site-packages/airflow/example_dags/example_latest_only_with_trigger.py
[2024-10-17T19:31:09.816+0000] {processor.py:925} INFO - DAG(s) 'latest_only_with_trigger' retrieved from /home/airflow/.local/lib/python3.12/site-packages/airflow/example_dags/example_latest_only_with_trigger.py
[2024-10-17T19:31:09.827+0000] {logging_mixin.py:190} INFO - [2024-10-17T19:31:09.827+0000] {dag.py:3239} INFO - Sync 1 DAGs
[2024-10-17T19:31:09.839+0000] {logging_mixin.py:190} INFO - [2024-10-17T19:31:09.839+0000] {dag.py:4180} INFO - Setting next_dagrun for latest_only_with_trigger to 2024-10-17 12:00:00+00:00, run_after=2024-10-17 16:00:00+00:00
[2024-10-17T19:31:09.849+0000] {processor.py:208} INFO - Processing /home/airflow/.local/lib/python3.12/site-packages/airflow/example_dags/example_latest_only_with_trigger.py took 0.043 seconds
[2024-10-17T19:31:40.419+0000] {processor.py:186} INFO - Started process (PID=701) to work on /home/airflow/.local/lib/python3.12/site-packages/airflow/example_dags/example_latest_only_with_trigger.py
[2024-10-17T19:31:40.420+0000] {processor.py:914} INFO - Processing file /home/airflow/.local/lib/python3.12/site-packages/airflow/example_dags/example_latest_only_with_trigger.py for tasks to queue
[2024-10-17T19:31:40.421+0000] {logging_mixin.py:190} INFO - [2024-10-17T19:31:40.421+0000] {dagbag.py:588} INFO - Filling up the DagBag from /home/airflow/.local/lib/python3.12/site-packages/airflow/example_dags/example_latest_only_with_trigger.py
[2024-10-17T19:31:40.427+0000] {processor.py:925} INFO - DAG(s) 'latest_only_with_trigger' retrieved from /home/airflow/.local/lib/python3.12/site-packages/airflow/example_dags/example_latest_only_with_trigger.py
[2024-10-17T19:31:40.439+0000] {logging_mixin.py:190} INFO - [2024-10-17T19:31:40.439+0000] {dag.py:3239} INFO - Sync 1 DAGs
[2024-10-17T19:31:40.456+0000] {logging_mixin.py:190} INFO - [2024-10-17T19:31:40.456+0000] {dag.py:4180} INFO - Setting next_dagrun for latest_only_with_trigger to 2024-10-17 12:00:00+00:00, run_after=2024-10-17 16:00:00+00:00
[2024-10-17T19:31:40.465+0000] {processor.py:208} INFO - Processing /home/airflow/.local/lib/python3.12/site-packages/airflow/example_dags/example_latest_only_with_trigger.py took 0.051 seconds
[2024-10-17T19:33:31.927+0000] {processor.py:186} INFO - Started process (PID=71) to work on /home/airflow/.local/lib/python3.12/site-packages/airflow/example_dags/example_latest_only_with_trigger.py
[2024-10-17T19:33:31.928+0000] {processor.py:914} INFO - Processing file /home/airflow/.local/lib/python3.12/site-packages/airflow/example_dags/example_latest_only_with_trigger.py for tasks to queue
[2024-10-17T19:33:31.930+0000] {logging_mixin.py:190} INFO - [2024-10-17T19:33:31.929+0000] {dagbag.py:588} INFO - Filling up the DagBag from /home/airflow/.local/lib/python3.12/site-packages/airflow/example_dags/example_latest_only_with_trigger.py
[2024-10-17T19:33:31.936+0000] {processor.py:925} INFO - DAG(s) 'latest_only_with_trigger' retrieved from /home/airflow/.local/lib/python3.12/site-packages/airflow/example_dags/example_latest_only_with_trigger.py
[2024-10-17T19:33:31.993+0000] {logging_mixin.py:190} INFO - [2024-10-17T19:33:31.992+0000] {override.py:1900} INFO - Created Permission View: can edit on DAG:latest_only_with_trigger
[2024-10-17T19:33:31.997+0000] {logging_mixin.py:190} INFO - [2024-10-17T19:33:31.997+0000] {override.py:1900} INFO - Created Permission View: can delete on DAG:latest_only_with_trigger
[2024-10-17T19:33:32.000+0000] {logging_mixin.py:190} INFO - [2024-10-17T19:33:32.000+0000] {override.py:1900} INFO - Created Permission View: can read on DAG:latest_only_with_trigger
[2024-10-17T19:33:32.003+0000] {logging_mixin.py:190} INFO - [2024-10-17T19:33:32.003+0000] {override.py:1900} INFO - Created Permission View: menu access on DAG Run:latest_only_with_trigger
[2024-10-17T19:33:32.006+0000] {logging_mixin.py:190} INFO - [2024-10-17T19:33:32.006+0000] {override.py:1900} INFO - Created Permission View: can create on DAG Run:latest_only_with_trigger
[2024-10-17T19:33:32.008+0000] {logging_mixin.py:190} INFO - [2024-10-17T19:33:32.008+0000] {override.py:1900} INFO - Created Permission View: can delete on DAG Run:latest_only_with_trigger
[2024-10-17T19:33:32.010+0000] {logging_mixin.py:190} INFO - [2024-10-17T19:33:32.010+0000] {override.py:1900} INFO - Created Permission View: can read on DAG Run:latest_only_with_trigger
[2024-10-17T19:33:32.011+0000] {logging_mixin.py:190} INFO - [2024-10-17T19:33:32.010+0000] {dag.py:3239} INFO - Sync 1 DAGs
[2024-10-17T19:33:32.016+0000] {logging_mixin.py:190} INFO - [2024-10-17T19:33:32.016+0000] {dag.py:3262} INFO - Creating ORM DAG for latest_only_with_trigger
[2024-10-17T19:33:32.021+0000] {logging_mixin.py:190} INFO - [2024-10-17T19:33:32.021+0000] {dag.py:4180} INFO - Setting next_dagrun for latest_only_with_trigger to 2024-10-17 12:00:00+00:00, run_after=2024-10-17 16:00:00+00:00
[2024-10-17T19:33:32.030+0000] {processor.py:208} INFO - Processing /home/airflow/.local/lib/python3.12/site-packages/airflow/example_dags/example_latest_only_with_trigger.py took 0.107 seconds
[2024-10-17T19:34:02.374+0000] {processor.py:186} INFO - Started process (PID=134) to work on /home/airflow/.local/lib/python3.12/site-packages/airflow/example_dags/example_latest_only_with_trigger.py
[2024-10-17T19:34:02.375+0000] {processor.py:914} INFO - Processing file /home/airflow/.local/lib/python3.12/site-packages/airflow/example_dags/example_latest_only_with_trigger.py for tasks to queue
[2024-10-17T19:34:02.376+0000] {logging_mixin.py:190} INFO - [2024-10-17T19:34:02.376+0000] {dagbag.py:588} INFO - Filling up the DagBag from /home/airflow/.local/lib/python3.12/site-packages/airflow/example_dags/example_latest_only_with_trigger.py
[2024-10-17T19:34:02.382+0000] {processor.py:925} INFO - DAG(s) 'latest_only_with_trigger' retrieved from /home/airflow/.local/lib/python3.12/site-packages/airflow/example_dags/example_latest_only_with_trigger.py
[2024-10-17T19:34:02.393+0000] {logging_mixin.py:190} INFO - [2024-10-17T19:34:02.393+0000] {dag.py:3239} INFO - Sync 1 DAGs
[2024-10-17T19:34:02.405+0000] {logging_mixin.py:190} INFO - [2024-10-17T19:34:02.405+0000] {dag.py:4180} INFO - Setting next_dagrun for latest_only_with_trigger to 2024-10-17 12:00:00+00:00, run_after=2024-10-17 16:00:00+00:00
[2024-10-17T19:34:02.415+0000] {processor.py:208} INFO - Processing /home/airflow/.local/lib/python3.12/site-packages/airflow/example_dags/example_latest_only_with_trigger.py took 0.044 seconds
[2024-10-17T19:34:32.649+0000] {processor.py:186} INFO - Started process (PID=197) to work on /home/airflow/.local/lib/python3.12/site-packages/airflow/example_dags/example_latest_only_with_trigger.py
[2024-10-17T19:34:32.650+0000] {processor.py:914} INFO - Processing file /home/airflow/.local/lib/python3.12/site-packages/airflow/example_dags/example_latest_only_with_trigger.py for tasks to queue
[2024-10-17T19:34:32.652+0000] {logging_mixin.py:190} INFO - [2024-10-17T19:34:32.651+0000] {dagbag.py:588} INFO - Filling up the DagBag from /home/airflow/.local/lib/python3.12/site-packages/airflow/example_dags/example_latest_only_with_trigger.py
[2024-10-17T19:34:32.656+0000] {processor.py:925} INFO - DAG(s) 'latest_only_with_trigger' retrieved from /home/airflow/.local/lib/python3.12/site-packages/airflow/example_dags/example_latest_only_with_trigger.py
[2024-10-17T19:34:32.667+0000] {logging_mixin.py:190} INFO - [2024-10-17T19:34:32.667+0000] {dag.py:3239} INFO - Sync 1 DAGs
[2024-10-17T19:34:32.678+0000] {logging_mixin.py:190} INFO - [2024-10-17T19:34:32.678+0000] {dag.py:4180} INFO - Setting next_dagrun for latest_only_with_trigger to 2024-10-17 12:00:00+00:00, run_after=2024-10-17 16:00:00+00:00
[2024-10-17T19:34:32.686+0000] {processor.py:208} INFO - Processing /home/airflow/.local/lib/python3.12/site-packages/airflow/example_dags/example_latest_only_with_trigger.py took 0.040 seconds
[2024-10-17T19:35:03.065+0000] {processor.py:186} INFO - Started process (PID=260) to work on /home/airflow/.local/lib/python3.12/site-packages/airflow/example_dags/example_latest_only_with_trigger.py
[2024-10-17T19:35:03.066+0000] {processor.py:914} INFO - Processing file /home/airflow/.local/lib/python3.12/site-packages/airflow/example_dags/example_latest_only_with_trigger.py for tasks to queue
[2024-10-17T19:35:03.068+0000] {logging_mixin.py:190} INFO - [2024-10-17T19:35:03.067+0000] {dagbag.py:588} INFO - Filling up the DagBag from /home/airflow/.local/lib/python3.12/site-packages/airflow/example_dags/example_latest_only_with_trigger.py
[2024-10-17T19:35:03.072+0000] {processor.py:925} INFO - DAG(s) 'latest_only_with_trigger' retrieved from /home/airflow/.local/lib/python3.12/site-packages/airflow/example_dags/example_latest_only_with_trigger.py
[2024-10-17T19:35:03.082+0000] {logging_mixin.py:190} INFO - [2024-10-17T19:35:03.082+0000] {dag.py:3239} INFO - Sync 1 DAGs
[2024-10-17T19:35:03.094+0000] {logging_mixin.py:190} INFO - [2024-10-17T19:35:03.094+0000] {dag.py:4180} INFO - Setting next_dagrun for latest_only_with_trigger to 2024-10-17 12:00:00+00:00, run_after=2024-10-17 16:00:00+00:00
[2024-10-17T19:35:03.103+0000] {processor.py:208} INFO - Processing /home/airflow/.local/lib/python3.12/site-packages/airflow/example_dags/example_latest_only_with_trigger.py took 0.041 seconds
[2024-10-17T19:35:33.717+0000] {processor.py:186} INFO - Started process (PID=323) to work on /home/airflow/.local/lib/python3.12/site-packages/airflow/example_dags/example_latest_only_with_trigger.py
[2024-10-17T19:35:33.718+0000] {processor.py:914} INFO - Processing file /home/airflow/.local/lib/python3.12/site-packages/airflow/example_dags/example_latest_only_with_trigger.py for tasks to queue
[2024-10-17T19:35:33.719+0000] {logging_mixin.py:190} INFO - [2024-10-17T19:35:33.719+0000] {dagbag.py:588} INFO - Filling up the DagBag from /home/airflow/.local/lib/python3.12/site-packages/airflow/example_dags/example_latest_only_with_trigger.py
[2024-10-17T19:35:33.724+0000] {processor.py:925} INFO - DAG(s) 'latest_only_with_trigger' retrieved from /home/airflow/.local/lib/python3.12/site-packages/airflow/example_dags/example_latest_only_with_trigger.py
[2024-10-17T19:35:33.736+0000] {logging_mixin.py:190} INFO - [2024-10-17T19:35:33.735+0000] {dag.py:3239} INFO - Sync 1 DAGs
[2024-10-17T19:35:33.749+0000] {logging_mixin.py:190} INFO - [2024-10-17T19:35:33.749+0000] {dag.py:4180} INFO - Setting next_dagrun for latest_only_with_trigger to 2024-10-17 12:00:00+00:00, run_after=2024-10-17 16:00:00+00:00
[2024-10-17T19:35:33.763+0000] {processor.py:208} INFO - Processing /home/airflow/.local/lib/python3.12/site-packages/airflow/example_dags/example_latest_only_with_trigger.py took 0.050 seconds
[2024-10-17T19:36:04.412+0000] {processor.py:186} INFO - Started process (PID=386) to work on /home/airflow/.local/lib/python3.12/site-packages/airflow/example_dags/example_latest_only_with_trigger.py
[2024-10-17T19:36:04.413+0000] {processor.py:914} INFO - Processing file /home/airflow/.local/lib/python3.12/site-packages/airflow/example_dags/example_latest_only_with_trigger.py for tasks to queue
[2024-10-17T19:36:04.414+0000] {logging_mixin.py:190} INFO - [2024-10-17T19:36:04.414+0000] {dagbag.py:588} INFO - Filling up the DagBag from /home/airflow/.local/lib/python3.12/site-packages/airflow/example_dags/example_latest_only_with_trigger.py
[2024-10-17T19:36:04.420+0000] {processor.py:925} INFO - DAG(s) 'latest_only_with_trigger' retrieved from /home/airflow/.local/lib/python3.12/site-packages/airflow/example_dags/example_latest_only_with_trigger.py
[2024-10-17T19:36:04.431+0000] {logging_mixin.py:190} INFO - [2024-10-17T19:36:04.431+0000] {dag.py:3239} INFO - Sync 1 DAGs
[2024-10-17T19:36:04.443+0000] {logging_mixin.py:190} INFO - [2024-10-17T19:36:04.442+0000] {dag.py:4180} INFO - Setting next_dagrun for latest_only_with_trigger to 2024-10-17 12:00:00+00:00, run_after=2024-10-17 16:00:00+00:00
[2024-10-17T19:36:04.452+0000] {processor.py:208} INFO - Processing /home/airflow/.local/lib/python3.12/site-packages/airflow/example_dags/example_latest_only_with_trigger.py took 0.044 seconds
[2024-10-17T19:36:35.046+0000] {processor.py:186} INFO - Started process (PID=449) to work on /home/airflow/.local/lib/python3.12/site-packages/airflow/example_dags/example_latest_only_with_trigger.py
[2024-10-17T19:36:35.047+0000] {processor.py:914} INFO - Processing file /home/airflow/.local/lib/python3.12/site-packages/airflow/example_dags/example_latest_only_with_trigger.py for tasks to queue
[2024-10-17T19:36:35.048+0000] {logging_mixin.py:190} INFO - [2024-10-17T19:36:35.048+0000] {dagbag.py:588} INFO - Filling up the DagBag from /home/airflow/.local/lib/python3.12/site-packages/airflow/example_dags/example_latest_only_with_trigger.py
[2024-10-17T19:36:35.053+0000] {processor.py:925} INFO - DAG(s) 'latest_only_with_trigger' retrieved from /home/airflow/.local/lib/python3.12/site-packages/airflow/example_dags/example_latest_only_with_trigger.py
[2024-10-17T19:36:35.064+0000] {logging_mixin.py:190} INFO - [2024-10-17T19:36:35.064+0000] {dag.py:3239} INFO - Sync 1 DAGs
[2024-10-17T19:36:35.076+0000] {logging_mixin.py:190} INFO - [2024-10-17T19:36:35.076+0000] {dag.py:4180} INFO - Setting next_dagrun for latest_only_with_trigger to 2024-10-17 12:00:00+00:00, run_after=2024-10-17 16:00:00+00:00
[2024-10-17T19:36:35.085+0000] {processor.py:208} INFO - Processing /home/airflow/.local/lib/python3.12/site-packages/airflow/example_dags/example_latest_only_with_trigger.py took 0.042 seconds
[2024-10-17T19:37:05.584+0000] {processor.py:186} INFO - Started process (PID=513) to work on /home/airflow/.local/lib/python3.12/site-packages/airflow/example_dags/example_latest_only_with_trigger.py
[2024-10-17T19:37:05.585+0000] {processor.py:914} INFO - Processing file /home/airflow/.local/lib/python3.12/site-packages/airflow/example_dags/example_latest_only_with_trigger.py for tasks to queue
[2024-10-17T19:37:05.587+0000] {logging_mixin.py:190} INFO - [2024-10-17T19:37:05.586+0000] {dagbag.py:588} INFO - Filling up the DagBag from /home/airflow/.local/lib/python3.12/site-packages/airflow/example_dags/example_latest_only_with_trigger.py
[2024-10-17T19:37:05.592+0000] {processor.py:925} INFO - DAG(s) 'latest_only_with_trigger' retrieved from /home/airflow/.local/lib/python3.12/site-packages/airflow/example_dags/example_latest_only_with_trigger.py
[2024-10-17T19:37:05.603+0000] {logging_mixin.py:190} INFO - [2024-10-17T19:37:05.603+0000] {dag.py:3239} INFO - Sync 1 DAGs
[2024-10-17T19:37:05.615+0000] {logging_mixin.py:190} INFO - [2024-10-17T19:37:05.615+0000] {dag.py:4180} INFO - Setting next_dagrun for latest_only_with_trigger to 2024-10-17 12:00:00+00:00, run_after=2024-10-17 16:00:00+00:00
[2024-10-17T19:37:05.623+0000] {processor.py:208} INFO - Processing /home/airflow/.local/lib/python3.12/site-packages/airflow/example_dags/example_latest_only_with_trigger.py took 0.043 seconds
[2024-10-17T19:39:18.159+0000] {processor.py:186} INFO - Started process (PID=71) to work on /home/airflow/.local/lib/python3.12/site-packages/airflow/example_dags/example_latest_only_with_trigger.py
[2024-10-17T19:39:18.160+0000] {processor.py:914} INFO - Processing file /home/airflow/.local/lib/python3.12/site-packages/airflow/example_dags/example_latest_only_with_trigger.py for tasks to queue
[2024-10-17T19:39:18.161+0000] {logging_mixin.py:190} INFO - [2024-10-17T19:39:18.161+0000] {dagbag.py:588} INFO - Filling up the DagBag from /home/airflow/.local/lib/python3.12/site-packages/airflow/example_dags/example_latest_only_with_trigger.py
[2024-10-17T19:39:18.167+0000] {processor.py:925} INFO - DAG(s) 'latest_only_with_trigger' retrieved from /home/airflow/.local/lib/python3.12/site-packages/airflow/example_dags/example_latest_only_with_trigger.py
[2024-10-17T19:39:18.219+0000] {logging_mixin.py:190} INFO - [2024-10-17T19:39:18.219+0000] {override.py:1900} INFO - Created Permission View: can read on DAG:latest_only_with_trigger
[2024-10-17T19:39:18.223+0000] {logging_mixin.py:190} INFO - [2024-10-17T19:39:18.223+0000] {override.py:1900} INFO - Created Permission View: can delete on DAG:latest_only_with_trigger
[2024-10-17T19:39:18.226+0000] {logging_mixin.py:190} INFO - [2024-10-17T19:39:18.225+0000] {override.py:1900} INFO - Created Permission View: can edit on DAG:latest_only_with_trigger
[2024-10-17T19:39:18.228+0000] {logging_mixin.py:190} INFO - [2024-10-17T19:39:18.228+0000] {override.py:1900} INFO - Created Permission View: can read on DAG Run:latest_only_with_trigger
[2024-10-17T19:39:18.231+0000] {logging_mixin.py:190} INFO - [2024-10-17T19:39:18.231+0000] {override.py:1900} INFO - Created Permission View: can create on DAG Run:latest_only_with_trigger
[2024-10-17T19:39:18.234+0000] {logging_mixin.py:190} INFO - [2024-10-17T19:39:18.234+0000] {override.py:1900} INFO - Created Permission View: can delete on DAG Run:latest_only_with_trigger
[2024-10-17T19:39:18.237+0000] {logging_mixin.py:190} INFO - [2024-10-17T19:39:18.237+0000] {override.py:1900} INFO - Created Permission View: menu access on DAG Run:latest_only_with_trigger
[2024-10-17T19:39:18.237+0000] {logging_mixin.py:190} INFO - [2024-10-17T19:39:18.237+0000] {dag.py:3239} INFO - Sync 1 DAGs
[2024-10-17T19:39:18.243+0000] {logging_mixin.py:190} INFO - [2024-10-17T19:39:18.243+0000] {dag.py:3262} INFO - Creating ORM DAG for latest_only_with_trigger
[2024-10-17T19:39:18.248+0000] {logging_mixin.py:190} INFO - [2024-10-17T19:39:18.248+0000] {dag.py:4180} INFO - Setting next_dagrun for latest_only_with_trigger to 2024-10-17 12:00:00+00:00, run_after=2024-10-17 16:00:00+00:00
[2024-10-17T19:39:18.257+0000] {processor.py:208} INFO - Processing /home/airflow/.local/lib/python3.12/site-packages/airflow/example_dags/example_latest_only_with_trigger.py took 0.102 seconds
[2024-10-17T19:39:48.708+0000] {processor.py:186} INFO - Started process (PID=134) to work on /home/airflow/.local/lib/python3.12/site-packages/airflow/example_dags/example_latest_only_with_trigger.py
[2024-10-17T19:39:48.709+0000] {processor.py:914} INFO - Processing file /home/airflow/.local/lib/python3.12/site-packages/airflow/example_dags/example_latest_only_with_trigger.py for tasks to queue
[2024-10-17T19:39:48.710+0000] {logging_mixin.py:190} INFO - [2024-10-17T19:39:48.710+0000] {dagbag.py:588} INFO - Filling up the DagBag from /home/airflow/.local/lib/python3.12/site-packages/airflow/example_dags/example_latest_only_with_trigger.py
[2024-10-17T19:39:48.715+0000] {processor.py:925} INFO - DAG(s) 'latest_only_with_trigger' retrieved from /home/airflow/.local/lib/python3.12/site-packages/airflow/example_dags/example_latest_only_with_trigger.py
[2024-10-17T19:39:48.726+0000] {logging_mixin.py:190} INFO - [2024-10-17T19:39:48.726+0000] {dag.py:3239} INFO - Sync 1 DAGs
[2024-10-17T19:39:48.737+0000] {logging_mixin.py:190} INFO - [2024-10-17T19:39:48.737+0000] {dag.py:4180} INFO - Setting next_dagrun for latest_only_with_trigger to 2024-10-17 12:00:00+00:00, run_after=2024-10-17 16:00:00+00:00
[2024-10-17T19:39:48.745+0000] {processor.py:208} INFO - Processing /home/airflow/.local/lib/python3.12/site-packages/airflow/example_dags/example_latest_only_with_trigger.py took 0.041 seconds
[2024-10-17T19:40:19.042+0000] {processor.py:186} INFO - Started process (PID=197) to work on /home/airflow/.local/lib/python3.12/site-packages/airflow/example_dags/example_latest_only_with_trigger.py
[2024-10-17T19:40:19.043+0000] {processor.py:914} INFO - Processing file /home/airflow/.local/lib/python3.12/site-packages/airflow/example_dags/example_latest_only_with_trigger.py for tasks to queue
[2024-10-17T19:40:19.045+0000] {logging_mixin.py:190} INFO - [2024-10-17T19:40:19.044+0000] {dagbag.py:588} INFO - Filling up the DagBag from /home/airflow/.local/lib/python3.12/site-packages/airflow/example_dags/example_latest_only_with_trigger.py
[2024-10-17T19:40:19.049+0000] {processor.py:925} INFO - DAG(s) 'latest_only_with_trigger' retrieved from /home/airflow/.local/lib/python3.12/site-packages/airflow/example_dags/example_latest_only_with_trigger.py
[2024-10-17T19:40:19.060+0000] {logging_mixin.py:190} INFO - [2024-10-17T19:40:19.060+0000] {dag.py:3239} INFO - Sync 1 DAGs
[2024-10-17T19:40:19.070+0000] {logging_mixin.py:190} INFO - [2024-10-17T19:40:19.070+0000] {dag.py:4180} INFO - Setting next_dagrun for latest_only_with_trigger to 2024-10-17 12:00:00+00:00, run_after=2024-10-17 16:00:00+00:00
[2024-10-17T19:40:19.079+0000] {processor.py:208} INFO - Processing /home/airflow/.local/lib/python3.12/site-packages/airflow/example_dags/example_latest_only_with_trigger.py took 0.040 seconds
[2024-10-17T19:40:49.430+0000] {processor.py:186} INFO - Started process (PID=260) to work on /home/airflow/.local/lib/python3.12/site-packages/airflow/example_dags/example_latest_only_with_trigger.py
[2024-10-17T19:40:49.430+0000] {processor.py:914} INFO - Processing file /home/airflow/.local/lib/python3.12/site-packages/airflow/example_dags/example_latest_only_with_trigger.py for tasks to queue
[2024-10-17T19:40:49.432+0000] {logging_mixin.py:190} INFO - [2024-10-17T19:40:49.432+0000] {dagbag.py:588} INFO - Filling up the DagBag from /home/airflow/.local/lib/python3.12/site-packages/airflow/example_dags/example_latest_only_with_trigger.py
[2024-10-17T19:40:49.436+0000] {processor.py:925} INFO - DAG(s) 'latest_only_with_trigger' retrieved from /home/airflow/.local/lib/python3.12/site-packages/airflow/example_dags/example_latest_only_with_trigger.py
[2024-10-17T19:40:49.448+0000] {logging_mixin.py:190} INFO - [2024-10-17T19:40:49.448+0000] {dag.py:3239} INFO - Sync 1 DAGs
[2024-10-17T19:40:49.459+0000] {logging_mixin.py:190} INFO - [2024-10-17T19:40:49.459+0000] {dag.py:4180} INFO - Setting next_dagrun for latest_only_with_trigger to 2024-10-17 12:00:00+00:00, run_after=2024-10-17 16:00:00+00:00
[2024-10-17T19:40:49.467+0000] {processor.py:208} INFO - Processing /home/airflow/.local/lib/python3.12/site-packages/airflow/example_dags/example_latest_only_with_trigger.py took 0.041 seconds
[2024-10-17T19:41:20.042+0000] {processor.py:186} INFO - Started process (PID=323) to work on /home/airflow/.local/lib/python3.12/site-packages/airflow/example_dags/example_latest_only_with_trigger.py
[2024-10-17T19:41:20.043+0000] {processor.py:914} INFO - Processing file /home/airflow/.local/lib/python3.12/site-packages/airflow/example_dags/example_latest_only_with_trigger.py for tasks to queue
[2024-10-17T19:41:20.045+0000] {logging_mixin.py:190} INFO - [2024-10-17T19:41:20.044+0000] {dagbag.py:588} INFO - Filling up the DagBag from /home/airflow/.local/lib/python3.12/site-packages/airflow/example_dags/example_latest_only_with_trigger.py
[2024-10-17T19:41:20.050+0000] {processor.py:925} INFO - DAG(s) 'latest_only_with_trigger' retrieved from /home/airflow/.local/lib/python3.12/site-packages/airflow/example_dags/example_latest_only_with_trigger.py
[2024-10-17T19:41:20.063+0000] {logging_mixin.py:190} INFO - [2024-10-17T19:41:20.063+0000] {dag.py:3239} INFO - Sync 1 DAGs
[2024-10-17T19:41:20.077+0000] {logging_mixin.py:190} INFO - [2024-10-17T19:41:20.076+0000] {dag.py:4180} INFO - Setting next_dagrun for latest_only_with_trigger to 2024-10-17 12:00:00+00:00, run_after=2024-10-17 16:00:00+00:00
[2024-10-17T19:41:20.088+0000] {processor.py:208} INFO - Processing /home/airflow/.local/lib/python3.12/site-packages/airflow/example_dags/example_latest_only_with_trigger.py took 0.050 seconds
[2024-10-17T19:41:50.796+0000] {processor.py:186} INFO - Started process (PID=386) to work on /home/airflow/.local/lib/python3.12/site-packages/airflow/example_dags/example_latest_only_with_trigger.py
[2024-10-17T19:41:50.796+0000] {processor.py:914} INFO - Processing file /home/airflow/.local/lib/python3.12/site-packages/airflow/example_dags/example_latest_only_with_trigger.py for tasks to queue
[2024-10-17T19:41:50.798+0000] {logging_mixin.py:190} INFO - [2024-10-17T19:41:50.798+0000] {dagbag.py:588} INFO - Filling up the DagBag from /home/airflow/.local/lib/python3.12/site-packages/airflow/example_dags/example_latest_only_with_trigger.py
[2024-10-17T19:41:50.803+0000] {processor.py:925} INFO - DAG(s) 'latest_only_with_trigger' retrieved from /home/airflow/.local/lib/python3.12/site-packages/airflow/example_dags/example_latest_only_with_trigger.py
[2024-10-17T19:41:50.814+0000] {logging_mixin.py:190} INFO - [2024-10-17T19:41:50.814+0000] {dag.py:3239} INFO - Sync 1 DAGs
[2024-10-17T19:41:50.826+0000] {logging_mixin.py:190} INFO - [2024-10-17T19:41:50.826+0000] {dag.py:4180} INFO - Setting next_dagrun for latest_only_with_trigger to 2024-10-17 12:00:00+00:00, run_after=2024-10-17 16:00:00+00:00
[2024-10-17T19:41:50.836+0000] {processor.py:208} INFO - Processing /home/airflow/.local/lib/python3.12/site-packages/airflow/example_dags/example_latest_only_with_trigger.py took 0.044 seconds
[2024-10-17T19:42:21.284+0000] {processor.py:186} INFO - Started process (PID=449) to work on /home/airflow/.local/lib/python3.12/site-packages/airflow/example_dags/example_latest_only_with_trigger.py
[2024-10-17T19:42:21.285+0000] {processor.py:914} INFO - Processing file /home/airflow/.local/lib/python3.12/site-packages/airflow/example_dags/example_latest_only_with_trigger.py for tasks to queue
[2024-10-17T19:42:21.286+0000] {logging_mixin.py:190} INFO - [2024-10-17T19:42:21.286+0000] {dagbag.py:588} INFO - Filling up the DagBag from /home/airflow/.local/lib/python3.12/site-packages/airflow/example_dags/example_latest_only_with_trigger.py
[2024-10-17T19:42:21.291+0000] {processor.py:925} INFO - DAG(s) 'latest_only_with_trigger' retrieved from /home/airflow/.local/lib/python3.12/site-packages/airflow/example_dags/example_latest_only_with_trigger.py
[2024-10-17T19:42:21.304+0000] {logging_mixin.py:190} INFO - [2024-10-17T19:42:21.303+0000] {dag.py:3239} INFO - Sync 1 DAGs
[2024-10-17T19:42:21.316+0000] {logging_mixin.py:190} INFO - [2024-10-17T19:42:21.316+0000] {dag.py:4180} INFO - Setting next_dagrun for latest_only_with_trigger to 2024-10-17 12:00:00+00:00, run_after=2024-10-17 16:00:00+00:00
[2024-10-17T19:42:21.325+0000] {processor.py:208} INFO - Processing /home/airflow/.local/lib/python3.12/site-packages/airflow/example_dags/example_latest_only_with_trigger.py took 0.045 seconds
[2024-10-17T19:44:00.227+0000] {processor.py:186} INFO - Started process (PID=71) to work on /home/airflow/.local/lib/python3.12/site-packages/airflow/example_dags/example_latest_only_with_trigger.py
[2024-10-17T19:44:00.228+0000] {processor.py:914} INFO - Processing file /home/airflow/.local/lib/python3.12/site-packages/airflow/example_dags/example_latest_only_with_trigger.py for tasks to queue
[2024-10-17T19:44:00.229+0000] {logging_mixin.py:190} INFO - [2024-10-17T19:44:00.229+0000] {dagbag.py:588} INFO - Filling up the DagBag from /home/airflow/.local/lib/python3.12/site-packages/airflow/example_dags/example_latest_only_with_trigger.py
[2024-10-17T19:44:00.235+0000] {processor.py:925} INFO - DAG(s) 'latest_only_with_trigger' retrieved from /home/airflow/.local/lib/python3.12/site-packages/airflow/example_dags/example_latest_only_with_trigger.py
[2024-10-17T19:44:00.287+0000] {logging_mixin.py:190} INFO - [2024-10-17T19:44:00.287+0000] {override.py:1900} INFO - Created Permission View: can delete on DAG:latest_only_with_trigger
[2024-10-17T19:44:00.291+0000] {logging_mixin.py:190} INFO - [2024-10-17T19:44:00.291+0000] {override.py:1900} INFO - Created Permission View: can edit on DAG:latest_only_with_trigger
[2024-10-17T19:44:00.294+0000] {logging_mixin.py:190} INFO - [2024-10-17T19:44:00.294+0000] {override.py:1900} INFO - Created Permission View: can read on DAG:latest_only_with_trigger
[2024-10-17T19:44:00.297+0000] {logging_mixin.py:190} INFO - [2024-10-17T19:44:00.297+0000] {override.py:1900} INFO - Created Permission View: can delete on DAG Run:latest_only_with_trigger
[2024-10-17T19:44:00.299+0000] {logging_mixin.py:190} INFO - [2024-10-17T19:44:00.299+0000] {override.py:1900} INFO - Created Permission View: can create on DAG Run:latest_only_with_trigger
[2024-10-17T19:44:00.301+0000] {logging_mixin.py:190} INFO - [2024-10-17T19:44:00.301+0000] {override.py:1900} INFO - Created Permission View: menu access on DAG Run:latest_only_with_trigger
[2024-10-17T19:44:00.303+0000] {logging_mixin.py:190} INFO - [2024-10-17T19:44:00.303+0000] {override.py:1900} INFO - Created Permission View: can read on DAG Run:latest_only_with_trigger
[2024-10-17T19:44:00.304+0000] {logging_mixin.py:190} INFO - [2024-10-17T19:44:00.304+0000] {dag.py:3239} INFO - Sync 1 DAGs
[2024-10-17T19:44:00.309+0000] {logging_mixin.py:190} INFO - [2024-10-17T19:44:00.309+0000] {dag.py:3262} INFO - Creating ORM DAG for latest_only_with_trigger
[2024-10-17T19:44:00.314+0000] {logging_mixin.py:190} INFO - [2024-10-17T19:44:00.314+0000] {dag.py:4180} INFO - Setting next_dagrun for latest_only_with_trigger to 2024-10-17 12:00:00+00:00, run_after=2024-10-17 16:00:00+00:00
[2024-10-17T19:44:00.322+0000] {processor.py:208} INFO - Processing /home/airflow/.local/lib/python3.12/site-packages/airflow/example_dags/example_latest_only_with_trigger.py took 0.098 seconds
[2024-10-17T19:44:31.020+0000] {processor.py:186} INFO - Started process (PID=134) to work on /home/airflow/.local/lib/python3.12/site-packages/airflow/example_dags/example_latest_only_with_trigger.py
[2024-10-17T19:44:31.021+0000] {processor.py:914} INFO - Processing file /home/airflow/.local/lib/python3.12/site-packages/airflow/example_dags/example_latest_only_with_trigger.py for tasks to queue
[2024-10-17T19:44:31.022+0000] {logging_mixin.py:190} INFO - [2024-10-17T19:44:31.022+0000] {dagbag.py:588} INFO - Filling up the DagBag from /home/airflow/.local/lib/python3.12/site-packages/airflow/example_dags/example_latest_only_with_trigger.py
[2024-10-17T19:44:31.027+0000] {processor.py:925} INFO - DAG(s) 'latest_only_with_trigger' retrieved from /home/airflow/.local/lib/python3.12/site-packages/airflow/example_dags/example_latest_only_with_trigger.py
[2024-10-17T19:44:31.038+0000] {logging_mixin.py:190} INFO - [2024-10-17T19:44:31.038+0000] {dag.py:3239} INFO - Sync 1 DAGs
[2024-10-17T19:44:31.049+0000] {logging_mixin.py:190} INFO - [2024-10-17T19:44:31.049+0000] {dag.py:4180} INFO - Setting next_dagrun for latest_only_with_trigger to 2024-10-17 12:00:00+00:00, run_after=2024-10-17 16:00:00+00:00
[2024-10-17T19:44:31.057+0000] {processor.py:208} INFO - Processing /home/airflow/.local/lib/python3.12/site-packages/airflow/example_dags/example_latest_only_with_trigger.py took 0.040 seconds
[2024-10-17T19:45:01.637+0000] {processor.py:186} INFO - Started process (PID=197) to work on /home/airflow/.local/lib/python3.12/site-packages/airflow/example_dags/example_latest_only_with_trigger.py
[2024-10-17T19:45:01.637+0000] {processor.py:914} INFO - Processing file /home/airflow/.local/lib/python3.12/site-packages/airflow/example_dags/example_latest_only_with_trigger.py for tasks to queue
[2024-10-17T19:45:01.639+0000] {logging_mixin.py:190} INFO - [2024-10-17T19:45:01.639+0000] {dagbag.py:588} INFO - Filling up the DagBag from /home/airflow/.local/lib/python3.12/site-packages/airflow/example_dags/example_latest_only_with_trigger.py
[2024-10-17T19:45:01.644+0000] {processor.py:925} INFO - DAG(s) 'latest_only_with_trigger' retrieved from /home/airflow/.local/lib/python3.12/site-packages/airflow/example_dags/example_latest_only_with_trigger.py
[2024-10-17T19:45:01.658+0000] {logging_mixin.py:190} INFO - [2024-10-17T19:45:01.658+0000] {dag.py:3239} INFO - Sync 1 DAGs
[2024-10-17T19:45:01.672+0000] {logging_mixin.py:190} INFO - [2024-10-17T19:45:01.671+0000] {dag.py:4180} INFO - Setting next_dagrun for latest_only_with_trigger to 2024-10-17 12:00:00+00:00, run_after=2024-10-17 16:00:00+00:00
[2024-10-17T19:45:01.682+0000] {processor.py:208} INFO - Processing /home/airflow/.local/lib/python3.12/site-packages/airflow/example_dags/example_latest_only_with_trigger.py took 0.049 seconds
[2024-10-17T19:45:32.223+0000] {processor.py:186} INFO - Started process (PID=260) to work on /home/airflow/.local/lib/python3.12/site-packages/airflow/example_dags/example_latest_only_with_trigger.py
[2024-10-17T19:45:32.224+0000] {processor.py:914} INFO - Processing file /home/airflow/.local/lib/python3.12/site-packages/airflow/example_dags/example_latest_only_with_trigger.py for tasks to queue
[2024-10-17T19:45:32.225+0000] {logging_mixin.py:190} INFO - [2024-10-17T19:45:32.225+0000] {dagbag.py:588} INFO - Filling up the DagBag from /home/airflow/.local/lib/python3.12/site-packages/airflow/example_dags/example_latest_only_with_trigger.py
[2024-10-17T19:45:32.230+0000] {processor.py:925} INFO - DAG(s) 'latest_only_with_trigger' retrieved from /home/airflow/.local/lib/python3.12/site-packages/airflow/example_dags/example_latest_only_with_trigger.py
[2024-10-17T19:45:32.242+0000] {logging_mixin.py:190} INFO - [2024-10-17T19:45:32.241+0000] {dag.py:3239} INFO - Sync 1 DAGs
[2024-10-17T19:45:32.253+0000] {logging_mixin.py:190} INFO - [2024-10-17T19:45:32.253+0000] {dag.py:4180} INFO - Setting next_dagrun for latest_only_with_trigger to 2024-10-17 12:00:00+00:00, run_after=2024-10-17 16:00:00+00:00
[2024-10-17T19:45:32.261+0000] {processor.py:208} INFO - Processing /home/airflow/.local/lib/python3.12/site-packages/airflow/example_dags/example_latest_only_with_trigger.py took 0.042 seconds
[2024-10-17T19:46:02.721+0000] {processor.py:186} INFO - Started process (PID=323) to work on /home/airflow/.local/lib/python3.12/site-packages/airflow/example_dags/example_latest_only_with_trigger.py
[2024-10-17T19:46:02.722+0000] {processor.py:914} INFO - Processing file /home/airflow/.local/lib/python3.12/site-packages/airflow/example_dags/example_latest_only_with_trigger.py for tasks to queue
[2024-10-17T19:46:02.724+0000] {logging_mixin.py:190} INFO - [2024-10-17T19:46:02.724+0000] {dagbag.py:588} INFO - Filling up the DagBag from /home/airflow/.local/lib/python3.12/site-packages/airflow/example_dags/example_latest_only_with_trigger.py
[2024-10-17T19:46:02.729+0000] {processor.py:925} INFO - DAG(s) 'latest_only_with_trigger' retrieved from /home/airflow/.local/lib/python3.12/site-packages/airflow/example_dags/example_latest_only_with_trigger.py
[2024-10-17T19:46:02.743+0000] {logging_mixin.py:190} INFO - [2024-10-17T19:46:02.743+0000] {dag.py:3239} INFO - Sync 1 DAGs
[2024-10-17T19:46:02.756+0000] {logging_mixin.py:190} INFO - [2024-10-17T19:46:02.756+0000] {dag.py:4180} INFO - Setting next_dagrun for latest_only_with_trigger to 2024-10-17 12:00:00+00:00, run_after=2024-10-17 16:00:00+00:00
[2024-10-17T19:46:02.765+0000] {processor.py:208} INFO - Processing /home/airflow/.local/lib/python3.12/site-packages/airflow/example_dags/example_latest_only_with_trigger.py took 0.048 seconds
[2024-10-17T19:46:33.122+0000] {processor.py:186} INFO - Started process (PID=386) to work on /home/airflow/.local/lib/python3.12/site-packages/airflow/example_dags/example_latest_only_with_trigger.py
[2024-10-17T19:46:33.122+0000] {processor.py:914} INFO - Processing file /home/airflow/.local/lib/python3.12/site-packages/airflow/example_dags/example_latest_only_with_trigger.py for tasks to queue
[2024-10-17T19:46:33.124+0000] {logging_mixin.py:190} INFO - [2024-10-17T19:46:33.124+0000] {dagbag.py:588} INFO - Filling up the DagBag from /home/airflow/.local/lib/python3.12/site-packages/airflow/example_dags/example_latest_only_with_trigger.py
[2024-10-17T19:46:33.128+0000] {processor.py:925} INFO - DAG(s) 'latest_only_with_trigger' retrieved from /home/airflow/.local/lib/python3.12/site-packages/airflow/example_dags/example_latest_only_with_trigger.py
[2024-10-17T19:46:33.139+0000] {logging_mixin.py:190} INFO - [2024-10-17T19:46:33.139+0000] {dag.py:3239} INFO - Sync 1 DAGs
[2024-10-17T19:46:33.151+0000] {logging_mixin.py:190} INFO - [2024-10-17T19:46:33.151+0000] {dag.py:4180} INFO - Setting next_dagrun for latest_only_with_trigger to 2024-10-17 12:00:00+00:00, run_after=2024-10-17 16:00:00+00:00
[2024-10-17T19:46:33.161+0000] {processor.py:208} INFO - Processing /home/airflow/.local/lib/python3.12/site-packages/airflow/example_dags/example_latest_only_with_trigger.py took 0.043 seconds
[2024-10-17T19:47:03.639+0000] {processor.py:186} INFO - Started process (PID=449) to work on /home/airflow/.local/lib/python3.12/site-packages/airflow/example_dags/example_latest_only_with_trigger.py
[2024-10-17T19:47:03.640+0000] {processor.py:914} INFO - Processing file /home/airflow/.local/lib/python3.12/site-packages/airflow/example_dags/example_latest_only_with_trigger.py for tasks to queue
[2024-10-17T19:47:03.641+0000] {logging_mixin.py:190} INFO - [2024-10-17T19:47:03.641+0000] {dagbag.py:588} INFO - Filling up the DagBag from /home/airflow/.local/lib/python3.12/site-packages/airflow/example_dags/example_latest_only_with_trigger.py
[2024-10-17T19:47:03.646+0000] {processor.py:925} INFO - DAG(s) 'latest_only_with_trigger' retrieved from /home/airflow/.local/lib/python3.12/site-packages/airflow/example_dags/example_latest_only_with_trigger.py
[2024-10-17T19:47:03.658+0000] {logging_mixin.py:190} INFO - [2024-10-17T19:47:03.658+0000] {dag.py:3239} INFO - Sync 1 DAGs
[2024-10-17T19:47:03.670+0000] {logging_mixin.py:190} INFO - [2024-10-17T19:47:03.670+0000] {dag.py:4180} INFO - Setting next_dagrun for latest_only_with_trigger to 2024-10-17 12:00:00+00:00, run_after=2024-10-17 16:00:00+00:00
[2024-10-17T19:47:03.682+0000] {processor.py:208} INFO - Processing /home/airflow/.local/lib/python3.12/site-packages/airflow/example_dags/example_latest_only_with_trigger.py took 0.046 seconds
[2024-10-17T19:47:34.267+0000] {processor.py:186} INFO - Started process (PID=512) to work on /home/airflow/.local/lib/python3.12/site-packages/airflow/example_dags/example_latest_only_with_trigger.py
[2024-10-17T19:47:34.268+0000] {processor.py:914} INFO - Processing file /home/airflow/.local/lib/python3.12/site-packages/airflow/example_dags/example_latest_only_with_trigger.py for tasks to queue
[2024-10-17T19:47:34.270+0000] {logging_mixin.py:190} INFO - [2024-10-17T19:47:34.270+0000] {dagbag.py:588} INFO - Filling up the DagBag from /home/airflow/.local/lib/python3.12/site-packages/airflow/example_dags/example_latest_only_with_trigger.py
[2024-10-17T19:47:34.275+0000] {processor.py:925} INFO - DAG(s) 'latest_only_with_trigger' retrieved from /home/airflow/.local/lib/python3.12/site-packages/airflow/example_dags/example_latest_only_with_trigger.py
[2024-10-17T19:47:34.287+0000] {logging_mixin.py:190} INFO - [2024-10-17T19:47:34.287+0000] {dag.py:3239} INFO - Sync 1 DAGs
[2024-10-17T19:47:34.299+0000] {logging_mixin.py:190} INFO - [2024-10-17T19:47:34.299+0000] {dag.py:4180} INFO - Setting next_dagrun for latest_only_with_trigger to 2024-10-17 12:00:00+00:00, run_after=2024-10-17 16:00:00+00:00
[2024-10-17T19:47:34.309+0000] {processor.py:208} INFO - Processing /home/airflow/.local/lib/python3.12/site-packages/airflow/example_dags/example_latest_only_with_trigger.py took 0.045 seconds
[2024-10-17T19:48:04.731+0000] {processor.py:186} INFO - Started process (PID=575) to work on /home/airflow/.local/lib/python3.12/site-packages/airflow/example_dags/example_latest_only_with_trigger.py
[2024-10-17T19:48:04.731+0000] {processor.py:914} INFO - Processing file /home/airflow/.local/lib/python3.12/site-packages/airflow/example_dags/example_latest_only_with_trigger.py for tasks to queue
[2024-10-17T19:48:04.733+0000] {logging_mixin.py:190} INFO - [2024-10-17T19:48:04.732+0000] {dagbag.py:588} INFO - Filling up the DagBag from /home/airflow/.local/lib/python3.12/site-packages/airflow/example_dags/example_latest_only_with_trigger.py
[2024-10-17T19:48:04.737+0000] {processor.py:925} INFO - DAG(s) 'latest_only_with_trigger' retrieved from /home/airflow/.local/lib/python3.12/site-packages/airflow/example_dags/example_latest_only_with_trigger.py
[2024-10-17T19:48:04.747+0000] {logging_mixin.py:190} INFO - [2024-10-17T19:48:04.747+0000] {dag.py:3239} INFO - Sync 1 DAGs
[2024-10-17T19:48:04.758+0000] {logging_mixin.py:190} INFO - [2024-10-17T19:48:04.758+0000] {dag.py:4180} INFO - Setting next_dagrun for latest_only_with_trigger to 2024-10-17 12:00:00+00:00, run_after=2024-10-17 16:00:00+00:00
[2024-10-17T19:48:04.766+0000] {processor.py:208} INFO - Processing /home/airflow/.local/lib/python3.12/site-packages/airflow/example_dags/example_latest_only_with_trigger.py took 0.039 seconds
