[2024-10-17T17:10:35.167+0000] {processor.py:186} INFO - Started process (PID=78) to work on /home/airflow/.local/lib/python3.12/site-packages/airflow/example_dags/example_sensor_decorator.py
[2024-10-17T17:10:35.168+0000] {processor.py:914} INFO - Processing file /home/airflow/.local/lib/python3.12/site-packages/airflow/example_dags/example_sensor_decorator.py for tasks to queue
[2024-10-17T17:10:35.170+0000] {logging_mixin.py:190} INFO - [2024-10-17T17:10:35.170+0000] {dagbag.py:588} INFO - Filling up the DagBag from /home/airflow/.local/lib/python3.12/site-packages/airflow/example_dags/example_sensor_decorator.py
[2024-10-17T17:10:35.176+0000] {processor.py:925} INFO - DAG(s) 'example_sensor_decorator' retrieved from /home/airflow/.local/lib/python3.12/site-packages/airflow/example_dags/example_sensor_decorator.py
[2024-10-17T17:10:35.226+0000] {logging_mixin.py:190} INFO - [2024-10-17T17:10:35.225+0000] {override.py:1900} INFO - Created Permission View: can delete on DAG:example_sensor_decorator
[2024-10-17T17:10:35.230+0000] {logging_mixin.py:190} INFO - [2024-10-17T17:10:35.230+0000] {override.py:1900} INFO - Created Permission View: can edit on DAG:example_sensor_decorator
[2024-10-17T17:10:35.233+0000] {logging_mixin.py:190} INFO - [2024-10-17T17:10:35.233+0000] {override.py:1900} INFO - Created Permission View: can read on DAG:example_sensor_decorator
[2024-10-17T17:10:35.236+0000] {logging_mixin.py:190} INFO - [2024-10-17T17:10:35.236+0000] {override.py:1900} INFO - Created Permission View: can create on DAG Run:example_sensor_decorator
[2024-10-17T17:10:35.239+0000] {logging_mixin.py:190} INFO - [2024-10-17T17:10:35.239+0000] {override.py:1900} INFO - Created Permission View: can delete on DAG Run:example_sensor_decorator
[2024-10-17T17:10:35.241+0000] {logging_mixin.py:190} INFO - [2024-10-17T17:10:35.241+0000] {override.py:1900} INFO - Created Permission View: can read on DAG Run:example_sensor_decorator
[2024-10-17T17:10:35.244+0000] {logging_mixin.py:190} INFO - [2024-10-17T17:10:35.244+0000] {override.py:1900} INFO - Created Permission View: menu access on DAG Run:example_sensor_decorator
[2024-10-17T17:10:35.244+0000] {logging_mixin.py:190} INFO - [2024-10-17T17:10:35.244+0000] {dag.py:3239} INFO - Sync 1 DAGs
[2024-10-17T17:10:35.251+0000] {logging_mixin.py:190} INFO - [2024-10-17T17:10:35.251+0000] {dag.py:3262} INFO - Creating ORM DAG for example_sensor_decorator
[2024-10-17T17:10:35.251+0000] {logging_mixin.py:190} INFO - [2024-10-17T17:10:35.251+0000] {dag.py:4180} INFO - Setting next_dagrun for example_sensor_decorator to None, run_after=None
[2024-10-17T17:10:35.259+0000] {processor.py:208} INFO - Processing /home/airflow/.local/lib/python3.12/site-packages/airflow/example_dags/example_sensor_decorator.py took 0.095 seconds
[2024-10-17T17:11:05.605+0000] {processor.py:186} INFO - Started process (PID=140) to work on /home/airflow/.local/lib/python3.12/site-packages/airflow/example_dags/example_sensor_decorator.py
[2024-10-17T17:11:05.606+0000] {processor.py:914} INFO - Processing file /home/airflow/.local/lib/python3.12/site-packages/airflow/example_dags/example_sensor_decorator.py for tasks to queue
[2024-10-17T17:11:05.607+0000] {logging_mixin.py:190} INFO - [2024-10-17T17:11:05.607+0000] {dagbag.py:588} INFO - Filling up the DagBag from /home/airflow/.local/lib/python3.12/site-packages/airflow/example_dags/example_sensor_decorator.py
[2024-10-17T17:11:05.611+0000] {processor.py:925} INFO - DAG(s) 'example_sensor_decorator' retrieved from /home/airflow/.local/lib/python3.12/site-packages/airflow/example_dags/example_sensor_decorator.py
[2024-10-17T17:11:05.621+0000] {logging_mixin.py:190} INFO - [2024-10-17T17:11:05.621+0000] {dag.py:3239} INFO - Sync 1 DAGs
[2024-10-17T17:11:05.628+0000] {logging_mixin.py:190} INFO - [2024-10-17T17:11:05.628+0000] {dag.py:4180} INFO - Setting next_dagrun for example_sensor_decorator to None, run_after=None
[2024-10-17T17:11:05.636+0000] {processor.py:208} INFO - Processing /home/airflow/.local/lib/python3.12/site-packages/airflow/example_dags/example_sensor_decorator.py took 0.034 seconds
[2024-10-17T17:11:35.899+0000] {processor.py:186} INFO - Started process (PID=202) to work on /home/airflow/.local/lib/python3.12/site-packages/airflow/example_dags/example_sensor_decorator.py
[2024-10-17T17:11:35.900+0000] {processor.py:914} INFO - Processing file /home/airflow/.local/lib/python3.12/site-packages/airflow/example_dags/example_sensor_decorator.py for tasks to queue
[2024-10-17T17:11:35.901+0000] {logging_mixin.py:190} INFO - [2024-10-17T17:11:35.901+0000] {dagbag.py:588} INFO - Filling up the DagBag from /home/airflow/.local/lib/python3.12/site-packages/airflow/example_dags/example_sensor_decorator.py
[2024-10-17T17:11:35.906+0000] {processor.py:925} INFO - DAG(s) 'example_sensor_decorator' retrieved from /home/airflow/.local/lib/python3.12/site-packages/airflow/example_dags/example_sensor_decorator.py
[2024-10-17T17:11:35.917+0000] {logging_mixin.py:190} INFO - [2024-10-17T17:11:35.917+0000] {dag.py:3239} INFO - Sync 1 DAGs
[2024-10-17T17:11:35.925+0000] {logging_mixin.py:190} INFO - [2024-10-17T17:11:35.924+0000] {dag.py:4180} INFO - Setting next_dagrun for example_sensor_decorator to None, run_after=None
[2024-10-17T17:11:35.934+0000] {processor.py:208} INFO - Processing /home/airflow/.local/lib/python3.12/site-packages/airflow/example_dags/example_sensor_decorator.py took 0.038 seconds
[2024-10-17T17:12:06.403+0000] {processor.py:186} INFO - Started process (PID=264) to work on /home/airflow/.local/lib/python3.12/site-packages/airflow/example_dags/example_sensor_decorator.py
[2024-10-17T17:12:06.404+0000] {processor.py:914} INFO - Processing file /home/airflow/.local/lib/python3.12/site-packages/airflow/example_dags/example_sensor_decorator.py for tasks to queue
[2024-10-17T17:12:06.406+0000] {logging_mixin.py:190} INFO - [2024-10-17T17:12:06.406+0000] {dagbag.py:588} INFO - Filling up the DagBag from /home/airflow/.local/lib/python3.12/site-packages/airflow/example_dags/example_sensor_decorator.py
[2024-10-17T17:12:06.413+0000] {processor.py:925} INFO - DAG(s) 'example_sensor_decorator' retrieved from /home/airflow/.local/lib/python3.12/site-packages/airflow/example_dags/example_sensor_decorator.py
[2024-10-17T17:12:06.425+0000] {logging_mixin.py:190} INFO - [2024-10-17T17:12:06.425+0000] {dag.py:3239} INFO - Sync 1 DAGs
[2024-10-17T17:12:06.433+0000] {logging_mixin.py:190} INFO - [2024-10-17T17:12:06.432+0000] {dag.py:4180} INFO - Setting next_dagrun for example_sensor_decorator to None, run_after=None
[2024-10-17T17:12:06.442+0000] {processor.py:208} INFO - Processing /home/airflow/.local/lib/python3.12/site-packages/airflow/example_dags/example_sensor_decorator.py took 0.046 seconds
[2024-10-17T19:26:36.468+0000] {processor.py:186} INFO - Started process (PID=97) to work on /home/airflow/.local/lib/python3.12/site-packages/airflow/example_dags/example_sensor_decorator.py
[2024-10-17T19:26:36.469+0000] {processor.py:914} INFO - Processing file /home/airflow/.local/lib/python3.12/site-packages/airflow/example_dags/example_sensor_decorator.py for tasks to queue
[2024-10-17T19:26:36.470+0000] {logging_mixin.py:190} INFO - [2024-10-17T19:26:36.470+0000] {dagbag.py:588} INFO - Filling up the DagBag from /home/airflow/.local/lib/python3.12/site-packages/airflow/example_dags/example_sensor_decorator.py
[2024-10-17T19:26:36.476+0000] {processor.py:925} INFO - DAG(s) 'example_sensor_decorator' retrieved from /home/airflow/.local/lib/python3.12/site-packages/airflow/example_dags/example_sensor_decorator.py
[2024-10-17T19:26:36.527+0000] {logging_mixin.py:190} INFO - [2024-10-17T19:26:36.526+0000] {override.py:1900} INFO - Created Permission View: can edit on DAG:example_sensor_decorator
[2024-10-17T19:26:36.531+0000] {logging_mixin.py:190} INFO - [2024-10-17T19:26:36.531+0000] {override.py:1900} INFO - Created Permission View: can delete on DAG:example_sensor_decorator
[2024-10-17T19:26:36.534+0000] {logging_mixin.py:190} INFO - [2024-10-17T19:26:36.534+0000] {override.py:1900} INFO - Created Permission View: can read on DAG:example_sensor_decorator
[2024-10-17T19:26:36.537+0000] {logging_mixin.py:190} INFO - [2024-10-17T19:26:36.537+0000] {override.py:1900} INFO - Created Permission View: can delete on DAG Run:example_sensor_decorator
[2024-10-17T19:26:36.540+0000] {logging_mixin.py:190} INFO - [2024-10-17T19:26:36.540+0000] {override.py:1900} INFO - Created Permission View: can create on DAG Run:example_sensor_decorator
[2024-10-17T19:26:36.543+0000] {logging_mixin.py:190} INFO - [2024-10-17T19:26:36.542+0000] {override.py:1900} INFO - Created Permission View: can read on DAG Run:example_sensor_decorator
[2024-10-17T19:26:36.545+0000] {logging_mixin.py:190} INFO - [2024-10-17T19:26:36.544+0000] {override.py:1900} INFO - Created Permission View: menu access on DAG Run:example_sensor_decorator
[2024-10-17T19:26:36.545+0000] {logging_mixin.py:190} INFO - [2024-10-17T19:26:36.545+0000] {dag.py:3239} INFO - Sync 1 DAGs
[2024-10-17T19:26:36.552+0000] {logging_mixin.py:190} INFO - [2024-10-17T19:26:36.551+0000] {dag.py:3262} INFO - Creating ORM DAG for example_sensor_decorator
[2024-10-17T19:26:36.552+0000] {logging_mixin.py:190} INFO - [2024-10-17T19:26:36.552+0000] {dag.py:4180} INFO - Setting next_dagrun for example_sensor_decorator to None, run_after=None
[2024-10-17T19:26:36.561+0000] {processor.py:208} INFO - Processing /home/airflow/.local/lib/python3.12/site-packages/airflow/example_dags/example_sensor_decorator.py took 0.096 seconds
[2024-10-17T19:27:07.154+0000] {processor.py:186} INFO - Started process (PID=160) to work on /home/airflow/.local/lib/python3.12/site-packages/airflow/example_dags/example_sensor_decorator.py
[2024-10-17T19:27:07.154+0000] {processor.py:914} INFO - Processing file /home/airflow/.local/lib/python3.12/site-packages/airflow/example_dags/example_sensor_decorator.py for tasks to queue
[2024-10-17T19:27:07.156+0000] {logging_mixin.py:190} INFO - [2024-10-17T19:27:07.156+0000] {dagbag.py:588} INFO - Filling up the DagBag from /home/airflow/.local/lib/python3.12/site-packages/airflow/example_dags/example_sensor_decorator.py
[2024-10-17T19:27:07.160+0000] {processor.py:925} INFO - DAG(s) 'example_sensor_decorator' retrieved from /home/airflow/.local/lib/python3.12/site-packages/airflow/example_dags/example_sensor_decorator.py
[2024-10-17T19:27:07.171+0000] {logging_mixin.py:190} INFO - [2024-10-17T19:27:07.171+0000] {dag.py:3239} INFO - Sync 1 DAGs
[2024-10-17T19:27:07.178+0000] {logging_mixin.py:190} INFO - [2024-10-17T19:27:07.178+0000] {dag.py:4180} INFO - Setting next_dagrun for example_sensor_decorator to None, run_after=None
[2024-10-17T19:27:07.187+0000] {processor.py:208} INFO - Processing /home/airflow/.local/lib/python3.12/site-packages/airflow/example_dags/example_sensor_decorator.py took 0.036 seconds
[2024-10-17T19:27:37.541+0000] {processor.py:186} INFO - Started process (PID=223) to work on /home/airflow/.local/lib/python3.12/site-packages/airflow/example_dags/example_sensor_decorator.py
[2024-10-17T19:27:37.541+0000] {processor.py:914} INFO - Processing file /home/airflow/.local/lib/python3.12/site-packages/airflow/example_dags/example_sensor_decorator.py for tasks to queue
[2024-10-17T19:27:37.543+0000] {logging_mixin.py:190} INFO - [2024-10-17T19:27:37.542+0000] {dagbag.py:588} INFO - Filling up the DagBag from /home/airflow/.local/lib/python3.12/site-packages/airflow/example_dags/example_sensor_decorator.py
[2024-10-17T19:27:37.547+0000] {processor.py:925} INFO - DAG(s) 'example_sensor_decorator' retrieved from /home/airflow/.local/lib/python3.12/site-packages/airflow/example_dags/example_sensor_decorator.py
[2024-10-17T19:27:37.558+0000] {logging_mixin.py:190} INFO - [2024-10-17T19:27:37.558+0000] {dag.py:3239} INFO - Sync 1 DAGs
[2024-10-17T19:27:37.564+0000] {logging_mixin.py:190} INFO - [2024-10-17T19:27:37.564+0000] {dag.py:4180} INFO - Setting next_dagrun for example_sensor_decorator to None, run_after=None
[2024-10-17T19:27:37.572+0000] {processor.py:208} INFO - Processing /home/airflow/.local/lib/python3.12/site-packages/airflow/example_dags/example_sensor_decorator.py took 0.035 seconds
[2024-10-17T19:28:08.157+0000] {processor.py:186} INFO - Started process (PID=286) to work on /home/airflow/.local/lib/python3.12/site-packages/airflow/example_dags/example_sensor_decorator.py
[2024-10-17T19:28:08.158+0000] {processor.py:914} INFO - Processing file /home/airflow/.local/lib/python3.12/site-packages/airflow/example_dags/example_sensor_decorator.py for tasks to queue
[2024-10-17T19:28:08.159+0000] {logging_mixin.py:190} INFO - [2024-10-17T19:28:08.159+0000] {dagbag.py:588} INFO - Filling up the DagBag from /home/airflow/.local/lib/python3.12/site-packages/airflow/example_dags/example_sensor_decorator.py
[2024-10-17T19:28:08.163+0000] {processor.py:925} INFO - DAG(s) 'example_sensor_decorator' retrieved from /home/airflow/.local/lib/python3.12/site-packages/airflow/example_dags/example_sensor_decorator.py
[2024-10-17T19:28:08.175+0000] {logging_mixin.py:190} INFO - [2024-10-17T19:28:08.175+0000] {dag.py:3239} INFO - Sync 1 DAGs
[2024-10-17T19:28:08.182+0000] {logging_mixin.py:190} INFO - [2024-10-17T19:28:08.182+0000] {dag.py:4180} INFO - Setting next_dagrun for example_sensor_decorator to None, run_after=None
[2024-10-17T19:28:08.190+0000] {processor.py:208} INFO - Processing /home/airflow/.local/lib/python3.12/site-packages/airflow/example_dags/example_sensor_decorator.py took 0.036 seconds
[2024-10-17T19:28:38.850+0000] {processor.py:186} INFO - Started process (PID=349) to work on /home/airflow/.local/lib/python3.12/site-packages/airflow/example_dags/example_sensor_decorator.py
[2024-10-17T19:28:38.851+0000] {processor.py:914} INFO - Processing file /home/airflow/.local/lib/python3.12/site-packages/airflow/example_dags/example_sensor_decorator.py for tasks to queue
[2024-10-17T19:28:38.853+0000] {logging_mixin.py:190} INFO - [2024-10-17T19:28:38.852+0000] {dagbag.py:588} INFO - Filling up the DagBag from /home/airflow/.local/lib/python3.12/site-packages/airflow/example_dags/example_sensor_decorator.py
[2024-10-17T19:28:38.858+0000] {processor.py:925} INFO - DAG(s) 'example_sensor_decorator' retrieved from /home/airflow/.local/lib/python3.12/site-packages/airflow/example_dags/example_sensor_decorator.py
[2024-10-17T19:28:38.869+0000] {logging_mixin.py:190} INFO - [2024-10-17T19:28:38.869+0000] {dag.py:3239} INFO - Sync 1 DAGs
[2024-10-17T19:28:38.876+0000] {logging_mixin.py:190} INFO - [2024-10-17T19:28:38.876+0000] {dag.py:4180} INFO - Setting next_dagrun for example_sensor_decorator to None, run_after=None
[2024-10-17T19:28:38.886+0000] {processor.py:208} INFO - Processing /home/airflow/.local/lib/python3.12/site-packages/airflow/example_dags/example_sensor_decorator.py took 0.039 seconds
[2024-10-17T19:29:09.602+0000] {processor.py:186} INFO - Started process (PID=412) to work on /home/airflow/.local/lib/python3.12/site-packages/airflow/example_dags/example_sensor_decorator.py
[2024-10-17T19:29:09.602+0000] {processor.py:914} INFO - Processing file /home/airflow/.local/lib/python3.12/site-packages/airflow/example_dags/example_sensor_decorator.py for tasks to queue
[2024-10-17T19:29:09.604+0000] {logging_mixin.py:190} INFO - [2024-10-17T19:29:09.604+0000] {dagbag.py:588} INFO - Filling up the DagBag from /home/airflow/.local/lib/python3.12/site-packages/airflow/example_dags/example_sensor_decorator.py
[2024-10-17T19:29:09.609+0000] {processor.py:925} INFO - DAG(s) 'example_sensor_decorator' retrieved from /home/airflow/.local/lib/python3.12/site-packages/airflow/example_dags/example_sensor_decorator.py
[2024-10-17T19:29:09.621+0000] {logging_mixin.py:190} INFO - [2024-10-17T19:29:09.621+0000] {dag.py:3239} INFO - Sync 1 DAGs
[2024-10-17T19:29:09.629+0000] {logging_mixin.py:190} INFO - [2024-10-17T19:29:09.628+0000] {dag.py:4180} INFO - Setting next_dagrun for example_sensor_decorator to None, run_after=None
[2024-10-17T19:29:09.637+0000] {processor.py:208} INFO - Processing /home/airflow/.local/lib/python3.12/site-packages/airflow/example_dags/example_sensor_decorator.py took 0.039 seconds
[2024-10-17T19:29:40.120+0000] {processor.py:186} INFO - Started process (PID=475) to work on /home/airflow/.local/lib/python3.12/site-packages/airflow/example_dags/example_sensor_decorator.py
[2024-10-17T19:29:40.121+0000] {processor.py:914} INFO - Processing file /home/airflow/.local/lib/python3.12/site-packages/airflow/example_dags/example_sensor_decorator.py for tasks to queue
[2024-10-17T19:29:40.122+0000] {logging_mixin.py:190} INFO - [2024-10-17T19:29:40.122+0000] {dagbag.py:588} INFO - Filling up the DagBag from /home/airflow/.local/lib/python3.12/site-packages/airflow/example_dags/example_sensor_decorator.py
[2024-10-17T19:29:40.127+0000] {processor.py:925} INFO - DAG(s) 'example_sensor_decorator' retrieved from /home/airflow/.local/lib/python3.12/site-packages/airflow/example_dags/example_sensor_decorator.py
[2024-10-17T19:29:40.138+0000] {logging_mixin.py:190} INFO - [2024-10-17T19:29:40.138+0000] {dag.py:3239} INFO - Sync 1 DAGs
[2024-10-17T19:29:40.145+0000] {logging_mixin.py:190} INFO - [2024-10-17T19:29:40.145+0000] {dag.py:4180} INFO - Setting next_dagrun for example_sensor_decorator to None, run_after=None
[2024-10-17T19:29:40.155+0000] {processor.py:208} INFO - Processing /home/airflow/.local/lib/python3.12/site-packages/airflow/example_dags/example_sensor_decorator.py took 0.038 seconds
[2024-10-17T19:30:10.656+0000] {processor.py:186} INFO - Started process (PID=538) to work on /home/airflow/.local/lib/python3.12/site-packages/airflow/example_dags/example_sensor_decorator.py
[2024-10-17T19:30:10.656+0000] {processor.py:914} INFO - Processing file /home/airflow/.local/lib/python3.12/site-packages/airflow/example_dags/example_sensor_decorator.py for tasks to queue
[2024-10-17T19:30:10.658+0000] {logging_mixin.py:190} INFO - [2024-10-17T19:30:10.657+0000] {dagbag.py:588} INFO - Filling up the DagBag from /home/airflow/.local/lib/python3.12/site-packages/airflow/example_dags/example_sensor_decorator.py
[2024-10-17T19:30:10.662+0000] {processor.py:925} INFO - DAG(s) 'example_sensor_decorator' retrieved from /home/airflow/.local/lib/python3.12/site-packages/airflow/example_dags/example_sensor_decorator.py
[2024-10-17T19:30:10.673+0000] {logging_mixin.py:190} INFO - [2024-10-17T19:30:10.673+0000] {dag.py:3239} INFO - Sync 1 DAGs
[2024-10-17T19:30:10.679+0000] {logging_mixin.py:190} INFO - [2024-10-17T19:30:10.679+0000] {dag.py:4180} INFO - Setting next_dagrun for example_sensor_decorator to None, run_after=None
[2024-10-17T19:30:10.687+0000] {processor.py:208} INFO - Processing /home/airflow/.local/lib/python3.12/site-packages/airflow/example_dags/example_sensor_decorator.py took 0.035 seconds
[2024-10-17T19:30:41.313+0000] {processor.py:186} INFO - Started process (PID=601) to work on /home/airflow/.local/lib/python3.12/site-packages/airflow/example_dags/example_sensor_decorator.py
[2024-10-17T19:30:41.314+0000] {processor.py:914} INFO - Processing file /home/airflow/.local/lib/python3.12/site-packages/airflow/example_dags/example_sensor_decorator.py for tasks to queue
[2024-10-17T19:30:41.316+0000] {logging_mixin.py:190} INFO - [2024-10-17T19:30:41.316+0000] {dagbag.py:588} INFO - Filling up the DagBag from /home/airflow/.local/lib/python3.12/site-packages/airflow/example_dags/example_sensor_decorator.py
[2024-10-17T19:30:41.321+0000] {processor.py:925} INFO - DAG(s) 'example_sensor_decorator' retrieved from /home/airflow/.local/lib/python3.12/site-packages/airflow/example_dags/example_sensor_decorator.py
[2024-10-17T19:30:41.331+0000] {logging_mixin.py:190} INFO - [2024-10-17T19:30:41.331+0000] {dag.py:3239} INFO - Sync 1 DAGs
[2024-10-17T19:30:41.338+0000] {logging_mixin.py:190} INFO - [2024-10-17T19:30:41.338+0000] {dag.py:4180} INFO - Setting next_dagrun for example_sensor_decorator to None, run_after=None
[2024-10-17T19:30:41.347+0000] {processor.py:208} INFO - Processing /home/airflow/.local/lib/python3.12/site-packages/airflow/example_dags/example_sensor_decorator.py took 0.039 seconds
[2024-10-17T19:31:11.671+0000] {processor.py:186} INFO - Started process (PID=664) to work on /home/airflow/.local/lib/python3.12/site-packages/airflow/example_dags/example_sensor_decorator.py
[2024-10-17T19:31:11.672+0000] {processor.py:914} INFO - Processing file /home/airflow/.local/lib/python3.12/site-packages/airflow/example_dags/example_sensor_decorator.py for tasks to queue
[2024-10-17T19:31:11.673+0000] {logging_mixin.py:190} INFO - [2024-10-17T19:31:11.673+0000] {dagbag.py:588} INFO - Filling up the DagBag from /home/airflow/.local/lib/python3.12/site-packages/airflow/example_dags/example_sensor_decorator.py
[2024-10-17T19:31:11.678+0000] {processor.py:925} INFO - DAG(s) 'example_sensor_decorator' retrieved from /home/airflow/.local/lib/python3.12/site-packages/airflow/example_dags/example_sensor_decorator.py
[2024-10-17T19:31:11.687+0000] {logging_mixin.py:190} INFO - [2024-10-17T19:31:11.687+0000] {dag.py:3239} INFO - Sync 1 DAGs
[2024-10-17T19:31:11.695+0000] {logging_mixin.py:190} INFO - [2024-10-17T19:31:11.695+0000] {dag.py:4180} INFO - Setting next_dagrun for example_sensor_decorator to None, run_after=None
[2024-10-17T19:31:11.704+0000] {processor.py:208} INFO - Processing /home/airflow/.local/lib/python3.12/site-packages/airflow/example_dags/example_sensor_decorator.py took 0.036 seconds
[2024-10-17T19:31:42.277+0000] {processor.py:186} INFO - Started process (PID=727) to work on /home/airflow/.local/lib/python3.12/site-packages/airflow/example_dags/example_sensor_decorator.py
[2024-10-17T19:31:42.278+0000] {processor.py:914} INFO - Processing file /home/airflow/.local/lib/python3.12/site-packages/airflow/example_dags/example_sensor_decorator.py for tasks to queue
[2024-10-17T19:31:42.280+0000] {logging_mixin.py:190} INFO - [2024-10-17T19:31:42.279+0000] {dagbag.py:588} INFO - Filling up the DagBag from /home/airflow/.local/lib/python3.12/site-packages/airflow/example_dags/example_sensor_decorator.py
[2024-10-17T19:31:42.285+0000] {processor.py:925} INFO - DAG(s) 'example_sensor_decorator' retrieved from /home/airflow/.local/lib/python3.12/site-packages/airflow/example_dags/example_sensor_decorator.py
[2024-10-17T19:31:42.296+0000] {logging_mixin.py:190} INFO - [2024-10-17T19:31:42.296+0000] {dag.py:3239} INFO - Sync 1 DAGs
[2024-10-17T19:31:42.304+0000] {logging_mixin.py:190} INFO - [2024-10-17T19:31:42.304+0000] {dag.py:4180} INFO - Setting next_dagrun for example_sensor_decorator to None, run_after=None
[2024-10-17T19:31:42.313+0000] {processor.py:208} INFO - Processing /home/airflow/.local/lib/python3.12/site-packages/airflow/example_dags/example_sensor_decorator.py took 0.039 seconds
[2024-10-17T19:33:33.770+0000] {processor.py:186} INFO - Started process (PID=97) to work on /home/airflow/.local/lib/python3.12/site-packages/airflow/example_dags/example_sensor_decorator.py
[2024-10-17T19:33:33.771+0000] {processor.py:914} INFO - Processing file /home/airflow/.local/lib/python3.12/site-packages/airflow/example_dags/example_sensor_decorator.py for tasks to queue
[2024-10-17T19:33:33.772+0000] {logging_mixin.py:190} INFO - [2024-10-17T19:33:33.772+0000] {dagbag.py:588} INFO - Filling up the DagBag from /home/airflow/.local/lib/python3.12/site-packages/airflow/example_dags/example_sensor_decorator.py
[2024-10-17T19:33:33.777+0000] {processor.py:925} INFO - DAG(s) 'example_sensor_decorator' retrieved from /home/airflow/.local/lib/python3.12/site-packages/airflow/example_dags/example_sensor_decorator.py
[2024-10-17T19:33:33.829+0000] {logging_mixin.py:190} INFO - [2024-10-17T19:33:33.829+0000] {override.py:1900} INFO - Created Permission View: can edit on DAG:example_sensor_decorator
[2024-10-17T19:33:33.834+0000] {logging_mixin.py:190} INFO - [2024-10-17T19:33:33.834+0000] {override.py:1900} INFO - Created Permission View: can delete on DAG:example_sensor_decorator
[2024-10-17T19:33:33.837+0000] {logging_mixin.py:190} INFO - [2024-10-17T19:33:33.837+0000] {override.py:1900} INFO - Created Permission View: can read on DAG:example_sensor_decorator
[2024-10-17T19:33:33.840+0000] {logging_mixin.py:190} INFO - [2024-10-17T19:33:33.840+0000] {override.py:1900} INFO - Created Permission View: menu access on DAG Run:example_sensor_decorator
[2024-10-17T19:33:33.843+0000] {logging_mixin.py:190} INFO - [2024-10-17T19:33:33.843+0000] {override.py:1900} INFO - Created Permission View: can create on DAG Run:example_sensor_decorator
[2024-10-17T19:33:33.846+0000] {logging_mixin.py:190} INFO - [2024-10-17T19:33:33.846+0000] {override.py:1900} INFO - Created Permission View: can delete on DAG Run:example_sensor_decorator
[2024-10-17T19:33:33.848+0000] {logging_mixin.py:190} INFO - [2024-10-17T19:33:33.848+0000] {override.py:1900} INFO - Created Permission View: can read on DAG Run:example_sensor_decorator
[2024-10-17T19:33:33.848+0000] {logging_mixin.py:190} INFO - [2024-10-17T19:33:33.848+0000] {dag.py:3239} INFO - Sync 1 DAGs
[2024-10-17T19:33:33.855+0000] {logging_mixin.py:190} INFO - [2024-10-17T19:33:33.855+0000] {dag.py:3262} INFO - Creating ORM DAG for example_sensor_decorator
[2024-10-17T19:33:33.855+0000] {logging_mixin.py:190} INFO - [2024-10-17T19:33:33.855+0000] {dag.py:4180} INFO - Setting next_dagrun for example_sensor_decorator to None, run_after=None
[2024-10-17T19:33:33.862+0000] {processor.py:208} INFO - Processing /home/airflow/.local/lib/python3.12/site-packages/airflow/example_dags/example_sensor_decorator.py took 0.096 seconds
[2024-10-17T19:34:04.296+0000] {processor.py:186} INFO - Started process (PID=160) to work on /home/airflow/.local/lib/python3.12/site-packages/airflow/example_dags/example_sensor_decorator.py
[2024-10-17T19:34:04.296+0000] {processor.py:914} INFO - Processing file /home/airflow/.local/lib/python3.12/site-packages/airflow/example_dags/example_sensor_decorator.py for tasks to queue
[2024-10-17T19:34:04.298+0000] {logging_mixin.py:190} INFO - [2024-10-17T19:34:04.298+0000] {dagbag.py:588} INFO - Filling up the DagBag from /home/airflow/.local/lib/python3.12/site-packages/airflow/example_dags/example_sensor_decorator.py
[2024-10-17T19:34:04.302+0000] {processor.py:925} INFO - DAG(s) 'example_sensor_decorator' retrieved from /home/airflow/.local/lib/python3.12/site-packages/airflow/example_dags/example_sensor_decorator.py
[2024-10-17T19:34:04.311+0000] {logging_mixin.py:190} INFO - [2024-10-17T19:34:04.311+0000] {dag.py:3239} INFO - Sync 1 DAGs
[2024-10-17T19:34:04.318+0000] {logging_mixin.py:190} INFO - [2024-10-17T19:34:04.318+0000] {dag.py:4180} INFO - Setting next_dagrun for example_sensor_decorator to None, run_after=None
[2024-10-17T19:34:04.327+0000] {processor.py:208} INFO - Processing /home/airflow/.local/lib/python3.12/site-packages/airflow/example_dags/example_sensor_decorator.py took 0.034 seconds
[2024-10-17T19:34:34.590+0000] {processor.py:186} INFO - Started process (PID=223) to work on /home/airflow/.local/lib/python3.12/site-packages/airflow/example_dags/example_sensor_decorator.py
[2024-10-17T19:34:34.590+0000] {processor.py:914} INFO - Processing file /home/airflow/.local/lib/python3.12/site-packages/airflow/example_dags/example_sensor_decorator.py for tasks to queue
[2024-10-17T19:34:34.592+0000] {logging_mixin.py:190} INFO - [2024-10-17T19:34:34.591+0000] {dagbag.py:588} INFO - Filling up the DagBag from /home/airflow/.local/lib/python3.12/site-packages/airflow/example_dags/example_sensor_decorator.py
[2024-10-17T19:34:34.597+0000] {processor.py:925} INFO - DAG(s) 'example_sensor_decorator' retrieved from /home/airflow/.local/lib/python3.12/site-packages/airflow/example_dags/example_sensor_decorator.py
[2024-10-17T19:34:34.607+0000] {logging_mixin.py:190} INFO - [2024-10-17T19:34:34.607+0000] {dag.py:3239} INFO - Sync 1 DAGs
[2024-10-17T19:34:34.614+0000] {logging_mixin.py:190} INFO - [2024-10-17T19:34:34.614+0000] {dag.py:4180} INFO - Setting next_dagrun for example_sensor_decorator to None, run_after=None
[2024-10-17T19:34:34.623+0000] {processor.py:208} INFO - Processing /home/airflow/.local/lib/python3.12/site-packages/airflow/example_dags/example_sensor_decorator.py took 0.037 seconds
[2024-10-17T19:35:04.969+0000] {processor.py:186} INFO - Started process (PID=286) to work on /home/airflow/.local/lib/python3.12/site-packages/airflow/example_dags/example_sensor_decorator.py
[2024-10-17T19:35:04.969+0000] {processor.py:914} INFO - Processing file /home/airflow/.local/lib/python3.12/site-packages/airflow/example_dags/example_sensor_decorator.py for tasks to queue
[2024-10-17T19:35:04.971+0000] {logging_mixin.py:190} INFO - [2024-10-17T19:35:04.971+0000] {dagbag.py:588} INFO - Filling up the DagBag from /home/airflow/.local/lib/python3.12/site-packages/airflow/example_dags/example_sensor_decorator.py
[2024-10-17T19:35:04.975+0000] {processor.py:925} INFO - DAG(s) 'example_sensor_decorator' retrieved from /home/airflow/.local/lib/python3.12/site-packages/airflow/example_dags/example_sensor_decorator.py
[2024-10-17T19:35:04.985+0000] {logging_mixin.py:190} INFO - [2024-10-17T19:35:04.984+0000] {dag.py:3239} INFO - Sync 1 DAGs
[2024-10-17T19:35:04.992+0000] {logging_mixin.py:190} INFO - [2024-10-17T19:35:04.992+0000] {dag.py:4180} INFO - Setting next_dagrun for example_sensor_decorator to None, run_after=None
[2024-10-17T19:35:05.000+0000] {processor.py:208} INFO - Processing /home/airflow/.local/lib/python3.12/site-packages/airflow/example_dags/example_sensor_decorator.py took 0.034 seconds
[2024-10-17T19:35:35.682+0000] {processor.py:186} INFO - Started process (PID=349) to work on /home/airflow/.local/lib/python3.12/site-packages/airflow/example_dags/example_sensor_decorator.py
[2024-10-17T19:35:35.683+0000] {processor.py:914} INFO - Processing file /home/airflow/.local/lib/python3.12/site-packages/airflow/example_dags/example_sensor_decorator.py for tasks to queue
[2024-10-17T19:35:35.684+0000] {logging_mixin.py:190} INFO - [2024-10-17T19:35:35.684+0000] {dagbag.py:588} INFO - Filling up the DagBag from /home/airflow/.local/lib/python3.12/site-packages/airflow/example_dags/example_sensor_decorator.py
[2024-10-17T19:35:35.689+0000] {processor.py:925} INFO - DAG(s) 'example_sensor_decorator' retrieved from /home/airflow/.local/lib/python3.12/site-packages/airflow/example_dags/example_sensor_decorator.py
[2024-10-17T19:35:35.701+0000] {logging_mixin.py:190} INFO - [2024-10-17T19:35:35.701+0000] {dag.py:3239} INFO - Sync 1 DAGs
[2024-10-17T19:35:35.708+0000] {logging_mixin.py:190} INFO - [2024-10-17T19:35:35.707+0000] {dag.py:4180} INFO - Setting next_dagrun for example_sensor_decorator to None, run_after=None
[2024-10-17T19:35:35.717+0000] {processor.py:208} INFO - Processing /home/airflow/.local/lib/python3.12/site-packages/airflow/example_dags/example_sensor_decorator.py took 0.039 seconds
[2024-10-17T19:36:06.403+0000] {processor.py:186} INFO - Started process (PID=412) to work on /home/airflow/.local/lib/python3.12/site-packages/airflow/example_dags/example_sensor_decorator.py
[2024-10-17T19:36:06.404+0000] {processor.py:914} INFO - Processing file /home/airflow/.local/lib/python3.12/site-packages/airflow/example_dags/example_sensor_decorator.py for tasks to queue
[2024-10-17T19:36:06.405+0000] {logging_mixin.py:190} INFO - [2024-10-17T19:36:06.405+0000] {dagbag.py:588} INFO - Filling up the DagBag from /home/airflow/.local/lib/python3.12/site-packages/airflow/example_dags/example_sensor_decorator.py
[2024-10-17T19:36:06.411+0000] {processor.py:925} INFO - DAG(s) 'example_sensor_decorator' retrieved from /home/airflow/.local/lib/python3.12/site-packages/airflow/example_dags/example_sensor_decorator.py
[2024-10-17T19:36:06.421+0000] {logging_mixin.py:190} INFO - [2024-10-17T19:36:06.421+0000] {dag.py:3239} INFO - Sync 1 DAGs
[2024-10-17T19:36:06.428+0000] {logging_mixin.py:190} INFO - [2024-10-17T19:36:06.428+0000] {dag.py:4180} INFO - Setting next_dagrun for example_sensor_decorator to None, run_after=None
[2024-10-17T19:36:06.437+0000] {processor.py:208} INFO - Processing /home/airflow/.local/lib/python3.12/site-packages/airflow/example_dags/example_sensor_decorator.py took 0.038 seconds
[2024-10-17T19:36:37.003+0000] {processor.py:186} INFO - Started process (PID=475) to work on /home/airflow/.local/lib/python3.12/site-packages/airflow/example_dags/example_sensor_decorator.py
[2024-10-17T19:36:37.003+0000] {processor.py:914} INFO - Processing file /home/airflow/.local/lib/python3.12/site-packages/airflow/example_dags/example_sensor_decorator.py for tasks to queue
[2024-10-17T19:36:37.005+0000] {logging_mixin.py:190} INFO - [2024-10-17T19:36:37.005+0000] {dagbag.py:588} INFO - Filling up the DagBag from /home/airflow/.local/lib/python3.12/site-packages/airflow/example_dags/example_sensor_decorator.py
[2024-10-17T19:36:37.010+0000] {processor.py:925} INFO - DAG(s) 'example_sensor_decorator' retrieved from /home/airflow/.local/lib/python3.12/site-packages/airflow/example_dags/example_sensor_decorator.py
[2024-10-17T19:36:37.020+0000] {logging_mixin.py:190} INFO - [2024-10-17T19:36:37.020+0000] {dag.py:3239} INFO - Sync 1 DAGs
[2024-10-17T19:36:37.027+0000] {logging_mixin.py:190} INFO - [2024-10-17T19:36:37.027+0000] {dag.py:4180} INFO - Setting next_dagrun for example_sensor_decorator to None, run_after=None
[2024-10-17T19:36:37.037+0000] {processor.py:208} INFO - Processing /home/airflow/.local/lib/python3.12/site-packages/airflow/example_dags/example_sensor_decorator.py took 0.037 seconds
[2024-10-17T19:37:07.630+0000] {processor.py:186} INFO - Started process (PID=539) to work on /home/airflow/.local/lib/python3.12/site-packages/airflow/example_dags/example_sensor_decorator.py
[2024-10-17T19:37:07.631+0000] {processor.py:914} INFO - Processing file /home/airflow/.local/lib/python3.12/site-packages/airflow/example_dags/example_sensor_decorator.py for tasks to queue
[2024-10-17T19:37:07.632+0000] {logging_mixin.py:190} INFO - [2024-10-17T19:37:07.632+0000] {dagbag.py:588} INFO - Filling up the DagBag from /home/airflow/.local/lib/python3.12/site-packages/airflow/example_dags/example_sensor_decorator.py
[2024-10-17T19:37:07.637+0000] {processor.py:925} INFO - DAG(s) 'example_sensor_decorator' retrieved from /home/airflow/.local/lib/python3.12/site-packages/airflow/example_dags/example_sensor_decorator.py
[2024-10-17T19:37:07.647+0000] {logging_mixin.py:190} INFO - [2024-10-17T19:37:07.647+0000] {dag.py:3239} INFO - Sync 1 DAGs
[2024-10-17T19:37:07.654+0000] {logging_mixin.py:190} INFO - [2024-10-17T19:37:07.654+0000] {dag.py:4180} INFO - Setting next_dagrun for example_sensor_decorator to None, run_after=None
[2024-10-17T19:37:07.662+0000] {processor.py:208} INFO - Processing /home/airflow/.local/lib/python3.12/site-packages/airflow/example_dags/example_sensor_decorator.py took 0.036 seconds
[2024-10-17T19:39:20.042+0000] {processor.py:186} INFO - Started process (PID=97) to work on /home/airflow/.local/lib/python3.12/site-packages/airflow/example_dags/example_sensor_decorator.py
[2024-10-17T19:39:20.043+0000] {processor.py:914} INFO - Processing file /home/airflow/.local/lib/python3.12/site-packages/airflow/example_dags/example_sensor_decorator.py for tasks to queue
[2024-10-17T19:39:20.044+0000] {logging_mixin.py:190} INFO - [2024-10-17T19:39:20.044+0000] {dagbag.py:588} INFO - Filling up the DagBag from /home/airflow/.local/lib/python3.12/site-packages/airflow/example_dags/example_sensor_decorator.py
[2024-10-17T19:39:20.049+0000] {processor.py:925} INFO - DAG(s) 'example_sensor_decorator' retrieved from /home/airflow/.local/lib/python3.12/site-packages/airflow/example_dags/example_sensor_decorator.py
[2024-10-17T19:39:20.101+0000] {logging_mixin.py:190} INFO - [2024-10-17T19:39:20.101+0000] {override.py:1900} INFO - Created Permission View: can read on DAG:example_sensor_decorator
[2024-10-17T19:39:20.105+0000] {logging_mixin.py:190} INFO - [2024-10-17T19:39:20.105+0000] {override.py:1900} INFO - Created Permission View: can delete on DAG:example_sensor_decorator
[2024-10-17T19:39:20.108+0000] {logging_mixin.py:190} INFO - [2024-10-17T19:39:20.107+0000] {override.py:1900} INFO - Created Permission View: can edit on DAG:example_sensor_decorator
[2024-10-17T19:39:20.112+0000] {logging_mixin.py:190} INFO - [2024-10-17T19:39:20.111+0000] {override.py:1900} INFO - Created Permission View: can read on DAG Run:example_sensor_decorator
[2024-10-17T19:39:20.115+0000] {logging_mixin.py:190} INFO - [2024-10-17T19:39:20.115+0000] {override.py:1900} INFO - Created Permission View: can create on DAG Run:example_sensor_decorator
[2024-10-17T19:39:20.117+0000] {logging_mixin.py:190} INFO - [2024-10-17T19:39:20.117+0000] {override.py:1900} INFO - Created Permission View: can delete on DAG Run:example_sensor_decorator
[2024-10-17T19:39:20.120+0000] {logging_mixin.py:190} INFO - [2024-10-17T19:39:20.120+0000] {override.py:1900} INFO - Created Permission View: menu access on DAG Run:example_sensor_decorator
[2024-10-17T19:39:20.121+0000] {logging_mixin.py:190} INFO - [2024-10-17T19:39:20.121+0000] {dag.py:3239} INFO - Sync 1 DAGs
[2024-10-17T19:39:20.128+0000] {logging_mixin.py:190} INFO - [2024-10-17T19:39:20.127+0000] {dag.py:3262} INFO - Creating ORM DAG for example_sensor_decorator
[2024-10-17T19:39:20.128+0000] {logging_mixin.py:190} INFO - [2024-10-17T19:39:20.128+0000] {dag.py:4180} INFO - Setting next_dagrun for example_sensor_decorator to None, run_after=None
[2024-10-17T19:39:20.136+0000] {processor.py:208} INFO - Processing /home/airflow/.local/lib/python3.12/site-packages/airflow/example_dags/example_sensor_decorator.py took 0.098 seconds
[2024-10-17T19:39:50.583+0000] {processor.py:186} INFO - Started process (PID=160) to work on /home/airflow/.local/lib/python3.12/site-packages/airflow/example_dags/example_sensor_decorator.py
[2024-10-17T19:39:50.584+0000] {processor.py:914} INFO - Processing file /home/airflow/.local/lib/python3.12/site-packages/airflow/example_dags/example_sensor_decorator.py for tasks to queue
[2024-10-17T19:39:50.585+0000] {logging_mixin.py:190} INFO - [2024-10-17T19:39:50.585+0000] {dagbag.py:588} INFO - Filling up the DagBag from /home/airflow/.local/lib/python3.12/site-packages/airflow/example_dags/example_sensor_decorator.py
[2024-10-17T19:39:50.590+0000] {processor.py:925} INFO - DAG(s) 'example_sensor_decorator' retrieved from /home/airflow/.local/lib/python3.12/site-packages/airflow/example_dags/example_sensor_decorator.py
[2024-10-17T19:39:50.601+0000] {logging_mixin.py:190} INFO - [2024-10-17T19:39:50.601+0000] {dag.py:3239} INFO - Sync 1 DAGs
[2024-10-17T19:39:50.608+0000] {logging_mixin.py:190} INFO - [2024-10-17T19:39:50.608+0000] {dag.py:4180} INFO - Setting next_dagrun for example_sensor_decorator to None, run_after=None
[2024-10-17T19:39:50.617+0000] {processor.py:208} INFO - Processing /home/airflow/.local/lib/python3.12/site-packages/airflow/example_dags/example_sensor_decorator.py took 0.037 seconds
[2024-10-17T19:40:20.965+0000] {processor.py:186} INFO - Started process (PID=223) to work on /home/airflow/.local/lib/python3.12/site-packages/airflow/example_dags/example_sensor_decorator.py
[2024-10-17T19:40:20.966+0000] {processor.py:914} INFO - Processing file /home/airflow/.local/lib/python3.12/site-packages/airflow/example_dags/example_sensor_decorator.py for tasks to queue
[2024-10-17T19:40:20.967+0000] {logging_mixin.py:190} INFO - [2024-10-17T19:40:20.967+0000] {dagbag.py:588} INFO - Filling up the DagBag from /home/airflow/.local/lib/python3.12/site-packages/airflow/example_dags/example_sensor_decorator.py
[2024-10-17T19:40:20.972+0000] {processor.py:925} INFO - DAG(s) 'example_sensor_decorator' retrieved from /home/airflow/.local/lib/python3.12/site-packages/airflow/example_dags/example_sensor_decorator.py
[2024-10-17T19:40:20.983+0000] {logging_mixin.py:190} INFO - [2024-10-17T19:40:20.983+0000] {dag.py:3239} INFO - Sync 1 DAGs
[2024-10-17T19:40:20.990+0000] {logging_mixin.py:190} INFO - [2024-10-17T19:40:20.990+0000] {dag.py:4180} INFO - Setting next_dagrun for example_sensor_decorator to None, run_after=None
[2024-10-17T19:40:20.999+0000] {processor.py:208} INFO - Processing /home/airflow/.local/lib/python3.12/site-packages/airflow/example_dags/example_sensor_decorator.py took 0.037 seconds
[2024-10-17T19:40:51.380+0000] {processor.py:186} INFO - Started process (PID=286) to work on /home/airflow/.local/lib/python3.12/site-packages/airflow/example_dags/example_sensor_decorator.py
[2024-10-17T19:40:51.380+0000] {processor.py:914} INFO - Processing file /home/airflow/.local/lib/python3.12/site-packages/airflow/example_dags/example_sensor_decorator.py for tasks to queue
[2024-10-17T19:40:51.382+0000] {logging_mixin.py:190} INFO - [2024-10-17T19:40:51.382+0000] {dagbag.py:588} INFO - Filling up the DagBag from /home/airflow/.local/lib/python3.12/site-packages/airflow/example_dags/example_sensor_decorator.py
[2024-10-17T19:40:51.387+0000] {processor.py:925} INFO - DAG(s) 'example_sensor_decorator' retrieved from /home/airflow/.local/lib/python3.12/site-packages/airflow/example_dags/example_sensor_decorator.py
[2024-10-17T19:40:51.399+0000] {logging_mixin.py:190} INFO - [2024-10-17T19:40:51.399+0000] {dag.py:3239} INFO - Sync 1 DAGs
[2024-10-17T19:40:51.406+0000] {logging_mixin.py:190} INFO - [2024-10-17T19:40:51.406+0000] {dag.py:4180} INFO - Setting next_dagrun for example_sensor_decorator to None, run_after=None
[2024-10-17T19:40:51.416+0000] {processor.py:208} INFO - Processing /home/airflow/.local/lib/python3.12/site-packages/airflow/example_dags/example_sensor_decorator.py took 0.040 seconds
[2024-10-17T19:41:22.083+0000] {processor.py:186} INFO - Started process (PID=349) to work on /home/airflow/.local/lib/python3.12/site-packages/airflow/example_dags/example_sensor_decorator.py
[2024-10-17T19:41:22.084+0000] {processor.py:914} INFO - Processing file /home/airflow/.local/lib/python3.12/site-packages/airflow/example_dags/example_sensor_decorator.py for tasks to queue
[2024-10-17T19:41:22.085+0000] {logging_mixin.py:190} INFO - [2024-10-17T19:41:22.085+0000] {dagbag.py:588} INFO - Filling up the DagBag from /home/airflow/.local/lib/python3.12/site-packages/airflow/example_dags/example_sensor_decorator.py
[2024-10-17T19:41:22.090+0000] {processor.py:925} INFO - DAG(s) 'example_sensor_decorator' retrieved from /home/airflow/.local/lib/python3.12/site-packages/airflow/example_dags/example_sensor_decorator.py
[2024-10-17T19:41:22.104+0000] {logging_mixin.py:190} INFO - [2024-10-17T19:41:22.104+0000] {dag.py:3239} INFO - Sync 1 DAGs
[2024-10-17T19:41:22.115+0000] {logging_mixin.py:190} INFO - [2024-10-17T19:41:22.115+0000] {dag.py:4180} INFO - Setting next_dagrun for example_sensor_decorator to None, run_after=None
[2024-10-17T19:41:22.129+0000] {processor.py:208} INFO - Processing /home/airflow/.local/lib/python3.12/site-packages/airflow/example_dags/example_sensor_decorator.py took 0.051 seconds
[2024-10-17T19:41:52.700+0000] {processor.py:186} INFO - Started process (PID=412) to work on /home/airflow/.local/lib/python3.12/site-packages/airflow/example_dags/example_sensor_decorator.py
[2024-10-17T19:41:52.701+0000] {processor.py:914} INFO - Processing file /home/airflow/.local/lib/python3.12/site-packages/airflow/example_dags/example_sensor_decorator.py for tasks to queue
[2024-10-17T19:41:52.702+0000] {logging_mixin.py:190} INFO - [2024-10-17T19:41:52.702+0000] {dagbag.py:588} INFO - Filling up the DagBag from /home/airflow/.local/lib/python3.12/site-packages/airflow/example_dags/example_sensor_decorator.py
[2024-10-17T19:41:52.707+0000] {processor.py:925} INFO - DAG(s) 'example_sensor_decorator' retrieved from /home/airflow/.local/lib/python3.12/site-packages/airflow/example_dags/example_sensor_decorator.py
[2024-10-17T19:41:52.719+0000] {logging_mixin.py:190} INFO - [2024-10-17T19:41:52.719+0000] {dag.py:3239} INFO - Sync 1 DAGs
[2024-10-17T19:41:52.726+0000] {logging_mixin.py:190} INFO - [2024-10-17T19:41:52.726+0000] {dag.py:4180} INFO - Setting next_dagrun for example_sensor_decorator to None, run_after=None
[2024-10-17T19:41:52.735+0000] {processor.py:208} INFO - Processing /home/airflow/.local/lib/python3.12/site-packages/airflow/example_dags/example_sensor_decorator.py took 0.039 seconds
[2024-10-17T19:42:23.316+0000] {processor.py:186} INFO - Started process (PID=475) to work on /home/airflow/.local/lib/python3.12/site-packages/airflow/example_dags/example_sensor_decorator.py
[2024-10-17T19:42:23.317+0000] {processor.py:914} INFO - Processing file /home/airflow/.local/lib/python3.12/site-packages/airflow/example_dags/example_sensor_decorator.py for tasks to queue
[2024-10-17T19:42:23.319+0000] {logging_mixin.py:190} INFO - [2024-10-17T19:42:23.319+0000] {dagbag.py:588} INFO - Filling up the DagBag from /home/airflow/.local/lib/python3.12/site-packages/airflow/example_dags/example_sensor_decorator.py
[2024-10-17T19:42:23.324+0000] {processor.py:925} INFO - DAG(s) 'example_sensor_decorator' retrieved from /home/airflow/.local/lib/python3.12/site-packages/airflow/example_dags/example_sensor_decorator.py
[2024-10-17T19:42:23.336+0000] {logging_mixin.py:190} INFO - [2024-10-17T19:42:23.335+0000] {dag.py:3239} INFO - Sync 1 DAGs
[2024-10-17T19:42:23.343+0000] {logging_mixin.py:190} INFO - [2024-10-17T19:42:23.343+0000] {dag.py:4180} INFO - Setting next_dagrun for example_sensor_decorator to None, run_after=None
[2024-10-17T19:42:23.356+0000] {processor.py:208} INFO - Processing /home/airflow/.local/lib/python3.12/site-packages/airflow/example_dags/example_sensor_decorator.py took 0.043 seconds
[2024-10-17T19:44:02.160+0000] {processor.py:186} INFO - Started process (PID=97) to work on /home/airflow/.local/lib/python3.12/site-packages/airflow/example_dags/example_sensor_decorator.py
[2024-10-17T19:44:02.161+0000] {processor.py:914} INFO - Processing file /home/airflow/.local/lib/python3.12/site-packages/airflow/example_dags/example_sensor_decorator.py for tasks to queue
[2024-10-17T19:44:02.162+0000] {logging_mixin.py:190} INFO - [2024-10-17T19:44:02.162+0000] {dagbag.py:588} INFO - Filling up the DagBag from /home/airflow/.local/lib/python3.12/site-packages/airflow/example_dags/example_sensor_decorator.py
[2024-10-17T19:44:02.167+0000] {processor.py:925} INFO - DAG(s) 'example_sensor_decorator' retrieved from /home/airflow/.local/lib/python3.12/site-packages/airflow/example_dags/example_sensor_decorator.py
[2024-10-17T19:44:02.216+0000] {logging_mixin.py:190} INFO - [2024-10-17T19:44:02.216+0000] {override.py:1900} INFO - Created Permission View: can delete on DAG:example_sensor_decorator
[2024-10-17T19:44:02.220+0000] {logging_mixin.py:190} INFO - [2024-10-17T19:44:02.220+0000] {override.py:1900} INFO - Created Permission View: can edit on DAG:example_sensor_decorator
[2024-10-17T19:44:02.223+0000] {logging_mixin.py:190} INFO - [2024-10-17T19:44:02.222+0000] {override.py:1900} INFO - Created Permission View: can read on DAG:example_sensor_decorator
[2024-10-17T19:44:02.225+0000] {logging_mixin.py:190} INFO - [2024-10-17T19:44:02.225+0000] {override.py:1900} INFO - Created Permission View: can delete on DAG Run:example_sensor_decorator
[2024-10-17T19:44:02.228+0000] {logging_mixin.py:190} INFO - [2024-10-17T19:44:02.228+0000] {override.py:1900} INFO - Created Permission View: can create on DAG Run:example_sensor_decorator
[2024-10-17T19:44:02.231+0000] {logging_mixin.py:190} INFO - [2024-10-17T19:44:02.231+0000] {override.py:1900} INFO - Created Permission View: menu access on DAG Run:example_sensor_decorator
[2024-10-17T19:44:02.233+0000] {logging_mixin.py:190} INFO - [2024-10-17T19:44:02.233+0000] {override.py:1900} INFO - Created Permission View: can read on DAG Run:example_sensor_decorator
[2024-10-17T19:44:02.234+0000] {logging_mixin.py:190} INFO - [2024-10-17T19:44:02.234+0000] {dag.py:3239} INFO - Sync 1 DAGs
[2024-10-17T19:44:02.240+0000] {logging_mixin.py:190} INFO - [2024-10-17T19:44:02.240+0000] {dag.py:3262} INFO - Creating ORM DAG for example_sensor_decorator
[2024-10-17T19:44:02.241+0000] {logging_mixin.py:190} INFO - [2024-10-17T19:44:02.241+0000] {dag.py:4180} INFO - Setting next_dagrun for example_sensor_decorator to None, run_after=None
[2024-10-17T19:44:02.247+0000] {processor.py:208} INFO - Processing /home/airflow/.local/lib/python3.12/site-packages/airflow/example_dags/example_sensor_decorator.py took 0.091 seconds
[2024-10-17T19:44:32.993+0000] {processor.py:186} INFO - Started process (PID=160) to work on /home/airflow/.local/lib/python3.12/site-packages/airflow/example_dags/example_sensor_decorator.py
[2024-10-17T19:44:32.994+0000] {processor.py:914} INFO - Processing file /home/airflow/.local/lib/python3.12/site-packages/airflow/example_dags/example_sensor_decorator.py for tasks to queue
[2024-10-17T19:44:32.995+0000] {logging_mixin.py:190} INFO - [2024-10-17T19:44:32.995+0000] {dagbag.py:588} INFO - Filling up the DagBag from /home/airflow/.local/lib/python3.12/site-packages/airflow/example_dags/example_sensor_decorator.py
[2024-10-17T19:44:33.000+0000] {processor.py:925} INFO - DAG(s) 'example_sensor_decorator' retrieved from /home/airflow/.local/lib/python3.12/site-packages/airflow/example_dags/example_sensor_decorator.py
[2024-10-17T19:44:33.011+0000] {logging_mixin.py:190} INFO - [2024-10-17T19:44:33.010+0000] {dag.py:3239} INFO - Sync 1 DAGs
[2024-10-17T19:44:33.018+0000] {logging_mixin.py:190} INFO - [2024-10-17T19:44:33.018+0000] {dag.py:4180} INFO - Setting next_dagrun for example_sensor_decorator to None, run_after=None
[2024-10-17T19:44:33.027+0000] {processor.py:208} INFO - Processing /home/airflow/.local/lib/python3.12/site-packages/airflow/example_dags/example_sensor_decorator.py took 0.037 seconds
[2024-10-17T19:45:03.608+0000] {processor.py:186} INFO - Started process (PID=223) to work on /home/airflow/.local/lib/python3.12/site-packages/airflow/example_dags/example_sensor_decorator.py
[2024-10-17T19:45:03.609+0000] {processor.py:914} INFO - Processing file /home/airflow/.local/lib/python3.12/site-packages/airflow/example_dags/example_sensor_decorator.py for tasks to queue
[2024-10-17T19:45:03.611+0000] {logging_mixin.py:190} INFO - [2024-10-17T19:45:03.610+0000] {dagbag.py:588} INFO - Filling up the DagBag from /home/airflow/.local/lib/python3.12/site-packages/airflow/example_dags/example_sensor_decorator.py
[2024-10-17T19:45:03.617+0000] {processor.py:925} INFO - DAG(s) 'example_sensor_decorator' retrieved from /home/airflow/.local/lib/python3.12/site-packages/airflow/example_dags/example_sensor_decorator.py
[2024-10-17T19:45:03.629+0000] {logging_mixin.py:190} INFO - [2024-10-17T19:45:03.629+0000] {dag.py:3239} INFO - Sync 1 DAGs
[2024-10-17T19:45:03.637+0000] {logging_mixin.py:190} INFO - [2024-10-17T19:45:03.637+0000] {dag.py:4180} INFO - Setting next_dagrun for example_sensor_decorator to None, run_after=None
[2024-10-17T19:45:03.648+0000] {processor.py:208} INFO - Processing /home/airflow/.local/lib/python3.12/site-packages/airflow/example_dags/example_sensor_decorator.py took 0.044 seconds
[2024-10-17T19:45:34.188+0000] {processor.py:186} INFO - Started process (PID=286) to work on /home/airflow/.local/lib/python3.12/site-packages/airflow/example_dags/example_sensor_decorator.py
[2024-10-17T19:45:34.189+0000] {processor.py:914} INFO - Processing file /home/airflow/.local/lib/python3.12/site-packages/airflow/example_dags/example_sensor_decorator.py for tasks to queue
[2024-10-17T19:45:34.190+0000] {logging_mixin.py:190} INFO - [2024-10-17T19:45:34.190+0000] {dagbag.py:588} INFO - Filling up the DagBag from /home/airflow/.local/lib/python3.12/site-packages/airflow/example_dags/example_sensor_decorator.py
[2024-10-17T19:45:34.197+0000] {processor.py:925} INFO - DAG(s) 'example_sensor_decorator' retrieved from /home/airflow/.local/lib/python3.12/site-packages/airflow/example_dags/example_sensor_decorator.py
[2024-10-17T19:45:34.209+0000] {logging_mixin.py:190} INFO - [2024-10-17T19:45:34.209+0000] {dag.py:3239} INFO - Sync 1 DAGs
[2024-10-17T19:45:34.217+0000] {logging_mixin.py:190} INFO - [2024-10-17T19:45:34.217+0000] {dag.py:4180} INFO - Setting next_dagrun for example_sensor_decorator to None, run_after=None
[2024-10-17T19:45:34.226+0000] {processor.py:208} INFO - Processing /home/airflow/.local/lib/python3.12/site-packages/airflow/example_dags/example_sensor_decorator.py took 0.044 seconds
[2024-10-17T19:46:04.686+0000] {processor.py:186} INFO - Started process (PID=349) to work on /home/airflow/.local/lib/python3.12/site-packages/airflow/example_dags/example_sensor_decorator.py
[2024-10-17T19:46:04.687+0000] {processor.py:914} INFO - Processing file /home/airflow/.local/lib/python3.12/site-packages/airflow/example_dags/example_sensor_decorator.py for tasks to queue
[2024-10-17T19:46:04.689+0000] {logging_mixin.py:190} INFO - [2024-10-17T19:46:04.689+0000] {dagbag.py:588} INFO - Filling up the DagBag from /home/airflow/.local/lib/python3.12/site-packages/airflow/example_dags/example_sensor_decorator.py
[2024-10-17T19:46:04.694+0000] {processor.py:925} INFO - DAG(s) 'example_sensor_decorator' retrieved from /home/airflow/.local/lib/python3.12/site-packages/airflow/example_dags/example_sensor_decorator.py
[2024-10-17T19:46:04.705+0000] {logging_mixin.py:190} INFO - [2024-10-17T19:46:04.705+0000] {dag.py:3239} INFO - Sync 1 DAGs
[2024-10-17T19:46:04.712+0000] {logging_mixin.py:190} INFO - [2024-10-17T19:46:04.712+0000] {dag.py:4180} INFO - Setting next_dagrun for example_sensor_decorator to None, run_after=None
[2024-10-17T19:46:04.722+0000] {processor.py:208} INFO - Processing /home/airflow/.local/lib/python3.12/site-packages/airflow/example_dags/example_sensor_decorator.py took 0.039 seconds
[2024-10-17T19:46:35.146+0000] {processor.py:186} INFO - Started process (PID=412) to work on /home/airflow/.local/lib/python3.12/site-packages/airflow/example_dags/example_sensor_decorator.py
[2024-10-17T19:46:35.148+0000] {processor.py:914} INFO - Processing file /home/airflow/.local/lib/python3.12/site-packages/airflow/example_dags/example_sensor_decorator.py for tasks to queue
[2024-10-17T19:46:35.149+0000] {logging_mixin.py:190} INFO - [2024-10-17T19:46:35.149+0000] {dagbag.py:588} INFO - Filling up the DagBag from /home/airflow/.local/lib/python3.12/site-packages/airflow/example_dags/example_sensor_decorator.py
[2024-10-17T19:46:35.155+0000] {processor.py:925} INFO - DAG(s) 'example_sensor_decorator' retrieved from /home/airflow/.local/lib/python3.12/site-packages/airflow/example_dags/example_sensor_decorator.py
[2024-10-17T19:46:35.166+0000] {logging_mixin.py:190} INFO - [2024-10-17T19:46:35.166+0000] {dag.py:3239} INFO - Sync 1 DAGs
[2024-10-17T19:46:35.175+0000] {logging_mixin.py:190} INFO - [2024-10-17T19:46:35.175+0000] {dag.py:4180} INFO - Setting next_dagrun for example_sensor_decorator to None, run_after=None
[2024-10-17T19:46:35.189+0000] {processor.py:208} INFO - Processing /home/airflow/.local/lib/python3.12/site-packages/airflow/example_dags/example_sensor_decorator.py took 0.046 seconds
[2024-10-17T19:47:05.648+0000] {processor.py:186} INFO - Started process (PID=475) to work on /home/airflow/.local/lib/python3.12/site-packages/airflow/example_dags/example_sensor_decorator.py
[2024-10-17T19:47:05.648+0000] {processor.py:914} INFO - Processing file /home/airflow/.local/lib/python3.12/site-packages/airflow/example_dags/example_sensor_decorator.py for tasks to queue
[2024-10-17T19:47:05.650+0000] {logging_mixin.py:190} INFO - [2024-10-17T19:47:05.650+0000] {dagbag.py:588} INFO - Filling up the DagBag from /home/airflow/.local/lib/python3.12/site-packages/airflow/example_dags/example_sensor_decorator.py
[2024-10-17T19:47:05.655+0000] {processor.py:925} INFO - DAG(s) 'example_sensor_decorator' retrieved from /home/airflow/.local/lib/python3.12/site-packages/airflow/example_dags/example_sensor_decorator.py
[2024-10-17T19:47:05.665+0000] {logging_mixin.py:190} INFO - [2024-10-17T19:47:05.665+0000] {dag.py:3239} INFO - Sync 1 DAGs
[2024-10-17T19:47:05.673+0000] {logging_mixin.py:190} INFO - [2024-10-17T19:47:05.673+0000] {dag.py:4180} INFO - Setting next_dagrun for example_sensor_decorator to None, run_after=None
[2024-10-17T19:47:05.682+0000] {processor.py:208} INFO - Processing /home/airflow/.local/lib/python3.12/site-packages/airflow/example_dags/example_sensor_decorator.py took 0.038 seconds
[2024-10-17T19:47:36.194+0000] {processor.py:186} INFO - Started process (PID=538) to work on /home/airflow/.local/lib/python3.12/site-packages/airflow/example_dags/example_sensor_decorator.py
[2024-10-17T19:47:36.194+0000] {processor.py:914} INFO - Processing file /home/airflow/.local/lib/python3.12/site-packages/airflow/example_dags/example_sensor_decorator.py for tasks to queue
[2024-10-17T19:47:36.196+0000] {logging_mixin.py:190} INFO - [2024-10-17T19:47:36.196+0000] {dagbag.py:588} INFO - Filling up the DagBag from /home/airflow/.local/lib/python3.12/site-packages/airflow/example_dags/example_sensor_decorator.py
[2024-10-17T19:47:36.201+0000] {processor.py:925} INFO - DAG(s) 'example_sensor_decorator' retrieved from /home/airflow/.local/lib/python3.12/site-packages/airflow/example_dags/example_sensor_decorator.py
[2024-10-17T19:47:36.213+0000] {logging_mixin.py:190} INFO - [2024-10-17T19:47:36.213+0000] {dag.py:3239} INFO - Sync 1 DAGs
[2024-10-17T19:47:36.224+0000] {logging_mixin.py:190} INFO - [2024-10-17T19:47:36.224+0000] {dag.py:4180} INFO - Setting next_dagrun for example_sensor_decorator to None, run_after=None
[2024-10-17T19:47:36.236+0000] {processor.py:208} INFO - Processing /home/airflow/.local/lib/python3.12/site-packages/airflow/example_dags/example_sensor_decorator.py took 0.047 seconds
[2024-10-17T19:48:06.628+0000] {processor.py:186} INFO - Started process (PID=601) to work on /home/airflow/.local/lib/python3.12/site-packages/airflow/example_dags/example_sensor_decorator.py
[2024-10-17T19:48:06.629+0000] {processor.py:914} INFO - Processing file /home/airflow/.local/lib/python3.12/site-packages/airflow/example_dags/example_sensor_decorator.py for tasks to queue
[2024-10-17T19:48:06.631+0000] {logging_mixin.py:190} INFO - [2024-10-17T19:48:06.630+0000] {dagbag.py:588} INFO - Filling up the DagBag from /home/airflow/.local/lib/python3.12/site-packages/airflow/example_dags/example_sensor_decorator.py
[2024-10-17T19:48:06.635+0000] {processor.py:925} INFO - DAG(s) 'example_sensor_decorator' retrieved from /home/airflow/.local/lib/python3.12/site-packages/airflow/example_dags/example_sensor_decorator.py
[2024-10-17T19:48:06.646+0000] {logging_mixin.py:190} INFO - [2024-10-17T19:48:06.646+0000] {dag.py:3239} INFO - Sync 1 DAGs
[2024-10-17T19:48:06.653+0000] {logging_mixin.py:190} INFO - [2024-10-17T19:48:06.653+0000] {dag.py:4180} INFO - Setting next_dagrun for example_sensor_decorator to None, run_after=None
[2024-10-17T19:48:06.662+0000] {processor.py:208} INFO - Processing /home/airflow/.local/lib/python3.12/site-packages/airflow/example_dags/example_sensor_decorator.py took 0.037 seconds
