[2024-10-17T17:10:32.023+0000] {processor.py:186} INFO - Started process (PID=36) to work on /home/airflow/.local/lib/python3.12/site-packages/airflow/example_dags/example_xcom.py
[2024-10-17T17:10:32.024+0000] {processor.py:914} INFO - Processing file /home/airflow/.local/lib/python3.12/site-packages/airflow/example_dags/example_xcom.py for tasks to queue
[2024-10-17T17:10:32.026+0000] {logging_mixin.py:190} INFO - [2024-10-17T17:10:32.025+0000] {dagbag.py:588} INFO - Filling up the DagBag from /home/airflow/.local/lib/python3.12/site-packages/airflow/example_dags/example_xcom.py
[2024-10-17T17:10:32.034+0000] {processor.py:925} INFO - DAG(s) 'example_xcom' retrieved from /home/airflow/.local/lib/python3.12/site-packages/airflow/example_dags/example_xcom.py
[2024-10-17T17:10:32.103+0000] {logging_mixin.py:190} INFO - [2024-10-17T17:10:32.102+0000] {override.py:1900} INFO - Created Permission View: can delete on DAG:example_xcom
[2024-10-17T17:10:32.108+0000] {logging_mixin.py:190} INFO - [2024-10-17T17:10:32.108+0000] {override.py:1900} INFO - Created Permission View: can edit on DAG:example_xcom
[2024-10-17T17:10:32.111+0000] {logging_mixin.py:190} INFO - [2024-10-17T17:10:32.111+0000] {override.py:1900} INFO - Created Permission View: can read on DAG:example_xcom
[2024-10-17T17:10:32.115+0000] {logging_mixin.py:190} INFO - [2024-10-17T17:10:32.115+0000] {override.py:1900} INFO - Created Permission View: can create on DAG Run:example_xcom
[2024-10-17T17:10:32.118+0000] {logging_mixin.py:190} INFO - [2024-10-17T17:10:32.117+0000] {override.py:1900} INFO - Created Permission View: can delete on DAG Run:example_xcom
[2024-10-17T17:10:32.121+0000] {logging_mixin.py:190} INFO - [2024-10-17T17:10:32.121+0000] {override.py:1900} INFO - Created Permission View: can read on DAG Run:example_xcom
[2024-10-17T17:10:32.124+0000] {logging_mixin.py:190} INFO - [2024-10-17T17:10:32.124+0000] {override.py:1900} INFO - Created Permission View: menu access on DAG Run:example_xcom
[2024-10-17T17:10:32.125+0000] {logging_mixin.py:190} INFO - [2024-10-17T17:10:32.125+0000] {dag.py:3239} INFO - Sync 1 DAGs
[2024-10-17T17:10:32.132+0000] {logging_mixin.py:190} INFO - [2024-10-17T17:10:32.132+0000] {dag.py:3262} INFO - Creating ORM DAG for example_xcom
[2024-10-17T17:10:32.140+0000] {logging_mixin.py:190} INFO - [2024-10-17T17:10:32.140+0000] {dag.py:4180} INFO - Setting next_dagrun for example_xcom to 2021-01-01 00:00:00+00:00, run_after=2021-01-01 00:00:00+00:00
[2024-10-17T17:10:32.152+0000] {processor.py:208} INFO - Processing /home/airflow/.local/lib/python3.12/site-packages/airflow/example_dags/example_xcom.py took 0.134 seconds
[2024-10-17T17:11:03.152+0000] {processor.py:186} INFO - Started process (PID=98) to work on /home/airflow/.local/lib/python3.12/site-packages/airflow/example_dags/example_xcom.py
[2024-10-17T17:11:03.153+0000] {processor.py:914} INFO - Processing file /home/airflow/.local/lib/python3.12/site-packages/airflow/example_dags/example_xcom.py for tasks to queue
[2024-10-17T17:11:03.155+0000] {logging_mixin.py:190} INFO - [2024-10-17T17:11:03.154+0000] {dagbag.py:588} INFO - Filling up the DagBag from /home/airflow/.local/lib/python3.12/site-packages/airflow/example_dags/example_xcom.py
[2024-10-17T17:11:03.160+0000] {processor.py:925} INFO - DAG(s) 'example_xcom' retrieved from /home/airflow/.local/lib/python3.12/site-packages/airflow/example_dags/example_xcom.py
[2024-10-17T17:11:03.172+0000] {logging_mixin.py:190} INFO - [2024-10-17T17:11:03.172+0000] {dag.py:3239} INFO - Sync 1 DAGs
[2024-10-17T17:11:03.184+0000] {logging_mixin.py:190} INFO - [2024-10-17T17:11:03.183+0000] {dag.py:4180} INFO - Setting next_dagrun for example_xcom to 2021-01-01 00:00:00+00:00, run_after=2021-01-01 00:00:00+00:00
[2024-10-17T17:11:03.192+0000] {processor.py:208} INFO - Processing /home/airflow/.local/lib/python3.12/site-packages/airflow/example_dags/example_xcom.py took 0.044 seconds
[2024-10-17T17:11:33.457+0000] {processor.py:186} INFO - Started process (PID=160) to work on /home/airflow/.local/lib/python3.12/site-packages/airflow/example_dags/example_xcom.py
[2024-10-17T17:11:33.457+0000] {processor.py:914} INFO - Processing file /home/airflow/.local/lib/python3.12/site-packages/airflow/example_dags/example_xcom.py for tasks to queue
[2024-10-17T17:11:33.459+0000] {logging_mixin.py:190} INFO - [2024-10-17T17:11:33.459+0000] {dagbag.py:588} INFO - Filling up the DagBag from /home/airflow/.local/lib/python3.12/site-packages/airflow/example_dags/example_xcom.py
[2024-10-17T17:11:33.464+0000] {processor.py:925} INFO - DAG(s) 'example_xcom' retrieved from /home/airflow/.local/lib/python3.12/site-packages/airflow/example_dags/example_xcom.py
[2024-10-17T17:11:33.476+0000] {logging_mixin.py:190} INFO - [2024-10-17T17:11:33.475+0000] {dag.py:3239} INFO - Sync 1 DAGs
[2024-10-17T17:11:33.487+0000] {logging_mixin.py:190} INFO - [2024-10-17T17:11:33.487+0000] {dag.py:4180} INFO - Setting next_dagrun for example_xcom to 2021-01-01 00:00:00+00:00, run_after=2021-01-01 00:00:00+00:00
[2024-10-17T17:11:33.495+0000] {processor.py:208} INFO - Processing /home/airflow/.local/lib/python3.12/site-packages/airflow/example_dags/example_xcom.py took 0.042 seconds
[2024-10-17T17:12:03.748+0000] {processor.py:186} INFO - Started process (PID=222) to work on /home/airflow/.local/lib/python3.12/site-packages/airflow/example_dags/example_xcom.py
[2024-10-17T17:12:03.749+0000] {processor.py:914} INFO - Processing file /home/airflow/.local/lib/python3.12/site-packages/airflow/example_dags/example_xcom.py for tasks to queue
[2024-10-17T17:12:03.751+0000] {logging_mixin.py:190} INFO - [2024-10-17T17:12:03.750+0000] {dagbag.py:588} INFO - Filling up the DagBag from /home/airflow/.local/lib/python3.12/site-packages/airflow/example_dags/example_xcom.py
[2024-10-17T17:12:03.756+0000] {processor.py:925} INFO - DAG(s) 'example_xcom' retrieved from /home/airflow/.local/lib/python3.12/site-packages/airflow/example_dags/example_xcom.py
[2024-10-17T17:12:03.769+0000] {logging_mixin.py:190} INFO - [2024-10-17T17:12:03.769+0000] {dag.py:3239} INFO - Sync 1 DAGs
[2024-10-17T17:12:03.783+0000] {logging_mixin.py:190} INFO - [2024-10-17T17:12:03.783+0000] {dag.py:4180} INFO - Setting next_dagrun for example_xcom to 2021-01-01 00:00:00+00:00, run_after=2021-01-01 00:00:00+00:00
[2024-10-17T17:12:03.798+0000] {processor.py:208} INFO - Processing /home/airflow/.local/lib/python3.12/site-packages/airflow/example_dags/example_xcom.py took 0.054 seconds
