[2024-10-17T17:10:31.410+0000] {processor.py:186} INFO - Started process (PID=34) to work on /home/airflow/.local/lib/python3.12/site-packages/airflow/example_dags/example_dataset_alias_with_no_taskflow.py
[2024-10-17T17:10:31.412+0000] {processor.py:914} INFO - Processing file /home/airflow/.local/lib/python3.12/site-packages/airflow/example_dags/example_dataset_alias_with_no_taskflow.py for tasks to queue
[2024-10-17T17:10:31.416+0000] {logging_mixin.py:190} INFO - [2024-10-17T17:10:31.415+0000] {dagbag.py:588} INFO - Filling up the DagBag from /home/airflow/.local/lib/python3.12/site-packages/airflow/example_dags/example_dataset_alias_with_no_taskflow.py
[2024-10-17T17:10:31.787+0000] {processor.py:925} INFO - DAG(s) 'dataset_s3_bucket_consumer_with_no_taskflow', 'dataset_alias_example_alias_producer_with_no_taskflow', 'dataset_alias_example_alias_consumer_with_no_taskflow', 'dataset_s3_bucket_producer_with_no_taskflow' retrieved from /home/airflow/.local/lib/python3.12/site-packages/airflow/example_dags/example_dataset_alias_with_no_taskflow.py
[2024-10-17T17:10:31.850+0000] {logging_mixin.py:190} INFO - [2024-10-17T17:10:31.850+0000] {override.py:1900} INFO - Created Permission View: can delete on DAG:dataset_s3_bucket_consumer_with_no_taskflow
[2024-10-17T17:10:31.858+0000] {logging_mixin.py:190} INFO - [2024-10-17T17:10:31.858+0000] {override.py:1900} INFO - Created Permission View: can edit on DAG:dataset_s3_bucket_consumer_with_no_taskflow
[2024-10-17T17:10:31.863+0000] {logging_mixin.py:190} INFO - [2024-10-17T17:10:31.863+0000] {override.py:1900} INFO - Created Permission View: can read on DAG:dataset_s3_bucket_consumer_with_no_taskflow
[2024-10-17T17:10:31.869+0000] {logging_mixin.py:190} INFO - [2024-10-17T17:10:31.868+0000] {override.py:1900} INFO - Created Permission View: can create on DAG Run:dataset_s3_bucket_consumer_with_no_taskflow
[2024-10-17T17:10:31.874+0000] {logging_mixin.py:190} INFO - [2024-10-17T17:10:31.874+0000] {override.py:1900} INFO - Created Permission View: can delete on DAG Run:dataset_s3_bucket_consumer_with_no_taskflow
[2024-10-17T17:10:31.879+0000] {logging_mixin.py:190} INFO - [2024-10-17T17:10:31.879+0000] {override.py:1900} INFO - Created Permission View: can read on DAG Run:dataset_s3_bucket_consumer_with_no_taskflow
[2024-10-17T17:10:31.883+0000] {logging_mixin.py:190} INFO - [2024-10-17T17:10:31.883+0000] {override.py:1900} INFO - Created Permission View: menu access on DAG Run:dataset_s3_bucket_consumer_with_no_taskflow
[2024-10-17T17:10:31.892+0000] {logging_mixin.py:190} INFO - [2024-10-17T17:10:31.892+0000] {override.py:1900} INFO - Created Permission View: can delete on DAG:dataset_alias_example_alias_producer_with_no_taskflow
[2024-10-17T17:10:31.895+0000] {logging_mixin.py:190} INFO - [2024-10-17T17:10:31.895+0000] {override.py:1900} INFO - Created Permission View: can edit on DAG:dataset_alias_example_alias_producer_with_no_taskflow
[2024-10-17T17:10:31.898+0000] {logging_mixin.py:190} INFO - [2024-10-17T17:10:31.898+0000] {override.py:1900} INFO - Created Permission View: can read on DAG:dataset_alias_example_alias_producer_with_no_taskflow
[2024-10-17T17:10:31.901+0000] {logging_mixin.py:190} INFO - [2024-10-17T17:10:31.901+0000] {override.py:1900} INFO - Created Permission View: can create on DAG Run:dataset_alias_example_alias_producer_with_no_taskflow
[2024-10-17T17:10:31.904+0000] {logging_mixin.py:190} INFO - [2024-10-17T17:10:31.904+0000] {override.py:1900} INFO - Created Permission View: can delete on DAG Run:dataset_alias_example_alias_producer_with_no_taskflow
[2024-10-17T17:10:31.907+0000] {logging_mixin.py:190} INFO - [2024-10-17T17:10:31.906+0000] {override.py:1900} INFO - Created Permission View: can read on DAG Run:dataset_alias_example_alias_producer_with_no_taskflow
[2024-10-17T17:10:31.909+0000] {logging_mixin.py:190} INFO - [2024-10-17T17:10:31.909+0000] {override.py:1900} INFO - Created Permission View: menu access on DAG Run:dataset_alias_example_alias_producer_with_no_taskflow
[2024-10-17T17:10:31.916+0000] {logging_mixin.py:190} INFO - [2024-10-17T17:10:31.916+0000] {override.py:1900} INFO - Created Permission View: can delete on DAG:dataset_alias_example_alias_consumer_with_no_taskflow
[2024-10-17T17:10:31.919+0000] {logging_mixin.py:190} INFO - [2024-10-17T17:10:31.919+0000] {override.py:1900} INFO - Created Permission View: can edit on DAG:dataset_alias_example_alias_consumer_with_no_taskflow
[2024-10-17T17:10:31.922+0000] {logging_mixin.py:190} INFO - [2024-10-17T17:10:31.922+0000] {override.py:1900} INFO - Created Permission View: can read on DAG:dataset_alias_example_alias_consumer_with_no_taskflow
[2024-10-17T17:10:31.926+0000] {logging_mixin.py:190} INFO - [2024-10-17T17:10:31.926+0000] {override.py:1900} INFO - Created Permission View: can create on DAG Run:dataset_alias_example_alias_consumer_with_no_taskflow
[2024-10-17T17:10:31.929+0000] {logging_mixin.py:190} INFO - [2024-10-17T17:10:31.929+0000] {override.py:1900} INFO - Created Permission View: can delete on DAG Run:dataset_alias_example_alias_consumer_with_no_taskflow
[2024-10-17T17:10:31.931+0000] {logging_mixin.py:190} INFO - [2024-10-17T17:10:31.931+0000] {override.py:1900} INFO - Created Permission View: can read on DAG Run:dataset_alias_example_alias_consumer_with_no_taskflow
[2024-10-17T17:10:31.934+0000] {logging_mixin.py:190} INFO - [2024-10-17T17:10:31.934+0000] {override.py:1900} INFO - Created Permission View: menu access on DAG Run:dataset_alias_example_alias_consumer_with_no_taskflow
[2024-10-17T17:10:31.939+0000] {logging_mixin.py:190} INFO - [2024-10-17T17:10:31.939+0000] {override.py:1900} INFO - Created Permission View: can delete on DAG:dataset_s3_bucket_producer_with_no_taskflow
[2024-10-17T17:10:31.942+0000] {logging_mixin.py:190} INFO - [2024-10-17T17:10:31.942+0000] {override.py:1900} INFO - Created Permission View: can edit on DAG:dataset_s3_bucket_producer_with_no_taskflow
[2024-10-17T17:10:31.945+0000] {logging_mixin.py:190} INFO - [2024-10-17T17:10:31.945+0000] {override.py:1900} INFO - Created Permission View: can read on DAG:dataset_s3_bucket_producer_with_no_taskflow
[2024-10-17T17:10:31.948+0000] {logging_mixin.py:190} INFO - [2024-10-17T17:10:31.948+0000] {override.py:1900} INFO - Created Permission View: can create on DAG Run:dataset_s3_bucket_producer_with_no_taskflow
[2024-10-17T17:10:31.951+0000] {logging_mixin.py:190} INFO - [2024-10-17T17:10:31.951+0000] {override.py:1900} INFO - Created Permission View: can delete on DAG Run:dataset_s3_bucket_producer_with_no_taskflow
[2024-10-17T17:10:31.954+0000] {logging_mixin.py:190} INFO - [2024-10-17T17:10:31.954+0000] {override.py:1900} INFO - Created Permission View: can read on DAG Run:dataset_s3_bucket_producer_with_no_taskflow
[2024-10-17T17:10:31.957+0000] {logging_mixin.py:190} INFO - [2024-10-17T17:10:31.957+0000] {override.py:1900} INFO - Created Permission View: menu access on DAG Run:dataset_s3_bucket_producer_with_no_taskflow
[2024-10-17T17:10:31.957+0000] {logging_mixin.py:190} INFO - [2024-10-17T17:10:31.957+0000] {dag.py:3239} INFO - Sync 4 DAGs
[2024-10-17T17:10:31.965+0000] {logging_mixin.py:190} INFO - [2024-10-17T17:10:31.965+0000] {dag.py:3262} INFO - Creating ORM DAG for dataset_s3_bucket_consumer_with_no_taskflow
[2024-10-17T17:10:31.965+0000] {logging_mixin.py:190} INFO - [2024-10-17T17:10:31.965+0000] {dag.py:3262} INFO - Creating ORM DAG for dataset_s3_bucket_producer_with_no_taskflow
[2024-10-17T17:10:31.966+0000] {logging_mixin.py:190} INFO - [2024-10-17T17:10:31.966+0000] {dag.py:3262} INFO - Creating ORM DAG for dataset_alias_example_alias_consumer_with_no_taskflow
[2024-10-17T17:10:31.966+0000] {logging_mixin.py:190} INFO - [2024-10-17T17:10:31.966+0000] {dag.py:3262} INFO - Creating ORM DAG for dataset_alias_example_alias_producer_with_no_taskflow
[2024-10-17T17:10:31.972+0000] {logging_mixin.py:190} INFO - [2024-10-17T17:10:31.972+0000] {dag.py:4180} INFO - Setting next_dagrun for dataset_alias_example_alias_consumer_with_no_taskflow to None, run_after=None
[2024-10-17T17:10:31.972+0000] {logging_mixin.py:190} INFO - [2024-10-17T17:10:31.972+0000] {dag.py:4180} INFO - Setting next_dagrun for dataset_alias_example_alias_producer_with_no_taskflow to None, run_after=None
[2024-10-17T17:10:31.973+0000] {logging_mixin.py:190} INFO - [2024-10-17T17:10:31.973+0000] {dag.py:4180} INFO - Setting next_dagrun for dataset_s3_bucket_consumer_with_no_taskflow to None, run_after=None
[2024-10-17T17:10:31.973+0000] {logging_mixin.py:190} INFO - [2024-10-17T17:10:31.973+0000] {dag.py:4180} INFO - Setting next_dagrun for dataset_s3_bucket_producer_with_no_taskflow to None, run_after=None
[2024-10-17T17:10:31.996+0000] {processor.py:208} INFO - Processing /home/airflow/.local/lib/python3.12/site-packages/airflow/example_dags/example_dataset_alias_with_no_taskflow.py took 0.593 seconds
[2024-10-17T17:11:02.971+0000] {processor.py:186} INFO - Started process (PID=96) to work on /home/airflow/.local/lib/python3.12/site-packages/airflow/example_dags/example_dataset_alias_with_no_taskflow.py
[2024-10-17T17:11:02.972+0000] {processor.py:914} INFO - Processing file /home/airflow/.local/lib/python3.12/site-packages/airflow/example_dags/example_dataset_alias_with_no_taskflow.py for tasks to queue
[2024-10-17T17:11:02.974+0000] {logging_mixin.py:190} INFO - [2024-10-17T17:11:02.973+0000] {dagbag.py:588} INFO - Filling up the DagBag from /home/airflow/.local/lib/python3.12/site-packages/airflow/example_dags/example_dataset_alias_with_no_taskflow.py
[2024-10-17T17:11:03.096+0000] {processor.py:925} INFO - DAG(s) 'dataset_s3_bucket_producer_with_no_taskflow', 'dataset_s3_bucket_consumer_with_no_taskflow', 'dataset_alias_example_alias_producer_with_no_taskflow', 'dataset_alias_example_alias_consumer_with_no_taskflow' retrieved from /home/airflow/.local/lib/python3.12/site-packages/airflow/example_dags/example_dataset_alias_with_no_taskflow.py
[2024-10-17T17:11:03.107+0000] {logging_mixin.py:190} INFO - [2024-10-17T17:11:03.107+0000] {dag.py:3239} INFO - Sync 4 DAGs
[2024-10-17T17:11:03.120+0000] {logging_mixin.py:190} INFO - [2024-10-17T17:11:03.120+0000] {dag.py:4180} INFO - Setting next_dagrun for dataset_alias_example_alias_consumer_with_no_taskflow to None, run_after=None
[2024-10-17T17:11:03.122+0000] {logging_mixin.py:190} INFO - [2024-10-17T17:11:03.122+0000] {dag.py:4180} INFO - Setting next_dagrun for dataset_alias_example_alias_producer_with_no_taskflow to None, run_after=None
[2024-10-17T17:11:03.123+0000] {logging_mixin.py:190} INFO - [2024-10-17T17:11:03.123+0000] {dag.py:4180} INFO - Setting next_dagrun for dataset_s3_bucket_consumer_with_no_taskflow to None, run_after=None
[2024-10-17T17:11:03.123+0000] {logging_mixin.py:190} INFO - [2024-10-17T17:11:03.123+0000] {dag.py:4180} INFO - Setting next_dagrun for dataset_s3_bucket_producer_with_no_taskflow to None, run_after=None
[2024-10-17T17:11:03.134+0000] {processor.py:208} INFO - Processing /home/airflow/.local/lib/python3.12/site-packages/airflow/example_dags/example_dataset_alias_with_no_taskflow.py took 0.168 seconds
[2024-10-17T17:11:33.305+0000] {processor.py:186} INFO - Started process (PID=158) to work on /home/airflow/.local/lib/python3.12/site-packages/airflow/example_dags/example_dataset_alias_with_no_taskflow.py
[2024-10-17T17:11:33.307+0000] {processor.py:914} INFO - Processing file /home/airflow/.local/lib/python3.12/site-packages/airflow/example_dags/example_dataset_alias_with_no_taskflow.py for tasks to queue
[2024-10-17T17:11:33.310+0000] {logging_mixin.py:190} INFO - [2024-10-17T17:11:33.310+0000] {dagbag.py:588} INFO - Filling up the DagBag from /home/airflow/.local/lib/python3.12/site-packages/airflow/example_dags/example_dataset_alias_with_no_taskflow.py
[2024-10-17T17:11:33.406+0000] {processor.py:925} INFO - DAG(s) 'dataset_alias_example_alias_consumer_with_no_taskflow', 'dataset_s3_bucket_producer_with_no_taskflow', 'dataset_s3_bucket_consumer_with_no_taskflow', 'dataset_alias_example_alias_producer_with_no_taskflow' retrieved from /home/airflow/.local/lib/python3.12/site-packages/airflow/example_dags/example_dataset_alias_with_no_taskflow.py
[2024-10-17T17:11:33.416+0000] {logging_mixin.py:190} INFO - [2024-10-17T17:11:33.416+0000] {dag.py:3239} INFO - Sync 4 DAGs
[2024-10-17T17:11:33.428+0000] {logging_mixin.py:190} INFO - [2024-10-17T17:11:33.427+0000] {dag.py:4180} INFO - Setting next_dagrun for dataset_alias_example_alias_consumer_with_no_taskflow to None, run_after=None
[2024-10-17T17:11:33.430+0000] {logging_mixin.py:190} INFO - [2024-10-17T17:11:33.430+0000] {dag.py:4180} INFO - Setting next_dagrun for dataset_alias_example_alias_producer_with_no_taskflow to None, run_after=None
[2024-10-17T17:11:33.431+0000] {logging_mixin.py:190} INFO - [2024-10-17T17:11:33.431+0000] {dag.py:4180} INFO - Setting next_dagrun for dataset_s3_bucket_consumer_with_no_taskflow to None, run_after=None
[2024-10-17T17:11:33.431+0000] {logging_mixin.py:190} INFO - [2024-10-17T17:11:33.431+0000] {dag.py:4180} INFO - Setting next_dagrun for dataset_s3_bucket_producer_with_no_taskflow to None, run_after=None
[2024-10-17T17:11:33.442+0000] {processor.py:208} INFO - Processing /home/airflow/.local/lib/python3.12/site-packages/airflow/example_dags/example_dataset_alias_with_no_taskflow.py took 0.144 seconds
[2024-10-17T17:12:03.568+0000] {processor.py:186} INFO - Started process (PID=220) to work on /home/airflow/.local/lib/python3.12/site-packages/airflow/example_dags/example_dataset_alias_with_no_taskflow.py
[2024-10-17T17:12:03.571+0000] {processor.py:914} INFO - Processing file /home/airflow/.local/lib/python3.12/site-packages/airflow/example_dags/example_dataset_alias_with_no_taskflow.py for tasks to queue
[2024-10-17T17:12:03.573+0000] {logging_mixin.py:190} INFO - [2024-10-17T17:12:03.573+0000] {dagbag.py:588} INFO - Filling up the DagBag from /home/airflow/.local/lib/python3.12/site-packages/airflow/example_dags/example_dataset_alias_with_no_taskflow.py
[2024-10-17T17:12:03.693+0000] {processor.py:925} INFO - DAG(s) 'dataset_s3_bucket_producer_with_no_taskflow', 'dataset_s3_bucket_consumer_with_no_taskflow', 'dataset_alias_example_alias_consumer_with_no_taskflow', 'dataset_alias_example_alias_producer_with_no_taskflow' retrieved from /home/airflow/.local/lib/python3.12/site-packages/airflow/example_dags/example_dataset_alias_with_no_taskflow.py
[2024-10-17T17:12:03.703+0000] {logging_mixin.py:190} INFO - [2024-10-17T17:12:03.703+0000] {dag.py:3239} INFO - Sync 4 DAGs
[2024-10-17T17:12:03.717+0000] {logging_mixin.py:190} INFO - [2024-10-17T17:12:03.717+0000] {dag.py:4180} INFO - Setting next_dagrun for dataset_alias_example_alias_consumer_with_no_taskflow to None, run_after=None
[2024-10-17T17:12:03.718+0000] {logging_mixin.py:190} INFO - [2024-10-17T17:12:03.718+0000] {dag.py:4180} INFO - Setting next_dagrun for dataset_alias_example_alias_producer_with_no_taskflow to None, run_after=None
[2024-10-17T17:12:03.719+0000] {logging_mixin.py:190} INFO - [2024-10-17T17:12:03.719+0000] {dag.py:4180} INFO - Setting next_dagrun for dataset_s3_bucket_consumer_with_no_taskflow to None, run_after=None
[2024-10-17T17:12:03.720+0000] {logging_mixin.py:190} INFO - [2024-10-17T17:12:03.720+0000] {dag.py:4180} INFO - Setting next_dagrun for dataset_s3_bucket_producer_with_no_taskflow to None, run_after=None
[2024-10-17T17:12:03.731+0000] {processor.py:208} INFO - Processing /home/airflow/.local/lib/python3.12/site-packages/airflow/example_dags/example_dataset_alias_with_no_taskflow.py took 0.172 seconds
