[2024-10-17T17:10:33.416+0000] {processor.py:186} INFO - Started process (PID=53) to work on /home/airflow/.local/lib/python3.12/site-packages/airflow/example_dags/example_setup_teardown.py
[2024-10-17T17:10:33.417+0000] {processor.py:914} INFO - Processing file /home/airflow/.local/lib/python3.12/site-packages/airflow/example_dags/example_setup_teardown.py for tasks to queue
[2024-10-17T17:10:33.418+0000] {logging_mixin.py:190} INFO - [2024-10-17T17:10:33.418+0000] {dagbag.py:588} INFO - Filling up the DagBag from /home/airflow/.local/lib/python3.12/site-packages/airflow/example_dags/example_setup_teardown.py
[2024-10-17T17:10:33.424+0000] {processor.py:925} INFO - DAG(s) 'example_setup_teardown' retrieved from /home/airflow/.local/lib/python3.12/site-packages/airflow/example_dags/example_setup_teardown.py
[2024-10-17T17:10:33.481+0000] {logging_mixin.py:190} INFO - [2024-10-17T17:10:33.480+0000] {override.py:1900} INFO - Created Permission View: can delete on DAG:example_setup_teardown
[2024-10-17T17:10:33.485+0000] {logging_mixin.py:190} INFO - [2024-10-17T17:10:33.485+0000] {override.py:1900} INFO - Created Permission View: can edit on DAG:example_setup_teardown
[2024-10-17T17:10:33.488+0000] {logging_mixin.py:190} INFO - [2024-10-17T17:10:33.488+0000] {override.py:1900} INFO - Created Permission View: can read on DAG:example_setup_teardown
[2024-10-17T17:10:33.490+0000] {logging_mixin.py:190} INFO - [2024-10-17T17:10:33.490+0000] {override.py:1900} INFO - Created Permission View: can create on DAG Run:example_setup_teardown
[2024-10-17T17:10:33.494+0000] {logging_mixin.py:190} INFO - [2024-10-17T17:10:33.494+0000] {override.py:1900} INFO - Created Permission View: can delete on DAG Run:example_setup_teardown
[2024-10-17T17:10:33.496+0000] {logging_mixin.py:190} INFO - [2024-10-17T17:10:33.496+0000] {override.py:1900} INFO - Created Permission View: can read on DAG Run:example_setup_teardown
[2024-10-17T17:10:33.499+0000] {logging_mixin.py:190} INFO - [2024-10-17T17:10:33.499+0000] {override.py:1900} INFO - Created Permission View: menu access on DAG Run:example_setup_teardown
[2024-10-17T17:10:33.499+0000] {logging_mixin.py:190} INFO - [2024-10-17T17:10:33.499+0000] {dag.py:3239} INFO - Sync 1 DAGs
[2024-10-17T17:10:33.505+0000] {logging_mixin.py:190} INFO - [2024-10-17T17:10:33.505+0000] {dag.py:3262} INFO - Creating ORM DAG for example_setup_teardown
[2024-10-17T17:10:33.506+0000] {logging_mixin.py:190} INFO - [2024-10-17T17:10:33.506+0000] {dag.py:4180} INFO - Setting next_dagrun for example_setup_teardown to None, run_after=None
[2024-10-17T17:10:33.513+0000] {processor.py:208} INFO - Processing /home/airflow/.local/lib/python3.12/site-packages/airflow/example_dags/example_setup_teardown.py took 0.101 seconds
[2024-10-17T17:11:03.801+0000] {processor.py:186} INFO - Started process (PID=115) to work on /home/airflow/.local/lib/python3.12/site-packages/airflow/example_dags/example_setup_teardown.py
[2024-10-17T17:11:03.801+0000] {processor.py:914} INFO - Processing file /home/airflow/.local/lib/python3.12/site-packages/airflow/example_dags/example_setup_teardown.py for tasks to queue
[2024-10-17T17:11:03.803+0000] {logging_mixin.py:190} INFO - [2024-10-17T17:11:03.802+0000] {dagbag.py:588} INFO - Filling up the DagBag from /home/airflow/.local/lib/python3.12/site-packages/airflow/example_dags/example_setup_teardown.py
[2024-10-17T17:11:03.808+0000] {processor.py:925} INFO - DAG(s) 'example_setup_teardown' retrieved from /home/airflow/.local/lib/python3.12/site-packages/airflow/example_dags/example_setup_teardown.py
[2024-10-17T17:11:03.819+0000] {logging_mixin.py:190} INFO - [2024-10-17T17:11:03.819+0000] {dag.py:3239} INFO - Sync 1 DAGs
[2024-10-17T17:11:03.826+0000] {logging_mixin.py:190} INFO - [2024-10-17T17:11:03.826+0000] {dag.py:4180} INFO - Setting next_dagrun for example_setup_teardown to None, run_after=None
[2024-10-17T17:11:03.835+0000] {processor.py:208} INFO - Processing /home/airflow/.local/lib/python3.12/site-packages/airflow/example_dags/example_setup_teardown.py took 0.038 seconds
[2024-10-17T17:11:33.996+0000] {processor.py:186} INFO - Started process (PID=177) to work on /home/airflow/.local/lib/python3.12/site-packages/airflow/example_dags/example_setup_teardown.py
[2024-10-17T17:11:33.997+0000] {processor.py:914} INFO - Processing file /home/airflow/.local/lib/python3.12/site-packages/airflow/example_dags/example_setup_teardown.py for tasks to queue
[2024-10-17T17:11:33.998+0000] {logging_mixin.py:190} INFO - [2024-10-17T17:11:33.998+0000] {dagbag.py:588} INFO - Filling up the DagBag from /home/airflow/.local/lib/python3.12/site-packages/airflow/example_dags/example_setup_teardown.py
[2024-10-17T17:11:34.003+0000] {processor.py:925} INFO - DAG(s) 'example_setup_teardown' retrieved from /home/airflow/.local/lib/python3.12/site-packages/airflow/example_dags/example_setup_teardown.py
[2024-10-17T17:11:34.017+0000] {logging_mixin.py:190} INFO - [2024-10-17T17:11:34.017+0000] {dag.py:3239} INFO - Sync 1 DAGs
[2024-10-17T17:11:34.027+0000] {logging_mixin.py:190} INFO - [2024-10-17T17:11:34.027+0000] {dag.py:4180} INFO - Setting next_dagrun for example_setup_teardown to None, run_after=None
[2024-10-17T17:11:34.036+0000] {processor.py:208} INFO - Processing /home/airflow/.local/lib/python3.12/site-packages/airflow/example_dags/example_setup_teardown.py took 0.044 seconds
[2024-10-17T17:12:04.441+0000] {processor.py:186} INFO - Started process (PID=239) to work on /home/airflow/.local/lib/python3.12/site-packages/airflow/example_dags/example_setup_teardown.py
[2024-10-17T17:12:04.442+0000] {processor.py:914} INFO - Processing file /home/airflow/.local/lib/python3.12/site-packages/airflow/example_dags/example_setup_teardown.py for tasks to queue
[2024-10-17T17:12:04.444+0000] {logging_mixin.py:190} INFO - [2024-10-17T17:12:04.444+0000] {dagbag.py:588} INFO - Filling up the DagBag from /home/airflow/.local/lib/python3.12/site-packages/airflow/example_dags/example_setup_teardown.py
[2024-10-17T17:12:04.449+0000] {processor.py:925} INFO - DAG(s) 'example_setup_teardown' retrieved from /home/airflow/.local/lib/python3.12/site-packages/airflow/example_dags/example_setup_teardown.py
[2024-10-17T17:12:04.462+0000] {logging_mixin.py:190} INFO - [2024-10-17T17:12:04.461+0000] {dag.py:3239} INFO - Sync 1 DAGs
[2024-10-17T17:12:04.469+0000] {logging_mixin.py:190} INFO - [2024-10-17T17:12:04.469+0000] {dag.py:4180} INFO - Setting next_dagrun for example_setup_teardown to None, run_after=None
[2024-10-17T17:12:04.480+0000] {processor.py:208} INFO - Processing /home/airflow/.local/lib/python3.12/site-packages/airflow/example_dags/example_setup_teardown.py took 0.042 seconds
