[2024-10-17T17:10:35.495+0000] {processor.py:186} INFO - Started process (PID=83) to work on /home/airflow/.local/lib/python3.12/site-packages/airflow/example_dags/example_task_group.py
[2024-10-17T17:10:35.496+0000] {processor.py:914} INFO - Processing file /home/airflow/.local/lib/python3.12/site-packages/airflow/example_dags/example_task_group.py for tasks to queue
[2024-10-17T17:10:35.497+0000] {logging_mixin.py:190} INFO - [2024-10-17T17:10:35.497+0000] {dagbag.py:588} INFO - Filling up the DagBag from /home/airflow/.local/lib/python3.12/site-packages/airflow/example_dags/example_task_group.py
[2024-10-17T17:10:35.503+0000] {processor.py:925} INFO - DAG(s) 'example_task_group' retrieved from /home/airflow/.local/lib/python3.12/site-packages/airflow/example_dags/example_task_group.py
[2024-10-17T17:10:35.557+0000] {logging_mixin.py:190} INFO - [2024-10-17T17:10:35.557+0000] {override.py:1900} INFO - Created Permission View: can delete on DAG:example_task_group
[2024-10-17T17:10:35.563+0000] {logging_mixin.py:190} INFO - [2024-10-17T17:10:35.562+0000] {override.py:1900} INFO - Created Permission View: can edit on DAG:example_task_group
[2024-10-17T17:10:35.566+0000] {logging_mixin.py:190} INFO - [2024-10-17T17:10:35.565+0000] {override.py:1900} INFO - Created Permission View: can read on DAG:example_task_group
[2024-10-17T17:10:35.569+0000] {logging_mixin.py:190} INFO - [2024-10-17T17:10:35.568+0000] {override.py:1900} INFO - Created Permission View: can create on DAG Run:example_task_group
[2024-10-17T17:10:35.571+0000] {logging_mixin.py:190} INFO - [2024-10-17T17:10:35.571+0000] {override.py:1900} INFO - Created Permission View: can delete on DAG Run:example_task_group
[2024-10-17T17:10:35.574+0000] {logging_mixin.py:190} INFO - [2024-10-17T17:10:35.574+0000] {override.py:1900} INFO - Created Permission View: can read on DAG Run:example_task_group
[2024-10-17T17:10:35.577+0000] {logging_mixin.py:190} INFO - [2024-10-17T17:10:35.576+0000] {override.py:1900} INFO - Created Permission View: menu access on DAG Run:example_task_group
[2024-10-17T17:10:35.577+0000] {logging_mixin.py:190} INFO - [2024-10-17T17:10:35.577+0000] {dag.py:3239} INFO - Sync 1 DAGs
[2024-10-17T17:10:35.584+0000] {logging_mixin.py:190} INFO - [2024-10-17T17:10:35.583+0000] {dag.py:3262} INFO - Creating ORM DAG for example_task_group
[2024-10-17T17:10:35.584+0000] {logging_mixin.py:190} INFO - [2024-10-17T17:10:35.584+0000] {dag.py:4180} INFO - Setting next_dagrun for example_task_group to None, run_after=None
[2024-10-17T17:10:35.592+0000] {processor.py:208} INFO - Processing /home/airflow/.local/lib/python3.12/site-packages/airflow/example_dags/example_task_group.py took 0.101 seconds
[2024-10-17T17:11:05.806+0000] {processor.py:186} INFO - Started process (PID=145) to work on /home/airflow/.local/lib/python3.12/site-packages/airflow/example_dags/example_task_group.py
[2024-10-17T17:11:05.807+0000] {processor.py:914} INFO - Processing file /home/airflow/.local/lib/python3.12/site-packages/airflow/example_dags/example_task_group.py for tasks to queue
[2024-10-17T17:11:05.809+0000] {logging_mixin.py:190} INFO - [2024-10-17T17:11:05.808+0000] {dagbag.py:588} INFO - Filling up the DagBag from /home/airflow/.local/lib/python3.12/site-packages/airflow/example_dags/example_task_group.py
[2024-10-17T17:11:05.813+0000] {processor.py:925} INFO - DAG(s) 'example_task_group' retrieved from /home/airflow/.local/lib/python3.12/site-packages/airflow/example_dags/example_task_group.py
[2024-10-17T17:11:05.825+0000] {logging_mixin.py:190} INFO - [2024-10-17T17:11:05.825+0000] {dag.py:3239} INFO - Sync 1 DAGs
[2024-10-17T17:11:05.831+0000] {logging_mixin.py:190} INFO - [2024-10-17T17:11:05.831+0000] {dag.py:4180} INFO - Setting next_dagrun for example_task_group to None, run_after=None
[2024-10-17T17:11:05.839+0000] {processor.py:208} INFO - Processing /home/airflow/.local/lib/python3.12/site-packages/airflow/example_dags/example_task_group.py took 0.037 seconds
[2024-10-17T17:11:36.035+0000] {processor.py:186} INFO - Started process (PID=207) to work on /home/airflow/.local/lib/python3.12/site-packages/airflow/example_dags/example_task_group.py
[2024-10-17T17:11:36.036+0000] {processor.py:914} INFO - Processing file /home/airflow/.local/lib/python3.12/site-packages/airflow/example_dags/example_task_group.py for tasks to queue
[2024-10-17T17:11:36.037+0000] {logging_mixin.py:190} INFO - [2024-10-17T17:11:36.037+0000] {dagbag.py:588} INFO - Filling up the DagBag from /home/airflow/.local/lib/python3.12/site-packages/airflow/example_dags/example_task_group.py
[2024-10-17T17:11:36.042+0000] {processor.py:925} INFO - DAG(s) 'example_task_group' retrieved from /home/airflow/.local/lib/python3.12/site-packages/airflow/example_dags/example_task_group.py
[2024-10-17T17:11:36.054+0000] {logging_mixin.py:190} INFO - [2024-10-17T17:11:36.054+0000] {dag.py:3239} INFO - Sync 1 DAGs
[2024-10-17T17:11:36.061+0000] {logging_mixin.py:190} INFO - [2024-10-17T17:11:36.061+0000] {dag.py:4180} INFO - Setting next_dagrun for example_task_group to None, run_after=None
[2024-10-17T17:11:36.070+0000] {processor.py:208} INFO - Processing /home/airflow/.local/lib/python3.12/site-packages/airflow/example_dags/example_task_group.py took 0.039 seconds
[2024-10-17T17:12:06.605+0000] {processor.py:186} INFO - Started process (PID=269) to work on /home/airflow/.local/lib/python3.12/site-packages/airflow/example_dags/example_task_group.py
[2024-10-17T17:12:06.606+0000] {processor.py:914} INFO - Processing file /home/airflow/.local/lib/python3.12/site-packages/airflow/example_dags/example_task_group.py for tasks to queue
[2024-10-17T17:12:06.608+0000] {logging_mixin.py:190} INFO - [2024-10-17T17:12:06.608+0000] {dagbag.py:588} INFO - Filling up the DagBag from /home/airflow/.local/lib/python3.12/site-packages/airflow/example_dags/example_task_group.py
[2024-10-17T17:12:06.614+0000] {processor.py:925} INFO - DAG(s) 'example_task_group' retrieved from /home/airflow/.local/lib/python3.12/site-packages/airflow/example_dags/example_task_group.py
[2024-10-17T17:12:06.627+0000] {logging_mixin.py:190} INFO - [2024-10-17T17:12:06.627+0000] {dag.py:3239} INFO - Sync 1 DAGs
[2024-10-17T17:12:06.634+0000] {logging_mixin.py:190} INFO - [2024-10-17T17:12:06.634+0000] {dag.py:4180} INFO - Setting next_dagrun for example_task_group to None, run_after=None
[2024-10-17T17:12:06.644+0000] {processor.py:208} INFO - Processing /home/airflow/.local/lib/python3.12/site-packages/airflow/example_dags/example_task_group.py took 0.043 seconds
[2024-10-17T19:26:36.783+0000] {processor.py:186} INFO - Started process (PID=102) to work on /home/airflow/.local/lib/python3.12/site-packages/airflow/example_dags/example_task_group.py
[2024-10-17T19:26:36.784+0000] {processor.py:914} INFO - Processing file /home/airflow/.local/lib/python3.12/site-packages/airflow/example_dags/example_task_group.py for tasks to queue
[2024-10-17T19:26:36.785+0000] {logging_mixin.py:190} INFO - [2024-10-17T19:26:36.785+0000] {dagbag.py:588} INFO - Filling up the DagBag from /home/airflow/.local/lib/python3.12/site-packages/airflow/example_dags/example_task_group.py
[2024-10-17T19:26:36.791+0000] {processor.py:925} INFO - DAG(s) 'example_task_group' retrieved from /home/airflow/.local/lib/python3.12/site-packages/airflow/example_dags/example_task_group.py
[2024-10-17T19:26:36.847+0000] {logging_mixin.py:190} INFO - [2024-10-17T19:26:36.846+0000] {override.py:1900} INFO - Created Permission View: can edit on DAG:example_task_group
[2024-10-17T19:26:36.851+0000] {logging_mixin.py:190} INFO - [2024-10-17T19:26:36.851+0000] {override.py:1900} INFO - Created Permission View: can delete on DAG:example_task_group
[2024-10-17T19:26:36.854+0000] {logging_mixin.py:190} INFO - [2024-10-17T19:26:36.854+0000] {override.py:1900} INFO - Created Permission View: can read on DAG:example_task_group
[2024-10-17T19:26:36.858+0000] {logging_mixin.py:190} INFO - [2024-10-17T19:26:36.857+0000] {override.py:1900} INFO - Created Permission View: can delete on DAG Run:example_task_group
[2024-10-17T19:26:36.860+0000] {logging_mixin.py:190} INFO - [2024-10-17T19:26:36.860+0000] {override.py:1900} INFO - Created Permission View: can create on DAG Run:example_task_group
[2024-10-17T19:26:36.863+0000] {logging_mixin.py:190} INFO - [2024-10-17T19:26:36.863+0000] {override.py:1900} INFO - Created Permission View: can read on DAG Run:example_task_group
[2024-10-17T19:26:36.866+0000] {logging_mixin.py:190} INFO - [2024-10-17T19:26:36.866+0000] {override.py:1900} INFO - Created Permission View: menu access on DAG Run:example_task_group
[2024-10-17T19:26:36.866+0000] {logging_mixin.py:190} INFO - [2024-10-17T19:26:36.866+0000] {dag.py:3239} INFO - Sync 1 DAGs
[2024-10-17T19:26:36.873+0000] {logging_mixin.py:190} INFO - [2024-10-17T19:26:36.873+0000] {dag.py:3262} INFO - Creating ORM DAG for example_task_group
[2024-10-17T19:26:36.873+0000] {logging_mixin.py:190} INFO - [2024-10-17T19:26:36.873+0000] {dag.py:4180} INFO - Setting next_dagrun for example_task_group to None, run_after=None
[2024-10-17T19:26:36.881+0000] {processor.py:208} INFO - Processing /home/airflow/.local/lib/python3.12/site-packages/airflow/example_dags/example_task_group.py took 0.102 seconds
[2024-10-17T19:27:07.271+0000] {processor.py:186} INFO - Started process (PID=165) to work on /home/airflow/.local/lib/python3.12/site-packages/airflow/example_dags/example_task_group.py
[2024-10-17T19:27:07.272+0000] {processor.py:914} INFO - Processing file /home/airflow/.local/lib/python3.12/site-packages/airflow/example_dags/example_task_group.py for tasks to queue
[2024-10-17T19:27:07.273+0000] {logging_mixin.py:190} INFO - [2024-10-17T19:27:07.273+0000] {dagbag.py:588} INFO - Filling up the DagBag from /home/airflow/.local/lib/python3.12/site-packages/airflow/example_dags/example_task_group.py
[2024-10-17T19:27:07.278+0000] {processor.py:925} INFO - DAG(s) 'example_task_group' retrieved from /home/airflow/.local/lib/python3.12/site-packages/airflow/example_dags/example_task_group.py
[2024-10-17T19:27:07.289+0000] {logging_mixin.py:190} INFO - [2024-10-17T19:27:07.289+0000] {dag.py:3239} INFO - Sync 1 DAGs
[2024-10-17T19:27:07.296+0000] {logging_mixin.py:190} INFO - [2024-10-17T19:27:07.296+0000] {dag.py:4180} INFO - Setting next_dagrun for example_task_group to None, run_after=None
[2024-10-17T19:27:07.305+0000] {processor.py:208} INFO - Processing /home/airflow/.local/lib/python3.12/site-packages/airflow/example_dags/example_task_group.py took 0.037 seconds
[2024-10-17T19:27:37.693+0000] {processor.py:186} INFO - Started process (PID=228) to work on /home/airflow/.local/lib/python3.12/site-packages/airflow/example_dags/example_task_group.py
[2024-10-17T19:27:37.694+0000] {processor.py:914} INFO - Processing file /home/airflow/.local/lib/python3.12/site-packages/airflow/example_dags/example_task_group.py for tasks to queue
[2024-10-17T19:27:37.695+0000] {logging_mixin.py:190} INFO - [2024-10-17T19:27:37.695+0000] {dagbag.py:588} INFO - Filling up the DagBag from /home/airflow/.local/lib/python3.12/site-packages/airflow/example_dags/example_task_group.py
[2024-10-17T19:27:37.699+0000] {processor.py:925} INFO - DAG(s) 'example_task_group' retrieved from /home/airflow/.local/lib/python3.12/site-packages/airflow/example_dags/example_task_group.py
[2024-10-17T19:27:37.710+0000] {logging_mixin.py:190} INFO - [2024-10-17T19:27:37.710+0000] {dag.py:3239} INFO - Sync 1 DAGs
[2024-10-17T19:27:37.717+0000] {logging_mixin.py:190} INFO - [2024-10-17T19:27:37.717+0000] {dag.py:4180} INFO - Setting next_dagrun for example_task_group to None, run_after=None
[2024-10-17T19:27:37.726+0000] {processor.py:208} INFO - Processing /home/airflow/.local/lib/python3.12/site-packages/airflow/example_dags/example_task_group.py took 0.036 seconds
[2024-10-17T19:28:08.321+0000] {processor.py:186} INFO - Started process (PID=291) to work on /home/airflow/.local/lib/python3.12/site-packages/airflow/example_dags/example_task_group.py
[2024-10-17T19:28:08.322+0000] {processor.py:914} INFO - Processing file /home/airflow/.local/lib/python3.12/site-packages/airflow/example_dags/example_task_group.py for tasks to queue
[2024-10-17T19:28:08.323+0000] {logging_mixin.py:190} INFO - [2024-10-17T19:28:08.323+0000] {dagbag.py:588} INFO - Filling up the DagBag from /home/airflow/.local/lib/python3.12/site-packages/airflow/example_dags/example_task_group.py
[2024-10-17T19:28:08.328+0000] {processor.py:925} INFO - DAG(s) 'example_task_group' retrieved from /home/airflow/.local/lib/python3.12/site-packages/airflow/example_dags/example_task_group.py
[2024-10-17T19:28:08.340+0000] {logging_mixin.py:190} INFO - [2024-10-17T19:28:08.340+0000] {dag.py:3239} INFO - Sync 1 DAGs
[2024-10-17T19:28:08.347+0000] {logging_mixin.py:190} INFO - [2024-10-17T19:28:08.347+0000] {dag.py:4180} INFO - Setting next_dagrun for example_task_group to None, run_after=None
[2024-10-17T19:28:08.356+0000] {processor.py:208} INFO - Processing /home/airflow/.local/lib/python3.12/site-packages/airflow/example_dags/example_task_group.py took 0.039 seconds
[2024-10-17T19:28:39.056+0000] {processor.py:186} INFO - Started process (PID=354) to work on /home/airflow/.local/lib/python3.12/site-packages/airflow/example_dags/example_task_group.py
[2024-10-17T19:28:39.057+0000] {processor.py:914} INFO - Processing file /home/airflow/.local/lib/python3.12/site-packages/airflow/example_dags/example_task_group.py for tasks to queue
[2024-10-17T19:28:39.060+0000] {logging_mixin.py:190} INFO - [2024-10-17T19:28:39.059+0000] {dagbag.py:588} INFO - Filling up the DagBag from /home/airflow/.local/lib/python3.12/site-packages/airflow/example_dags/example_task_group.py
[2024-10-17T19:28:39.073+0000] {processor.py:925} INFO - DAG(s) 'example_task_group' retrieved from /home/airflow/.local/lib/python3.12/site-packages/airflow/example_dags/example_task_group.py
[2024-10-17T19:28:39.094+0000] {logging_mixin.py:190} INFO - [2024-10-17T19:28:39.093+0000] {dag.py:3239} INFO - Sync 1 DAGs
[2024-10-17T19:28:39.103+0000] {logging_mixin.py:190} INFO - [2024-10-17T19:28:39.103+0000] {dag.py:4180} INFO - Setting next_dagrun for example_task_group to None, run_after=None
[2024-10-17T19:28:39.114+0000] {processor.py:208} INFO - Processing /home/airflow/.local/lib/python3.12/site-packages/airflow/example_dags/example_task_group.py took 0.063 seconds
[2024-10-17T19:29:09.762+0000] {processor.py:186} INFO - Started process (PID=417) to work on /home/airflow/.local/lib/python3.12/site-packages/airflow/example_dags/example_task_group.py
[2024-10-17T19:29:09.763+0000] {processor.py:914} INFO - Processing file /home/airflow/.local/lib/python3.12/site-packages/airflow/example_dags/example_task_group.py for tasks to queue
[2024-10-17T19:29:09.764+0000] {logging_mixin.py:190} INFO - [2024-10-17T19:29:09.764+0000] {dagbag.py:588} INFO - Filling up the DagBag from /home/airflow/.local/lib/python3.12/site-packages/airflow/example_dags/example_task_group.py
[2024-10-17T19:29:09.769+0000] {processor.py:925} INFO - DAG(s) 'example_task_group' retrieved from /home/airflow/.local/lib/python3.12/site-packages/airflow/example_dags/example_task_group.py
[2024-10-17T19:29:09.780+0000] {logging_mixin.py:190} INFO - [2024-10-17T19:29:09.780+0000] {dag.py:3239} INFO - Sync 1 DAGs
[2024-10-17T19:29:09.787+0000] {logging_mixin.py:190} INFO - [2024-10-17T19:29:09.786+0000] {dag.py:4180} INFO - Setting next_dagrun for example_task_group to None, run_after=None
[2024-10-17T19:29:09.795+0000] {processor.py:208} INFO - Processing /home/airflow/.local/lib/python3.12/site-packages/airflow/example_dags/example_task_group.py took 0.036 seconds
[2024-10-17T19:29:40.289+0000] {processor.py:186} INFO - Started process (PID=480) to work on /home/airflow/.local/lib/python3.12/site-packages/airflow/example_dags/example_task_group.py
[2024-10-17T19:29:40.290+0000] {processor.py:914} INFO - Processing file /home/airflow/.local/lib/python3.12/site-packages/airflow/example_dags/example_task_group.py for tasks to queue
[2024-10-17T19:29:40.292+0000] {logging_mixin.py:190} INFO - [2024-10-17T19:29:40.292+0000] {dagbag.py:588} INFO - Filling up the DagBag from /home/airflow/.local/lib/python3.12/site-packages/airflow/example_dags/example_task_group.py
[2024-10-17T19:29:40.298+0000] {processor.py:925} INFO - DAG(s) 'example_task_group' retrieved from /home/airflow/.local/lib/python3.12/site-packages/airflow/example_dags/example_task_group.py
[2024-10-17T19:29:40.309+0000] {logging_mixin.py:190} INFO - [2024-10-17T19:29:40.309+0000] {dag.py:3239} INFO - Sync 1 DAGs
[2024-10-17T19:29:40.316+0000] {logging_mixin.py:190} INFO - [2024-10-17T19:29:40.316+0000] {dag.py:4180} INFO - Setting next_dagrun for example_task_group to None, run_after=None
[2024-10-17T19:29:40.325+0000] {processor.py:208} INFO - Processing /home/airflow/.local/lib/python3.12/site-packages/airflow/example_dags/example_task_group.py took 0.039 seconds
[2024-10-17T19:30:10.807+0000] {processor.py:186} INFO - Started process (PID=543) to work on /home/airflow/.local/lib/python3.12/site-packages/airflow/example_dags/example_task_group.py
[2024-10-17T19:30:10.808+0000] {processor.py:914} INFO - Processing file /home/airflow/.local/lib/python3.12/site-packages/airflow/example_dags/example_task_group.py for tasks to queue
[2024-10-17T19:30:10.809+0000] {logging_mixin.py:190} INFO - [2024-10-17T19:30:10.809+0000] {dagbag.py:588} INFO - Filling up the DagBag from /home/airflow/.local/lib/python3.12/site-packages/airflow/example_dags/example_task_group.py
[2024-10-17T19:30:10.814+0000] {processor.py:925} INFO - DAG(s) 'example_task_group' retrieved from /home/airflow/.local/lib/python3.12/site-packages/airflow/example_dags/example_task_group.py
[2024-10-17T19:30:10.825+0000] {logging_mixin.py:190} INFO - [2024-10-17T19:30:10.825+0000] {dag.py:3239} INFO - Sync 1 DAGs
[2024-10-17T19:30:10.832+0000] {logging_mixin.py:190} INFO - [2024-10-17T19:30:10.831+0000] {dag.py:4180} INFO - Setting next_dagrun for example_task_group to None, run_after=None
[2024-10-17T19:30:10.840+0000] {processor.py:208} INFO - Processing /home/airflow/.local/lib/python3.12/site-packages/airflow/example_dags/example_task_group.py took 0.036 seconds
[2024-10-17T19:30:41.530+0000] {processor.py:186} INFO - Started process (PID=606) to work on /home/airflow/.local/lib/python3.12/site-packages/airflow/example_dags/example_task_group.py
[2024-10-17T19:30:41.531+0000] {processor.py:914} INFO - Processing file /home/airflow/.local/lib/python3.12/site-packages/airflow/example_dags/example_task_group.py for tasks to queue
[2024-10-17T19:30:41.533+0000] {logging_mixin.py:190} INFO - [2024-10-17T19:30:41.533+0000] {dagbag.py:588} INFO - Filling up the DagBag from /home/airflow/.local/lib/python3.12/site-packages/airflow/example_dags/example_task_group.py
[2024-10-17T19:30:41.539+0000] {processor.py:925} INFO - DAG(s) 'example_task_group' retrieved from /home/airflow/.local/lib/python3.12/site-packages/airflow/example_dags/example_task_group.py
[2024-10-17T19:30:41.551+0000] {logging_mixin.py:190} INFO - [2024-10-17T19:30:41.551+0000] {dag.py:3239} INFO - Sync 1 DAGs
[2024-10-17T19:30:41.559+0000] {logging_mixin.py:190} INFO - [2024-10-17T19:30:41.559+0000] {dag.py:4180} INFO - Setting next_dagrun for example_task_group to None, run_after=None
[2024-10-17T19:30:41.570+0000] {processor.py:208} INFO - Processing /home/airflow/.local/lib/python3.12/site-packages/airflow/example_dags/example_task_group.py took 0.043 seconds
[2024-10-17T19:31:11.837+0000] {processor.py:186} INFO - Started process (PID=669) to work on /home/airflow/.local/lib/python3.12/site-packages/airflow/example_dags/example_task_group.py
[2024-10-17T19:31:11.838+0000] {processor.py:914} INFO - Processing file /home/airflow/.local/lib/python3.12/site-packages/airflow/example_dags/example_task_group.py for tasks to queue
[2024-10-17T19:31:11.839+0000] {logging_mixin.py:190} INFO - [2024-10-17T19:31:11.839+0000] {dagbag.py:588} INFO - Filling up the DagBag from /home/airflow/.local/lib/python3.12/site-packages/airflow/example_dags/example_task_group.py
[2024-10-17T19:31:11.846+0000] {processor.py:925} INFO - DAG(s) 'example_task_group' retrieved from /home/airflow/.local/lib/python3.12/site-packages/airflow/example_dags/example_task_group.py
[2024-10-17T19:31:11.858+0000] {logging_mixin.py:190} INFO - [2024-10-17T19:31:11.858+0000] {dag.py:3239} INFO - Sync 1 DAGs
[2024-10-17T19:31:11.868+0000] {logging_mixin.py:190} INFO - [2024-10-17T19:31:11.868+0000] {dag.py:4180} INFO - Setting next_dagrun for example_task_group to None, run_after=None
[2024-10-17T19:31:11.878+0000] {processor.py:208} INFO - Processing /home/airflow/.local/lib/python3.12/site-packages/airflow/example_dags/example_task_group.py took 0.044 seconds
[2024-10-17T19:31:42.407+0000] {processor.py:186} INFO - Started process (PID=732) to work on /home/airflow/.local/lib/python3.12/site-packages/airflow/example_dags/example_task_group.py
[2024-10-17T19:31:42.407+0000] {processor.py:914} INFO - Processing file /home/airflow/.local/lib/python3.12/site-packages/airflow/example_dags/example_task_group.py for tasks to queue
[2024-10-17T19:31:42.409+0000] {logging_mixin.py:190} INFO - [2024-10-17T19:31:42.409+0000] {dagbag.py:588} INFO - Filling up the DagBag from /home/airflow/.local/lib/python3.12/site-packages/airflow/example_dags/example_task_group.py
[2024-10-17T19:31:42.414+0000] {processor.py:925} INFO - DAG(s) 'example_task_group' retrieved from /home/airflow/.local/lib/python3.12/site-packages/airflow/example_dags/example_task_group.py
[2024-10-17T19:31:42.427+0000] {logging_mixin.py:190} INFO - [2024-10-17T19:31:42.426+0000] {dag.py:3239} INFO - Sync 1 DAGs
[2024-10-17T19:31:42.434+0000] {logging_mixin.py:190} INFO - [2024-10-17T19:31:42.434+0000] {dag.py:4180} INFO - Setting next_dagrun for example_task_group to None, run_after=None
[2024-10-17T19:31:42.444+0000] {processor.py:208} INFO - Processing /home/airflow/.local/lib/python3.12/site-packages/airflow/example_dags/example_task_group.py took 0.042 seconds
[2024-10-17T19:33:34.062+0000] {processor.py:186} INFO - Started process (PID=102) to work on /home/airflow/.local/lib/python3.12/site-packages/airflow/example_dags/example_task_group.py
[2024-10-17T19:33:34.063+0000] {processor.py:914} INFO - Processing file /home/airflow/.local/lib/python3.12/site-packages/airflow/example_dags/example_task_group.py for tasks to queue
[2024-10-17T19:33:34.064+0000] {logging_mixin.py:190} INFO - [2024-10-17T19:33:34.064+0000] {dagbag.py:588} INFO - Filling up the DagBag from /home/airflow/.local/lib/python3.12/site-packages/airflow/example_dags/example_task_group.py
[2024-10-17T19:33:34.069+0000] {processor.py:925} INFO - DAG(s) 'example_task_group' retrieved from /home/airflow/.local/lib/python3.12/site-packages/airflow/example_dags/example_task_group.py
[2024-10-17T19:33:34.125+0000] {logging_mixin.py:190} INFO - [2024-10-17T19:33:34.125+0000] {override.py:1900} INFO - Created Permission View: can edit on DAG:example_task_group
[2024-10-17T19:33:34.130+0000] {logging_mixin.py:190} INFO - [2024-10-17T19:33:34.130+0000] {override.py:1900} INFO - Created Permission View: can delete on DAG:example_task_group
[2024-10-17T19:33:34.133+0000] {logging_mixin.py:190} INFO - [2024-10-17T19:33:34.133+0000] {override.py:1900} INFO - Created Permission View: can read on DAG:example_task_group
[2024-10-17T19:33:34.136+0000] {logging_mixin.py:190} INFO - [2024-10-17T19:33:34.135+0000] {override.py:1900} INFO - Created Permission View: menu access on DAG Run:example_task_group
[2024-10-17T19:33:34.138+0000] {logging_mixin.py:190} INFO - [2024-10-17T19:33:34.138+0000] {override.py:1900} INFO - Created Permission View: can create on DAG Run:example_task_group
[2024-10-17T19:33:34.141+0000] {logging_mixin.py:190} INFO - [2024-10-17T19:33:34.141+0000] {override.py:1900} INFO - Created Permission View: can delete on DAG Run:example_task_group
[2024-10-17T19:33:34.145+0000] {logging_mixin.py:190} INFO - [2024-10-17T19:33:34.144+0000] {override.py:1900} INFO - Created Permission View: can read on DAG Run:example_task_group
[2024-10-17T19:33:34.145+0000] {logging_mixin.py:190} INFO - [2024-10-17T19:33:34.145+0000] {dag.py:3239} INFO - Sync 1 DAGs
[2024-10-17T19:33:34.160+0000] {logging_mixin.py:190} INFO - [2024-10-17T19:33:34.159+0000] {dag.py:3262} INFO - Creating ORM DAG for example_task_group
[2024-10-17T19:33:34.161+0000] {logging_mixin.py:190} INFO - [2024-10-17T19:33:34.161+0000] {dag.py:4180} INFO - Setting next_dagrun for example_task_group to None, run_after=None
[2024-10-17T19:33:34.174+0000] {processor.py:208} INFO - Processing /home/airflow/.local/lib/python3.12/site-packages/airflow/example_dags/example_task_group.py took 0.116 seconds
[2024-10-17T19:34:04.502+0000] {processor.py:186} INFO - Started process (PID=165) to work on /home/airflow/.local/lib/python3.12/site-packages/airflow/example_dags/example_task_group.py
[2024-10-17T19:34:04.502+0000] {processor.py:914} INFO - Processing file /home/airflow/.local/lib/python3.12/site-packages/airflow/example_dags/example_task_group.py for tasks to queue
[2024-10-17T19:34:04.504+0000] {logging_mixin.py:190} INFO - [2024-10-17T19:34:04.504+0000] {dagbag.py:588} INFO - Filling up the DagBag from /home/airflow/.local/lib/python3.12/site-packages/airflow/example_dags/example_task_group.py
[2024-10-17T19:34:04.509+0000] {processor.py:925} INFO - DAG(s) 'example_task_group' retrieved from /home/airflow/.local/lib/python3.12/site-packages/airflow/example_dags/example_task_group.py
[2024-10-17T19:34:04.520+0000] {logging_mixin.py:190} INFO - [2024-10-17T19:34:04.520+0000] {dag.py:3239} INFO - Sync 1 DAGs
[2024-10-17T19:34:04.527+0000] {logging_mixin.py:190} INFO - [2024-10-17T19:34:04.527+0000] {dag.py:4180} INFO - Setting next_dagrun for example_task_group to None, run_after=None
[2024-10-17T19:34:04.536+0000] {processor.py:208} INFO - Processing /home/airflow/.local/lib/python3.12/site-packages/airflow/example_dags/example_task_group.py took 0.038 seconds
[2024-10-17T19:34:34.744+0000] {processor.py:186} INFO - Started process (PID=229) to work on /home/airflow/.local/lib/python3.12/site-packages/airflow/example_dags/example_task_group.py
[2024-10-17T19:34:34.744+0000] {processor.py:914} INFO - Processing file /home/airflow/.local/lib/python3.12/site-packages/airflow/example_dags/example_task_group.py for tasks to queue
[2024-10-17T19:34:34.746+0000] {logging_mixin.py:190} INFO - [2024-10-17T19:34:34.746+0000] {dagbag.py:588} INFO - Filling up the DagBag from /home/airflow/.local/lib/python3.12/site-packages/airflow/example_dags/example_task_group.py
[2024-10-17T19:34:34.751+0000] {processor.py:925} INFO - DAG(s) 'example_task_group' retrieved from /home/airflow/.local/lib/python3.12/site-packages/airflow/example_dags/example_task_group.py
[2024-10-17T19:34:34.761+0000] {logging_mixin.py:190} INFO - [2024-10-17T19:34:34.761+0000] {dag.py:3239} INFO - Sync 1 DAGs
[2024-10-17T19:34:34.768+0000] {logging_mixin.py:190} INFO - [2024-10-17T19:34:34.768+0000] {dag.py:4180} INFO - Setting next_dagrun for example_task_group to None, run_after=None
[2024-10-17T19:34:34.776+0000] {processor.py:208} INFO - Processing /home/airflow/.local/lib/python3.12/site-packages/airflow/example_dags/example_task_group.py took 0.036 seconds
[2024-10-17T19:35:05.176+0000] {processor.py:186} INFO - Started process (PID=291) to work on /home/airflow/.local/lib/python3.12/site-packages/airflow/example_dags/example_task_group.py
[2024-10-17T19:35:05.176+0000] {processor.py:914} INFO - Processing file /home/airflow/.local/lib/python3.12/site-packages/airflow/example_dags/example_task_group.py for tasks to queue
[2024-10-17T19:35:05.179+0000] {logging_mixin.py:190} INFO - [2024-10-17T19:35:05.179+0000] {dagbag.py:588} INFO - Filling up the DagBag from /home/airflow/.local/lib/python3.12/site-packages/airflow/example_dags/example_task_group.py
[2024-10-17T19:35:05.184+0000] {processor.py:925} INFO - DAG(s) 'example_task_group' retrieved from /home/airflow/.local/lib/python3.12/site-packages/airflow/example_dags/example_task_group.py
[2024-10-17T19:35:05.195+0000] {logging_mixin.py:190} INFO - [2024-10-17T19:35:05.195+0000] {dag.py:3239} INFO - Sync 1 DAGs
[2024-10-17T19:35:05.202+0000] {logging_mixin.py:190} INFO - [2024-10-17T19:35:05.201+0000] {dag.py:4180} INFO - Setting next_dagrun for example_task_group to None, run_after=None
[2024-10-17T19:35:05.209+0000] {processor.py:208} INFO - Processing /home/airflow/.local/lib/python3.12/site-packages/airflow/example_dags/example_task_group.py took 0.037 seconds
[2024-10-17T19:35:35.947+0000] {processor.py:186} INFO - Started process (PID=354) to work on /home/airflow/.local/lib/python3.12/site-packages/airflow/example_dags/example_task_group.py
[2024-10-17T19:35:35.948+0000] {processor.py:914} INFO - Processing file /home/airflow/.local/lib/python3.12/site-packages/airflow/example_dags/example_task_group.py for tasks to queue
[2024-10-17T19:35:35.949+0000] {logging_mixin.py:190} INFO - [2024-10-17T19:35:35.949+0000] {dagbag.py:588} INFO - Filling up the DagBag from /home/airflow/.local/lib/python3.12/site-packages/airflow/example_dags/example_task_group.py
[2024-10-17T19:35:35.955+0000] {processor.py:925} INFO - DAG(s) 'example_task_group' retrieved from /home/airflow/.local/lib/python3.12/site-packages/airflow/example_dags/example_task_group.py
[2024-10-17T19:35:35.966+0000] {logging_mixin.py:190} INFO - [2024-10-17T19:35:35.965+0000] {dag.py:3239} INFO - Sync 1 DAGs
[2024-10-17T19:35:35.973+0000] {logging_mixin.py:190} INFO - [2024-10-17T19:35:35.973+0000] {dag.py:4180} INFO - Setting next_dagrun for example_task_group to None, run_after=None
[2024-10-17T19:35:35.982+0000] {processor.py:208} INFO - Processing /home/airflow/.local/lib/python3.12/site-packages/airflow/example_dags/example_task_group.py took 0.039 seconds
[2024-10-17T19:36:06.637+0000] {processor.py:186} INFO - Started process (PID=417) to work on /home/airflow/.local/lib/python3.12/site-packages/airflow/example_dags/example_task_group.py
[2024-10-17T19:36:06.638+0000] {processor.py:914} INFO - Processing file /home/airflow/.local/lib/python3.12/site-packages/airflow/example_dags/example_task_group.py for tasks to queue
[2024-10-17T19:36:06.640+0000] {logging_mixin.py:190} INFO - [2024-10-17T19:36:06.640+0000] {dagbag.py:588} INFO - Filling up the DagBag from /home/airflow/.local/lib/python3.12/site-packages/airflow/example_dags/example_task_group.py
[2024-10-17T19:36:06.646+0000] {processor.py:925} INFO - DAG(s) 'example_task_group' retrieved from /home/airflow/.local/lib/python3.12/site-packages/airflow/example_dags/example_task_group.py
[2024-10-17T19:36:06.657+0000] {logging_mixin.py:190} INFO - [2024-10-17T19:36:06.657+0000] {dag.py:3239} INFO - Sync 1 DAGs
[2024-10-17T19:36:06.665+0000] {logging_mixin.py:190} INFO - [2024-10-17T19:36:06.665+0000] {dag.py:4180} INFO - Setting next_dagrun for example_task_group to None, run_after=None
[2024-10-17T19:36:06.674+0000] {processor.py:208} INFO - Processing /home/airflow/.local/lib/python3.12/site-packages/airflow/example_dags/example_task_group.py took 0.041 seconds
[2024-10-17T19:36:37.222+0000] {processor.py:186} INFO - Started process (PID=480) to work on /home/airflow/.local/lib/python3.12/site-packages/airflow/example_dags/example_task_group.py
[2024-10-17T19:36:37.223+0000] {processor.py:914} INFO - Processing file /home/airflow/.local/lib/python3.12/site-packages/airflow/example_dags/example_task_group.py for tasks to queue
[2024-10-17T19:36:37.224+0000] {logging_mixin.py:190} INFO - [2024-10-17T19:36:37.224+0000] {dagbag.py:588} INFO - Filling up the DagBag from /home/airflow/.local/lib/python3.12/site-packages/airflow/example_dags/example_task_group.py
[2024-10-17T19:36:37.230+0000] {processor.py:925} INFO - DAG(s) 'example_task_group' retrieved from /home/airflow/.local/lib/python3.12/site-packages/airflow/example_dags/example_task_group.py
[2024-10-17T19:36:37.241+0000] {logging_mixin.py:190} INFO - [2024-10-17T19:36:37.241+0000] {dag.py:3239} INFO - Sync 1 DAGs
[2024-10-17T19:36:37.248+0000] {logging_mixin.py:190} INFO - [2024-10-17T19:36:37.248+0000] {dag.py:4180} INFO - Setting next_dagrun for example_task_group to None, run_after=None
[2024-10-17T19:36:37.258+0000] {processor.py:208} INFO - Processing /home/airflow/.local/lib/python3.12/site-packages/airflow/example_dags/example_task_group.py took 0.040 seconds
[2024-10-17T19:37:07.795+0000] {processor.py:186} INFO - Started process (PID=544) to work on /home/airflow/.local/lib/python3.12/site-packages/airflow/example_dags/example_task_group.py
[2024-10-17T19:37:07.796+0000] {processor.py:914} INFO - Processing file /home/airflow/.local/lib/python3.12/site-packages/airflow/example_dags/example_task_group.py for tasks to queue
[2024-10-17T19:37:07.798+0000] {logging_mixin.py:190} INFO - [2024-10-17T19:37:07.797+0000] {dagbag.py:588} INFO - Filling up the DagBag from /home/airflow/.local/lib/python3.12/site-packages/airflow/example_dags/example_task_group.py
[2024-10-17T19:37:07.803+0000] {processor.py:925} INFO - DAG(s) 'example_task_group' retrieved from /home/airflow/.local/lib/python3.12/site-packages/airflow/example_dags/example_task_group.py
[2024-10-17T19:37:07.814+0000] {logging_mixin.py:190} INFO - [2024-10-17T19:37:07.814+0000] {dag.py:3239} INFO - Sync 1 DAGs
[2024-10-17T19:37:07.820+0000] {logging_mixin.py:190} INFO - [2024-10-17T19:37:07.820+0000] {dag.py:4180} INFO - Setting next_dagrun for example_task_group to None, run_after=None
[2024-10-17T19:37:07.830+0000] {processor.py:208} INFO - Processing /home/airflow/.local/lib/python3.12/site-packages/airflow/example_dags/example_task_group.py took 0.038 seconds
[2024-10-17T19:39:20.356+0000] {processor.py:186} INFO - Started process (PID=102) to work on /home/airflow/.local/lib/python3.12/site-packages/airflow/example_dags/example_task_group.py
[2024-10-17T19:39:20.357+0000] {processor.py:914} INFO - Processing file /home/airflow/.local/lib/python3.12/site-packages/airflow/example_dags/example_task_group.py for tasks to queue
[2024-10-17T19:39:20.358+0000] {logging_mixin.py:190} INFO - [2024-10-17T19:39:20.358+0000] {dagbag.py:588} INFO - Filling up the DagBag from /home/airflow/.local/lib/python3.12/site-packages/airflow/example_dags/example_task_group.py
[2024-10-17T19:39:20.364+0000] {processor.py:925} INFO - DAG(s) 'example_task_group' retrieved from /home/airflow/.local/lib/python3.12/site-packages/airflow/example_dags/example_task_group.py
[2024-10-17T19:39:20.417+0000] {logging_mixin.py:190} INFO - [2024-10-17T19:39:20.417+0000] {override.py:1900} INFO - Created Permission View: can read on DAG:example_task_group
[2024-10-17T19:39:20.422+0000] {logging_mixin.py:190} INFO - [2024-10-17T19:39:20.422+0000] {override.py:1900} INFO - Created Permission View: can delete on DAG:example_task_group
[2024-10-17T19:39:20.425+0000] {logging_mixin.py:190} INFO - [2024-10-17T19:39:20.425+0000] {override.py:1900} INFO - Created Permission View: can edit on DAG:example_task_group
[2024-10-17T19:39:20.428+0000] {logging_mixin.py:190} INFO - [2024-10-17T19:39:20.428+0000] {override.py:1900} INFO - Created Permission View: can read on DAG Run:example_task_group
[2024-10-17T19:39:20.431+0000] {logging_mixin.py:190} INFO - [2024-10-17T19:39:20.431+0000] {override.py:1900} INFO - Created Permission View: can create on DAG Run:example_task_group
[2024-10-17T19:39:20.434+0000] {logging_mixin.py:190} INFO - [2024-10-17T19:39:20.434+0000] {override.py:1900} INFO - Created Permission View: can delete on DAG Run:example_task_group
[2024-10-17T19:39:20.437+0000] {logging_mixin.py:190} INFO - [2024-10-17T19:39:20.437+0000] {override.py:1900} INFO - Created Permission View: menu access on DAG Run:example_task_group
[2024-10-17T19:39:20.437+0000] {logging_mixin.py:190} INFO - [2024-10-17T19:39:20.437+0000] {dag.py:3239} INFO - Sync 1 DAGs
[2024-10-17T19:39:20.444+0000] {logging_mixin.py:190} INFO - [2024-10-17T19:39:20.444+0000] {dag.py:3262} INFO - Creating ORM DAG for example_task_group
[2024-10-17T19:39:20.445+0000] {logging_mixin.py:190} INFO - [2024-10-17T19:39:20.444+0000] {dag.py:4180} INFO - Setting next_dagrun for example_task_group to None, run_after=None
[2024-10-17T19:39:20.452+0000] {processor.py:208} INFO - Processing /home/airflow/.local/lib/python3.12/site-packages/airflow/example_dags/example_task_group.py took 0.100 seconds
[2024-10-17T19:39:50.701+0000] {processor.py:186} INFO - Started process (PID=165) to work on /home/airflow/.local/lib/python3.12/site-packages/airflow/example_dags/example_task_group.py
[2024-10-17T19:39:50.702+0000] {processor.py:914} INFO - Processing file /home/airflow/.local/lib/python3.12/site-packages/airflow/example_dags/example_task_group.py for tasks to queue
[2024-10-17T19:39:50.703+0000] {logging_mixin.py:190} INFO - [2024-10-17T19:39:50.703+0000] {dagbag.py:588} INFO - Filling up the DagBag from /home/airflow/.local/lib/python3.12/site-packages/airflow/example_dags/example_task_group.py
[2024-10-17T19:39:50.708+0000] {processor.py:925} INFO - DAG(s) 'example_task_group' retrieved from /home/airflow/.local/lib/python3.12/site-packages/airflow/example_dags/example_task_group.py
[2024-10-17T19:39:50.720+0000] {logging_mixin.py:190} INFO - [2024-10-17T19:39:50.720+0000] {dag.py:3239} INFO - Sync 1 DAGs
[2024-10-17T19:39:50.727+0000] {logging_mixin.py:190} INFO - [2024-10-17T19:39:50.727+0000] {dag.py:4180} INFO - Setting next_dagrun for example_task_group to None, run_after=None
[2024-10-17T19:39:50.735+0000] {processor.py:208} INFO - Processing /home/airflow/.local/lib/python3.12/site-packages/airflow/example_dags/example_task_group.py took 0.037 seconds
[2024-10-17T19:40:21.113+0000] {processor.py:186} INFO - Started process (PID=228) to work on /home/airflow/.local/lib/python3.12/site-packages/airflow/example_dags/example_task_group.py
[2024-10-17T19:40:21.113+0000] {processor.py:914} INFO - Processing file /home/airflow/.local/lib/python3.12/site-packages/airflow/example_dags/example_task_group.py for tasks to queue
[2024-10-17T19:40:21.115+0000] {logging_mixin.py:190} INFO - [2024-10-17T19:40:21.115+0000] {dagbag.py:588} INFO - Filling up the DagBag from /home/airflow/.local/lib/python3.12/site-packages/airflow/example_dags/example_task_group.py
[2024-10-17T19:40:21.120+0000] {processor.py:925} INFO - DAG(s) 'example_task_group' retrieved from /home/airflow/.local/lib/python3.12/site-packages/airflow/example_dags/example_task_group.py
[2024-10-17T19:40:21.131+0000] {logging_mixin.py:190} INFO - [2024-10-17T19:40:21.131+0000] {dag.py:3239} INFO - Sync 1 DAGs
[2024-10-17T19:40:21.137+0000] {logging_mixin.py:190} INFO - [2024-10-17T19:40:21.137+0000] {dag.py:4180} INFO - Setting next_dagrun for example_task_group to None, run_after=None
[2024-10-17T19:40:21.145+0000] {processor.py:208} INFO - Processing /home/airflow/.local/lib/python3.12/site-packages/airflow/example_dags/example_task_group.py took 0.036 seconds
[2024-10-17T19:40:51.492+0000] {processor.py:186} INFO - Started process (PID=291) to work on /home/airflow/.local/lib/python3.12/site-packages/airflow/example_dags/example_task_group.py
[2024-10-17T19:40:51.493+0000] {processor.py:914} INFO - Processing file /home/airflow/.local/lib/python3.12/site-packages/airflow/example_dags/example_task_group.py for tasks to queue
[2024-10-17T19:40:51.494+0000] {logging_mixin.py:190} INFO - [2024-10-17T19:40:51.494+0000] {dagbag.py:588} INFO - Filling up the DagBag from /home/airflow/.local/lib/python3.12/site-packages/airflow/example_dags/example_task_group.py
[2024-10-17T19:40:51.499+0000] {processor.py:925} INFO - DAG(s) 'example_task_group' retrieved from /home/airflow/.local/lib/python3.12/site-packages/airflow/example_dags/example_task_group.py
[2024-10-17T19:40:51.511+0000] {logging_mixin.py:190} INFO - [2024-10-17T19:40:51.511+0000] {dag.py:3239} INFO - Sync 1 DAGs
[2024-10-17T19:40:51.517+0000] {logging_mixin.py:190} INFO - [2024-10-17T19:40:51.517+0000] {dag.py:4180} INFO - Setting next_dagrun for example_task_group to None, run_after=None
[2024-10-17T19:40:51.526+0000] {processor.py:208} INFO - Processing /home/airflow/.local/lib/python3.12/site-packages/airflow/example_dags/example_task_group.py took 0.037 seconds
[2024-10-17T19:41:22.338+0000] {processor.py:186} INFO - Started process (PID=354) to work on /home/airflow/.local/lib/python3.12/site-packages/airflow/example_dags/example_task_group.py
[2024-10-17T19:41:22.339+0000] {processor.py:914} INFO - Processing file /home/airflow/.local/lib/python3.12/site-packages/airflow/example_dags/example_task_group.py for tasks to queue
[2024-10-17T19:41:22.341+0000] {logging_mixin.py:190} INFO - [2024-10-17T19:41:22.340+0000] {dagbag.py:588} INFO - Filling up the DagBag from /home/airflow/.local/lib/python3.12/site-packages/airflow/example_dags/example_task_group.py
[2024-10-17T19:41:22.347+0000] {processor.py:925} INFO - DAG(s) 'example_task_group' retrieved from /home/airflow/.local/lib/python3.12/site-packages/airflow/example_dags/example_task_group.py
[2024-10-17T19:41:22.360+0000] {logging_mixin.py:190} INFO - [2024-10-17T19:41:22.360+0000] {dag.py:3239} INFO - Sync 1 DAGs
[2024-10-17T19:41:22.368+0000] {logging_mixin.py:190} INFO - [2024-10-17T19:41:22.368+0000] {dag.py:4180} INFO - Setting next_dagrun for example_task_group to None, run_after=None
[2024-10-17T19:41:22.380+0000] {processor.py:208} INFO - Processing /home/airflow/.local/lib/python3.12/site-packages/airflow/example_dags/example_task_group.py took 0.046 seconds
[2024-10-17T19:41:52.832+0000] {processor.py:186} INFO - Started process (PID=417) to work on /home/airflow/.local/lib/python3.12/site-packages/airflow/example_dags/example_task_group.py
[2024-10-17T19:41:52.833+0000] {processor.py:914} INFO - Processing file /home/airflow/.local/lib/python3.12/site-packages/airflow/example_dags/example_task_group.py for tasks to queue
[2024-10-17T19:41:52.834+0000] {logging_mixin.py:190} INFO - [2024-10-17T19:41:52.834+0000] {dagbag.py:588} INFO - Filling up the DagBag from /home/airflow/.local/lib/python3.12/site-packages/airflow/example_dags/example_task_group.py
[2024-10-17T19:41:52.839+0000] {processor.py:925} INFO - DAG(s) 'example_task_group' retrieved from /home/airflow/.local/lib/python3.12/site-packages/airflow/example_dags/example_task_group.py
[2024-10-17T19:41:52.852+0000] {logging_mixin.py:190} INFO - [2024-10-17T19:41:52.852+0000] {dag.py:3239} INFO - Sync 1 DAGs
[2024-10-17T19:41:52.860+0000] {logging_mixin.py:190} INFO - [2024-10-17T19:41:52.860+0000] {dag.py:4180} INFO - Setting next_dagrun for example_task_group to None, run_after=None
[2024-10-17T19:41:52.870+0000] {processor.py:208} INFO - Processing /home/airflow/.local/lib/python3.12/site-packages/airflow/example_dags/example_task_group.py took 0.041 seconds
[2024-10-17T19:42:23.443+0000] {processor.py:186} INFO - Started process (PID=480) to work on /home/airflow/.local/lib/python3.12/site-packages/airflow/example_dags/example_task_group.py
[2024-10-17T19:42:23.443+0000] {processor.py:914} INFO - Processing file /home/airflow/.local/lib/python3.12/site-packages/airflow/example_dags/example_task_group.py for tasks to queue
[2024-10-17T19:42:23.445+0000] {logging_mixin.py:190} INFO - [2024-10-17T19:42:23.445+0000] {dagbag.py:588} INFO - Filling up the DagBag from /home/airflow/.local/lib/python3.12/site-packages/airflow/example_dags/example_task_group.py
[2024-10-17T19:42:23.451+0000] {processor.py:925} INFO - DAG(s) 'example_task_group' retrieved from /home/airflow/.local/lib/python3.12/site-packages/airflow/example_dags/example_task_group.py
[2024-10-17T19:42:23.463+0000] {logging_mixin.py:190} INFO - [2024-10-17T19:42:23.463+0000] {dag.py:3239} INFO - Sync 1 DAGs
[2024-10-17T19:42:23.471+0000] {logging_mixin.py:190} INFO - [2024-10-17T19:42:23.470+0000] {dag.py:4180} INFO - Setting next_dagrun for example_task_group to None, run_after=None
[2024-10-17T19:42:23.479+0000] {processor.py:208} INFO - Processing /home/airflow/.local/lib/python3.12/site-packages/airflow/example_dags/example_task_group.py took 0.040 seconds
[2024-10-17T19:44:02.636+0000] {processor.py:186} INFO - Started process (PID=102) to work on /home/airflow/.local/lib/python3.12/site-packages/airflow/example_dags/example_task_group.py
[2024-10-17T19:44:02.637+0000] {processor.py:914} INFO - Processing file /home/airflow/.local/lib/python3.12/site-packages/airflow/example_dags/example_task_group.py for tasks to queue
[2024-10-17T19:44:02.639+0000] {logging_mixin.py:190} INFO - [2024-10-17T19:44:02.638+0000] {dagbag.py:588} INFO - Filling up the DagBag from /home/airflow/.local/lib/python3.12/site-packages/airflow/example_dags/example_task_group.py
[2024-10-17T19:44:02.645+0000] {processor.py:925} INFO - DAG(s) 'example_task_group' retrieved from /home/airflow/.local/lib/python3.12/site-packages/airflow/example_dags/example_task_group.py
[2024-10-17T19:44:02.698+0000] {logging_mixin.py:190} INFO - [2024-10-17T19:44:02.698+0000] {override.py:1900} INFO - Created Permission View: can delete on DAG:example_task_group
[2024-10-17T19:44:02.703+0000] {logging_mixin.py:190} INFO - [2024-10-17T19:44:02.702+0000] {override.py:1900} INFO - Created Permission View: can edit on DAG:example_task_group
[2024-10-17T19:44:02.706+0000] {logging_mixin.py:190} INFO - [2024-10-17T19:44:02.706+0000] {override.py:1900} INFO - Created Permission View: can read on DAG:example_task_group
[2024-10-17T19:44:02.708+0000] {logging_mixin.py:190} INFO - [2024-10-17T19:44:02.708+0000] {override.py:1900} INFO - Created Permission View: can delete on DAG Run:example_task_group
[2024-10-17T19:44:02.711+0000] {logging_mixin.py:190} INFO - [2024-10-17T19:44:02.711+0000] {override.py:1900} INFO - Created Permission View: can create on DAG Run:example_task_group
[2024-10-17T19:44:02.715+0000] {logging_mixin.py:190} INFO - [2024-10-17T19:44:02.715+0000] {override.py:1900} INFO - Created Permission View: menu access on DAG Run:example_task_group
[2024-10-17T19:44:02.718+0000] {logging_mixin.py:190} INFO - [2024-10-17T19:44:02.718+0000] {override.py:1900} INFO - Created Permission View: can read on DAG Run:example_task_group
[2024-10-17T19:44:02.718+0000] {logging_mixin.py:190} INFO - [2024-10-17T19:44:02.718+0000] {dag.py:3239} INFO - Sync 1 DAGs
[2024-10-17T19:44:02.726+0000] {logging_mixin.py:190} INFO - [2024-10-17T19:44:02.726+0000] {dag.py:3262} INFO - Creating ORM DAG for example_task_group
[2024-10-17T19:44:02.727+0000] {logging_mixin.py:190} INFO - [2024-10-17T19:44:02.727+0000] {dag.py:4180} INFO - Setting next_dagrun for example_task_group to None, run_after=None
[2024-10-17T19:44:02.737+0000] {processor.py:208} INFO - Processing /home/airflow/.local/lib/python3.12/site-packages/airflow/example_dags/example_task_group.py took 0.105 seconds
[2024-10-17T19:44:33.194+0000] {processor.py:186} INFO - Started process (PID=168) to work on /home/airflow/.local/lib/python3.12/site-packages/airflow/example_dags/example_task_group.py
[2024-10-17T19:44:33.195+0000] {processor.py:914} INFO - Processing file /home/airflow/.local/lib/python3.12/site-packages/airflow/example_dags/example_task_group.py for tasks to queue
[2024-10-17T19:44:33.196+0000] {logging_mixin.py:190} INFO - [2024-10-17T19:44:33.196+0000] {dagbag.py:588} INFO - Filling up the DagBag from /home/airflow/.local/lib/python3.12/site-packages/airflow/example_dags/example_task_group.py
[2024-10-17T19:44:33.202+0000] {processor.py:925} INFO - DAG(s) 'example_task_group' retrieved from /home/airflow/.local/lib/python3.12/site-packages/airflow/example_dags/example_task_group.py
[2024-10-17T19:44:33.213+0000] {logging_mixin.py:190} INFO - [2024-10-17T19:44:33.213+0000] {dag.py:3239} INFO - Sync 1 DAGs
[2024-10-17T19:44:33.221+0000] {logging_mixin.py:190} INFO - [2024-10-17T19:44:33.220+0000] {dag.py:4180} INFO - Setting next_dagrun for example_task_group to None, run_after=None
[2024-10-17T19:44:33.231+0000] {processor.py:208} INFO - Processing /home/airflow/.local/lib/python3.12/site-packages/airflow/example_dags/example_task_group.py took 0.040 seconds
[2024-10-17T19:45:03.753+0000] {processor.py:186} INFO - Started process (PID=228) to work on /home/airflow/.local/lib/python3.12/site-packages/airflow/example_dags/example_task_group.py
[2024-10-17T19:45:03.753+0000] {processor.py:914} INFO - Processing file /home/airflow/.local/lib/python3.12/site-packages/airflow/example_dags/example_task_group.py for tasks to queue
[2024-10-17T19:45:03.755+0000] {logging_mixin.py:190} INFO - [2024-10-17T19:45:03.755+0000] {dagbag.py:588} INFO - Filling up the DagBag from /home/airflow/.local/lib/python3.12/site-packages/airflow/example_dags/example_task_group.py
[2024-10-17T19:45:03.760+0000] {processor.py:925} INFO - DAG(s) 'example_task_group' retrieved from /home/airflow/.local/lib/python3.12/site-packages/airflow/example_dags/example_task_group.py
[2024-10-17T19:45:03.772+0000] {logging_mixin.py:190} INFO - [2024-10-17T19:45:03.771+0000] {dag.py:3239} INFO - Sync 1 DAGs
[2024-10-17T19:45:03.779+0000] {logging_mixin.py:190} INFO - [2024-10-17T19:45:03.779+0000] {dag.py:4180} INFO - Setting next_dagrun for example_task_group to None, run_after=None
[2024-10-17T19:45:03.788+0000] {processor.py:208} INFO - Processing /home/airflow/.local/lib/python3.12/site-packages/airflow/example_dags/example_task_group.py took 0.039 seconds
[2024-10-17T19:45:34.324+0000] {processor.py:186} INFO - Started process (PID=291) to work on /home/airflow/.local/lib/python3.12/site-packages/airflow/example_dags/example_task_group.py
[2024-10-17T19:45:34.325+0000] {processor.py:914} INFO - Processing file /home/airflow/.local/lib/python3.12/site-packages/airflow/example_dags/example_task_group.py for tasks to queue
[2024-10-17T19:45:34.326+0000] {logging_mixin.py:190} INFO - [2024-10-17T19:45:34.326+0000] {dagbag.py:588} INFO - Filling up the DagBag from /home/airflow/.local/lib/python3.12/site-packages/airflow/example_dags/example_task_group.py
[2024-10-17T19:45:34.331+0000] {processor.py:925} INFO - DAG(s) 'example_task_group' retrieved from /home/airflow/.local/lib/python3.12/site-packages/airflow/example_dags/example_task_group.py
[2024-10-17T19:45:34.344+0000] {logging_mixin.py:190} INFO - [2024-10-17T19:45:34.343+0000] {dag.py:3239} INFO - Sync 1 DAGs
[2024-10-17T19:45:34.351+0000] {logging_mixin.py:190} INFO - [2024-10-17T19:45:34.351+0000] {dag.py:4180} INFO - Setting next_dagrun for example_task_group to None, run_after=None
[2024-10-17T19:45:34.360+0000] {processor.py:208} INFO - Processing /home/airflow/.local/lib/python3.12/site-packages/airflow/example_dags/example_task_group.py took 0.040 seconds
[2024-10-17T19:46:04.820+0000] {processor.py:186} INFO - Started process (PID=354) to work on /home/airflow/.local/lib/python3.12/site-packages/airflow/example_dags/example_task_group.py
[2024-10-17T19:46:04.820+0000] {processor.py:914} INFO - Processing file /home/airflow/.local/lib/python3.12/site-packages/airflow/example_dags/example_task_group.py for tasks to queue
[2024-10-17T19:46:04.822+0000] {logging_mixin.py:190} INFO - [2024-10-17T19:46:04.822+0000] {dagbag.py:588} INFO - Filling up the DagBag from /home/airflow/.local/lib/python3.12/site-packages/airflow/example_dags/example_task_group.py
[2024-10-17T19:46:04.828+0000] {processor.py:925} INFO - DAG(s) 'example_task_group' retrieved from /home/airflow/.local/lib/python3.12/site-packages/airflow/example_dags/example_task_group.py
[2024-10-17T19:46:04.840+0000] {logging_mixin.py:190} INFO - [2024-10-17T19:46:04.840+0000] {dag.py:3239} INFO - Sync 1 DAGs
[2024-10-17T19:46:04.848+0000] {logging_mixin.py:190} INFO - [2024-10-17T19:46:04.847+0000] {dag.py:4180} INFO - Setting next_dagrun for example_task_group to None, run_after=None
[2024-10-17T19:46:04.857+0000] {processor.py:208} INFO - Processing /home/airflow/.local/lib/python3.12/site-packages/airflow/example_dags/example_task_group.py took 0.041 seconds
[2024-10-17T19:46:35.300+0000] {processor.py:186} INFO - Started process (PID=417) to work on /home/airflow/.local/lib/python3.12/site-packages/airflow/example_dags/example_task_group.py
[2024-10-17T19:46:35.301+0000] {processor.py:914} INFO - Processing file /home/airflow/.local/lib/python3.12/site-packages/airflow/example_dags/example_task_group.py for tasks to queue
[2024-10-17T19:46:35.302+0000] {logging_mixin.py:190} INFO - [2024-10-17T19:46:35.302+0000] {dagbag.py:588} INFO - Filling up the DagBag from /home/airflow/.local/lib/python3.12/site-packages/airflow/example_dags/example_task_group.py
[2024-10-17T19:46:35.308+0000] {processor.py:925} INFO - DAG(s) 'example_task_group' retrieved from /home/airflow/.local/lib/python3.12/site-packages/airflow/example_dags/example_task_group.py
[2024-10-17T19:46:35.321+0000] {logging_mixin.py:190} INFO - [2024-10-17T19:46:35.320+0000] {dag.py:3239} INFO - Sync 1 DAGs
[2024-10-17T19:46:35.330+0000] {logging_mixin.py:190} INFO - [2024-10-17T19:46:35.329+0000] {dag.py:4180} INFO - Setting next_dagrun for example_task_group to None, run_after=None
[2024-10-17T19:46:35.339+0000] {processor.py:208} INFO - Processing /home/airflow/.local/lib/python3.12/site-packages/airflow/example_dags/example_task_group.py took 0.043 seconds
[2024-10-17T19:47:05.783+0000] {processor.py:186} INFO - Started process (PID=480) to work on /home/airflow/.local/lib/python3.12/site-packages/airflow/example_dags/example_task_group.py
[2024-10-17T19:47:05.784+0000] {processor.py:914} INFO - Processing file /home/airflow/.local/lib/python3.12/site-packages/airflow/example_dags/example_task_group.py for tasks to queue
[2024-10-17T19:47:05.785+0000] {logging_mixin.py:190} INFO - [2024-10-17T19:47:05.785+0000] {dagbag.py:588} INFO - Filling up the DagBag from /home/airflow/.local/lib/python3.12/site-packages/airflow/example_dags/example_task_group.py
[2024-10-17T19:47:05.790+0000] {processor.py:925} INFO - DAG(s) 'example_task_group' retrieved from /home/airflow/.local/lib/python3.12/site-packages/airflow/example_dags/example_task_group.py
[2024-10-17T19:47:05.803+0000] {logging_mixin.py:190} INFO - [2024-10-17T19:47:05.803+0000] {dag.py:3239} INFO - Sync 1 DAGs
[2024-10-17T19:47:05.812+0000] {logging_mixin.py:190} INFO - [2024-10-17T19:47:05.811+0000] {dag.py:4180} INFO - Setting next_dagrun for example_task_group to None, run_after=None
[2024-10-17T19:47:05.822+0000] {processor.py:208} INFO - Processing /home/airflow/.local/lib/python3.12/site-packages/airflow/example_dags/example_task_group.py took 0.043 seconds
[2024-10-17T19:47:36.341+0000] {processor.py:186} INFO - Started process (PID=543) to work on /home/airflow/.local/lib/python3.12/site-packages/airflow/example_dags/example_task_group.py
[2024-10-17T19:47:36.343+0000] {processor.py:914} INFO - Processing file /home/airflow/.local/lib/python3.12/site-packages/airflow/example_dags/example_task_group.py for tasks to queue
[2024-10-17T19:47:36.344+0000] {logging_mixin.py:190} INFO - [2024-10-17T19:47:36.344+0000] {dagbag.py:588} INFO - Filling up the DagBag from /home/airflow/.local/lib/python3.12/site-packages/airflow/example_dags/example_task_group.py
[2024-10-17T19:47:36.350+0000] {processor.py:925} INFO - DAG(s) 'example_task_group' retrieved from /home/airflow/.local/lib/python3.12/site-packages/airflow/example_dags/example_task_group.py
[2024-10-17T19:47:36.363+0000] {logging_mixin.py:190} INFO - [2024-10-17T19:47:36.362+0000] {dag.py:3239} INFO - Sync 1 DAGs
[2024-10-17T19:47:36.370+0000] {logging_mixin.py:190} INFO - [2024-10-17T19:47:36.370+0000] {dag.py:4180} INFO - Setting next_dagrun for example_task_group to None, run_after=None
[2024-10-17T19:47:36.380+0000] {processor.py:208} INFO - Processing /home/airflow/.local/lib/python3.12/site-packages/airflow/example_dags/example_task_group.py took 0.042 seconds
[2024-10-17T19:48:06.759+0000] {processor.py:186} INFO - Started process (PID=606) to work on /home/airflow/.local/lib/python3.12/site-packages/airflow/example_dags/example_task_group.py
[2024-10-17T19:48:06.760+0000] {processor.py:914} INFO - Processing file /home/airflow/.local/lib/python3.12/site-packages/airflow/example_dags/example_task_group.py for tasks to queue
[2024-10-17T19:48:06.761+0000] {logging_mixin.py:190} INFO - [2024-10-17T19:48:06.761+0000] {dagbag.py:588} INFO - Filling up the DagBag from /home/airflow/.local/lib/python3.12/site-packages/airflow/example_dags/example_task_group.py
[2024-10-17T19:48:06.767+0000] {processor.py:925} INFO - DAG(s) 'example_task_group' retrieved from /home/airflow/.local/lib/python3.12/site-packages/airflow/example_dags/example_task_group.py
[2024-10-17T19:48:06.778+0000] {logging_mixin.py:190} INFO - [2024-10-17T19:48:06.778+0000] {dag.py:3239} INFO - Sync 1 DAGs
[2024-10-17T19:48:06.786+0000] {logging_mixin.py:190} INFO - [2024-10-17T19:48:06.786+0000] {dag.py:4180} INFO - Setting next_dagrun for example_task_group to None, run_after=None
[2024-10-17T19:48:06.795+0000] {processor.py:208} INFO - Processing /home/airflow/.local/lib/python3.12/site-packages/airflow/example_dags/example_task_group.py took 0.039 seconds
