[2024-10-17T17:10:33.718+0000] {processor.py:186} INFO - Started process (PID=58) to work on /home/airflow/.local/lib/python3.12/site-packages/airflow/example_dags/example_external_task_marker_dag.py
[2024-10-17T17:10:33.719+0000] {processor.py:914} INFO - Processing file /home/airflow/.local/lib/python3.12/site-packages/airflow/example_dags/example_external_task_marker_dag.py for tasks to queue
[2024-10-17T17:10:33.720+0000] {logging_mixin.py:190} INFO - [2024-10-17T17:10:33.720+0000] {dagbag.py:588} INFO - Filling up the DagBag from /home/airflow/.local/lib/python3.12/site-packages/airflow/example_dags/example_external_task_marker_dag.py
[2024-10-17T17:10:33.726+0000] {processor.py:925} INFO - DAG(s) 'example_external_task_marker_parent', 'example_external_task_marker_child' retrieved from /home/airflow/.local/lib/python3.12/site-packages/airflow/example_dags/example_external_task_marker_dag.py
[2024-10-17T17:10:33.776+0000] {logging_mixin.py:190} INFO - [2024-10-17T17:10:33.776+0000] {override.py:1900} INFO - Created Permission View: can delete on DAG:example_external_task_marker_parent
[2024-10-17T17:10:33.781+0000] {logging_mixin.py:190} INFO - [2024-10-17T17:10:33.780+0000] {override.py:1900} INFO - Created Permission View: can edit on DAG:example_external_task_marker_parent
[2024-10-17T17:10:33.783+0000] {logging_mixin.py:190} INFO - [2024-10-17T17:10:33.783+0000] {override.py:1900} INFO - Created Permission View: can read on DAG:example_external_task_marker_parent
[2024-10-17T17:10:33.786+0000] {logging_mixin.py:190} INFO - [2024-10-17T17:10:33.786+0000] {override.py:1900} INFO - Created Permission View: can create on DAG Run:example_external_task_marker_parent
[2024-10-17T17:10:33.788+0000] {logging_mixin.py:190} INFO - [2024-10-17T17:10:33.788+0000] {override.py:1900} INFO - Created Permission View: can delete on DAG Run:example_external_task_marker_parent
[2024-10-17T17:10:33.790+0000] {logging_mixin.py:190} INFO - [2024-10-17T17:10:33.790+0000] {override.py:1900} INFO - Created Permission View: can read on DAG Run:example_external_task_marker_parent
[2024-10-17T17:10:33.793+0000] {logging_mixin.py:190} INFO - [2024-10-17T17:10:33.793+0000] {override.py:1900} INFO - Created Permission View: menu access on DAG Run:example_external_task_marker_parent
[2024-10-17T17:10:33.799+0000] {logging_mixin.py:190} INFO - [2024-10-17T17:10:33.799+0000] {override.py:1900} INFO - Created Permission View: can delete on DAG:example_external_task_marker_child
[2024-10-17T17:10:33.801+0000] {logging_mixin.py:190} INFO - [2024-10-17T17:10:33.801+0000] {override.py:1900} INFO - Created Permission View: can edit on DAG:example_external_task_marker_child
[2024-10-17T17:10:33.804+0000] {logging_mixin.py:190} INFO - [2024-10-17T17:10:33.804+0000] {override.py:1900} INFO - Created Permission View: can read on DAG:example_external_task_marker_child
[2024-10-17T17:10:33.807+0000] {logging_mixin.py:190} INFO - [2024-10-17T17:10:33.806+0000] {override.py:1900} INFO - Created Permission View: can create on DAG Run:example_external_task_marker_child
[2024-10-17T17:10:33.809+0000] {logging_mixin.py:190} INFO - [2024-10-17T17:10:33.809+0000] {override.py:1900} INFO - Created Permission View: can delete on DAG Run:example_external_task_marker_child
[2024-10-17T17:10:33.811+0000] {logging_mixin.py:190} INFO - [2024-10-17T17:10:33.811+0000] {override.py:1900} INFO - Created Permission View: can read on DAG Run:example_external_task_marker_child
[2024-10-17T17:10:33.813+0000] {logging_mixin.py:190} INFO - [2024-10-17T17:10:33.813+0000] {override.py:1900} INFO - Created Permission View: menu access on DAG Run:example_external_task_marker_child
[2024-10-17T17:10:33.814+0000] {logging_mixin.py:190} INFO - [2024-10-17T17:10:33.814+0000] {dag.py:3239} INFO - Sync 2 DAGs
[2024-10-17T17:10:33.820+0000] {logging_mixin.py:190} INFO - [2024-10-17T17:10:33.820+0000] {dag.py:3262} INFO - Creating ORM DAG for example_external_task_marker_parent
[2024-10-17T17:10:33.821+0000] {logging_mixin.py:190} INFO - [2024-10-17T17:10:33.821+0000] {dag.py:3262} INFO - Creating ORM DAG for example_external_task_marker_child
[2024-10-17T17:10:33.821+0000] {logging_mixin.py:190} INFO - [2024-10-17T17:10:33.821+0000] {dag.py:4180} INFO - Setting next_dagrun for example_external_task_marker_child to None, run_after=None
[2024-10-17T17:10:33.822+0000] {logging_mixin.py:190} INFO - [2024-10-17T17:10:33.822+0000] {dag.py:4180} INFO - Setting next_dagrun for example_external_task_marker_parent to None, run_after=None
[2024-10-17T17:10:33.829+0000] {processor.py:208} INFO - Processing /home/airflow/.local/lib/python3.12/site-packages/airflow/example_dags/example_external_task_marker_dag.py took 0.115 seconds
[2024-10-17T17:11:03.923+0000] {processor.py:186} INFO - Started process (PID=120) to work on /home/airflow/.local/lib/python3.12/site-packages/airflow/example_dags/example_external_task_marker_dag.py
[2024-10-17T17:11:03.923+0000] {processor.py:914} INFO - Processing file /home/airflow/.local/lib/python3.12/site-packages/airflow/example_dags/example_external_task_marker_dag.py for tasks to queue
[2024-10-17T17:11:03.925+0000] {logging_mixin.py:190} INFO - [2024-10-17T17:11:03.924+0000] {dagbag.py:588} INFO - Filling up the DagBag from /home/airflow/.local/lib/python3.12/site-packages/airflow/example_dags/example_external_task_marker_dag.py
[2024-10-17T17:11:03.930+0000] {processor.py:925} INFO - DAG(s) 'example_external_task_marker_child', 'example_external_task_marker_parent' retrieved from /home/airflow/.local/lib/python3.12/site-packages/airflow/example_dags/example_external_task_marker_dag.py
[2024-10-17T17:11:03.942+0000] {logging_mixin.py:190} INFO - [2024-10-17T17:11:03.942+0000] {dag.py:3239} INFO - Sync 2 DAGs
[2024-10-17T17:11:03.950+0000] {logging_mixin.py:190} INFO - [2024-10-17T17:11:03.950+0000] {dag.py:4180} INFO - Setting next_dagrun for example_external_task_marker_child to None, run_after=None
[2024-10-17T17:11:03.952+0000] {logging_mixin.py:190} INFO - [2024-10-17T17:11:03.952+0000] {dag.py:4180} INFO - Setting next_dagrun for example_external_task_marker_parent to None, run_after=None
[2024-10-17T17:11:03.959+0000] {processor.py:208} INFO - Processing /home/airflow/.local/lib/python3.12/site-packages/airflow/example_dags/example_external_task_marker_dag.py took 0.040 seconds
[2024-10-17T17:11:34.143+0000] {processor.py:186} INFO - Started process (PID=182) to work on /home/airflow/.local/lib/python3.12/site-packages/airflow/example_dags/example_external_task_marker_dag.py
[2024-10-17T17:11:34.144+0000] {processor.py:914} INFO - Processing file /home/airflow/.local/lib/python3.12/site-packages/airflow/example_dags/example_external_task_marker_dag.py for tasks to queue
[2024-10-17T17:11:34.145+0000] {logging_mixin.py:190} INFO - [2024-10-17T17:11:34.145+0000] {dagbag.py:588} INFO - Filling up the DagBag from /home/airflow/.local/lib/python3.12/site-packages/airflow/example_dags/example_external_task_marker_dag.py
[2024-10-17T17:11:34.150+0000] {processor.py:925} INFO - DAG(s) 'example_external_task_marker_child', 'example_external_task_marker_parent' retrieved from /home/airflow/.local/lib/python3.12/site-packages/airflow/example_dags/example_external_task_marker_dag.py
[2024-10-17T17:11:34.162+0000] {logging_mixin.py:190} INFO - [2024-10-17T17:11:34.162+0000] {dag.py:3239} INFO - Sync 2 DAGs
[2024-10-17T17:11:34.170+0000] {logging_mixin.py:190} INFO - [2024-10-17T17:11:34.170+0000] {dag.py:4180} INFO - Setting next_dagrun for example_external_task_marker_child to None, run_after=None
[2024-10-17T17:11:34.171+0000] {logging_mixin.py:190} INFO - [2024-10-17T17:11:34.171+0000] {dag.py:4180} INFO - Setting next_dagrun for example_external_task_marker_parent to None, run_after=None
[2024-10-17T17:11:34.179+0000] {processor.py:208} INFO - Processing /home/airflow/.local/lib/python3.12/site-packages/airflow/example_dags/example_external_task_marker_dag.py took 0.039 seconds
[2024-10-17T17:12:04.606+0000] {processor.py:186} INFO - Started process (PID=244) to work on /home/airflow/.local/lib/python3.12/site-packages/airflow/example_dags/example_external_task_marker_dag.py
[2024-10-17T17:12:04.607+0000] {processor.py:914} INFO - Processing file /home/airflow/.local/lib/python3.12/site-packages/airflow/example_dags/example_external_task_marker_dag.py for tasks to queue
[2024-10-17T17:12:04.610+0000] {logging_mixin.py:190} INFO - [2024-10-17T17:12:04.609+0000] {dagbag.py:588} INFO - Filling up the DagBag from /home/airflow/.local/lib/python3.12/site-packages/airflow/example_dags/example_external_task_marker_dag.py
[2024-10-17T17:12:04.616+0000] {processor.py:925} INFO - DAG(s) 'example_external_task_marker_child', 'example_external_task_marker_parent' retrieved from /home/airflow/.local/lib/python3.12/site-packages/airflow/example_dags/example_external_task_marker_dag.py
[2024-10-17T17:12:04.627+0000] {logging_mixin.py:190} INFO - [2024-10-17T17:12:04.627+0000] {dag.py:3239} INFO - Sync 2 DAGs
[2024-10-17T17:12:04.635+0000] {logging_mixin.py:190} INFO - [2024-10-17T17:12:04.635+0000] {dag.py:4180} INFO - Setting next_dagrun for example_external_task_marker_child to None, run_after=None
[2024-10-17T17:12:04.637+0000] {logging_mixin.py:190} INFO - [2024-10-17T17:12:04.637+0000] {dag.py:4180} INFO - Setting next_dagrun for example_external_task_marker_parent to None, run_after=None
[2024-10-17T17:12:04.648+0000] {processor.py:208} INFO - Processing /home/airflow/.local/lib/python3.12/site-packages/airflow/example_dags/example_external_task_marker_dag.py took 0.045 seconds
[2024-10-17T19:26:35.019+0000] {processor.py:186} INFO - Started process (PID=77) to work on /home/airflow/.local/lib/python3.12/site-packages/airflow/example_dags/example_external_task_marker_dag.py
[2024-10-17T19:26:35.019+0000] {processor.py:914} INFO - Processing file /home/airflow/.local/lib/python3.12/site-packages/airflow/example_dags/example_external_task_marker_dag.py for tasks to queue
[2024-10-17T19:26:35.021+0000] {logging_mixin.py:190} INFO - [2024-10-17T19:26:35.021+0000] {dagbag.py:588} INFO - Filling up the DagBag from /home/airflow/.local/lib/python3.12/site-packages/airflow/example_dags/example_external_task_marker_dag.py
[2024-10-17T19:26:35.027+0000] {processor.py:925} INFO - DAG(s) 'example_external_task_marker_child', 'example_external_task_marker_parent' retrieved from /home/airflow/.local/lib/python3.12/site-packages/airflow/example_dags/example_external_task_marker_dag.py
[2024-10-17T19:26:35.081+0000] {logging_mixin.py:190} INFO - [2024-10-17T19:26:35.081+0000] {override.py:1900} INFO - Created Permission View: can edit on DAG:example_external_task_marker_child
[2024-10-17T19:26:35.088+0000] {logging_mixin.py:190} INFO - [2024-10-17T19:26:35.088+0000] {override.py:1900} INFO - Created Permission View: can delete on DAG:example_external_task_marker_child
[2024-10-17T19:26:35.091+0000] {logging_mixin.py:190} INFO - [2024-10-17T19:26:35.091+0000] {override.py:1900} INFO - Created Permission View: can read on DAG:example_external_task_marker_child
[2024-10-17T19:26:35.094+0000] {logging_mixin.py:190} INFO - [2024-10-17T19:26:35.094+0000] {override.py:1900} INFO - Created Permission View: can delete on DAG Run:example_external_task_marker_child
[2024-10-17T19:26:35.097+0000] {logging_mixin.py:190} INFO - [2024-10-17T19:26:35.097+0000] {override.py:1900} INFO - Created Permission View: can create on DAG Run:example_external_task_marker_child
[2024-10-17T19:26:35.100+0000] {logging_mixin.py:190} INFO - [2024-10-17T19:26:35.099+0000] {override.py:1900} INFO - Created Permission View: can read on DAG Run:example_external_task_marker_child
[2024-10-17T19:26:35.102+0000] {logging_mixin.py:190} INFO - [2024-10-17T19:26:35.102+0000] {override.py:1900} INFO - Created Permission View: menu access on DAG Run:example_external_task_marker_child
[2024-10-17T19:26:35.107+0000] {logging_mixin.py:190} INFO - [2024-10-17T19:26:35.107+0000] {override.py:1900} INFO - Created Permission View: can edit on DAG:example_external_task_marker_parent
[2024-10-17T19:26:35.110+0000] {logging_mixin.py:190} INFO - [2024-10-17T19:26:35.109+0000] {override.py:1900} INFO - Created Permission View: can delete on DAG:example_external_task_marker_parent
[2024-10-17T19:26:35.112+0000] {logging_mixin.py:190} INFO - [2024-10-17T19:26:35.112+0000] {override.py:1900} INFO - Created Permission View: can read on DAG:example_external_task_marker_parent
[2024-10-17T19:26:35.115+0000] {logging_mixin.py:190} INFO - [2024-10-17T19:26:35.115+0000] {override.py:1900} INFO - Created Permission View: can delete on DAG Run:example_external_task_marker_parent
[2024-10-17T19:26:35.117+0000] {logging_mixin.py:190} INFO - [2024-10-17T19:26:35.117+0000] {override.py:1900} INFO - Created Permission View: can create on DAG Run:example_external_task_marker_parent
[2024-10-17T19:26:35.120+0000] {logging_mixin.py:190} INFO - [2024-10-17T19:26:35.120+0000] {override.py:1900} INFO - Created Permission View: can read on DAG Run:example_external_task_marker_parent
[2024-10-17T19:26:35.122+0000] {logging_mixin.py:190} INFO - [2024-10-17T19:26:35.122+0000] {override.py:1900} INFO - Created Permission View: menu access on DAG Run:example_external_task_marker_parent
[2024-10-17T19:26:35.123+0000] {logging_mixin.py:190} INFO - [2024-10-17T19:26:35.123+0000] {dag.py:3239} INFO - Sync 2 DAGs
[2024-10-17T19:26:35.130+0000] {logging_mixin.py:190} INFO - [2024-10-17T19:26:35.130+0000] {dag.py:3262} INFO - Creating ORM DAG for example_external_task_marker_parent
[2024-10-17T19:26:35.130+0000] {logging_mixin.py:190} INFO - [2024-10-17T19:26:35.130+0000] {dag.py:3262} INFO - Creating ORM DAG for example_external_task_marker_child
[2024-10-17T19:26:35.131+0000] {logging_mixin.py:190} INFO - [2024-10-17T19:26:35.131+0000] {dag.py:4180} INFO - Setting next_dagrun for example_external_task_marker_child to None, run_after=None
[2024-10-17T19:26:35.131+0000] {logging_mixin.py:190} INFO - [2024-10-17T19:26:35.131+0000] {dag.py:4180} INFO - Setting next_dagrun for example_external_task_marker_parent to None, run_after=None
[2024-10-17T19:26:35.140+0000] {processor.py:208} INFO - Processing /home/airflow/.local/lib/python3.12/site-packages/airflow/example_dags/example_external_task_marker_dag.py took 0.124 seconds
[2024-10-17T19:27:05.425+0000] {processor.py:186} INFO - Started process (PID=140) to work on /home/airflow/.local/lib/python3.12/site-packages/airflow/example_dags/example_external_task_marker_dag.py
[2024-10-17T19:27:05.425+0000] {processor.py:914} INFO - Processing file /home/airflow/.local/lib/python3.12/site-packages/airflow/example_dags/example_external_task_marker_dag.py for tasks to queue
[2024-10-17T19:27:05.427+0000] {logging_mixin.py:190} INFO - [2024-10-17T19:27:05.426+0000] {dagbag.py:588} INFO - Filling up the DagBag from /home/airflow/.local/lib/python3.12/site-packages/airflow/example_dags/example_external_task_marker_dag.py
[2024-10-17T19:27:05.432+0000] {processor.py:925} INFO - DAG(s) 'example_external_task_marker_child', 'example_external_task_marker_parent' retrieved from /home/airflow/.local/lib/python3.12/site-packages/airflow/example_dags/example_external_task_marker_dag.py
[2024-10-17T19:27:05.443+0000] {logging_mixin.py:190} INFO - [2024-10-17T19:27:05.443+0000] {dag.py:3239} INFO - Sync 2 DAGs
[2024-10-17T19:27:05.451+0000] {logging_mixin.py:190} INFO - [2024-10-17T19:27:05.450+0000] {dag.py:4180} INFO - Setting next_dagrun for example_external_task_marker_child to None, run_after=None
[2024-10-17T19:27:05.453+0000] {logging_mixin.py:190} INFO - [2024-10-17T19:27:05.452+0000] {dag.py:4180} INFO - Setting next_dagrun for example_external_task_marker_parent to None, run_after=None
[2024-10-17T19:27:05.460+0000] {processor.py:208} INFO - Processing /home/airflow/.local/lib/python3.12/site-packages/airflow/example_dags/example_external_task_marker_dag.py took 0.038 seconds
[2024-10-17T19:27:35.874+0000] {processor.py:186} INFO - Started process (PID=203) to work on /home/airflow/.local/lib/python3.12/site-packages/airflow/example_dags/example_external_task_marker_dag.py
[2024-10-17T19:27:35.875+0000] {processor.py:914} INFO - Processing file /home/airflow/.local/lib/python3.12/site-packages/airflow/example_dags/example_external_task_marker_dag.py for tasks to queue
[2024-10-17T19:27:35.877+0000] {logging_mixin.py:190} INFO - [2024-10-17T19:27:35.876+0000] {dagbag.py:588} INFO - Filling up the DagBag from /home/airflow/.local/lib/python3.12/site-packages/airflow/example_dags/example_external_task_marker_dag.py
[2024-10-17T19:27:35.881+0000] {processor.py:925} INFO - DAG(s) 'example_external_task_marker_parent', 'example_external_task_marker_child' retrieved from /home/airflow/.local/lib/python3.12/site-packages/airflow/example_dags/example_external_task_marker_dag.py
[2024-10-17T19:27:35.894+0000] {logging_mixin.py:190} INFO - [2024-10-17T19:27:35.894+0000] {dag.py:3239} INFO - Sync 2 DAGs
[2024-10-17T19:27:35.902+0000] {logging_mixin.py:190} INFO - [2024-10-17T19:27:35.902+0000] {dag.py:4180} INFO - Setting next_dagrun for example_external_task_marker_child to None, run_after=None
[2024-10-17T19:27:35.904+0000] {logging_mixin.py:190} INFO - [2024-10-17T19:27:35.904+0000] {dag.py:4180} INFO - Setting next_dagrun for example_external_task_marker_parent to None, run_after=None
[2024-10-17T19:27:35.912+0000] {processor.py:208} INFO - Processing /home/airflow/.local/lib/python3.12/site-packages/airflow/example_dags/example_external_task_marker_dag.py took 0.041 seconds
[2024-10-17T19:28:06.443+0000] {processor.py:186} INFO - Started process (PID=266) to work on /home/airflow/.local/lib/python3.12/site-packages/airflow/example_dags/example_external_task_marker_dag.py
[2024-10-17T19:28:06.444+0000] {processor.py:914} INFO - Processing file /home/airflow/.local/lib/python3.12/site-packages/airflow/example_dags/example_external_task_marker_dag.py for tasks to queue
[2024-10-17T19:28:06.446+0000] {logging_mixin.py:190} INFO - [2024-10-17T19:28:06.446+0000] {dagbag.py:588} INFO - Filling up the DagBag from /home/airflow/.local/lib/python3.12/site-packages/airflow/example_dags/example_external_task_marker_dag.py
[2024-10-17T19:28:06.451+0000] {processor.py:925} INFO - DAG(s) 'example_external_task_marker_child', 'example_external_task_marker_parent' retrieved from /home/airflow/.local/lib/python3.12/site-packages/airflow/example_dags/example_external_task_marker_dag.py
[2024-10-17T19:28:06.465+0000] {logging_mixin.py:190} INFO - [2024-10-17T19:28:06.464+0000] {dag.py:3239} INFO - Sync 2 DAGs
[2024-10-17T19:28:06.472+0000] {logging_mixin.py:190} INFO - [2024-10-17T19:28:06.472+0000] {dag.py:4180} INFO - Setting next_dagrun for example_external_task_marker_child to None, run_after=None
[2024-10-17T19:28:06.474+0000] {logging_mixin.py:190} INFO - [2024-10-17T19:28:06.474+0000] {dag.py:4180} INFO - Setting next_dagrun for example_external_task_marker_parent to None, run_after=None
[2024-10-17T19:28:06.482+0000] {processor.py:208} INFO - Processing /home/airflow/.local/lib/python3.12/site-packages/airflow/example_dags/example_external_task_marker_dag.py took 0.043 seconds
[2024-10-17T19:28:37.075+0000] {processor.py:186} INFO - Started process (PID=329) to work on /home/airflow/.local/lib/python3.12/site-packages/airflow/example_dags/example_external_task_marker_dag.py
[2024-10-17T19:28:37.076+0000] {processor.py:914} INFO - Processing file /home/airflow/.local/lib/python3.12/site-packages/airflow/example_dags/example_external_task_marker_dag.py for tasks to queue
[2024-10-17T19:28:37.077+0000] {logging_mixin.py:190} INFO - [2024-10-17T19:28:37.077+0000] {dagbag.py:588} INFO - Filling up the DagBag from /home/airflow/.local/lib/python3.12/site-packages/airflow/example_dags/example_external_task_marker_dag.py
[2024-10-17T19:28:37.082+0000] {processor.py:925} INFO - DAG(s) 'example_external_task_marker_child', 'example_external_task_marker_parent' retrieved from /home/airflow/.local/lib/python3.12/site-packages/airflow/example_dags/example_external_task_marker_dag.py
[2024-10-17T19:28:37.096+0000] {logging_mixin.py:190} INFO - [2024-10-17T19:28:37.096+0000] {dag.py:3239} INFO - Sync 2 DAGs
[2024-10-17T19:28:37.104+0000] {logging_mixin.py:190} INFO - [2024-10-17T19:28:37.104+0000] {dag.py:4180} INFO - Setting next_dagrun for example_external_task_marker_child to None, run_after=None
[2024-10-17T19:28:37.106+0000] {logging_mixin.py:190} INFO - [2024-10-17T19:28:37.106+0000] {dag.py:4180} INFO - Setting next_dagrun for example_external_task_marker_parent to None, run_after=None
[2024-10-17T19:28:37.115+0000] {processor.py:208} INFO - Processing /home/airflow/.local/lib/python3.12/site-packages/airflow/example_dags/example_external_task_marker_dag.py took 0.044 seconds
[2024-10-17T19:29:07.853+0000] {processor.py:186} INFO - Started process (PID=392) to work on /home/airflow/.local/lib/python3.12/site-packages/airflow/example_dags/example_external_task_marker_dag.py
[2024-10-17T19:29:07.854+0000] {processor.py:914} INFO - Processing file /home/airflow/.local/lib/python3.12/site-packages/airflow/example_dags/example_external_task_marker_dag.py for tasks to queue
[2024-10-17T19:29:07.855+0000] {logging_mixin.py:190} INFO - [2024-10-17T19:29:07.855+0000] {dagbag.py:588} INFO - Filling up the DagBag from /home/airflow/.local/lib/python3.12/site-packages/airflow/example_dags/example_external_task_marker_dag.py
[2024-10-17T19:29:07.860+0000] {processor.py:925} INFO - DAG(s) 'example_external_task_marker_parent', 'example_external_task_marker_child' retrieved from /home/airflow/.local/lib/python3.12/site-packages/airflow/example_dags/example_external_task_marker_dag.py
[2024-10-17T19:29:07.873+0000] {logging_mixin.py:190} INFO - [2024-10-17T19:29:07.873+0000] {dag.py:3239} INFO - Sync 2 DAGs
[2024-10-17T19:29:07.880+0000] {logging_mixin.py:190} INFO - [2024-10-17T19:29:07.880+0000] {dag.py:4180} INFO - Setting next_dagrun for example_external_task_marker_child to None, run_after=None
[2024-10-17T19:29:07.882+0000] {logging_mixin.py:190} INFO - [2024-10-17T19:29:07.882+0000] {dag.py:4180} INFO - Setting next_dagrun for example_external_task_marker_parent to None, run_after=None
[2024-10-17T19:29:07.890+0000] {processor.py:208} INFO - Processing /home/airflow/.local/lib/python3.12/site-packages/airflow/example_dags/example_external_task_marker_dag.py took 0.040 seconds
[2024-10-17T19:29:38.382+0000] {processor.py:186} INFO - Started process (PID=455) to work on /home/airflow/.local/lib/python3.12/site-packages/airflow/example_dags/example_external_task_marker_dag.py
[2024-10-17T19:29:38.383+0000] {processor.py:914} INFO - Processing file /home/airflow/.local/lib/python3.12/site-packages/airflow/example_dags/example_external_task_marker_dag.py for tasks to queue
[2024-10-17T19:29:38.384+0000] {logging_mixin.py:190} INFO - [2024-10-17T19:29:38.384+0000] {dagbag.py:588} INFO - Filling up the DagBag from /home/airflow/.local/lib/python3.12/site-packages/airflow/example_dags/example_external_task_marker_dag.py
[2024-10-17T19:29:38.389+0000] {processor.py:925} INFO - DAG(s) 'example_external_task_marker_child', 'example_external_task_marker_parent' retrieved from /home/airflow/.local/lib/python3.12/site-packages/airflow/example_dags/example_external_task_marker_dag.py
[2024-10-17T19:29:38.401+0000] {logging_mixin.py:190} INFO - [2024-10-17T19:29:38.401+0000] {dag.py:3239} INFO - Sync 2 DAGs
[2024-10-17T19:29:38.409+0000] {logging_mixin.py:190} INFO - [2024-10-17T19:29:38.409+0000] {dag.py:4180} INFO - Setting next_dagrun for example_external_task_marker_child to None, run_after=None
[2024-10-17T19:29:38.411+0000] {logging_mixin.py:190} INFO - [2024-10-17T19:29:38.411+0000] {dag.py:4180} INFO - Setting next_dagrun for example_external_task_marker_parent to None, run_after=None
[2024-10-17T19:29:38.419+0000] {processor.py:208} INFO - Processing /home/airflow/.local/lib/python3.12/site-packages/airflow/example_dags/example_external_task_marker_dag.py took 0.040 seconds
[2024-10-17T19:30:08.847+0000] {processor.py:186} INFO - Started process (PID=518) to work on /home/airflow/.local/lib/python3.12/site-packages/airflow/example_dags/example_external_task_marker_dag.py
[2024-10-17T19:30:08.848+0000] {processor.py:914} INFO - Processing file /home/airflow/.local/lib/python3.12/site-packages/airflow/example_dags/example_external_task_marker_dag.py for tasks to queue
[2024-10-17T19:30:08.849+0000] {logging_mixin.py:190} INFO - [2024-10-17T19:30:08.849+0000] {dagbag.py:588} INFO - Filling up the DagBag from /home/airflow/.local/lib/python3.12/site-packages/airflow/example_dags/example_external_task_marker_dag.py
[2024-10-17T19:30:08.855+0000] {processor.py:925} INFO - DAG(s) 'example_external_task_marker_parent', 'example_external_task_marker_child' retrieved from /home/airflow/.local/lib/python3.12/site-packages/airflow/example_dags/example_external_task_marker_dag.py
[2024-10-17T19:30:08.867+0000] {logging_mixin.py:190} INFO - [2024-10-17T19:30:08.866+0000] {dag.py:3239} INFO - Sync 2 DAGs
[2024-10-17T19:30:08.874+0000] {logging_mixin.py:190} INFO - [2024-10-17T19:30:08.874+0000] {dag.py:4180} INFO - Setting next_dagrun for example_external_task_marker_child to None, run_after=None
[2024-10-17T19:30:08.876+0000] {logging_mixin.py:190} INFO - [2024-10-17T19:30:08.876+0000] {dag.py:4180} INFO - Setting next_dagrun for example_external_task_marker_parent to None, run_after=None
[2024-10-17T19:30:08.883+0000] {processor.py:208} INFO - Processing /home/airflow/.local/lib/python3.12/site-packages/airflow/example_dags/example_external_task_marker_dag.py took 0.039 seconds
[2024-10-17T19:30:39.561+0000] {processor.py:186} INFO - Started process (PID=581) to work on /home/airflow/.local/lib/python3.12/site-packages/airflow/example_dags/example_external_task_marker_dag.py
[2024-10-17T19:30:39.562+0000] {processor.py:914} INFO - Processing file /home/airflow/.local/lib/python3.12/site-packages/airflow/example_dags/example_external_task_marker_dag.py for tasks to queue
[2024-10-17T19:30:39.563+0000] {logging_mixin.py:190} INFO - [2024-10-17T19:30:39.563+0000] {dagbag.py:588} INFO - Filling up the DagBag from /home/airflow/.local/lib/python3.12/site-packages/airflow/example_dags/example_external_task_marker_dag.py
[2024-10-17T19:30:39.568+0000] {processor.py:925} INFO - DAG(s) 'example_external_task_marker_parent', 'example_external_task_marker_child' retrieved from /home/airflow/.local/lib/python3.12/site-packages/airflow/example_dags/example_external_task_marker_dag.py
[2024-10-17T19:30:39.583+0000] {logging_mixin.py:190} INFO - [2024-10-17T19:30:39.582+0000] {dag.py:3239} INFO - Sync 2 DAGs
[2024-10-17T19:30:39.591+0000] {logging_mixin.py:190} INFO - [2024-10-17T19:30:39.591+0000] {dag.py:4180} INFO - Setting next_dagrun for example_external_task_marker_child to None, run_after=None
[2024-10-17T19:30:39.593+0000] {logging_mixin.py:190} INFO - [2024-10-17T19:30:39.593+0000] {dag.py:4180} INFO - Setting next_dagrun for example_external_task_marker_parent to None, run_after=None
[2024-10-17T19:30:39.602+0000] {processor.py:208} INFO - Processing /home/airflow/.local/lib/python3.12/site-packages/airflow/example_dags/example_external_task_marker_dag.py took 0.044 seconds
[2024-10-17T19:31:09.979+0000] {processor.py:186} INFO - Started process (PID=644) to work on /home/airflow/.local/lib/python3.12/site-packages/airflow/example_dags/example_external_task_marker_dag.py
[2024-10-17T19:31:09.980+0000] {processor.py:914} INFO - Processing file /home/airflow/.local/lib/python3.12/site-packages/airflow/example_dags/example_external_task_marker_dag.py for tasks to queue
[2024-10-17T19:31:09.981+0000] {logging_mixin.py:190} INFO - [2024-10-17T19:31:09.981+0000] {dagbag.py:588} INFO - Filling up the DagBag from /home/airflow/.local/lib/python3.12/site-packages/airflow/example_dags/example_external_task_marker_dag.py
[2024-10-17T19:31:09.986+0000] {processor.py:925} INFO - DAG(s) 'example_external_task_marker_child', 'example_external_task_marker_parent' retrieved from /home/airflow/.local/lib/python3.12/site-packages/airflow/example_dags/example_external_task_marker_dag.py
[2024-10-17T19:31:09.998+0000] {logging_mixin.py:190} INFO - [2024-10-17T19:31:09.998+0000] {dag.py:3239} INFO - Sync 2 DAGs
[2024-10-17T19:31:10.007+0000] {logging_mixin.py:190} INFO - [2024-10-17T19:31:10.006+0000] {dag.py:4180} INFO - Setting next_dagrun for example_external_task_marker_child to None, run_after=None
[2024-10-17T19:31:10.009+0000] {logging_mixin.py:190} INFO - [2024-10-17T19:31:10.008+0000] {dag.py:4180} INFO - Setting next_dagrun for example_external_task_marker_parent to None, run_after=None
[2024-10-17T19:31:10.017+0000] {processor.py:208} INFO - Processing /home/airflow/.local/lib/python3.12/site-packages/airflow/example_dags/example_external_task_marker_dag.py took 0.042 seconds
[2024-10-17T19:31:40.610+0000] {processor.py:186} INFO - Started process (PID=707) to work on /home/airflow/.local/lib/python3.12/site-packages/airflow/example_dags/example_external_task_marker_dag.py
[2024-10-17T19:31:40.611+0000] {processor.py:914} INFO - Processing file /home/airflow/.local/lib/python3.12/site-packages/airflow/example_dags/example_external_task_marker_dag.py for tasks to queue
[2024-10-17T19:31:40.613+0000] {logging_mixin.py:190} INFO - [2024-10-17T19:31:40.612+0000] {dagbag.py:588} INFO - Filling up the DagBag from /home/airflow/.local/lib/python3.12/site-packages/airflow/example_dags/example_external_task_marker_dag.py
[2024-10-17T19:31:40.618+0000] {processor.py:925} INFO - DAG(s) 'example_external_task_marker_parent', 'example_external_task_marker_child' retrieved from /home/airflow/.local/lib/python3.12/site-packages/airflow/example_dags/example_external_task_marker_dag.py
[2024-10-17T19:31:40.631+0000] {logging_mixin.py:190} INFO - [2024-10-17T19:31:40.631+0000] {dag.py:3239} INFO - Sync 2 DAGs
[2024-10-17T19:31:40.639+0000] {logging_mixin.py:190} INFO - [2024-10-17T19:31:40.639+0000] {dag.py:4180} INFO - Setting next_dagrun for example_external_task_marker_child to None, run_after=None
[2024-10-17T19:31:40.641+0000] {logging_mixin.py:190} INFO - [2024-10-17T19:31:40.641+0000] {dag.py:4180} INFO - Setting next_dagrun for example_external_task_marker_parent to None, run_after=None
[2024-10-17T19:31:40.649+0000] {processor.py:208} INFO - Processing /home/airflow/.local/lib/python3.12/site-packages/airflow/example_dags/example_external_task_marker_dag.py took 0.042 seconds
[2024-10-17T19:33:32.317+0000] {processor.py:186} INFO - Started process (PID=77) to work on /home/airflow/.local/lib/python3.12/site-packages/airflow/example_dags/example_external_task_marker_dag.py
[2024-10-17T19:33:32.318+0000] {processor.py:914} INFO - Processing file /home/airflow/.local/lib/python3.12/site-packages/airflow/example_dags/example_external_task_marker_dag.py for tasks to queue
[2024-10-17T19:33:32.320+0000] {logging_mixin.py:190} INFO - [2024-10-17T19:33:32.319+0000] {dagbag.py:588} INFO - Filling up the DagBag from /home/airflow/.local/lib/python3.12/site-packages/airflow/example_dags/example_external_task_marker_dag.py
[2024-10-17T19:33:32.326+0000] {processor.py:925} INFO - DAG(s) 'example_external_task_marker_parent', 'example_external_task_marker_child' retrieved from /home/airflow/.local/lib/python3.12/site-packages/airflow/example_dags/example_external_task_marker_dag.py
[2024-10-17T19:33:32.384+0000] {logging_mixin.py:190} INFO - [2024-10-17T19:33:32.383+0000] {override.py:1900} INFO - Created Permission View: can edit on DAG:example_external_task_marker_parent
[2024-10-17T19:33:32.388+0000] {logging_mixin.py:190} INFO - [2024-10-17T19:33:32.388+0000] {override.py:1900} INFO - Created Permission View: can delete on DAG:example_external_task_marker_parent
[2024-10-17T19:33:32.391+0000] {logging_mixin.py:190} INFO - [2024-10-17T19:33:32.391+0000] {override.py:1900} INFO - Created Permission View: can read on DAG:example_external_task_marker_parent
[2024-10-17T19:33:32.395+0000] {logging_mixin.py:190} INFO - [2024-10-17T19:33:32.394+0000] {override.py:1900} INFO - Created Permission View: menu access on DAG Run:example_external_task_marker_parent
[2024-10-17T19:33:32.397+0000] {logging_mixin.py:190} INFO - [2024-10-17T19:33:32.397+0000] {override.py:1900} INFO - Created Permission View: can create on DAG Run:example_external_task_marker_parent
[2024-10-17T19:33:32.401+0000] {logging_mixin.py:190} INFO - [2024-10-17T19:33:32.400+0000] {override.py:1900} INFO - Created Permission View: can delete on DAG Run:example_external_task_marker_parent
[2024-10-17T19:33:32.403+0000] {logging_mixin.py:190} INFO - [2024-10-17T19:33:32.403+0000] {override.py:1900} INFO - Created Permission View: can read on DAG Run:example_external_task_marker_parent
[2024-10-17T19:33:32.409+0000] {logging_mixin.py:190} INFO - [2024-10-17T19:33:32.408+0000] {override.py:1900} INFO - Created Permission View: can edit on DAG:example_external_task_marker_child
[2024-10-17T19:33:32.412+0000] {logging_mixin.py:190} INFO - [2024-10-17T19:33:32.411+0000] {override.py:1900} INFO - Created Permission View: can delete on DAG:example_external_task_marker_child
[2024-10-17T19:33:32.415+0000] {logging_mixin.py:190} INFO - [2024-10-17T19:33:32.414+0000] {override.py:1900} INFO - Created Permission View: can read on DAG:example_external_task_marker_child
[2024-10-17T19:33:32.417+0000] {logging_mixin.py:190} INFO - [2024-10-17T19:33:32.417+0000] {override.py:1900} INFO - Created Permission View: menu access on DAG Run:example_external_task_marker_child
[2024-10-17T19:33:32.420+0000] {logging_mixin.py:190} INFO - [2024-10-17T19:33:32.420+0000] {override.py:1900} INFO - Created Permission View: can create on DAG Run:example_external_task_marker_child
[2024-10-17T19:33:32.422+0000] {logging_mixin.py:190} INFO - [2024-10-17T19:33:32.422+0000] {override.py:1900} INFO - Created Permission View: can delete on DAG Run:example_external_task_marker_child
[2024-10-17T19:33:32.425+0000] {logging_mixin.py:190} INFO - [2024-10-17T19:33:32.425+0000] {override.py:1900} INFO - Created Permission View: can read on DAG Run:example_external_task_marker_child
[2024-10-17T19:33:32.425+0000] {logging_mixin.py:190} INFO - [2024-10-17T19:33:32.425+0000] {dag.py:3239} INFO - Sync 2 DAGs
[2024-10-17T19:33:32.434+0000] {logging_mixin.py:190} INFO - [2024-10-17T19:33:32.433+0000] {dag.py:3262} INFO - Creating ORM DAG for example_external_task_marker_parent
[2024-10-17T19:33:32.434+0000] {logging_mixin.py:190} INFO - [2024-10-17T19:33:32.434+0000] {dag.py:3262} INFO - Creating ORM DAG for example_external_task_marker_child
[2024-10-17T19:33:32.435+0000] {logging_mixin.py:190} INFO - [2024-10-17T19:33:32.435+0000] {dag.py:4180} INFO - Setting next_dagrun for example_external_task_marker_child to None, run_after=None
[2024-10-17T19:33:32.435+0000] {logging_mixin.py:190} INFO - [2024-10-17T19:33:32.435+0000] {dag.py:4180} INFO - Setting next_dagrun for example_external_task_marker_parent to None, run_after=None
[2024-10-17T19:33:32.446+0000] {processor.py:208} INFO - Processing /home/airflow/.local/lib/python3.12/site-packages/airflow/example_dags/example_external_task_marker_dag.py took 0.133 seconds
[2024-10-17T19:34:02.557+0000] {processor.py:186} INFO - Started process (PID=140) to work on /home/airflow/.local/lib/python3.12/site-packages/airflow/example_dags/example_external_task_marker_dag.py
[2024-10-17T19:34:02.557+0000] {processor.py:914} INFO - Processing file /home/airflow/.local/lib/python3.12/site-packages/airflow/example_dags/example_external_task_marker_dag.py for tasks to queue
[2024-10-17T19:34:02.559+0000] {logging_mixin.py:190} INFO - [2024-10-17T19:34:02.559+0000] {dagbag.py:588} INFO - Filling up the DagBag from /home/airflow/.local/lib/python3.12/site-packages/airflow/example_dags/example_external_task_marker_dag.py
[2024-10-17T19:34:02.564+0000] {processor.py:925} INFO - DAG(s) 'example_external_task_marker_parent', 'example_external_task_marker_child' retrieved from /home/airflow/.local/lib/python3.12/site-packages/airflow/example_dags/example_external_task_marker_dag.py
[2024-10-17T19:34:02.576+0000] {logging_mixin.py:190} INFO - [2024-10-17T19:34:02.575+0000] {dag.py:3239} INFO - Sync 2 DAGs
[2024-10-17T19:34:02.582+0000] {logging_mixin.py:190} INFO - [2024-10-17T19:34:02.582+0000] {dag.py:4180} INFO - Setting next_dagrun for example_external_task_marker_child to None, run_after=None
[2024-10-17T19:34:02.584+0000] {logging_mixin.py:190} INFO - [2024-10-17T19:34:02.584+0000] {dag.py:4180} INFO - Setting next_dagrun for example_external_task_marker_parent to None, run_after=None
[2024-10-17T19:34:02.591+0000] {processor.py:208} INFO - Processing /home/airflow/.local/lib/python3.12/site-packages/airflow/example_dags/example_external_task_marker_dag.py took 0.038 seconds
[2024-10-17T19:34:32.813+0000] {processor.py:186} INFO - Started process (PID=203) to work on /home/airflow/.local/lib/python3.12/site-packages/airflow/example_dags/example_external_task_marker_dag.py
[2024-10-17T19:34:32.814+0000] {processor.py:914} INFO - Processing file /home/airflow/.local/lib/python3.12/site-packages/airflow/example_dags/example_external_task_marker_dag.py for tasks to queue
[2024-10-17T19:34:32.815+0000] {logging_mixin.py:190} INFO - [2024-10-17T19:34:32.815+0000] {dagbag.py:588} INFO - Filling up the DagBag from /home/airflow/.local/lib/python3.12/site-packages/airflow/example_dags/example_external_task_marker_dag.py
[2024-10-17T19:34:32.820+0000] {processor.py:925} INFO - DAG(s) 'example_external_task_marker_child', 'example_external_task_marker_parent' retrieved from /home/airflow/.local/lib/python3.12/site-packages/airflow/example_dags/example_external_task_marker_dag.py
[2024-10-17T19:34:32.832+0000] {logging_mixin.py:190} INFO - [2024-10-17T19:34:32.832+0000] {dag.py:3239} INFO - Sync 2 DAGs
[2024-10-17T19:34:32.840+0000] {logging_mixin.py:190} INFO - [2024-10-17T19:34:32.840+0000] {dag.py:4180} INFO - Setting next_dagrun for example_external_task_marker_child to None, run_after=None
[2024-10-17T19:34:32.842+0000] {logging_mixin.py:190} INFO - [2024-10-17T19:34:32.842+0000] {dag.py:4180} INFO - Setting next_dagrun for example_external_task_marker_parent to None, run_after=None
[2024-10-17T19:34:32.850+0000] {processor.py:208} INFO - Processing /home/airflow/.local/lib/python3.12/site-packages/airflow/example_dags/example_external_task_marker_dag.py took 0.040 seconds
[2024-10-17T19:35:03.241+0000] {processor.py:186} INFO - Started process (PID=266) to work on /home/airflow/.local/lib/python3.12/site-packages/airflow/example_dags/example_external_task_marker_dag.py
[2024-10-17T19:35:03.242+0000] {processor.py:914} INFO - Processing file /home/airflow/.local/lib/python3.12/site-packages/airflow/example_dags/example_external_task_marker_dag.py for tasks to queue
[2024-10-17T19:35:03.243+0000] {logging_mixin.py:190} INFO - [2024-10-17T19:35:03.243+0000] {dagbag.py:588} INFO - Filling up the DagBag from /home/airflow/.local/lib/python3.12/site-packages/airflow/example_dags/example_external_task_marker_dag.py
[2024-10-17T19:35:03.248+0000] {processor.py:925} INFO - DAG(s) 'example_external_task_marker_parent', 'example_external_task_marker_child' retrieved from /home/airflow/.local/lib/python3.12/site-packages/airflow/example_dags/example_external_task_marker_dag.py
[2024-10-17T19:35:03.260+0000] {logging_mixin.py:190} INFO - [2024-10-17T19:35:03.260+0000] {dag.py:3239} INFO - Sync 2 DAGs
[2024-10-17T19:35:03.268+0000] {logging_mixin.py:190} INFO - [2024-10-17T19:35:03.268+0000] {dag.py:4180} INFO - Setting next_dagrun for example_external_task_marker_child to None, run_after=None
[2024-10-17T19:35:03.270+0000] {logging_mixin.py:190} INFO - [2024-10-17T19:35:03.270+0000] {dag.py:4180} INFO - Setting next_dagrun for example_external_task_marker_parent to None, run_after=None
[2024-10-17T19:35:03.279+0000] {processor.py:208} INFO - Processing /home/airflow/.local/lib/python3.12/site-packages/airflow/example_dags/example_external_task_marker_dag.py took 0.041 seconds
[2024-10-17T19:35:33.900+0000] {processor.py:186} INFO - Started process (PID=329) to work on /home/airflow/.local/lib/python3.12/site-packages/airflow/example_dags/example_external_task_marker_dag.py
[2024-10-17T19:35:33.901+0000] {processor.py:914} INFO - Processing file /home/airflow/.local/lib/python3.12/site-packages/airflow/example_dags/example_external_task_marker_dag.py for tasks to queue
[2024-10-17T19:35:33.903+0000] {logging_mixin.py:190} INFO - [2024-10-17T19:35:33.903+0000] {dagbag.py:588} INFO - Filling up the DagBag from /home/airflow/.local/lib/python3.12/site-packages/airflow/example_dags/example_external_task_marker_dag.py
[2024-10-17T19:35:33.908+0000] {processor.py:925} INFO - DAG(s) 'example_external_task_marker_parent', 'example_external_task_marker_child' retrieved from /home/airflow/.local/lib/python3.12/site-packages/airflow/example_dags/example_external_task_marker_dag.py
[2024-10-17T19:35:33.921+0000] {logging_mixin.py:190} INFO - [2024-10-17T19:35:33.920+0000] {dag.py:3239} INFO - Sync 2 DAGs
[2024-10-17T19:35:33.928+0000] {logging_mixin.py:190} INFO - [2024-10-17T19:35:33.928+0000] {dag.py:4180} INFO - Setting next_dagrun for example_external_task_marker_child to None, run_after=None
[2024-10-17T19:35:33.930+0000] {logging_mixin.py:190} INFO - [2024-10-17T19:35:33.930+0000] {dag.py:4180} INFO - Setting next_dagrun for example_external_task_marker_parent to None, run_after=None
[2024-10-17T19:35:33.938+0000] {processor.py:208} INFO - Processing /home/airflow/.local/lib/python3.12/site-packages/airflow/example_dags/example_external_task_marker_dag.py took 0.041 seconds
[2024-10-17T19:36:04.596+0000] {processor.py:186} INFO - Started process (PID=392) to work on /home/airflow/.local/lib/python3.12/site-packages/airflow/example_dags/example_external_task_marker_dag.py
[2024-10-17T19:36:04.597+0000] {processor.py:914} INFO - Processing file /home/airflow/.local/lib/python3.12/site-packages/airflow/example_dags/example_external_task_marker_dag.py for tasks to queue
[2024-10-17T19:36:04.599+0000] {logging_mixin.py:190} INFO - [2024-10-17T19:36:04.599+0000] {dagbag.py:588} INFO - Filling up the DagBag from /home/airflow/.local/lib/python3.12/site-packages/airflow/example_dags/example_external_task_marker_dag.py
[2024-10-17T19:36:04.606+0000] {processor.py:925} INFO - DAG(s) 'example_external_task_marker_parent', 'example_external_task_marker_child' retrieved from /home/airflow/.local/lib/python3.12/site-packages/airflow/example_dags/example_external_task_marker_dag.py
[2024-10-17T19:36:04.621+0000] {logging_mixin.py:190} INFO - [2024-10-17T19:36:04.621+0000] {dag.py:3239} INFO - Sync 2 DAGs
[2024-10-17T19:36:04.630+0000] {logging_mixin.py:190} INFO - [2024-10-17T19:36:04.630+0000] {dag.py:4180} INFO - Setting next_dagrun for example_external_task_marker_child to None, run_after=None
[2024-10-17T19:36:04.633+0000] {logging_mixin.py:190} INFO - [2024-10-17T19:36:04.633+0000] {dag.py:4180} INFO - Setting next_dagrun for example_external_task_marker_parent to None, run_after=None
[2024-10-17T19:36:04.642+0000] {processor.py:208} INFO - Processing /home/airflow/.local/lib/python3.12/site-packages/airflow/example_dags/example_external_task_marker_dag.py took 0.050 seconds
[2024-10-17T19:36:35.220+0000] {processor.py:186} INFO - Started process (PID=455) to work on /home/airflow/.local/lib/python3.12/site-packages/airflow/example_dags/example_external_task_marker_dag.py
[2024-10-17T19:36:35.221+0000] {processor.py:914} INFO - Processing file /home/airflow/.local/lib/python3.12/site-packages/airflow/example_dags/example_external_task_marker_dag.py for tasks to queue
[2024-10-17T19:36:35.222+0000] {logging_mixin.py:190} INFO - [2024-10-17T19:36:35.222+0000] {dagbag.py:588} INFO - Filling up the DagBag from /home/airflow/.local/lib/python3.12/site-packages/airflow/example_dags/example_external_task_marker_dag.py
[2024-10-17T19:36:35.227+0000] {processor.py:925} INFO - DAG(s) 'example_external_task_marker_child', 'example_external_task_marker_parent' retrieved from /home/airflow/.local/lib/python3.12/site-packages/airflow/example_dags/example_external_task_marker_dag.py
[2024-10-17T19:36:35.239+0000] {logging_mixin.py:190} INFO - [2024-10-17T19:36:35.239+0000] {dag.py:3239} INFO - Sync 2 DAGs
[2024-10-17T19:36:35.246+0000] {logging_mixin.py:190} INFO - [2024-10-17T19:36:35.246+0000] {dag.py:4180} INFO - Setting next_dagrun for example_external_task_marker_child to None, run_after=None
[2024-10-17T19:36:35.248+0000] {logging_mixin.py:190} INFO - [2024-10-17T19:36:35.248+0000] {dag.py:4180} INFO - Setting next_dagrun for example_external_task_marker_parent to None, run_after=None
[2024-10-17T19:36:35.255+0000] {processor.py:208} INFO - Processing /home/airflow/.local/lib/python3.12/site-packages/airflow/example_dags/example_external_task_marker_dag.py took 0.038 seconds
[2024-10-17T19:37:05.749+0000] {processor.py:186} INFO - Started process (PID=519) to work on /home/airflow/.local/lib/python3.12/site-packages/airflow/example_dags/example_external_task_marker_dag.py
[2024-10-17T19:37:05.750+0000] {processor.py:914} INFO - Processing file /home/airflow/.local/lib/python3.12/site-packages/airflow/example_dags/example_external_task_marker_dag.py for tasks to queue
[2024-10-17T19:37:05.752+0000] {logging_mixin.py:190} INFO - [2024-10-17T19:37:05.751+0000] {dagbag.py:588} INFO - Filling up the DagBag from /home/airflow/.local/lib/python3.12/site-packages/airflow/example_dags/example_external_task_marker_dag.py
[2024-10-17T19:37:05.757+0000] {processor.py:925} INFO - DAG(s) 'example_external_task_marker_child', 'example_external_task_marker_parent' retrieved from /home/airflow/.local/lib/python3.12/site-packages/airflow/example_dags/example_external_task_marker_dag.py
[2024-10-17T19:37:05.769+0000] {logging_mixin.py:190} INFO - [2024-10-17T19:37:05.769+0000] {dag.py:3239} INFO - Sync 2 DAGs
[2024-10-17T19:37:05.776+0000] {logging_mixin.py:190} INFO - [2024-10-17T19:37:05.776+0000] {dag.py:4180} INFO - Setting next_dagrun for example_external_task_marker_child to None, run_after=None
[2024-10-17T19:37:05.778+0000] {logging_mixin.py:190} INFO - [2024-10-17T19:37:05.778+0000] {dag.py:4180} INFO - Setting next_dagrun for example_external_task_marker_parent to None, run_after=None
[2024-10-17T19:37:05.785+0000] {processor.py:208} INFO - Processing /home/airflow/.local/lib/python3.12/site-packages/airflow/example_dags/example_external_task_marker_dag.py took 0.039 seconds
[2024-10-17T19:39:18.522+0000] {processor.py:186} INFO - Started process (PID=77) to work on /home/airflow/.local/lib/python3.12/site-packages/airflow/example_dags/example_external_task_marker_dag.py
[2024-10-17T19:39:18.523+0000] {processor.py:914} INFO - Processing file /home/airflow/.local/lib/python3.12/site-packages/airflow/example_dags/example_external_task_marker_dag.py for tasks to queue
[2024-10-17T19:39:18.525+0000] {logging_mixin.py:190} INFO - [2024-10-17T19:39:18.524+0000] {dagbag.py:588} INFO - Filling up the DagBag from /home/airflow/.local/lib/python3.12/site-packages/airflow/example_dags/example_external_task_marker_dag.py
[2024-10-17T19:39:18.530+0000] {processor.py:925} INFO - DAG(s) 'example_external_task_marker_child', 'example_external_task_marker_parent' retrieved from /home/airflow/.local/lib/python3.12/site-packages/airflow/example_dags/example_external_task_marker_dag.py
[2024-10-17T19:39:18.584+0000] {logging_mixin.py:190} INFO - [2024-10-17T19:39:18.583+0000] {override.py:1900} INFO - Created Permission View: can read on DAG:example_external_task_marker_child
[2024-10-17T19:39:18.589+0000] {logging_mixin.py:190} INFO - [2024-10-17T19:39:18.589+0000] {override.py:1900} INFO - Created Permission View: can delete on DAG:example_external_task_marker_child
[2024-10-17T19:39:18.592+0000] {logging_mixin.py:190} INFO - [2024-10-17T19:39:18.592+0000] {override.py:1900} INFO - Created Permission View: can edit on DAG:example_external_task_marker_child
[2024-10-17T19:39:18.595+0000] {logging_mixin.py:190} INFO - [2024-10-17T19:39:18.595+0000] {override.py:1900} INFO - Created Permission View: can read on DAG Run:example_external_task_marker_child
[2024-10-17T19:39:18.598+0000] {logging_mixin.py:190} INFO - [2024-10-17T19:39:18.597+0000] {override.py:1900} INFO - Created Permission View: can create on DAG Run:example_external_task_marker_child
[2024-10-17T19:39:18.600+0000] {logging_mixin.py:190} INFO - [2024-10-17T19:39:18.600+0000] {override.py:1900} INFO - Created Permission View: can delete on DAG Run:example_external_task_marker_child
[2024-10-17T19:39:18.603+0000] {logging_mixin.py:190} INFO - [2024-10-17T19:39:18.602+0000] {override.py:1900} INFO - Created Permission View: menu access on DAG Run:example_external_task_marker_child
[2024-10-17T19:39:18.607+0000] {logging_mixin.py:190} INFO - [2024-10-17T19:39:18.607+0000] {override.py:1900} INFO - Created Permission View: can read on DAG:example_external_task_marker_parent
[2024-10-17T19:39:18.610+0000] {logging_mixin.py:190} INFO - [2024-10-17T19:39:18.610+0000] {override.py:1900} INFO - Created Permission View: can delete on DAG:example_external_task_marker_parent
[2024-10-17T19:39:18.612+0000] {logging_mixin.py:190} INFO - [2024-10-17T19:39:18.612+0000] {override.py:1900} INFO - Created Permission View: can edit on DAG:example_external_task_marker_parent
[2024-10-17T19:39:18.615+0000] {logging_mixin.py:190} INFO - [2024-10-17T19:39:18.615+0000] {override.py:1900} INFO - Created Permission View: can read on DAG Run:example_external_task_marker_parent
[2024-10-17T19:39:18.618+0000] {logging_mixin.py:190} INFO - [2024-10-17T19:39:18.618+0000] {override.py:1900} INFO - Created Permission View: can create on DAG Run:example_external_task_marker_parent
[2024-10-17T19:39:18.621+0000] {logging_mixin.py:190} INFO - [2024-10-17T19:39:18.620+0000] {override.py:1900} INFO - Created Permission View: can delete on DAG Run:example_external_task_marker_parent
[2024-10-17T19:39:18.623+0000] {logging_mixin.py:190} INFO - [2024-10-17T19:39:18.623+0000] {override.py:1900} INFO - Created Permission View: menu access on DAG Run:example_external_task_marker_parent
[2024-10-17T19:39:18.623+0000] {logging_mixin.py:190} INFO - [2024-10-17T19:39:18.623+0000] {dag.py:3239} INFO - Sync 2 DAGs
[2024-10-17T19:39:18.629+0000] {logging_mixin.py:190} INFO - [2024-10-17T19:39:18.629+0000] {dag.py:3262} INFO - Creating ORM DAG for example_external_task_marker_parent
[2024-10-17T19:39:18.629+0000] {logging_mixin.py:190} INFO - [2024-10-17T19:39:18.629+0000] {dag.py:3262} INFO - Creating ORM DAG for example_external_task_marker_child
[2024-10-17T19:39:18.630+0000] {logging_mixin.py:190} INFO - [2024-10-17T19:39:18.629+0000] {dag.py:4180} INFO - Setting next_dagrun for example_external_task_marker_child to None, run_after=None
[2024-10-17T19:39:18.630+0000] {logging_mixin.py:190} INFO - [2024-10-17T19:39:18.630+0000] {dag.py:4180} INFO - Setting next_dagrun for example_external_task_marker_parent to None, run_after=None
[2024-10-17T19:39:18.638+0000] {processor.py:208} INFO - Processing /home/airflow/.local/lib/python3.12/site-packages/airflow/example_dags/example_external_task_marker_dag.py took 0.119 seconds
[2024-10-17T19:39:48.871+0000] {processor.py:186} INFO - Started process (PID=140) to work on /home/airflow/.local/lib/python3.12/site-packages/airflow/example_dags/example_external_task_marker_dag.py
[2024-10-17T19:39:48.872+0000] {processor.py:914} INFO - Processing file /home/airflow/.local/lib/python3.12/site-packages/airflow/example_dags/example_external_task_marker_dag.py for tasks to queue
[2024-10-17T19:39:48.874+0000] {logging_mixin.py:190} INFO - [2024-10-17T19:39:48.873+0000] {dagbag.py:588} INFO - Filling up the DagBag from /home/airflow/.local/lib/python3.12/site-packages/airflow/example_dags/example_external_task_marker_dag.py
[2024-10-17T19:39:48.879+0000] {processor.py:925} INFO - DAG(s) 'example_external_task_marker_parent', 'example_external_task_marker_child' retrieved from /home/airflow/.local/lib/python3.12/site-packages/airflow/example_dags/example_external_task_marker_dag.py
[2024-10-17T19:39:48.891+0000] {logging_mixin.py:190} INFO - [2024-10-17T19:39:48.891+0000] {dag.py:3239} INFO - Sync 2 DAGs
[2024-10-17T19:39:48.899+0000] {logging_mixin.py:190} INFO - [2024-10-17T19:39:48.899+0000] {dag.py:4180} INFO - Setting next_dagrun for example_external_task_marker_child to None, run_after=None
[2024-10-17T19:39:48.901+0000] {logging_mixin.py:190} INFO - [2024-10-17T19:39:48.901+0000] {dag.py:4180} INFO - Setting next_dagrun for example_external_task_marker_parent to None, run_after=None
[2024-10-17T19:39:48.908+0000] {processor.py:208} INFO - Processing /home/airflow/.local/lib/python3.12/site-packages/airflow/example_dags/example_external_task_marker_dag.py took 0.040 seconds
[2024-10-17T19:40:19.205+0000] {processor.py:186} INFO - Started process (PID=203) to work on /home/airflow/.local/lib/python3.12/site-packages/airflow/example_dags/example_external_task_marker_dag.py
[2024-10-17T19:40:19.205+0000] {processor.py:914} INFO - Processing file /home/airflow/.local/lib/python3.12/site-packages/airflow/example_dags/example_external_task_marker_dag.py for tasks to queue
[2024-10-17T19:40:19.207+0000] {logging_mixin.py:190} INFO - [2024-10-17T19:40:19.207+0000] {dagbag.py:588} INFO - Filling up the DagBag from /home/airflow/.local/lib/python3.12/site-packages/airflow/example_dags/example_external_task_marker_dag.py
[2024-10-17T19:40:19.213+0000] {processor.py:925} INFO - DAG(s) 'example_external_task_marker_child', 'example_external_task_marker_parent' retrieved from /home/airflow/.local/lib/python3.12/site-packages/airflow/example_dags/example_external_task_marker_dag.py
[2024-10-17T19:40:19.230+0000] {logging_mixin.py:190} INFO - [2024-10-17T19:40:19.230+0000] {dag.py:3239} INFO - Sync 2 DAGs
[2024-10-17T19:40:19.238+0000] {logging_mixin.py:190} INFO - [2024-10-17T19:40:19.238+0000] {dag.py:4180} INFO - Setting next_dagrun for example_external_task_marker_child to None, run_after=None
[2024-10-17T19:40:19.241+0000] {logging_mixin.py:190} INFO - [2024-10-17T19:40:19.241+0000] {dag.py:4180} INFO - Setting next_dagrun for example_external_task_marker_parent to None, run_after=None
[2024-10-17T19:40:19.250+0000] {processor.py:208} INFO - Processing /home/airflow/.local/lib/python3.12/site-packages/airflow/example_dags/example_external_task_marker_dag.py took 0.048 seconds
[2024-10-17T19:40:49.627+0000] {processor.py:186} INFO - Started process (PID=266) to work on /home/airflow/.local/lib/python3.12/site-packages/airflow/example_dags/example_external_task_marker_dag.py
[2024-10-17T19:40:49.627+0000] {processor.py:914} INFO - Processing file /home/airflow/.local/lib/python3.12/site-packages/airflow/example_dags/example_external_task_marker_dag.py for tasks to queue
[2024-10-17T19:40:49.629+0000] {logging_mixin.py:190} INFO - [2024-10-17T19:40:49.628+0000] {dagbag.py:588} INFO - Filling up the DagBag from /home/airflow/.local/lib/python3.12/site-packages/airflow/example_dags/example_external_task_marker_dag.py
[2024-10-17T19:40:49.633+0000] {processor.py:925} INFO - DAG(s) 'example_external_task_marker_child', 'example_external_task_marker_parent' retrieved from /home/airflow/.local/lib/python3.12/site-packages/airflow/example_dags/example_external_task_marker_dag.py
[2024-10-17T19:40:49.645+0000] {logging_mixin.py:190} INFO - [2024-10-17T19:40:49.645+0000] {dag.py:3239} INFO - Sync 2 DAGs
[2024-10-17T19:40:49.652+0000] {logging_mixin.py:190} INFO - [2024-10-17T19:40:49.652+0000] {dag.py:4180} INFO - Setting next_dagrun for example_external_task_marker_child to None, run_after=None
[2024-10-17T19:40:49.654+0000] {logging_mixin.py:190} INFO - [2024-10-17T19:40:49.654+0000] {dag.py:4180} INFO - Setting next_dagrun for example_external_task_marker_parent to None, run_after=None
[2024-10-17T19:40:49.661+0000] {processor.py:208} INFO - Processing /home/airflow/.local/lib/python3.12/site-packages/airflow/example_dags/example_external_task_marker_dag.py took 0.038 seconds
[2024-10-17T19:41:20.244+0000] {processor.py:186} INFO - Started process (PID=329) to work on /home/airflow/.local/lib/python3.12/site-packages/airflow/example_dags/example_external_task_marker_dag.py
[2024-10-17T19:41:20.245+0000] {processor.py:914} INFO - Processing file /home/airflow/.local/lib/python3.12/site-packages/airflow/example_dags/example_external_task_marker_dag.py for tasks to queue
[2024-10-17T19:41:20.246+0000] {logging_mixin.py:190} INFO - [2024-10-17T19:41:20.246+0000] {dagbag.py:588} INFO - Filling up the DagBag from /home/airflow/.local/lib/python3.12/site-packages/airflow/example_dags/example_external_task_marker_dag.py
[2024-10-17T19:41:20.251+0000] {processor.py:925} INFO - DAG(s) 'example_external_task_marker_parent', 'example_external_task_marker_child' retrieved from /home/airflow/.local/lib/python3.12/site-packages/airflow/example_dags/example_external_task_marker_dag.py
[2024-10-17T19:41:20.269+0000] {logging_mixin.py:190} INFO - [2024-10-17T19:41:20.269+0000] {dag.py:3239} INFO - Sync 2 DAGs
[2024-10-17T19:41:20.277+0000] {logging_mixin.py:190} INFO - [2024-10-17T19:41:20.277+0000] {dag.py:4180} INFO - Setting next_dagrun for example_external_task_marker_child to None, run_after=None
[2024-10-17T19:41:20.280+0000] {logging_mixin.py:190} INFO - [2024-10-17T19:41:20.280+0000] {dag.py:4180} INFO - Setting next_dagrun for example_external_task_marker_parent to None, run_after=None
[2024-10-17T19:41:20.290+0000] {processor.py:208} INFO - Processing /home/airflow/.local/lib/python3.12/site-packages/airflow/example_dags/example_external_task_marker_dag.py took 0.050 seconds
[2024-10-17T19:41:50.973+0000] {processor.py:186} INFO - Started process (PID=392) to work on /home/airflow/.local/lib/python3.12/site-packages/airflow/example_dags/example_external_task_marker_dag.py
[2024-10-17T19:41:50.974+0000] {processor.py:914} INFO - Processing file /home/airflow/.local/lib/python3.12/site-packages/airflow/example_dags/example_external_task_marker_dag.py for tasks to queue
[2024-10-17T19:41:50.976+0000] {logging_mixin.py:190} INFO - [2024-10-17T19:41:50.975+0000] {dagbag.py:588} INFO - Filling up the DagBag from /home/airflow/.local/lib/python3.12/site-packages/airflow/example_dags/example_external_task_marker_dag.py
[2024-10-17T19:41:50.981+0000] {processor.py:925} INFO - DAG(s) 'example_external_task_marker_child', 'example_external_task_marker_parent' retrieved from /home/airflow/.local/lib/python3.12/site-packages/airflow/example_dags/example_external_task_marker_dag.py
[2024-10-17T19:41:50.994+0000] {logging_mixin.py:190} INFO - [2024-10-17T19:41:50.993+0000] {dag.py:3239} INFO - Sync 2 DAGs
[2024-10-17T19:41:51.001+0000] {logging_mixin.py:190} INFO - [2024-10-17T19:41:51.001+0000] {dag.py:4180} INFO - Setting next_dagrun for example_external_task_marker_child to None, run_after=None
[2024-10-17T19:41:51.003+0000] {logging_mixin.py:190} INFO - [2024-10-17T19:41:51.003+0000] {dag.py:4180} INFO - Setting next_dagrun for example_external_task_marker_parent to None, run_after=None
[2024-10-17T19:41:51.010+0000] {processor.py:208} INFO - Processing /home/airflow/.local/lib/python3.12/site-packages/airflow/example_dags/example_external_task_marker_dag.py took 0.041 seconds
[2024-10-17T19:42:21.456+0000] {processor.py:186} INFO - Started process (PID=455) to work on /home/airflow/.local/lib/python3.12/site-packages/airflow/example_dags/example_external_task_marker_dag.py
[2024-10-17T19:42:21.457+0000] {processor.py:914} INFO - Processing file /home/airflow/.local/lib/python3.12/site-packages/airflow/example_dags/example_external_task_marker_dag.py for tasks to queue
[2024-10-17T19:42:21.458+0000] {logging_mixin.py:190} INFO - [2024-10-17T19:42:21.458+0000] {dagbag.py:588} INFO - Filling up the DagBag from /home/airflow/.local/lib/python3.12/site-packages/airflow/example_dags/example_external_task_marker_dag.py
[2024-10-17T19:42:21.464+0000] {processor.py:925} INFO - DAG(s) 'example_external_task_marker_parent', 'example_external_task_marker_child' retrieved from /home/airflow/.local/lib/python3.12/site-packages/airflow/example_dags/example_external_task_marker_dag.py
[2024-10-17T19:42:21.478+0000] {logging_mixin.py:190} INFO - [2024-10-17T19:42:21.478+0000] {dag.py:3239} INFO - Sync 2 DAGs
[2024-10-17T19:42:21.486+0000] {logging_mixin.py:190} INFO - [2024-10-17T19:42:21.486+0000] {dag.py:4180} INFO - Setting next_dagrun for example_external_task_marker_child to None, run_after=None
[2024-10-17T19:42:21.488+0000] {logging_mixin.py:190} INFO - [2024-10-17T19:42:21.488+0000] {dag.py:4180} INFO - Setting next_dagrun for example_external_task_marker_parent to None, run_after=None
[2024-10-17T19:42:21.496+0000] {processor.py:208} INFO - Processing /home/airflow/.local/lib/python3.12/site-packages/airflow/example_dags/example_external_task_marker_dag.py took 0.044 seconds
[2024-10-17T19:44:00.679+0000] {processor.py:186} INFO - Started process (PID=77) to work on /home/airflow/.local/lib/python3.12/site-packages/airflow/example_dags/example_external_task_marker_dag.py
[2024-10-17T19:44:00.680+0000] {processor.py:914} INFO - Processing file /home/airflow/.local/lib/python3.12/site-packages/airflow/example_dags/example_external_task_marker_dag.py for tasks to queue
[2024-10-17T19:44:00.682+0000] {logging_mixin.py:190} INFO - [2024-10-17T19:44:00.682+0000] {dagbag.py:588} INFO - Filling up the DagBag from /home/airflow/.local/lib/python3.12/site-packages/airflow/example_dags/example_external_task_marker_dag.py
[2024-10-17T19:44:00.688+0000] {processor.py:925} INFO - DAG(s) 'example_external_task_marker_child', 'example_external_task_marker_parent' retrieved from /home/airflow/.local/lib/python3.12/site-packages/airflow/example_dags/example_external_task_marker_dag.py
[2024-10-17T19:44:00.743+0000] {logging_mixin.py:190} INFO - [2024-10-17T19:44:00.742+0000] {override.py:1900} INFO - Created Permission View: can delete on DAG:example_external_task_marker_child
[2024-10-17T19:44:00.747+0000] {logging_mixin.py:190} INFO - [2024-10-17T19:44:00.747+0000] {override.py:1900} INFO - Created Permission View: can edit on DAG:example_external_task_marker_child
[2024-10-17T19:44:00.749+0000] {logging_mixin.py:190} INFO - [2024-10-17T19:44:00.749+0000] {override.py:1900} INFO - Created Permission View: can read on DAG:example_external_task_marker_child
[2024-10-17T19:44:00.752+0000] {logging_mixin.py:190} INFO - [2024-10-17T19:44:00.752+0000] {override.py:1900} INFO - Created Permission View: can delete on DAG Run:example_external_task_marker_child
[2024-10-17T19:44:00.754+0000] {logging_mixin.py:190} INFO - [2024-10-17T19:44:00.754+0000] {override.py:1900} INFO - Created Permission View: can create on DAG Run:example_external_task_marker_child
[2024-10-17T19:44:00.756+0000] {logging_mixin.py:190} INFO - [2024-10-17T19:44:00.756+0000] {override.py:1900} INFO - Created Permission View: menu access on DAG Run:example_external_task_marker_child
[2024-10-17T19:44:00.758+0000] {logging_mixin.py:190} INFO - [2024-10-17T19:44:00.758+0000] {override.py:1900} INFO - Created Permission View: can read on DAG Run:example_external_task_marker_child
[2024-10-17T19:44:00.763+0000] {logging_mixin.py:190} INFO - [2024-10-17T19:44:00.763+0000] {override.py:1900} INFO - Created Permission View: can delete on DAG:example_external_task_marker_parent
[2024-10-17T19:44:00.765+0000] {logging_mixin.py:190} INFO - [2024-10-17T19:44:00.765+0000] {override.py:1900} INFO - Created Permission View: can edit on DAG:example_external_task_marker_parent
[2024-10-17T19:44:00.767+0000] {logging_mixin.py:190} INFO - [2024-10-17T19:44:00.767+0000] {override.py:1900} INFO - Created Permission View: can read on DAG:example_external_task_marker_parent
[2024-10-17T19:44:00.769+0000] {logging_mixin.py:190} INFO - [2024-10-17T19:44:00.769+0000] {override.py:1900} INFO - Created Permission View: can delete on DAG Run:example_external_task_marker_parent
[2024-10-17T19:44:00.771+0000] {logging_mixin.py:190} INFO - [2024-10-17T19:44:00.771+0000] {override.py:1900} INFO - Created Permission View: can create on DAG Run:example_external_task_marker_parent
[2024-10-17T19:44:00.773+0000] {logging_mixin.py:190} INFO - [2024-10-17T19:44:00.773+0000] {override.py:1900} INFO - Created Permission View: menu access on DAG Run:example_external_task_marker_parent
[2024-10-17T19:44:00.776+0000] {logging_mixin.py:190} INFO - [2024-10-17T19:44:00.776+0000] {override.py:1900} INFO - Created Permission View: can read on DAG Run:example_external_task_marker_parent
[2024-10-17T19:44:00.776+0000] {logging_mixin.py:190} INFO - [2024-10-17T19:44:00.776+0000] {dag.py:3239} INFO - Sync 2 DAGs
[2024-10-17T19:44:00.782+0000] {logging_mixin.py:190} INFO - [2024-10-17T19:44:00.782+0000] {dag.py:3262} INFO - Creating ORM DAG for example_external_task_marker_child
[2024-10-17T19:44:00.782+0000] {logging_mixin.py:190} INFO - [2024-10-17T19:44:00.782+0000] {dag.py:3262} INFO - Creating ORM DAG for example_external_task_marker_parent
[2024-10-17T19:44:00.783+0000] {logging_mixin.py:190} INFO - [2024-10-17T19:44:00.783+0000] {dag.py:4180} INFO - Setting next_dagrun for example_external_task_marker_child to None, run_after=None
[2024-10-17T19:44:00.783+0000] {logging_mixin.py:190} INFO - [2024-10-17T19:44:00.783+0000] {dag.py:4180} INFO - Setting next_dagrun for example_external_task_marker_parent to None, run_after=None
[2024-10-17T19:44:00.790+0000] {processor.py:208} INFO - Processing /home/airflow/.local/lib/python3.12/site-packages/airflow/example_dags/example_external_task_marker_dag.py took 0.115 seconds
[2024-10-17T19:44:31.220+0000] {processor.py:186} INFO - Started process (PID=140) to work on /home/airflow/.local/lib/python3.12/site-packages/airflow/example_dags/example_external_task_marker_dag.py
[2024-10-17T19:44:31.221+0000] {processor.py:914} INFO - Processing file /home/airflow/.local/lib/python3.12/site-packages/airflow/example_dags/example_external_task_marker_dag.py for tasks to queue
[2024-10-17T19:44:31.222+0000] {logging_mixin.py:190} INFO - [2024-10-17T19:44:31.222+0000] {dagbag.py:588} INFO - Filling up the DagBag from /home/airflow/.local/lib/python3.12/site-packages/airflow/example_dags/example_external_task_marker_dag.py
[2024-10-17T19:44:31.226+0000] {processor.py:925} INFO - DAG(s) 'example_external_task_marker_child', 'example_external_task_marker_parent' retrieved from /home/airflow/.local/lib/python3.12/site-packages/airflow/example_dags/example_external_task_marker_dag.py
[2024-10-17T19:44:31.238+0000] {logging_mixin.py:190} INFO - [2024-10-17T19:44:31.238+0000] {dag.py:3239} INFO - Sync 2 DAGs
[2024-10-17T19:44:31.245+0000] {logging_mixin.py:190} INFO - [2024-10-17T19:44:31.245+0000] {dag.py:4180} INFO - Setting next_dagrun for example_external_task_marker_child to None, run_after=None
[2024-10-17T19:44:31.247+0000] {logging_mixin.py:190} INFO - [2024-10-17T19:44:31.247+0000] {dag.py:4180} INFO - Setting next_dagrun for example_external_task_marker_parent to None, run_after=None
[2024-10-17T19:44:31.254+0000] {processor.py:208} INFO - Processing /home/airflow/.local/lib/python3.12/site-packages/airflow/example_dags/example_external_task_marker_dag.py took 0.037 seconds
[2024-10-17T19:45:01.854+0000] {processor.py:186} INFO - Started process (PID=203) to work on /home/airflow/.local/lib/python3.12/site-packages/airflow/example_dags/example_external_task_marker_dag.py
[2024-10-17T19:45:01.854+0000] {processor.py:914} INFO - Processing file /home/airflow/.local/lib/python3.12/site-packages/airflow/example_dags/example_external_task_marker_dag.py for tasks to queue
[2024-10-17T19:45:01.856+0000] {logging_mixin.py:190} INFO - [2024-10-17T19:45:01.856+0000] {dagbag.py:588} INFO - Filling up the DagBag from /home/airflow/.local/lib/python3.12/site-packages/airflow/example_dags/example_external_task_marker_dag.py
[2024-10-17T19:45:01.861+0000] {processor.py:925} INFO - DAG(s) 'example_external_task_marker_parent', 'example_external_task_marker_child' retrieved from /home/airflow/.local/lib/python3.12/site-packages/airflow/example_dags/example_external_task_marker_dag.py
[2024-10-17T19:45:01.873+0000] {logging_mixin.py:190} INFO - [2024-10-17T19:45:01.873+0000] {dag.py:3239} INFO - Sync 2 DAGs
[2024-10-17T19:45:01.880+0000] {logging_mixin.py:190} INFO - [2024-10-17T19:45:01.880+0000] {dag.py:4180} INFO - Setting next_dagrun for example_external_task_marker_child to None, run_after=None
[2024-10-17T19:45:01.882+0000] {logging_mixin.py:190} INFO - [2024-10-17T19:45:01.882+0000] {dag.py:4180} INFO - Setting next_dagrun for example_external_task_marker_parent to None, run_after=None
[2024-10-17T19:45:01.889+0000] {processor.py:208} INFO - Processing /home/airflow/.local/lib/python3.12/site-packages/airflow/example_dags/example_external_task_marker_dag.py took 0.038 seconds
[2024-10-17T19:45:32.442+0000] {processor.py:186} INFO - Started process (PID=266) to work on /home/airflow/.local/lib/python3.12/site-packages/airflow/example_dags/example_external_task_marker_dag.py
[2024-10-17T19:45:32.443+0000] {processor.py:914} INFO - Processing file /home/airflow/.local/lib/python3.12/site-packages/airflow/example_dags/example_external_task_marker_dag.py for tasks to queue
[2024-10-17T19:45:32.444+0000] {logging_mixin.py:190} INFO - [2024-10-17T19:45:32.444+0000] {dagbag.py:588} INFO - Filling up the DagBag from /home/airflow/.local/lib/python3.12/site-packages/airflow/example_dags/example_external_task_marker_dag.py
[2024-10-17T19:45:32.450+0000] {processor.py:925} INFO - DAG(s) 'example_external_task_marker_child', 'example_external_task_marker_parent' retrieved from /home/airflow/.local/lib/python3.12/site-packages/airflow/example_dags/example_external_task_marker_dag.py
[2024-10-17T19:45:32.465+0000] {logging_mixin.py:190} INFO - [2024-10-17T19:45:32.464+0000] {dag.py:3239} INFO - Sync 2 DAGs
[2024-10-17T19:45:32.472+0000] {logging_mixin.py:190} INFO - [2024-10-17T19:45:32.472+0000] {dag.py:4180} INFO - Setting next_dagrun for example_external_task_marker_child to None, run_after=None
[2024-10-17T19:45:32.474+0000] {logging_mixin.py:190} INFO - [2024-10-17T19:45:32.474+0000] {dag.py:4180} INFO - Setting next_dagrun for example_external_task_marker_parent to None, run_after=None
[2024-10-17T19:45:32.482+0000] {processor.py:208} INFO - Processing /home/airflow/.local/lib/python3.12/site-packages/airflow/example_dags/example_external_task_marker_dag.py took 0.045 seconds
[2024-10-17T19:46:02.901+0000] {processor.py:186} INFO - Started process (PID=329) to work on /home/airflow/.local/lib/python3.12/site-packages/airflow/example_dags/example_external_task_marker_dag.py
[2024-10-17T19:46:02.902+0000] {processor.py:914} INFO - Processing file /home/airflow/.local/lib/python3.12/site-packages/airflow/example_dags/example_external_task_marker_dag.py for tasks to queue
[2024-10-17T19:46:02.903+0000] {logging_mixin.py:190} INFO - [2024-10-17T19:46:02.903+0000] {dagbag.py:588} INFO - Filling up the DagBag from /home/airflow/.local/lib/python3.12/site-packages/airflow/example_dags/example_external_task_marker_dag.py
[2024-10-17T19:46:02.908+0000] {processor.py:925} INFO - DAG(s) 'example_external_task_marker_child', 'example_external_task_marker_parent' retrieved from /home/airflow/.local/lib/python3.12/site-packages/airflow/example_dags/example_external_task_marker_dag.py
[2024-10-17T19:46:02.921+0000] {logging_mixin.py:190} INFO - [2024-10-17T19:46:02.921+0000] {dag.py:3239} INFO - Sync 2 DAGs
[2024-10-17T19:46:02.929+0000] {logging_mixin.py:190} INFO - [2024-10-17T19:46:02.929+0000] {dag.py:4180} INFO - Setting next_dagrun for example_external_task_marker_child to None, run_after=None
[2024-10-17T19:46:02.931+0000] {logging_mixin.py:190} INFO - [2024-10-17T19:46:02.931+0000] {dag.py:4180} INFO - Setting next_dagrun for example_external_task_marker_parent to None, run_after=None
[2024-10-17T19:46:02.940+0000] {processor.py:208} INFO - Processing /home/airflow/.local/lib/python3.12/site-packages/airflow/example_dags/example_external_task_marker_dag.py took 0.042 seconds
[2024-10-17T19:46:33.296+0000] {processor.py:186} INFO - Started process (PID=392) to work on /home/airflow/.local/lib/python3.12/site-packages/airflow/example_dags/example_external_task_marker_dag.py
[2024-10-17T19:46:33.297+0000] {processor.py:914} INFO - Processing file /home/airflow/.local/lib/python3.12/site-packages/airflow/example_dags/example_external_task_marker_dag.py for tasks to queue
[2024-10-17T19:46:33.298+0000] {logging_mixin.py:190} INFO - [2024-10-17T19:46:33.298+0000] {dagbag.py:588} INFO - Filling up the DagBag from /home/airflow/.local/lib/python3.12/site-packages/airflow/example_dags/example_external_task_marker_dag.py
[2024-10-17T19:46:33.303+0000] {processor.py:925} INFO - DAG(s) 'example_external_task_marker_parent', 'example_external_task_marker_child' retrieved from /home/airflow/.local/lib/python3.12/site-packages/airflow/example_dags/example_external_task_marker_dag.py
[2024-10-17T19:46:33.316+0000] {logging_mixin.py:190} INFO - [2024-10-17T19:46:33.316+0000] {dag.py:3239} INFO - Sync 2 DAGs
[2024-10-17T19:46:33.324+0000] {logging_mixin.py:190} INFO - [2024-10-17T19:46:33.324+0000] {dag.py:4180} INFO - Setting next_dagrun for example_external_task_marker_child to None, run_after=None
[2024-10-17T19:46:33.326+0000] {logging_mixin.py:190} INFO - [2024-10-17T19:46:33.326+0000] {dag.py:4180} INFO - Setting next_dagrun for example_external_task_marker_parent to None, run_after=None
[2024-10-17T19:46:33.334+0000] {processor.py:208} INFO - Processing /home/airflow/.local/lib/python3.12/site-packages/airflow/example_dags/example_external_task_marker_dag.py took 0.041 seconds
[2024-10-17T19:47:03.836+0000] {processor.py:186} INFO - Started process (PID=455) to work on /home/airflow/.local/lib/python3.12/site-packages/airflow/example_dags/example_external_task_marker_dag.py
[2024-10-17T19:47:03.837+0000] {processor.py:914} INFO - Processing file /home/airflow/.local/lib/python3.12/site-packages/airflow/example_dags/example_external_task_marker_dag.py for tasks to queue
[2024-10-17T19:47:03.839+0000] {logging_mixin.py:190} INFO - [2024-10-17T19:47:03.839+0000] {dagbag.py:588} INFO - Filling up the DagBag from /home/airflow/.local/lib/python3.12/site-packages/airflow/example_dags/example_external_task_marker_dag.py
[2024-10-17T19:47:03.844+0000] {processor.py:925} INFO - DAG(s) 'example_external_task_marker_child', 'example_external_task_marker_parent' retrieved from /home/airflow/.local/lib/python3.12/site-packages/airflow/example_dags/example_external_task_marker_dag.py
[2024-10-17T19:47:03.857+0000] {logging_mixin.py:190} INFO - [2024-10-17T19:47:03.857+0000] {dag.py:3239} INFO - Sync 2 DAGs
[2024-10-17T19:47:03.866+0000] {logging_mixin.py:190} INFO - [2024-10-17T19:47:03.866+0000] {dag.py:4180} INFO - Setting next_dagrun for example_external_task_marker_child to None, run_after=None
[2024-10-17T19:47:03.868+0000] {logging_mixin.py:190} INFO - [2024-10-17T19:47:03.868+0000] {dag.py:4180} INFO - Setting next_dagrun for example_external_task_marker_parent to None, run_after=None
[2024-10-17T19:47:03.878+0000] {processor.py:208} INFO - Processing /home/airflow/.local/lib/python3.12/site-packages/airflow/example_dags/example_external_task_marker_dag.py took 0.046 seconds
[2024-10-17T19:47:34.449+0000] {processor.py:186} INFO - Started process (PID=518) to work on /home/airflow/.local/lib/python3.12/site-packages/airflow/example_dags/example_external_task_marker_dag.py
[2024-10-17T19:47:34.450+0000] {processor.py:914} INFO - Processing file /home/airflow/.local/lib/python3.12/site-packages/airflow/example_dags/example_external_task_marker_dag.py for tasks to queue
[2024-10-17T19:47:34.451+0000] {logging_mixin.py:190} INFO - [2024-10-17T19:47:34.451+0000] {dagbag.py:588} INFO - Filling up the DagBag from /home/airflow/.local/lib/python3.12/site-packages/airflow/example_dags/example_external_task_marker_dag.py
[2024-10-17T19:47:34.457+0000] {processor.py:925} INFO - DAG(s) 'example_external_task_marker_child', 'example_external_task_marker_parent' retrieved from /home/airflow/.local/lib/python3.12/site-packages/airflow/example_dags/example_external_task_marker_dag.py
[2024-10-17T19:47:34.470+0000] {logging_mixin.py:190} INFO - [2024-10-17T19:47:34.470+0000] {dag.py:3239} INFO - Sync 2 DAGs
[2024-10-17T19:47:34.478+0000] {logging_mixin.py:190} INFO - [2024-10-17T19:47:34.478+0000] {dag.py:4180} INFO - Setting next_dagrun for example_external_task_marker_child to None, run_after=None
[2024-10-17T19:47:34.480+0000] {logging_mixin.py:190} INFO - [2024-10-17T19:47:34.480+0000] {dag.py:4180} INFO - Setting next_dagrun for example_external_task_marker_parent to None, run_after=None
[2024-10-17T19:47:34.489+0000] {processor.py:208} INFO - Processing /home/airflow/.local/lib/python3.12/site-packages/airflow/example_dags/example_external_task_marker_dag.py took 0.044 seconds
[2024-10-17T19:48:04.895+0000] {processor.py:186} INFO - Started process (PID=581) to work on /home/airflow/.local/lib/python3.12/site-packages/airflow/example_dags/example_external_task_marker_dag.py
[2024-10-17T19:48:04.895+0000] {processor.py:914} INFO - Processing file /home/airflow/.local/lib/python3.12/site-packages/airflow/example_dags/example_external_task_marker_dag.py for tasks to queue
[2024-10-17T19:48:04.897+0000] {logging_mixin.py:190} INFO - [2024-10-17T19:48:04.897+0000] {dagbag.py:588} INFO - Filling up the DagBag from /home/airflow/.local/lib/python3.12/site-packages/airflow/example_dags/example_external_task_marker_dag.py
[2024-10-17T19:48:04.902+0000] {processor.py:925} INFO - DAG(s) 'example_external_task_marker_parent', 'example_external_task_marker_child' retrieved from /home/airflow/.local/lib/python3.12/site-packages/airflow/example_dags/example_external_task_marker_dag.py
[2024-10-17T19:48:04.914+0000] {logging_mixin.py:190} INFO - [2024-10-17T19:48:04.914+0000] {dag.py:3239} INFO - Sync 2 DAGs
[2024-10-17T19:48:04.922+0000] {logging_mixin.py:190} INFO - [2024-10-17T19:48:04.922+0000] {dag.py:4180} INFO - Setting next_dagrun for example_external_task_marker_child to None, run_after=None
[2024-10-17T19:48:04.924+0000] {logging_mixin.py:190} INFO - [2024-10-17T19:48:04.924+0000] {dag.py:4180} INFO - Setting next_dagrun for example_external_task_marker_parent to None, run_after=None
[2024-10-17T19:48:04.932+0000] {processor.py:208} INFO - Processing /home/airflow/.local/lib/python3.12/site-packages/airflow/example_dags/example_external_task_marker_dag.py took 0.041 seconds
