[2024-10-17T17:10:33.759+0000] {processor.py:186} INFO - Started process (PID=59) to work on /home/airflow/.local/lib/python3.12/site-packages/airflow/example_dags/example_workday_timetable.py
[2024-10-17T17:10:33.760+0000] {processor.py:914} INFO - Processing file /home/airflow/.local/lib/python3.12/site-packages/airflow/example_dags/example_workday_timetable.py for tasks to queue
[2024-10-17T17:10:33.762+0000] {logging_mixin.py:190} INFO - [2024-10-17T17:10:33.761+0000] {dagbag.py:588} INFO - Filling up the DagBag from /home/airflow/.local/lib/python3.12/site-packages/airflow/example_dags/example_workday_timetable.py
[2024-10-17T17:10:33.766+0000] {processor.py:925} INFO - DAG(s) 'example_workday_timetable' retrieved from /home/airflow/.local/lib/python3.12/site-packages/airflow/example_dags/example_workday_timetable.py
[2024-10-17T17:10:33.817+0000] {logging_mixin.py:190} INFO - [2024-10-17T17:10:33.817+0000] {override.py:1900} INFO - Created Permission View: can delete on DAG:example_workday_timetable
[2024-10-17T17:10:33.822+0000] {logging_mixin.py:190} INFO - [2024-10-17T17:10:33.821+0000] {override.py:1900} INFO - Created Permission View: can edit on DAG:example_workday_timetable
[2024-10-17T17:10:33.824+0000] {logging_mixin.py:190} INFO - [2024-10-17T17:10:33.824+0000] {override.py:1900} INFO - Created Permission View: can read on DAG:example_workday_timetable
[2024-10-17T17:10:33.827+0000] {logging_mixin.py:190} INFO - [2024-10-17T17:10:33.827+0000] {override.py:1900} INFO - Created Permission View: can create on DAG Run:example_workday_timetable
[2024-10-17T17:10:33.830+0000] {logging_mixin.py:190} INFO - [2024-10-17T17:10:33.830+0000] {override.py:1900} INFO - Created Permission View: can delete on DAG Run:example_workday_timetable
[2024-10-17T17:10:33.833+0000] {logging_mixin.py:190} INFO - [2024-10-17T17:10:33.833+0000] {override.py:1900} INFO - Created Permission View: can read on DAG Run:example_workday_timetable
[2024-10-17T17:10:33.836+0000] {logging_mixin.py:190} INFO - [2024-10-17T17:10:33.835+0000] {override.py:1900} INFO - Created Permission View: menu access on DAG Run:example_workday_timetable
[2024-10-17T17:10:33.836+0000] {logging_mixin.py:190} INFO - [2024-10-17T17:10:33.836+0000] {dag.py:3239} INFO - Sync 1 DAGs
[2024-10-17T17:10:33.842+0000] {logging_mixin.py:190} INFO - [2024-10-17T17:10:33.842+0000] {dag.py:3262} INFO - Creating ORM DAG for example_workday_timetable
[2024-10-17T17:10:33.867+0000] {logging_mixin.py:190} INFO - [2024-10-17T17:10:33.867+0000] {dag.py:4180} INFO - Setting next_dagrun for example_workday_timetable to 2021-01-04 00:00:00+00:00, run_after=2021-01-05 00:00:00+00:00
[2024-10-17T17:10:33.876+0000] {processor.py:208} INFO - Processing /home/airflow/.local/lib/python3.12/site-packages/airflow/example_dags/example_workday_timetable.py took 0.120 seconds
[2024-10-17T17:11:03.952+0000] {processor.py:186} INFO - Started process (PID=121) to work on /home/airflow/.local/lib/python3.12/site-packages/airflow/example_dags/example_workday_timetable.py
[2024-10-17T17:11:03.953+0000] {processor.py:914} INFO - Processing file /home/airflow/.local/lib/python3.12/site-packages/airflow/example_dags/example_workday_timetable.py for tasks to queue
[2024-10-17T17:11:03.955+0000] {logging_mixin.py:190} INFO - [2024-10-17T17:11:03.955+0000] {dagbag.py:588} INFO - Filling up the DagBag from /home/airflow/.local/lib/python3.12/site-packages/airflow/example_dags/example_workday_timetable.py
[2024-10-17T17:11:03.959+0000] {processor.py:925} INFO - DAG(s) 'example_workday_timetable' retrieved from /home/airflow/.local/lib/python3.12/site-packages/airflow/example_dags/example_workday_timetable.py
[2024-10-17T17:11:03.969+0000] {logging_mixin.py:190} INFO - [2024-10-17T17:11:03.969+0000] {dag.py:3239} INFO - Sync 1 DAGs
[2024-10-17T17:11:04.005+0000] {logging_mixin.py:190} INFO - [2024-10-17T17:11:04.005+0000] {dag.py:4180} INFO - Setting next_dagrun for example_workday_timetable to 2021-01-04 00:00:00+00:00, run_after=2021-01-05 00:00:00+00:00
[2024-10-17T17:11:04.014+0000] {processor.py:208} INFO - Processing /home/airflow/.local/lib/python3.12/site-packages/airflow/example_dags/example_workday_timetable.py took 0.065 seconds
[2024-10-17T17:11:34.152+0000] {processor.py:186} INFO - Started process (PID=183) to work on /home/airflow/.local/lib/python3.12/site-packages/airflow/example_dags/example_workday_timetable.py
[2024-10-17T17:11:34.153+0000] {processor.py:914} INFO - Processing file /home/airflow/.local/lib/python3.12/site-packages/airflow/example_dags/example_workday_timetable.py for tasks to queue
[2024-10-17T17:11:34.154+0000] {logging_mixin.py:190} INFO - [2024-10-17T17:11:34.154+0000] {dagbag.py:588} INFO - Filling up the DagBag from /home/airflow/.local/lib/python3.12/site-packages/airflow/example_dags/example_workday_timetable.py
[2024-10-17T17:11:34.158+0000] {processor.py:925} INFO - DAG(s) 'example_workday_timetable' retrieved from /home/airflow/.local/lib/python3.12/site-packages/airflow/example_dags/example_workday_timetable.py
[2024-10-17T17:11:34.168+0000] {logging_mixin.py:190} INFO - [2024-10-17T17:11:34.168+0000] {dag.py:3239} INFO - Sync 1 DAGs
[2024-10-17T17:11:34.197+0000] {logging_mixin.py:190} INFO - [2024-10-17T17:11:34.197+0000] {dag.py:4180} INFO - Setting next_dagrun for example_workday_timetable to 2021-01-04 00:00:00+00:00, run_after=2021-01-05 00:00:00+00:00
[2024-10-17T17:11:34.206+0000] {processor.py:208} INFO - Processing /home/airflow/.local/lib/python3.12/site-packages/airflow/example_dags/example_workday_timetable.py took 0.057 seconds
[2024-10-17T17:12:04.662+0000] {processor.py:186} INFO - Started process (PID=245) to work on /home/airflow/.local/lib/python3.12/site-packages/airflow/example_dags/example_workday_timetable.py
[2024-10-17T17:12:04.663+0000] {processor.py:914} INFO - Processing file /home/airflow/.local/lib/python3.12/site-packages/airflow/example_dags/example_workday_timetable.py for tasks to queue
[2024-10-17T17:12:04.665+0000] {logging_mixin.py:190} INFO - [2024-10-17T17:12:04.665+0000] {dagbag.py:588} INFO - Filling up the DagBag from /home/airflow/.local/lib/python3.12/site-packages/airflow/example_dags/example_workday_timetable.py
[2024-10-17T17:12:04.668+0000] {processor.py:925} INFO - DAG(s) 'example_workday_timetable' retrieved from /home/airflow/.local/lib/python3.12/site-packages/airflow/example_dags/example_workday_timetable.py
[2024-10-17T17:12:04.679+0000] {logging_mixin.py:190} INFO - [2024-10-17T17:12:04.679+0000] {dag.py:3239} INFO - Sync 1 DAGs
[2024-10-17T17:12:04.713+0000] {logging_mixin.py:190} INFO - [2024-10-17T17:12:04.713+0000] {dag.py:4180} INFO - Setting next_dagrun for example_workday_timetable to 2021-01-04 00:00:00+00:00, run_after=2021-01-05 00:00:00+00:00
[2024-10-17T17:12:04.722+0000] {processor.py:208} INFO - Processing /home/airflow/.local/lib/python3.12/site-packages/airflow/example_dags/example_workday_timetable.py took 0.063 seconds
[2024-10-17T19:26:35.075+0000] {processor.py:186} INFO - Started process (PID=78) to work on /home/airflow/.local/lib/python3.12/site-packages/airflow/example_dags/example_workday_timetable.py
[2024-10-17T19:26:35.076+0000] {processor.py:914} INFO - Processing file /home/airflow/.local/lib/python3.12/site-packages/airflow/example_dags/example_workday_timetable.py for tasks to queue
[2024-10-17T19:26:35.077+0000] {logging_mixin.py:190} INFO - [2024-10-17T19:26:35.077+0000] {dagbag.py:588} INFO - Filling up the DagBag from /home/airflow/.local/lib/python3.12/site-packages/airflow/example_dags/example_workday_timetable.py
[2024-10-17T19:26:35.081+0000] {processor.py:925} INFO - DAG(s) 'example_workday_timetable' retrieved from /home/airflow/.local/lib/python3.12/site-packages/airflow/example_dags/example_workday_timetable.py
[2024-10-17T19:26:35.134+0000] {logging_mixin.py:190} INFO - [2024-10-17T19:26:35.134+0000] {override.py:1900} INFO - Created Permission View: can edit on DAG:example_workday_timetable
[2024-10-17T19:26:35.139+0000] {logging_mixin.py:190} INFO - [2024-10-17T19:26:35.139+0000] {override.py:1900} INFO - Created Permission View: can delete on DAG:example_workday_timetable
[2024-10-17T19:26:35.142+0000] {logging_mixin.py:190} INFO - [2024-10-17T19:26:35.142+0000] {override.py:1900} INFO - Created Permission View: can read on DAG:example_workday_timetable
[2024-10-17T19:26:35.144+0000] {logging_mixin.py:190} INFO - [2024-10-17T19:26:35.144+0000] {override.py:1900} INFO - Created Permission View: can delete on DAG Run:example_workday_timetable
[2024-10-17T19:26:35.147+0000] {logging_mixin.py:190} INFO - [2024-10-17T19:26:35.147+0000] {override.py:1900} INFO - Created Permission View: can create on DAG Run:example_workday_timetable
[2024-10-17T19:26:35.150+0000] {logging_mixin.py:190} INFO - [2024-10-17T19:26:35.150+0000] {override.py:1900} INFO - Created Permission View: can read on DAG Run:example_workday_timetable
[2024-10-17T19:26:35.152+0000] {logging_mixin.py:190} INFO - [2024-10-17T19:26:35.152+0000] {override.py:1900} INFO - Created Permission View: menu access on DAG Run:example_workday_timetable
[2024-10-17T19:26:35.153+0000] {logging_mixin.py:190} INFO - [2024-10-17T19:26:35.153+0000] {dag.py:3239} INFO - Sync 1 DAGs
[2024-10-17T19:26:35.160+0000] {logging_mixin.py:190} INFO - [2024-10-17T19:26:35.160+0000] {dag.py:3262} INFO - Creating ORM DAG for example_workday_timetable
[2024-10-17T19:26:35.196+0000] {logging_mixin.py:190} INFO - [2024-10-17T19:26:35.196+0000] {dag.py:4180} INFO - Setting next_dagrun for example_workday_timetable to 2021-01-04 00:00:00+00:00, run_after=2021-01-05 00:00:00+00:00
[2024-10-17T19:26:35.205+0000] {processor.py:208} INFO - Processing /home/airflow/.local/lib/python3.12/site-packages/airflow/example_dags/example_workday_timetable.py took 0.134 seconds
[2024-10-17T19:27:05.438+0000] {processor.py:186} INFO - Started process (PID=141) to work on /home/airflow/.local/lib/python3.12/site-packages/airflow/example_dags/example_workday_timetable.py
[2024-10-17T19:27:05.438+0000] {processor.py:914} INFO - Processing file /home/airflow/.local/lib/python3.12/site-packages/airflow/example_dags/example_workday_timetable.py for tasks to queue
[2024-10-17T19:27:05.441+0000] {logging_mixin.py:190} INFO - [2024-10-17T19:27:05.440+0000] {dagbag.py:588} INFO - Filling up the DagBag from /home/airflow/.local/lib/python3.12/site-packages/airflow/example_dags/example_workday_timetable.py
[2024-10-17T19:27:05.444+0000] {processor.py:925} INFO - DAG(s) 'example_workday_timetable' retrieved from /home/airflow/.local/lib/python3.12/site-packages/airflow/example_dags/example_workday_timetable.py
[2024-10-17T19:27:05.454+0000] {logging_mixin.py:190} INFO - [2024-10-17T19:27:05.454+0000] {dag.py:3239} INFO - Sync 1 DAGs
[2024-10-17T19:27:05.490+0000] {logging_mixin.py:190} INFO - [2024-10-17T19:27:05.490+0000] {dag.py:4180} INFO - Setting next_dagrun for example_workday_timetable to 2021-01-04 00:00:00+00:00, run_after=2021-01-05 00:00:00+00:00
[2024-10-17T19:27:05.500+0000] {processor.py:208} INFO - Processing /home/airflow/.local/lib/python3.12/site-packages/airflow/example_dags/example_workday_timetable.py took 0.065 seconds
[2024-10-17T19:27:35.886+0000] {processor.py:186} INFO - Started process (PID=204) to work on /home/airflow/.local/lib/python3.12/site-packages/airflow/example_dags/example_workday_timetable.py
[2024-10-17T19:27:35.887+0000] {processor.py:914} INFO - Processing file /home/airflow/.local/lib/python3.12/site-packages/airflow/example_dags/example_workday_timetable.py for tasks to queue
[2024-10-17T19:27:35.889+0000] {logging_mixin.py:190} INFO - [2024-10-17T19:27:35.889+0000] {dagbag.py:588} INFO - Filling up the DagBag from /home/airflow/.local/lib/python3.12/site-packages/airflow/example_dags/example_workday_timetable.py
[2024-10-17T19:27:35.892+0000] {processor.py:925} INFO - DAG(s) 'example_workday_timetable' retrieved from /home/airflow/.local/lib/python3.12/site-packages/airflow/example_dags/example_workday_timetable.py
[2024-10-17T19:27:35.904+0000] {logging_mixin.py:190} INFO - [2024-10-17T19:27:35.904+0000] {dag.py:3239} INFO - Sync 1 DAGs
[2024-10-17T19:27:35.940+0000] {logging_mixin.py:190} INFO - [2024-10-17T19:27:35.939+0000] {dag.py:4180} INFO - Setting next_dagrun for example_workday_timetable to 2021-01-04 00:00:00+00:00, run_after=2021-01-05 00:00:00+00:00
[2024-10-17T19:27:35.948+0000] {processor.py:208} INFO - Processing /home/airflow/.local/lib/python3.12/site-packages/airflow/example_dags/example_workday_timetable.py took 0.065 seconds
[2024-10-17T19:28:06.458+0000] {processor.py:186} INFO - Started process (PID=267) to work on /home/airflow/.local/lib/python3.12/site-packages/airflow/example_dags/example_workday_timetable.py
[2024-10-17T19:28:06.459+0000] {processor.py:914} INFO - Processing file /home/airflow/.local/lib/python3.12/site-packages/airflow/example_dags/example_workday_timetable.py for tasks to queue
[2024-10-17T19:28:06.461+0000] {logging_mixin.py:190} INFO - [2024-10-17T19:28:06.460+0000] {dagbag.py:588} INFO - Filling up the DagBag from /home/airflow/.local/lib/python3.12/site-packages/airflow/example_dags/example_workday_timetable.py
[2024-10-17T19:28:06.464+0000] {processor.py:925} INFO - DAG(s) 'example_workday_timetable' retrieved from /home/airflow/.local/lib/python3.12/site-packages/airflow/example_dags/example_workday_timetable.py
[2024-10-17T19:28:06.475+0000] {logging_mixin.py:190} INFO - [2024-10-17T19:28:06.475+0000] {dag.py:3239} INFO - Sync 1 DAGs
[2024-10-17T19:28:06.514+0000] {logging_mixin.py:190} INFO - [2024-10-17T19:28:06.514+0000] {dag.py:4180} INFO - Setting next_dagrun for example_workday_timetable to 2021-01-04 00:00:00+00:00, run_after=2021-01-05 00:00:00+00:00
[2024-10-17T19:28:06.525+0000] {processor.py:208} INFO - Processing /home/airflow/.local/lib/python3.12/site-packages/airflow/example_dags/example_workday_timetable.py took 0.071 seconds
[2024-10-17T19:28:37.088+0000] {processor.py:186} INFO - Started process (PID=330) to work on /home/airflow/.local/lib/python3.12/site-packages/airflow/example_dags/example_workday_timetable.py
[2024-10-17T19:28:37.089+0000] {processor.py:914} INFO - Processing file /home/airflow/.local/lib/python3.12/site-packages/airflow/example_dags/example_workday_timetable.py for tasks to queue
[2024-10-17T19:28:37.091+0000] {logging_mixin.py:190} INFO - [2024-10-17T19:28:37.090+0000] {dagbag.py:588} INFO - Filling up the DagBag from /home/airflow/.local/lib/python3.12/site-packages/airflow/example_dags/example_workday_timetable.py
[2024-10-17T19:28:37.095+0000] {processor.py:925} INFO - DAG(s) 'example_workday_timetable' retrieved from /home/airflow/.local/lib/python3.12/site-packages/airflow/example_dags/example_workday_timetable.py
[2024-10-17T19:28:37.106+0000] {logging_mixin.py:190} INFO - [2024-10-17T19:28:37.106+0000] {dag.py:3239} INFO - Sync 1 DAGs
[2024-10-17T19:28:37.152+0000] {logging_mixin.py:190} INFO - [2024-10-17T19:28:37.152+0000] {dag.py:4180} INFO - Setting next_dagrun for example_workday_timetable to 2021-01-04 00:00:00+00:00, run_after=2021-01-05 00:00:00+00:00
[2024-10-17T19:28:37.162+0000] {processor.py:208} INFO - Processing /home/airflow/.local/lib/python3.12/site-packages/airflow/example_dags/example_workday_timetable.py took 0.078 seconds
[2024-10-17T19:29:07.866+0000] {processor.py:186} INFO - Started process (PID=393) to work on /home/airflow/.local/lib/python3.12/site-packages/airflow/example_dags/example_workday_timetable.py
[2024-10-17T19:29:07.867+0000] {processor.py:914} INFO - Processing file /home/airflow/.local/lib/python3.12/site-packages/airflow/example_dags/example_workday_timetable.py for tasks to queue
[2024-10-17T19:29:07.869+0000] {logging_mixin.py:190} INFO - [2024-10-17T19:29:07.869+0000] {dagbag.py:588} INFO - Filling up the DagBag from /home/airflow/.local/lib/python3.12/site-packages/airflow/example_dags/example_workday_timetable.py
[2024-10-17T19:29:07.872+0000] {processor.py:925} INFO - DAG(s) 'example_workday_timetable' retrieved from /home/airflow/.local/lib/python3.12/site-packages/airflow/example_dags/example_workday_timetable.py
[2024-10-17T19:29:07.883+0000] {logging_mixin.py:190} INFO - [2024-10-17T19:29:07.883+0000] {dag.py:3239} INFO - Sync 1 DAGs
[2024-10-17T19:29:07.919+0000] {logging_mixin.py:190} INFO - [2024-10-17T19:29:07.919+0000] {dag.py:4180} INFO - Setting next_dagrun for example_workday_timetable to 2021-01-04 00:00:00+00:00, run_after=2021-01-05 00:00:00+00:00
[2024-10-17T19:29:07.928+0000] {processor.py:208} INFO - Processing /home/airflow/.local/lib/python3.12/site-packages/airflow/example_dags/example_workday_timetable.py took 0.065 seconds
[2024-10-17T19:29:38.396+0000] {processor.py:186} INFO - Started process (PID=456) to work on /home/airflow/.local/lib/python3.12/site-packages/airflow/example_dags/example_workday_timetable.py
[2024-10-17T19:29:38.397+0000] {processor.py:914} INFO - Processing file /home/airflow/.local/lib/python3.12/site-packages/airflow/example_dags/example_workday_timetable.py for tasks to queue
[2024-10-17T19:29:38.399+0000] {logging_mixin.py:190} INFO - [2024-10-17T19:29:38.399+0000] {dagbag.py:588} INFO - Filling up the DagBag from /home/airflow/.local/lib/python3.12/site-packages/airflow/example_dags/example_workday_timetable.py
[2024-10-17T19:29:38.402+0000] {processor.py:925} INFO - DAG(s) 'example_workday_timetable' retrieved from /home/airflow/.local/lib/python3.12/site-packages/airflow/example_dags/example_workday_timetable.py
[2024-10-17T19:29:38.413+0000] {logging_mixin.py:190} INFO - [2024-10-17T19:29:38.413+0000] {dag.py:3239} INFO - Sync 1 DAGs
[2024-10-17T19:29:38.448+0000] {logging_mixin.py:190} INFO - [2024-10-17T19:29:38.447+0000] {dag.py:4180} INFO - Setting next_dagrun for example_workday_timetable to 2021-01-04 00:00:00+00:00, run_after=2021-01-05 00:00:00+00:00
[2024-10-17T19:29:38.456+0000] {processor.py:208} INFO - Processing /home/airflow/.local/lib/python3.12/site-packages/airflow/example_dags/example_workday_timetable.py took 0.063 seconds
[2024-10-17T19:30:08.897+0000] {processor.py:186} INFO - Started process (PID=519) to work on /home/airflow/.local/lib/python3.12/site-packages/airflow/example_dags/example_workday_timetable.py
[2024-10-17T19:30:08.897+0000] {processor.py:914} INFO - Processing file /home/airflow/.local/lib/python3.12/site-packages/airflow/example_dags/example_workday_timetable.py for tasks to queue
[2024-10-17T19:30:08.899+0000] {logging_mixin.py:190} INFO - [2024-10-17T19:30:08.899+0000] {dagbag.py:588} INFO - Filling up the DagBag from /home/airflow/.local/lib/python3.12/site-packages/airflow/example_dags/example_workday_timetable.py
[2024-10-17T19:30:08.903+0000] {processor.py:925} INFO - DAG(s) 'example_workday_timetable' retrieved from /home/airflow/.local/lib/python3.12/site-packages/airflow/example_dags/example_workday_timetable.py
[2024-10-17T19:30:08.914+0000] {logging_mixin.py:190} INFO - [2024-10-17T19:30:08.914+0000] {dag.py:3239} INFO - Sync 1 DAGs
[2024-10-17T19:30:08.943+0000] {logging_mixin.py:190} INFO - [2024-10-17T19:30:08.943+0000] {dag.py:4180} INFO - Setting next_dagrun for example_workday_timetable to 2021-01-04 00:00:00+00:00, run_after=2021-01-05 00:00:00+00:00
[2024-10-17T19:30:08.952+0000] {processor.py:208} INFO - Processing /home/airflow/.local/lib/python3.12/site-packages/airflow/example_dags/example_workday_timetable.py took 0.059 seconds
[2024-10-17T19:30:39.617+0000] {processor.py:186} INFO - Started process (PID=582) to work on /home/airflow/.local/lib/python3.12/site-packages/airflow/example_dags/example_workday_timetable.py
[2024-10-17T19:30:39.617+0000] {processor.py:914} INFO - Processing file /home/airflow/.local/lib/python3.12/site-packages/airflow/example_dags/example_workday_timetable.py for tasks to queue
[2024-10-17T19:30:39.619+0000] {logging_mixin.py:190} INFO - [2024-10-17T19:30:39.619+0000] {dagbag.py:588} INFO - Filling up the DagBag from /home/airflow/.local/lib/python3.12/site-packages/airflow/example_dags/example_workday_timetable.py
[2024-10-17T19:30:39.623+0000] {processor.py:925} INFO - DAG(s) 'example_workday_timetable' retrieved from /home/airflow/.local/lib/python3.12/site-packages/airflow/example_dags/example_workday_timetable.py
[2024-10-17T19:30:39.635+0000] {logging_mixin.py:190} INFO - [2024-10-17T19:30:39.635+0000] {dag.py:3239} INFO - Sync 1 DAGs
[2024-10-17T19:30:39.678+0000] {logging_mixin.py:190} INFO - [2024-10-17T19:30:39.678+0000] {dag.py:4180} INFO - Setting next_dagrun for example_workday_timetable to 2021-01-04 00:00:00+00:00, run_after=2021-01-05 00:00:00+00:00
[2024-10-17T19:30:39.688+0000] {processor.py:208} INFO - Processing /home/airflow/.local/lib/python3.12/site-packages/airflow/example_dags/example_workday_timetable.py took 0.075 seconds
[2024-10-17T19:31:09.992+0000] {processor.py:186} INFO - Started process (PID=645) to work on /home/airflow/.local/lib/python3.12/site-packages/airflow/example_dags/example_workday_timetable.py
[2024-10-17T19:31:09.993+0000] {processor.py:914} INFO - Processing file /home/airflow/.local/lib/python3.12/site-packages/airflow/example_dags/example_workday_timetable.py for tasks to queue
[2024-10-17T19:31:09.994+0000] {logging_mixin.py:190} INFO - [2024-10-17T19:31:09.994+0000] {dagbag.py:588} INFO - Filling up the DagBag from /home/airflow/.local/lib/python3.12/site-packages/airflow/example_dags/example_workday_timetable.py
[2024-10-17T19:31:09.998+0000] {processor.py:925} INFO - DAG(s) 'example_workday_timetable' retrieved from /home/airflow/.local/lib/python3.12/site-packages/airflow/example_dags/example_workday_timetable.py
[2024-10-17T19:31:10.009+0000] {logging_mixin.py:190} INFO - [2024-10-17T19:31:10.008+0000] {dag.py:3239} INFO - Sync 1 DAGs
[2024-10-17T19:31:10.046+0000] {logging_mixin.py:190} INFO - [2024-10-17T19:31:10.046+0000] {dag.py:4180} INFO - Setting next_dagrun for example_workday_timetable to 2021-01-04 00:00:00+00:00, run_after=2021-01-05 00:00:00+00:00
[2024-10-17T19:31:10.055+0000] {processor.py:208} INFO - Processing /home/airflow/.local/lib/python3.12/site-packages/airflow/example_dags/example_workday_timetable.py took 0.067 seconds
[2024-10-17T19:31:40.627+0000] {processor.py:186} INFO - Started process (PID=708) to work on /home/airflow/.local/lib/python3.12/site-packages/airflow/example_dags/example_workday_timetable.py
[2024-10-17T19:31:40.628+0000] {processor.py:914} INFO - Processing file /home/airflow/.local/lib/python3.12/site-packages/airflow/example_dags/example_workday_timetable.py for tasks to queue
[2024-10-17T19:31:40.630+0000] {logging_mixin.py:190} INFO - [2024-10-17T19:31:40.629+0000] {dagbag.py:588} INFO - Filling up the DagBag from /home/airflow/.local/lib/python3.12/site-packages/airflow/example_dags/example_workday_timetable.py
[2024-10-17T19:31:40.634+0000] {processor.py:925} INFO - DAG(s) 'example_workday_timetable' retrieved from /home/airflow/.local/lib/python3.12/site-packages/airflow/example_dags/example_workday_timetable.py
[2024-10-17T19:31:40.645+0000] {logging_mixin.py:190} INFO - [2024-10-17T19:31:40.644+0000] {dag.py:3239} INFO - Sync 1 DAGs
[2024-10-17T19:31:40.681+0000] {logging_mixin.py:190} INFO - [2024-10-17T19:31:40.681+0000] {dag.py:4180} INFO - Setting next_dagrun for example_workday_timetable to 2021-01-04 00:00:00+00:00, run_after=2021-01-05 00:00:00+00:00
[2024-10-17T19:31:40.691+0000] {processor.py:208} INFO - Processing /home/airflow/.local/lib/python3.12/site-packages/airflow/example_dags/example_workday_timetable.py took 0.067 seconds
[2024-10-17T19:33:32.361+0000] {processor.py:186} INFO - Started process (PID=78) to work on /home/airflow/.local/lib/python3.12/site-packages/airflow/example_dags/example_workday_timetable.py
[2024-10-17T19:33:32.362+0000] {processor.py:914} INFO - Processing file /home/airflow/.local/lib/python3.12/site-packages/airflow/example_dags/example_workday_timetable.py for tasks to queue
[2024-10-17T19:33:32.363+0000] {logging_mixin.py:190} INFO - [2024-10-17T19:33:32.363+0000] {dagbag.py:588} INFO - Filling up the DagBag from /home/airflow/.local/lib/python3.12/site-packages/airflow/example_dags/example_workday_timetable.py
[2024-10-17T19:33:32.368+0000] {processor.py:925} INFO - DAG(s) 'example_workday_timetable' retrieved from /home/airflow/.local/lib/python3.12/site-packages/airflow/example_dags/example_workday_timetable.py
[2024-10-17T19:33:32.420+0000] {logging_mixin.py:190} INFO - [2024-10-17T19:33:32.420+0000] {override.py:1900} INFO - Created Permission View: can edit on DAG:example_workday_timetable
[2024-10-17T19:33:32.424+0000] {logging_mixin.py:190} INFO - [2024-10-17T19:33:32.424+0000] {override.py:1900} INFO - Created Permission View: can delete on DAG:example_workday_timetable
[2024-10-17T19:33:32.428+0000] {logging_mixin.py:190} INFO - [2024-10-17T19:33:32.428+0000] {override.py:1900} INFO - Created Permission View: can read on DAG:example_workday_timetable
[2024-10-17T19:33:32.431+0000] {logging_mixin.py:190} INFO - [2024-10-17T19:33:32.431+0000] {override.py:1900} INFO - Created Permission View: menu access on DAG Run:example_workday_timetable
[2024-10-17T19:33:32.434+0000] {logging_mixin.py:190} INFO - [2024-10-17T19:33:32.434+0000] {override.py:1900} INFO - Created Permission View: can create on DAG Run:example_workday_timetable
[2024-10-17T19:33:32.438+0000] {logging_mixin.py:190} INFO - [2024-10-17T19:33:32.438+0000] {override.py:1900} INFO - Created Permission View: can delete on DAG Run:example_workday_timetable
[2024-10-17T19:33:32.442+0000] {logging_mixin.py:190} INFO - [2024-10-17T19:33:32.442+0000] {override.py:1900} INFO - Created Permission View: can read on DAG Run:example_workday_timetable
[2024-10-17T19:33:32.443+0000] {logging_mixin.py:190} INFO - [2024-10-17T19:33:32.443+0000] {dag.py:3239} INFO - Sync 1 DAGs
[2024-10-17T19:33:32.451+0000] {logging_mixin.py:190} INFO - [2024-10-17T19:33:32.451+0000] {dag.py:3262} INFO - Creating ORM DAG for example_workday_timetable
[2024-10-17T19:33:32.483+0000] {logging_mixin.py:190} INFO - [2024-10-17T19:33:32.483+0000] {dag.py:4180} INFO - Setting next_dagrun for example_workday_timetable to 2021-01-04 00:00:00+00:00, run_after=2021-01-05 00:00:00+00:00
[2024-10-17T19:33:32.493+0000] {processor.py:208} INFO - Processing /home/airflow/.local/lib/python3.12/site-packages/airflow/example_dags/example_workday_timetable.py took 0.136 seconds
[2024-10-17T19:34:02.604+0000] {processor.py:186} INFO - Started process (PID=141) to work on /home/airflow/.local/lib/python3.12/site-packages/airflow/example_dags/example_workday_timetable.py
[2024-10-17T19:34:02.605+0000] {processor.py:914} INFO - Processing file /home/airflow/.local/lib/python3.12/site-packages/airflow/example_dags/example_workday_timetable.py for tasks to queue
[2024-10-17T19:34:02.607+0000] {logging_mixin.py:190} INFO - [2024-10-17T19:34:02.607+0000] {dagbag.py:588} INFO - Filling up the DagBag from /home/airflow/.local/lib/python3.12/site-packages/airflow/example_dags/example_workday_timetable.py
[2024-10-17T19:34:02.610+0000] {processor.py:925} INFO - DAG(s) 'example_workday_timetable' retrieved from /home/airflow/.local/lib/python3.12/site-packages/airflow/example_dags/example_workday_timetable.py
[2024-10-17T19:34:02.620+0000] {logging_mixin.py:190} INFO - [2024-10-17T19:34:02.619+0000] {dag.py:3239} INFO - Sync 1 DAGs
[2024-10-17T19:34:02.648+0000] {logging_mixin.py:190} INFO - [2024-10-17T19:34:02.648+0000] {dag.py:4180} INFO - Setting next_dagrun for example_workday_timetable to 2021-01-04 00:00:00+00:00, run_after=2021-01-05 00:00:00+00:00
[2024-10-17T19:34:02.657+0000] {processor.py:208} INFO - Processing /home/airflow/.local/lib/python3.12/site-packages/airflow/example_dags/example_workday_timetable.py took 0.056 seconds
[2024-10-17T19:34:32.837+0000] {processor.py:186} INFO - Started process (PID=204) to work on /home/airflow/.local/lib/python3.12/site-packages/airflow/example_dags/example_workday_timetable.py
[2024-10-17T19:34:32.838+0000] {processor.py:914} INFO - Processing file /home/airflow/.local/lib/python3.12/site-packages/airflow/example_dags/example_workday_timetable.py for tasks to queue
[2024-10-17T19:34:32.840+0000] {logging_mixin.py:190} INFO - [2024-10-17T19:34:32.839+0000] {dagbag.py:588} INFO - Filling up the DagBag from /home/airflow/.local/lib/python3.12/site-packages/airflow/example_dags/example_workday_timetable.py
[2024-10-17T19:34:32.843+0000] {processor.py:925} INFO - DAG(s) 'example_workday_timetable' retrieved from /home/airflow/.local/lib/python3.12/site-packages/airflow/example_dags/example_workday_timetable.py
[2024-10-17T19:34:32.853+0000] {logging_mixin.py:190} INFO - [2024-10-17T19:34:32.853+0000] {dag.py:3239} INFO - Sync 1 DAGs
[2024-10-17T19:34:32.884+0000] {logging_mixin.py:190} INFO - [2024-10-17T19:34:32.884+0000] {dag.py:4180} INFO - Setting next_dagrun for example_workday_timetable to 2021-01-04 00:00:00+00:00, run_after=2021-01-05 00:00:00+00:00
[2024-10-17T19:34:32.892+0000] {processor.py:208} INFO - Processing /home/airflow/.local/lib/python3.12/site-packages/airflow/example_dags/example_workday_timetable.py took 0.058 seconds
[2024-10-17T19:35:03.264+0000] {processor.py:186} INFO - Started process (PID=267) to work on /home/airflow/.local/lib/python3.12/site-packages/airflow/example_dags/example_workday_timetable.py
[2024-10-17T19:35:03.265+0000] {processor.py:914} INFO - Processing file /home/airflow/.local/lib/python3.12/site-packages/airflow/example_dags/example_workday_timetable.py for tasks to queue
[2024-10-17T19:35:03.266+0000] {logging_mixin.py:190} INFO - [2024-10-17T19:35:03.266+0000] {dagbag.py:588} INFO - Filling up the DagBag from /home/airflow/.local/lib/python3.12/site-packages/airflow/example_dags/example_workday_timetable.py
[2024-10-17T19:35:03.270+0000] {processor.py:925} INFO - DAG(s) 'example_workday_timetable' retrieved from /home/airflow/.local/lib/python3.12/site-packages/airflow/example_dags/example_workday_timetable.py
[2024-10-17T19:35:03.280+0000] {logging_mixin.py:190} INFO - [2024-10-17T19:35:03.280+0000] {dag.py:3239} INFO - Sync 1 DAGs
[2024-10-17T19:35:03.317+0000] {logging_mixin.py:190} INFO - [2024-10-17T19:35:03.317+0000] {dag.py:4180} INFO - Setting next_dagrun for example_workday_timetable to 2021-01-04 00:00:00+00:00, run_after=2021-01-05 00:00:00+00:00
[2024-10-17T19:35:03.326+0000] {processor.py:208} INFO - Processing /home/airflow/.local/lib/python3.12/site-packages/airflow/example_dags/example_workday_timetable.py took 0.065 seconds
[2024-10-17T19:35:33.953+0000] {processor.py:186} INFO - Started process (PID=330) to work on /home/airflow/.local/lib/python3.12/site-packages/airflow/example_dags/example_workday_timetable.py
[2024-10-17T19:35:33.954+0000] {processor.py:914} INFO - Processing file /home/airflow/.local/lib/python3.12/site-packages/airflow/example_dags/example_workday_timetable.py for tasks to queue
[2024-10-17T19:35:33.956+0000] {logging_mixin.py:190} INFO - [2024-10-17T19:35:33.956+0000] {dagbag.py:588} INFO - Filling up the DagBag from /home/airflow/.local/lib/python3.12/site-packages/airflow/example_dags/example_workday_timetable.py
[2024-10-17T19:35:33.960+0000] {processor.py:925} INFO - DAG(s) 'example_workday_timetable' retrieved from /home/airflow/.local/lib/python3.12/site-packages/airflow/example_dags/example_workday_timetable.py
[2024-10-17T19:35:33.971+0000] {logging_mixin.py:190} INFO - [2024-10-17T19:35:33.971+0000] {dag.py:3239} INFO - Sync 1 DAGs
[2024-10-17T19:35:34.012+0000] {logging_mixin.py:190} INFO - [2024-10-17T19:35:34.012+0000] {dag.py:4180} INFO - Setting next_dagrun for example_workday_timetable to 2021-01-04 00:00:00+00:00, run_after=2021-01-05 00:00:00+00:00
[2024-10-17T19:35:34.022+0000] {processor.py:208} INFO - Processing /home/airflow/.local/lib/python3.12/site-packages/airflow/example_dags/example_workday_timetable.py took 0.072 seconds
[2024-10-17T19:36:04.634+0000] {processor.py:186} INFO - Started process (PID=393) to work on /home/airflow/.local/lib/python3.12/site-packages/airflow/example_dags/example_workday_timetable.py
[2024-10-17T19:36:04.635+0000] {processor.py:914} INFO - Processing file /home/airflow/.local/lib/python3.12/site-packages/airflow/example_dags/example_workday_timetable.py for tasks to queue
[2024-10-17T19:36:04.637+0000] {logging_mixin.py:190} INFO - [2024-10-17T19:36:04.637+0000] {dagbag.py:588} INFO - Filling up the DagBag from /home/airflow/.local/lib/python3.12/site-packages/airflow/example_dags/example_workday_timetable.py
[2024-10-17T19:36:04.641+0000] {processor.py:925} INFO - DAG(s) 'example_workday_timetable' retrieved from /home/airflow/.local/lib/python3.12/site-packages/airflow/example_dags/example_workday_timetable.py
[2024-10-17T19:36:04.653+0000] {logging_mixin.py:190} INFO - [2024-10-17T19:36:04.653+0000] {dag.py:3239} INFO - Sync 1 DAGs
[2024-10-17T19:36:04.688+0000] {logging_mixin.py:190} INFO - [2024-10-17T19:36:04.688+0000] {dag.py:4180} INFO - Setting next_dagrun for example_workday_timetable to 2021-01-04 00:00:00+00:00, run_after=2021-01-05 00:00:00+00:00
[2024-10-17T19:36:04.696+0000] {processor.py:208} INFO - Processing /home/airflow/.local/lib/python3.12/site-packages/airflow/example_dags/example_workday_timetable.py took 0.066 seconds
[2024-10-17T19:36:35.269+0000] {processor.py:186} INFO - Started process (PID=456) to work on /home/airflow/.local/lib/python3.12/site-packages/airflow/example_dags/example_workday_timetable.py
[2024-10-17T19:36:35.270+0000] {processor.py:914} INFO - Processing file /home/airflow/.local/lib/python3.12/site-packages/airflow/example_dags/example_workday_timetable.py for tasks to queue
[2024-10-17T19:36:35.272+0000] {logging_mixin.py:190} INFO - [2024-10-17T19:36:35.272+0000] {dagbag.py:588} INFO - Filling up the DagBag from /home/airflow/.local/lib/python3.12/site-packages/airflow/example_dags/example_workday_timetable.py
[2024-10-17T19:36:35.276+0000] {processor.py:925} INFO - DAG(s) 'example_workday_timetable' retrieved from /home/airflow/.local/lib/python3.12/site-packages/airflow/example_dags/example_workday_timetable.py
[2024-10-17T19:36:35.287+0000] {logging_mixin.py:190} INFO - [2024-10-17T19:36:35.286+0000] {dag.py:3239} INFO - Sync 1 DAGs
[2024-10-17T19:36:35.322+0000] {logging_mixin.py:190} INFO - [2024-10-17T19:36:35.322+0000] {dag.py:4180} INFO - Setting next_dagrun for example_workday_timetable to 2021-01-04 00:00:00+00:00, run_after=2021-01-05 00:00:00+00:00
[2024-10-17T19:36:35.330+0000] {processor.py:208} INFO - Processing /home/airflow/.local/lib/python3.12/site-packages/airflow/example_dags/example_workday_timetable.py took 0.064 seconds
[2024-10-17T19:37:05.793+0000] {processor.py:186} INFO - Started process (PID=520) to work on /home/airflow/.local/lib/python3.12/site-packages/airflow/example_dags/example_workday_timetable.py
[2024-10-17T19:37:05.793+0000] {processor.py:914} INFO - Processing file /home/airflow/.local/lib/python3.12/site-packages/airflow/example_dags/example_workday_timetable.py for tasks to queue
[2024-10-17T19:37:05.795+0000] {logging_mixin.py:190} INFO - [2024-10-17T19:37:05.795+0000] {dagbag.py:588} INFO - Filling up the DagBag from /home/airflow/.local/lib/python3.12/site-packages/airflow/example_dags/example_workday_timetable.py
[2024-10-17T19:37:05.799+0000] {processor.py:925} INFO - DAG(s) 'example_workday_timetable' retrieved from /home/airflow/.local/lib/python3.12/site-packages/airflow/example_dags/example_workday_timetable.py
[2024-10-17T19:37:05.809+0000] {logging_mixin.py:190} INFO - [2024-10-17T19:37:05.809+0000] {dag.py:3239} INFO - Sync 1 DAGs
[2024-10-17T19:37:05.850+0000] {logging_mixin.py:190} INFO - [2024-10-17T19:37:05.850+0000] {dag.py:4180} INFO - Setting next_dagrun for example_workday_timetable to 2021-01-04 00:00:00+00:00, run_after=2021-01-05 00:00:00+00:00
[2024-10-17T19:37:05.868+0000] {processor.py:208} INFO - Processing /home/airflow/.local/lib/python3.12/site-packages/airflow/example_dags/example_workday_timetable.py took 0.079 seconds
[2024-10-17T19:39:18.584+0000] {processor.py:186} INFO - Started process (PID=78) to work on /home/airflow/.local/lib/python3.12/site-packages/airflow/example_dags/example_workday_timetable.py
[2024-10-17T19:39:18.585+0000] {processor.py:914} INFO - Processing file /home/airflow/.local/lib/python3.12/site-packages/airflow/example_dags/example_workday_timetable.py for tasks to queue
[2024-10-17T19:39:18.587+0000] {logging_mixin.py:190} INFO - [2024-10-17T19:39:18.586+0000] {dagbag.py:588} INFO - Filling up the DagBag from /home/airflow/.local/lib/python3.12/site-packages/airflow/example_dags/example_workday_timetable.py
[2024-10-17T19:39:18.591+0000] {processor.py:925} INFO - DAG(s) 'example_workday_timetable' retrieved from /home/airflow/.local/lib/python3.12/site-packages/airflow/example_dags/example_workday_timetable.py
[2024-10-17T19:39:18.641+0000] {logging_mixin.py:190} INFO - [2024-10-17T19:39:18.641+0000] {override.py:1900} INFO - Created Permission View: can read on DAG:example_workday_timetable
[2024-10-17T19:39:18.645+0000] {logging_mixin.py:190} INFO - [2024-10-17T19:39:18.645+0000] {override.py:1900} INFO - Created Permission View: can delete on DAG:example_workday_timetable
[2024-10-17T19:39:18.648+0000] {logging_mixin.py:190} INFO - [2024-10-17T19:39:18.648+0000] {override.py:1900} INFO - Created Permission View: can edit on DAG:example_workday_timetable
[2024-10-17T19:39:18.651+0000] {logging_mixin.py:190} INFO - [2024-10-17T19:39:18.651+0000] {override.py:1900} INFO - Created Permission View: can read on DAG Run:example_workday_timetable
[2024-10-17T19:39:18.654+0000] {logging_mixin.py:190} INFO - [2024-10-17T19:39:18.654+0000] {override.py:1900} INFO - Created Permission View: can create on DAG Run:example_workday_timetable
[2024-10-17T19:39:18.657+0000] {logging_mixin.py:190} INFO - [2024-10-17T19:39:18.657+0000] {override.py:1900} INFO - Created Permission View: can delete on DAG Run:example_workday_timetable
[2024-10-17T19:39:18.660+0000] {logging_mixin.py:190} INFO - [2024-10-17T19:39:18.660+0000] {override.py:1900} INFO - Created Permission View: menu access on DAG Run:example_workday_timetable
[2024-10-17T19:39:18.660+0000] {logging_mixin.py:190} INFO - [2024-10-17T19:39:18.660+0000] {dag.py:3239} INFO - Sync 1 DAGs
[2024-10-17T19:39:18.666+0000] {logging_mixin.py:190} INFO - [2024-10-17T19:39:18.666+0000] {dag.py:3262} INFO - Creating ORM DAG for example_workday_timetable
[2024-10-17T19:39:18.694+0000] {logging_mixin.py:190} INFO - [2024-10-17T19:39:18.694+0000] {dag.py:4180} INFO - Setting next_dagrun for example_workday_timetable to 2021-01-04 00:00:00+00:00, run_after=2021-01-05 00:00:00+00:00
[2024-10-17T19:39:18.704+0000] {processor.py:208} INFO - Processing /home/airflow/.local/lib/python3.12/site-packages/airflow/example_dags/example_workday_timetable.py took 0.123 seconds
[2024-10-17T19:39:48.922+0000] {processor.py:186} INFO - Started process (PID=141) to work on /home/airflow/.local/lib/python3.12/site-packages/airflow/example_dags/example_workday_timetable.py
[2024-10-17T19:39:48.923+0000] {processor.py:914} INFO - Processing file /home/airflow/.local/lib/python3.12/site-packages/airflow/example_dags/example_workday_timetable.py for tasks to queue
[2024-10-17T19:39:48.925+0000] {logging_mixin.py:190} INFO - [2024-10-17T19:39:48.925+0000] {dagbag.py:588} INFO - Filling up the DagBag from /home/airflow/.local/lib/python3.12/site-packages/airflow/example_dags/example_workday_timetable.py
[2024-10-17T19:39:48.929+0000] {processor.py:925} INFO - DAG(s) 'example_workday_timetable' retrieved from /home/airflow/.local/lib/python3.12/site-packages/airflow/example_dags/example_workday_timetable.py
[2024-10-17T19:39:48.939+0000] {logging_mixin.py:190} INFO - [2024-10-17T19:39:48.939+0000] {dag.py:3239} INFO - Sync 1 DAGs
[2024-10-17T19:39:48.975+0000] {logging_mixin.py:190} INFO - [2024-10-17T19:39:48.975+0000] {dag.py:4180} INFO - Setting next_dagrun for example_workday_timetable to 2021-01-04 00:00:00+00:00, run_after=2021-01-05 00:00:00+00:00
[2024-10-17T19:39:48.984+0000] {processor.py:208} INFO - Processing /home/airflow/.local/lib/python3.12/site-packages/airflow/example_dags/example_workday_timetable.py took 0.065 seconds
[2024-10-17T19:40:19.242+0000] {processor.py:186} INFO - Started process (PID=204) to work on /home/airflow/.local/lib/python3.12/site-packages/airflow/example_dags/example_workday_timetable.py
[2024-10-17T19:40:19.242+0000] {processor.py:914} INFO - Processing file /home/airflow/.local/lib/python3.12/site-packages/airflow/example_dags/example_workday_timetable.py for tasks to queue
[2024-10-17T19:40:19.244+0000] {logging_mixin.py:190} INFO - [2024-10-17T19:40:19.244+0000] {dagbag.py:588} INFO - Filling up the DagBag from /home/airflow/.local/lib/python3.12/site-packages/airflow/example_dags/example_workday_timetable.py
[2024-10-17T19:40:19.248+0000] {processor.py:925} INFO - DAG(s) 'example_workday_timetable' retrieved from /home/airflow/.local/lib/python3.12/site-packages/airflow/example_dags/example_workday_timetable.py
[2024-10-17T19:40:19.260+0000] {logging_mixin.py:190} INFO - [2024-10-17T19:40:19.259+0000] {dag.py:3239} INFO - Sync 1 DAGs
[2024-10-17T19:40:19.288+0000] {logging_mixin.py:190} INFO - [2024-10-17T19:40:19.288+0000] {dag.py:4180} INFO - Setting next_dagrun for example_workday_timetable to 2021-01-04 00:00:00+00:00, run_after=2021-01-05 00:00:00+00:00
[2024-10-17T19:40:19.297+0000] {processor.py:208} INFO - Processing /home/airflow/.local/lib/python3.12/site-packages/airflow/example_dags/example_workday_timetable.py took 0.059 seconds
[2024-10-17T19:40:49.674+0000] {processor.py:186} INFO - Started process (PID=267) to work on /home/airflow/.local/lib/python3.12/site-packages/airflow/example_dags/example_workday_timetable.py
[2024-10-17T19:40:49.675+0000] {processor.py:914} INFO - Processing file /home/airflow/.local/lib/python3.12/site-packages/airflow/example_dags/example_workday_timetable.py for tasks to queue
[2024-10-17T19:40:49.676+0000] {logging_mixin.py:190} INFO - [2024-10-17T19:40:49.676+0000] {dagbag.py:588} INFO - Filling up the DagBag from /home/airflow/.local/lib/python3.12/site-packages/airflow/example_dags/example_workday_timetable.py
[2024-10-17T19:40:49.680+0000] {processor.py:925} INFO - DAG(s) 'example_workday_timetable' retrieved from /home/airflow/.local/lib/python3.12/site-packages/airflow/example_dags/example_workday_timetable.py
[2024-10-17T19:40:49.690+0000] {logging_mixin.py:190} INFO - [2024-10-17T19:40:49.690+0000] {dag.py:3239} INFO - Sync 1 DAGs
[2024-10-17T19:40:49.726+0000] {logging_mixin.py:190} INFO - [2024-10-17T19:40:49.725+0000] {dag.py:4180} INFO - Setting next_dagrun for example_workday_timetable to 2021-01-04 00:00:00+00:00, run_after=2021-01-05 00:00:00+00:00
[2024-10-17T19:40:49.734+0000] {processor.py:208} INFO - Processing /home/airflow/.local/lib/python3.12/site-packages/airflow/example_dags/example_workday_timetable.py took 0.063 seconds
[2024-10-17T19:41:20.293+0000] {processor.py:186} INFO - Started process (PID=330) to work on /home/airflow/.local/lib/python3.12/site-packages/airflow/example_dags/example_workday_timetable.py
[2024-10-17T19:41:20.294+0000] {processor.py:914} INFO - Processing file /home/airflow/.local/lib/python3.12/site-packages/airflow/example_dags/example_workday_timetable.py for tasks to queue
[2024-10-17T19:41:20.296+0000] {logging_mixin.py:190} INFO - [2024-10-17T19:41:20.296+0000] {dagbag.py:588} INFO - Filling up the DagBag from /home/airflow/.local/lib/python3.12/site-packages/airflow/example_dags/example_workday_timetable.py
[2024-10-17T19:41:20.300+0000] {processor.py:925} INFO - DAG(s) 'example_workday_timetable' retrieved from /home/airflow/.local/lib/python3.12/site-packages/airflow/example_dags/example_workday_timetable.py
[2024-10-17T19:41:20.313+0000] {logging_mixin.py:190} INFO - [2024-10-17T19:41:20.312+0000] {dag.py:3239} INFO - Sync 1 DAGs
[2024-10-17T19:41:20.367+0000] {logging_mixin.py:190} INFO - [2024-10-17T19:41:20.367+0000] {dag.py:4180} INFO - Setting next_dagrun for example_workday_timetable to 2021-01-04 00:00:00+00:00, run_after=2021-01-05 00:00:00+00:00
[2024-10-17T19:41:20.380+0000] {processor.py:208} INFO - Processing /home/airflow/.local/lib/python3.12/site-packages/airflow/example_dags/example_workday_timetable.py took 0.091 seconds
[2024-10-17T19:41:50.981+0000] {processor.py:186} INFO - Started process (PID=393) to work on /home/airflow/.local/lib/python3.12/site-packages/airflow/example_dags/example_workday_timetable.py
[2024-10-17T19:41:50.981+0000] {processor.py:914} INFO - Processing file /home/airflow/.local/lib/python3.12/site-packages/airflow/example_dags/example_workday_timetable.py for tasks to queue
[2024-10-17T19:41:50.983+0000] {logging_mixin.py:190} INFO - [2024-10-17T19:41:50.983+0000] {dagbag.py:588} INFO - Filling up the DagBag from /home/airflow/.local/lib/python3.12/site-packages/airflow/example_dags/example_workday_timetable.py
[2024-10-17T19:41:50.987+0000] {processor.py:925} INFO - DAG(s) 'example_workday_timetable' retrieved from /home/airflow/.local/lib/python3.12/site-packages/airflow/example_dags/example_workday_timetable.py
[2024-10-17T19:41:50.998+0000] {logging_mixin.py:190} INFO - [2024-10-17T19:41:50.998+0000] {dag.py:3239} INFO - Sync 1 DAGs
[2024-10-17T19:41:51.045+0000] {logging_mixin.py:190} INFO - [2024-10-17T19:41:51.045+0000] {dag.py:4180} INFO - Setting next_dagrun for example_workday_timetable to 2021-01-04 00:00:00+00:00, run_after=2021-01-05 00:00:00+00:00
[2024-10-17T19:41:51.056+0000] {processor.py:208} INFO - Processing /home/airflow/.local/lib/python3.12/site-packages/airflow/example_dags/example_workday_timetable.py took 0.078 seconds
[2024-10-17T19:42:21.503+0000] {processor.py:186} INFO - Started process (PID=456) to work on /home/airflow/.local/lib/python3.12/site-packages/airflow/example_dags/example_workday_timetable.py
[2024-10-17T19:42:21.504+0000] {processor.py:914} INFO - Processing file /home/airflow/.local/lib/python3.12/site-packages/airflow/example_dags/example_workday_timetable.py for tasks to queue
[2024-10-17T19:42:21.506+0000] {logging_mixin.py:190} INFO - [2024-10-17T19:42:21.506+0000] {dagbag.py:588} INFO - Filling up the DagBag from /home/airflow/.local/lib/python3.12/site-packages/airflow/example_dags/example_workday_timetable.py
[2024-10-17T19:42:21.510+0000] {processor.py:925} INFO - DAG(s) 'example_workday_timetable' retrieved from /home/airflow/.local/lib/python3.12/site-packages/airflow/example_dags/example_workday_timetable.py
[2024-10-17T19:42:21.522+0000] {logging_mixin.py:190} INFO - [2024-10-17T19:42:21.522+0000] {dag.py:3239} INFO - Sync 1 DAGs
[2024-10-17T19:42:21.574+0000] {logging_mixin.py:190} INFO - [2024-10-17T19:42:21.574+0000] {dag.py:4180} INFO - Setting next_dagrun for example_workday_timetable to 2021-01-04 00:00:00+00:00, run_after=2021-01-05 00:00:00+00:00
[2024-10-17T19:42:21.590+0000] {processor.py:208} INFO - Processing /home/airflow/.local/lib/python3.12/site-packages/airflow/example_dags/example_workday_timetable.py took 0.090 seconds
[2024-10-17T19:44:00.806+0000] {processor.py:186} INFO - Started process (PID=78) to work on /home/airflow/.local/lib/python3.12/site-packages/airflow/example_dags/example_workday_timetable.py
[2024-10-17T19:44:00.806+0000] {processor.py:914} INFO - Processing file /home/airflow/.local/lib/python3.12/site-packages/airflow/example_dags/example_workday_timetable.py for tasks to queue
[2024-10-17T19:44:00.808+0000] {logging_mixin.py:190} INFO - [2024-10-17T19:44:00.808+0000] {dagbag.py:588} INFO - Filling up the DagBag from /home/airflow/.local/lib/python3.12/site-packages/airflow/example_dags/example_workday_timetable.py
[2024-10-17T19:44:00.812+0000] {processor.py:925} INFO - DAG(s) 'example_workday_timetable' retrieved from /home/airflow/.local/lib/python3.12/site-packages/airflow/example_dags/example_workday_timetable.py
[2024-10-17T19:44:00.864+0000] {logging_mixin.py:190} INFO - [2024-10-17T19:44:00.864+0000] {override.py:1900} INFO - Created Permission View: can delete on DAG:example_workday_timetable
[2024-10-17T19:44:00.869+0000] {logging_mixin.py:190} INFO - [2024-10-17T19:44:00.869+0000] {override.py:1900} INFO - Created Permission View: can edit on DAG:example_workday_timetable
[2024-10-17T19:44:00.872+0000] {logging_mixin.py:190} INFO - [2024-10-17T19:44:00.872+0000] {override.py:1900} INFO - Created Permission View: can read on DAG:example_workday_timetable
[2024-10-17T19:44:00.874+0000] {logging_mixin.py:190} INFO - [2024-10-17T19:44:00.874+0000] {override.py:1900} INFO - Created Permission View: can delete on DAG Run:example_workday_timetable
[2024-10-17T19:44:00.877+0000] {logging_mixin.py:190} INFO - [2024-10-17T19:44:00.877+0000] {override.py:1900} INFO - Created Permission View: can create on DAG Run:example_workday_timetable
[2024-10-17T19:44:00.880+0000] {logging_mixin.py:190} INFO - [2024-10-17T19:44:00.879+0000] {override.py:1900} INFO - Created Permission View: menu access on DAG Run:example_workday_timetable
[2024-10-17T19:44:00.882+0000] {logging_mixin.py:190} INFO - [2024-10-17T19:44:00.882+0000] {override.py:1900} INFO - Created Permission View: can read on DAG Run:example_workday_timetable
[2024-10-17T19:44:00.883+0000] {logging_mixin.py:190} INFO - [2024-10-17T19:44:00.883+0000] {dag.py:3239} INFO - Sync 1 DAGs
[2024-10-17T19:44:00.889+0000] {logging_mixin.py:190} INFO - [2024-10-17T19:44:00.889+0000] {dag.py:3262} INFO - Creating ORM DAG for example_workday_timetable
[2024-10-17T19:44:00.924+0000] {logging_mixin.py:190} INFO - [2024-10-17T19:44:00.924+0000] {dag.py:4180} INFO - Setting next_dagrun for example_workday_timetable to 2021-01-04 00:00:00+00:00, run_after=2021-01-05 00:00:00+00:00
[2024-10-17T19:44:00.937+0000] {processor.py:208} INFO - Processing /home/airflow/.local/lib/python3.12/site-packages/airflow/example_dags/example_workday_timetable.py took 0.135 seconds
[2024-10-17T19:44:31.267+0000] {processor.py:186} INFO - Started process (PID=141) to work on /home/airflow/.local/lib/python3.12/site-packages/airflow/example_dags/example_workday_timetable.py
[2024-10-17T19:44:31.268+0000] {processor.py:914} INFO - Processing file /home/airflow/.local/lib/python3.12/site-packages/airflow/example_dags/example_workday_timetable.py for tasks to queue
[2024-10-17T19:44:31.269+0000] {logging_mixin.py:190} INFO - [2024-10-17T19:44:31.269+0000] {dagbag.py:588} INFO - Filling up the DagBag from /home/airflow/.local/lib/python3.12/site-packages/airflow/example_dags/example_workday_timetable.py
[2024-10-17T19:44:31.273+0000] {processor.py:925} INFO - DAG(s) 'example_workday_timetable' retrieved from /home/airflow/.local/lib/python3.12/site-packages/airflow/example_dags/example_workday_timetable.py
[2024-10-17T19:44:31.283+0000] {logging_mixin.py:190} INFO - [2024-10-17T19:44:31.283+0000] {dag.py:3239} INFO - Sync 1 DAGs
[2024-10-17T19:44:31.313+0000] {logging_mixin.py:190} INFO - [2024-10-17T19:44:31.313+0000] {dag.py:4180} INFO - Setting next_dagrun for example_workday_timetable to 2021-01-04 00:00:00+00:00, run_after=2021-01-05 00:00:00+00:00
[2024-10-17T19:44:31.322+0000] {processor.py:208} INFO - Processing /home/airflow/.local/lib/python3.12/site-packages/airflow/example_dags/example_workday_timetable.py took 0.058 seconds
[2024-10-17T19:45:01.904+0000] {processor.py:186} INFO - Started process (PID=204) to work on /home/airflow/.local/lib/python3.12/site-packages/airflow/example_dags/example_workday_timetable.py
[2024-10-17T19:45:01.905+0000] {processor.py:914} INFO - Processing file /home/airflow/.local/lib/python3.12/site-packages/airflow/example_dags/example_workday_timetable.py for tasks to queue
[2024-10-17T19:45:01.906+0000] {logging_mixin.py:190} INFO - [2024-10-17T19:45:01.906+0000] {dagbag.py:588} INFO - Filling up the DagBag from /home/airflow/.local/lib/python3.12/site-packages/airflow/example_dags/example_workday_timetable.py
[2024-10-17T19:45:01.910+0000] {processor.py:925} INFO - DAG(s) 'example_workday_timetable' retrieved from /home/airflow/.local/lib/python3.12/site-packages/airflow/example_dags/example_workday_timetable.py
[2024-10-17T19:45:01.921+0000] {logging_mixin.py:190} INFO - [2024-10-17T19:45:01.921+0000] {dag.py:3239} INFO - Sync 1 DAGs
[2024-10-17T19:45:01.952+0000] {logging_mixin.py:190} INFO - [2024-10-17T19:45:01.952+0000] {dag.py:4180} INFO - Setting next_dagrun for example_workday_timetable to 2021-01-04 00:00:00+00:00, run_after=2021-01-05 00:00:00+00:00
[2024-10-17T19:45:01.961+0000] {processor.py:208} INFO - Processing /home/airflow/.local/lib/python3.12/site-packages/airflow/example_dags/example_workday_timetable.py took 0.061 seconds
[2024-10-17T19:45:32.496+0000] {processor.py:186} INFO - Started process (PID=267) to work on /home/airflow/.local/lib/python3.12/site-packages/airflow/example_dags/example_workday_timetable.py
[2024-10-17T19:45:32.497+0000] {processor.py:914} INFO - Processing file /home/airflow/.local/lib/python3.12/site-packages/airflow/example_dags/example_workday_timetable.py for tasks to queue
[2024-10-17T19:45:32.498+0000] {logging_mixin.py:190} INFO - [2024-10-17T19:45:32.498+0000] {dagbag.py:588} INFO - Filling up the DagBag from /home/airflow/.local/lib/python3.12/site-packages/airflow/example_dags/example_workday_timetable.py
[2024-10-17T19:45:32.502+0000] {processor.py:925} INFO - DAG(s) 'example_workday_timetable' retrieved from /home/airflow/.local/lib/python3.12/site-packages/airflow/example_dags/example_workday_timetable.py
[2024-10-17T19:45:32.513+0000] {logging_mixin.py:190} INFO - [2024-10-17T19:45:32.513+0000] {dag.py:3239} INFO - Sync 1 DAGs
[2024-10-17T19:45:32.550+0000] {logging_mixin.py:190} INFO - [2024-10-17T19:45:32.550+0000] {dag.py:4180} INFO - Setting next_dagrun for example_workday_timetable to 2021-01-04 00:00:00+00:00, run_after=2021-01-05 00:00:00+00:00
[2024-10-17T19:45:32.560+0000] {processor.py:208} INFO - Processing /home/airflow/.local/lib/python3.12/site-packages/airflow/example_dags/example_workday_timetable.py took 0.068 seconds
[2024-10-17T19:46:02.928+0000] {processor.py:186} INFO - Started process (PID=330) to work on /home/airflow/.local/lib/python3.12/site-packages/airflow/example_dags/example_workday_timetable.py
[2024-10-17T19:46:02.929+0000] {processor.py:914} INFO - Processing file /home/airflow/.local/lib/python3.12/site-packages/airflow/example_dags/example_workday_timetable.py for tasks to queue
[2024-10-17T19:46:02.931+0000] {logging_mixin.py:190} INFO - [2024-10-17T19:46:02.931+0000] {dagbag.py:588} INFO - Filling up the DagBag from /home/airflow/.local/lib/python3.12/site-packages/airflow/example_dags/example_workday_timetable.py
[2024-10-17T19:46:02.935+0000] {processor.py:925} INFO - DAG(s) 'example_workday_timetable' retrieved from /home/airflow/.local/lib/python3.12/site-packages/airflow/example_dags/example_workday_timetable.py
[2024-10-17T19:46:02.945+0000] {logging_mixin.py:190} INFO - [2024-10-17T19:46:02.945+0000] {dag.py:3239} INFO - Sync 1 DAGs
[2024-10-17T19:46:02.981+0000] {logging_mixin.py:190} INFO - [2024-10-17T19:46:02.981+0000] {dag.py:4180} INFO - Setting next_dagrun for example_workday_timetable to 2021-01-04 00:00:00+00:00, run_after=2021-01-05 00:00:00+00:00
[2024-10-17T19:46:02.990+0000] {processor.py:208} INFO - Processing /home/airflow/.local/lib/python3.12/site-packages/airflow/example_dags/example_workday_timetable.py took 0.065 seconds
[2024-10-17T19:46:33.320+0000] {processor.py:186} INFO - Started process (PID=393) to work on /home/airflow/.local/lib/python3.12/site-packages/airflow/example_dags/example_workday_timetable.py
[2024-10-17T19:46:33.321+0000] {processor.py:914} INFO - Processing file /home/airflow/.local/lib/python3.12/site-packages/airflow/example_dags/example_workday_timetable.py for tasks to queue
[2024-10-17T19:46:33.323+0000] {logging_mixin.py:190} INFO - [2024-10-17T19:46:33.322+0000] {dagbag.py:588} INFO - Filling up the DagBag from /home/airflow/.local/lib/python3.12/site-packages/airflow/example_dags/example_workday_timetable.py
[2024-10-17T19:46:33.326+0000] {processor.py:925} INFO - DAG(s) 'example_workday_timetable' retrieved from /home/airflow/.local/lib/python3.12/site-packages/airflow/example_dags/example_workday_timetable.py
[2024-10-17T19:46:33.337+0000] {logging_mixin.py:190} INFO - [2024-10-17T19:46:33.337+0000] {dag.py:3239} INFO - Sync 1 DAGs
[2024-10-17T19:46:33.375+0000] {logging_mixin.py:190} INFO - [2024-10-17T19:46:33.374+0000] {dag.py:4180} INFO - Setting next_dagrun for example_workday_timetable to 2021-01-04 00:00:00+00:00, run_after=2021-01-05 00:00:00+00:00
[2024-10-17T19:46:33.384+0000] {processor.py:208} INFO - Processing /home/airflow/.local/lib/python3.12/site-packages/airflow/example_dags/example_workday_timetable.py took 0.068 seconds
[2024-10-17T19:47:03.860+0000] {processor.py:186} INFO - Started process (PID=456) to work on /home/airflow/.local/lib/python3.12/site-packages/airflow/example_dags/example_workday_timetable.py
[2024-10-17T19:47:03.862+0000] {processor.py:914} INFO - Processing file /home/airflow/.local/lib/python3.12/site-packages/airflow/example_dags/example_workday_timetable.py for tasks to queue
[2024-10-17T19:47:03.864+0000] {logging_mixin.py:190} INFO - [2024-10-17T19:47:03.864+0000] {dagbag.py:588} INFO - Filling up the DagBag from /home/airflow/.local/lib/python3.12/site-packages/airflow/example_dags/example_workday_timetable.py
[2024-10-17T19:47:03.868+0000] {processor.py:925} INFO - DAG(s) 'example_workday_timetable' retrieved from /home/airflow/.local/lib/python3.12/site-packages/airflow/example_dags/example_workday_timetable.py
[2024-10-17T19:47:03.879+0000] {logging_mixin.py:190} INFO - [2024-10-17T19:47:03.879+0000] {dag.py:3239} INFO - Sync 1 DAGs
[2024-10-17T19:47:03.929+0000] {logging_mixin.py:190} INFO - [2024-10-17T19:47:03.929+0000] {dag.py:4180} INFO - Setting next_dagrun for example_workday_timetable to 2021-01-04 00:00:00+00:00, run_after=2021-01-05 00:00:00+00:00
[2024-10-17T19:47:03.942+0000] {processor.py:208} INFO - Processing /home/airflow/.local/lib/python3.12/site-packages/airflow/example_dags/example_workday_timetable.py took 0.085 seconds
[2024-10-17T19:47:34.483+0000] {processor.py:186} INFO - Started process (PID=519) to work on /home/airflow/.local/lib/python3.12/site-packages/airflow/example_dags/example_workday_timetable.py
[2024-10-17T19:47:34.484+0000] {processor.py:914} INFO - Processing file /home/airflow/.local/lib/python3.12/site-packages/airflow/example_dags/example_workday_timetable.py for tasks to queue
[2024-10-17T19:47:34.486+0000] {logging_mixin.py:190} INFO - [2024-10-17T19:47:34.485+0000] {dagbag.py:588} INFO - Filling up the DagBag from /home/airflow/.local/lib/python3.12/site-packages/airflow/example_dags/example_workday_timetable.py
[2024-10-17T19:47:34.489+0000] {processor.py:925} INFO - DAG(s) 'example_workday_timetable' retrieved from /home/airflow/.local/lib/python3.12/site-packages/airflow/example_dags/example_workday_timetable.py
[2024-10-17T19:47:34.501+0000] {logging_mixin.py:190} INFO - [2024-10-17T19:47:34.501+0000] {dag.py:3239} INFO - Sync 1 DAGs
[2024-10-17T19:47:34.539+0000] {logging_mixin.py:190} INFO - [2024-10-17T19:47:34.539+0000] {dag.py:4180} INFO - Setting next_dagrun for example_workday_timetable to 2021-01-04 00:00:00+00:00, run_after=2021-01-05 00:00:00+00:00
[2024-10-17T19:47:34.548+0000] {processor.py:208} INFO - Processing /home/airflow/.local/lib/python3.12/site-packages/airflow/example_dags/example_workday_timetable.py took 0.069 seconds
[2024-10-17T19:48:04.927+0000] {processor.py:186} INFO - Started process (PID=582) to work on /home/airflow/.local/lib/python3.12/site-packages/airflow/example_dags/example_workday_timetable.py
[2024-10-17T19:48:04.928+0000] {processor.py:914} INFO - Processing file /home/airflow/.local/lib/python3.12/site-packages/airflow/example_dags/example_workday_timetable.py for tasks to queue
[2024-10-17T19:48:04.930+0000] {logging_mixin.py:190} INFO - [2024-10-17T19:48:04.930+0000] {dagbag.py:588} INFO - Filling up the DagBag from /home/airflow/.local/lib/python3.12/site-packages/airflow/example_dags/example_workday_timetable.py
[2024-10-17T19:48:04.933+0000] {processor.py:925} INFO - DAG(s) 'example_workday_timetable' retrieved from /home/airflow/.local/lib/python3.12/site-packages/airflow/example_dags/example_workday_timetable.py
[2024-10-17T19:48:04.944+0000] {logging_mixin.py:190} INFO - [2024-10-17T19:48:04.944+0000] {dag.py:3239} INFO - Sync 1 DAGs
[2024-10-17T19:48:04.977+0000] {logging_mixin.py:190} INFO - [2024-10-17T19:48:04.977+0000] {dag.py:4180} INFO - Setting next_dagrun for example_workday_timetable to 2021-01-04 00:00:00+00:00, run_after=2021-01-05 00:00:00+00:00
[2024-10-17T19:48:04.985+0000] {processor.py:208} INFO - Processing /home/airflow/.local/lib/python3.12/site-packages/airflow/example_dags/example_workday_timetable.py took 0.061 seconds
