[2024-10-17T17:10:34.328+0000] {processor.py:186} INFO - Started process (PID=68) to work on /home/airflow/.local/lib/python3.12/site-packages/airflow/example_dags/example_kubernetes_executor.py
[2024-10-17T17:10:34.329+0000] {processor.py:914} INFO - Processing file /home/airflow/.local/lib/python3.12/site-packages/airflow/example_dags/example_kubernetes_executor.py for tasks to queue
[2024-10-17T17:10:34.330+0000] {logging_mixin.py:190} INFO - [2024-10-17T17:10:34.330+0000] {dagbag.py:588} INFO - Filling up the DagBag from /home/airflow/.local/lib/python3.12/site-packages/airflow/example_dags/example_kubernetes_executor.py
[2024-10-17T17:10:34.340+0000] {processor.py:925} INFO - DAG(s) 'example_kubernetes_executor' retrieved from /home/airflow/.local/lib/python3.12/site-packages/airflow/example_dags/example_kubernetes_executor.py
[2024-10-17T17:10:34.412+0000] {logging_mixin.py:190} INFO - [2024-10-17T17:10:34.411+0000] {override.py:1900} INFO - Created Permission View: can delete on DAG:example_kubernetes_executor
[2024-10-17T17:10:34.433+0000] {logging_mixin.py:190} INFO - [2024-10-17T17:10:34.433+0000] {override.py:1900} INFO - Created Permission View: can edit on DAG:example_kubernetes_executor
[2024-10-17T17:10:34.438+0000] {logging_mixin.py:190} INFO - [2024-10-17T17:10:34.438+0000] {override.py:1900} INFO - Created Permission View: can read on DAG:example_kubernetes_executor
[2024-10-17T17:10:34.444+0000] {logging_mixin.py:190} INFO - [2024-10-17T17:10:34.443+0000] {override.py:1900} INFO - Created Permission View: can create on DAG Run:example_kubernetes_executor
[2024-10-17T17:10:34.446+0000] {logging_mixin.py:190} INFO - [2024-10-17T17:10:34.446+0000] {override.py:1900} INFO - Created Permission View: can delete on DAG Run:example_kubernetes_executor
[2024-10-17T17:10:34.449+0000] {logging_mixin.py:190} INFO - [2024-10-17T17:10:34.449+0000] {override.py:1900} INFO - Created Permission View: can read on DAG Run:example_kubernetes_executor
[2024-10-17T17:10:34.451+0000] {logging_mixin.py:190} INFO - [2024-10-17T17:10:34.451+0000] {override.py:1900} INFO - Created Permission View: menu access on DAG Run:example_kubernetes_executor
[2024-10-17T17:10:34.451+0000] {logging_mixin.py:190} INFO - [2024-10-17T17:10:34.451+0000] {dag.py:3239} INFO - Sync 1 DAGs
[2024-10-17T17:10:34.459+0000] {logging_mixin.py:190} INFO - [2024-10-17T17:10:34.459+0000] {dag.py:3262} INFO - Creating ORM DAG for example_kubernetes_executor
[2024-10-17T17:10:34.460+0000] {logging_mixin.py:190} INFO - [2024-10-17T17:10:34.459+0000] {dag.py:4180} INFO - Setting next_dagrun for example_kubernetes_executor to None, run_after=None
[2024-10-17T17:10:34.468+0000] {processor.py:208} INFO - Processing /home/airflow/.local/lib/python3.12/site-packages/airflow/example_dags/example_kubernetes_executor.py took 0.143 seconds
[2024-10-17T17:11:05.255+0000] {processor.py:186} INFO - Started process (PID=130) to work on /home/airflow/.local/lib/python3.12/site-packages/airflow/example_dags/example_kubernetes_executor.py
[2024-10-17T17:11:05.256+0000] {processor.py:914} INFO - Processing file /home/airflow/.local/lib/python3.12/site-packages/airflow/example_dags/example_kubernetes_executor.py for tasks to queue
[2024-10-17T17:11:05.257+0000] {logging_mixin.py:190} INFO - [2024-10-17T17:11:05.257+0000] {dagbag.py:588} INFO - Filling up the DagBag from /home/airflow/.local/lib/python3.12/site-packages/airflow/example_dags/example_kubernetes_executor.py
[2024-10-17T17:11:05.265+0000] {processor.py:925} INFO - DAG(s) 'example_kubernetes_executor' retrieved from /home/airflow/.local/lib/python3.12/site-packages/airflow/example_dags/example_kubernetes_executor.py
[2024-10-17T17:11:05.283+0000] {logging_mixin.py:190} INFO - [2024-10-17T17:11:05.283+0000] {dag.py:3239} INFO - Sync 1 DAGs
[2024-10-17T17:11:05.289+0000] {logging_mixin.py:190} INFO - [2024-10-17T17:11:05.289+0000] {dag.py:4180} INFO - Setting next_dagrun for example_kubernetes_executor to None, run_after=None
[2024-10-17T17:11:05.297+0000] {processor.py:208} INFO - Processing /home/airflow/.local/lib/python3.12/site-packages/airflow/example_dags/example_kubernetes_executor.py took 0.046 seconds
[2024-10-17T17:11:35.488+0000] {processor.py:186} INFO - Started process (PID=192) to work on /home/airflow/.local/lib/python3.12/site-packages/airflow/example_dags/example_kubernetes_executor.py
[2024-10-17T17:11:35.488+0000] {processor.py:914} INFO - Processing file /home/airflow/.local/lib/python3.12/site-packages/airflow/example_dags/example_kubernetes_executor.py for tasks to queue
[2024-10-17T17:11:35.490+0000] {logging_mixin.py:190} INFO - [2024-10-17T17:11:35.489+0000] {dagbag.py:588} INFO - Filling up the DagBag from /home/airflow/.local/lib/python3.12/site-packages/airflow/example_dags/example_kubernetes_executor.py
[2024-10-17T17:11:35.497+0000] {processor.py:925} INFO - DAG(s) 'example_kubernetes_executor' retrieved from /home/airflow/.local/lib/python3.12/site-packages/airflow/example_dags/example_kubernetes_executor.py
[2024-10-17T17:11:35.516+0000] {logging_mixin.py:190} INFO - [2024-10-17T17:11:35.516+0000] {dag.py:3239} INFO - Sync 1 DAGs
[2024-10-17T17:11:35.522+0000] {logging_mixin.py:190} INFO - [2024-10-17T17:11:35.522+0000] {dag.py:4180} INFO - Setting next_dagrun for example_kubernetes_executor to None, run_after=None
[2024-10-17T17:11:35.530+0000] {processor.py:208} INFO - Processing /home/airflow/.local/lib/python3.12/site-packages/airflow/example_dags/example_kubernetes_executor.py took 0.046 seconds
[2024-10-17T17:12:06.005+0000] {processor.py:186} INFO - Started process (PID=254) to work on /home/airflow/.local/lib/python3.12/site-packages/airflow/example_dags/example_kubernetes_executor.py
[2024-10-17T17:12:06.006+0000] {processor.py:914} INFO - Processing file /home/airflow/.local/lib/python3.12/site-packages/airflow/example_dags/example_kubernetes_executor.py for tasks to queue
[2024-10-17T17:12:06.007+0000] {logging_mixin.py:190} INFO - [2024-10-17T17:12:06.007+0000] {dagbag.py:588} INFO - Filling up the DagBag from /home/airflow/.local/lib/python3.12/site-packages/airflow/example_dags/example_kubernetes_executor.py
[2024-10-17T17:12:06.016+0000] {processor.py:925} INFO - DAG(s) 'example_kubernetes_executor' retrieved from /home/airflow/.local/lib/python3.12/site-packages/airflow/example_dags/example_kubernetes_executor.py
[2024-10-17T17:12:06.035+0000] {logging_mixin.py:190} INFO - [2024-10-17T17:12:06.035+0000] {dag.py:3239} INFO - Sync 1 DAGs
[2024-10-17T17:12:06.042+0000] {logging_mixin.py:190} INFO - [2024-10-17T17:12:06.042+0000] {dag.py:4180} INFO - Setting next_dagrun for example_kubernetes_executor to None, run_after=None
[2024-10-17T17:12:06.052+0000] {processor.py:208} INFO - Processing /home/airflow/.local/lib/python3.12/site-packages/airflow/example_dags/example_kubernetes_executor.py took 0.050 seconds
