[2024-10-17T17:10:32.908+0000] {processor.py:186} INFO - Started process (PID=46) to work on /home/airflow/.local/lib/python3.12/site-packages/airflow/example_dags/example_short_circuit_operator.py
[2024-10-17T17:10:32.908+0000] {processor.py:914} INFO - Processing file /home/airflow/.local/lib/python3.12/site-packages/airflow/example_dags/example_short_circuit_operator.py for tasks to queue
[2024-10-17T17:10:32.910+0000] {logging_mixin.py:190} INFO - [2024-10-17T17:10:32.910+0000] {dagbag.py:588} INFO - Filling up the DagBag from /home/airflow/.local/lib/python3.12/site-packages/airflow/example_dags/example_short_circuit_operator.py
[2024-10-17T17:10:32.918+0000] {processor.py:925} INFO - DAG(s) 'example_short_circuit_operator' retrieved from /home/airflow/.local/lib/python3.12/site-packages/airflow/example_dags/example_short_circuit_operator.py
[2024-10-17T17:10:32.976+0000] {logging_mixin.py:190} INFO - [2024-10-17T17:10:32.976+0000] {override.py:1900} INFO - Created Permission View: can delete on DAG:example_short_circuit_operator
[2024-10-17T17:10:32.982+0000] {logging_mixin.py:190} INFO - [2024-10-17T17:10:32.982+0000] {override.py:1900} INFO - Created Permission View: can edit on DAG:example_short_circuit_operator
[2024-10-17T17:10:32.985+0000] {logging_mixin.py:190} INFO - [2024-10-17T17:10:32.985+0000] {override.py:1900} INFO - Created Permission View: can read on DAG:example_short_circuit_operator
[2024-10-17T17:10:32.989+0000] {logging_mixin.py:190} INFO - [2024-10-17T17:10:32.989+0000] {override.py:1900} INFO - Created Permission View: can create on DAG Run:example_short_circuit_operator
[2024-10-17T17:10:32.991+0000] {logging_mixin.py:190} INFO - [2024-10-17T17:10:32.991+0000] {override.py:1900} INFO - Created Permission View: can delete on DAG Run:example_short_circuit_operator
[2024-10-17T17:10:32.994+0000] {logging_mixin.py:190} INFO - [2024-10-17T17:10:32.994+0000] {override.py:1900} INFO - Created Permission View: can read on DAG Run:example_short_circuit_operator
[2024-10-17T17:10:32.996+0000] {logging_mixin.py:190} INFO - [2024-10-17T17:10:32.996+0000] {override.py:1900} INFO - Created Permission View: menu access on DAG Run:example_short_circuit_operator
[2024-10-17T17:10:32.997+0000] {logging_mixin.py:190} INFO - [2024-10-17T17:10:32.997+0000] {dag.py:3239} INFO - Sync 1 DAGs
[2024-10-17T17:10:33.003+0000] {logging_mixin.py:190} INFO - [2024-10-17T17:10:33.003+0000] {dag.py:3262} INFO - Creating ORM DAG for example_short_circuit_operator
[2024-10-17T17:10:33.004+0000] {logging_mixin.py:190} INFO - [2024-10-17T17:10:33.004+0000] {dag.py:4180} INFO - Setting next_dagrun for example_short_circuit_operator to None, run_after=None
[2024-10-17T17:10:33.012+0000] {processor.py:208} INFO - Processing /home/airflow/.local/lib/python3.12/site-packages/airflow/example_dags/example_short_circuit_operator.py took 0.108 seconds
[2024-10-17T17:11:03.539+0000] {processor.py:186} INFO - Started process (PID=108) to work on /home/airflow/.local/lib/python3.12/site-packages/airflow/example_dags/example_short_circuit_operator.py
[2024-10-17T17:11:03.539+0000] {processor.py:914} INFO - Processing file /home/airflow/.local/lib/python3.12/site-packages/airflow/example_dags/example_short_circuit_operator.py for tasks to queue
[2024-10-17T17:11:03.541+0000] {logging_mixin.py:190} INFO - [2024-10-17T17:11:03.541+0000] {dagbag.py:588} INFO - Filling up the DagBag from /home/airflow/.local/lib/python3.12/site-packages/airflow/example_dags/example_short_circuit_operator.py
[2024-10-17T17:11:03.546+0000] {processor.py:925} INFO - DAG(s) 'example_short_circuit_operator' retrieved from /home/airflow/.local/lib/python3.12/site-packages/airflow/example_dags/example_short_circuit_operator.py
[2024-10-17T17:11:03.559+0000] {logging_mixin.py:190} INFO - [2024-10-17T17:11:03.558+0000] {dag.py:3239} INFO - Sync 1 DAGs
[2024-10-17T17:11:03.566+0000] {logging_mixin.py:190} INFO - [2024-10-17T17:11:03.565+0000] {dag.py:4180} INFO - Setting next_dagrun for example_short_circuit_operator to None, run_after=None
[2024-10-17T17:11:03.575+0000] {processor.py:208} INFO - Processing /home/airflow/.local/lib/python3.12/site-packages/airflow/example_dags/example_short_circuit_operator.py took 0.040 seconds
[2024-10-17T17:11:33.731+0000] {processor.py:186} INFO - Started process (PID=170) to work on /home/airflow/.local/lib/python3.12/site-packages/airflow/example_dags/example_short_circuit_operator.py
[2024-10-17T17:11:33.732+0000] {processor.py:914} INFO - Processing file /home/airflow/.local/lib/python3.12/site-packages/airflow/example_dags/example_short_circuit_operator.py for tasks to queue
[2024-10-17T17:11:33.733+0000] {logging_mixin.py:190} INFO - [2024-10-17T17:11:33.733+0000] {dagbag.py:588} INFO - Filling up the DagBag from /home/airflow/.local/lib/python3.12/site-packages/airflow/example_dags/example_short_circuit_operator.py
[2024-10-17T17:11:33.738+0000] {processor.py:925} INFO - DAG(s) 'example_short_circuit_operator' retrieved from /home/airflow/.local/lib/python3.12/site-packages/airflow/example_dags/example_short_circuit_operator.py
[2024-10-17T17:11:33.750+0000] {logging_mixin.py:190} INFO - [2024-10-17T17:11:33.750+0000] {dag.py:3239} INFO - Sync 1 DAGs
[2024-10-17T17:11:33.758+0000] {logging_mixin.py:190} INFO - [2024-10-17T17:11:33.757+0000] {dag.py:4180} INFO - Setting next_dagrun for example_short_circuit_operator to None, run_after=None
[2024-10-17T17:11:33.766+0000] {processor.py:208} INFO - Processing /home/airflow/.local/lib/python3.12/site-packages/airflow/example_dags/example_short_circuit_operator.py took 0.039 seconds
[2024-10-17T17:12:04.138+0000] {processor.py:186} INFO - Started process (PID=232) to work on /home/airflow/.local/lib/python3.12/site-packages/airflow/example_dags/example_short_circuit_operator.py
[2024-10-17T17:12:04.140+0000] {processor.py:914} INFO - Processing file /home/airflow/.local/lib/python3.12/site-packages/airflow/example_dags/example_short_circuit_operator.py for tasks to queue
[2024-10-17T17:12:04.143+0000] {logging_mixin.py:190} INFO - [2024-10-17T17:12:04.142+0000] {dagbag.py:588} INFO - Filling up the DagBag from /home/airflow/.local/lib/python3.12/site-packages/airflow/example_dags/example_short_circuit_operator.py
[2024-10-17T17:12:04.185+0000] {processor.py:925} INFO - DAG(s) 'example_short_circuit_operator' retrieved from /home/airflow/.local/lib/python3.12/site-packages/airflow/example_dags/example_short_circuit_operator.py
[2024-10-17T17:12:04.199+0000] {logging_mixin.py:190} INFO - [2024-10-17T17:12:04.199+0000] {dag.py:3239} INFO - Sync 1 DAGs
[2024-10-17T17:12:04.208+0000] {logging_mixin.py:190} INFO - [2024-10-17T17:12:04.208+0000] {dag.py:4180} INFO - Setting next_dagrun for example_short_circuit_operator to None, run_after=None
[2024-10-17T17:12:04.219+0000] {processor.py:208} INFO - Processing /home/airflow/.local/lib/python3.12/site-packages/airflow/example_dags/example_short_circuit_operator.py took 0.086 seconds
[2024-10-17T19:26:34.168+0000] {processor.py:186} INFO - Started process (PID=65) to work on /home/airflow/.local/lib/python3.12/site-packages/airflow/example_dags/example_short_circuit_operator.py
[2024-10-17T19:26:34.169+0000] {processor.py:914} INFO - Processing file /home/airflow/.local/lib/python3.12/site-packages/airflow/example_dags/example_short_circuit_operator.py for tasks to queue
[2024-10-17T19:26:34.171+0000] {logging_mixin.py:190} INFO - [2024-10-17T19:26:34.170+0000] {dagbag.py:588} INFO - Filling up the DagBag from /home/airflow/.local/lib/python3.12/site-packages/airflow/example_dags/example_short_circuit_operator.py
[2024-10-17T19:26:34.180+0000] {processor.py:925} INFO - DAG(s) 'example_short_circuit_operator' retrieved from /home/airflow/.local/lib/python3.12/site-packages/airflow/example_dags/example_short_circuit_operator.py
[2024-10-17T19:26:34.236+0000] {logging_mixin.py:190} INFO - [2024-10-17T19:26:34.236+0000] {override.py:1900} INFO - Created Permission View: can edit on DAG:example_short_circuit_operator
[2024-10-17T19:26:34.240+0000] {logging_mixin.py:190} INFO - [2024-10-17T19:26:34.240+0000] {override.py:1900} INFO - Created Permission View: can delete on DAG:example_short_circuit_operator
[2024-10-17T19:26:34.243+0000] {logging_mixin.py:190} INFO - [2024-10-17T19:26:34.243+0000] {override.py:1900} INFO - Created Permission View: can read on DAG:example_short_circuit_operator
[2024-10-17T19:26:34.246+0000] {logging_mixin.py:190} INFO - [2024-10-17T19:26:34.246+0000] {override.py:1900} INFO - Created Permission View: can delete on DAG Run:example_short_circuit_operator
[2024-10-17T19:26:34.249+0000] {logging_mixin.py:190} INFO - [2024-10-17T19:26:34.248+0000] {override.py:1900} INFO - Created Permission View: can create on DAG Run:example_short_circuit_operator
[2024-10-17T19:26:34.251+0000] {logging_mixin.py:190} INFO - [2024-10-17T19:26:34.251+0000] {override.py:1900} INFO - Created Permission View: can read on DAG Run:example_short_circuit_operator
[2024-10-17T19:26:34.254+0000] {logging_mixin.py:190} INFO - [2024-10-17T19:26:34.254+0000] {override.py:1900} INFO - Created Permission View: menu access on DAG Run:example_short_circuit_operator
[2024-10-17T19:26:34.254+0000] {logging_mixin.py:190} INFO - [2024-10-17T19:26:34.254+0000] {dag.py:3239} INFO - Sync 1 DAGs
[2024-10-17T19:26:34.260+0000] {logging_mixin.py:190} INFO - [2024-10-17T19:26:34.260+0000] {dag.py:3262} INFO - Creating ORM DAG for example_short_circuit_operator
[2024-10-17T19:26:34.261+0000] {logging_mixin.py:190} INFO - [2024-10-17T19:26:34.261+0000] {dag.py:4180} INFO - Setting next_dagrun for example_short_circuit_operator to None, run_after=None
[2024-10-17T19:26:34.268+0000] {processor.py:208} INFO - Processing /home/airflow/.local/lib/python3.12/site-packages/airflow/example_dags/example_short_circuit_operator.py took 0.103 seconds
[2024-10-17T19:27:05.008+0000] {processor.py:186} INFO - Started process (PID=128) to work on /home/airflow/.local/lib/python3.12/site-packages/airflow/example_dags/example_short_circuit_operator.py
[2024-10-17T19:27:05.008+0000] {processor.py:914} INFO - Processing file /home/airflow/.local/lib/python3.12/site-packages/airflow/example_dags/example_short_circuit_operator.py for tasks to queue
[2024-10-17T19:27:05.010+0000] {logging_mixin.py:190} INFO - [2024-10-17T19:27:05.010+0000] {dagbag.py:588} INFO - Filling up the DagBag from /home/airflow/.local/lib/python3.12/site-packages/airflow/example_dags/example_short_circuit_operator.py
[2024-10-17T19:27:05.015+0000] {processor.py:925} INFO - DAG(s) 'example_short_circuit_operator' retrieved from /home/airflow/.local/lib/python3.12/site-packages/airflow/example_dags/example_short_circuit_operator.py
[2024-10-17T19:27:05.028+0000] {logging_mixin.py:190} INFO - [2024-10-17T19:27:05.028+0000] {dag.py:3239} INFO - Sync 1 DAGs
[2024-10-17T19:27:05.035+0000] {logging_mixin.py:190} INFO - [2024-10-17T19:27:05.035+0000] {dag.py:4180} INFO - Setting next_dagrun for example_short_circuit_operator to None, run_after=None
[2024-10-17T19:27:05.044+0000] {processor.py:208} INFO - Processing /home/airflow/.local/lib/python3.12/site-packages/airflow/example_dags/example_short_circuit_operator.py took 0.040 seconds
[2024-10-17T19:27:35.460+0000] {processor.py:186} INFO - Started process (PID=191) to work on /home/airflow/.local/lib/python3.12/site-packages/airflow/example_dags/example_short_circuit_operator.py
[2024-10-17T19:27:35.461+0000] {processor.py:914} INFO - Processing file /home/airflow/.local/lib/python3.12/site-packages/airflow/example_dags/example_short_circuit_operator.py for tasks to queue
[2024-10-17T19:27:35.463+0000] {logging_mixin.py:190} INFO - [2024-10-17T19:27:35.463+0000] {dagbag.py:588} INFO - Filling up the DagBag from /home/airflow/.local/lib/python3.12/site-packages/airflow/example_dags/example_short_circuit_operator.py
[2024-10-17T19:27:35.469+0000] {processor.py:925} INFO - DAG(s) 'example_short_circuit_operator' retrieved from /home/airflow/.local/lib/python3.12/site-packages/airflow/example_dags/example_short_circuit_operator.py
[2024-10-17T19:27:35.482+0000] {logging_mixin.py:190} INFO - [2024-10-17T19:27:35.482+0000] {dag.py:3239} INFO - Sync 1 DAGs
[2024-10-17T19:27:35.490+0000] {logging_mixin.py:190} INFO - [2024-10-17T19:27:35.490+0000] {dag.py:4180} INFO - Setting next_dagrun for example_short_circuit_operator to None, run_after=None
[2024-10-17T19:27:35.499+0000] {processor.py:208} INFO - Processing /home/airflow/.local/lib/python3.12/site-packages/airflow/example_dags/example_short_circuit_operator.py took 0.044 seconds
[2024-10-17T19:28:05.992+0000] {processor.py:186} INFO - Started process (PID=254) to work on /home/airflow/.local/lib/python3.12/site-packages/airflow/example_dags/example_short_circuit_operator.py
[2024-10-17T19:28:05.993+0000] {processor.py:914} INFO - Processing file /home/airflow/.local/lib/python3.12/site-packages/airflow/example_dags/example_short_circuit_operator.py for tasks to queue
[2024-10-17T19:28:05.994+0000] {logging_mixin.py:190} INFO - [2024-10-17T19:28:05.994+0000] {dagbag.py:588} INFO - Filling up the DagBag from /home/airflow/.local/lib/python3.12/site-packages/airflow/example_dags/example_short_circuit_operator.py
[2024-10-17T19:28:05.999+0000] {processor.py:925} INFO - DAG(s) 'example_short_circuit_operator' retrieved from /home/airflow/.local/lib/python3.12/site-packages/airflow/example_dags/example_short_circuit_operator.py
[2024-10-17T19:28:06.012+0000] {logging_mixin.py:190} INFO - [2024-10-17T19:28:06.011+0000] {dag.py:3239} INFO - Sync 1 DAGs
[2024-10-17T19:28:06.019+0000] {logging_mixin.py:190} INFO - [2024-10-17T19:28:06.018+0000] {dag.py:4180} INFO - Setting next_dagrun for example_short_circuit_operator to None, run_after=None
[2024-10-17T19:28:06.028+0000] {processor.py:208} INFO - Processing /home/airflow/.local/lib/python3.12/site-packages/airflow/example_dags/example_short_circuit_operator.py took 0.039 seconds
[2024-10-17T19:28:36.642+0000] {processor.py:186} INFO - Started process (PID=317) to work on /home/airflow/.local/lib/python3.12/site-packages/airflow/example_dags/example_short_circuit_operator.py
[2024-10-17T19:28:36.642+0000] {processor.py:914} INFO - Processing file /home/airflow/.local/lib/python3.12/site-packages/airflow/example_dags/example_short_circuit_operator.py for tasks to queue
[2024-10-17T19:28:36.643+0000] {logging_mixin.py:190} INFO - [2024-10-17T19:28:36.643+0000] {dagbag.py:588} INFO - Filling up the DagBag from /home/airflow/.local/lib/python3.12/site-packages/airflow/example_dags/example_short_circuit_operator.py
[2024-10-17T19:28:36.648+0000] {processor.py:925} INFO - DAG(s) 'example_short_circuit_operator' retrieved from /home/airflow/.local/lib/python3.12/site-packages/airflow/example_dags/example_short_circuit_operator.py
[2024-10-17T19:28:36.661+0000] {logging_mixin.py:190} INFO - [2024-10-17T19:28:36.661+0000] {dag.py:3239} INFO - Sync 1 DAGs
[2024-10-17T19:28:36.668+0000] {logging_mixin.py:190} INFO - [2024-10-17T19:28:36.668+0000] {dag.py:4180} INFO - Setting next_dagrun for example_short_circuit_operator to None, run_after=None
[2024-10-17T19:28:36.677+0000] {processor.py:208} INFO - Processing /home/airflow/.local/lib/python3.12/site-packages/airflow/example_dags/example_short_circuit_operator.py took 0.039 seconds
[2024-10-17T19:29:07.418+0000] {processor.py:186} INFO - Started process (PID=380) to work on /home/airflow/.local/lib/python3.12/site-packages/airflow/example_dags/example_short_circuit_operator.py
[2024-10-17T19:29:07.418+0000] {processor.py:914} INFO - Processing file /home/airflow/.local/lib/python3.12/site-packages/airflow/example_dags/example_short_circuit_operator.py for tasks to queue
[2024-10-17T19:29:07.420+0000] {logging_mixin.py:190} INFO - [2024-10-17T19:29:07.420+0000] {dagbag.py:588} INFO - Filling up the DagBag from /home/airflow/.local/lib/python3.12/site-packages/airflow/example_dags/example_short_circuit_operator.py
[2024-10-17T19:29:07.425+0000] {processor.py:925} INFO - DAG(s) 'example_short_circuit_operator' retrieved from /home/airflow/.local/lib/python3.12/site-packages/airflow/example_dags/example_short_circuit_operator.py
[2024-10-17T19:29:07.440+0000] {logging_mixin.py:190} INFO - [2024-10-17T19:29:07.440+0000] {dag.py:3239} INFO - Sync 1 DAGs
[2024-10-17T19:29:07.448+0000] {logging_mixin.py:190} INFO - [2024-10-17T19:29:07.448+0000] {dag.py:4180} INFO - Setting next_dagrun for example_short_circuit_operator to None, run_after=None
[2024-10-17T19:29:07.457+0000] {processor.py:208} INFO - Processing /home/airflow/.local/lib/python3.12/site-packages/airflow/example_dags/example_short_circuit_operator.py took 0.043 seconds
[2024-10-17T19:29:37.967+0000] {processor.py:186} INFO - Started process (PID=443) to work on /home/airflow/.local/lib/python3.12/site-packages/airflow/example_dags/example_short_circuit_operator.py
[2024-10-17T19:29:37.967+0000] {processor.py:914} INFO - Processing file /home/airflow/.local/lib/python3.12/site-packages/airflow/example_dags/example_short_circuit_operator.py for tasks to queue
[2024-10-17T19:29:37.969+0000] {logging_mixin.py:190} INFO - [2024-10-17T19:29:37.969+0000] {dagbag.py:588} INFO - Filling up the DagBag from /home/airflow/.local/lib/python3.12/site-packages/airflow/example_dags/example_short_circuit_operator.py
[2024-10-17T19:29:37.974+0000] {processor.py:925} INFO - DAG(s) 'example_short_circuit_operator' retrieved from /home/airflow/.local/lib/python3.12/site-packages/airflow/example_dags/example_short_circuit_operator.py
[2024-10-17T19:29:37.986+0000] {logging_mixin.py:190} INFO - [2024-10-17T19:29:37.986+0000] {dag.py:3239} INFO - Sync 1 DAGs
[2024-10-17T19:29:37.994+0000] {logging_mixin.py:190} INFO - [2024-10-17T19:29:37.994+0000] {dag.py:4180} INFO - Setting next_dagrun for example_short_circuit_operator to None, run_after=None
[2024-10-17T19:29:38.003+0000] {processor.py:208} INFO - Processing /home/airflow/.local/lib/python3.12/site-packages/airflow/example_dags/example_short_circuit_operator.py took 0.040 seconds
[2024-10-17T19:30:08.424+0000] {processor.py:186} INFO - Started process (PID=506) to work on /home/airflow/.local/lib/python3.12/site-packages/airflow/example_dags/example_short_circuit_operator.py
[2024-10-17T19:30:08.425+0000] {processor.py:914} INFO - Processing file /home/airflow/.local/lib/python3.12/site-packages/airflow/example_dags/example_short_circuit_operator.py for tasks to queue
[2024-10-17T19:30:08.426+0000] {logging_mixin.py:190} INFO - [2024-10-17T19:30:08.426+0000] {dagbag.py:588} INFO - Filling up the DagBag from /home/airflow/.local/lib/python3.12/site-packages/airflow/example_dags/example_short_circuit_operator.py
[2024-10-17T19:30:08.431+0000] {processor.py:925} INFO - DAG(s) 'example_short_circuit_operator' retrieved from /home/airflow/.local/lib/python3.12/site-packages/airflow/example_dags/example_short_circuit_operator.py
[2024-10-17T19:30:08.444+0000] {logging_mixin.py:190} INFO - [2024-10-17T19:30:08.444+0000] {dag.py:3239} INFO - Sync 1 DAGs
[2024-10-17T19:30:08.451+0000] {logging_mixin.py:190} INFO - [2024-10-17T19:30:08.451+0000] {dag.py:4180} INFO - Setting next_dagrun for example_short_circuit_operator to None, run_after=None
[2024-10-17T19:30:08.460+0000] {processor.py:208} INFO - Processing /home/airflow/.local/lib/python3.12/site-packages/airflow/example_dags/example_short_circuit_operator.py took 0.040 seconds
[2024-10-17T19:30:38.995+0000] {processor.py:186} INFO - Started process (PID=569) to work on /home/airflow/.local/lib/python3.12/site-packages/airflow/example_dags/example_short_circuit_operator.py
[2024-10-17T19:30:38.996+0000] {processor.py:914} INFO - Processing file /home/airflow/.local/lib/python3.12/site-packages/airflow/example_dags/example_short_circuit_operator.py for tasks to queue
[2024-10-17T19:30:38.997+0000] {logging_mixin.py:190} INFO - [2024-10-17T19:30:38.997+0000] {dagbag.py:588} INFO - Filling up the DagBag from /home/airflow/.local/lib/python3.12/site-packages/airflow/example_dags/example_short_circuit_operator.py
[2024-10-17T19:30:39.003+0000] {processor.py:925} INFO - DAG(s) 'example_short_circuit_operator' retrieved from /home/airflow/.local/lib/python3.12/site-packages/airflow/example_dags/example_short_circuit_operator.py
[2024-10-17T19:30:39.017+0000] {logging_mixin.py:190} INFO - [2024-10-17T19:30:39.017+0000] {dag.py:3239} INFO - Sync 1 DAGs
[2024-10-17T19:30:39.025+0000] {logging_mixin.py:190} INFO - [2024-10-17T19:30:39.025+0000] {dag.py:4180} INFO - Setting next_dagrun for example_short_circuit_operator to None, run_after=None
[2024-10-17T19:30:39.035+0000] {processor.py:208} INFO - Processing /home/airflow/.local/lib/python3.12/site-packages/airflow/example_dags/example_short_circuit_operator.py took 0.044 seconds
[2024-10-17T19:31:09.561+0000] {processor.py:186} INFO - Started process (PID=632) to work on /home/airflow/.local/lib/python3.12/site-packages/airflow/example_dags/example_short_circuit_operator.py
[2024-10-17T19:31:09.562+0000] {processor.py:914} INFO - Processing file /home/airflow/.local/lib/python3.12/site-packages/airflow/example_dags/example_short_circuit_operator.py for tasks to queue
[2024-10-17T19:31:09.563+0000] {logging_mixin.py:190} INFO - [2024-10-17T19:31:09.563+0000] {dagbag.py:588} INFO - Filling up the DagBag from /home/airflow/.local/lib/python3.12/site-packages/airflow/example_dags/example_short_circuit_operator.py
[2024-10-17T19:31:09.569+0000] {processor.py:925} INFO - DAG(s) 'example_short_circuit_operator' retrieved from /home/airflow/.local/lib/python3.12/site-packages/airflow/example_dags/example_short_circuit_operator.py
[2024-10-17T19:31:09.584+0000] {logging_mixin.py:190} INFO - [2024-10-17T19:31:09.584+0000] {dag.py:3239} INFO - Sync 1 DAGs
[2024-10-17T19:31:09.592+0000] {logging_mixin.py:190} INFO - [2024-10-17T19:31:09.592+0000] {dag.py:4180} INFO - Setting next_dagrun for example_short_circuit_operator to None, run_after=None
[2024-10-17T19:31:09.601+0000] {processor.py:208} INFO - Processing /home/airflow/.local/lib/python3.12/site-packages/airflow/example_dags/example_short_circuit_operator.py took 0.045 seconds
[2024-10-17T19:31:40.064+0000] {processor.py:186} INFO - Started process (PID=695) to work on /home/airflow/.local/lib/python3.12/site-packages/airflow/example_dags/example_short_circuit_operator.py
[2024-10-17T19:31:40.065+0000] {processor.py:914} INFO - Processing file /home/airflow/.local/lib/python3.12/site-packages/airflow/example_dags/example_short_circuit_operator.py for tasks to queue
[2024-10-17T19:31:40.066+0000] {logging_mixin.py:190} INFO - [2024-10-17T19:31:40.066+0000] {dagbag.py:588} INFO - Filling up the DagBag from /home/airflow/.local/lib/python3.12/site-packages/airflow/example_dags/example_short_circuit_operator.py
[2024-10-17T19:31:40.071+0000] {processor.py:925} INFO - DAG(s) 'example_short_circuit_operator' retrieved from /home/airflow/.local/lib/python3.12/site-packages/airflow/example_dags/example_short_circuit_operator.py
[2024-10-17T19:31:40.083+0000] {logging_mixin.py:190} INFO - [2024-10-17T19:31:40.083+0000] {dag.py:3239} INFO - Sync 1 DAGs
[2024-10-17T19:31:40.090+0000] {logging_mixin.py:190} INFO - [2024-10-17T19:31:40.090+0000] {dag.py:4180} INFO - Setting next_dagrun for example_short_circuit_operator to None, run_after=None
[2024-10-17T19:31:40.099+0000] {processor.py:208} INFO - Processing /home/airflow/.local/lib/python3.12/site-packages/airflow/example_dags/example_short_circuit_operator.py took 0.038 seconds
[2024-10-17T19:33:31.477+0000] {processor.py:186} INFO - Started process (PID=65) to work on /home/airflow/.local/lib/python3.12/site-packages/airflow/example_dags/example_short_circuit_operator.py
[2024-10-17T19:33:31.478+0000] {processor.py:914} INFO - Processing file /home/airflow/.local/lib/python3.12/site-packages/airflow/example_dags/example_short_circuit_operator.py for tasks to queue
[2024-10-17T19:33:31.480+0000] {logging_mixin.py:190} INFO - [2024-10-17T19:33:31.479+0000] {dagbag.py:588} INFO - Filling up the DagBag from /home/airflow/.local/lib/python3.12/site-packages/airflow/example_dags/example_short_circuit_operator.py
[2024-10-17T19:33:31.489+0000] {processor.py:925} INFO - DAG(s) 'example_short_circuit_operator' retrieved from /home/airflow/.local/lib/python3.12/site-packages/airflow/example_dags/example_short_circuit_operator.py
[2024-10-17T19:33:31.553+0000] {logging_mixin.py:190} INFO - [2024-10-17T19:33:31.553+0000] {override.py:1900} INFO - Created Permission View: can edit on DAG:example_short_circuit_operator
[2024-10-17T19:33:31.558+0000] {logging_mixin.py:190} INFO - [2024-10-17T19:33:31.558+0000] {override.py:1900} INFO - Created Permission View: can delete on DAG:example_short_circuit_operator
[2024-10-17T19:33:31.561+0000] {logging_mixin.py:190} INFO - [2024-10-17T19:33:31.560+0000] {override.py:1900} INFO - Created Permission View: can read on DAG:example_short_circuit_operator
[2024-10-17T19:33:31.563+0000] {logging_mixin.py:190} INFO - [2024-10-17T19:33:31.563+0000] {override.py:1900} INFO - Created Permission View: menu access on DAG Run:example_short_circuit_operator
[2024-10-17T19:33:31.566+0000] {logging_mixin.py:190} INFO - [2024-10-17T19:33:31.566+0000] {override.py:1900} INFO - Created Permission View: can create on DAG Run:example_short_circuit_operator
[2024-10-17T19:33:31.568+0000] {logging_mixin.py:190} INFO - [2024-10-17T19:33:31.568+0000] {override.py:1900} INFO - Created Permission View: can delete on DAG Run:example_short_circuit_operator
[2024-10-17T19:33:31.571+0000] {logging_mixin.py:190} INFO - [2024-10-17T19:33:31.571+0000] {override.py:1900} INFO - Created Permission View: can read on DAG Run:example_short_circuit_operator
[2024-10-17T19:33:31.572+0000] {logging_mixin.py:190} INFO - [2024-10-17T19:33:31.572+0000] {dag.py:3239} INFO - Sync 1 DAGs
[2024-10-17T19:33:31.581+0000] {logging_mixin.py:190} INFO - [2024-10-17T19:33:31.581+0000] {dag.py:3262} INFO - Creating ORM DAG for example_short_circuit_operator
[2024-10-17T19:33:31.582+0000] {logging_mixin.py:190} INFO - [2024-10-17T19:33:31.582+0000] {dag.py:4180} INFO - Setting next_dagrun for example_short_circuit_operator to None, run_after=None
[2024-10-17T19:33:31.594+0000] {processor.py:208} INFO - Processing /home/airflow/.local/lib/python3.12/site-packages/airflow/example_dags/example_short_circuit_operator.py took 0.121 seconds
[2024-10-17T19:34:02.143+0000] {processor.py:186} INFO - Started process (PID=128) to work on /home/airflow/.local/lib/python3.12/site-packages/airflow/example_dags/example_short_circuit_operator.py
[2024-10-17T19:34:02.144+0000] {processor.py:914} INFO - Processing file /home/airflow/.local/lib/python3.12/site-packages/airflow/example_dags/example_short_circuit_operator.py for tasks to queue
[2024-10-17T19:34:02.145+0000] {logging_mixin.py:190} INFO - [2024-10-17T19:34:02.145+0000] {dagbag.py:588} INFO - Filling up the DagBag from /home/airflow/.local/lib/python3.12/site-packages/airflow/example_dags/example_short_circuit_operator.py
[2024-10-17T19:34:02.150+0000] {processor.py:925} INFO - DAG(s) 'example_short_circuit_operator' retrieved from /home/airflow/.local/lib/python3.12/site-packages/airflow/example_dags/example_short_circuit_operator.py
[2024-10-17T19:34:02.163+0000] {logging_mixin.py:190} INFO - [2024-10-17T19:34:02.163+0000] {dag.py:3239} INFO - Sync 1 DAGs
[2024-10-17T19:34:02.170+0000] {logging_mixin.py:190} INFO - [2024-10-17T19:34:02.170+0000] {dag.py:4180} INFO - Setting next_dagrun for example_short_circuit_operator to None, run_after=None
[2024-10-17T19:34:02.178+0000] {processor.py:208} INFO - Processing /home/airflow/.local/lib/python3.12/site-packages/airflow/example_dags/example_short_circuit_operator.py took 0.038 seconds
[2024-10-17T19:34:32.402+0000] {processor.py:186} INFO - Started process (PID=191) to work on /home/airflow/.local/lib/python3.12/site-packages/airflow/example_dags/example_short_circuit_operator.py
[2024-10-17T19:34:32.403+0000] {processor.py:914} INFO - Processing file /home/airflow/.local/lib/python3.12/site-packages/airflow/example_dags/example_short_circuit_operator.py for tasks to queue
[2024-10-17T19:34:32.404+0000] {logging_mixin.py:190} INFO - [2024-10-17T19:34:32.404+0000] {dagbag.py:588} INFO - Filling up the DagBag from /home/airflow/.local/lib/python3.12/site-packages/airflow/example_dags/example_short_circuit_operator.py
[2024-10-17T19:34:32.409+0000] {processor.py:925} INFO - DAG(s) 'example_short_circuit_operator' retrieved from /home/airflow/.local/lib/python3.12/site-packages/airflow/example_dags/example_short_circuit_operator.py
[2024-10-17T19:34:32.420+0000] {logging_mixin.py:190} INFO - [2024-10-17T19:34:32.420+0000] {dag.py:3239} INFO - Sync 1 DAGs
[2024-10-17T19:34:32.427+0000] {logging_mixin.py:190} INFO - [2024-10-17T19:34:32.427+0000] {dag.py:4180} INFO - Setting next_dagrun for example_short_circuit_operator to None, run_after=None
[2024-10-17T19:34:32.436+0000] {processor.py:208} INFO - Processing /home/airflow/.local/lib/python3.12/site-packages/airflow/example_dags/example_short_circuit_operator.py took 0.037 seconds
[2024-10-17T19:35:02.796+0000] {processor.py:186} INFO - Started process (PID=253) to work on /home/airflow/.local/lib/python3.12/site-packages/airflow/example_dags/example_short_circuit_operator.py
[2024-10-17T19:35:02.796+0000] {processor.py:914} INFO - Processing file /home/airflow/.local/lib/python3.12/site-packages/airflow/example_dags/example_short_circuit_operator.py for tasks to queue
[2024-10-17T19:35:02.797+0000] {logging_mixin.py:190} INFO - [2024-10-17T19:35:02.797+0000] {dagbag.py:588} INFO - Filling up the DagBag from /home/airflow/.local/lib/python3.12/site-packages/airflow/example_dags/example_short_circuit_operator.py
[2024-10-17T19:35:02.802+0000] {processor.py:925} INFO - DAG(s) 'example_short_circuit_operator' retrieved from /home/airflow/.local/lib/python3.12/site-packages/airflow/example_dags/example_short_circuit_operator.py
[2024-10-17T19:35:02.813+0000] {logging_mixin.py:190} INFO - [2024-10-17T19:35:02.813+0000] {dag.py:3239} INFO - Sync 1 DAGs
[2024-10-17T19:35:02.819+0000] {logging_mixin.py:190} INFO - [2024-10-17T19:35:02.819+0000] {dag.py:4180} INFO - Setting next_dagrun for example_short_circuit_operator to None, run_after=None
[2024-10-17T19:35:02.828+0000] {processor.py:208} INFO - Processing /home/airflow/.local/lib/python3.12/site-packages/airflow/example_dags/example_short_circuit_operator.py took 0.035 seconds
[2024-10-17T19:35:33.369+0000] {processor.py:186} INFO - Started process (PID=317) to work on /home/airflow/.local/lib/python3.12/site-packages/airflow/example_dags/example_short_circuit_operator.py
[2024-10-17T19:35:33.369+0000] {processor.py:914} INFO - Processing file /home/airflow/.local/lib/python3.12/site-packages/airflow/example_dags/example_short_circuit_operator.py for tasks to queue
[2024-10-17T19:35:33.371+0000] {logging_mixin.py:190} INFO - [2024-10-17T19:35:33.371+0000] {dagbag.py:588} INFO - Filling up the DagBag from /home/airflow/.local/lib/python3.12/site-packages/airflow/example_dags/example_short_circuit_operator.py
[2024-10-17T19:35:33.376+0000] {processor.py:925} INFO - DAG(s) 'example_short_circuit_operator' retrieved from /home/airflow/.local/lib/python3.12/site-packages/airflow/example_dags/example_short_circuit_operator.py
[2024-10-17T19:35:33.387+0000] {logging_mixin.py:190} INFO - [2024-10-17T19:35:33.387+0000] {dag.py:3239} INFO - Sync 1 DAGs
[2024-10-17T19:35:33.395+0000] {logging_mixin.py:190} INFO - [2024-10-17T19:35:33.395+0000] {dag.py:4180} INFO - Setting next_dagrun for example_short_circuit_operator to None, run_after=None
[2024-10-17T19:35:33.405+0000] {processor.py:208} INFO - Processing /home/airflow/.local/lib/python3.12/site-packages/airflow/example_dags/example_short_circuit_operator.py took 0.039 seconds
[2024-10-17T19:36:04.153+0000] {processor.py:186} INFO - Started process (PID=380) to work on /home/airflow/.local/lib/python3.12/site-packages/airflow/example_dags/example_short_circuit_operator.py
[2024-10-17T19:36:04.154+0000] {processor.py:914} INFO - Processing file /home/airflow/.local/lib/python3.12/site-packages/airflow/example_dags/example_short_circuit_operator.py for tasks to queue
[2024-10-17T19:36:04.156+0000] {logging_mixin.py:190} INFO - [2024-10-17T19:36:04.155+0000] {dagbag.py:588} INFO - Filling up the DagBag from /home/airflow/.local/lib/python3.12/site-packages/airflow/example_dags/example_short_circuit_operator.py
[2024-10-17T19:36:04.161+0000] {processor.py:925} INFO - DAG(s) 'example_short_circuit_operator' retrieved from /home/airflow/.local/lib/python3.12/site-packages/airflow/example_dags/example_short_circuit_operator.py
[2024-10-17T19:36:04.175+0000] {logging_mixin.py:190} INFO - [2024-10-17T19:36:04.175+0000] {dag.py:3239} INFO - Sync 1 DAGs
[2024-10-17T19:36:04.183+0000] {logging_mixin.py:190} INFO - [2024-10-17T19:36:04.183+0000] {dag.py:4180} INFO - Setting next_dagrun for example_short_circuit_operator to None, run_after=None
[2024-10-17T19:36:04.193+0000] {processor.py:208} INFO - Processing /home/airflow/.local/lib/python3.12/site-packages/airflow/example_dags/example_short_circuit_operator.py took 0.044 seconds
[2024-10-17T19:36:34.726+0000] {processor.py:186} INFO - Started process (PID=443) to work on /home/airflow/.local/lib/python3.12/site-packages/airflow/example_dags/example_short_circuit_operator.py
[2024-10-17T19:36:34.726+0000] {processor.py:914} INFO - Processing file /home/airflow/.local/lib/python3.12/site-packages/airflow/example_dags/example_short_circuit_operator.py for tasks to queue
[2024-10-17T19:36:34.728+0000] {logging_mixin.py:190} INFO - [2024-10-17T19:36:34.727+0000] {dagbag.py:588} INFO - Filling up the DagBag from /home/airflow/.local/lib/python3.12/site-packages/airflow/example_dags/example_short_circuit_operator.py
[2024-10-17T19:36:34.732+0000] {processor.py:925} INFO - DAG(s) 'example_short_circuit_operator' retrieved from /home/airflow/.local/lib/python3.12/site-packages/airflow/example_dags/example_short_circuit_operator.py
[2024-10-17T19:36:34.743+0000] {logging_mixin.py:190} INFO - [2024-10-17T19:36:34.743+0000] {dag.py:3239} INFO - Sync 1 DAGs
[2024-10-17T19:36:34.749+0000] {logging_mixin.py:190} INFO - [2024-10-17T19:36:34.749+0000] {dag.py:4180} INFO - Setting next_dagrun for example_short_circuit_operator to None, run_after=None
[2024-10-17T19:36:34.758+0000] {processor.py:208} INFO - Processing /home/airflow/.local/lib/python3.12/site-packages/airflow/example_dags/example_short_circuit_operator.py took 0.035 seconds
[2024-10-17T19:37:05.318+0000] {processor.py:186} INFO - Started process (PID=507) to work on /home/airflow/.local/lib/python3.12/site-packages/airflow/example_dags/example_short_circuit_operator.py
[2024-10-17T19:37:05.319+0000] {processor.py:914} INFO - Processing file /home/airflow/.local/lib/python3.12/site-packages/airflow/example_dags/example_short_circuit_operator.py for tasks to queue
[2024-10-17T19:37:05.320+0000] {logging_mixin.py:190} INFO - [2024-10-17T19:37:05.320+0000] {dagbag.py:588} INFO - Filling up the DagBag from /home/airflow/.local/lib/python3.12/site-packages/airflow/example_dags/example_short_circuit_operator.py
[2024-10-17T19:37:05.326+0000] {processor.py:925} INFO - DAG(s) 'example_short_circuit_operator' retrieved from /home/airflow/.local/lib/python3.12/site-packages/airflow/example_dags/example_short_circuit_operator.py
[2024-10-17T19:37:05.338+0000] {logging_mixin.py:190} INFO - [2024-10-17T19:37:05.338+0000] {dag.py:3239} INFO - Sync 1 DAGs
[2024-10-17T19:37:05.346+0000] {logging_mixin.py:190} INFO - [2024-10-17T19:37:05.346+0000] {dag.py:4180} INFO - Setting next_dagrun for example_short_circuit_operator to None, run_after=None
[2024-10-17T19:37:05.355+0000] {processor.py:208} INFO - Processing /home/airflow/.local/lib/python3.12/site-packages/airflow/example_dags/example_short_circuit_operator.py took 0.041 seconds
[2024-10-17T19:39:17.721+0000] {processor.py:186} INFO - Started process (PID=65) to work on /home/airflow/.local/lib/python3.12/site-packages/airflow/example_dags/example_short_circuit_operator.py
[2024-10-17T19:39:17.722+0000] {processor.py:914} INFO - Processing file /home/airflow/.local/lib/python3.12/site-packages/airflow/example_dags/example_short_circuit_operator.py for tasks to queue
[2024-10-17T19:39:17.723+0000] {logging_mixin.py:190} INFO - [2024-10-17T19:39:17.723+0000] {dagbag.py:588} INFO - Filling up the DagBag from /home/airflow/.local/lib/python3.12/site-packages/airflow/example_dags/example_short_circuit_operator.py
[2024-10-17T19:39:17.732+0000] {processor.py:925} INFO - DAG(s) 'example_short_circuit_operator' retrieved from /home/airflow/.local/lib/python3.12/site-packages/airflow/example_dags/example_short_circuit_operator.py
[2024-10-17T19:39:17.793+0000] {logging_mixin.py:190} INFO - [2024-10-17T19:39:17.792+0000] {override.py:1900} INFO - Created Permission View: can read on DAG:example_short_circuit_operator
[2024-10-17T19:39:17.798+0000] {logging_mixin.py:190} INFO - [2024-10-17T19:39:17.798+0000] {override.py:1900} INFO - Created Permission View: can delete on DAG:example_short_circuit_operator
[2024-10-17T19:39:17.801+0000] {logging_mixin.py:190} INFO - [2024-10-17T19:39:17.801+0000] {override.py:1900} INFO - Created Permission View: can edit on DAG:example_short_circuit_operator
[2024-10-17T19:39:17.804+0000] {logging_mixin.py:190} INFO - [2024-10-17T19:39:17.804+0000] {override.py:1900} INFO - Created Permission View: can read on DAG Run:example_short_circuit_operator
[2024-10-17T19:39:17.806+0000] {logging_mixin.py:190} INFO - [2024-10-17T19:39:17.806+0000] {override.py:1900} INFO - Created Permission View: can create on DAG Run:example_short_circuit_operator
[2024-10-17T19:39:17.809+0000] {logging_mixin.py:190} INFO - [2024-10-17T19:39:17.809+0000] {override.py:1900} INFO - Created Permission View: can delete on DAG Run:example_short_circuit_operator
[2024-10-17T19:39:17.811+0000] {logging_mixin.py:190} INFO - [2024-10-17T19:39:17.811+0000] {override.py:1900} INFO - Created Permission View: menu access on DAG Run:example_short_circuit_operator
[2024-10-17T19:39:17.812+0000] {logging_mixin.py:190} INFO - [2024-10-17T19:39:17.812+0000] {dag.py:3239} INFO - Sync 1 DAGs
[2024-10-17T19:39:17.818+0000] {logging_mixin.py:190} INFO - [2024-10-17T19:39:17.818+0000] {dag.py:3262} INFO - Creating ORM DAG for example_short_circuit_operator
[2024-10-17T19:39:17.818+0000] {logging_mixin.py:190} INFO - [2024-10-17T19:39:17.818+0000] {dag.py:4180} INFO - Setting next_dagrun for example_short_circuit_operator to None, run_after=None
[2024-10-17T19:39:17.826+0000] {processor.py:208} INFO - Processing /home/airflow/.local/lib/python3.12/site-packages/airflow/example_dags/example_short_circuit_operator.py took 0.109 seconds
[2024-10-17T19:39:48.496+0000] {processor.py:186} INFO - Started process (PID=128) to work on /home/airflow/.local/lib/python3.12/site-packages/airflow/example_dags/example_short_circuit_operator.py
[2024-10-17T19:39:48.497+0000] {processor.py:914} INFO - Processing file /home/airflow/.local/lib/python3.12/site-packages/airflow/example_dags/example_short_circuit_operator.py for tasks to queue
[2024-10-17T19:39:48.498+0000] {logging_mixin.py:190} INFO - [2024-10-17T19:39:48.498+0000] {dagbag.py:588} INFO - Filling up the DagBag from /home/airflow/.local/lib/python3.12/site-packages/airflow/example_dags/example_short_circuit_operator.py
[2024-10-17T19:39:48.504+0000] {processor.py:925} INFO - DAG(s) 'example_short_circuit_operator' retrieved from /home/airflow/.local/lib/python3.12/site-packages/airflow/example_dags/example_short_circuit_operator.py
[2024-10-17T19:39:48.517+0000] {logging_mixin.py:190} INFO - [2024-10-17T19:39:48.517+0000] {dag.py:3239} INFO - Sync 1 DAGs
[2024-10-17T19:39:48.524+0000] {logging_mixin.py:190} INFO - [2024-10-17T19:39:48.524+0000] {dag.py:4180} INFO - Setting next_dagrun for example_short_circuit_operator to None, run_after=None
[2024-10-17T19:39:48.534+0000] {processor.py:208} INFO - Processing /home/airflow/.local/lib/python3.12/site-packages/airflow/example_dags/example_short_circuit_operator.py took 0.042 seconds
[2024-10-17T19:40:18.837+0000] {processor.py:186} INFO - Started process (PID=191) to work on /home/airflow/.local/lib/python3.12/site-packages/airflow/example_dags/example_short_circuit_operator.py
[2024-10-17T19:40:18.838+0000] {processor.py:914} INFO - Processing file /home/airflow/.local/lib/python3.12/site-packages/airflow/example_dags/example_short_circuit_operator.py for tasks to queue
[2024-10-17T19:40:18.839+0000] {logging_mixin.py:190} INFO - [2024-10-17T19:40:18.839+0000] {dagbag.py:588} INFO - Filling up the DagBag from /home/airflow/.local/lib/python3.12/site-packages/airflow/example_dags/example_short_circuit_operator.py
[2024-10-17T19:40:18.844+0000] {processor.py:925} INFO - DAG(s) 'example_short_circuit_operator' retrieved from /home/airflow/.local/lib/python3.12/site-packages/airflow/example_dags/example_short_circuit_operator.py
[2024-10-17T19:40:18.856+0000] {logging_mixin.py:190} INFO - [2024-10-17T19:40:18.856+0000] {dag.py:3239} INFO - Sync 1 DAGs
[2024-10-17T19:40:18.863+0000] {logging_mixin.py:190} INFO - [2024-10-17T19:40:18.863+0000] {dag.py:4180} INFO - Setting next_dagrun for example_short_circuit_operator to None, run_after=None
[2024-10-17T19:40:18.872+0000] {processor.py:208} INFO - Processing /home/airflow/.local/lib/python3.12/site-packages/airflow/example_dags/example_short_circuit_operator.py took 0.038 seconds
[2024-10-17T19:40:49.183+0000] {processor.py:186} INFO - Started process (PID=254) to work on /home/airflow/.local/lib/python3.12/site-packages/airflow/example_dags/example_short_circuit_operator.py
[2024-10-17T19:40:49.184+0000] {processor.py:914} INFO - Processing file /home/airflow/.local/lib/python3.12/site-packages/airflow/example_dags/example_short_circuit_operator.py for tasks to queue
[2024-10-17T19:40:49.186+0000] {logging_mixin.py:190} INFO - [2024-10-17T19:40:49.185+0000] {dagbag.py:588} INFO - Filling up the DagBag from /home/airflow/.local/lib/python3.12/site-packages/airflow/example_dags/example_short_circuit_operator.py
[2024-10-17T19:40:49.191+0000] {processor.py:925} INFO - DAG(s) 'example_short_circuit_operator' retrieved from /home/airflow/.local/lib/python3.12/site-packages/airflow/example_dags/example_short_circuit_operator.py
[2024-10-17T19:40:49.204+0000] {logging_mixin.py:190} INFO - [2024-10-17T19:40:49.204+0000] {dag.py:3239} INFO - Sync 1 DAGs
[2024-10-17T19:40:49.211+0000] {logging_mixin.py:190} INFO - [2024-10-17T19:40:49.211+0000] {dag.py:4180} INFO - Setting next_dagrun for example_short_circuit_operator to None, run_after=None
[2024-10-17T19:40:49.220+0000] {processor.py:208} INFO - Processing /home/airflow/.local/lib/python3.12/site-packages/airflow/example_dags/example_short_circuit_operator.py took 0.040 seconds
[2024-10-17T19:41:19.717+0000] {processor.py:186} INFO - Started process (PID=317) to work on /home/airflow/.local/lib/python3.12/site-packages/airflow/example_dags/example_short_circuit_operator.py
[2024-10-17T19:41:19.717+0000] {processor.py:914} INFO - Processing file /home/airflow/.local/lib/python3.12/site-packages/airflow/example_dags/example_short_circuit_operator.py for tasks to queue
[2024-10-17T19:41:19.719+0000] {logging_mixin.py:190} INFO - [2024-10-17T19:41:19.719+0000] {dagbag.py:588} INFO - Filling up the DagBag from /home/airflow/.local/lib/python3.12/site-packages/airflow/example_dags/example_short_circuit_operator.py
[2024-10-17T19:41:19.725+0000] {processor.py:925} INFO - DAG(s) 'example_short_circuit_operator' retrieved from /home/airflow/.local/lib/python3.12/site-packages/airflow/example_dags/example_short_circuit_operator.py
[2024-10-17T19:41:19.742+0000] {logging_mixin.py:190} INFO - [2024-10-17T19:41:19.742+0000] {dag.py:3239} INFO - Sync 1 DAGs
[2024-10-17T19:41:19.753+0000] {logging_mixin.py:190} INFO - [2024-10-17T19:41:19.752+0000] {dag.py:4180} INFO - Setting next_dagrun for example_short_circuit_operator to None, run_after=None
[2024-10-17T19:41:19.767+0000] {processor.py:208} INFO - Processing /home/airflow/.local/lib/python3.12/site-packages/airflow/example_dags/example_short_circuit_operator.py took 0.054 seconds
[2024-10-17T19:41:50.571+0000] {processor.py:186} INFO - Started process (PID=380) to work on /home/airflow/.local/lib/python3.12/site-packages/airflow/example_dags/example_short_circuit_operator.py
[2024-10-17T19:41:50.572+0000] {processor.py:914} INFO - Processing file /home/airflow/.local/lib/python3.12/site-packages/airflow/example_dags/example_short_circuit_operator.py for tasks to queue
[2024-10-17T19:41:50.574+0000] {logging_mixin.py:190} INFO - [2024-10-17T19:41:50.574+0000] {dagbag.py:588} INFO - Filling up the DagBag from /home/airflow/.local/lib/python3.12/site-packages/airflow/example_dags/example_short_circuit_operator.py
[2024-10-17T19:41:50.579+0000] {processor.py:925} INFO - DAG(s) 'example_short_circuit_operator' retrieved from /home/airflow/.local/lib/python3.12/site-packages/airflow/example_dags/example_short_circuit_operator.py
[2024-10-17T19:41:50.592+0000] {logging_mixin.py:190} INFO - [2024-10-17T19:41:50.592+0000] {dag.py:3239} INFO - Sync 1 DAGs
[2024-10-17T19:41:50.608+0000] {logging_mixin.py:190} INFO - [2024-10-17T19:41:50.608+0000] {dag.py:4180} INFO - Setting next_dagrun for example_short_circuit_operator to None, run_after=None
[2024-10-17T19:41:50.619+0000] {processor.py:208} INFO - Processing /home/airflow/.local/lib/python3.12/site-packages/airflow/example_dags/example_short_circuit_operator.py took 0.051 seconds
[2024-10-17T19:42:21.014+0000] {processor.py:186} INFO - Started process (PID=443) to work on /home/airflow/.local/lib/python3.12/site-packages/airflow/example_dags/example_short_circuit_operator.py
[2024-10-17T19:42:21.015+0000] {processor.py:914} INFO - Processing file /home/airflow/.local/lib/python3.12/site-packages/airflow/example_dags/example_short_circuit_operator.py for tasks to queue
[2024-10-17T19:42:21.017+0000] {logging_mixin.py:190} INFO - [2024-10-17T19:42:21.017+0000] {dagbag.py:588} INFO - Filling up the DagBag from /home/airflow/.local/lib/python3.12/site-packages/airflow/example_dags/example_short_circuit_operator.py
[2024-10-17T19:42:21.023+0000] {processor.py:925} INFO - DAG(s) 'example_short_circuit_operator' retrieved from /home/airflow/.local/lib/python3.12/site-packages/airflow/example_dags/example_short_circuit_operator.py
[2024-10-17T19:42:21.036+0000] {logging_mixin.py:190} INFO - [2024-10-17T19:42:21.036+0000] {dag.py:3239} INFO - Sync 1 DAGs
[2024-10-17T19:42:21.043+0000] {logging_mixin.py:190} INFO - [2024-10-17T19:42:21.043+0000] {dag.py:4180} INFO - Setting next_dagrun for example_short_circuit_operator to None, run_after=None
[2024-10-17T19:42:21.053+0000] {processor.py:208} INFO - Processing /home/airflow/.local/lib/python3.12/site-packages/airflow/example_dags/example_short_circuit_operator.py took 0.042 seconds
[2024-10-17T19:43:59.717+0000] {processor.py:186} INFO - Started process (PID=65) to work on /home/airflow/.local/lib/python3.12/site-packages/airflow/example_dags/example_short_circuit_operator.py
[2024-10-17T19:43:59.718+0000] {processor.py:914} INFO - Processing file /home/airflow/.local/lib/python3.12/site-packages/airflow/example_dags/example_short_circuit_operator.py for tasks to queue
[2024-10-17T19:43:59.721+0000] {logging_mixin.py:190} INFO - [2024-10-17T19:43:59.721+0000] {dagbag.py:588} INFO - Filling up the DagBag from /home/airflow/.local/lib/python3.12/site-packages/airflow/example_dags/example_short_circuit_operator.py
[2024-10-17T19:43:59.736+0000] {processor.py:925} INFO - DAG(s) 'example_short_circuit_operator' retrieved from /home/airflow/.local/lib/python3.12/site-packages/airflow/example_dags/example_short_circuit_operator.py
[2024-10-17T19:43:59.800+0000] {logging_mixin.py:190} INFO - [2024-10-17T19:43:59.799+0000] {override.py:1900} INFO - Created Permission View: can delete on DAG:example_short_circuit_operator
[2024-10-17T19:43:59.804+0000] {logging_mixin.py:190} INFO - [2024-10-17T19:43:59.804+0000] {override.py:1900} INFO - Created Permission View: can edit on DAG:example_short_circuit_operator
[2024-10-17T19:43:59.807+0000] {logging_mixin.py:190} INFO - [2024-10-17T19:43:59.807+0000] {override.py:1900} INFO - Created Permission View: can read on DAG:example_short_circuit_operator
[2024-10-17T19:43:59.810+0000] {logging_mixin.py:190} INFO - [2024-10-17T19:43:59.809+0000] {override.py:1900} INFO - Created Permission View: can delete on DAG Run:example_short_circuit_operator
[2024-10-17T19:43:59.812+0000] {logging_mixin.py:190} INFO - [2024-10-17T19:43:59.812+0000] {override.py:1900} INFO - Created Permission View: can create on DAG Run:example_short_circuit_operator
[2024-10-17T19:43:59.814+0000] {logging_mixin.py:190} INFO - [2024-10-17T19:43:59.814+0000] {override.py:1900} INFO - Created Permission View: menu access on DAG Run:example_short_circuit_operator
[2024-10-17T19:43:59.817+0000] {logging_mixin.py:190} INFO - [2024-10-17T19:43:59.817+0000] {override.py:1900} INFO - Created Permission View: can read on DAG Run:example_short_circuit_operator
[2024-10-17T19:43:59.817+0000] {logging_mixin.py:190} INFO - [2024-10-17T19:43:59.817+0000] {dag.py:3239} INFO - Sync 1 DAGs
[2024-10-17T19:43:59.823+0000] {logging_mixin.py:190} INFO - [2024-10-17T19:43:59.823+0000] {dag.py:3262} INFO - Creating ORM DAG for example_short_circuit_operator
[2024-10-17T19:43:59.823+0000] {logging_mixin.py:190} INFO - [2024-10-17T19:43:59.823+0000] {dag.py:4180} INFO - Setting next_dagrun for example_short_circuit_operator to None, run_after=None
[2024-10-17T19:43:59.830+0000] {processor.py:208} INFO - Processing /home/airflow/.local/lib/python3.12/site-packages/airflow/example_dags/example_short_circuit_operator.py took 0.119 seconds
[2024-10-17T19:44:30.802+0000] {processor.py:186} INFO - Started process (PID=128) to work on /home/airflow/.local/lib/python3.12/site-packages/airflow/example_dags/example_short_circuit_operator.py
[2024-10-17T19:44:30.803+0000] {processor.py:914} INFO - Processing file /home/airflow/.local/lib/python3.12/site-packages/airflow/example_dags/example_short_circuit_operator.py for tasks to queue
[2024-10-17T19:44:30.805+0000] {logging_mixin.py:190} INFO - [2024-10-17T19:44:30.805+0000] {dagbag.py:588} INFO - Filling up the DagBag from /home/airflow/.local/lib/python3.12/site-packages/airflow/example_dags/example_short_circuit_operator.py
[2024-10-17T19:44:30.812+0000] {processor.py:925} INFO - DAG(s) 'example_short_circuit_operator' retrieved from /home/airflow/.local/lib/python3.12/site-packages/airflow/example_dags/example_short_circuit_operator.py
[2024-10-17T19:44:30.829+0000] {logging_mixin.py:190} INFO - [2024-10-17T19:44:30.829+0000] {dag.py:3239} INFO - Sync 1 DAGs
[2024-10-17T19:44:30.837+0000] {logging_mixin.py:190} INFO - [2024-10-17T19:44:30.837+0000] {dag.py:4180} INFO - Setting next_dagrun for example_short_circuit_operator to None, run_after=None
[2024-10-17T19:44:30.848+0000] {processor.py:208} INFO - Processing /home/airflow/.local/lib/python3.12/site-packages/airflow/example_dags/example_short_circuit_operator.py took 0.050 seconds
[2024-10-17T19:45:01.370+0000] {processor.py:186} INFO - Started process (PID=191) to work on /home/airflow/.local/lib/python3.12/site-packages/airflow/example_dags/example_short_circuit_operator.py
[2024-10-17T19:45:01.371+0000] {processor.py:914} INFO - Processing file /home/airflow/.local/lib/python3.12/site-packages/airflow/example_dags/example_short_circuit_operator.py for tasks to queue
[2024-10-17T19:45:01.373+0000] {logging_mixin.py:190} INFO - [2024-10-17T19:45:01.373+0000] {dagbag.py:588} INFO - Filling up the DagBag from /home/airflow/.local/lib/python3.12/site-packages/airflow/example_dags/example_short_circuit_operator.py
[2024-10-17T19:45:01.378+0000] {processor.py:925} INFO - DAG(s) 'example_short_circuit_operator' retrieved from /home/airflow/.local/lib/python3.12/site-packages/airflow/example_dags/example_short_circuit_operator.py
[2024-10-17T19:45:01.393+0000] {logging_mixin.py:190} INFO - [2024-10-17T19:45:01.392+0000] {dag.py:3239} INFO - Sync 1 DAGs
[2024-10-17T19:45:01.401+0000] {logging_mixin.py:190} INFO - [2024-10-17T19:45:01.401+0000] {dag.py:4180} INFO - Setting next_dagrun for example_short_circuit_operator to None, run_after=None
[2024-10-17T19:45:01.410+0000] {processor.py:208} INFO - Processing /home/airflow/.local/lib/python3.12/site-packages/airflow/example_dags/example_short_circuit_operator.py took 0.044 seconds
[2024-10-17T19:45:31.955+0000] {processor.py:186} INFO - Started process (PID=254) to work on /home/airflow/.local/lib/python3.12/site-packages/airflow/example_dags/example_short_circuit_operator.py
[2024-10-17T19:45:31.956+0000] {processor.py:914} INFO - Processing file /home/airflow/.local/lib/python3.12/site-packages/airflow/example_dags/example_short_circuit_operator.py for tasks to queue
[2024-10-17T19:45:31.957+0000] {logging_mixin.py:190} INFO - [2024-10-17T19:45:31.957+0000] {dagbag.py:588} INFO - Filling up the DagBag from /home/airflow/.local/lib/python3.12/site-packages/airflow/example_dags/example_short_circuit_operator.py
[2024-10-17T19:45:31.963+0000] {processor.py:925} INFO - DAG(s) 'example_short_circuit_operator' retrieved from /home/airflow/.local/lib/python3.12/site-packages/airflow/example_dags/example_short_circuit_operator.py
[2024-10-17T19:45:31.976+0000] {logging_mixin.py:190} INFO - [2024-10-17T19:45:31.976+0000] {dag.py:3239} INFO - Sync 1 DAGs
[2024-10-17T19:45:31.984+0000] {logging_mixin.py:190} INFO - [2024-10-17T19:45:31.984+0000] {dag.py:4180} INFO - Setting next_dagrun for example_short_circuit_operator to None, run_after=None
[2024-10-17T19:45:31.995+0000] {processor.py:208} INFO - Processing /home/airflow/.local/lib/python3.12/site-packages/airflow/example_dags/example_short_circuit_operator.py took 0.044 seconds
[2024-10-17T19:46:02.495+0000] {processor.py:186} INFO - Started process (PID=317) to work on /home/airflow/.local/lib/python3.12/site-packages/airflow/example_dags/example_short_circuit_operator.py
[2024-10-17T19:46:02.496+0000] {processor.py:914} INFO - Processing file /home/airflow/.local/lib/python3.12/site-packages/airflow/example_dags/example_short_circuit_operator.py for tasks to queue
[2024-10-17T19:46:02.498+0000] {logging_mixin.py:190} INFO - [2024-10-17T19:46:02.497+0000] {dagbag.py:588} INFO - Filling up the DagBag from /home/airflow/.local/lib/python3.12/site-packages/airflow/example_dags/example_short_circuit_operator.py
[2024-10-17T19:46:02.503+0000] {processor.py:925} INFO - DAG(s) 'example_short_circuit_operator' retrieved from /home/airflow/.local/lib/python3.12/site-packages/airflow/example_dags/example_short_circuit_operator.py
[2024-10-17T19:46:02.515+0000] {logging_mixin.py:190} INFO - [2024-10-17T19:46:02.515+0000] {dag.py:3239} INFO - Sync 1 DAGs
[2024-10-17T19:46:02.522+0000] {logging_mixin.py:190} INFO - [2024-10-17T19:46:02.522+0000] {dag.py:4180} INFO - Setting next_dagrun for example_short_circuit_operator to None, run_after=None
[2024-10-17T19:46:02.531+0000] {processor.py:208} INFO - Processing /home/airflow/.local/lib/python3.12/site-packages/airflow/example_dags/example_short_circuit_operator.py took 0.040 seconds
[2024-10-17T19:46:32.895+0000] {processor.py:186} INFO - Started process (PID=380) to work on /home/airflow/.local/lib/python3.12/site-packages/airflow/example_dags/example_short_circuit_operator.py
[2024-10-17T19:46:32.896+0000] {processor.py:914} INFO - Processing file /home/airflow/.local/lib/python3.12/site-packages/airflow/example_dags/example_short_circuit_operator.py for tasks to queue
[2024-10-17T19:46:32.897+0000] {logging_mixin.py:190} INFO - [2024-10-17T19:46:32.897+0000] {dagbag.py:588} INFO - Filling up the DagBag from /home/airflow/.local/lib/python3.12/site-packages/airflow/example_dags/example_short_circuit_operator.py
[2024-10-17T19:46:32.903+0000] {processor.py:925} INFO - DAG(s) 'example_short_circuit_operator' retrieved from /home/airflow/.local/lib/python3.12/site-packages/airflow/example_dags/example_short_circuit_operator.py
[2024-10-17T19:46:32.915+0000] {logging_mixin.py:190} INFO - [2024-10-17T19:46:32.915+0000] {dag.py:3239} INFO - Sync 1 DAGs
[2024-10-17T19:46:32.922+0000] {logging_mixin.py:190} INFO - [2024-10-17T19:46:32.922+0000] {dag.py:4180} INFO - Setting next_dagrun for example_short_circuit_operator to None, run_after=None
[2024-10-17T19:46:32.931+0000] {processor.py:208} INFO - Processing /home/airflow/.local/lib/python3.12/site-packages/airflow/example_dags/example_short_circuit_operator.py took 0.040 seconds
[2024-10-17T19:47:03.406+0000] {processor.py:186} INFO - Started process (PID=443) to work on /home/airflow/.local/lib/python3.12/site-packages/airflow/example_dags/example_short_circuit_operator.py
[2024-10-17T19:47:03.407+0000] {processor.py:914} INFO - Processing file /home/airflow/.local/lib/python3.12/site-packages/airflow/example_dags/example_short_circuit_operator.py for tasks to queue
[2024-10-17T19:47:03.409+0000] {logging_mixin.py:190} INFO - [2024-10-17T19:47:03.409+0000] {dagbag.py:588} INFO - Filling up the DagBag from /home/airflow/.local/lib/python3.12/site-packages/airflow/example_dags/example_short_circuit_operator.py
[2024-10-17T19:47:03.414+0000] {processor.py:925} INFO - DAG(s) 'example_short_circuit_operator' retrieved from /home/airflow/.local/lib/python3.12/site-packages/airflow/example_dags/example_short_circuit_operator.py
[2024-10-17T19:47:03.428+0000] {logging_mixin.py:190} INFO - [2024-10-17T19:47:03.427+0000] {dag.py:3239} INFO - Sync 1 DAGs
[2024-10-17T19:47:03.439+0000] {logging_mixin.py:190} INFO - [2024-10-17T19:47:03.439+0000] {dag.py:4180} INFO - Setting next_dagrun for example_short_circuit_operator to None, run_after=None
[2024-10-17T19:47:03.447+0000] {processor.py:208} INFO - Processing /home/airflow/.local/lib/python3.12/site-packages/airflow/example_dags/example_short_circuit_operator.py took 0.044 seconds
[2024-10-17T19:47:34.037+0000] {processor.py:186} INFO - Started process (PID=506) to work on /home/airflow/.local/lib/python3.12/site-packages/airflow/example_dags/example_short_circuit_operator.py
[2024-10-17T19:47:34.038+0000] {processor.py:914} INFO - Processing file /home/airflow/.local/lib/python3.12/site-packages/airflow/example_dags/example_short_circuit_operator.py for tasks to queue
[2024-10-17T19:47:34.040+0000] {logging_mixin.py:190} INFO - [2024-10-17T19:47:34.040+0000] {dagbag.py:588} INFO - Filling up the DagBag from /home/airflow/.local/lib/python3.12/site-packages/airflow/example_dags/example_short_circuit_operator.py
[2024-10-17T19:47:34.046+0000] {processor.py:925} INFO - DAG(s) 'example_short_circuit_operator' retrieved from /home/airflow/.local/lib/python3.12/site-packages/airflow/example_dags/example_short_circuit_operator.py
[2024-10-17T19:47:34.061+0000] {logging_mixin.py:190} INFO - [2024-10-17T19:47:34.061+0000] {dag.py:3239} INFO - Sync 1 DAGs
[2024-10-17T19:47:34.068+0000] {logging_mixin.py:190} INFO - [2024-10-17T19:47:34.068+0000] {dag.py:4180} INFO - Setting next_dagrun for example_short_circuit_operator to None, run_after=None
[2024-10-17T19:47:34.078+0000] {processor.py:208} INFO - Processing /home/airflow/.local/lib/python3.12/site-packages/airflow/example_dags/example_short_circuit_operator.py took 0.044 seconds
[2024-10-17T19:48:04.521+0000] {processor.py:186} INFO - Started process (PID=569) to work on /home/airflow/.local/lib/python3.12/site-packages/airflow/example_dags/example_short_circuit_operator.py
[2024-10-17T19:48:04.521+0000] {processor.py:914} INFO - Processing file /home/airflow/.local/lib/python3.12/site-packages/airflow/example_dags/example_short_circuit_operator.py for tasks to queue
[2024-10-17T19:48:04.523+0000] {logging_mixin.py:190} INFO - [2024-10-17T19:48:04.523+0000] {dagbag.py:588} INFO - Filling up the DagBag from /home/airflow/.local/lib/python3.12/site-packages/airflow/example_dags/example_short_circuit_operator.py
[2024-10-17T19:48:04.528+0000] {processor.py:925} INFO - DAG(s) 'example_short_circuit_operator' retrieved from /home/airflow/.local/lib/python3.12/site-packages/airflow/example_dags/example_short_circuit_operator.py
[2024-10-17T19:48:04.541+0000] {logging_mixin.py:190} INFO - [2024-10-17T19:48:04.541+0000] {dag.py:3239} INFO - Sync 1 DAGs
[2024-10-17T19:48:04.549+0000] {logging_mixin.py:190} INFO - [2024-10-17T19:48:04.549+0000] {dag.py:4180} INFO - Setting next_dagrun for example_short_circuit_operator to None, run_after=None
[2024-10-17T19:48:04.558+0000] {processor.py:208} INFO - Processing /home/airflow/.local/lib/python3.12/site-packages/airflow/example_dags/example_short_circuit_operator.py took 0.041 seconds
