[2024-10-17T17:10:35.045+0000] {processor.py:186} INFO - Started process (PID=76) to work on /home/airflow/.local/lib/python3.12/site-packages/airflow/example_dags/example_local_kubernetes_executor.py
[2024-10-17T17:10:35.046+0000] {processor.py:914} INFO - Processing file /home/airflow/.local/lib/python3.12/site-packages/airflow/example_dags/example_local_kubernetes_executor.py for tasks to queue
[2024-10-17T17:10:35.047+0000] {logging_mixin.py:190} INFO - [2024-10-17T17:10:35.047+0000] {dagbag.py:588} INFO - Filling up the DagBag from /home/airflow/.local/lib/python3.12/site-packages/airflow/example_dags/example_local_kubernetes_executor.py
[2024-10-17T17:10:35.054+0000] {processor.py:925} INFO - DAG(s) 'example_local_kubernetes_executor' retrieved from /home/airflow/.local/lib/python3.12/site-packages/airflow/example_dags/example_local_kubernetes_executor.py
[2024-10-17T17:10:35.116+0000] {logging_mixin.py:190} INFO - [2024-10-17T17:10:35.116+0000] {override.py:1900} INFO - Created Permission View: can delete on DAG:example_local_kubernetes_executor
[2024-10-17T17:10:35.121+0000] {logging_mixin.py:190} INFO - [2024-10-17T17:10:35.121+0000] {override.py:1900} INFO - Created Permission View: can edit on DAG:example_local_kubernetes_executor
[2024-10-17T17:10:35.124+0000] {logging_mixin.py:190} INFO - [2024-10-17T17:10:35.124+0000] {override.py:1900} INFO - Created Permission View: can read on DAG:example_local_kubernetes_executor
[2024-10-17T17:10:35.127+0000] {logging_mixin.py:190} INFO - [2024-10-17T17:10:35.127+0000] {override.py:1900} INFO - Created Permission View: can create on DAG Run:example_local_kubernetes_executor
[2024-10-17T17:10:35.130+0000] {logging_mixin.py:190} INFO - [2024-10-17T17:10:35.130+0000] {override.py:1900} INFO - Created Permission View: can delete on DAG Run:example_local_kubernetes_executor
[2024-10-17T17:10:35.133+0000] {logging_mixin.py:190} INFO - [2024-10-17T17:10:35.133+0000] {override.py:1900} INFO - Created Permission View: can read on DAG Run:example_local_kubernetes_executor
[2024-10-17T17:10:35.136+0000] {logging_mixin.py:190} INFO - [2024-10-17T17:10:35.136+0000] {override.py:1900} INFO - Created Permission View: menu access on DAG Run:example_local_kubernetes_executor
[2024-10-17T17:10:35.136+0000] {logging_mixin.py:190} INFO - [2024-10-17T17:10:35.136+0000] {dag.py:3239} INFO - Sync 1 DAGs
[2024-10-17T17:10:35.142+0000] {logging_mixin.py:190} INFO - [2024-10-17T17:10:35.142+0000] {dag.py:3262} INFO - Creating ORM DAG for example_local_kubernetes_executor
[2024-10-17T17:10:35.143+0000] {logging_mixin.py:190} INFO - [2024-10-17T17:10:35.143+0000] {dag.py:4180} INFO - Setting next_dagrun for example_local_kubernetes_executor to None, run_after=None
[2024-10-17T17:10:35.150+0000] {processor.py:208} INFO - Processing /home/airflow/.local/lib/python3.12/site-packages/airflow/example_dags/example_local_kubernetes_executor.py took 0.109 seconds
[2024-10-17T17:11:05.549+0000] {processor.py:186} INFO - Started process (PID=138) to work on /home/airflow/.local/lib/python3.12/site-packages/airflow/example_dags/example_local_kubernetes_executor.py
[2024-10-17T17:11:05.550+0000] {processor.py:914} INFO - Processing file /home/airflow/.local/lib/python3.12/site-packages/airflow/example_dags/example_local_kubernetes_executor.py for tasks to queue
[2024-10-17T17:11:05.551+0000] {logging_mixin.py:190} INFO - [2024-10-17T17:11:05.551+0000] {dagbag.py:588} INFO - Filling up the DagBag from /home/airflow/.local/lib/python3.12/site-packages/airflow/example_dags/example_local_kubernetes_executor.py
[2024-10-17T17:11:05.556+0000] {processor.py:925} INFO - DAG(s) 'example_local_kubernetes_executor' retrieved from /home/airflow/.local/lib/python3.12/site-packages/airflow/example_dags/example_local_kubernetes_executor.py
[2024-10-17T17:11:05.573+0000] {logging_mixin.py:190} INFO - [2024-10-17T17:11:05.573+0000] {dag.py:3239} INFO - Sync 1 DAGs
[2024-10-17T17:11:05.580+0000] {logging_mixin.py:190} INFO - [2024-10-17T17:11:05.580+0000] {dag.py:4180} INFO - Setting next_dagrun for example_local_kubernetes_executor to None, run_after=None
[2024-10-17T17:11:05.590+0000] {processor.py:208} INFO - Processing /home/airflow/.local/lib/python3.12/site-packages/airflow/example_dags/example_local_kubernetes_executor.py took 0.044 seconds
[2024-10-17T17:11:35.843+0000] {processor.py:186} INFO - Started process (PID=200) to work on /home/airflow/.local/lib/python3.12/site-packages/airflow/example_dags/example_local_kubernetes_executor.py
[2024-10-17T17:11:35.844+0000] {processor.py:914} INFO - Processing file /home/airflow/.local/lib/python3.12/site-packages/airflow/example_dags/example_local_kubernetes_executor.py for tasks to queue
[2024-10-17T17:11:35.845+0000] {logging_mixin.py:190} INFO - [2024-10-17T17:11:35.845+0000] {dagbag.py:588} INFO - Filling up the DagBag from /home/airflow/.local/lib/python3.12/site-packages/airflow/example_dags/example_local_kubernetes_executor.py
[2024-10-17T17:11:35.851+0000] {processor.py:925} INFO - DAG(s) 'example_local_kubernetes_executor' retrieved from /home/airflow/.local/lib/python3.12/site-packages/airflow/example_dags/example_local_kubernetes_executor.py
[2024-10-17T17:11:35.868+0000] {logging_mixin.py:190} INFO - [2024-10-17T17:11:35.868+0000] {dag.py:3239} INFO - Sync 1 DAGs
[2024-10-17T17:11:35.875+0000] {logging_mixin.py:190} INFO - [2024-10-17T17:11:35.875+0000] {dag.py:4180} INFO - Setting next_dagrun for example_local_kubernetes_executor to None, run_after=None
[2024-10-17T17:11:35.884+0000] {processor.py:208} INFO - Processing /home/airflow/.local/lib/python3.12/site-packages/airflow/example_dags/example_local_kubernetes_executor.py took 0.044 seconds
[2024-10-17T17:12:06.331+0000] {processor.py:186} INFO - Started process (PID=262) to work on /home/airflow/.local/lib/python3.12/site-packages/airflow/example_dags/example_local_kubernetes_executor.py
[2024-10-17T17:12:06.332+0000] {processor.py:914} INFO - Processing file /home/airflow/.local/lib/python3.12/site-packages/airflow/example_dags/example_local_kubernetes_executor.py for tasks to queue
[2024-10-17T17:12:06.334+0000] {logging_mixin.py:190} INFO - [2024-10-17T17:12:06.333+0000] {dagbag.py:588} INFO - Filling up the DagBag from /home/airflow/.local/lib/python3.12/site-packages/airflow/example_dags/example_local_kubernetes_executor.py
[2024-10-17T17:12:06.340+0000] {processor.py:925} INFO - DAG(s) 'example_local_kubernetes_executor' retrieved from /home/airflow/.local/lib/python3.12/site-packages/airflow/example_dags/example_local_kubernetes_executor.py
[2024-10-17T17:12:06.357+0000] {logging_mixin.py:190} INFO - [2024-10-17T17:12:06.357+0000] {dag.py:3239} INFO - Sync 1 DAGs
[2024-10-17T17:12:06.364+0000] {logging_mixin.py:190} INFO - [2024-10-17T17:12:06.364+0000] {dag.py:4180} INFO - Setting next_dagrun for example_local_kubernetes_executor to None, run_after=None
[2024-10-17T17:12:06.375+0000] {processor.py:208} INFO - Processing /home/airflow/.local/lib/python3.12/site-packages/airflow/example_dags/example_local_kubernetes_executor.py took 0.048 seconds
