[2024-10-17T17:10:32.940+0000] {processor.py:186} INFO - Started process (PID=47) to work on /home/airflow/.local/lib/python3.12/site-packages/airflow/example_dags/example_outlet_event_extra.py
[2024-10-17T17:10:32.941+0000] {processor.py:914} INFO - Processing file /home/airflow/.local/lib/python3.12/site-packages/airflow/example_dags/example_outlet_event_extra.py for tasks to queue
[2024-10-17T17:10:32.945+0000] {logging_mixin.py:190} INFO - [2024-10-17T17:10:32.942+0000] {dagbag.py:588} INFO - Filling up the DagBag from /home/airflow/.local/lib/python3.12/site-packages/airflow/example_dags/example_outlet_event_extra.py
[2024-10-17T17:10:33.030+0000] {processor.py:925} INFO - DAG(s) 'dataset_with_extra_from_classic_operator', 'dataset_with_extra_by_yield', 'dataset_with_extra_by_context' retrieved from /home/airflow/.local/lib/python3.12/site-packages/airflow/example_dags/example_outlet_event_extra.py
[2024-10-17T17:10:33.099+0000] {logging_mixin.py:190} INFO - [2024-10-17T17:10:33.099+0000] {override.py:1900} INFO - Created Permission View: can delete on DAG:dataset_with_extra_from_classic_operator
[2024-10-17T17:10:33.103+0000] {logging_mixin.py:190} INFO - [2024-10-17T17:10:33.103+0000] {override.py:1900} INFO - Created Permission View: can edit on DAG:dataset_with_extra_from_classic_operator
[2024-10-17T17:10:33.106+0000] {logging_mixin.py:190} INFO - [2024-10-17T17:10:33.106+0000] {override.py:1900} INFO - Created Permission View: can read on DAG:dataset_with_extra_from_classic_operator
[2024-10-17T17:10:33.109+0000] {logging_mixin.py:190} INFO - [2024-10-17T17:10:33.108+0000] {override.py:1900} INFO - Created Permission View: can create on DAG Run:dataset_with_extra_from_classic_operator
[2024-10-17T17:10:33.111+0000] {logging_mixin.py:190} INFO - [2024-10-17T17:10:33.111+0000] {override.py:1900} INFO - Created Permission View: can delete on DAG Run:dataset_with_extra_from_classic_operator
[2024-10-17T17:10:33.113+0000] {logging_mixin.py:190} INFO - [2024-10-17T17:10:33.113+0000] {override.py:1900} INFO - Created Permission View: can read on DAG Run:dataset_with_extra_from_classic_operator
[2024-10-17T17:10:33.116+0000] {logging_mixin.py:190} INFO - [2024-10-17T17:10:33.116+0000] {override.py:1900} INFO - Created Permission View: menu access on DAG Run:dataset_with_extra_from_classic_operator
[2024-10-17T17:10:33.122+0000] {logging_mixin.py:190} INFO - [2024-10-17T17:10:33.121+0000] {override.py:1900} INFO - Created Permission View: can delete on DAG:dataset_with_extra_by_yield
[2024-10-17T17:10:33.124+0000] {logging_mixin.py:190} INFO - [2024-10-17T17:10:33.124+0000] {override.py:1900} INFO - Created Permission View: can edit on DAG:dataset_with_extra_by_yield
[2024-10-17T17:10:33.127+0000] {logging_mixin.py:190} INFO - [2024-10-17T17:10:33.127+0000] {override.py:1900} INFO - Created Permission View: can read on DAG:dataset_with_extra_by_yield
[2024-10-17T17:10:33.129+0000] {logging_mixin.py:190} INFO - [2024-10-17T17:10:33.129+0000] {override.py:1900} INFO - Created Permission View: can create on DAG Run:dataset_with_extra_by_yield
[2024-10-17T17:10:33.132+0000] {logging_mixin.py:190} INFO - [2024-10-17T17:10:33.132+0000] {override.py:1900} INFO - Created Permission View: can delete on DAG Run:dataset_with_extra_by_yield
[2024-10-17T17:10:33.134+0000] {logging_mixin.py:190} INFO - [2024-10-17T17:10:33.134+0000] {override.py:1900} INFO - Created Permission View: can read on DAG Run:dataset_with_extra_by_yield
[2024-10-17T17:10:33.137+0000] {logging_mixin.py:190} INFO - [2024-10-17T17:10:33.137+0000] {override.py:1900} INFO - Created Permission View: menu access on DAG Run:dataset_with_extra_by_yield
[2024-10-17T17:10:33.142+0000] {logging_mixin.py:190} INFO - [2024-10-17T17:10:33.142+0000] {override.py:1900} INFO - Created Permission View: can delete on DAG:dataset_with_extra_by_context
[2024-10-17T17:10:33.144+0000] {logging_mixin.py:190} INFO - [2024-10-17T17:10:33.144+0000] {override.py:1900} INFO - Created Permission View: can edit on DAG:dataset_with_extra_by_context
[2024-10-17T17:10:33.147+0000] {logging_mixin.py:190} INFO - [2024-10-17T17:10:33.147+0000] {override.py:1900} INFO - Created Permission View: can read on DAG:dataset_with_extra_by_context
[2024-10-17T17:10:33.150+0000] {logging_mixin.py:190} INFO - [2024-10-17T17:10:33.150+0000] {override.py:1900} INFO - Created Permission View: can create on DAG Run:dataset_with_extra_by_context
[2024-10-17T17:10:33.153+0000] {logging_mixin.py:190} INFO - [2024-10-17T17:10:33.153+0000] {override.py:1900} INFO - Created Permission View: can delete on DAG Run:dataset_with_extra_by_context
[2024-10-17T17:10:33.156+0000] {logging_mixin.py:190} INFO - [2024-10-17T17:10:33.155+0000] {override.py:1900} INFO - Created Permission View: can read on DAG Run:dataset_with_extra_by_context
[2024-10-17T17:10:33.158+0000] {logging_mixin.py:190} INFO - [2024-10-17T17:10:33.158+0000] {override.py:1900} INFO - Created Permission View: menu access on DAG Run:dataset_with_extra_by_context
[2024-10-17T17:10:33.159+0000] {logging_mixin.py:190} INFO - [2024-10-17T17:10:33.158+0000] {dag.py:3239} INFO - Sync 3 DAGs
[2024-10-17T17:10:33.165+0000] {logging_mixin.py:190} INFO - [2024-10-17T17:10:33.165+0000] {dag.py:3262} INFO - Creating ORM DAG for dataset_with_extra_from_classic_operator
[2024-10-17T17:10:33.165+0000] {logging_mixin.py:190} INFO - [2024-10-17T17:10:33.165+0000] {dag.py:3262} INFO - Creating ORM DAG for dataset_with_extra_by_yield
[2024-10-17T17:10:33.165+0000] {logging_mixin.py:190} INFO - [2024-10-17T17:10:33.165+0000] {dag.py:3262} INFO - Creating ORM DAG for dataset_with_extra_by_context
[2024-10-17T17:10:33.172+0000] {logging_mixin.py:190} INFO - [2024-10-17T17:10:33.172+0000] {dag.py:4180} INFO - Setting next_dagrun for dataset_with_extra_by_context to 2024-10-16 00:00:00+00:00, run_after=2024-10-17 00:00:00+00:00
[2024-10-17T17:10:33.174+0000] {logging_mixin.py:190} INFO - [2024-10-17T17:10:33.174+0000] {dag.py:4180} INFO - Setting next_dagrun for dataset_with_extra_by_yield to 2024-10-16 00:00:00+00:00, run_after=2024-10-17 00:00:00+00:00
[2024-10-17T17:10:33.175+0000] {logging_mixin.py:190} INFO - [2024-10-17T17:10:33.175+0000] {dag.py:4180} INFO - Setting next_dagrun for dataset_with_extra_from_classic_operator to 2024-10-16 00:00:00+00:00, run_after=2024-10-17 00:00:00+00:00
[2024-10-17T17:10:33.189+0000] {processor.py:208} INFO - Processing /home/airflow/.local/lib/python3.12/site-packages/airflow/example_dags/example_outlet_event_extra.py took 0.252 seconds
[2024-10-17T17:11:03.541+0000] {processor.py:186} INFO - Started process (PID=109) to work on /home/airflow/.local/lib/python3.12/site-packages/airflow/example_dags/example_outlet_event_extra.py
[2024-10-17T17:11:03.542+0000] {processor.py:914} INFO - Processing file /home/airflow/.local/lib/python3.12/site-packages/airflow/example_dags/example_outlet_event_extra.py for tasks to queue
[2024-10-17T17:11:03.543+0000] {logging_mixin.py:190} INFO - [2024-10-17T17:11:03.543+0000] {dagbag.py:588} INFO - Filling up the DagBag from /home/airflow/.local/lib/python3.12/site-packages/airflow/example_dags/example_outlet_event_extra.py
[2024-10-17T17:11:03.616+0000] {processor.py:925} INFO - DAG(s) 'dataset_with_extra_from_classic_operator', 'dataset_with_extra_by_yield', 'dataset_with_extra_by_context' retrieved from /home/airflow/.local/lib/python3.12/site-packages/airflow/example_dags/example_outlet_event_extra.py
[2024-10-17T17:11:03.635+0000] {logging_mixin.py:190} INFO - [2024-10-17T17:11:03.635+0000] {dag.py:3239} INFO - Sync 3 DAGs
[2024-10-17T17:11:03.648+0000] {logging_mixin.py:190} INFO - [2024-10-17T17:11:03.648+0000] {dag.py:4180} INFO - Setting next_dagrun for dataset_with_extra_by_context to 2024-10-16 00:00:00+00:00, run_after=2024-10-17 00:00:00+00:00
[2024-10-17T17:11:03.651+0000] {logging_mixin.py:190} INFO - [2024-10-17T17:11:03.650+0000] {dag.py:4180} INFO - Setting next_dagrun for dataset_with_extra_by_yield to 2024-10-16 00:00:00+00:00, run_after=2024-10-17 00:00:00+00:00
[2024-10-17T17:11:03.652+0000] {logging_mixin.py:190} INFO - [2024-10-17T17:11:03.652+0000] {dag.py:4180} INFO - Setting next_dagrun for dataset_with_extra_from_classic_operator to 2024-10-16 00:00:00+00:00, run_after=2024-10-17 00:00:00+00:00
[2024-10-17T17:11:03.662+0000] {processor.py:208} INFO - Processing /home/airflow/.local/lib/python3.12/site-packages/airflow/example_dags/example_outlet_event_extra.py took 0.124 seconds
[2024-10-17T17:11:33.767+0000] {processor.py:186} INFO - Started process (PID=171) to work on /home/airflow/.local/lib/python3.12/site-packages/airflow/example_dags/example_outlet_event_extra.py
[2024-10-17T17:11:33.767+0000] {processor.py:914} INFO - Processing file /home/airflow/.local/lib/python3.12/site-packages/airflow/example_dags/example_outlet_event_extra.py for tasks to queue
[2024-10-17T17:11:33.769+0000] {logging_mixin.py:190} INFO - [2024-10-17T17:11:33.769+0000] {dagbag.py:588} INFO - Filling up the DagBag from /home/airflow/.local/lib/python3.12/site-packages/airflow/example_dags/example_outlet_event_extra.py
[2024-10-17T17:11:33.844+0000] {processor.py:925} INFO - DAG(s) 'dataset_with_extra_from_classic_operator', 'dataset_with_extra_by_yield', 'dataset_with_extra_by_context' retrieved from /home/airflow/.local/lib/python3.12/site-packages/airflow/example_dags/example_outlet_event_extra.py
[2024-10-17T17:11:33.858+0000] {logging_mixin.py:190} INFO - [2024-10-17T17:11:33.858+0000] {dag.py:3239} INFO - Sync 3 DAGs
[2024-10-17T17:11:33.871+0000] {logging_mixin.py:190} INFO - [2024-10-17T17:11:33.871+0000] {dag.py:4180} INFO - Setting next_dagrun for dataset_with_extra_by_context to 2024-10-16 00:00:00+00:00, run_after=2024-10-17 00:00:00+00:00
[2024-10-17T17:11:33.874+0000] {logging_mixin.py:190} INFO - [2024-10-17T17:11:33.874+0000] {dag.py:4180} INFO - Setting next_dagrun for dataset_with_extra_by_yield to 2024-10-16 00:00:00+00:00, run_after=2024-10-17 00:00:00+00:00
[2024-10-17T17:11:33.875+0000] {logging_mixin.py:190} INFO - [2024-10-17T17:11:33.875+0000] {dag.py:4180} INFO - Setting next_dagrun for dataset_with_extra_from_classic_operator to 2024-10-16 00:00:00+00:00, run_after=2024-10-17 00:00:00+00:00
[2024-10-17T17:11:33.885+0000] {processor.py:208} INFO - Processing /home/airflow/.local/lib/python3.12/site-packages/airflow/example_dags/example_outlet_event_extra.py took 0.122 seconds
[2024-10-17T17:12:04.236+0000] {processor.py:186} INFO - Started process (PID=234) to work on /home/airflow/.local/lib/python3.12/site-packages/airflow/example_dags/example_outlet_event_extra.py
[2024-10-17T17:12:04.237+0000] {processor.py:914} INFO - Processing file /home/airflow/.local/lib/python3.12/site-packages/airflow/example_dags/example_outlet_event_extra.py for tasks to queue
[2024-10-17T17:12:04.239+0000] {logging_mixin.py:190} INFO - [2024-10-17T17:12:04.238+0000] {dagbag.py:588} INFO - Filling up the DagBag from /home/airflow/.local/lib/python3.12/site-packages/airflow/example_dags/example_outlet_event_extra.py
[2024-10-17T17:12:04.318+0000] {processor.py:925} INFO - DAG(s) 'dataset_with_extra_by_context', 'dataset_with_extra_from_classic_operator', 'dataset_with_extra_by_yield' retrieved from /home/airflow/.local/lib/python3.12/site-packages/airflow/example_dags/example_outlet_event_extra.py
[2024-10-17T17:12:04.333+0000] {logging_mixin.py:190} INFO - [2024-10-17T17:12:04.333+0000] {dag.py:3239} INFO - Sync 3 DAGs
[2024-10-17T17:12:04.345+0000] {logging_mixin.py:190} INFO - [2024-10-17T17:12:04.345+0000] {dag.py:4180} INFO - Setting next_dagrun for dataset_with_extra_by_context to 2024-10-16 00:00:00+00:00, run_after=2024-10-17 00:00:00+00:00
[2024-10-17T17:12:04.348+0000] {logging_mixin.py:190} INFO - [2024-10-17T17:12:04.348+0000] {dag.py:4180} INFO - Setting next_dagrun for dataset_with_extra_by_yield to 2024-10-16 00:00:00+00:00, run_after=2024-10-17 00:00:00+00:00
[2024-10-17T17:12:04.350+0000] {logging_mixin.py:190} INFO - [2024-10-17T17:12:04.349+0000] {dag.py:4180} INFO - Setting next_dagrun for dataset_with_extra_from_classic_operator to 2024-10-16 00:00:00+00:00, run_after=2024-10-17 00:00:00+00:00
[2024-10-17T17:12:04.361+0000] {processor.py:208} INFO - Processing /home/airflow/.local/lib/python3.12/site-packages/airflow/example_dags/example_outlet_event_extra.py took 0.128 seconds
