[2024-10-17T17:10:32.668+0000] {processor.py:186} INFO - Started process (PID=43) to work on /home/airflow/.local/lib/python3.12/site-packages/airflow/example_dags/example_sla_dag.py
[2024-10-17T17:10:32.669+0000] {processor.py:914} INFO - Processing file /home/airflow/.local/lib/python3.12/site-packages/airflow/example_dags/example_sla_dag.py for tasks to queue
[2024-10-17T17:10:32.671+0000] {logging_mixin.py:190} INFO - [2024-10-17T17:10:32.670+0000] {dagbag.py:588} INFO - Filling up the DagBag from /home/airflow/.local/lib/python3.12/site-packages/airflow/example_dags/example_sla_dag.py
[2024-10-17T17:10:32.682+0000] {processor.py:925} INFO - DAG(s) 'example_sla_dag' retrieved from /home/airflow/.local/lib/python3.12/site-packages/airflow/example_dags/example_sla_dag.py
[2024-10-17T17:10:32.753+0000] {logging_mixin.py:190} INFO - [2024-10-17T17:10:32.752+0000] {override.py:1900} INFO - Created Permission View: can delete on DAG:example_sla_dag
[2024-10-17T17:10:32.758+0000] {logging_mixin.py:190} INFO - [2024-10-17T17:10:32.757+0000] {override.py:1900} INFO - Created Permission View: can edit on DAG:example_sla_dag
[2024-10-17T17:10:32.760+0000] {logging_mixin.py:190} INFO - [2024-10-17T17:10:32.760+0000] {override.py:1900} INFO - Created Permission View: can read on DAG:example_sla_dag
[2024-10-17T17:10:32.763+0000] {logging_mixin.py:190} INFO - [2024-10-17T17:10:32.763+0000] {override.py:1900} INFO - Created Permission View: can create on DAG Run:example_sla_dag
[2024-10-17T17:10:32.766+0000] {logging_mixin.py:190} INFO - [2024-10-17T17:10:32.766+0000] {override.py:1900} INFO - Created Permission View: can delete on DAG Run:example_sla_dag
[2024-10-17T17:10:32.769+0000] {logging_mixin.py:190} INFO - [2024-10-17T17:10:32.769+0000] {override.py:1900} INFO - Created Permission View: can read on DAG Run:example_sla_dag
[2024-10-17T17:10:32.772+0000] {logging_mixin.py:190} INFO - [2024-10-17T17:10:32.772+0000] {override.py:1900} INFO - Created Permission View: menu access on DAG Run:example_sla_dag
[2024-10-17T17:10:32.773+0000] {logging_mixin.py:190} INFO - [2024-10-17T17:10:32.773+0000] {dag.py:3239} INFO - Sync 1 DAGs
[2024-10-17T17:10:32.779+0000] {logging_mixin.py:190} INFO - [2024-10-17T17:10:32.779+0000] {dag.py:3262} INFO - Creating ORM DAG for example_sla_dag
[2024-10-17T17:10:32.789+0000] {logging_mixin.py:190} INFO - [2024-10-17T17:10:32.789+0000] {dag.py:4180} INFO - Setting next_dagrun for example_sla_dag to 2024-10-17 17:08:00+00:00, run_after=2024-10-17 17:10:00+00:00
[2024-10-17T17:10:32.797+0000] {processor.py:208} INFO - Processing /home/airflow/.local/lib/python3.12/site-packages/airflow/example_dags/example_sla_dag.py took 0.134 seconds
[2024-10-17T17:11:03.428+0000] {processor.py:186} INFO - Started process (PID=105) to work on /home/airflow/.local/lib/python3.12/site-packages/airflow/example_dags/example_sla_dag.py
[2024-10-17T17:11:03.429+0000] {processor.py:914} INFO - Processing file /home/airflow/.local/lib/python3.12/site-packages/airflow/example_dags/example_sla_dag.py for tasks to queue
[2024-10-17T17:11:03.431+0000] {logging_mixin.py:190} INFO - [2024-10-17T17:11:03.431+0000] {dagbag.py:588} INFO - Filling up the DagBag from /home/airflow/.local/lib/python3.12/site-packages/airflow/example_dags/example_sla_dag.py
[2024-10-17T17:11:03.437+0000] {processor.py:925} INFO - DAG(s) 'example_sla_dag' retrieved from /home/airflow/.local/lib/python3.12/site-packages/airflow/example_dags/example_sla_dag.py
[2024-10-17T17:11:03.448+0000] {logging_mixin.py:190} INFO - [2024-10-17T17:11:03.448+0000] {dag.py:3239} INFO - Sync 1 DAGs
[2024-10-17T17:11:03.461+0000] {logging_mixin.py:190} INFO - [2024-10-17T17:11:03.461+0000] {dag.py:4180} INFO - Setting next_dagrun for example_sla_dag to 2024-10-17 17:08:00+00:00, run_after=2024-10-17 17:10:00+00:00
[2024-10-17T17:11:03.469+0000] {processor.py:208} INFO - Processing /home/airflow/.local/lib/python3.12/site-packages/airflow/example_dags/example_sla_dag.py took 0.045 seconds
[2024-10-17T17:11:33.656+0000] {processor.py:186} INFO - Started process (PID=167) to work on /home/airflow/.local/lib/python3.12/site-packages/airflow/example_dags/example_sla_dag.py
[2024-10-17T17:11:33.657+0000] {processor.py:914} INFO - Processing file /home/airflow/.local/lib/python3.12/site-packages/airflow/example_dags/example_sla_dag.py for tasks to queue
[2024-10-17T17:11:33.658+0000] {logging_mixin.py:190} INFO - [2024-10-17T17:11:33.658+0000] {dagbag.py:588} INFO - Filling up the DagBag from /home/airflow/.local/lib/python3.12/site-packages/airflow/example_dags/example_sla_dag.py
[2024-10-17T17:11:33.664+0000] {processor.py:925} INFO - DAG(s) 'example_sla_dag' retrieved from /home/airflow/.local/lib/python3.12/site-packages/airflow/example_dags/example_sla_dag.py
[2024-10-17T17:11:33.675+0000] {logging_mixin.py:190} INFO - [2024-10-17T17:11:33.675+0000] {dag.py:3239} INFO - Sync 1 DAGs
[2024-10-17T17:11:33.688+0000] {logging_mixin.py:190} INFO - [2024-10-17T17:11:33.688+0000] {dag.py:4180} INFO - Setting next_dagrun for example_sla_dag to 2024-10-17 17:08:00+00:00, run_after=2024-10-17 17:10:00+00:00
[2024-10-17T17:11:33.696+0000] {processor.py:208} INFO - Processing /home/airflow/.local/lib/python3.12/site-packages/airflow/example_dags/example_sla_dag.py took 0.043 seconds
[2024-10-17T17:12:04.040+0000] {processor.py:186} INFO - Started process (PID=229) to work on /home/airflow/.local/lib/python3.12/site-packages/airflow/example_dags/example_sla_dag.py
[2024-10-17T17:12:04.041+0000] {processor.py:914} INFO - Processing file /home/airflow/.local/lib/python3.12/site-packages/airflow/example_dags/example_sla_dag.py for tasks to queue
[2024-10-17T17:12:04.042+0000] {logging_mixin.py:190} INFO - [2024-10-17T17:12:04.042+0000] {dagbag.py:588} INFO - Filling up the DagBag from /home/airflow/.local/lib/python3.12/site-packages/airflow/example_dags/example_sla_dag.py
[2024-10-17T17:12:04.049+0000] {processor.py:925} INFO - DAG(s) 'example_sla_dag' retrieved from /home/airflow/.local/lib/python3.12/site-packages/airflow/example_dags/example_sla_dag.py
[2024-10-17T17:12:04.060+0000] {logging_mixin.py:190} INFO - [2024-10-17T17:12:04.060+0000] {dag.py:3239} INFO - Sync 1 DAGs
[2024-10-17T17:12:04.073+0000] {logging_mixin.py:190} INFO - [2024-10-17T17:12:04.073+0000] {dag.py:4180} INFO - Setting next_dagrun for example_sla_dag to 2024-10-17 17:10:00+00:00, run_after=2024-10-17 17:12:00+00:00
[2024-10-17T17:12:04.085+0000] {processor.py:208} INFO - Processing /home/airflow/.local/lib/python3.12/site-packages/airflow/example_dags/example_sla_dag.py took 0.048 seconds
[2024-10-17T19:26:33.911+0000] {processor.py:186} INFO - Started process (PID=62) to work on /home/airflow/.local/lib/python3.12/site-packages/airflow/example_dags/example_sla_dag.py
[2024-10-17T19:26:33.911+0000] {processor.py:914} INFO - Processing file /home/airflow/.local/lib/python3.12/site-packages/airflow/example_dags/example_sla_dag.py for tasks to queue
[2024-10-17T19:26:33.913+0000] {logging_mixin.py:190} INFO - [2024-10-17T19:26:33.913+0000] {dagbag.py:588} INFO - Filling up the DagBag from /home/airflow/.local/lib/python3.12/site-packages/airflow/example_dags/example_sla_dag.py
[2024-10-17T19:26:33.923+0000] {processor.py:925} INFO - DAG(s) 'example_sla_dag' retrieved from /home/airflow/.local/lib/python3.12/site-packages/airflow/example_dags/example_sla_dag.py
[2024-10-17T19:26:34.003+0000] {logging_mixin.py:190} INFO - [2024-10-17T19:26:34.002+0000] {override.py:1900} INFO - Created Permission View: can edit on DAG:example_sla_dag
[2024-10-17T19:26:34.008+0000] {logging_mixin.py:190} INFO - [2024-10-17T19:26:34.008+0000] {override.py:1900} INFO - Created Permission View: can delete on DAG:example_sla_dag
[2024-10-17T19:26:34.012+0000] {logging_mixin.py:190} INFO - [2024-10-17T19:26:34.011+0000] {override.py:1900} INFO - Created Permission View: can read on DAG:example_sla_dag
[2024-10-17T19:26:34.015+0000] {logging_mixin.py:190} INFO - [2024-10-17T19:26:34.015+0000] {override.py:1900} INFO - Created Permission View: can delete on DAG Run:example_sla_dag
[2024-10-17T19:26:34.019+0000] {logging_mixin.py:190} INFO - [2024-10-17T19:26:34.018+0000] {override.py:1900} INFO - Created Permission View: can create on DAG Run:example_sla_dag
[2024-10-17T19:26:34.022+0000] {logging_mixin.py:190} INFO - [2024-10-17T19:26:34.022+0000] {override.py:1900} INFO - Created Permission View: can read on DAG Run:example_sla_dag
[2024-10-17T19:26:34.025+0000] {logging_mixin.py:190} INFO - [2024-10-17T19:26:34.025+0000] {override.py:1900} INFO - Created Permission View: menu access on DAG Run:example_sla_dag
[2024-10-17T19:26:34.025+0000] {logging_mixin.py:190} INFO - [2024-10-17T19:26:34.025+0000] {dag.py:3239} INFO - Sync 1 DAGs
[2024-10-17T19:26:34.033+0000] {logging_mixin.py:190} INFO - [2024-10-17T19:26:34.032+0000] {dag.py:3262} INFO - Creating ORM DAG for example_sla_dag
[2024-10-17T19:26:34.039+0000] {logging_mixin.py:190} INFO - [2024-10-17T19:26:34.039+0000] {dag.py:4180} INFO - Setting next_dagrun for example_sla_dag to 2024-10-17 19:24:00+00:00, run_after=2024-10-17 19:26:00+00:00
[2024-10-17T19:26:34.047+0000] {processor.py:208} INFO - Processing /home/airflow/.local/lib/python3.12/site-packages/airflow/example_dags/example_sla_dag.py took 0.140 seconds
[2024-10-17T19:27:04.885+0000] {processor.py:186} INFO - Started process (PID=125) to work on /home/airflow/.local/lib/python3.12/site-packages/airflow/example_dags/example_sla_dag.py
[2024-10-17T19:27:04.886+0000] {processor.py:914} INFO - Processing file /home/airflow/.local/lib/python3.12/site-packages/airflow/example_dags/example_sla_dag.py for tasks to queue
[2024-10-17T19:27:04.887+0000] {logging_mixin.py:190} INFO - [2024-10-17T19:27:04.887+0000] {dagbag.py:588} INFO - Filling up the DagBag from /home/airflow/.local/lib/python3.12/site-packages/airflow/example_dags/example_sla_dag.py
[2024-10-17T19:27:04.893+0000] {processor.py:925} INFO - DAG(s) 'example_sla_dag' retrieved from /home/airflow/.local/lib/python3.12/site-packages/airflow/example_dags/example_sla_dag.py
[2024-10-17T19:27:04.904+0000] {logging_mixin.py:190} INFO - [2024-10-17T19:27:04.904+0000] {dag.py:3239} INFO - Sync 1 DAGs
[2024-10-17T19:27:04.917+0000] {logging_mixin.py:190} INFO - [2024-10-17T19:27:04.917+0000] {dag.py:4180} INFO - Setting next_dagrun for example_sla_dag to 2024-10-17 19:24:00+00:00, run_after=2024-10-17 19:26:00+00:00
[2024-10-17T19:27:04.926+0000] {processor.py:208} INFO - Processing /home/airflow/.local/lib/python3.12/site-packages/airflow/example_dags/example_sla_dag.py took 0.044 seconds
[2024-10-17T19:27:35.374+0000] {processor.py:186} INFO - Started process (PID=188) to work on /home/airflow/.local/lib/python3.12/site-packages/airflow/example_dags/example_sla_dag.py
[2024-10-17T19:27:35.375+0000] {processor.py:914} INFO - Processing file /home/airflow/.local/lib/python3.12/site-packages/airflow/example_dags/example_sla_dag.py for tasks to queue
[2024-10-17T19:27:35.376+0000] {logging_mixin.py:190} INFO - [2024-10-17T19:27:35.376+0000] {dagbag.py:588} INFO - Filling up the DagBag from /home/airflow/.local/lib/python3.12/site-packages/airflow/example_dags/example_sla_dag.py
[2024-10-17T19:27:35.382+0000] {processor.py:925} INFO - DAG(s) 'example_sla_dag' retrieved from /home/airflow/.local/lib/python3.12/site-packages/airflow/example_dags/example_sla_dag.py
[2024-10-17T19:27:35.393+0000] {logging_mixin.py:190} INFO - [2024-10-17T19:27:35.393+0000] {dag.py:3239} INFO - Sync 1 DAGs
[2024-10-17T19:27:35.406+0000] {logging_mixin.py:190} INFO - [2024-10-17T19:27:35.406+0000] {dag.py:4180} INFO - Setting next_dagrun for example_sla_dag to 2024-10-17 19:24:00+00:00, run_after=2024-10-17 19:26:00+00:00
[2024-10-17T19:27:35.415+0000] {processor.py:208} INFO - Processing /home/airflow/.local/lib/python3.12/site-packages/airflow/example_dags/example_sla_dag.py took 0.045 seconds
[2024-10-17T19:28:05.912+0000] {processor.py:186} INFO - Started process (PID=251) to work on /home/airflow/.local/lib/python3.12/site-packages/airflow/example_dags/example_sla_dag.py
[2024-10-17T19:28:05.913+0000] {processor.py:914} INFO - Processing file /home/airflow/.local/lib/python3.12/site-packages/airflow/example_dags/example_sla_dag.py for tasks to queue
[2024-10-17T19:28:05.914+0000] {logging_mixin.py:190} INFO - [2024-10-17T19:28:05.914+0000] {dagbag.py:588} INFO - Filling up the DagBag from /home/airflow/.local/lib/python3.12/site-packages/airflow/example_dags/example_sla_dag.py
[2024-10-17T19:28:05.920+0000] {processor.py:925} INFO - DAG(s) 'example_sla_dag' retrieved from /home/airflow/.local/lib/python3.12/site-packages/airflow/example_dags/example_sla_dag.py
[2024-10-17T19:28:05.932+0000] {logging_mixin.py:190} INFO - [2024-10-17T19:28:05.931+0000] {dag.py:3239} INFO - Sync 1 DAGs
[2024-10-17T19:28:05.946+0000] {logging_mixin.py:190} INFO - [2024-10-17T19:28:05.946+0000] {dag.py:4180} INFO - Setting next_dagrun for example_sla_dag to 2024-10-17 19:26:00+00:00, run_after=2024-10-17 19:28:00+00:00
[2024-10-17T19:28:05.955+0000] {processor.py:208} INFO - Processing /home/airflow/.local/lib/python3.12/site-packages/airflow/example_dags/example_sla_dag.py took 0.047 seconds
[2024-10-17T19:28:36.561+0000] {processor.py:186} INFO - Started process (PID=314) to work on /home/airflow/.local/lib/python3.12/site-packages/airflow/example_dags/example_sla_dag.py
[2024-10-17T19:28:36.562+0000] {processor.py:914} INFO - Processing file /home/airflow/.local/lib/python3.12/site-packages/airflow/example_dags/example_sla_dag.py for tasks to queue
[2024-10-17T19:28:36.563+0000] {logging_mixin.py:190} INFO - [2024-10-17T19:28:36.563+0000] {dagbag.py:588} INFO - Filling up the DagBag from /home/airflow/.local/lib/python3.12/site-packages/airflow/example_dags/example_sla_dag.py
[2024-10-17T19:28:36.570+0000] {processor.py:925} INFO - DAG(s) 'example_sla_dag' retrieved from /home/airflow/.local/lib/python3.12/site-packages/airflow/example_dags/example_sla_dag.py
[2024-10-17T19:28:36.581+0000] {logging_mixin.py:190} INFO - [2024-10-17T19:28:36.581+0000] {dag.py:3239} INFO - Sync 1 DAGs
[2024-10-17T19:28:36.595+0000] {logging_mixin.py:190} INFO - [2024-10-17T19:28:36.595+0000] {dag.py:4180} INFO - Setting next_dagrun for example_sla_dag to 2024-10-17 19:26:00+00:00, run_after=2024-10-17 19:28:00+00:00
[2024-10-17T19:28:36.604+0000] {processor.py:208} INFO - Processing /home/airflow/.local/lib/python3.12/site-packages/airflow/example_dags/example_sla_dag.py took 0.047 seconds
[2024-10-17T19:29:07.324+0000] {processor.py:186} INFO - Started process (PID=377) to work on /home/airflow/.local/lib/python3.12/site-packages/airflow/example_dags/example_sla_dag.py
[2024-10-17T19:29:07.325+0000] {processor.py:914} INFO - Processing file /home/airflow/.local/lib/python3.12/site-packages/airflow/example_dags/example_sla_dag.py for tasks to queue
[2024-10-17T19:29:07.327+0000] {logging_mixin.py:190} INFO - [2024-10-17T19:29:07.327+0000] {dagbag.py:588} INFO - Filling up the DagBag from /home/airflow/.local/lib/python3.12/site-packages/airflow/example_dags/example_sla_dag.py
[2024-10-17T19:29:07.336+0000] {processor.py:925} INFO - DAG(s) 'example_sla_dag' retrieved from /home/airflow/.local/lib/python3.12/site-packages/airflow/example_dags/example_sla_dag.py
[2024-10-17T19:29:07.351+0000] {logging_mixin.py:190} INFO - [2024-10-17T19:29:07.351+0000] {dag.py:3239} INFO - Sync 1 DAGs
[2024-10-17T19:29:07.366+0000] {logging_mixin.py:190} INFO - [2024-10-17T19:29:07.366+0000] {dag.py:4180} INFO - Setting next_dagrun for example_sla_dag to 2024-10-17 19:26:00+00:00, run_after=2024-10-17 19:28:00+00:00
[2024-10-17T19:29:07.376+0000] {processor.py:208} INFO - Processing /home/airflow/.local/lib/python3.12/site-packages/airflow/example_dags/example_sla_dag.py took 0.056 seconds
[2024-10-17T19:29:37.889+0000] {processor.py:186} INFO - Started process (PID=440) to work on /home/airflow/.local/lib/python3.12/site-packages/airflow/example_dags/example_sla_dag.py
[2024-10-17T19:29:37.890+0000] {processor.py:914} INFO - Processing file /home/airflow/.local/lib/python3.12/site-packages/airflow/example_dags/example_sla_dag.py for tasks to queue
[2024-10-17T19:29:37.891+0000] {logging_mixin.py:190} INFO - [2024-10-17T19:29:37.891+0000] {dagbag.py:588} INFO - Filling up the DagBag from /home/airflow/.local/lib/python3.12/site-packages/airflow/example_dags/example_sla_dag.py
[2024-10-17T19:29:37.898+0000] {processor.py:925} INFO - DAG(s) 'example_sla_dag' retrieved from /home/airflow/.local/lib/python3.12/site-packages/airflow/example_dags/example_sla_dag.py
[2024-10-17T19:29:37.908+0000] {logging_mixin.py:190} INFO - [2024-10-17T19:29:37.908+0000] {dag.py:3239} INFO - Sync 1 DAGs
[2024-10-17T19:29:37.921+0000] {logging_mixin.py:190} INFO - [2024-10-17T19:29:37.921+0000] {dag.py:4180} INFO - Setting next_dagrun for example_sla_dag to 2024-10-17 19:26:00+00:00, run_after=2024-10-17 19:28:00+00:00
[2024-10-17T19:29:37.930+0000] {processor.py:208} INFO - Processing /home/airflow/.local/lib/python3.12/site-packages/airflow/example_dags/example_sla_dag.py took 0.045 seconds
[2024-10-17T19:30:08.308+0000] {processor.py:186} INFO - Started process (PID=503) to work on /home/airflow/.local/lib/python3.12/site-packages/airflow/example_dags/example_sla_dag.py
[2024-10-17T19:30:08.309+0000] {processor.py:914} INFO - Processing file /home/airflow/.local/lib/python3.12/site-packages/airflow/example_dags/example_sla_dag.py for tasks to queue
[2024-10-17T19:30:08.310+0000] {logging_mixin.py:190} INFO - [2024-10-17T19:30:08.310+0000] {dagbag.py:588} INFO - Filling up the DagBag from /home/airflow/.local/lib/python3.12/site-packages/airflow/example_dags/example_sla_dag.py
[2024-10-17T19:30:08.317+0000] {processor.py:925} INFO - DAG(s) 'example_sla_dag' retrieved from /home/airflow/.local/lib/python3.12/site-packages/airflow/example_dags/example_sla_dag.py
[2024-10-17T19:30:08.328+0000] {logging_mixin.py:190} INFO - [2024-10-17T19:30:08.327+0000] {dag.py:3239} INFO - Sync 1 DAGs
[2024-10-17T19:30:08.349+0000] {logging_mixin.py:190} INFO - [2024-10-17T19:30:08.349+0000] {dag.py:4180} INFO - Setting next_dagrun for example_sla_dag to 2024-10-17 19:28:00+00:00, run_after=2024-10-17 19:30:00+00:00
[2024-10-17T19:30:08.384+0000] {processor.py:208} INFO - Processing /home/airflow/.local/lib/python3.12/site-packages/airflow/example_dags/example_sla_dag.py took 0.080 seconds
[2024-10-17T19:30:38.903+0000] {processor.py:186} INFO - Started process (PID=566) to work on /home/airflow/.local/lib/python3.12/site-packages/airflow/example_dags/example_sla_dag.py
[2024-10-17T19:30:38.904+0000] {processor.py:914} INFO - Processing file /home/airflow/.local/lib/python3.12/site-packages/airflow/example_dags/example_sla_dag.py for tasks to queue
[2024-10-17T19:30:38.906+0000] {logging_mixin.py:190} INFO - [2024-10-17T19:30:38.905+0000] {dagbag.py:588} INFO - Filling up the DagBag from /home/airflow/.local/lib/python3.12/site-packages/airflow/example_dags/example_sla_dag.py
[2024-10-17T19:30:38.912+0000] {processor.py:925} INFO - DAG(s) 'example_sla_dag' retrieved from /home/airflow/.local/lib/python3.12/site-packages/airflow/example_dags/example_sla_dag.py
[2024-10-17T19:30:38.924+0000] {logging_mixin.py:190} INFO - [2024-10-17T19:30:38.924+0000] {dag.py:3239} INFO - Sync 1 DAGs
[2024-10-17T19:30:38.939+0000] {logging_mixin.py:190} INFO - [2024-10-17T19:30:38.939+0000] {dag.py:4180} INFO - Setting next_dagrun for example_sla_dag to 2024-10-17 19:28:00+00:00, run_after=2024-10-17 19:30:00+00:00
[2024-10-17T19:30:38.951+0000] {processor.py:208} INFO - Processing /home/airflow/.local/lib/python3.12/site-packages/airflow/example_dags/example_sla_dag.py took 0.052 seconds
[2024-10-17T19:31:09.481+0000] {processor.py:186} INFO - Started process (PID=629) to work on /home/airflow/.local/lib/python3.12/site-packages/airflow/example_dags/example_sla_dag.py
[2024-10-17T19:31:09.482+0000] {processor.py:914} INFO - Processing file /home/airflow/.local/lib/python3.12/site-packages/airflow/example_dags/example_sla_dag.py for tasks to queue
[2024-10-17T19:31:09.484+0000] {logging_mixin.py:190} INFO - [2024-10-17T19:31:09.484+0000] {dagbag.py:588} INFO - Filling up the DagBag from /home/airflow/.local/lib/python3.12/site-packages/airflow/example_dags/example_sla_dag.py
[2024-10-17T19:31:09.490+0000] {processor.py:925} INFO - DAG(s) 'example_sla_dag' retrieved from /home/airflow/.local/lib/python3.12/site-packages/airflow/example_dags/example_sla_dag.py
[2024-10-17T19:31:09.500+0000] {logging_mixin.py:190} INFO - [2024-10-17T19:31:09.500+0000] {dag.py:3239} INFO - Sync 1 DAGs
[2024-10-17T19:31:09.514+0000] {logging_mixin.py:190} INFO - [2024-10-17T19:31:09.514+0000] {dag.py:4180} INFO - Setting next_dagrun for example_sla_dag to 2024-10-17 19:28:00+00:00, run_after=2024-10-17 19:30:00+00:00
[2024-10-17T19:31:09.522+0000] {processor.py:208} INFO - Processing /home/airflow/.local/lib/python3.12/site-packages/airflow/example_dags/example_sla_dag.py took 0.045 seconds
[2024-10-17T19:31:39.951+0000] {processor.py:186} INFO - Started process (PID=692) to work on /home/airflow/.local/lib/python3.12/site-packages/airflow/example_dags/example_sla_dag.py
[2024-10-17T19:31:39.952+0000] {processor.py:914} INFO - Processing file /home/airflow/.local/lib/python3.12/site-packages/airflow/example_dags/example_sla_dag.py for tasks to queue
[2024-10-17T19:31:39.953+0000] {logging_mixin.py:190} INFO - [2024-10-17T19:31:39.953+0000] {dagbag.py:588} INFO - Filling up the DagBag from /home/airflow/.local/lib/python3.12/site-packages/airflow/example_dags/example_sla_dag.py
[2024-10-17T19:31:39.959+0000] {processor.py:925} INFO - DAG(s) 'example_sla_dag' retrieved from /home/airflow/.local/lib/python3.12/site-packages/airflow/example_dags/example_sla_dag.py
[2024-10-17T19:31:39.971+0000] {logging_mixin.py:190} INFO - [2024-10-17T19:31:39.970+0000] {dag.py:3239} INFO - Sync 1 DAGs
[2024-10-17T19:31:39.983+0000] {logging_mixin.py:190} INFO - [2024-10-17T19:31:39.983+0000] {dag.py:4180} INFO - Setting next_dagrun for example_sla_dag to 2024-10-17 19:28:00+00:00, run_after=2024-10-17 19:30:00+00:00
[2024-10-17T19:31:39.993+0000] {processor.py:208} INFO - Processing /home/airflow/.local/lib/python3.12/site-packages/airflow/example_dags/example_sla_dag.py took 0.046 seconds
[2024-10-17T19:33:31.198+0000] {processor.py:186} INFO - Started process (PID=62) to work on /home/airflow/.local/lib/python3.12/site-packages/airflow/example_dags/example_sla_dag.py
[2024-10-17T19:33:31.199+0000] {processor.py:914} INFO - Processing file /home/airflow/.local/lib/python3.12/site-packages/airflow/example_dags/example_sla_dag.py for tasks to queue
[2024-10-17T19:33:31.201+0000] {logging_mixin.py:190} INFO - [2024-10-17T19:33:31.201+0000] {dagbag.py:588} INFO - Filling up the DagBag from /home/airflow/.local/lib/python3.12/site-packages/airflow/example_dags/example_sla_dag.py
[2024-10-17T19:33:31.213+0000] {processor.py:925} INFO - DAG(s) 'example_sla_dag' retrieved from /home/airflow/.local/lib/python3.12/site-packages/airflow/example_dags/example_sla_dag.py
[2024-10-17T19:33:31.273+0000] {logging_mixin.py:190} INFO - [2024-10-17T19:33:31.273+0000] {override.py:1900} INFO - Created Permission View: can edit on DAG:example_sla_dag
[2024-10-17T19:33:31.278+0000] {logging_mixin.py:190} INFO - [2024-10-17T19:33:31.278+0000] {override.py:1900} INFO - Created Permission View: can delete on DAG:example_sla_dag
[2024-10-17T19:33:31.280+0000] {logging_mixin.py:190} INFO - [2024-10-17T19:33:31.280+0000] {override.py:1900} INFO - Created Permission View: can read on DAG:example_sla_dag
[2024-10-17T19:33:31.283+0000] {logging_mixin.py:190} INFO - [2024-10-17T19:33:31.283+0000] {override.py:1900} INFO - Created Permission View: menu access on DAG Run:example_sla_dag
[2024-10-17T19:33:31.285+0000] {logging_mixin.py:190} INFO - [2024-10-17T19:33:31.285+0000] {override.py:1900} INFO - Created Permission View: can create on DAG Run:example_sla_dag
[2024-10-17T19:33:31.288+0000] {logging_mixin.py:190} INFO - [2024-10-17T19:33:31.288+0000] {override.py:1900} INFO - Created Permission View: can delete on DAG Run:example_sla_dag
[2024-10-17T19:33:31.290+0000] {logging_mixin.py:190} INFO - [2024-10-17T19:33:31.290+0000] {override.py:1900} INFO - Created Permission View: can read on DAG Run:example_sla_dag
[2024-10-17T19:33:31.291+0000] {logging_mixin.py:190} INFO - [2024-10-17T19:33:31.290+0000] {dag.py:3239} INFO - Sync 1 DAGs
[2024-10-17T19:33:31.297+0000] {logging_mixin.py:190} INFO - [2024-10-17T19:33:31.297+0000] {dag.py:3262} INFO - Creating ORM DAG for example_sla_dag
[2024-10-17T19:33:31.304+0000] {logging_mixin.py:190} INFO - [2024-10-17T19:33:31.304+0000] {dag.py:4180} INFO - Setting next_dagrun for example_sla_dag to 2024-10-17 19:30:00+00:00, run_after=2024-10-17 19:32:00+00:00
[2024-10-17T19:33:31.310+0000] {processor.py:208} INFO - Processing /home/airflow/.local/lib/python3.12/site-packages/airflow/example_dags/example_sla_dag.py took 0.116 seconds
[2024-10-17T19:34:02.033+0000] {processor.py:186} INFO - Started process (PID=125) to work on /home/airflow/.local/lib/python3.12/site-packages/airflow/example_dags/example_sla_dag.py
[2024-10-17T19:34:02.033+0000] {processor.py:914} INFO - Processing file /home/airflow/.local/lib/python3.12/site-packages/airflow/example_dags/example_sla_dag.py for tasks to queue
[2024-10-17T19:34:02.035+0000] {logging_mixin.py:190} INFO - [2024-10-17T19:34:02.035+0000] {dagbag.py:588} INFO - Filling up the DagBag from /home/airflow/.local/lib/python3.12/site-packages/airflow/example_dags/example_sla_dag.py
[2024-10-17T19:34:02.040+0000] {processor.py:925} INFO - DAG(s) 'example_sla_dag' retrieved from /home/airflow/.local/lib/python3.12/site-packages/airflow/example_dags/example_sla_dag.py
[2024-10-17T19:34:02.051+0000] {logging_mixin.py:190} INFO - [2024-10-17T19:34:02.051+0000] {dag.py:3239} INFO - Sync 1 DAGs
[2024-10-17T19:34:02.063+0000] {logging_mixin.py:190} INFO - [2024-10-17T19:34:02.063+0000] {dag.py:4180} INFO - Setting next_dagrun for example_sla_dag to 2024-10-17 19:32:00+00:00, run_after=2024-10-17 19:34:00+00:00
[2024-10-17T19:34:02.071+0000] {processor.py:208} INFO - Processing /home/airflow/.local/lib/python3.12/site-packages/airflow/example_dags/example_sla_dag.py took 0.042 seconds
[2024-10-17T19:34:32.298+0000] {processor.py:186} INFO - Started process (PID=188) to work on /home/airflow/.local/lib/python3.12/site-packages/airflow/example_dags/example_sla_dag.py
[2024-10-17T19:34:32.298+0000] {processor.py:914} INFO - Processing file /home/airflow/.local/lib/python3.12/site-packages/airflow/example_dags/example_sla_dag.py for tasks to queue
[2024-10-17T19:34:32.300+0000] {logging_mixin.py:190} INFO - [2024-10-17T19:34:32.300+0000] {dagbag.py:588} INFO - Filling up the DagBag from /home/airflow/.local/lib/python3.12/site-packages/airflow/example_dags/example_sla_dag.py
[2024-10-17T19:34:32.306+0000] {processor.py:925} INFO - DAG(s) 'example_sla_dag' retrieved from /home/airflow/.local/lib/python3.12/site-packages/airflow/example_dags/example_sla_dag.py
[2024-10-17T19:34:32.316+0000] {logging_mixin.py:190} INFO - [2024-10-17T19:34:32.316+0000] {dag.py:3239} INFO - Sync 1 DAGs
[2024-10-17T19:34:32.328+0000] {logging_mixin.py:190} INFO - [2024-10-17T19:34:32.328+0000] {dag.py:4180} INFO - Setting next_dagrun for example_sla_dag to 2024-10-17 19:32:00+00:00, run_after=2024-10-17 19:34:00+00:00
[2024-10-17T19:34:32.336+0000] {processor.py:208} INFO - Processing /home/airflow/.local/lib/python3.12/site-packages/airflow/example_dags/example_sla_dag.py took 0.042 seconds
[2024-10-17T19:35:02.696+0000] {processor.py:186} INFO - Started process (PID=251) to work on /home/airflow/.local/lib/python3.12/site-packages/airflow/example_dags/example_sla_dag.py
[2024-10-17T19:35:02.697+0000] {processor.py:914} INFO - Processing file /home/airflow/.local/lib/python3.12/site-packages/airflow/example_dags/example_sla_dag.py for tasks to queue
[2024-10-17T19:35:02.698+0000] {logging_mixin.py:190} INFO - [2024-10-17T19:35:02.698+0000] {dagbag.py:588} INFO - Filling up the DagBag from /home/airflow/.local/lib/python3.12/site-packages/airflow/example_dags/example_sla_dag.py
[2024-10-17T19:35:02.704+0000] {processor.py:925} INFO - DAG(s) 'example_sla_dag' retrieved from /home/airflow/.local/lib/python3.12/site-packages/airflow/example_dags/example_sla_dag.py
[2024-10-17T19:35:02.715+0000] {logging_mixin.py:190} INFO - [2024-10-17T19:35:02.715+0000] {dag.py:3239} INFO - Sync 1 DAGs
[2024-10-17T19:35:02.727+0000] {logging_mixin.py:190} INFO - [2024-10-17T19:35:02.727+0000] {dag.py:4180} INFO - Setting next_dagrun for example_sla_dag to 2024-10-17 19:32:00+00:00, run_after=2024-10-17 19:34:00+00:00
[2024-10-17T19:35:02.735+0000] {processor.py:208} INFO - Processing /home/airflow/.local/lib/python3.12/site-packages/airflow/example_dags/example_sla_dag.py took 0.043 seconds
[2024-10-17T19:35:33.313+0000] {processor.py:186} INFO - Started process (PID=314) to work on /home/airflow/.local/lib/python3.12/site-packages/airflow/example_dags/example_sla_dag.py
[2024-10-17T19:35:33.314+0000] {processor.py:914} INFO - Processing file /home/airflow/.local/lib/python3.12/site-packages/airflow/example_dags/example_sla_dag.py for tasks to queue
[2024-10-17T19:35:33.315+0000] {logging_mixin.py:190} INFO - [2024-10-17T19:35:33.315+0000] {dagbag.py:588} INFO - Filling up the DagBag from /home/airflow/.local/lib/python3.12/site-packages/airflow/example_dags/example_sla_dag.py
[2024-10-17T19:35:33.321+0000] {processor.py:925} INFO - DAG(s) 'example_sla_dag' retrieved from /home/airflow/.local/lib/python3.12/site-packages/airflow/example_dags/example_sla_dag.py
[2024-10-17T19:35:33.332+0000] {logging_mixin.py:190} INFO - [2024-10-17T19:35:33.332+0000] {dag.py:3239} INFO - Sync 1 DAGs
[2024-10-17T19:35:33.344+0000] {logging_mixin.py:190} INFO - [2024-10-17T19:35:33.343+0000] {dag.py:4180} INFO - Setting next_dagrun for example_sla_dag to 2024-10-17 19:32:00+00:00, run_after=2024-10-17 19:34:00+00:00
[2024-10-17T19:35:33.352+0000] {processor.py:208} INFO - Processing /home/airflow/.local/lib/python3.12/site-packages/airflow/example_dags/example_sla_dag.py took 0.042 seconds
[2024-10-17T19:36:04.044+0000] {processor.py:186} INFO - Started process (PID=377) to work on /home/airflow/.local/lib/python3.12/site-packages/airflow/example_dags/example_sla_dag.py
[2024-10-17T19:36:04.045+0000] {processor.py:914} INFO - Processing file /home/airflow/.local/lib/python3.12/site-packages/airflow/example_dags/example_sla_dag.py for tasks to queue
[2024-10-17T19:36:04.046+0000] {logging_mixin.py:190} INFO - [2024-10-17T19:36:04.046+0000] {dagbag.py:588} INFO - Filling up the DagBag from /home/airflow/.local/lib/python3.12/site-packages/airflow/example_dags/example_sla_dag.py
[2024-10-17T19:36:04.052+0000] {processor.py:925} INFO - DAG(s) 'example_sla_dag' retrieved from /home/airflow/.local/lib/python3.12/site-packages/airflow/example_dags/example_sla_dag.py
[2024-10-17T19:36:04.064+0000] {logging_mixin.py:190} INFO - [2024-10-17T19:36:04.063+0000] {dag.py:3239} INFO - Sync 1 DAGs
[2024-10-17T19:36:04.076+0000] {logging_mixin.py:190} INFO - [2024-10-17T19:36:04.076+0000] {dag.py:4180} INFO - Setting next_dagrun for example_sla_dag to 2024-10-17 19:34:00+00:00, run_after=2024-10-17 19:36:00+00:00
[2024-10-17T19:36:04.085+0000] {processor.py:208} INFO - Processing /home/airflow/.local/lib/python3.12/site-packages/airflow/example_dags/example_sla_dag.py took 0.046 seconds
[2024-10-17T19:36:34.624+0000] {processor.py:186} INFO - Started process (PID=440) to work on /home/airflow/.local/lib/python3.12/site-packages/airflow/example_dags/example_sla_dag.py
[2024-10-17T19:36:34.625+0000] {processor.py:914} INFO - Processing file /home/airflow/.local/lib/python3.12/site-packages/airflow/example_dags/example_sla_dag.py for tasks to queue
[2024-10-17T19:36:34.626+0000] {logging_mixin.py:190} INFO - [2024-10-17T19:36:34.626+0000] {dagbag.py:588} INFO - Filling up the DagBag from /home/airflow/.local/lib/python3.12/site-packages/airflow/example_dags/example_sla_dag.py
[2024-10-17T19:36:34.632+0000] {processor.py:925} INFO - DAG(s) 'example_sla_dag' retrieved from /home/airflow/.local/lib/python3.12/site-packages/airflow/example_dags/example_sla_dag.py
[2024-10-17T19:36:34.643+0000] {logging_mixin.py:190} INFO - [2024-10-17T19:36:34.643+0000] {dag.py:3239} INFO - Sync 1 DAGs
[2024-10-17T19:36:34.654+0000] {logging_mixin.py:190} INFO - [2024-10-17T19:36:34.654+0000] {dag.py:4180} INFO - Setting next_dagrun for example_sla_dag to 2024-10-17 19:34:00+00:00, run_after=2024-10-17 19:36:00+00:00
[2024-10-17T19:36:34.662+0000] {processor.py:208} INFO - Processing /home/airflow/.local/lib/python3.12/site-packages/airflow/example_dags/example_sla_dag.py took 0.041 seconds
[2024-10-17T19:37:05.220+0000] {processor.py:186} INFO - Started process (PID=504) to work on /home/airflow/.local/lib/python3.12/site-packages/airflow/example_dags/example_sla_dag.py
[2024-10-17T19:37:05.221+0000] {processor.py:914} INFO - Processing file /home/airflow/.local/lib/python3.12/site-packages/airflow/example_dags/example_sla_dag.py for tasks to queue
[2024-10-17T19:37:05.222+0000] {logging_mixin.py:190} INFO - [2024-10-17T19:37:05.222+0000] {dagbag.py:588} INFO - Filling up the DagBag from /home/airflow/.local/lib/python3.12/site-packages/airflow/example_dags/example_sla_dag.py
[2024-10-17T19:37:05.228+0000] {processor.py:925} INFO - DAG(s) 'example_sla_dag' retrieved from /home/airflow/.local/lib/python3.12/site-packages/airflow/example_dags/example_sla_dag.py
[2024-10-17T19:37:05.239+0000] {logging_mixin.py:190} INFO - [2024-10-17T19:37:05.239+0000] {dag.py:3239} INFO - Sync 1 DAGs
[2024-10-17T19:37:05.251+0000] {logging_mixin.py:190} INFO - [2024-10-17T19:37:05.251+0000] {dag.py:4180} INFO - Setting next_dagrun for example_sla_dag to 2024-10-17 19:34:00+00:00, run_after=2024-10-17 19:36:00+00:00
[2024-10-17T19:37:05.260+0000] {processor.py:208} INFO - Processing /home/airflow/.local/lib/python3.12/site-packages/airflow/example_dags/example_sla_dag.py took 0.044 seconds
[2024-10-17T19:39:17.503+0000] {processor.py:186} INFO - Started process (PID=62) to work on /home/airflow/.local/lib/python3.12/site-packages/airflow/example_dags/example_sla_dag.py
[2024-10-17T19:39:17.504+0000] {processor.py:914} INFO - Processing file /home/airflow/.local/lib/python3.12/site-packages/airflow/example_dags/example_sla_dag.py for tasks to queue
[2024-10-17T19:39:17.505+0000] {logging_mixin.py:190} INFO - [2024-10-17T19:39:17.505+0000] {dagbag.py:588} INFO - Filling up the DagBag from /home/airflow/.local/lib/python3.12/site-packages/airflow/example_dags/example_sla_dag.py
[2024-10-17T19:39:17.514+0000] {processor.py:925} INFO - DAG(s) 'example_sla_dag' retrieved from /home/airflow/.local/lib/python3.12/site-packages/airflow/example_dags/example_sla_dag.py
[2024-10-17T19:39:17.571+0000] {logging_mixin.py:190} INFO - [2024-10-17T19:39:17.571+0000] {override.py:1900} INFO - Created Permission View: can read on DAG:example_sla_dag
[2024-10-17T19:39:17.576+0000] {logging_mixin.py:190} INFO - [2024-10-17T19:39:17.576+0000] {override.py:1900} INFO - Created Permission View: can delete on DAG:example_sla_dag
[2024-10-17T19:39:17.579+0000] {logging_mixin.py:190} INFO - [2024-10-17T19:39:17.579+0000] {override.py:1900} INFO - Created Permission View: can edit on DAG:example_sla_dag
[2024-10-17T19:39:17.581+0000] {logging_mixin.py:190} INFO - [2024-10-17T19:39:17.581+0000] {override.py:1900} INFO - Created Permission View: can read on DAG Run:example_sla_dag
[2024-10-17T19:39:17.584+0000] {logging_mixin.py:190} INFO - [2024-10-17T19:39:17.584+0000] {override.py:1900} INFO - Created Permission View: can create on DAG Run:example_sla_dag
[2024-10-17T19:39:17.587+0000] {logging_mixin.py:190} INFO - [2024-10-17T19:39:17.586+0000] {override.py:1900} INFO - Created Permission View: can delete on DAG Run:example_sla_dag
[2024-10-17T19:39:17.589+0000] {logging_mixin.py:190} INFO - [2024-10-17T19:39:17.589+0000] {override.py:1900} INFO - Created Permission View: menu access on DAG Run:example_sla_dag
[2024-10-17T19:39:17.590+0000] {logging_mixin.py:190} INFO - [2024-10-17T19:39:17.590+0000] {dag.py:3239} INFO - Sync 1 DAGs
[2024-10-17T19:39:17.596+0000] {logging_mixin.py:190} INFO - [2024-10-17T19:39:17.596+0000] {dag.py:3262} INFO - Creating ORM DAG for example_sla_dag
[2024-10-17T19:39:17.603+0000] {logging_mixin.py:190} INFO - [2024-10-17T19:39:17.603+0000] {dag.py:4180} INFO - Setting next_dagrun for example_sla_dag to 2024-10-17 19:36:00+00:00, run_after=2024-10-17 19:38:00+00:00
[2024-10-17T19:39:17.609+0000] {processor.py:208} INFO - Processing /home/airflow/.local/lib/python3.12/site-packages/airflow/example_dags/example_sla_dag.py took 0.110 seconds
[2024-10-17T19:39:48.387+0000] {processor.py:186} INFO - Started process (PID=125) to work on /home/airflow/.local/lib/python3.12/site-packages/airflow/example_dags/example_sla_dag.py
[2024-10-17T19:39:48.388+0000] {processor.py:914} INFO - Processing file /home/airflow/.local/lib/python3.12/site-packages/airflow/example_dags/example_sla_dag.py for tasks to queue
[2024-10-17T19:39:48.389+0000] {logging_mixin.py:190} INFO - [2024-10-17T19:39:48.389+0000] {dagbag.py:588} INFO - Filling up the DagBag from /home/airflow/.local/lib/python3.12/site-packages/airflow/example_dags/example_sla_dag.py
[2024-10-17T19:39:48.396+0000] {processor.py:925} INFO - DAG(s) 'example_sla_dag' retrieved from /home/airflow/.local/lib/python3.12/site-packages/airflow/example_dags/example_sla_dag.py
[2024-10-17T19:39:48.407+0000] {logging_mixin.py:190} INFO - [2024-10-17T19:39:48.407+0000] {dag.py:3239} INFO - Sync 1 DAGs
[2024-10-17T19:39:48.419+0000] {logging_mixin.py:190} INFO - [2024-10-17T19:39:48.419+0000] {dag.py:4180} INFO - Setting next_dagrun for example_sla_dag to 2024-10-17 19:36:00+00:00, run_after=2024-10-17 19:38:00+00:00
[2024-10-17T19:39:48.427+0000] {processor.py:208} INFO - Processing /home/airflow/.local/lib/python3.12/site-packages/airflow/example_dags/example_sla_dag.py took 0.045 seconds
[2024-10-17T19:40:18.728+0000] {processor.py:186} INFO - Started process (PID=188) to work on /home/airflow/.local/lib/python3.12/site-packages/airflow/example_dags/example_sla_dag.py
[2024-10-17T19:40:18.729+0000] {processor.py:914} INFO - Processing file /home/airflow/.local/lib/python3.12/site-packages/airflow/example_dags/example_sla_dag.py for tasks to queue
[2024-10-17T19:40:18.731+0000] {logging_mixin.py:190} INFO - [2024-10-17T19:40:18.730+0000] {dagbag.py:588} INFO - Filling up the DagBag from /home/airflow/.local/lib/python3.12/site-packages/airflow/example_dags/example_sla_dag.py
[2024-10-17T19:40:18.736+0000] {processor.py:925} INFO - DAG(s) 'example_sla_dag' retrieved from /home/airflow/.local/lib/python3.12/site-packages/airflow/example_dags/example_sla_dag.py
[2024-10-17T19:40:18.747+0000] {logging_mixin.py:190} INFO - [2024-10-17T19:40:18.747+0000] {dag.py:3239} INFO - Sync 1 DAGs
[2024-10-17T19:40:18.759+0000] {logging_mixin.py:190} INFO - [2024-10-17T19:40:18.759+0000] {dag.py:4180} INFO - Setting next_dagrun for example_sla_dag to 2024-10-17 19:38:00+00:00, run_after=2024-10-17 19:40:00+00:00
[2024-10-17T19:40:18.767+0000] {processor.py:208} INFO - Processing /home/airflow/.local/lib/python3.12/site-packages/airflow/example_dags/example_sla_dag.py took 0.042 seconds
[2024-10-17T19:40:49.073+0000] {processor.py:186} INFO - Started process (PID=251) to work on /home/airflow/.local/lib/python3.12/site-packages/airflow/example_dags/example_sla_dag.py
[2024-10-17T19:40:49.074+0000] {processor.py:914} INFO - Processing file /home/airflow/.local/lib/python3.12/site-packages/airflow/example_dags/example_sla_dag.py for tasks to queue
[2024-10-17T19:40:49.075+0000] {logging_mixin.py:190} INFO - [2024-10-17T19:40:49.075+0000] {dagbag.py:588} INFO - Filling up the DagBag from /home/airflow/.local/lib/python3.12/site-packages/airflow/example_dags/example_sla_dag.py
[2024-10-17T19:40:49.081+0000] {processor.py:925} INFO - DAG(s) 'example_sla_dag' retrieved from /home/airflow/.local/lib/python3.12/site-packages/airflow/example_dags/example_sla_dag.py
[2024-10-17T19:40:49.092+0000] {logging_mixin.py:190} INFO - [2024-10-17T19:40:49.092+0000] {dag.py:3239} INFO - Sync 1 DAGs
[2024-10-17T19:40:49.109+0000] {logging_mixin.py:190} INFO - [2024-10-17T19:40:49.108+0000] {dag.py:4180} INFO - Setting next_dagrun for example_sla_dag to 2024-10-17 19:38:00+00:00, run_after=2024-10-17 19:40:00+00:00
[2024-10-17T19:40:49.116+0000] {processor.py:208} INFO - Processing /home/airflow/.local/lib/python3.12/site-packages/airflow/example_dags/example_sla_dag.py took 0.046 seconds
[2024-10-17T19:41:19.554+0000] {processor.py:186} INFO - Started process (PID=314) to work on /home/airflow/.local/lib/python3.12/site-packages/airflow/example_dags/example_sla_dag.py
[2024-10-17T19:41:19.555+0000] {processor.py:914} INFO - Processing file /home/airflow/.local/lib/python3.12/site-packages/airflow/example_dags/example_sla_dag.py for tasks to queue
[2024-10-17T19:41:19.557+0000] {logging_mixin.py:190} INFO - [2024-10-17T19:41:19.556+0000] {dagbag.py:588} INFO - Filling up the DagBag from /home/airflow/.local/lib/python3.12/site-packages/airflow/example_dags/example_sla_dag.py
[2024-10-17T19:41:19.565+0000] {processor.py:925} INFO - DAG(s) 'example_sla_dag' retrieved from /home/airflow/.local/lib/python3.12/site-packages/airflow/example_dags/example_sla_dag.py
[2024-10-17T19:41:19.582+0000] {logging_mixin.py:190} INFO - [2024-10-17T19:41:19.582+0000] {dag.py:3239} INFO - Sync 1 DAGs
[2024-10-17T19:41:19.600+0000] {logging_mixin.py:190} INFO - [2024-10-17T19:41:19.600+0000] {dag.py:4180} INFO - Setting next_dagrun for example_sla_dag to 2024-10-17 19:38:00+00:00, run_after=2024-10-17 19:40:00+00:00
[2024-10-17T19:41:19.614+0000] {processor.py:208} INFO - Processing /home/airflow/.local/lib/python3.12/site-packages/airflow/example_dags/example_sla_dag.py took 0.064 seconds
[2024-10-17T19:41:50.462+0000] {processor.py:186} INFO - Started process (PID=377) to work on /home/airflow/.local/lib/python3.12/site-packages/airflow/example_dags/example_sla_dag.py
[2024-10-17T19:41:50.463+0000] {processor.py:914} INFO - Processing file /home/airflow/.local/lib/python3.12/site-packages/airflow/example_dags/example_sla_dag.py for tasks to queue
[2024-10-17T19:41:50.464+0000] {logging_mixin.py:190} INFO - [2024-10-17T19:41:50.464+0000] {dagbag.py:588} INFO - Filling up the DagBag from /home/airflow/.local/lib/python3.12/site-packages/airflow/example_dags/example_sla_dag.py
[2024-10-17T19:41:50.470+0000] {processor.py:925} INFO - DAG(s) 'example_sla_dag' retrieved from /home/airflow/.local/lib/python3.12/site-packages/airflow/example_dags/example_sla_dag.py
[2024-10-17T19:41:50.481+0000] {logging_mixin.py:190} INFO - [2024-10-17T19:41:50.480+0000] {dag.py:3239} INFO - Sync 1 DAGs
[2024-10-17T19:41:50.493+0000] {logging_mixin.py:190} INFO - [2024-10-17T19:41:50.493+0000] {dag.py:4180} INFO - Setting next_dagrun for example_sla_dag to 2024-10-17 19:38:00+00:00, run_after=2024-10-17 19:40:00+00:00
[2024-10-17T19:41:50.501+0000] {processor.py:208} INFO - Processing /home/airflow/.local/lib/python3.12/site-packages/airflow/example_dags/example_sla_dag.py took 0.042 seconds
[2024-10-17T19:42:20.901+0000] {processor.py:186} INFO - Started process (PID=440) to work on /home/airflow/.local/lib/python3.12/site-packages/airflow/example_dags/example_sla_dag.py
[2024-10-17T19:42:20.902+0000] {processor.py:914} INFO - Processing file /home/airflow/.local/lib/python3.12/site-packages/airflow/example_dags/example_sla_dag.py for tasks to queue
[2024-10-17T19:42:20.904+0000] {logging_mixin.py:190} INFO - [2024-10-17T19:42:20.903+0000] {dagbag.py:588} INFO - Filling up the DagBag from /home/airflow/.local/lib/python3.12/site-packages/airflow/example_dags/example_sla_dag.py
[2024-10-17T19:42:20.910+0000] {processor.py:925} INFO - DAG(s) 'example_sla_dag' retrieved from /home/airflow/.local/lib/python3.12/site-packages/airflow/example_dags/example_sla_dag.py
[2024-10-17T19:42:20.921+0000] {logging_mixin.py:190} INFO - [2024-10-17T19:42:20.921+0000] {dag.py:3239} INFO - Sync 1 DAGs
[2024-10-17T19:42:20.933+0000] {logging_mixin.py:190} INFO - [2024-10-17T19:42:20.933+0000] {dag.py:4180} INFO - Setting next_dagrun for example_sla_dag to 2024-10-17 19:40:00+00:00, run_after=2024-10-17 19:42:00+00:00
[2024-10-17T19:42:20.942+0000] {processor.py:208} INFO - Processing /home/airflow/.local/lib/python3.12/site-packages/airflow/example_dags/example_sla_dag.py took 0.044 seconds
[2024-10-17T19:43:59.562+0000] {processor.py:186} INFO - Started process (PID=62) to work on /home/airflow/.local/lib/python3.12/site-packages/airflow/example_dags/example_sla_dag.py
[2024-10-17T19:43:59.563+0000] {processor.py:914} INFO - Processing file /home/airflow/.local/lib/python3.12/site-packages/airflow/example_dags/example_sla_dag.py for tasks to queue
[2024-10-17T19:43:59.565+0000] {logging_mixin.py:190} INFO - [2024-10-17T19:43:59.565+0000] {dagbag.py:588} INFO - Filling up the DagBag from /home/airflow/.local/lib/python3.12/site-packages/airflow/example_dags/example_sla_dag.py
[2024-10-17T19:43:59.575+0000] {processor.py:925} INFO - DAG(s) 'example_sla_dag' retrieved from /home/airflow/.local/lib/python3.12/site-packages/airflow/example_dags/example_sla_dag.py
[2024-10-17T19:43:59.647+0000] {logging_mixin.py:190} INFO - [2024-10-17T19:43:59.647+0000] {override.py:1900} INFO - Created Permission View: can delete on DAG:example_sla_dag
[2024-10-17T19:43:59.654+0000] {logging_mixin.py:190} INFO - [2024-10-17T19:43:59.654+0000] {override.py:1900} INFO - Created Permission View: can edit on DAG:example_sla_dag
[2024-10-17T19:43:59.658+0000] {logging_mixin.py:190} INFO - [2024-10-17T19:43:59.658+0000] {override.py:1900} INFO - Created Permission View: can read on DAG:example_sla_dag
[2024-10-17T19:43:59.661+0000] {logging_mixin.py:190} INFO - [2024-10-17T19:43:59.661+0000] {override.py:1900} INFO - Created Permission View: can delete on DAG Run:example_sla_dag
[2024-10-17T19:43:59.664+0000] {logging_mixin.py:190} INFO - [2024-10-17T19:43:59.664+0000] {override.py:1900} INFO - Created Permission View: can create on DAG Run:example_sla_dag
[2024-10-17T19:43:59.667+0000] {logging_mixin.py:190} INFO - [2024-10-17T19:43:59.667+0000] {override.py:1900} INFO - Created Permission View: menu access on DAG Run:example_sla_dag
[2024-10-17T19:43:59.670+0000] {logging_mixin.py:190} INFO - [2024-10-17T19:43:59.670+0000] {override.py:1900} INFO - Created Permission View: can read on DAG Run:example_sla_dag
[2024-10-17T19:43:59.670+0000] {logging_mixin.py:190} INFO - [2024-10-17T19:43:59.670+0000] {dag.py:3239} INFO - Sync 1 DAGs
[2024-10-17T19:43:59.678+0000] {logging_mixin.py:190} INFO - [2024-10-17T19:43:59.678+0000] {dag.py:3262} INFO - Creating ORM DAG for example_sla_dag
[2024-10-17T19:43:59.685+0000] {logging_mixin.py:190} INFO - [2024-10-17T19:43:59.685+0000] {dag.py:4180} INFO - Setting next_dagrun for example_sla_dag to 2024-10-17 19:40:00+00:00, run_after=2024-10-17 19:42:00+00:00
[2024-10-17T19:43:59.693+0000] {processor.py:208} INFO - Processing /home/airflow/.local/lib/python3.12/site-packages/airflow/example_dags/example_sla_dag.py took 0.134 seconds
[2024-10-17T19:44:30.684+0000] {processor.py:186} INFO - Started process (PID=125) to work on /home/airflow/.local/lib/python3.12/site-packages/airflow/example_dags/example_sla_dag.py
[2024-10-17T19:44:30.685+0000] {processor.py:914} INFO - Processing file /home/airflow/.local/lib/python3.12/site-packages/airflow/example_dags/example_sla_dag.py for tasks to queue
[2024-10-17T19:44:30.689+0000] {logging_mixin.py:190} INFO - [2024-10-17T19:44:30.688+0000] {dagbag.py:588} INFO - Filling up the DagBag from /home/airflow/.local/lib/python3.12/site-packages/airflow/example_dags/example_sla_dag.py
[2024-10-17T19:44:30.699+0000] {processor.py:925} INFO - DAG(s) 'example_sla_dag' retrieved from /home/airflow/.local/lib/python3.12/site-packages/airflow/example_dags/example_sla_dag.py
[2024-10-17T19:44:30.714+0000] {logging_mixin.py:190} INFO - [2024-10-17T19:44:30.714+0000] {dag.py:3239} INFO - Sync 1 DAGs
[2024-10-17T19:44:30.728+0000] {logging_mixin.py:190} INFO - [2024-10-17T19:44:30.728+0000] {dag.py:4180} INFO - Setting next_dagrun for example_sla_dag to 2024-10-17 19:42:00+00:00, run_after=2024-10-17 19:44:00+00:00
[2024-10-17T19:44:30.736+0000] {processor.py:208} INFO - Processing /home/airflow/.local/lib/python3.12/site-packages/airflow/example_dags/example_sla_dag.py took 0.062 seconds
[2024-10-17T19:45:01.230+0000] {processor.py:186} INFO - Started process (PID=188) to work on /home/airflow/.local/lib/python3.12/site-packages/airflow/example_dags/example_sla_dag.py
[2024-10-17T19:45:01.231+0000] {processor.py:914} INFO - Processing file /home/airflow/.local/lib/python3.12/site-packages/airflow/example_dags/example_sla_dag.py for tasks to queue
[2024-10-17T19:45:01.233+0000] {logging_mixin.py:190} INFO - [2024-10-17T19:45:01.233+0000] {dagbag.py:588} INFO - Filling up the DagBag from /home/airflow/.local/lib/python3.12/site-packages/airflow/example_dags/example_sla_dag.py
[2024-10-17T19:45:01.242+0000] {processor.py:925} INFO - DAG(s) 'example_sla_dag' retrieved from /home/airflow/.local/lib/python3.12/site-packages/airflow/example_dags/example_sla_dag.py
[2024-10-17T19:45:01.259+0000] {logging_mixin.py:190} INFO - [2024-10-17T19:45:01.259+0000] {dag.py:3239} INFO - Sync 1 DAGs
[2024-10-17T19:45:01.277+0000] {logging_mixin.py:190} INFO - [2024-10-17T19:45:01.277+0000] {dag.py:4180} INFO - Setting next_dagrun for example_sla_dag to 2024-10-17 19:42:00+00:00, run_after=2024-10-17 19:44:00+00:00
[2024-10-17T19:45:01.287+0000] {processor.py:208} INFO - Processing /home/airflow/.local/lib/python3.12/site-packages/airflow/example_dags/example_sla_dag.py took 0.063 seconds
[2024-10-17T19:45:31.824+0000] {processor.py:186} INFO - Started process (PID=251) to work on /home/airflow/.local/lib/python3.12/site-packages/airflow/example_dags/example_sla_dag.py
[2024-10-17T19:45:31.826+0000] {processor.py:914} INFO - Processing file /home/airflow/.local/lib/python3.12/site-packages/airflow/example_dags/example_sla_dag.py for tasks to queue
[2024-10-17T19:45:31.830+0000] {logging_mixin.py:190} INFO - [2024-10-17T19:45:31.830+0000] {dagbag.py:588} INFO - Filling up the DagBag from /home/airflow/.local/lib/python3.12/site-packages/airflow/example_dags/example_sla_dag.py
[2024-10-17T19:45:31.843+0000] {processor.py:925} INFO - DAG(s) 'example_sla_dag' retrieved from /home/airflow/.local/lib/python3.12/site-packages/airflow/example_dags/example_sla_dag.py
[2024-10-17T19:45:31.859+0000] {logging_mixin.py:190} INFO - [2024-10-17T19:45:31.858+0000] {dag.py:3239} INFO - Sync 1 DAGs
[2024-10-17T19:45:31.873+0000] {logging_mixin.py:190} INFO - [2024-10-17T19:45:31.873+0000] {dag.py:4180} INFO - Setting next_dagrun for example_sla_dag to 2024-10-17 19:42:00+00:00, run_after=2024-10-17 19:44:00+00:00
[2024-10-17T19:45:31.881+0000] {processor.py:208} INFO - Processing /home/airflow/.local/lib/python3.12/site-packages/airflow/example_dags/example_sla_dag.py took 0.066 seconds
[2024-10-17T19:46:02.379+0000] {processor.py:186} INFO - Started process (PID=314) to work on /home/airflow/.local/lib/python3.12/site-packages/airflow/example_dags/example_sla_dag.py
[2024-10-17T19:46:02.381+0000] {processor.py:914} INFO - Processing file /home/airflow/.local/lib/python3.12/site-packages/airflow/example_dags/example_sla_dag.py for tasks to queue
[2024-10-17T19:46:02.384+0000] {logging_mixin.py:190} INFO - [2024-10-17T19:46:02.383+0000] {dagbag.py:588} INFO - Filling up the DagBag from /home/airflow/.local/lib/python3.12/site-packages/airflow/example_dags/example_sla_dag.py
[2024-10-17T19:46:02.391+0000] {processor.py:925} INFO - DAG(s) 'example_sla_dag' retrieved from /home/airflow/.local/lib/python3.12/site-packages/airflow/example_dags/example_sla_dag.py
[2024-10-17T19:46:02.403+0000] {logging_mixin.py:190} INFO - [2024-10-17T19:46:02.403+0000] {dag.py:3239} INFO - Sync 1 DAGs
[2024-10-17T19:46:02.416+0000] {logging_mixin.py:190} INFO - [2024-10-17T19:46:02.416+0000] {dag.py:4180} INFO - Setting next_dagrun for example_sla_dag to 2024-10-17 19:44:00+00:00, run_after=2024-10-17 19:46:00+00:00
[2024-10-17T19:46:02.425+0000] {processor.py:208} INFO - Processing /home/airflow/.local/lib/python3.12/site-packages/airflow/example_dags/example_sla_dag.py took 0.052 seconds
[2024-10-17T19:46:32.774+0000] {processor.py:186} INFO - Started process (PID=377) to work on /home/airflow/.local/lib/python3.12/site-packages/airflow/example_dags/example_sla_dag.py
[2024-10-17T19:46:32.775+0000] {processor.py:914} INFO - Processing file /home/airflow/.local/lib/python3.12/site-packages/airflow/example_dags/example_sla_dag.py for tasks to queue
[2024-10-17T19:46:32.778+0000] {logging_mixin.py:190} INFO - [2024-10-17T19:46:32.777+0000] {dagbag.py:588} INFO - Filling up the DagBag from /home/airflow/.local/lib/python3.12/site-packages/airflow/example_dags/example_sla_dag.py
[2024-10-17T19:46:32.786+0000] {processor.py:925} INFO - DAG(s) 'example_sla_dag' retrieved from /home/airflow/.local/lib/python3.12/site-packages/airflow/example_dags/example_sla_dag.py
[2024-10-17T19:46:32.799+0000] {logging_mixin.py:190} INFO - [2024-10-17T19:46:32.799+0000] {dag.py:3239} INFO - Sync 1 DAGs
[2024-10-17T19:46:32.815+0000] {logging_mixin.py:190} INFO - [2024-10-17T19:46:32.815+0000] {dag.py:4180} INFO - Setting next_dagrun for example_sla_dag to 2024-10-17 19:44:00+00:00, run_after=2024-10-17 19:46:00+00:00
[2024-10-17T19:46:32.824+0000] {processor.py:208} INFO - Processing /home/airflow/.local/lib/python3.12/site-packages/airflow/example_dags/example_sla_dag.py took 0.055 seconds
[2024-10-17T19:47:03.274+0000] {processor.py:186} INFO - Started process (PID=440) to work on /home/airflow/.local/lib/python3.12/site-packages/airflow/example_dags/example_sla_dag.py
[2024-10-17T19:47:03.275+0000] {processor.py:914} INFO - Processing file /home/airflow/.local/lib/python3.12/site-packages/airflow/example_dags/example_sla_dag.py for tasks to queue
[2024-10-17T19:47:03.277+0000] {logging_mixin.py:190} INFO - [2024-10-17T19:47:03.276+0000] {dagbag.py:588} INFO - Filling up the DagBag from /home/airflow/.local/lib/python3.12/site-packages/airflow/example_dags/example_sla_dag.py
[2024-10-17T19:47:03.283+0000] {processor.py:925} INFO - DAG(s) 'example_sla_dag' retrieved from /home/airflow/.local/lib/python3.12/site-packages/airflow/example_dags/example_sla_dag.py
[2024-10-17T19:47:03.295+0000] {logging_mixin.py:190} INFO - [2024-10-17T19:47:03.295+0000] {dag.py:3239} INFO - Sync 1 DAGs
[2024-10-17T19:47:03.308+0000] {logging_mixin.py:190} INFO - [2024-10-17T19:47:03.308+0000] {dag.py:4180} INFO - Setting next_dagrun for example_sla_dag to 2024-10-17 19:44:00+00:00, run_after=2024-10-17 19:46:00+00:00
[2024-10-17T19:47:03.317+0000] {processor.py:208} INFO - Processing /home/airflow/.local/lib/python3.12/site-packages/airflow/example_dags/example_sla_dag.py took 0.047 seconds
[2024-10-17T19:47:33.908+0000] {processor.py:186} INFO - Started process (PID=503) to work on /home/airflow/.local/lib/python3.12/site-packages/airflow/example_dags/example_sla_dag.py
[2024-10-17T19:47:33.910+0000] {processor.py:914} INFO - Processing file /home/airflow/.local/lib/python3.12/site-packages/airflow/example_dags/example_sla_dag.py for tasks to queue
[2024-10-17T19:47:33.912+0000] {logging_mixin.py:190} INFO - [2024-10-17T19:47:33.911+0000] {dagbag.py:588} INFO - Filling up the DagBag from /home/airflow/.local/lib/python3.12/site-packages/airflow/example_dags/example_sla_dag.py
[2024-10-17T19:47:33.922+0000] {processor.py:925} INFO - DAG(s) 'example_sla_dag' retrieved from /home/airflow/.local/lib/python3.12/site-packages/airflow/example_dags/example_sla_dag.py
[2024-10-17T19:47:33.940+0000] {logging_mixin.py:190} INFO - [2024-10-17T19:47:33.940+0000] {dag.py:3239} INFO - Sync 1 DAGs
[2024-10-17T19:47:33.955+0000] {logging_mixin.py:190} INFO - [2024-10-17T19:47:33.955+0000] {dag.py:4180} INFO - Setting next_dagrun for example_sla_dag to 2024-10-17 19:44:00+00:00, run_after=2024-10-17 19:46:00+00:00
[2024-10-17T19:47:33.964+0000] {processor.py:208} INFO - Processing /home/airflow/.local/lib/python3.12/site-packages/airflow/example_dags/example_sla_dag.py took 0.064 seconds
[2024-10-17T19:48:04.397+0000] {processor.py:186} INFO - Started process (PID=566) to work on /home/airflow/.local/lib/python3.12/site-packages/airflow/example_dags/example_sla_dag.py
[2024-10-17T19:48:04.399+0000] {processor.py:914} INFO - Processing file /home/airflow/.local/lib/python3.12/site-packages/airflow/example_dags/example_sla_dag.py for tasks to queue
[2024-10-17T19:48:04.402+0000] {logging_mixin.py:190} INFO - [2024-10-17T19:48:04.402+0000] {dagbag.py:588} INFO - Filling up the DagBag from /home/airflow/.local/lib/python3.12/site-packages/airflow/example_dags/example_sla_dag.py
[2024-10-17T19:48:04.415+0000] {processor.py:925} INFO - DAG(s) 'example_sla_dag' retrieved from /home/airflow/.local/lib/python3.12/site-packages/airflow/example_dags/example_sla_dag.py
[2024-10-17T19:48:04.429+0000] {logging_mixin.py:190} INFO - [2024-10-17T19:48:04.429+0000] {dag.py:3239} INFO - Sync 1 DAGs
[2024-10-17T19:48:04.444+0000] {logging_mixin.py:190} INFO - [2024-10-17T19:48:04.444+0000] {dag.py:4180} INFO - Setting next_dagrun for example_sla_dag to 2024-10-17 19:46:00+00:00, run_after=2024-10-17 19:48:00+00:00
[2024-10-17T19:48:04.452+0000] {processor.py:208} INFO - Processing /home/airflow/.local/lib/python3.12/site-packages/airflow/example_dags/example_sla_dag.py took 0.064 seconds
