[2024-10-17T17:10:33.030+0000] {processor.py:186} INFO - Started process (PID=48) to work on /home/airflow/.local/lib/python3.12/site-packages/airflow/example_dags/example_params_trigger_ui.py
[2024-10-17T17:10:33.031+0000] {processor.py:914} INFO - Processing file /home/airflow/.local/lib/python3.12/site-packages/airflow/example_dags/example_params_trigger_ui.py for tasks to queue
[2024-10-17T17:10:33.033+0000] {logging_mixin.py:190} INFO - [2024-10-17T17:10:33.032+0000] {dagbag.py:588} INFO - Filling up the DagBag from /home/airflow/.local/lib/python3.12/site-packages/airflow/example_dags/example_params_trigger_ui.py
[2024-10-17T17:10:33.042+0000] {processor.py:925} INFO - DAG(s) 'example_params_trigger_ui' retrieved from /home/airflow/.local/lib/python3.12/site-packages/airflow/example_dags/example_params_trigger_ui.py
[2024-10-17T17:10:33.122+0000] {logging_mixin.py:190} INFO - [2024-10-17T17:10:33.122+0000] {override.py:1900} INFO - Created Permission View: can delete on DAG:example_params_trigger_ui
[2024-10-17T17:10:33.127+0000] {logging_mixin.py:190} INFO - [2024-10-17T17:10:33.127+0000] {override.py:1900} INFO - Created Permission View: can edit on DAG:example_params_trigger_ui
[2024-10-17T17:10:33.129+0000] {logging_mixin.py:190} INFO - [2024-10-17T17:10:33.129+0000] {override.py:1900} INFO - Created Permission View: can read on DAG:example_params_trigger_ui
[2024-10-17T17:10:33.132+0000] {logging_mixin.py:190} INFO - [2024-10-17T17:10:33.132+0000] {override.py:1900} INFO - Created Permission View: can create on DAG Run:example_params_trigger_ui
[2024-10-17T17:10:33.134+0000] {logging_mixin.py:190} INFO - [2024-10-17T17:10:33.134+0000] {override.py:1900} INFO - Created Permission View: can delete on DAG Run:example_params_trigger_ui
[2024-10-17T17:10:33.137+0000] {logging_mixin.py:190} INFO - [2024-10-17T17:10:33.137+0000] {override.py:1900} INFO - Created Permission View: can read on DAG Run:example_params_trigger_ui
[2024-10-17T17:10:33.139+0000] {logging_mixin.py:190} INFO - [2024-10-17T17:10:33.139+0000] {override.py:1900} INFO - Created Permission View: menu access on DAG Run:example_params_trigger_ui
[2024-10-17T17:10:33.140+0000] {logging_mixin.py:190} INFO - [2024-10-17T17:10:33.140+0000] {dag.py:3239} INFO - Sync 1 DAGs
[2024-10-17T17:10:33.146+0000] {logging_mixin.py:190} INFO - [2024-10-17T17:10:33.146+0000] {dag.py:3262} INFO - Creating ORM DAG for example_params_trigger_ui
[2024-10-17T17:10:33.147+0000] {logging_mixin.py:190} INFO - [2024-10-17T17:10:33.147+0000] {dag.py:4180} INFO - Setting next_dagrun for example_params_trigger_ui to None, run_after=None
[2024-10-17T17:10:33.155+0000] {processor.py:208} INFO - Processing /home/airflow/.local/lib/python3.12/site-packages/airflow/example_dags/example_params_trigger_ui.py took 0.129 seconds
[2024-10-17T17:11:03.590+0000] {processor.py:186} INFO - Started process (PID=110) to work on /home/airflow/.local/lib/python3.12/site-packages/airflow/example_dags/example_params_trigger_ui.py
[2024-10-17T17:11:03.591+0000] {processor.py:914} INFO - Processing file /home/airflow/.local/lib/python3.12/site-packages/airflow/example_dags/example_params_trigger_ui.py for tasks to queue
[2024-10-17T17:11:03.592+0000] {logging_mixin.py:190} INFO - [2024-10-17T17:11:03.592+0000] {dagbag.py:588} INFO - Filling up the DagBag from /home/airflow/.local/lib/python3.12/site-packages/airflow/example_dags/example_params_trigger_ui.py
[2024-10-17T17:11:03.598+0000] {processor.py:925} INFO - DAG(s) 'example_params_trigger_ui' retrieved from /home/airflow/.local/lib/python3.12/site-packages/airflow/example_dags/example_params_trigger_ui.py
[2024-10-17T17:11:03.619+0000] {logging_mixin.py:190} INFO - [2024-10-17T17:11:03.619+0000] {dag.py:3239} INFO - Sync 1 DAGs
[2024-10-17T17:11:03.628+0000] {logging_mixin.py:190} INFO - [2024-10-17T17:11:03.628+0000] {dag.py:4180} INFO - Setting next_dagrun for example_params_trigger_ui to None, run_after=None
[2024-10-17T17:11:03.638+0000] {processor.py:208} INFO - Processing /home/airflow/.local/lib/python3.12/site-packages/airflow/example_dags/example_params_trigger_ui.py took 0.051 seconds
[2024-10-17T17:11:33.782+0000] {processor.py:186} INFO - Started process (PID=172) to work on /home/airflow/.local/lib/python3.12/site-packages/airflow/example_dags/example_params_trigger_ui.py
[2024-10-17T17:11:33.783+0000] {processor.py:914} INFO - Processing file /home/airflow/.local/lib/python3.12/site-packages/airflow/example_dags/example_params_trigger_ui.py for tasks to queue
[2024-10-17T17:11:33.784+0000] {logging_mixin.py:190} INFO - [2024-10-17T17:11:33.784+0000] {dagbag.py:588} INFO - Filling up the DagBag from /home/airflow/.local/lib/python3.12/site-packages/airflow/example_dags/example_params_trigger_ui.py
[2024-10-17T17:11:33.790+0000] {processor.py:925} INFO - DAG(s) 'example_params_trigger_ui' retrieved from /home/airflow/.local/lib/python3.12/site-packages/airflow/example_dags/example_params_trigger_ui.py
[2024-10-17T17:11:33.809+0000] {logging_mixin.py:190} INFO - [2024-10-17T17:11:33.809+0000] {dag.py:3239} INFO - Sync 1 DAGs
[2024-10-17T17:11:33.816+0000] {logging_mixin.py:190} INFO - [2024-10-17T17:11:33.816+0000] {dag.py:4180} INFO - Setting next_dagrun for example_params_trigger_ui to None, run_after=None
[2024-10-17T17:11:33.825+0000] {processor.py:208} INFO - Processing /home/airflow/.local/lib/python3.12/site-packages/airflow/example_dags/example_params_trigger_ui.py took 0.047 seconds
[2024-10-17T17:12:04.227+0000] {processor.py:186} INFO - Started process (PID=233) to work on /home/airflow/.local/lib/python3.12/site-packages/airflow/example_dags/example_params_trigger_ui.py
[2024-10-17T17:12:04.228+0000] {processor.py:914} INFO - Processing file /home/airflow/.local/lib/python3.12/site-packages/airflow/example_dags/example_params_trigger_ui.py for tasks to queue
[2024-10-17T17:12:04.229+0000] {logging_mixin.py:190} INFO - [2024-10-17T17:12:04.229+0000] {dagbag.py:588} INFO - Filling up the DagBag from /home/airflow/.local/lib/python3.12/site-packages/airflow/example_dags/example_params_trigger_ui.py
[2024-10-17T17:12:04.236+0000] {processor.py:925} INFO - DAG(s) 'example_params_trigger_ui' retrieved from /home/airflow/.local/lib/python3.12/site-packages/airflow/example_dags/example_params_trigger_ui.py
[2024-10-17T17:12:04.257+0000] {logging_mixin.py:190} INFO - [2024-10-17T17:12:04.257+0000] {dag.py:3239} INFO - Sync 1 DAGs
[2024-10-17T17:12:04.266+0000] {logging_mixin.py:190} INFO - [2024-10-17T17:12:04.266+0000] {dag.py:4180} INFO - Setting next_dagrun for example_params_trigger_ui to None, run_after=None
[2024-10-17T17:12:04.276+0000] {processor.py:208} INFO - Processing /home/airflow/.local/lib/python3.12/site-packages/airflow/example_dags/example_params_trigger_ui.py took 0.053 seconds
[2024-10-17T19:26:34.287+0000] {processor.py:186} INFO - Started process (PID=67) to work on /home/airflow/.local/lib/python3.12/site-packages/airflow/example_dags/example_params_trigger_ui.py
[2024-10-17T19:26:34.288+0000] {processor.py:914} INFO - Processing file /home/airflow/.local/lib/python3.12/site-packages/airflow/example_dags/example_params_trigger_ui.py for tasks to queue
[2024-10-17T19:26:34.289+0000] {logging_mixin.py:190} INFO - [2024-10-17T19:26:34.289+0000] {dagbag.py:588} INFO - Filling up the DagBag from /home/airflow/.local/lib/python3.12/site-packages/airflow/example_dags/example_params_trigger_ui.py
[2024-10-17T19:26:34.297+0000] {processor.py:925} INFO - DAG(s) 'example_params_trigger_ui' retrieved from /home/airflow/.local/lib/python3.12/site-packages/airflow/example_dags/example_params_trigger_ui.py
[2024-10-17T19:26:34.361+0000] {logging_mixin.py:190} INFO - [2024-10-17T19:26:34.361+0000] {override.py:1900} INFO - Created Permission View: can edit on DAG:example_params_trigger_ui
[2024-10-17T19:26:34.366+0000] {logging_mixin.py:190} INFO - [2024-10-17T19:26:34.366+0000] {override.py:1900} INFO - Created Permission View: can delete on DAG:example_params_trigger_ui
[2024-10-17T19:26:34.368+0000] {logging_mixin.py:190} INFO - [2024-10-17T19:26:34.368+0000] {override.py:1900} INFO - Created Permission View: can read on DAG:example_params_trigger_ui
[2024-10-17T19:26:34.371+0000] {logging_mixin.py:190} INFO - [2024-10-17T19:26:34.371+0000] {override.py:1900} INFO - Created Permission View: can delete on DAG Run:example_params_trigger_ui
[2024-10-17T19:26:34.374+0000] {logging_mixin.py:190} INFO - [2024-10-17T19:26:34.374+0000] {override.py:1900} INFO - Created Permission View: can create on DAG Run:example_params_trigger_ui
[2024-10-17T19:26:34.376+0000] {logging_mixin.py:190} INFO - [2024-10-17T19:26:34.376+0000] {override.py:1900} INFO - Created Permission View: can read on DAG Run:example_params_trigger_ui
[2024-10-17T19:26:34.380+0000] {logging_mixin.py:190} INFO - [2024-10-17T19:26:34.379+0000] {override.py:1900} INFO - Created Permission View: menu access on DAG Run:example_params_trigger_ui
[2024-10-17T19:26:34.380+0000] {logging_mixin.py:190} INFO - [2024-10-17T19:26:34.380+0000] {dag.py:3239} INFO - Sync 1 DAGs
[2024-10-17T19:26:34.387+0000] {logging_mixin.py:190} INFO - [2024-10-17T19:26:34.387+0000] {dag.py:3262} INFO - Creating ORM DAG for example_params_trigger_ui
[2024-10-17T19:26:34.388+0000] {logging_mixin.py:190} INFO - [2024-10-17T19:26:34.388+0000] {dag.py:4180} INFO - Setting next_dagrun for example_params_trigger_ui to None, run_after=None
[2024-10-17T19:26:34.398+0000] {processor.py:208} INFO - Processing /home/airflow/.local/lib/python3.12/site-packages/airflow/example_dags/example_params_trigger_ui.py took 0.114 seconds
[2024-10-17T19:27:05.061+0000] {processor.py:186} INFO - Started process (PID=130) to work on /home/airflow/.local/lib/python3.12/site-packages/airflow/example_dags/example_params_trigger_ui.py
[2024-10-17T19:27:05.062+0000] {processor.py:914} INFO - Processing file /home/airflow/.local/lib/python3.12/site-packages/airflow/example_dags/example_params_trigger_ui.py for tasks to queue
[2024-10-17T19:27:05.063+0000] {logging_mixin.py:190} INFO - [2024-10-17T19:27:05.063+0000] {dagbag.py:588} INFO - Filling up the DagBag from /home/airflow/.local/lib/python3.12/site-packages/airflow/example_dags/example_params_trigger_ui.py
[2024-10-17T19:27:05.069+0000] {processor.py:925} INFO - DAG(s) 'example_params_trigger_ui' retrieved from /home/airflow/.local/lib/python3.12/site-packages/airflow/example_dags/example_params_trigger_ui.py
[2024-10-17T19:27:05.089+0000] {logging_mixin.py:190} INFO - [2024-10-17T19:27:05.089+0000] {dag.py:3239} INFO - Sync 1 DAGs
[2024-10-17T19:27:05.096+0000] {logging_mixin.py:190} INFO - [2024-10-17T19:27:05.096+0000] {dag.py:4180} INFO - Setting next_dagrun for example_params_trigger_ui to None, run_after=None
[2024-10-17T19:27:05.104+0000] {processor.py:208} INFO - Processing /home/airflow/.local/lib/python3.12/site-packages/airflow/example_dags/example_params_trigger_ui.py took 0.047 seconds
[2024-10-17T19:27:35.515+0000] {processor.py:186} INFO - Started process (PID=193) to work on /home/airflow/.local/lib/python3.12/site-packages/airflow/example_dags/example_params_trigger_ui.py
[2024-10-17T19:27:35.516+0000] {processor.py:914} INFO - Processing file /home/airflow/.local/lib/python3.12/site-packages/airflow/example_dags/example_params_trigger_ui.py for tasks to queue
[2024-10-17T19:27:35.517+0000] {logging_mixin.py:190} INFO - [2024-10-17T19:27:35.517+0000] {dagbag.py:588} INFO - Filling up the DagBag from /home/airflow/.local/lib/python3.12/site-packages/airflow/example_dags/example_params_trigger_ui.py
[2024-10-17T19:27:35.523+0000] {processor.py:925} INFO - DAG(s) 'example_params_trigger_ui' retrieved from /home/airflow/.local/lib/python3.12/site-packages/airflow/example_dags/example_params_trigger_ui.py
[2024-10-17T19:27:35.544+0000] {logging_mixin.py:190} INFO - [2024-10-17T19:27:35.544+0000] {dag.py:3239} INFO - Sync 1 DAGs
[2024-10-17T19:27:35.552+0000] {logging_mixin.py:190} INFO - [2024-10-17T19:27:35.551+0000] {dag.py:4180} INFO - Setting next_dagrun for example_params_trigger_ui to None, run_after=None
[2024-10-17T19:27:35.560+0000] {processor.py:208} INFO - Processing /home/airflow/.local/lib/python3.12/site-packages/airflow/example_dags/example_params_trigger_ui.py took 0.049 seconds
[2024-10-17T19:28:06.044+0000] {processor.py:186} INFO - Started process (PID=256) to work on /home/airflow/.local/lib/python3.12/site-packages/airflow/example_dags/example_params_trigger_ui.py
[2024-10-17T19:28:06.045+0000] {processor.py:914} INFO - Processing file /home/airflow/.local/lib/python3.12/site-packages/airflow/example_dags/example_params_trigger_ui.py for tasks to queue
[2024-10-17T19:28:06.046+0000] {logging_mixin.py:190} INFO - [2024-10-17T19:28:06.046+0000] {dagbag.py:588} INFO - Filling up the DagBag from /home/airflow/.local/lib/python3.12/site-packages/airflow/example_dags/example_params_trigger_ui.py
[2024-10-17T19:28:06.052+0000] {processor.py:925} INFO - DAG(s) 'example_params_trigger_ui' retrieved from /home/airflow/.local/lib/python3.12/site-packages/airflow/example_dags/example_params_trigger_ui.py
[2024-10-17T19:28:06.072+0000] {logging_mixin.py:190} INFO - [2024-10-17T19:28:06.072+0000] {dag.py:3239} INFO - Sync 1 DAGs
[2024-10-17T19:28:06.080+0000] {logging_mixin.py:190} INFO - [2024-10-17T19:28:06.080+0000] {dag.py:4180} INFO - Setting next_dagrun for example_params_trigger_ui to None, run_after=None
[2024-10-17T19:28:06.094+0000] {processor.py:208} INFO - Processing /home/airflow/.local/lib/python3.12/site-packages/airflow/example_dags/example_params_trigger_ui.py took 0.053 seconds
[2024-10-17T19:28:36.693+0000] {processor.py:186} INFO - Started process (PID=319) to work on /home/airflow/.local/lib/python3.12/site-packages/airflow/example_dags/example_params_trigger_ui.py
[2024-10-17T19:28:36.694+0000] {processor.py:914} INFO - Processing file /home/airflow/.local/lib/python3.12/site-packages/airflow/example_dags/example_params_trigger_ui.py for tasks to queue
[2024-10-17T19:28:36.695+0000] {logging_mixin.py:190} INFO - [2024-10-17T19:28:36.695+0000] {dagbag.py:588} INFO - Filling up the DagBag from /home/airflow/.local/lib/python3.12/site-packages/airflow/example_dags/example_params_trigger_ui.py
[2024-10-17T19:28:36.702+0000] {processor.py:925} INFO - DAG(s) 'example_params_trigger_ui' retrieved from /home/airflow/.local/lib/python3.12/site-packages/airflow/example_dags/example_params_trigger_ui.py
[2024-10-17T19:28:36.722+0000] {logging_mixin.py:190} INFO - [2024-10-17T19:28:36.722+0000] {dag.py:3239} INFO - Sync 1 DAGs
[2024-10-17T19:28:36.730+0000] {logging_mixin.py:190} INFO - [2024-10-17T19:28:36.730+0000] {dag.py:4180} INFO - Setting next_dagrun for example_params_trigger_ui to None, run_after=None
[2024-10-17T19:28:36.740+0000] {processor.py:208} INFO - Processing /home/airflow/.local/lib/python3.12/site-packages/airflow/example_dags/example_params_trigger_ui.py took 0.051 seconds
[2024-10-17T19:29:07.474+0000] {processor.py:186} INFO - Started process (PID=382) to work on /home/airflow/.local/lib/python3.12/site-packages/airflow/example_dags/example_params_trigger_ui.py
[2024-10-17T19:29:07.474+0000] {processor.py:914} INFO - Processing file /home/airflow/.local/lib/python3.12/site-packages/airflow/example_dags/example_params_trigger_ui.py for tasks to queue
[2024-10-17T19:29:07.476+0000] {logging_mixin.py:190} INFO - [2024-10-17T19:29:07.476+0000] {dagbag.py:588} INFO - Filling up the DagBag from /home/airflow/.local/lib/python3.12/site-packages/airflow/example_dags/example_params_trigger_ui.py
[2024-10-17T19:29:07.483+0000] {processor.py:925} INFO - DAG(s) 'example_params_trigger_ui' retrieved from /home/airflow/.local/lib/python3.12/site-packages/airflow/example_dags/example_params_trigger_ui.py
[2024-10-17T19:29:07.503+0000] {logging_mixin.py:190} INFO - [2024-10-17T19:29:07.503+0000] {dag.py:3239} INFO - Sync 1 DAGs
[2024-10-17T19:29:07.511+0000] {logging_mixin.py:190} INFO - [2024-10-17T19:29:07.511+0000] {dag.py:4180} INFO - Setting next_dagrun for example_params_trigger_ui to None, run_after=None
[2024-10-17T19:29:07.522+0000] {processor.py:208} INFO - Processing /home/airflow/.local/lib/python3.12/site-packages/airflow/example_dags/example_params_trigger_ui.py took 0.051 seconds
[2024-10-17T19:29:38.021+0000] {processor.py:186} INFO - Started process (PID=445) to work on /home/airflow/.local/lib/python3.12/site-packages/airflow/example_dags/example_params_trigger_ui.py
[2024-10-17T19:29:38.021+0000] {processor.py:914} INFO - Processing file /home/airflow/.local/lib/python3.12/site-packages/airflow/example_dags/example_params_trigger_ui.py for tasks to queue
[2024-10-17T19:29:38.023+0000] {logging_mixin.py:190} INFO - [2024-10-17T19:29:38.022+0000] {dagbag.py:588} INFO - Filling up the DagBag from /home/airflow/.local/lib/python3.12/site-packages/airflow/example_dags/example_params_trigger_ui.py
[2024-10-17T19:29:38.029+0000] {processor.py:925} INFO - DAG(s) 'example_params_trigger_ui' retrieved from /home/airflow/.local/lib/python3.12/site-packages/airflow/example_dags/example_params_trigger_ui.py
[2024-10-17T19:29:38.050+0000] {logging_mixin.py:190} INFO - [2024-10-17T19:29:38.050+0000] {dag.py:3239} INFO - Sync 1 DAGs
[2024-10-17T19:29:38.058+0000] {logging_mixin.py:190} INFO - [2024-10-17T19:29:38.058+0000] {dag.py:4180} INFO - Setting next_dagrun for example_params_trigger_ui to None, run_after=None
[2024-10-17T19:29:38.068+0000] {processor.py:208} INFO - Processing /home/airflow/.local/lib/python3.12/site-packages/airflow/example_dags/example_params_trigger_ui.py took 0.052 seconds
[2024-10-17T19:30:08.478+0000] {processor.py:186} INFO - Started process (PID=508) to work on /home/airflow/.local/lib/python3.12/site-packages/airflow/example_dags/example_params_trigger_ui.py
[2024-10-17T19:30:08.478+0000] {processor.py:914} INFO - Processing file /home/airflow/.local/lib/python3.12/site-packages/airflow/example_dags/example_params_trigger_ui.py for tasks to queue
[2024-10-17T19:30:08.480+0000] {logging_mixin.py:190} INFO - [2024-10-17T19:30:08.480+0000] {dagbag.py:588} INFO - Filling up the DagBag from /home/airflow/.local/lib/python3.12/site-packages/airflow/example_dags/example_params_trigger_ui.py
[2024-10-17T19:30:08.487+0000] {processor.py:925} INFO - DAG(s) 'example_params_trigger_ui' retrieved from /home/airflow/.local/lib/python3.12/site-packages/airflow/example_dags/example_params_trigger_ui.py
[2024-10-17T19:30:08.510+0000] {logging_mixin.py:190} INFO - [2024-10-17T19:30:08.510+0000] {dag.py:3239} INFO - Sync 1 DAGs
[2024-10-17T19:30:08.519+0000] {logging_mixin.py:190} INFO - [2024-10-17T19:30:08.518+0000] {dag.py:4180} INFO - Setting next_dagrun for example_params_trigger_ui to None, run_after=None
[2024-10-17T19:30:08.528+0000] {processor.py:208} INFO - Processing /home/airflow/.local/lib/python3.12/site-packages/airflow/example_dags/example_params_trigger_ui.py took 0.054 seconds
[2024-10-17T19:30:39.055+0000] {processor.py:186} INFO - Started process (PID=571) to work on /home/airflow/.local/lib/python3.12/site-packages/airflow/example_dags/example_params_trigger_ui.py
[2024-10-17T19:30:39.057+0000] {processor.py:914} INFO - Processing file /home/airflow/.local/lib/python3.12/site-packages/airflow/example_dags/example_params_trigger_ui.py for tasks to queue
[2024-10-17T19:30:39.058+0000] {logging_mixin.py:190} INFO - [2024-10-17T19:30:39.058+0000] {dagbag.py:588} INFO - Filling up the DagBag from /home/airflow/.local/lib/python3.12/site-packages/airflow/example_dags/example_params_trigger_ui.py
[2024-10-17T19:30:39.065+0000] {processor.py:925} INFO - DAG(s) 'example_params_trigger_ui' retrieved from /home/airflow/.local/lib/python3.12/site-packages/airflow/example_dags/example_params_trigger_ui.py
[2024-10-17T19:30:39.092+0000] {logging_mixin.py:190} INFO - [2024-10-17T19:30:39.091+0000] {dag.py:3239} INFO - Sync 1 DAGs
[2024-10-17T19:30:39.101+0000] {logging_mixin.py:190} INFO - [2024-10-17T19:30:39.100+0000] {dag.py:4180} INFO - Setting next_dagrun for example_params_trigger_ui to None, run_after=None
[2024-10-17T19:30:39.113+0000] {processor.py:208} INFO - Processing /home/airflow/.local/lib/python3.12/site-packages/airflow/example_dags/example_params_trigger_ui.py took 0.063 seconds
[2024-10-17T19:31:09.619+0000] {processor.py:186} INFO - Started process (PID=634) to work on /home/airflow/.local/lib/python3.12/site-packages/airflow/example_dags/example_params_trigger_ui.py
[2024-10-17T19:31:09.620+0000] {processor.py:914} INFO - Processing file /home/airflow/.local/lib/python3.12/site-packages/airflow/example_dags/example_params_trigger_ui.py for tasks to queue
[2024-10-17T19:31:09.622+0000] {logging_mixin.py:190} INFO - [2024-10-17T19:31:09.622+0000] {dagbag.py:588} INFO - Filling up the DagBag from /home/airflow/.local/lib/python3.12/site-packages/airflow/example_dags/example_params_trigger_ui.py
[2024-10-17T19:31:09.628+0000] {processor.py:925} INFO - DAG(s) 'example_params_trigger_ui' retrieved from /home/airflow/.local/lib/python3.12/site-packages/airflow/example_dags/example_params_trigger_ui.py
[2024-10-17T19:31:09.648+0000] {logging_mixin.py:190} INFO - [2024-10-17T19:31:09.648+0000] {dag.py:3239} INFO - Sync 1 DAGs
[2024-10-17T19:31:09.656+0000] {logging_mixin.py:190} INFO - [2024-10-17T19:31:09.656+0000] {dag.py:4180} INFO - Setting next_dagrun for example_params_trigger_ui to None, run_after=None
[2024-10-17T19:31:09.665+0000] {processor.py:208} INFO - Processing /home/airflow/.local/lib/python3.12/site-packages/airflow/example_dags/example_params_trigger_ui.py took 0.049 seconds
[2024-10-17T19:31:40.249+0000] {processor.py:186} INFO - Started process (PID=697) to work on /home/airflow/.local/lib/python3.12/site-packages/airflow/example_dags/example_params_trigger_ui.py
[2024-10-17T19:31:40.249+0000] {processor.py:914} INFO - Processing file /home/airflow/.local/lib/python3.12/site-packages/airflow/example_dags/example_params_trigger_ui.py for tasks to queue
[2024-10-17T19:31:40.251+0000] {logging_mixin.py:190} INFO - [2024-10-17T19:31:40.251+0000] {dagbag.py:588} INFO - Filling up the DagBag from /home/airflow/.local/lib/python3.12/site-packages/airflow/example_dags/example_params_trigger_ui.py
[2024-10-17T19:31:40.259+0000] {processor.py:925} INFO - DAG(s) 'example_params_trigger_ui' retrieved from /home/airflow/.local/lib/python3.12/site-packages/airflow/example_dags/example_params_trigger_ui.py
[2024-10-17T19:31:40.285+0000] {logging_mixin.py:190} INFO - [2024-10-17T19:31:40.284+0000] {dag.py:3239} INFO - Sync 1 DAGs
[2024-10-17T19:31:40.301+0000] {logging_mixin.py:190} INFO - [2024-10-17T19:31:40.301+0000] {dag.py:4180} INFO - Setting next_dagrun for example_params_trigger_ui to None, run_after=None
[2024-10-17T19:31:40.317+0000] {processor.py:208} INFO - Processing /home/airflow/.local/lib/python3.12/site-packages/airflow/example_dags/example_params_trigger_ui.py took 0.073 seconds
[2024-10-17T19:33:31.615+0000] {processor.py:186} INFO - Started process (PID=67) to work on /home/airflow/.local/lib/python3.12/site-packages/airflow/example_dags/example_params_trigger_ui.py
[2024-10-17T19:33:31.615+0000] {processor.py:914} INFO - Processing file /home/airflow/.local/lib/python3.12/site-packages/airflow/example_dags/example_params_trigger_ui.py for tasks to queue
[2024-10-17T19:33:31.617+0000] {logging_mixin.py:190} INFO - [2024-10-17T19:33:31.617+0000] {dagbag.py:588} INFO - Filling up the DagBag from /home/airflow/.local/lib/python3.12/site-packages/airflow/example_dags/example_params_trigger_ui.py
[2024-10-17T19:33:31.625+0000] {processor.py:925} INFO - DAG(s) 'example_params_trigger_ui' retrieved from /home/airflow/.local/lib/python3.12/site-packages/airflow/example_dags/example_params_trigger_ui.py
[2024-10-17T19:33:31.688+0000] {logging_mixin.py:190} INFO - [2024-10-17T19:33:31.687+0000] {override.py:1900} INFO - Created Permission View: can edit on DAG:example_params_trigger_ui
[2024-10-17T19:33:31.692+0000] {logging_mixin.py:190} INFO - [2024-10-17T19:33:31.692+0000] {override.py:1900} INFO - Created Permission View: can delete on DAG:example_params_trigger_ui
[2024-10-17T19:33:31.695+0000] {logging_mixin.py:190} INFO - [2024-10-17T19:33:31.695+0000] {override.py:1900} INFO - Created Permission View: can read on DAG:example_params_trigger_ui
[2024-10-17T19:33:31.698+0000] {logging_mixin.py:190} INFO - [2024-10-17T19:33:31.698+0000] {override.py:1900} INFO - Created Permission View: menu access on DAG Run:example_params_trigger_ui
[2024-10-17T19:33:31.700+0000] {logging_mixin.py:190} INFO - [2024-10-17T19:33:31.700+0000] {override.py:1900} INFO - Created Permission View: can create on DAG Run:example_params_trigger_ui
[2024-10-17T19:33:31.703+0000] {logging_mixin.py:190} INFO - [2024-10-17T19:33:31.703+0000] {override.py:1900} INFO - Created Permission View: can delete on DAG Run:example_params_trigger_ui
[2024-10-17T19:33:31.706+0000] {logging_mixin.py:190} INFO - [2024-10-17T19:33:31.705+0000] {override.py:1900} INFO - Created Permission View: can read on DAG Run:example_params_trigger_ui
[2024-10-17T19:33:31.706+0000] {logging_mixin.py:190} INFO - [2024-10-17T19:33:31.706+0000] {dag.py:3239} INFO - Sync 1 DAGs
[2024-10-17T19:33:31.712+0000] {logging_mixin.py:190} INFO - [2024-10-17T19:33:31.712+0000] {dag.py:3262} INFO - Creating ORM DAG for example_params_trigger_ui
[2024-10-17T19:33:31.712+0000] {logging_mixin.py:190} INFO - [2024-10-17T19:33:31.712+0000] {dag.py:4180} INFO - Setting next_dagrun for example_params_trigger_ui to None, run_after=None
[2024-10-17T19:33:31.720+0000] {processor.py:208} INFO - Processing /home/airflow/.local/lib/python3.12/site-packages/airflow/example_dags/example_params_trigger_ui.py took 0.110 seconds
[2024-10-17T19:34:02.146+0000] {processor.py:186} INFO - Started process (PID=129) to work on /home/airflow/.local/lib/python3.12/site-packages/airflow/example_dags/example_params_trigger_ui.py
[2024-10-17T19:34:02.147+0000] {processor.py:914} INFO - Processing file /home/airflow/.local/lib/python3.12/site-packages/airflow/example_dags/example_params_trigger_ui.py for tasks to queue
[2024-10-17T19:34:02.148+0000] {logging_mixin.py:190} INFO - [2024-10-17T19:34:02.148+0000] {dagbag.py:588} INFO - Filling up the DagBag from /home/airflow/.local/lib/python3.12/site-packages/airflow/example_dags/example_params_trigger_ui.py
[2024-10-17T19:34:02.154+0000] {processor.py:925} INFO - DAG(s) 'example_params_trigger_ui' retrieved from /home/airflow/.local/lib/python3.12/site-packages/airflow/example_dags/example_params_trigger_ui.py
[2024-10-17T19:34:02.172+0000] {logging_mixin.py:190} INFO - [2024-10-17T19:34:02.172+0000] {dag.py:3239} INFO - Sync 1 DAGs
[2024-10-17T19:34:02.179+0000] {logging_mixin.py:190} INFO - [2024-10-17T19:34:02.179+0000] {dag.py:4180} INFO - Setting next_dagrun for example_params_trigger_ui to None, run_after=None
[2024-10-17T19:34:02.187+0000] {processor.py:208} INFO - Processing /home/airflow/.local/lib/python3.12/site-packages/airflow/example_dags/example_params_trigger_ui.py took 0.044 seconds
[2024-10-17T19:34:32.450+0000] {processor.py:186} INFO - Started process (PID=192) to work on /home/airflow/.local/lib/python3.12/site-packages/airflow/example_dags/example_params_trigger_ui.py
[2024-10-17T19:34:32.451+0000] {processor.py:914} INFO - Processing file /home/airflow/.local/lib/python3.12/site-packages/airflow/example_dags/example_params_trigger_ui.py for tasks to queue
[2024-10-17T19:34:32.453+0000] {logging_mixin.py:190} INFO - [2024-10-17T19:34:32.453+0000] {dagbag.py:588} INFO - Filling up the DagBag from /home/airflow/.local/lib/python3.12/site-packages/airflow/example_dags/example_params_trigger_ui.py
[2024-10-17T19:34:32.458+0000] {processor.py:925} INFO - DAG(s) 'example_params_trigger_ui' retrieved from /home/airflow/.local/lib/python3.12/site-packages/airflow/example_dags/example_params_trigger_ui.py
[2024-10-17T19:34:32.477+0000] {logging_mixin.py:190} INFO - [2024-10-17T19:34:32.477+0000] {dag.py:3239} INFO - Sync 1 DAGs
[2024-10-17T19:34:32.483+0000] {logging_mixin.py:190} INFO - [2024-10-17T19:34:32.483+0000] {dag.py:4180} INFO - Setting next_dagrun for example_params_trigger_ui to None, run_after=None
[2024-10-17T19:34:32.491+0000] {processor.py:208} INFO - Processing /home/airflow/.local/lib/python3.12/site-packages/airflow/example_dags/example_params_trigger_ui.py took 0.045 seconds
[2024-10-17T19:35:02.898+0000] {processor.py:186} INFO - Started process (PID=256) to work on /home/airflow/.local/lib/python3.12/site-packages/airflow/example_dags/example_params_trigger_ui.py
[2024-10-17T19:35:02.899+0000] {processor.py:914} INFO - Processing file /home/airflow/.local/lib/python3.12/site-packages/airflow/example_dags/example_params_trigger_ui.py for tasks to queue
[2024-10-17T19:35:02.900+0000] {logging_mixin.py:190} INFO - [2024-10-17T19:35:02.900+0000] {dagbag.py:588} INFO - Filling up the DagBag from /home/airflow/.local/lib/python3.12/site-packages/airflow/example_dags/example_params_trigger_ui.py
[2024-10-17T19:35:02.907+0000] {processor.py:925} INFO - DAG(s) 'example_params_trigger_ui' retrieved from /home/airflow/.local/lib/python3.12/site-packages/airflow/example_dags/example_params_trigger_ui.py
[2024-10-17T19:35:02.931+0000] {logging_mixin.py:190} INFO - [2024-10-17T19:35:02.930+0000] {dag.py:3239} INFO - Sync 1 DAGs
[2024-10-17T19:35:02.940+0000] {logging_mixin.py:190} INFO - [2024-10-17T19:35:02.940+0000] {dag.py:4180} INFO - Setting next_dagrun for example_params_trigger_ui to None, run_after=None
[2024-10-17T19:35:02.950+0000] {processor.py:208} INFO - Processing /home/airflow/.local/lib/python3.12/site-packages/airflow/example_dags/example_params_trigger_ui.py took 0.055 seconds
[2024-10-17T19:35:33.546+0000] {processor.py:186} INFO - Started process (PID=319) to work on /home/airflow/.local/lib/python3.12/site-packages/airflow/example_dags/example_params_trigger_ui.py
[2024-10-17T19:35:33.547+0000] {processor.py:914} INFO - Processing file /home/airflow/.local/lib/python3.12/site-packages/airflow/example_dags/example_params_trigger_ui.py for tasks to queue
[2024-10-17T19:35:33.549+0000] {logging_mixin.py:190} INFO - [2024-10-17T19:35:33.549+0000] {dagbag.py:588} INFO - Filling up the DagBag from /home/airflow/.local/lib/python3.12/site-packages/airflow/example_dags/example_params_trigger_ui.py
[2024-10-17T19:35:33.555+0000] {processor.py:925} INFO - DAG(s) 'example_params_trigger_ui' retrieved from /home/airflow/.local/lib/python3.12/site-packages/airflow/example_dags/example_params_trigger_ui.py
[2024-10-17T19:35:33.574+0000] {logging_mixin.py:190} INFO - [2024-10-17T19:35:33.574+0000] {dag.py:3239} INFO - Sync 1 DAGs
[2024-10-17T19:35:33.581+0000] {logging_mixin.py:190} INFO - [2024-10-17T19:35:33.581+0000] {dag.py:4180} INFO - Setting next_dagrun for example_params_trigger_ui to None, run_after=None
[2024-10-17T19:35:33.589+0000] {processor.py:208} INFO - Processing /home/airflow/.local/lib/python3.12/site-packages/airflow/example_dags/example_params_trigger_ui.py took 0.047 seconds
[2024-10-17T19:36:04.211+0000] {processor.py:186} INFO - Started process (PID=382) to work on /home/airflow/.local/lib/python3.12/site-packages/airflow/example_dags/example_params_trigger_ui.py
[2024-10-17T19:36:04.212+0000] {processor.py:914} INFO - Processing file /home/airflow/.local/lib/python3.12/site-packages/airflow/example_dags/example_params_trigger_ui.py for tasks to queue
[2024-10-17T19:36:04.214+0000] {logging_mixin.py:190} INFO - [2024-10-17T19:36:04.213+0000] {dagbag.py:588} INFO - Filling up the DagBag from /home/airflow/.local/lib/python3.12/site-packages/airflow/example_dags/example_params_trigger_ui.py
[2024-10-17T19:36:04.220+0000] {processor.py:925} INFO - DAG(s) 'example_params_trigger_ui' retrieved from /home/airflow/.local/lib/python3.12/site-packages/airflow/example_dags/example_params_trigger_ui.py
[2024-10-17T19:36:04.241+0000] {logging_mixin.py:190} INFO - [2024-10-17T19:36:04.241+0000] {dag.py:3239} INFO - Sync 1 DAGs
[2024-10-17T19:36:04.249+0000] {logging_mixin.py:190} INFO - [2024-10-17T19:36:04.249+0000] {dag.py:4180} INFO - Setting next_dagrun for example_params_trigger_ui to None, run_after=None
[2024-10-17T19:36:04.260+0000] {processor.py:208} INFO - Processing /home/airflow/.local/lib/python3.12/site-packages/airflow/example_dags/example_params_trigger_ui.py took 0.053 seconds
[2024-10-17T19:36:34.889+0000] {processor.py:186} INFO - Started process (PID=445) to work on /home/airflow/.local/lib/python3.12/site-packages/airflow/example_dags/example_params_trigger_ui.py
[2024-10-17T19:36:34.890+0000] {processor.py:914} INFO - Processing file /home/airflow/.local/lib/python3.12/site-packages/airflow/example_dags/example_params_trigger_ui.py for tasks to queue
[2024-10-17T19:36:34.891+0000] {logging_mixin.py:190} INFO - [2024-10-17T19:36:34.891+0000] {dagbag.py:588} INFO - Filling up the DagBag from /home/airflow/.local/lib/python3.12/site-packages/airflow/example_dags/example_params_trigger_ui.py
[2024-10-17T19:36:34.897+0000] {processor.py:925} INFO - DAG(s) 'example_params_trigger_ui' retrieved from /home/airflow/.local/lib/python3.12/site-packages/airflow/example_dags/example_params_trigger_ui.py
[2024-10-17T19:36:34.915+0000] {logging_mixin.py:190} INFO - [2024-10-17T19:36:34.915+0000] {dag.py:3239} INFO - Sync 1 DAGs
[2024-10-17T19:36:34.922+0000] {logging_mixin.py:190} INFO - [2024-10-17T19:36:34.922+0000] {dag.py:4180} INFO - Setting next_dagrun for example_params_trigger_ui to None, run_after=None
[2024-10-17T19:36:34.931+0000] {processor.py:208} INFO - Processing /home/airflow/.local/lib/python3.12/site-packages/airflow/example_dags/example_params_trigger_ui.py took 0.045 seconds
[2024-10-17T19:37:05.372+0000] {processor.py:186} INFO - Started process (PID=509) to work on /home/airflow/.local/lib/python3.12/site-packages/airflow/example_dags/example_params_trigger_ui.py
[2024-10-17T19:37:05.373+0000] {processor.py:914} INFO - Processing file /home/airflow/.local/lib/python3.12/site-packages/airflow/example_dags/example_params_trigger_ui.py for tasks to queue
[2024-10-17T19:37:05.374+0000] {logging_mixin.py:190} INFO - [2024-10-17T19:37:05.374+0000] {dagbag.py:588} INFO - Filling up the DagBag from /home/airflow/.local/lib/python3.12/site-packages/airflow/example_dags/example_params_trigger_ui.py
[2024-10-17T19:37:05.381+0000] {processor.py:925} INFO - DAG(s) 'example_params_trigger_ui' retrieved from /home/airflow/.local/lib/python3.12/site-packages/airflow/example_dags/example_params_trigger_ui.py
[2024-10-17T19:37:05.401+0000] {logging_mixin.py:190} INFO - [2024-10-17T19:37:05.401+0000] {dag.py:3239} INFO - Sync 1 DAGs
[2024-10-17T19:37:05.409+0000] {logging_mixin.py:190} INFO - [2024-10-17T19:37:05.408+0000] {dag.py:4180} INFO - Setting next_dagrun for example_params_trigger_ui to None, run_after=None
[2024-10-17T19:37:05.418+0000] {processor.py:208} INFO - Processing /home/airflow/.local/lib/python3.12/site-packages/airflow/example_dags/example_params_trigger_ui.py took 0.050 seconds
[2024-10-17T19:39:17.844+0000] {processor.py:186} INFO - Started process (PID=67) to work on /home/airflow/.local/lib/python3.12/site-packages/airflow/example_dags/example_params_trigger_ui.py
[2024-10-17T19:39:17.844+0000] {processor.py:914} INFO - Processing file /home/airflow/.local/lib/python3.12/site-packages/airflow/example_dags/example_params_trigger_ui.py for tasks to queue
[2024-10-17T19:39:17.846+0000] {logging_mixin.py:190} INFO - [2024-10-17T19:39:17.846+0000] {dagbag.py:588} INFO - Filling up the DagBag from /home/airflow/.local/lib/python3.12/site-packages/airflow/example_dags/example_params_trigger_ui.py
[2024-10-17T19:39:17.854+0000] {processor.py:925} INFO - DAG(s) 'example_params_trigger_ui' retrieved from /home/airflow/.local/lib/python3.12/site-packages/airflow/example_dags/example_params_trigger_ui.py
[2024-10-17T19:39:17.950+0000] {logging_mixin.py:190} INFO - [2024-10-17T19:39:17.949+0000] {override.py:1900} INFO - Created Permission View: can read on DAG:example_params_trigger_ui
[2024-10-17T19:39:17.954+0000] {logging_mixin.py:190} INFO - [2024-10-17T19:39:17.954+0000] {override.py:1900} INFO - Created Permission View: can delete on DAG:example_params_trigger_ui
[2024-10-17T19:39:17.957+0000] {logging_mixin.py:190} INFO - [2024-10-17T19:39:17.957+0000] {override.py:1900} INFO - Created Permission View: can edit on DAG:example_params_trigger_ui
[2024-10-17T19:39:17.959+0000] {logging_mixin.py:190} INFO - [2024-10-17T19:39:17.959+0000] {override.py:1900} INFO - Created Permission View: can read on DAG Run:example_params_trigger_ui
[2024-10-17T19:39:17.961+0000] {logging_mixin.py:190} INFO - [2024-10-17T19:39:17.961+0000] {override.py:1900} INFO - Created Permission View: can create on DAG Run:example_params_trigger_ui
[2024-10-17T19:39:17.964+0000] {logging_mixin.py:190} INFO - [2024-10-17T19:39:17.964+0000] {override.py:1900} INFO - Created Permission View: can delete on DAG Run:example_params_trigger_ui
[2024-10-17T19:39:17.966+0000] {logging_mixin.py:190} INFO - [2024-10-17T19:39:17.966+0000] {override.py:1900} INFO - Created Permission View: menu access on DAG Run:example_params_trigger_ui
[2024-10-17T19:39:17.966+0000] {logging_mixin.py:190} INFO - [2024-10-17T19:39:17.966+0000] {dag.py:3239} INFO - Sync 1 DAGs
[2024-10-17T19:39:17.973+0000] {logging_mixin.py:190} INFO - [2024-10-17T19:39:17.973+0000] {dag.py:3262} INFO - Creating ORM DAG for example_params_trigger_ui
[2024-10-17T19:39:17.973+0000] {logging_mixin.py:190} INFO - [2024-10-17T19:39:17.973+0000] {dag.py:4180} INFO - Setting next_dagrun for example_params_trigger_ui to None, run_after=None
[2024-10-17T19:39:17.982+0000] {processor.py:208} INFO - Processing /home/airflow/.local/lib/python3.12/site-packages/airflow/example_dags/example_params_trigger_ui.py took 0.141 seconds
[2024-10-17T19:39:48.549+0000] {processor.py:186} INFO - Started process (PID=130) to work on /home/airflow/.local/lib/python3.12/site-packages/airflow/example_dags/example_params_trigger_ui.py
[2024-10-17T19:39:48.550+0000] {processor.py:914} INFO - Processing file /home/airflow/.local/lib/python3.12/site-packages/airflow/example_dags/example_params_trigger_ui.py for tasks to queue
[2024-10-17T19:39:48.552+0000] {logging_mixin.py:190} INFO - [2024-10-17T19:39:48.551+0000] {dagbag.py:588} INFO - Filling up the DagBag from /home/airflow/.local/lib/python3.12/site-packages/airflow/example_dags/example_params_trigger_ui.py
[2024-10-17T19:39:48.558+0000] {processor.py:925} INFO - DAG(s) 'example_params_trigger_ui' retrieved from /home/airflow/.local/lib/python3.12/site-packages/airflow/example_dags/example_params_trigger_ui.py
[2024-10-17T19:39:48.577+0000] {logging_mixin.py:190} INFO - [2024-10-17T19:39:48.577+0000] {dag.py:3239} INFO - Sync 1 DAGs
[2024-10-17T19:39:48.584+0000] {logging_mixin.py:190} INFO - [2024-10-17T19:39:48.584+0000] {dag.py:4180} INFO - Setting next_dagrun for example_params_trigger_ui to None, run_after=None
[2024-10-17T19:39:48.594+0000] {processor.py:208} INFO - Processing /home/airflow/.local/lib/python3.12/site-packages/airflow/example_dags/example_params_trigger_ui.py took 0.048 seconds
[2024-10-17T19:40:18.887+0000] {processor.py:186} INFO - Started process (PID=193) to work on /home/airflow/.local/lib/python3.12/site-packages/airflow/example_dags/example_params_trigger_ui.py
[2024-10-17T19:40:18.888+0000] {processor.py:914} INFO - Processing file /home/airflow/.local/lib/python3.12/site-packages/airflow/example_dags/example_params_trigger_ui.py for tasks to queue
[2024-10-17T19:40:18.889+0000] {logging_mixin.py:190} INFO - [2024-10-17T19:40:18.889+0000] {dagbag.py:588} INFO - Filling up the DagBag from /home/airflow/.local/lib/python3.12/site-packages/airflow/example_dags/example_params_trigger_ui.py
[2024-10-17T19:40:18.895+0000] {processor.py:925} INFO - DAG(s) 'example_params_trigger_ui' retrieved from /home/airflow/.local/lib/python3.12/site-packages/airflow/example_dags/example_params_trigger_ui.py
[2024-10-17T19:40:18.914+0000] {logging_mixin.py:190} INFO - [2024-10-17T19:40:18.914+0000] {dag.py:3239} INFO - Sync 1 DAGs
[2024-10-17T19:40:18.921+0000] {logging_mixin.py:190} INFO - [2024-10-17T19:40:18.921+0000] {dag.py:4180} INFO - Setting next_dagrun for example_params_trigger_ui to None, run_after=None
[2024-10-17T19:40:18.930+0000] {processor.py:208} INFO - Processing /home/airflow/.local/lib/python3.12/site-packages/airflow/example_dags/example_params_trigger_ui.py took 0.046 seconds
[2024-10-17T19:40:49.235+0000] {processor.py:186} INFO - Started process (PID=256) to work on /home/airflow/.local/lib/python3.12/site-packages/airflow/example_dags/example_params_trigger_ui.py
[2024-10-17T19:40:49.236+0000] {processor.py:914} INFO - Processing file /home/airflow/.local/lib/python3.12/site-packages/airflow/example_dags/example_params_trigger_ui.py for tasks to queue
[2024-10-17T19:40:49.237+0000] {logging_mixin.py:190} INFO - [2024-10-17T19:40:49.237+0000] {dagbag.py:588} INFO - Filling up the DagBag from /home/airflow/.local/lib/python3.12/site-packages/airflow/example_dags/example_params_trigger_ui.py
[2024-10-17T19:40:49.243+0000] {processor.py:925} INFO - DAG(s) 'example_params_trigger_ui' retrieved from /home/airflow/.local/lib/python3.12/site-packages/airflow/example_dags/example_params_trigger_ui.py
[2024-10-17T19:40:49.262+0000] {logging_mixin.py:190} INFO - [2024-10-17T19:40:49.261+0000] {dag.py:3239} INFO - Sync 1 DAGs
[2024-10-17T19:40:49.269+0000] {logging_mixin.py:190} INFO - [2024-10-17T19:40:49.269+0000] {dag.py:4180} INFO - Setting next_dagrun for example_params_trigger_ui to None, run_after=None
[2024-10-17T19:40:49.277+0000] {processor.py:208} INFO - Processing /home/airflow/.local/lib/python3.12/site-packages/airflow/example_dags/example_params_trigger_ui.py took 0.045 seconds
[2024-10-17T19:41:19.789+0000] {processor.py:186} INFO - Started process (PID=319) to work on /home/airflow/.local/lib/python3.12/site-packages/airflow/example_dags/example_params_trigger_ui.py
[2024-10-17T19:41:19.790+0000] {processor.py:914} INFO - Processing file /home/airflow/.local/lib/python3.12/site-packages/airflow/example_dags/example_params_trigger_ui.py for tasks to queue
[2024-10-17T19:41:19.792+0000] {logging_mixin.py:190} INFO - [2024-10-17T19:41:19.791+0000] {dagbag.py:588} INFO - Filling up the DagBag from /home/airflow/.local/lib/python3.12/site-packages/airflow/example_dags/example_params_trigger_ui.py
[2024-10-17T19:41:19.799+0000] {processor.py:925} INFO - DAG(s) 'example_params_trigger_ui' retrieved from /home/airflow/.local/lib/python3.12/site-packages/airflow/example_dags/example_params_trigger_ui.py
[2024-10-17T19:41:19.825+0000] {logging_mixin.py:190} INFO - [2024-10-17T19:41:19.825+0000] {dag.py:3239} INFO - Sync 1 DAGs
[2024-10-17T19:41:19.835+0000] {logging_mixin.py:190} INFO - [2024-10-17T19:41:19.835+0000] {dag.py:4180} INFO - Setting next_dagrun for example_params_trigger_ui to None, run_after=None
[2024-10-17T19:41:19.847+0000] {processor.py:208} INFO - Processing /home/airflow/.local/lib/python3.12/site-packages/airflow/example_dags/example_params_trigger_ui.py took 0.064 seconds
[2024-10-17T19:41:50.638+0000] {processor.py:186} INFO - Started process (PID=382) to work on /home/airflow/.local/lib/python3.12/site-packages/airflow/example_dags/example_params_trigger_ui.py
[2024-10-17T19:41:50.639+0000] {processor.py:914} INFO - Processing file /home/airflow/.local/lib/python3.12/site-packages/airflow/example_dags/example_params_trigger_ui.py for tasks to queue
[2024-10-17T19:41:50.642+0000] {logging_mixin.py:190} INFO - [2024-10-17T19:41:50.641+0000] {dagbag.py:588} INFO - Filling up the DagBag from /home/airflow/.local/lib/python3.12/site-packages/airflow/example_dags/example_params_trigger_ui.py
[2024-10-17T19:41:50.649+0000] {processor.py:925} INFO - DAG(s) 'example_params_trigger_ui' retrieved from /home/airflow/.local/lib/python3.12/site-packages/airflow/example_dags/example_params_trigger_ui.py
[2024-10-17T19:41:50.670+0000] {logging_mixin.py:190} INFO - [2024-10-17T19:41:50.670+0000] {dag.py:3239} INFO - Sync 1 DAGs
[2024-10-17T19:41:50.681+0000] {logging_mixin.py:190} INFO - [2024-10-17T19:41:50.681+0000] {dag.py:4180} INFO - Setting next_dagrun for example_params_trigger_ui to None, run_after=None
[2024-10-17T19:41:50.690+0000] {processor.py:208} INFO - Processing /home/airflow/.local/lib/python3.12/site-packages/airflow/example_dags/example_params_trigger_ui.py took 0.057 seconds
[2024-10-17T19:42:21.069+0000] {processor.py:186} INFO - Started process (PID=445) to work on /home/airflow/.local/lib/python3.12/site-packages/airflow/example_dags/example_params_trigger_ui.py
[2024-10-17T19:42:21.070+0000] {processor.py:914} INFO - Processing file /home/airflow/.local/lib/python3.12/site-packages/airflow/example_dags/example_params_trigger_ui.py for tasks to queue
[2024-10-17T19:42:21.072+0000] {logging_mixin.py:190} INFO - [2024-10-17T19:42:21.072+0000] {dagbag.py:588} INFO - Filling up the DagBag from /home/airflow/.local/lib/python3.12/site-packages/airflow/example_dags/example_params_trigger_ui.py
[2024-10-17T19:42:21.078+0000] {processor.py:925} INFO - DAG(s) 'example_params_trigger_ui' retrieved from /home/airflow/.local/lib/python3.12/site-packages/airflow/example_dags/example_params_trigger_ui.py
[2024-10-17T19:42:21.100+0000] {logging_mixin.py:190} INFO - [2024-10-17T19:42:21.100+0000] {dag.py:3239} INFO - Sync 1 DAGs
[2024-10-17T19:42:21.108+0000] {logging_mixin.py:190} INFO - [2024-10-17T19:42:21.108+0000] {dag.py:4180} INFO - Setting next_dagrun for example_params_trigger_ui to None, run_after=None
[2024-10-17T19:42:21.118+0000] {processor.py:208} INFO - Processing /home/airflow/.local/lib/python3.12/site-packages/airflow/example_dags/example_params_trigger_ui.py took 0.052 seconds
[2024-10-17T19:43:59.856+0000] {processor.py:186} INFO - Started process (PID=67) to work on /home/airflow/.local/lib/python3.12/site-packages/airflow/example_dags/example_params_trigger_ui.py
[2024-10-17T19:43:59.857+0000] {processor.py:914} INFO - Processing file /home/airflow/.local/lib/python3.12/site-packages/airflow/example_dags/example_params_trigger_ui.py for tasks to queue
[2024-10-17T19:43:59.859+0000] {logging_mixin.py:190} INFO - [2024-10-17T19:43:59.858+0000] {dagbag.py:588} INFO - Filling up the DagBag from /home/airflow/.local/lib/python3.12/site-packages/airflow/example_dags/example_params_trigger_ui.py
[2024-10-17T19:43:59.867+0000] {processor.py:925} INFO - DAG(s) 'example_params_trigger_ui' retrieved from /home/airflow/.local/lib/python3.12/site-packages/airflow/example_dags/example_params_trigger_ui.py
[2024-10-17T19:43:59.934+0000] {logging_mixin.py:190} INFO - [2024-10-17T19:43:59.934+0000] {override.py:1900} INFO - Created Permission View: can delete on DAG:example_params_trigger_ui
[2024-10-17T19:43:59.939+0000] {logging_mixin.py:190} INFO - [2024-10-17T19:43:59.939+0000] {override.py:1900} INFO - Created Permission View: can edit on DAG:example_params_trigger_ui
[2024-10-17T19:43:59.942+0000] {logging_mixin.py:190} INFO - [2024-10-17T19:43:59.942+0000] {override.py:1900} INFO - Created Permission View: can read on DAG:example_params_trigger_ui
[2024-10-17T19:43:59.945+0000] {logging_mixin.py:190} INFO - [2024-10-17T19:43:59.945+0000] {override.py:1900} INFO - Created Permission View: can delete on DAG Run:example_params_trigger_ui
[2024-10-17T19:43:59.948+0000] {logging_mixin.py:190} INFO - [2024-10-17T19:43:59.948+0000] {override.py:1900} INFO - Created Permission View: can create on DAG Run:example_params_trigger_ui
[2024-10-17T19:43:59.950+0000] {logging_mixin.py:190} INFO - [2024-10-17T19:43:59.950+0000] {override.py:1900} INFO - Created Permission View: menu access on DAG Run:example_params_trigger_ui
[2024-10-17T19:43:59.953+0000] {logging_mixin.py:190} INFO - [2024-10-17T19:43:59.953+0000] {override.py:1900} INFO - Created Permission View: can read on DAG Run:example_params_trigger_ui
[2024-10-17T19:43:59.953+0000] {logging_mixin.py:190} INFO - [2024-10-17T19:43:59.953+0000] {dag.py:3239} INFO - Sync 1 DAGs
[2024-10-17T19:43:59.959+0000] {logging_mixin.py:190} INFO - [2024-10-17T19:43:59.959+0000] {dag.py:3262} INFO - Creating ORM DAG for example_params_trigger_ui
[2024-10-17T19:43:59.960+0000] {logging_mixin.py:190} INFO - [2024-10-17T19:43:59.960+0000] {dag.py:4180} INFO - Setting next_dagrun for example_params_trigger_ui to None, run_after=None
[2024-10-17T19:43:59.968+0000] {processor.py:208} INFO - Processing /home/airflow/.local/lib/python3.12/site-packages/airflow/example_dags/example_params_trigger_ui.py took 0.115 seconds
[2024-10-17T19:44:30.864+0000] {processor.py:186} INFO - Started process (PID=130) to work on /home/airflow/.local/lib/python3.12/site-packages/airflow/example_dags/example_params_trigger_ui.py
[2024-10-17T19:44:30.865+0000] {processor.py:914} INFO - Processing file /home/airflow/.local/lib/python3.12/site-packages/airflow/example_dags/example_params_trigger_ui.py for tasks to queue
[2024-10-17T19:44:30.866+0000] {logging_mixin.py:190} INFO - [2024-10-17T19:44:30.866+0000] {dagbag.py:588} INFO - Filling up the DagBag from /home/airflow/.local/lib/python3.12/site-packages/airflow/example_dags/example_params_trigger_ui.py
[2024-10-17T19:44:30.873+0000] {processor.py:925} INFO - DAG(s) 'example_params_trigger_ui' retrieved from /home/airflow/.local/lib/python3.12/site-packages/airflow/example_dags/example_params_trigger_ui.py
[2024-10-17T19:44:30.893+0000] {logging_mixin.py:190} INFO - [2024-10-17T19:44:30.893+0000] {dag.py:3239} INFO - Sync 1 DAGs
[2024-10-17T19:44:30.900+0000] {logging_mixin.py:190} INFO - [2024-10-17T19:44:30.900+0000] {dag.py:4180} INFO - Setting next_dagrun for example_params_trigger_ui to None, run_after=None
[2024-10-17T19:44:30.909+0000] {processor.py:208} INFO - Processing /home/airflow/.local/lib/python3.12/site-packages/airflow/example_dags/example_params_trigger_ui.py took 0.048 seconds
[2024-10-17T19:45:01.427+0000] {processor.py:186} INFO - Started process (PID=193) to work on /home/airflow/.local/lib/python3.12/site-packages/airflow/example_dags/example_params_trigger_ui.py
[2024-10-17T19:45:01.427+0000] {processor.py:914} INFO - Processing file /home/airflow/.local/lib/python3.12/site-packages/airflow/example_dags/example_params_trigger_ui.py for tasks to queue
[2024-10-17T19:45:01.429+0000] {logging_mixin.py:190} INFO - [2024-10-17T19:45:01.429+0000] {dagbag.py:588} INFO - Filling up the DagBag from /home/airflow/.local/lib/python3.12/site-packages/airflow/example_dags/example_params_trigger_ui.py
[2024-10-17T19:45:01.435+0000] {processor.py:925} INFO - DAG(s) 'example_params_trigger_ui' retrieved from /home/airflow/.local/lib/python3.12/site-packages/airflow/example_dags/example_params_trigger_ui.py
[2024-10-17T19:45:01.456+0000] {logging_mixin.py:190} INFO - [2024-10-17T19:45:01.456+0000] {dag.py:3239} INFO - Sync 1 DAGs
[2024-10-17T19:45:01.463+0000] {logging_mixin.py:190} INFO - [2024-10-17T19:45:01.463+0000] {dag.py:4180} INFO - Setting next_dagrun for example_params_trigger_ui to None, run_after=None
[2024-10-17T19:45:01.472+0000] {processor.py:208} INFO - Processing /home/airflow/.local/lib/python3.12/site-packages/airflow/example_dags/example_params_trigger_ui.py took 0.049 seconds
[2024-10-17T19:45:32.012+0000] {processor.py:186} INFO - Started process (PID=256) to work on /home/airflow/.local/lib/python3.12/site-packages/airflow/example_dags/example_params_trigger_ui.py
[2024-10-17T19:45:32.013+0000] {processor.py:914} INFO - Processing file /home/airflow/.local/lib/python3.12/site-packages/airflow/example_dags/example_params_trigger_ui.py for tasks to queue
[2024-10-17T19:45:32.014+0000] {logging_mixin.py:190} INFO - [2024-10-17T19:45:32.014+0000] {dagbag.py:588} INFO - Filling up the DagBag from /home/airflow/.local/lib/python3.12/site-packages/airflow/example_dags/example_params_trigger_ui.py
[2024-10-17T19:45:32.020+0000] {processor.py:925} INFO - DAG(s) 'example_params_trigger_ui' retrieved from /home/airflow/.local/lib/python3.12/site-packages/airflow/example_dags/example_params_trigger_ui.py
[2024-10-17T19:45:32.041+0000] {logging_mixin.py:190} INFO - [2024-10-17T19:45:32.041+0000] {dag.py:3239} INFO - Sync 1 DAGs
[2024-10-17T19:45:32.049+0000] {logging_mixin.py:190} INFO - [2024-10-17T19:45:32.048+0000] {dag.py:4180} INFO - Setting next_dagrun for example_params_trigger_ui to None, run_after=None
[2024-10-17T19:45:32.058+0000] {processor.py:208} INFO - Processing /home/airflow/.local/lib/python3.12/site-packages/airflow/example_dags/example_params_trigger_ui.py took 0.050 seconds
[2024-10-17T19:46:02.549+0000] {processor.py:186} INFO - Started process (PID=319) to work on /home/airflow/.local/lib/python3.12/site-packages/airflow/example_dags/example_params_trigger_ui.py
[2024-10-17T19:46:02.550+0000] {processor.py:914} INFO - Processing file /home/airflow/.local/lib/python3.12/site-packages/airflow/example_dags/example_params_trigger_ui.py for tasks to queue
[2024-10-17T19:46:02.551+0000] {logging_mixin.py:190} INFO - [2024-10-17T19:46:02.551+0000] {dagbag.py:588} INFO - Filling up the DagBag from /home/airflow/.local/lib/python3.12/site-packages/airflow/example_dags/example_params_trigger_ui.py
[2024-10-17T19:46:02.558+0000] {processor.py:925} INFO - DAG(s) 'example_params_trigger_ui' retrieved from /home/airflow/.local/lib/python3.12/site-packages/airflow/example_dags/example_params_trigger_ui.py
[2024-10-17T19:46:02.580+0000] {logging_mixin.py:190} INFO - [2024-10-17T19:46:02.579+0000] {dag.py:3239} INFO - Sync 1 DAGs
[2024-10-17T19:46:02.587+0000] {logging_mixin.py:190} INFO - [2024-10-17T19:46:02.587+0000] {dag.py:4180} INFO - Setting next_dagrun for example_params_trigger_ui to None, run_after=None
[2024-10-17T19:46:02.597+0000] {processor.py:208} INFO - Processing /home/airflow/.local/lib/python3.12/site-packages/airflow/example_dags/example_params_trigger_ui.py took 0.052 seconds
[2024-10-17T19:46:32.947+0000] {processor.py:186} INFO - Started process (PID=382) to work on /home/airflow/.local/lib/python3.12/site-packages/airflow/example_dags/example_params_trigger_ui.py
[2024-10-17T19:46:32.948+0000] {processor.py:914} INFO - Processing file /home/airflow/.local/lib/python3.12/site-packages/airflow/example_dags/example_params_trigger_ui.py for tasks to queue
[2024-10-17T19:46:32.950+0000] {logging_mixin.py:190} INFO - [2024-10-17T19:46:32.949+0000] {dagbag.py:588} INFO - Filling up the DagBag from /home/airflow/.local/lib/python3.12/site-packages/airflow/example_dags/example_params_trigger_ui.py
[2024-10-17T19:46:32.955+0000] {processor.py:925} INFO - DAG(s) 'example_params_trigger_ui' retrieved from /home/airflow/.local/lib/python3.12/site-packages/airflow/example_dags/example_params_trigger_ui.py
[2024-10-17T19:46:32.978+0000] {logging_mixin.py:190} INFO - [2024-10-17T19:46:32.978+0000] {dag.py:3239} INFO - Sync 1 DAGs
[2024-10-17T19:46:32.987+0000] {logging_mixin.py:190} INFO - [2024-10-17T19:46:32.986+0000] {dag.py:4180} INFO - Setting next_dagrun for example_params_trigger_ui to None, run_after=None
[2024-10-17T19:46:32.996+0000] {processor.py:208} INFO - Processing /home/airflow/.local/lib/python3.12/site-packages/airflow/example_dags/example_params_trigger_ui.py took 0.052 seconds
[2024-10-17T19:47:03.463+0000] {processor.py:186} INFO - Started process (PID=445) to work on /home/airflow/.local/lib/python3.12/site-packages/airflow/example_dags/example_params_trigger_ui.py
[2024-10-17T19:47:03.464+0000] {processor.py:914} INFO - Processing file /home/airflow/.local/lib/python3.12/site-packages/airflow/example_dags/example_params_trigger_ui.py for tasks to queue
[2024-10-17T19:47:03.466+0000] {logging_mixin.py:190} INFO - [2024-10-17T19:47:03.465+0000] {dagbag.py:588} INFO - Filling up the DagBag from /home/airflow/.local/lib/python3.12/site-packages/airflow/example_dags/example_params_trigger_ui.py
[2024-10-17T19:47:03.472+0000] {processor.py:925} INFO - DAG(s) 'example_params_trigger_ui' retrieved from /home/airflow/.local/lib/python3.12/site-packages/airflow/example_dags/example_params_trigger_ui.py
[2024-10-17T19:47:03.494+0000] {logging_mixin.py:190} INFO - [2024-10-17T19:47:03.494+0000] {dag.py:3239} INFO - Sync 1 DAGs
[2024-10-17T19:47:03.502+0000] {logging_mixin.py:190} INFO - [2024-10-17T19:47:03.502+0000] {dag.py:4180} INFO - Setting next_dagrun for example_params_trigger_ui to None, run_after=None
[2024-10-17T19:47:03.512+0000] {processor.py:208} INFO - Processing /home/airflow/.local/lib/python3.12/site-packages/airflow/example_dags/example_params_trigger_ui.py took 0.052 seconds
[2024-10-17T19:47:34.094+0000] {processor.py:186} INFO - Started process (PID=508) to work on /home/airflow/.local/lib/python3.12/site-packages/airflow/example_dags/example_params_trigger_ui.py
[2024-10-17T19:47:34.095+0000] {processor.py:914} INFO - Processing file /home/airflow/.local/lib/python3.12/site-packages/airflow/example_dags/example_params_trigger_ui.py for tasks to queue
[2024-10-17T19:47:34.096+0000] {logging_mixin.py:190} INFO - [2024-10-17T19:47:34.096+0000] {dagbag.py:588} INFO - Filling up the DagBag from /home/airflow/.local/lib/python3.12/site-packages/airflow/example_dags/example_params_trigger_ui.py
[2024-10-17T19:47:34.103+0000] {processor.py:925} INFO - DAG(s) 'example_params_trigger_ui' retrieved from /home/airflow/.local/lib/python3.12/site-packages/airflow/example_dags/example_params_trigger_ui.py
[2024-10-17T19:47:34.124+0000] {logging_mixin.py:190} INFO - [2024-10-17T19:47:34.124+0000] {dag.py:3239} INFO - Sync 1 DAGs
[2024-10-17T19:47:34.132+0000] {logging_mixin.py:190} INFO - [2024-10-17T19:47:34.132+0000] {dag.py:4180} INFO - Setting next_dagrun for example_params_trigger_ui to None, run_after=None
[2024-10-17T19:47:34.142+0000] {processor.py:208} INFO - Processing /home/airflow/.local/lib/python3.12/site-packages/airflow/example_dags/example_params_trigger_ui.py took 0.051 seconds
[2024-10-17T19:48:04.573+0000] {processor.py:186} INFO - Started process (PID=571) to work on /home/airflow/.local/lib/python3.12/site-packages/airflow/example_dags/example_params_trigger_ui.py
[2024-10-17T19:48:04.574+0000] {processor.py:914} INFO - Processing file /home/airflow/.local/lib/python3.12/site-packages/airflow/example_dags/example_params_trigger_ui.py for tasks to queue
[2024-10-17T19:48:04.575+0000] {logging_mixin.py:190} INFO - [2024-10-17T19:48:04.575+0000] {dagbag.py:588} INFO - Filling up the DagBag from /home/airflow/.local/lib/python3.12/site-packages/airflow/example_dags/example_params_trigger_ui.py
[2024-10-17T19:48:04.581+0000] {processor.py:925} INFO - DAG(s) 'example_params_trigger_ui' retrieved from /home/airflow/.local/lib/python3.12/site-packages/airflow/example_dags/example_params_trigger_ui.py
[2024-10-17T19:48:04.601+0000] {logging_mixin.py:190} INFO - [2024-10-17T19:48:04.601+0000] {dag.py:3239} INFO - Sync 1 DAGs
[2024-10-17T19:48:04.608+0000] {logging_mixin.py:190} INFO - [2024-10-17T19:48:04.608+0000] {dag.py:4180} INFO - Setting next_dagrun for example_params_trigger_ui to None, run_after=None
[2024-10-17T19:48:04.617+0000] {processor.py:208} INFO - Processing /home/airflow/.local/lib/python3.12/site-packages/airflow/example_dags/example_params_trigger_ui.py took 0.047 seconds
