[2024-10-17T17:10:34.651+0000] {processor.py:186} INFO - Started process (PID=73) to work on /home/airflow/.local/lib/python3.12/site-packages/airflow/example_dags/example_inlet_event_extra.py
[2024-10-17T17:10:34.652+0000] {processor.py:914} INFO - Processing file /home/airflow/.local/lib/python3.12/site-packages/airflow/example_dags/example_inlet_event_extra.py for tasks to queue
[2024-10-17T17:10:34.655+0000] {logging_mixin.py:190} INFO - [2024-10-17T17:10:34.655+0000] {dagbag.py:588} INFO - Filling up the DagBag from /home/airflow/.local/lib/python3.12/site-packages/airflow/example_dags/example_inlet_event_extra.py
[2024-10-17T17:10:34.736+0000] {processor.py:925} INFO - DAG(s) 'read_dataset_event_from_classic', 'read_dataset_event' retrieved from /home/airflow/.local/lib/python3.12/site-packages/airflow/example_dags/example_inlet_event_extra.py
[2024-10-17T17:10:34.803+0000] {logging_mixin.py:190} INFO - [2024-10-17T17:10:34.803+0000] {override.py:1900} INFO - Created Permission View: can delete on DAG:read_dataset_event_from_classic
[2024-10-17T17:10:34.808+0000] {logging_mixin.py:190} INFO - [2024-10-17T17:10:34.808+0000] {override.py:1900} INFO - Created Permission View: can edit on DAG:read_dataset_event_from_classic
[2024-10-17T17:10:34.811+0000] {logging_mixin.py:190} INFO - [2024-10-17T17:10:34.811+0000] {override.py:1900} INFO - Created Permission View: can read on DAG:read_dataset_event_from_classic
[2024-10-17T17:10:34.814+0000] {logging_mixin.py:190} INFO - [2024-10-17T17:10:34.814+0000] {override.py:1900} INFO - Created Permission View: can create on DAG Run:read_dataset_event_from_classic
[2024-10-17T17:10:34.817+0000] {logging_mixin.py:190} INFO - [2024-10-17T17:10:34.817+0000] {override.py:1900} INFO - Created Permission View: can delete on DAG Run:read_dataset_event_from_classic
[2024-10-17T17:10:34.820+0000] {logging_mixin.py:190} INFO - [2024-10-17T17:10:34.820+0000] {override.py:1900} INFO - Created Permission View: can read on DAG Run:read_dataset_event_from_classic
[2024-10-17T17:10:34.823+0000] {logging_mixin.py:190} INFO - [2024-10-17T17:10:34.823+0000] {override.py:1900} INFO - Created Permission View: menu access on DAG Run:read_dataset_event_from_classic
[2024-10-17T17:10:34.828+0000] {logging_mixin.py:190} INFO - [2024-10-17T17:10:34.828+0000] {override.py:1900} INFO - Created Permission View: can delete on DAG:read_dataset_event
[2024-10-17T17:10:34.831+0000] {logging_mixin.py:190} INFO - [2024-10-17T17:10:34.831+0000] {override.py:1900} INFO - Created Permission View: can edit on DAG:read_dataset_event
[2024-10-17T17:10:34.834+0000] {logging_mixin.py:190} INFO - [2024-10-17T17:10:34.834+0000] {override.py:1900} INFO - Created Permission View: can read on DAG:read_dataset_event
[2024-10-17T17:10:34.837+0000] {logging_mixin.py:190} INFO - [2024-10-17T17:10:34.837+0000] {override.py:1900} INFO - Created Permission View: can create on DAG Run:read_dataset_event
[2024-10-17T17:10:34.840+0000] {logging_mixin.py:190} INFO - [2024-10-17T17:10:34.840+0000] {override.py:1900} INFO - Created Permission View: can delete on DAG Run:read_dataset_event
[2024-10-17T17:10:34.842+0000] {logging_mixin.py:190} INFO - [2024-10-17T17:10:34.842+0000] {override.py:1900} INFO - Created Permission View: can read on DAG Run:read_dataset_event
[2024-10-17T17:10:34.845+0000] {logging_mixin.py:190} INFO - [2024-10-17T17:10:34.845+0000] {override.py:1900} INFO - Created Permission View: menu access on DAG Run:read_dataset_event
[2024-10-17T17:10:34.845+0000] {logging_mixin.py:190} INFO - [2024-10-17T17:10:34.845+0000] {dag.py:3239} INFO - Sync 2 DAGs
[2024-10-17T17:10:34.852+0000] {logging_mixin.py:190} INFO - [2024-10-17T17:10:34.852+0000] {dag.py:3262} INFO - Creating ORM DAG for read_dataset_event
[2024-10-17T17:10:34.853+0000] {logging_mixin.py:190} INFO - [2024-10-17T17:10:34.853+0000] {dag.py:3262} INFO - Creating ORM DAG for read_dataset_event_from_classic
[2024-10-17T17:10:34.860+0000] {logging_mixin.py:190} INFO - [2024-10-17T17:10:34.860+0000] {dag.py:4180} INFO - Setting next_dagrun for read_dataset_event to 2024-10-16 00:00:00+00:00, run_after=2024-10-17 00:00:00+00:00
[2024-10-17T17:10:34.861+0000] {logging_mixin.py:190} INFO - [2024-10-17T17:10:34.861+0000] {dag.py:4180} INFO - Setting next_dagrun for read_dataset_event_from_classic to 2024-10-16 00:00:00+00:00, run_after=2024-10-17 00:00:00+00:00
[2024-10-17T17:10:34.870+0000] {processor.py:208} INFO - Processing /home/airflow/.local/lib/python3.12/site-packages/airflow/example_dags/example_inlet_event_extra.py took 0.226 seconds
[2024-10-17T17:11:05.354+0000] {processor.py:186} INFO - Started process (PID=134) to work on /home/airflow/.local/lib/python3.12/site-packages/airflow/example_dags/example_inlet_event_extra.py
[2024-10-17T17:11:05.355+0000] {processor.py:914} INFO - Processing file /home/airflow/.local/lib/python3.12/site-packages/airflow/example_dags/example_inlet_event_extra.py for tasks to queue
[2024-10-17T17:11:05.357+0000] {logging_mixin.py:190} INFO - [2024-10-17T17:11:05.357+0000] {dagbag.py:588} INFO - Filling up the DagBag from /home/airflow/.local/lib/python3.12/site-packages/airflow/example_dags/example_inlet_event_extra.py
[2024-10-17T17:11:05.433+0000] {processor.py:925} INFO - DAG(s) 'read_dataset_event', 'read_dataset_event_from_classic' retrieved from /home/airflow/.local/lib/python3.12/site-packages/airflow/example_dags/example_inlet_event_extra.py
[2024-10-17T17:11:05.449+0000] {logging_mixin.py:190} INFO - [2024-10-17T17:11:05.449+0000] {dag.py:3239} INFO - Sync 2 DAGs
[2024-10-17T17:11:05.467+0000] {logging_mixin.py:190} INFO - [2024-10-17T17:11:05.467+0000] {dag.py:4180} INFO - Setting next_dagrun for read_dataset_event to 2024-10-16 00:00:00+00:00, run_after=2024-10-17 00:00:00+00:00
[2024-10-17T17:11:05.470+0000] {logging_mixin.py:190} INFO - [2024-10-17T17:11:05.470+0000] {dag.py:4180} INFO - Setting next_dagrun for read_dataset_event_from_classic to 2024-10-16 00:00:00+00:00, run_after=2024-10-17 00:00:00+00:00
[2024-10-17T17:11:05.478+0000] {processor.py:208} INFO - Processing /home/airflow/.local/lib/python3.12/site-packages/airflow/example_dags/example_inlet_event_extra.py took 0.127 seconds
[2024-10-17T17:11:35.697+0000] {processor.py:186} INFO - Started process (PID=198) to work on /home/airflow/.local/lib/python3.12/site-packages/airflow/example_dags/example_inlet_event_extra.py
[2024-10-17T17:11:35.697+0000] {processor.py:914} INFO - Processing file /home/airflow/.local/lib/python3.12/site-packages/airflow/example_dags/example_inlet_event_extra.py for tasks to queue
[2024-10-17T17:11:35.699+0000] {logging_mixin.py:190} INFO - [2024-10-17T17:11:35.699+0000] {dagbag.py:588} INFO - Filling up the DagBag from /home/airflow/.local/lib/python3.12/site-packages/airflow/example_dags/example_inlet_event_extra.py
[2024-10-17T17:11:35.767+0000] {processor.py:925} INFO - DAG(s) 'read_dataset_event', 'read_dataset_event_from_classic' retrieved from /home/airflow/.local/lib/python3.12/site-packages/airflow/example_dags/example_inlet_event_extra.py
[2024-10-17T17:11:35.780+0000] {logging_mixin.py:190} INFO - [2024-10-17T17:11:35.780+0000] {dag.py:3239} INFO - Sync 2 DAGs
[2024-10-17T17:11:35.792+0000] {logging_mixin.py:190} INFO - [2024-10-17T17:11:35.792+0000] {dag.py:4180} INFO - Setting next_dagrun for read_dataset_event to 2024-10-16 00:00:00+00:00, run_after=2024-10-17 00:00:00+00:00
[2024-10-17T17:11:35.794+0000] {logging_mixin.py:190} INFO - [2024-10-17T17:11:35.794+0000] {dag.py:4180} INFO - Setting next_dagrun for read_dataset_event_from_classic to 2024-10-16 00:00:00+00:00, run_after=2024-10-17 00:00:00+00:00
[2024-10-17T17:11:35.802+0000] {processor.py:208} INFO - Processing /home/airflow/.local/lib/python3.12/site-packages/airflow/example_dags/example_inlet_event_extra.py took 0.108 seconds
[2024-10-17T17:12:06.199+0000] {processor.py:186} INFO - Started process (PID=260) to work on /home/airflow/.local/lib/python3.12/site-packages/airflow/example_dags/example_inlet_event_extra.py
[2024-10-17T17:12:06.200+0000] {processor.py:914} INFO - Processing file /home/airflow/.local/lib/python3.12/site-packages/airflow/example_dags/example_inlet_event_extra.py for tasks to queue
[2024-10-17T17:12:06.202+0000] {logging_mixin.py:190} INFO - [2024-10-17T17:12:06.202+0000] {dagbag.py:588} INFO - Filling up the DagBag from /home/airflow/.local/lib/python3.12/site-packages/airflow/example_dags/example_inlet_event_extra.py
[2024-10-17T17:12:06.272+0000] {processor.py:925} INFO - DAG(s) 'read_dataset_event_from_classic', 'read_dataset_event' retrieved from /home/airflow/.local/lib/python3.12/site-packages/airflow/example_dags/example_inlet_event_extra.py
[2024-10-17T17:12:06.283+0000] {logging_mixin.py:190} INFO - [2024-10-17T17:12:06.283+0000] {dag.py:3239} INFO - Sync 2 DAGs
[2024-10-17T17:12:06.294+0000] {logging_mixin.py:190} INFO - [2024-10-17T17:12:06.294+0000] {dag.py:4180} INFO - Setting next_dagrun for read_dataset_event to 2024-10-16 00:00:00+00:00, run_after=2024-10-17 00:00:00+00:00
[2024-10-17T17:12:06.297+0000] {logging_mixin.py:190} INFO - [2024-10-17T17:12:06.297+0000] {dag.py:4180} INFO - Setting next_dagrun for read_dataset_event_from_classic to 2024-10-16 00:00:00+00:00, run_after=2024-10-17 00:00:00+00:00
[2024-10-17T17:12:06.303+0000] {processor.py:208} INFO - Processing /home/airflow/.local/lib/python3.12/site-packages/airflow/example_dags/example_inlet_event_extra.py took 0.107 seconds
[2024-10-17T19:26:35.960+0000] {processor.py:186} INFO - Started process (PID=92) to work on /home/airflow/.local/lib/python3.12/site-packages/airflow/example_dags/example_inlet_event_extra.py
[2024-10-17T19:26:35.961+0000] {processor.py:914} INFO - Processing file /home/airflow/.local/lib/python3.12/site-packages/airflow/example_dags/example_inlet_event_extra.py for tasks to queue
[2024-10-17T19:26:35.962+0000] {logging_mixin.py:190} INFO - [2024-10-17T19:26:35.962+0000] {dagbag.py:588} INFO - Filling up the DagBag from /home/airflow/.local/lib/python3.12/site-packages/airflow/example_dags/example_inlet_event_extra.py
[2024-10-17T19:26:36.043+0000] {processor.py:925} INFO - DAG(s) 'read_dataset_event', 'read_dataset_event_from_classic' retrieved from /home/airflow/.local/lib/python3.12/site-packages/airflow/example_dags/example_inlet_event_extra.py
[2024-10-17T19:26:36.105+0000] {logging_mixin.py:190} INFO - [2024-10-17T19:26:36.105+0000] {override.py:1900} INFO - Created Permission View: can edit on DAG:read_dataset_event
[2024-10-17T19:26:36.110+0000] {logging_mixin.py:190} INFO - [2024-10-17T19:26:36.110+0000] {override.py:1900} INFO - Created Permission View: can delete on DAG:read_dataset_event
[2024-10-17T19:26:36.113+0000] {logging_mixin.py:190} INFO - [2024-10-17T19:26:36.113+0000] {override.py:1900} INFO - Created Permission View: can read on DAG:read_dataset_event
[2024-10-17T19:26:36.116+0000] {logging_mixin.py:190} INFO - [2024-10-17T19:26:36.115+0000] {override.py:1900} INFO - Created Permission View: can delete on DAG Run:read_dataset_event
[2024-10-17T19:26:36.118+0000] {logging_mixin.py:190} INFO - [2024-10-17T19:26:36.118+0000] {override.py:1900} INFO - Created Permission View: can create on DAG Run:read_dataset_event
[2024-10-17T19:26:36.120+0000] {logging_mixin.py:190} INFO - [2024-10-17T19:26:36.120+0000] {override.py:1900} INFO - Created Permission View: can read on DAG Run:read_dataset_event
[2024-10-17T19:26:36.123+0000] {logging_mixin.py:190} INFO - [2024-10-17T19:26:36.123+0000] {override.py:1900} INFO - Created Permission View: menu access on DAG Run:read_dataset_event
[2024-10-17T19:26:36.128+0000] {logging_mixin.py:190} INFO - [2024-10-17T19:26:36.128+0000] {override.py:1900} INFO - Created Permission View: can edit on DAG:read_dataset_event_from_classic
[2024-10-17T19:26:36.131+0000] {logging_mixin.py:190} INFO - [2024-10-17T19:26:36.131+0000] {override.py:1900} INFO - Created Permission View: can delete on DAG:read_dataset_event_from_classic
[2024-10-17T19:26:36.134+0000] {logging_mixin.py:190} INFO - [2024-10-17T19:26:36.133+0000] {override.py:1900} INFO - Created Permission View: can read on DAG:read_dataset_event_from_classic
[2024-10-17T19:26:36.136+0000] {logging_mixin.py:190} INFO - [2024-10-17T19:26:36.136+0000] {override.py:1900} INFO - Created Permission View: can delete on DAG Run:read_dataset_event_from_classic
[2024-10-17T19:26:36.139+0000] {logging_mixin.py:190} INFO - [2024-10-17T19:26:36.139+0000] {override.py:1900} INFO - Created Permission View: can create on DAG Run:read_dataset_event_from_classic
[2024-10-17T19:26:36.142+0000] {logging_mixin.py:190} INFO - [2024-10-17T19:26:36.141+0000] {override.py:1900} INFO - Created Permission View: can read on DAG Run:read_dataset_event_from_classic
[2024-10-17T19:26:36.144+0000] {logging_mixin.py:190} INFO - [2024-10-17T19:26:36.144+0000] {override.py:1900} INFO - Created Permission View: menu access on DAG Run:read_dataset_event_from_classic
[2024-10-17T19:26:36.144+0000] {logging_mixin.py:190} INFO - [2024-10-17T19:26:36.144+0000] {dag.py:3239} INFO - Sync 2 DAGs
[2024-10-17T19:26:36.151+0000] {logging_mixin.py:190} INFO - [2024-10-17T19:26:36.151+0000] {dag.py:3262} INFO - Creating ORM DAG for read_dataset_event_from_classic
[2024-10-17T19:26:36.152+0000] {logging_mixin.py:190} INFO - [2024-10-17T19:26:36.151+0000] {dag.py:3262} INFO - Creating ORM DAG for read_dataset_event
[2024-10-17T19:26:36.158+0000] {logging_mixin.py:190} INFO - [2024-10-17T19:26:36.158+0000] {dag.py:4180} INFO - Setting next_dagrun for read_dataset_event to 2024-10-16 00:00:00+00:00, run_after=2024-10-17 00:00:00+00:00
[2024-10-17T19:26:36.159+0000] {logging_mixin.py:190} INFO - [2024-10-17T19:26:36.159+0000] {dag.py:4180} INFO - Setting next_dagrun for read_dataset_event_from_classic to 2024-10-16 00:00:00+00:00, run_after=2024-10-17 00:00:00+00:00
[2024-10-17T19:26:36.168+0000] {processor.py:208} INFO - Processing /home/airflow/.local/lib/python3.12/site-packages/airflow/example_dags/example_inlet_event_extra.py took 0.211 seconds
[2024-10-17T19:27:06.916+0000] {processor.py:186} INFO - Started process (PID=155) to work on /home/airflow/.local/lib/python3.12/site-packages/airflow/example_dags/example_inlet_event_extra.py
[2024-10-17T19:27:06.917+0000] {processor.py:914} INFO - Processing file /home/airflow/.local/lib/python3.12/site-packages/airflow/example_dags/example_inlet_event_extra.py for tasks to queue
[2024-10-17T19:27:06.918+0000] {logging_mixin.py:190} INFO - [2024-10-17T19:27:06.918+0000] {dagbag.py:588} INFO - Filling up the DagBag from /home/airflow/.local/lib/python3.12/site-packages/airflow/example_dags/example_inlet_event_extra.py
[2024-10-17T19:27:06.990+0000] {processor.py:925} INFO - DAG(s) 'read_dataset_event_from_classic', 'read_dataset_event' retrieved from /home/airflow/.local/lib/python3.12/site-packages/airflow/example_dags/example_inlet_event_extra.py
[2024-10-17T19:27:07.001+0000] {logging_mixin.py:190} INFO - [2024-10-17T19:27:07.000+0000] {dag.py:3239} INFO - Sync 2 DAGs
[2024-10-17T19:27:07.012+0000] {logging_mixin.py:190} INFO - [2024-10-17T19:27:07.012+0000] {dag.py:4180} INFO - Setting next_dagrun for read_dataset_event to 2024-10-16 00:00:00+00:00, run_after=2024-10-17 00:00:00+00:00
[2024-10-17T19:27:07.014+0000] {logging_mixin.py:190} INFO - [2024-10-17T19:27:07.014+0000] {dag.py:4180} INFO - Setting next_dagrun for read_dataset_event_from_classic to 2024-10-16 00:00:00+00:00, run_after=2024-10-17 00:00:00+00:00
[2024-10-17T19:27:07.022+0000] {processor.py:208} INFO - Processing /home/airflow/.local/lib/python3.12/site-packages/airflow/example_dags/example_inlet_event_extra.py took 0.109 seconds
[2024-10-17T19:27:37.311+0000] {processor.py:186} INFO - Started process (PID=218) to work on /home/airflow/.local/lib/python3.12/site-packages/airflow/example_dags/example_inlet_event_extra.py
[2024-10-17T19:27:37.312+0000] {processor.py:914} INFO - Processing file /home/airflow/.local/lib/python3.12/site-packages/airflow/example_dags/example_inlet_event_extra.py for tasks to queue
[2024-10-17T19:27:37.314+0000] {logging_mixin.py:190} INFO - [2024-10-17T19:27:37.313+0000] {dagbag.py:588} INFO - Filling up the DagBag from /home/airflow/.local/lib/python3.12/site-packages/airflow/example_dags/example_inlet_event_extra.py
[2024-10-17T19:27:37.383+0000] {processor.py:925} INFO - DAG(s) 'read_dataset_event', 'read_dataset_event_from_classic' retrieved from /home/airflow/.local/lib/python3.12/site-packages/airflow/example_dags/example_inlet_event_extra.py
[2024-10-17T19:27:37.394+0000] {logging_mixin.py:190} INFO - [2024-10-17T19:27:37.394+0000] {dag.py:3239} INFO - Sync 2 DAGs
[2024-10-17T19:27:37.405+0000] {logging_mixin.py:190} INFO - [2024-10-17T19:27:37.405+0000] {dag.py:4180} INFO - Setting next_dagrun for read_dataset_event to 2024-10-16 00:00:00+00:00, run_after=2024-10-17 00:00:00+00:00
[2024-10-17T19:27:37.408+0000] {logging_mixin.py:190} INFO - [2024-10-17T19:27:37.408+0000] {dag.py:4180} INFO - Setting next_dagrun for read_dataset_event_from_classic to 2024-10-16 00:00:00+00:00, run_after=2024-10-17 00:00:00+00:00
[2024-10-17T19:27:37.415+0000] {processor.py:208} INFO - Processing /home/airflow/.local/lib/python3.12/site-packages/airflow/example_dags/example_inlet_event_extra.py took 0.106 seconds
[2024-10-17T19:28:07.902+0000] {processor.py:186} INFO - Started process (PID=281) to work on /home/airflow/.local/lib/python3.12/site-packages/airflow/example_dags/example_inlet_event_extra.py
[2024-10-17T19:28:07.903+0000] {processor.py:914} INFO - Processing file /home/airflow/.local/lib/python3.12/site-packages/airflow/example_dags/example_inlet_event_extra.py for tasks to queue
[2024-10-17T19:28:07.904+0000] {logging_mixin.py:190} INFO - [2024-10-17T19:28:07.904+0000] {dagbag.py:588} INFO - Filling up the DagBag from /home/airflow/.local/lib/python3.12/site-packages/airflow/example_dags/example_inlet_event_extra.py
[2024-10-17T19:28:07.977+0000] {processor.py:925} INFO - DAG(s) 'read_dataset_event_from_classic', 'read_dataset_event' retrieved from /home/airflow/.local/lib/python3.12/site-packages/airflow/example_dags/example_inlet_event_extra.py
[2024-10-17T19:28:07.991+0000] {logging_mixin.py:190} INFO - [2024-10-17T19:28:07.991+0000] {dag.py:3239} INFO - Sync 2 DAGs
[2024-10-17T19:28:08.012+0000] {logging_mixin.py:190} INFO - [2024-10-17T19:28:08.012+0000] {dag.py:4180} INFO - Setting next_dagrun for read_dataset_event to 2024-10-16 00:00:00+00:00, run_after=2024-10-17 00:00:00+00:00
[2024-10-17T19:28:08.016+0000] {logging_mixin.py:190} INFO - [2024-10-17T19:28:08.016+0000] {dag.py:4180} INFO - Setting next_dagrun for read_dataset_event_from_classic to 2024-10-16 00:00:00+00:00, run_after=2024-10-17 00:00:00+00:00
[2024-10-17T19:28:08.026+0000] {processor.py:208} INFO - Processing /home/airflow/.local/lib/python3.12/site-packages/airflow/example_dags/example_inlet_event_extra.py took 0.127 seconds
[2024-10-17T19:28:38.550+0000] {processor.py:186} INFO - Started process (PID=344) to work on /home/airflow/.local/lib/python3.12/site-packages/airflow/example_dags/example_inlet_event_extra.py
[2024-10-17T19:28:38.551+0000] {processor.py:914} INFO - Processing file /home/airflow/.local/lib/python3.12/site-packages/airflow/example_dags/example_inlet_event_extra.py for tasks to queue
[2024-10-17T19:28:38.553+0000] {logging_mixin.py:190} INFO - [2024-10-17T19:28:38.552+0000] {dagbag.py:588} INFO - Filling up the DagBag from /home/airflow/.local/lib/python3.12/site-packages/airflow/example_dags/example_inlet_event_extra.py
[2024-10-17T19:28:38.633+0000] {processor.py:925} INFO - DAG(s) 'read_dataset_event_from_classic', 'read_dataset_event' retrieved from /home/airflow/.local/lib/python3.12/site-packages/airflow/example_dags/example_inlet_event_extra.py
[2024-10-17T19:28:38.647+0000] {logging_mixin.py:190} INFO - [2024-10-17T19:28:38.646+0000] {dag.py:3239} INFO - Sync 2 DAGs
[2024-10-17T19:28:38.659+0000] {logging_mixin.py:190} INFO - [2024-10-17T19:28:38.659+0000] {dag.py:4180} INFO - Setting next_dagrun for read_dataset_event to 2024-10-16 00:00:00+00:00, run_after=2024-10-17 00:00:00+00:00
[2024-10-17T19:28:38.664+0000] {logging_mixin.py:190} INFO - [2024-10-17T19:28:38.663+0000] {dag.py:4180} INFO - Setting next_dagrun for read_dataset_event_from_classic to 2024-10-16 00:00:00+00:00, run_after=2024-10-17 00:00:00+00:00
[2024-10-17T19:28:38.683+0000] {processor.py:208} INFO - Processing /home/airflow/.local/lib/python3.12/site-packages/airflow/example_dags/example_inlet_event_extra.py took 0.139 seconds
[2024-10-17T19:29:09.338+0000] {processor.py:186} INFO - Started process (PID=407) to work on /home/airflow/.local/lib/python3.12/site-packages/airflow/example_dags/example_inlet_event_extra.py
[2024-10-17T19:29:09.339+0000] {processor.py:914} INFO - Processing file /home/airflow/.local/lib/python3.12/site-packages/airflow/example_dags/example_inlet_event_extra.py for tasks to queue
[2024-10-17T19:29:09.341+0000] {logging_mixin.py:190} INFO - [2024-10-17T19:29:09.340+0000] {dagbag.py:588} INFO - Filling up the DagBag from /home/airflow/.local/lib/python3.12/site-packages/airflow/example_dags/example_inlet_event_extra.py
[2024-10-17T19:29:09.418+0000] {processor.py:925} INFO - DAG(s) 'read_dataset_event_from_classic', 'read_dataset_event' retrieved from /home/airflow/.local/lib/python3.12/site-packages/airflow/example_dags/example_inlet_event_extra.py
[2024-10-17T19:29:09.431+0000] {logging_mixin.py:190} INFO - [2024-10-17T19:29:09.431+0000] {dag.py:3239} INFO - Sync 2 DAGs
[2024-10-17T19:29:09.445+0000] {logging_mixin.py:190} INFO - [2024-10-17T19:29:09.445+0000] {dag.py:4180} INFO - Setting next_dagrun for read_dataset_event to 2024-10-16 00:00:00+00:00, run_after=2024-10-17 00:00:00+00:00
[2024-10-17T19:29:09.448+0000] {logging_mixin.py:190} INFO - [2024-10-17T19:29:09.448+0000] {dag.py:4180} INFO - Setting next_dagrun for read_dataset_event_from_classic to 2024-10-16 00:00:00+00:00, run_after=2024-10-17 00:00:00+00:00
[2024-10-17T19:29:09.456+0000] {processor.py:208} INFO - Processing /home/airflow/.local/lib/python3.12/site-packages/airflow/example_dags/example_inlet_event_extra.py took 0.122 seconds
[2024-10-17T19:29:39.875+0000] {processor.py:186} INFO - Started process (PID=470) to work on /home/airflow/.local/lib/python3.12/site-packages/airflow/example_dags/example_inlet_event_extra.py
[2024-10-17T19:29:39.876+0000] {processor.py:914} INFO - Processing file /home/airflow/.local/lib/python3.12/site-packages/airflow/example_dags/example_inlet_event_extra.py for tasks to queue
[2024-10-17T19:29:39.877+0000] {logging_mixin.py:190} INFO - [2024-10-17T19:29:39.877+0000] {dagbag.py:588} INFO - Filling up the DagBag from /home/airflow/.local/lib/python3.12/site-packages/airflow/example_dags/example_inlet_event_extra.py
[2024-10-17T19:29:39.954+0000] {processor.py:925} INFO - DAG(s) 'read_dataset_event', 'read_dataset_event_from_classic' retrieved from /home/airflow/.local/lib/python3.12/site-packages/airflow/example_dags/example_inlet_event_extra.py
[2024-10-17T19:29:39.965+0000] {logging_mixin.py:190} INFO - [2024-10-17T19:29:39.965+0000] {dag.py:3239} INFO - Sync 2 DAGs
[2024-10-17T19:29:39.977+0000] {logging_mixin.py:190} INFO - [2024-10-17T19:29:39.977+0000] {dag.py:4180} INFO - Setting next_dagrun for read_dataset_event to 2024-10-16 00:00:00+00:00, run_after=2024-10-17 00:00:00+00:00
[2024-10-17T19:29:39.979+0000] {logging_mixin.py:190} INFO - [2024-10-17T19:29:39.979+0000] {dag.py:4180} INFO - Setting next_dagrun for read_dataset_event_from_classic to 2024-10-16 00:00:00+00:00, run_after=2024-10-17 00:00:00+00:00
[2024-10-17T19:29:39.987+0000] {processor.py:208} INFO - Processing /home/airflow/.local/lib/python3.12/site-packages/airflow/example_dags/example_inlet_event_extra.py took 0.116 seconds
[2024-10-17T19:30:10.401+0000] {processor.py:186} INFO - Started process (PID=533) to work on /home/airflow/.local/lib/python3.12/site-packages/airflow/example_dags/example_inlet_event_extra.py
[2024-10-17T19:30:10.402+0000] {processor.py:914} INFO - Processing file /home/airflow/.local/lib/python3.12/site-packages/airflow/example_dags/example_inlet_event_extra.py for tasks to queue
[2024-10-17T19:30:10.403+0000] {logging_mixin.py:190} INFO - [2024-10-17T19:30:10.403+0000] {dagbag.py:588} INFO - Filling up the DagBag from /home/airflow/.local/lib/python3.12/site-packages/airflow/example_dags/example_inlet_event_extra.py
[2024-10-17T19:30:10.483+0000] {processor.py:925} INFO - DAG(s) 'read_dataset_event', 'read_dataset_event_from_classic' retrieved from /home/airflow/.local/lib/python3.12/site-packages/airflow/example_dags/example_inlet_event_extra.py
[2024-10-17T19:30:10.495+0000] {logging_mixin.py:190} INFO - [2024-10-17T19:30:10.495+0000] {dag.py:3239} INFO - Sync 2 DAGs
[2024-10-17T19:30:10.507+0000] {logging_mixin.py:190} INFO - [2024-10-17T19:30:10.507+0000] {dag.py:4180} INFO - Setting next_dagrun for read_dataset_event to 2024-10-16 00:00:00+00:00, run_after=2024-10-17 00:00:00+00:00
[2024-10-17T19:30:10.510+0000] {logging_mixin.py:190} INFO - [2024-10-17T19:30:10.509+0000] {dag.py:4180} INFO - Setting next_dagrun for read_dataset_event_from_classic to 2024-10-16 00:00:00+00:00, run_after=2024-10-17 00:00:00+00:00
[2024-10-17T19:30:10.517+0000] {processor.py:208} INFO - Processing /home/airflow/.local/lib/python3.12/site-packages/airflow/example_dags/example_inlet_event_extra.py took 0.120 seconds
[2024-10-17T19:30:41.040+0000] {processor.py:186} INFO - Started process (PID=596) to work on /home/airflow/.local/lib/python3.12/site-packages/airflow/example_dags/example_inlet_event_extra.py
[2024-10-17T19:30:41.040+0000] {processor.py:914} INFO - Processing file /home/airflow/.local/lib/python3.12/site-packages/airflow/example_dags/example_inlet_event_extra.py for tasks to queue
[2024-10-17T19:30:41.042+0000] {logging_mixin.py:190} INFO - [2024-10-17T19:30:41.042+0000] {dagbag.py:588} INFO - Filling up the DagBag from /home/airflow/.local/lib/python3.12/site-packages/airflow/example_dags/example_inlet_event_extra.py
[2024-10-17T19:30:41.117+0000] {processor.py:925} INFO - DAG(s) 'read_dataset_event_from_classic', 'read_dataset_event' retrieved from /home/airflow/.local/lib/python3.12/site-packages/airflow/example_dags/example_inlet_event_extra.py
[2024-10-17T19:30:41.141+0000] {logging_mixin.py:190} INFO - [2024-10-17T19:30:41.141+0000] {dag.py:3239} INFO - Sync 2 DAGs
[2024-10-17T19:30:41.158+0000] {logging_mixin.py:190} INFO - [2024-10-17T19:30:41.158+0000] {dag.py:4180} INFO - Setting next_dagrun for read_dataset_event to 2024-10-16 00:00:00+00:00, run_after=2024-10-17 00:00:00+00:00
[2024-10-17T19:30:41.160+0000] {logging_mixin.py:190} INFO - [2024-10-17T19:30:41.160+0000] {dag.py:4180} INFO - Setting next_dagrun for read_dataset_event_from_classic to 2024-10-16 00:00:00+00:00, run_after=2024-10-17 00:00:00+00:00
[2024-10-17T19:30:41.170+0000] {processor.py:208} INFO - Processing /home/airflow/.local/lib/python3.12/site-packages/airflow/example_dags/example_inlet_event_extra.py took 0.134 seconds
[2024-10-17T19:31:11.423+0000] {processor.py:186} INFO - Started process (PID=659) to work on /home/airflow/.local/lib/python3.12/site-packages/airflow/example_dags/example_inlet_event_extra.py
[2024-10-17T19:31:11.424+0000] {processor.py:914} INFO - Processing file /home/airflow/.local/lib/python3.12/site-packages/airflow/example_dags/example_inlet_event_extra.py for tasks to queue
[2024-10-17T19:31:11.425+0000] {logging_mixin.py:190} INFO - [2024-10-17T19:31:11.425+0000] {dagbag.py:588} INFO - Filling up the DagBag from /home/airflow/.local/lib/python3.12/site-packages/airflow/example_dags/example_inlet_event_extra.py
[2024-10-17T19:31:11.499+0000] {processor.py:925} INFO - DAG(s) 'read_dataset_event_from_classic', 'read_dataset_event' retrieved from /home/airflow/.local/lib/python3.12/site-packages/airflow/example_dags/example_inlet_event_extra.py
[2024-10-17T19:31:11.511+0000] {logging_mixin.py:190} INFO - [2024-10-17T19:31:11.511+0000] {dag.py:3239} INFO - Sync 2 DAGs
[2024-10-17T19:31:11.523+0000] {logging_mixin.py:190} INFO - [2024-10-17T19:31:11.523+0000] {dag.py:4180} INFO - Setting next_dagrun for read_dataset_event to 2024-10-16 00:00:00+00:00, run_after=2024-10-17 00:00:00+00:00
[2024-10-17T19:31:11.526+0000] {logging_mixin.py:190} INFO - [2024-10-17T19:31:11.526+0000] {dag.py:4180} INFO - Setting next_dagrun for read_dataset_event_from_classic to 2024-10-16 00:00:00+00:00, run_after=2024-10-17 00:00:00+00:00
[2024-10-17T19:31:11.534+0000] {processor.py:208} INFO - Processing /home/airflow/.local/lib/python3.12/site-packages/airflow/example_dags/example_inlet_event_extra.py took 0.114 seconds
[2024-10-17T19:31:42.028+0000] {processor.py:186} INFO - Started process (PID=722) to work on /home/airflow/.local/lib/python3.12/site-packages/airflow/example_dags/example_inlet_event_extra.py
[2024-10-17T19:31:42.028+0000] {processor.py:914} INFO - Processing file /home/airflow/.local/lib/python3.12/site-packages/airflow/example_dags/example_inlet_event_extra.py for tasks to queue
[2024-10-17T19:31:42.030+0000] {logging_mixin.py:190} INFO - [2024-10-17T19:31:42.030+0000] {dagbag.py:588} INFO - Filling up the DagBag from /home/airflow/.local/lib/python3.12/site-packages/airflow/example_dags/example_inlet_event_extra.py
[2024-10-17T19:31:42.105+0000] {processor.py:925} INFO - DAG(s) 'read_dataset_event_from_classic', 'read_dataset_event' retrieved from /home/airflow/.local/lib/python3.12/site-packages/airflow/example_dags/example_inlet_event_extra.py
[2024-10-17T19:31:42.118+0000] {logging_mixin.py:190} INFO - [2024-10-17T19:31:42.117+0000] {dag.py:3239} INFO - Sync 2 DAGs
[2024-10-17T19:31:42.130+0000] {logging_mixin.py:190} INFO - [2024-10-17T19:31:42.130+0000] {dag.py:4180} INFO - Setting next_dagrun for read_dataset_event to 2024-10-16 00:00:00+00:00, run_after=2024-10-17 00:00:00+00:00
[2024-10-17T19:31:42.133+0000] {logging_mixin.py:190} INFO - [2024-10-17T19:31:42.133+0000] {dag.py:4180} INFO - Setting next_dagrun for read_dataset_event_from_classic to 2024-10-16 00:00:00+00:00, run_after=2024-10-17 00:00:00+00:00
[2024-10-17T19:31:42.141+0000] {processor.py:208} INFO - Processing /home/airflow/.local/lib/python3.12/site-packages/airflow/example_dags/example_inlet_event_extra.py took 0.117 seconds
[2024-10-17T19:33:33.252+0000] {processor.py:186} INFO - Started process (PID=92) to work on /home/airflow/.local/lib/python3.12/site-packages/airflow/example_dags/example_inlet_event_extra.py
[2024-10-17T19:33:33.253+0000] {processor.py:914} INFO - Processing file /home/airflow/.local/lib/python3.12/site-packages/airflow/example_dags/example_inlet_event_extra.py for tasks to queue
[2024-10-17T19:33:33.255+0000] {logging_mixin.py:190} INFO - [2024-10-17T19:33:33.254+0000] {dagbag.py:588} INFO - Filling up the DagBag from /home/airflow/.local/lib/python3.12/site-packages/airflow/example_dags/example_inlet_event_extra.py
[2024-10-17T19:33:33.334+0000] {processor.py:925} INFO - DAG(s) 'read_dataset_event_from_classic', 'read_dataset_event' retrieved from /home/airflow/.local/lib/python3.12/site-packages/airflow/example_dags/example_inlet_event_extra.py
[2024-10-17T19:33:33.398+0000] {logging_mixin.py:190} INFO - [2024-10-17T19:33:33.398+0000] {override.py:1900} INFO - Created Permission View: can edit on DAG:read_dataset_event_from_classic
[2024-10-17T19:33:33.403+0000] {logging_mixin.py:190} INFO - [2024-10-17T19:33:33.403+0000] {override.py:1900} INFO - Created Permission View: can delete on DAG:read_dataset_event_from_classic
[2024-10-17T19:33:33.407+0000] {logging_mixin.py:190} INFO - [2024-10-17T19:33:33.406+0000] {override.py:1900} INFO - Created Permission View: can read on DAG:read_dataset_event_from_classic
[2024-10-17T19:33:33.410+0000] {logging_mixin.py:190} INFO - [2024-10-17T19:33:33.410+0000] {override.py:1900} INFO - Created Permission View: menu access on DAG Run:read_dataset_event_from_classic
[2024-10-17T19:33:33.412+0000] {logging_mixin.py:190} INFO - [2024-10-17T19:33:33.412+0000] {override.py:1900} INFO - Created Permission View: can create on DAG Run:read_dataset_event_from_classic
[2024-10-17T19:33:33.415+0000] {logging_mixin.py:190} INFO - [2024-10-17T19:33:33.415+0000] {override.py:1900} INFO - Created Permission View: can delete on DAG Run:read_dataset_event_from_classic
[2024-10-17T19:33:33.418+0000] {logging_mixin.py:190} INFO - [2024-10-17T19:33:33.418+0000] {override.py:1900} INFO - Created Permission View: can read on DAG Run:read_dataset_event_from_classic
[2024-10-17T19:33:33.424+0000] {logging_mixin.py:190} INFO - [2024-10-17T19:33:33.423+0000] {override.py:1900} INFO - Created Permission View: can edit on DAG:read_dataset_event
[2024-10-17T19:33:33.427+0000] {logging_mixin.py:190} INFO - [2024-10-17T19:33:33.427+0000] {override.py:1900} INFO - Created Permission View: can delete on DAG:read_dataset_event
[2024-10-17T19:33:33.430+0000] {logging_mixin.py:190} INFO - [2024-10-17T19:33:33.429+0000] {override.py:1900} INFO - Created Permission View: can read on DAG:read_dataset_event
[2024-10-17T19:33:33.433+0000] {logging_mixin.py:190} INFO - [2024-10-17T19:33:33.433+0000] {override.py:1900} INFO - Created Permission View: menu access on DAG Run:read_dataset_event
[2024-10-17T19:33:33.435+0000] {logging_mixin.py:190} INFO - [2024-10-17T19:33:33.435+0000] {override.py:1900} INFO - Created Permission View: can create on DAG Run:read_dataset_event
[2024-10-17T19:33:33.438+0000] {logging_mixin.py:190} INFO - [2024-10-17T19:33:33.438+0000] {override.py:1900} INFO - Created Permission View: can delete on DAG Run:read_dataset_event
[2024-10-17T19:33:33.441+0000] {logging_mixin.py:190} INFO - [2024-10-17T19:33:33.441+0000] {override.py:1900} INFO - Created Permission View: can read on DAG Run:read_dataset_event
[2024-10-17T19:33:33.441+0000] {logging_mixin.py:190} INFO - [2024-10-17T19:33:33.441+0000] {dag.py:3239} INFO - Sync 2 DAGs
[2024-10-17T19:33:33.448+0000] {logging_mixin.py:190} INFO - [2024-10-17T19:33:33.448+0000] {dag.py:3262} INFO - Creating ORM DAG for read_dataset_event_from_classic
[2024-10-17T19:33:33.449+0000] {logging_mixin.py:190} INFO - [2024-10-17T19:33:33.449+0000] {dag.py:3262} INFO - Creating ORM DAG for read_dataset_event
[2024-10-17T19:33:33.455+0000] {logging_mixin.py:190} INFO - [2024-10-17T19:33:33.455+0000] {dag.py:4180} INFO - Setting next_dagrun for read_dataset_event to 2024-10-16 00:00:00+00:00, run_after=2024-10-17 00:00:00+00:00
[2024-10-17T19:33:33.456+0000] {logging_mixin.py:190} INFO - [2024-10-17T19:33:33.456+0000] {dag.py:4180} INFO - Setting next_dagrun for read_dataset_event_from_classic to 2024-10-16 00:00:00+00:00, run_after=2024-10-17 00:00:00+00:00
[2024-10-17T19:33:33.464+0000] {processor.py:208} INFO - Processing /home/airflow/.local/lib/python3.12/site-packages/airflow/example_dags/example_inlet_event_extra.py took 0.215 seconds
[2024-10-17T19:34:04.069+0000] {processor.py:186} INFO - Started process (PID=155) to work on /home/airflow/.local/lib/python3.12/site-packages/airflow/example_dags/example_inlet_event_extra.py
[2024-10-17T19:34:04.070+0000] {processor.py:914} INFO - Processing file /home/airflow/.local/lib/python3.12/site-packages/airflow/example_dags/example_inlet_event_extra.py for tasks to queue
[2024-10-17T19:34:04.072+0000] {logging_mixin.py:190} INFO - [2024-10-17T19:34:04.071+0000] {dagbag.py:588} INFO - Filling up the DagBag from /home/airflow/.local/lib/python3.12/site-packages/airflow/example_dags/example_inlet_event_extra.py
[2024-10-17T19:34:04.143+0000] {processor.py:925} INFO - DAG(s) 'read_dataset_event_from_classic', 'read_dataset_event' retrieved from /home/airflow/.local/lib/python3.12/site-packages/airflow/example_dags/example_inlet_event_extra.py
[2024-10-17T19:34:04.154+0000] {logging_mixin.py:190} INFO - [2024-10-17T19:34:04.154+0000] {dag.py:3239} INFO - Sync 2 DAGs
[2024-10-17T19:34:04.166+0000] {logging_mixin.py:190} INFO - [2024-10-17T19:34:04.166+0000] {dag.py:4180} INFO - Setting next_dagrun for read_dataset_event to 2024-10-16 00:00:00+00:00, run_after=2024-10-17 00:00:00+00:00
[2024-10-17T19:34:04.168+0000] {logging_mixin.py:190} INFO - [2024-10-17T19:34:04.168+0000] {dag.py:4180} INFO - Setting next_dagrun for read_dataset_event_from_classic to 2024-10-16 00:00:00+00:00, run_after=2024-10-17 00:00:00+00:00
[2024-10-17T19:34:04.176+0000] {processor.py:208} INFO - Processing /home/airflow/.local/lib/python3.12/site-packages/airflow/example_dags/example_inlet_event_extra.py took 0.110 seconds
[2024-10-17T19:34:34.345+0000] {processor.py:186} INFO - Started process (PID=218) to work on /home/airflow/.local/lib/python3.12/site-packages/airflow/example_dags/example_inlet_event_extra.py
[2024-10-17T19:34:34.346+0000] {processor.py:914} INFO - Processing file /home/airflow/.local/lib/python3.12/site-packages/airflow/example_dags/example_inlet_event_extra.py for tasks to queue
[2024-10-17T19:34:34.347+0000] {logging_mixin.py:190} INFO - [2024-10-17T19:34:34.347+0000] {dagbag.py:588} INFO - Filling up the DagBag from /home/airflow/.local/lib/python3.12/site-packages/airflow/example_dags/example_inlet_event_extra.py
[2024-10-17T19:34:34.419+0000] {processor.py:925} INFO - DAG(s) 'read_dataset_event', 'read_dataset_event_from_classic' retrieved from /home/airflow/.local/lib/python3.12/site-packages/airflow/example_dags/example_inlet_event_extra.py
[2024-10-17T19:34:34.433+0000] {logging_mixin.py:190} INFO - [2024-10-17T19:34:34.433+0000] {dag.py:3239} INFO - Sync 2 DAGs
[2024-10-17T19:34:34.448+0000] {logging_mixin.py:190} INFO - [2024-10-17T19:34:34.448+0000] {dag.py:4180} INFO - Setting next_dagrun for read_dataset_event to 2024-10-16 00:00:00+00:00, run_after=2024-10-17 00:00:00+00:00
[2024-10-17T19:34:34.450+0000] {logging_mixin.py:190} INFO - [2024-10-17T19:34:34.450+0000] {dag.py:4180} INFO - Setting next_dagrun for read_dataset_event_from_classic to 2024-10-16 00:00:00+00:00, run_after=2024-10-17 00:00:00+00:00
[2024-10-17T19:34:34.459+0000] {processor.py:208} INFO - Processing /home/airflow/.local/lib/python3.12/site-packages/airflow/example_dags/example_inlet_event_extra.py took 0.118 seconds
[2024-10-17T19:35:04.749+0000] {processor.py:186} INFO - Started process (PID=281) to work on /home/airflow/.local/lib/python3.12/site-packages/airflow/example_dags/example_inlet_event_extra.py
[2024-10-17T19:35:04.750+0000] {processor.py:914} INFO - Processing file /home/airflow/.local/lib/python3.12/site-packages/airflow/example_dags/example_inlet_event_extra.py for tasks to queue
[2024-10-17T19:35:04.752+0000] {logging_mixin.py:190} INFO - [2024-10-17T19:35:04.751+0000] {dagbag.py:588} INFO - Filling up the DagBag from /home/airflow/.local/lib/python3.12/site-packages/airflow/example_dags/example_inlet_event_extra.py
[2024-10-17T19:35:04.821+0000] {processor.py:925} INFO - DAG(s) 'read_dataset_event', 'read_dataset_event_from_classic' retrieved from /home/airflow/.local/lib/python3.12/site-packages/airflow/example_dags/example_inlet_event_extra.py
[2024-10-17T19:35:04.832+0000] {logging_mixin.py:190} INFO - [2024-10-17T19:35:04.832+0000] {dag.py:3239} INFO - Sync 2 DAGs
[2024-10-17T19:35:04.844+0000] {logging_mixin.py:190} INFO - [2024-10-17T19:35:04.844+0000] {dag.py:4180} INFO - Setting next_dagrun for read_dataset_event to 2024-10-16 00:00:00+00:00, run_after=2024-10-17 00:00:00+00:00
[2024-10-17T19:35:04.846+0000] {logging_mixin.py:190} INFO - [2024-10-17T19:35:04.846+0000] {dag.py:4180} INFO - Setting next_dagrun for read_dataset_event_from_classic to 2024-10-16 00:00:00+00:00, run_after=2024-10-17 00:00:00+00:00
[2024-10-17T19:35:04.853+0000] {processor.py:208} INFO - Processing /home/airflow/.local/lib/python3.12/site-packages/airflow/example_dags/example_inlet_event_extra.py took 0.107 seconds
[2024-10-17T19:35:35.417+0000] {processor.py:186} INFO - Started process (PID=344) to work on /home/airflow/.local/lib/python3.12/site-packages/airflow/example_dags/example_inlet_event_extra.py
[2024-10-17T19:35:35.417+0000] {processor.py:914} INFO - Processing file /home/airflow/.local/lib/python3.12/site-packages/airflow/example_dags/example_inlet_event_extra.py for tasks to queue
[2024-10-17T19:35:35.419+0000] {logging_mixin.py:190} INFO - [2024-10-17T19:35:35.419+0000] {dagbag.py:588} INFO - Filling up the DagBag from /home/airflow/.local/lib/python3.12/site-packages/airflow/example_dags/example_inlet_event_extra.py
[2024-10-17T19:35:35.506+0000] {processor.py:925} INFO - DAG(s) 'read_dataset_event', 'read_dataset_event_from_classic' retrieved from /home/airflow/.local/lib/python3.12/site-packages/airflow/example_dags/example_inlet_event_extra.py
[2024-10-17T19:35:35.521+0000] {logging_mixin.py:190} INFO - [2024-10-17T19:35:35.521+0000] {dag.py:3239} INFO - Sync 2 DAGs
[2024-10-17T19:35:35.536+0000] {logging_mixin.py:190} INFO - [2024-10-17T19:35:35.536+0000] {dag.py:4180} INFO - Setting next_dagrun for read_dataset_event to 2024-10-16 00:00:00+00:00, run_after=2024-10-17 00:00:00+00:00
[2024-10-17T19:35:35.539+0000] {logging_mixin.py:190} INFO - [2024-10-17T19:35:35.539+0000] {dag.py:4180} INFO - Setting next_dagrun for read_dataset_event_from_classic to 2024-10-16 00:00:00+00:00, run_after=2024-10-17 00:00:00+00:00
[2024-10-17T19:35:35.547+0000] {processor.py:208} INFO - Processing /home/airflow/.local/lib/python3.12/site-packages/airflow/example_dags/example_inlet_event_extra.py took 0.134 seconds
[2024-10-17T19:36:06.150+0000] {processor.py:186} INFO - Started process (PID=407) to work on /home/airflow/.local/lib/python3.12/site-packages/airflow/example_dags/example_inlet_event_extra.py
[2024-10-17T19:36:06.151+0000] {processor.py:914} INFO - Processing file /home/airflow/.local/lib/python3.12/site-packages/airflow/example_dags/example_inlet_event_extra.py for tasks to queue
[2024-10-17T19:36:06.152+0000] {logging_mixin.py:190} INFO - [2024-10-17T19:36:06.152+0000] {dagbag.py:588} INFO - Filling up the DagBag from /home/airflow/.local/lib/python3.12/site-packages/airflow/example_dags/example_inlet_event_extra.py
[2024-10-17T19:36:06.226+0000] {processor.py:925} INFO - DAG(s) 'read_dataset_event_from_classic', 'read_dataset_event' retrieved from /home/airflow/.local/lib/python3.12/site-packages/airflow/example_dags/example_inlet_event_extra.py
[2024-10-17T19:36:06.239+0000] {logging_mixin.py:190} INFO - [2024-10-17T19:36:06.239+0000] {dag.py:3239} INFO - Sync 2 DAGs
[2024-10-17T19:36:06.252+0000] {logging_mixin.py:190} INFO - [2024-10-17T19:36:06.252+0000] {dag.py:4180} INFO - Setting next_dagrun for read_dataset_event to 2024-10-16 00:00:00+00:00, run_after=2024-10-17 00:00:00+00:00
[2024-10-17T19:36:06.254+0000] {logging_mixin.py:190} INFO - [2024-10-17T19:36:06.254+0000] {dag.py:4180} INFO - Setting next_dagrun for read_dataset_event_from_classic to 2024-10-16 00:00:00+00:00, run_after=2024-10-17 00:00:00+00:00
[2024-10-17T19:36:06.263+0000] {processor.py:208} INFO - Processing /home/airflow/.local/lib/python3.12/site-packages/airflow/example_dags/example_inlet_event_extra.py took 0.117 seconds
[2024-10-17T19:36:36.752+0000] {processor.py:186} INFO - Started process (PID=470) to work on /home/airflow/.local/lib/python3.12/site-packages/airflow/example_dags/example_inlet_event_extra.py
[2024-10-17T19:36:36.753+0000] {processor.py:914} INFO - Processing file /home/airflow/.local/lib/python3.12/site-packages/airflow/example_dags/example_inlet_event_extra.py for tasks to queue
[2024-10-17T19:36:36.755+0000] {logging_mixin.py:190} INFO - [2024-10-17T19:36:36.755+0000] {dagbag.py:588} INFO - Filling up the DagBag from /home/airflow/.local/lib/python3.12/site-packages/airflow/example_dags/example_inlet_event_extra.py
[2024-10-17T19:36:36.836+0000] {processor.py:925} INFO - DAG(s) 'read_dataset_event_from_classic', 'read_dataset_event' retrieved from /home/airflow/.local/lib/python3.12/site-packages/airflow/example_dags/example_inlet_event_extra.py
[2024-10-17T19:36:36.849+0000] {logging_mixin.py:190} INFO - [2024-10-17T19:36:36.848+0000] {dag.py:3239} INFO - Sync 2 DAGs
[2024-10-17T19:36:36.862+0000] {logging_mixin.py:190} INFO - [2024-10-17T19:36:36.862+0000] {dag.py:4180} INFO - Setting next_dagrun for read_dataset_event to 2024-10-16 00:00:00+00:00, run_after=2024-10-17 00:00:00+00:00
[2024-10-17T19:36:36.865+0000] {logging_mixin.py:190} INFO - [2024-10-17T19:36:36.865+0000] {dag.py:4180} INFO - Setting next_dagrun for read_dataset_event_from_classic to 2024-10-16 00:00:00+00:00, run_after=2024-10-17 00:00:00+00:00
[2024-10-17T19:36:36.873+0000] {processor.py:208} INFO - Processing /home/airflow/.local/lib/python3.12/site-packages/airflow/example_dags/example_inlet_event_extra.py took 0.125 seconds
[2024-10-17T19:37:07.310+0000] {processor.py:186} INFO - Started process (PID=534) to work on /home/airflow/.local/lib/python3.12/site-packages/airflow/example_dags/example_inlet_event_extra.py
[2024-10-17T19:37:07.311+0000] {processor.py:914} INFO - Processing file /home/airflow/.local/lib/python3.12/site-packages/airflow/example_dags/example_inlet_event_extra.py for tasks to queue
[2024-10-17T19:37:07.312+0000] {logging_mixin.py:190} INFO - [2024-10-17T19:37:07.312+0000] {dagbag.py:588} INFO - Filling up the DagBag from /home/airflow/.local/lib/python3.12/site-packages/airflow/example_dags/example_inlet_event_extra.py
[2024-10-17T19:37:07.395+0000] {processor.py:925} INFO - DAG(s) 'read_dataset_event', 'read_dataset_event_from_classic' retrieved from /home/airflow/.local/lib/python3.12/site-packages/airflow/example_dags/example_inlet_event_extra.py
[2024-10-17T19:37:07.409+0000] {logging_mixin.py:190} INFO - [2024-10-17T19:37:07.408+0000] {dag.py:3239} INFO - Sync 2 DAGs
[2024-10-17T19:37:07.423+0000] {logging_mixin.py:190} INFO - [2024-10-17T19:37:07.423+0000] {dag.py:4180} INFO - Setting next_dagrun for read_dataset_event to 2024-10-16 00:00:00+00:00, run_after=2024-10-17 00:00:00+00:00
[2024-10-17T19:37:07.426+0000] {logging_mixin.py:190} INFO - [2024-10-17T19:37:07.425+0000] {dag.py:4180} INFO - Setting next_dagrun for read_dataset_event_from_classic to 2024-10-16 00:00:00+00:00, run_after=2024-10-17 00:00:00+00:00
[2024-10-17T19:37:07.434+0000] {processor.py:208} INFO - Processing /home/airflow/.local/lib/python3.12/site-packages/airflow/example_dags/example_inlet_event_extra.py took 0.129 seconds
[2024-10-17T19:39:19.525+0000] {processor.py:186} INFO - Started process (PID=92) to work on /home/airflow/.local/lib/python3.12/site-packages/airflow/example_dags/example_inlet_event_extra.py
[2024-10-17T19:39:19.525+0000] {processor.py:914} INFO - Processing file /home/airflow/.local/lib/python3.12/site-packages/airflow/example_dags/example_inlet_event_extra.py for tasks to queue
[2024-10-17T19:39:19.527+0000] {logging_mixin.py:190} INFO - [2024-10-17T19:39:19.527+0000] {dagbag.py:588} INFO - Filling up the DagBag from /home/airflow/.local/lib/python3.12/site-packages/airflow/example_dags/example_inlet_event_extra.py
[2024-10-17T19:39:19.630+0000] {processor.py:925} INFO - DAG(s) 'read_dataset_event_from_classic', 'read_dataset_event' retrieved from /home/airflow/.local/lib/python3.12/site-packages/airflow/example_dags/example_inlet_event_extra.py
[2024-10-17T19:39:19.705+0000] {logging_mixin.py:190} INFO - [2024-10-17T19:39:19.705+0000] {override.py:1900} INFO - Created Permission View: can read on DAG:read_dataset_event_from_classic
[2024-10-17T19:39:19.709+0000] {logging_mixin.py:190} INFO - [2024-10-17T19:39:19.709+0000] {override.py:1900} INFO - Created Permission View: can delete on DAG:read_dataset_event_from_classic
[2024-10-17T19:39:19.712+0000] {logging_mixin.py:190} INFO - [2024-10-17T19:39:19.712+0000] {override.py:1900} INFO - Created Permission View: can edit on DAG:read_dataset_event_from_classic
[2024-10-17T19:39:19.715+0000] {logging_mixin.py:190} INFO - [2024-10-17T19:39:19.715+0000] {override.py:1900} INFO - Created Permission View: can read on DAG Run:read_dataset_event_from_classic
[2024-10-17T19:39:19.717+0000] {logging_mixin.py:190} INFO - [2024-10-17T19:39:19.717+0000] {override.py:1900} INFO - Created Permission View: can create on DAG Run:read_dataset_event_from_classic
[2024-10-17T19:39:19.720+0000] {logging_mixin.py:190} INFO - [2024-10-17T19:39:19.720+0000] {override.py:1900} INFO - Created Permission View: can delete on DAG Run:read_dataset_event_from_classic
[2024-10-17T19:39:19.722+0000] {logging_mixin.py:190} INFO - [2024-10-17T19:39:19.722+0000] {override.py:1900} INFO - Created Permission View: menu access on DAG Run:read_dataset_event_from_classic
[2024-10-17T19:39:19.727+0000] {logging_mixin.py:190} INFO - [2024-10-17T19:39:19.727+0000] {override.py:1900} INFO - Created Permission View: can read on DAG:read_dataset_event
[2024-10-17T19:39:19.730+0000] {logging_mixin.py:190} INFO - [2024-10-17T19:39:19.730+0000] {override.py:1900} INFO - Created Permission View: can delete on DAG:read_dataset_event
[2024-10-17T19:39:19.732+0000] {logging_mixin.py:190} INFO - [2024-10-17T19:39:19.732+0000] {override.py:1900} INFO - Created Permission View: can edit on DAG:read_dataset_event
[2024-10-17T19:39:19.735+0000] {logging_mixin.py:190} INFO - [2024-10-17T19:39:19.735+0000] {override.py:1900} INFO - Created Permission View: can read on DAG Run:read_dataset_event
[2024-10-17T19:39:19.737+0000] {logging_mixin.py:190} INFO - [2024-10-17T19:39:19.737+0000] {override.py:1900} INFO - Created Permission View: can create on DAG Run:read_dataset_event
[2024-10-17T19:39:19.740+0000] {logging_mixin.py:190} INFO - [2024-10-17T19:39:19.740+0000] {override.py:1900} INFO - Created Permission View: can delete on DAG Run:read_dataset_event
[2024-10-17T19:39:19.742+0000] {logging_mixin.py:190} INFO - [2024-10-17T19:39:19.742+0000] {override.py:1900} INFO - Created Permission View: menu access on DAG Run:read_dataset_event
[2024-10-17T19:39:19.743+0000] {logging_mixin.py:190} INFO - [2024-10-17T19:39:19.743+0000] {dag.py:3239} INFO - Sync 2 DAGs
[2024-10-17T19:39:19.750+0000] {logging_mixin.py:190} INFO - [2024-10-17T19:39:19.750+0000] {dag.py:3262} INFO - Creating ORM DAG for read_dataset_event
[2024-10-17T19:39:19.751+0000] {logging_mixin.py:190} INFO - [2024-10-17T19:39:19.750+0000] {dag.py:3262} INFO - Creating ORM DAG for read_dataset_event_from_classic
[2024-10-17T19:39:19.757+0000] {logging_mixin.py:190} INFO - [2024-10-17T19:39:19.757+0000] {dag.py:4180} INFO - Setting next_dagrun for read_dataset_event to 2024-10-16 00:00:00+00:00, run_after=2024-10-17 00:00:00+00:00
[2024-10-17T19:39:19.758+0000] {logging_mixin.py:190} INFO - [2024-10-17T19:39:19.758+0000] {dag.py:4180} INFO - Setting next_dagrun for read_dataset_event_from_classic to 2024-10-16 00:00:00+00:00, run_after=2024-10-17 00:00:00+00:00
[2024-10-17T19:39:19.769+0000] {processor.py:208} INFO - Processing /home/airflow/.local/lib/python3.12/site-packages/airflow/example_dags/example_inlet_event_extra.py took 0.248 seconds
[2024-10-17T19:39:50.351+0000] {processor.py:186} INFO - Started process (PID=155) to work on /home/airflow/.local/lib/python3.12/site-packages/airflow/example_dags/example_inlet_event_extra.py
[2024-10-17T19:39:50.352+0000] {processor.py:914} INFO - Processing file /home/airflow/.local/lib/python3.12/site-packages/airflow/example_dags/example_inlet_event_extra.py for tasks to queue
[2024-10-17T19:39:50.353+0000] {logging_mixin.py:190} INFO - [2024-10-17T19:39:50.353+0000] {dagbag.py:588} INFO - Filling up the DagBag from /home/airflow/.local/lib/python3.12/site-packages/airflow/example_dags/example_inlet_event_extra.py
[2024-10-17T19:39:50.423+0000] {processor.py:925} INFO - DAG(s) 'read_dataset_event', 'read_dataset_event_from_classic' retrieved from /home/airflow/.local/lib/python3.12/site-packages/airflow/example_dags/example_inlet_event_extra.py
[2024-10-17T19:39:50.434+0000] {logging_mixin.py:190} INFO - [2024-10-17T19:39:50.434+0000] {dag.py:3239} INFO - Sync 2 DAGs
[2024-10-17T19:39:50.445+0000] {logging_mixin.py:190} INFO - [2024-10-17T19:39:50.445+0000] {dag.py:4180} INFO - Setting next_dagrun for read_dataset_event to 2024-10-16 00:00:00+00:00, run_after=2024-10-17 00:00:00+00:00
[2024-10-17T19:39:50.447+0000] {logging_mixin.py:190} INFO - [2024-10-17T19:39:50.447+0000] {dag.py:4180} INFO - Setting next_dagrun for read_dataset_event_from_classic to 2024-10-16 00:00:00+00:00, run_after=2024-10-17 00:00:00+00:00
[2024-10-17T19:39:50.455+0000] {processor.py:208} INFO - Processing /home/airflow/.local/lib/python3.12/site-packages/airflow/example_dags/example_inlet_event_extra.py took 0.107 seconds
[2024-10-17T19:40:20.693+0000] {processor.py:186} INFO - Started process (PID=218) to work on /home/airflow/.local/lib/python3.12/site-packages/airflow/example_dags/example_inlet_event_extra.py
[2024-10-17T19:40:20.694+0000] {processor.py:914} INFO - Processing file /home/airflow/.local/lib/python3.12/site-packages/airflow/example_dags/example_inlet_event_extra.py for tasks to queue
[2024-10-17T19:40:20.695+0000] {logging_mixin.py:190} INFO - [2024-10-17T19:40:20.695+0000] {dagbag.py:588} INFO - Filling up the DagBag from /home/airflow/.local/lib/python3.12/site-packages/airflow/example_dags/example_inlet_event_extra.py
[2024-10-17T19:40:20.764+0000] {processor.py:925} INFO - DAG(s) 'read_dataset_event', 'read_dataset_event_from_classic' retrieved from /home/airflow/.local/lib/python3.12/site-packages/airflow/example_dags/example_inlet_event_extra.py
[2024-10-17T19:40:20.776+0000] {logging_mixin.py:190} INFO - [2024-10-17T19:40:20.776+0000] {dag.py:3239} INFO - Sync 2 DAGs
[2024-10-17T19:40:20.789+0000] {logging_mixin.py:190} INFO - [2024-10-17T19:40:20.789+0000] {dag.py:4180} INFO - Setting next_dagrun for read_dataset_event to 2024-10-16 00:00:00+00:00, run_after=2024-10-17 00:00:00+00:00
[2024-10-17T19:40:20.791+0000] {logging_mixin.py:190} INFO - [2024-10-17T19:40:20.791+0000] {dag.py:4180} INFO - Setting next_dagrun for read_dataset_event_from_classic to 2024-10-16 00:00:00+00:00, run_after=2024-10-17 00:00:00+00:00
[2024-10-17T19:40:20.799+0000] {processor.py:208} INFO - Processing /home/airflow/.local/lib/python3.12/site-packages/airflow/example_dags/example_inlet_event_extra.py took 0.109 seconds
[2024-10-17T19:40:51.092+0000] {processor.py:186} INFO - Started process (PID=281) to work on /home/airflow/.local/lib/python3.12/site-packages/airflow/example_dags/example_inlet_event_extra.py
[2024-10-17T19:40:51.093+0000] {processor.py:914} INFO - Processing file /home/airflow/.local/lib/python3.12/site-packages/airflow/example_dags/example_inlet_event_extra.py for tasks to queue
[2024-10-17T19:40:51.094+0000] {logging_mixin.py:190} INFO - [2024-10-17T19:40:51.094+0000] {dagbag.py:588} INFO - Filling up the DagBag from /home/airflow/.local/lib/python3.12/site-packages/airflow/example_dags/example_inlet_event_extra.py
[2024-10-17T19:40:51.165+0000] {processor.py:925} INFO - DAG(s) 'read_dataset_event', 'read_dataset_event_from_classic' retrieved from /home/airflow/.local/lib/python3.12/site-packages/airflow/example_dags/example_inlet_event_extra.py
[2024-10-17T19:40:51.176+0000] {logging_mixin.py:190} INFO - [2024-10-17T19:40:51.176+0000] {dag.py:3239} INFO - Sync 2 DAGs
[2024-10-17T19:40:51.188+0000] {logging_mixin.py:190} INFO - [2024-10-17T19:40:51.188+0000] {dag.py:4180} INFO - Setting next_dagrun for read_dataset_event to 2024-10-16 00:00:00+00:00, run_after=2024-10-17 00:00:00+00:00
[2024-10-17T19:40:51.190+0000] {logging_mixin.py:190} INFO - [2024-10-17T19:40:51.190+0000] {dag.py:4180} INFO - Setting next_dagrun for read_dataset_event_from_classic to 2024-10-16 00:00:00+00:00, run_after=2024-10-17 00:00:00+00:00
[2024-10-17T19:40:51.197+0000] {processor.py:208} INFO - Processing /home/airflow/.local/lib/python3.12/site-packages/airflow/example_dags/example_inlet_event_extra.py took 0.108 seconds
[2024-10-17T19:41:21.787+0000] {processor.py:186} INFO - Started process (PID=344) to work on /home/airflow/.local/lib/python3.12/site-packages/airflow/example_dags/example_inlet_event_extra.py
[2024-10-17T19:41:21.788+0000] {processor.py:914} INFO - Processing file /home/airflow/.local/lib/python3.12/site-packages/airflow/example_dags/example_inlet_event_extra.py for tasks to queue
[2024-10-17T19:41:21.789+0000] {logging_mixin.py:190} INFO - [2024-10-17T19:41:21.789+0000] {dagbag.py:588} INFO - Filling up the DagBag from /home/airflow/.local/lib/python3.12/site-packages/airflow/example_dags/example_inlet_event_extra.py
[2024-10-17T19:41:21.869+0000] {processor.py:925} INFO - DAG(s) 'read_dataset_event_from_classic', 'read_dataset_event' retrieved from /home/airflow/.local/lib/python3.12/site-packages/airflow/example_dags/example_inlet_event_extra.py
[2024-10-17T19:41:21.885+0000] {logging_mixin.py:190} INFO - [2024-10-17T19:41:21.884+0000] {dag.py:3239} INFO - Sync 2 DAGs
[2024-10-17T19:41:21.900+0000] {logging_mixin.py:190} INFO - [2024-10-17T19:41:21.900+0000] {dag.py:4180} INFO - Setting next_dagrun for read_dataset_event to 2024-10-16 00:00:00+00:00, run_after=2024-10-17 00:00:00+00:00
[2024-10-17T19:41:21.903+0000] {logging_mixin.py:190} INFO - [2024-10-17T19:41:21.903+0000] {dag.py:4180} INFO - Setting next_dagrun for read_dataset_event_from_classic to 2024-10-16 00:00:00+00:00, run_after=2024-10-17 00:00:00+00:00
[2024-10-17T19:41:21.912+0000] {processor.py:208} INFO - Processing /home/airflow/.local/lib/python3.12/site-packages/airflow/example_dags/example_inlet_event_extra.py took 0.129 seconds
[2024-10-17T19:41:52.451+0000] {processor.py:186} INFO - Started process (PID=407) to work on /home/airflow/.local/lib/python3.12/site-packages/airflow/example_dags/example_inlet_event_extra.py
[2024-10-17T19:41:52.452+0000] {processor.py:914} INFO - Processing file /home/airflow/.local/lib/python3.12/site-packages/airflow/example_dags/example_inlet_event_extra.py for tasks to queue
[2024-10-17T19:41:52.453+0000] {logging_mixin.py:190} INFO - [2024-10-17T19:41:52.453+0000] {dagbag.py:588} INFO - Filling up the DagBag from /home/airflow/.local/lib/python3.12/site-packages/airflow/example_dags/example_inlet_event_extra.py
[2024-10-17T19:41:52.527+0000] {processor.py:925} INFO - DAG(s) 'read_dataset_event_from_classic', 'read_dataset_event' retrieved from /home/airflow/.local/lib/python3.12/site-packages/airflow/example_dags/example_inlet_event_extra.py
[2024-10-17T19:41:52.539+0000] {logging_mixin.py:190} INFO - [2024-10-17T19:41:52.539+0000] {dag.py:3239} INFO - Sync 2 DAGs
[2024-10-17T19:41:52.551+0000] {logging_mixin.py:190} INFO - [2024-10-17T19:41:52.551+0000] {dag.py:4180} INFO - Setting next_dagrun for read_dataset_event to 2024-10-16 00:00:00+00:00, run_after=2024-10-17 00:00:00+00:00
[2024-10-17T19:41:52.554+0000] {logging_mixin.py:190} INFO - [2024-10-17T19:41:52.554+0000] {dag.py:4180} INFO - Setting next_dagrun for read_dataset_event_from_classic to 2024-10-16 00:00:00+00:00, run_after=2024-10-17 00:00:00+00:00
[2024-10-17T19:41:52.563+0000] {processor.py:208} INFO - Processing /home/airflow/.local/lib/python3.12/site-packages/airflow/example_dags/example_inlet_event_extra.py took 0.115 seconds
[2024-10-17T19:42:22.995+0000] {processor.py:186} INFO - Started process (PID=470) to work on /home/airflow/.local/lib/python3.12/site-packages/airflow/example_dags/example_inlet_event_extra.py
[2024-10-17T19:42:22.996+0000] {processor.py:914} INFO - Processing file /home/airflow/.local/lib/python3.12/site-packages/airflow/example_dags/example_inlet_event_extra.py for tasks to queue
[2024-10-17T19:42:22.997+0000] {logging_mixin.py:190} INFO - [2024-10-17T19:42:22.997+0000] {dagbag.py:588} INFO - Filling up the DagBag from /home/airflow/.local/lib/python3.12/site-packages/airflow/example_dags/example_inlet_event_extra.py
[2024-10-17T19:42:23.078+0000] {processor.py:925} INFO - DAG(s) 'read_dataset_event_from_classic', 'read_dataset_event' retrieved from /home/airflow/.local/lib/python3.12/site-packages/airflow/example_dags/example_inlet_event_extra.py
[2024-10-17T19:42:23.091+0000] {logging_mixin.py:190} INFO - [2024-10-17T19:42:23.091+0000] {dag.py:3239} INFO - Sync 2 DAGs
[2024-10-17T19:42:23.103+0000] {logging_mixin.py:190} INFO - [2024-10-17T19:42:23.103+0000] {dag.py:4180} INFO - Setting next_dagrun for read_dataset_event to 2024-10-16 00:00:00+00:00, run_after=2024-10-17 00:00:00+00:00
[2024-10-17T19:42:23.106+0000] {logging_mixin.py:190} INFO - [2024-10-17T19:42:23.106+0000] {dag.py:4180} INFO - Setting next_dagrun for read_dataset_event_from_classic to 2024-10-16 00:00:00+00:00, run_after=2024-10-17 00:00:00+00:00
[2024-10-17T19:42:23.114+0000] {processor.py:208} INFO - Processing /home/airflow/.local/lib/python3.12/site-packages/airflow/example_dags/example_inlet_event_extra.py took 0.123 seconds
[2024-10-17T19:44:01.696+0000] {processor.py:186} INFO - Started process (PID=92) to work on /home/airflow/.local/lib/python3.12/site-packages/airflow/example_dags/example_inlet_event_extra.py
[2024-10-17T19:44:01.697+0000] {processor.py:914} INFO - Processing file /home/airflow/.local/lib/python3.12/site-packages/airflow/example_dags/example_inlet_event_extra.py for tasks to queue
[2024-10-17T19:44:01.698+0000] {logging_mixin.py:190} INFO - [2024-10-17T19:44:01.698+0000] {dagbag.py:588} INFO - Filling up the DagBag from /home/airflow/.local/lib/python3.12/site-packages/airflow/example_dags/example_inlet_event_extra.py
[2024-10-17T19:44:01.781+0000] {processor.py:925} INFO - DAG(s) 'read_dataset_event', 'read_dataset_event_from_classic' retrieved from /home/airflow/.local/lib/python3.12/site-packages/airflow/example_dags/example_inlet_event_extra.py
[2024-10-17T19:44:01.834+0000] {logging_mixin.py:190} INFO - [2024-10-17T19:44:01.834+0000] {override.py:1900} INFO - Created Permission View: can delete on DAG:read_dataset_event
[2024-10-17T19:44:01.838+0000] {logging_mixin.py:190} INFO - [2024-10-17T19:44:01.838+0000] {override.py:1900} INFO - Created Permission View: can edit on DAG:read_dataset_event
[2024-10-17T19:44:01.841+0000] {logging_mixin.py:190} INFO - [2024-10-17T19:44:01.841+0000] {override.py:1900} INFO - Created Permission View: can read on DAG:read_dataset_event
[2024-10-17T19:44:01.844+0000] {logging_mixin.py:190} INFO - [2024-10-17T19:44:01.844+0000] {override.py:1900} INFO - Created Permission View: can delete on DAG Run:read_dataset_event
[2024-10-17T19:44:01.847+0000] {logging_mixin.py:190} INFO - [2024-10-17T19:44:01.847+0000] {override.py:1900} INFO - Created Permission View: can create on DAG Run:read_dataset_event
[2024-10-17T19:44:01.849+0000] {logging_mixin.py:190} INFO - [2024-10-17T19:44:01.849+0000] {override.py:1900} INFO - Created Permission View: menu access on DAG Run:read_dataset_event
[2024-10-17T19:44:01.852+0000] {logging_mixin.py:190} INFO - [2024-10-17T19:44:01.852+0000] {override.py:1900} INFO - Created Permission View: can read on DAG Run:read_dataset_event
[2024-10-17T19:44:01.857+0000] {logging_mixin.py:190} INFO - [2024-10-17T19:44:01.857+0000] {override.py:1900} INFO - Created Permission View: can delete on DAG:read_dataset_event_from_classic
[2024-10-17T19:44:01.859+0000] {logging_mixin.py:190} INFO - [2024-10-17T19:44:01.859+0000] {override.py:1900} INFO - Created Permission View: can edit on DAG:read_dataset_event_from_classic
[2024-10-17T19:44:01.862+0000] {logging_mixin.py:190} INFO - [2024-10-17T19:44:01.862+0000] {override.py:1900} INFO - Created Permission View: can read on DAG:read_dataset_event_from_classic
[2024-10-17T19:44:01.864+0000] {logging_mixin.py:190} INFO - [2024-10-17T19:44:01.864+0000] {override.py:1900} INFO - Created Permission View: can delete on DAG Run:read_dataset_event_from_classic
[2024-10-17T19:44:01.867+0000] {logging_mixin.py:190} INFO - [2024-10-17T19:44:01.867+0000] {override.py:1900} INFO - Created Permission View: can create on DAG Run:read_dataset_event_from_classic
[2024-10-17T19:44:01.869+0000] {logging_mixin.py:190} INFO - [2024-10-17T19:44:01.869+0000] {override.py:1900} INFO - Created Permission View: menu access on DAG Run:read_dataset_event_from_classic
[2024-10-17T19:44:01.872+0000] {logging_mixin.py:190} INFO - [2024-10-17T19:44:01.872+0000] {override.py:1900} INFO - Created Permission View: can read on DAG Run:read_dataset_event_from_classic
[2024-10-17T19:44:01.872+0000] {logging_mixin.py:190} INFO - [2024-10-17T19:44:01.872+0000] {dag.py:3239} INFO - Sync 2 DAGs
[2024-10-17T19:44:01.879+0000] {logging_mixin.py:190} INFO - [2024-10-17T19:44:01.879+0000] {dag.py:3262} INFO - Creating ORM DAG for read_dataset_event
[2024-10-17T19:44:01.879+0000] {logging_mixin.py:190} INFO - [2024-10-17T19:44:01.879+0000] {dag.py:3262} INFO - Creating ORM DAG for read_dataset_event_from_classic
[2024-10-17T19:44:01.886+0000] {logging_mixin.py:190} INFO - [2024-10-17T19:44:01.886+0000] {dag.py:4180} INFO - Setting next_dagrun for read_dataset_event to 2024-10-16 00:00:00+00:00, run_after=2024-10-17 00:00:00+00:00
[2024-10-17T19:44:01.887+0000] {logging_mixin.py:190} INFO - [2024-10-17T19:44:01.887+0000] {dag.py:4180} INFO - Setting next_dagrun for read_dataset_event_from_classic to 2024-10-16 00:00:00+00:00, run_after=2024-10-17 00:00:00+00:00
[2024-10-17T19:44:01.899+0000] {processor.py:208} INFO - Processing /home/airflow/.local/lib/python3.12/site-packages/airflow/example_dags/example_inlet_event_extra.py took 0.206 seconds
[2024-10-17T19:44:32.746+0000] {processor.py:186} INFO - Started process (PID=155) to work on /home/airflow/.local/lib/python3.12/site-packages/airflow/example_dags/example_inlet_event_extra.py
[2024-10-17T19:44:32.747+0000] {processor.py:914} INFO - Processing file /home/airflow/.local/lib/python3.12/site-packages/airflow/example_dags/example_inlet_event_extra.py for tasks to queue
[2024-10-17T19:44:32.750+0000] {logging_mixin.py:190} INFO - [2024-10-17T19:44:32.749+0000] {dagbag.py:588} INFO - Filling up the DagBag from /home/airflow/.local/lib/python3.12/site-packages/airflow/example_dags/example_inlet_event_extra.py
[2024-10-17T19:44:32.831+0000] {processor.py:925} INFO - DAG(s) 'read_dataset_event_from_classic', 'read_dataset_event' retrieved from /home/airflow/.local/lib/python3.12/site-packages/airflow/example_dags/example_inlet_event_extra.py
[2024-10-17T19:44:32.842+0000] {logging_mixin.py:190} INFO - [2024-10-17T19:44:32.842+0000] {dag.py:3239} INFO - Sync 2 DAGs
[2024-10-17T19:44:32.854+0000] {logging_mixin.py:190} INFO - [2024-10-17T19:44:32.853+0000] {dag.py:4180} INFO - Setting next_dagrun for read_dataset_event to 2024-10-16 00:00:00+00:00, run_after=2024-10-17 00:00:00+00:00
[2024-10-17T19:44:32.856+0000] {logging_mixin.py:190} INFO - [2024-10-17T19:44:32.856+0000] {dag.py:4180} INFO - Setting next_dagrun for read_dataset_event_from_classic to 2024-10-16 00:00:00+00:00, run_after=2024-10-17 00:00:00+00:00
[2024-10-17T19:44:32.863+0000] {processor.py:208} INFO - Processing /home/airflow/.local/lib/python3.12/site-packages/airflow/example_dags/example_inlet_event_extra.py took 0.124 seconds
[2024-10-17T19:45:03.298+0000] {processor.py:186} INFO - Started process (PID=218) to work on /home/airflow/.local/lib/python3.12/site-packages/airflow/example_dags/example_inlet_event_extra.py
[2024-10-17T19:45:03.299+0000] {processor.py:914} INFO - Processing file /home/airflow/.local/lib/python3.12/site-packages/airflow/example_dags/example_inlet_event_extra.py for tasks to queue
[2024-10-17T19:45:03.301+0000] {logging_mixin.py:190} INFO - [2024-10-17T19:45:03.301+0000] {dagbag.py:588} INFO - Filling up the DagBag from /home/airflow/.local/lib/python3.12/site-packages/airflow/example_dags/example_inlet_event_extra.py
[2024-10-17T19:45:03.387+0000] {processor.py:925} INFO - DAG(s) 'read_dataset_event_from_classic', 'read_dataset_event' retrieved from /home/airflow/.local/lib/python3.12/site-packages/airflow/example_dags/example_inlet_event_extra.py
[2024-10-17T19:45:03.411+0000] {logging_mixin.py:190} INFO - [2024-10-17T19:45:03.411+0000] {dag.py:3239} INFO - Sync 2 DAGs
[2024-10-17T19:45:03.427+0000] {logging_mixin.py:190} INFO - [2024-10-17T19:45:03.427+0000] {dag.py:4180} INFO - Setting next_dagrun for read_dataset_event to 2024-10-16 00:00:00+00:00, run_after=2024-10-17 00:00:00+00:00
[2024-10-17T19:45:03.430+0000] {logging_mixin.py:190} INFO - [2024-10-17T19:45:03.430+0000] {dag.py:4180} INFO - Setting next_dagrun for read_dataset_event_from_classic to 2024-10-16 00:00:00+00:00, run_after=2024-10-17 00:00:00+00:00
[2024-10-17T19:45:03.440+0000] {processor.py:208} INFO - Processing /home/airflow/.local/lib/python3.12/site-packages/airflow/example_dags/example_inlet_event_extra.py took 0.147 seconds
[2024-10-17T19:45:33.927+0000] {processor.py:186} INFO - Started process (PID=281) to work on /home/airflow/.local/lib/python3.12/site-packages/airflow/example_dags/example_inlet_event_extra.py
[2024-10-17T19:45:33.928+0000] {processor.py:914} INFO - Processing file /home/airflow/.local/lib/python3.12/site-packages/airflow/example_dags/example_inlet_event_extra.py for tasks to queue
[2024-10-17T19:45:33.931+0000] {logging_mixin.py:190} INFO - [2024-10-17T19:45:33.931+0000] {dagbag.py:588} INFO - Filling up the DagBag from /home/airflow/.local/lib/python3.12/site-packages/airflow/example_dags/example_inlet_event_extra.py
[2024-10-17T19:45:34.010+0000] {processor.py:925} INFO - DAG(s) 'read_dataset_event', 'read_dataset_event_from_classic' retrieved from /home/airflow/.local/lib/python3.12/site-packages/airflow/example_dags/example_inlet_event_extra.py
[2024-10-17T19:45:34.023+0000] {logging_mixin.py:190} INFO - [2024-10-17T19:45:34.023+0000] {dag.py:3239} INFO - Sync 2 DAGs
[2024-10-17T19:45:34.038+0000] {logging_mixin.py:190} INFO - [2024-10-17T19:45:34.038+0000] {dag.py:4180} INFO - Setting next_dagrun for read_dataset_event to 2024-10-16 00:00:00+00:00, run_after=2024-10-17 00:00:00+00:00
[2024-10-17T19:45:34.040+0000] {logging_mixin.py:190} INFO - [2024-10-17T19:45:34.040+0000] {dag.py:4180} INFO - Setting next_dagrun for read_dataset_event_from_classic to 2024-10-16 00:00:00+00:00, run_after=2024-10-17 00:00:00+00:00
[2024-10-17T19:45:34.049+0000] {processor.py:208} INFO - Processing /home/airflow/.local/lib/python3.12/site-packages/airflow/example_dags/example_inlet_event_extra.py took 0.129 seconds
[2024-10-17T19:46:04.399+0000] {processor.py:186} INFO - Started process (PID=344) to work on /home/airflow/.local/lib/python3.12/site-packages/airflow/example_dags/example_inlet_event_extra.py
[2024-10-17T19:46:04.400+0000] {processor.py:914} INFO - Processing file /home/airflow/.local/lib/python3.12/site-packages/airflow/example_dags/example_inlet_event_extra.py for tasks to queue
[2024-10-17T19:46:04.402+0000] {logging_mixin.py:190} INFO - [2024-10-17T19:46:04.402+0000] {dagbag.py:588} INFO - Filling up the DagBag from /home/airflow/.local/lib/python3.12/site-packages/airflow/example_dags/example_inlet_event_extra.py
[2024-10-17T19:46:04.485+0000] {processor.py:925} INFO - DAG(s) 'read_dataset_event_from_classic', 'read_dataset_event' retrieved from /home/airflow/.local/lib/python3.12/site-packages/airflow/example_dags/example_inlet_event_extra.py
[2024-10-17T19:46:04.500+0000] {logging_mixin.py:190} INFO - [2024-10-17T19:46:04.500+0000] {dag.py:3239} INFO - Sync 2 DAGs
[2024-10-17T19:46:04.525+0000] {logging_mixin.py:190} INFO - [2024-10-17T19:46:04.525+0000] {dag.py:4180} INFO - Setting next_dagrun for read_dataset_event to 2024-10-16 00:00:00+00:00, run_after=2024-10-17 00:00:00+00:00
[2024-10-17T19:46:04.528+0000] {logging_mixin.py:190} INFO - [2024-10-17T19:46:04.528+0000] {dag.py:4180} INFO - Setting next_dagrun for read_dataset_event_from_classic to 2024-10-16 00:00:00+00:00, run_after=2024-10-17 00:00:00+00:00
[2024-10-17T19:46:04.537+0000] {processor.py:208} INFO - Processing /home/airflow/.local/lib/python3.12/site-packages/airflow/example_dags/example_inlet_event_extra.py took 0.143 seconds
[2024-10-17T19:46:34.843+0000] {processor.py:186} INFO - Started process (PID=407) to work on /home/airflow/.local/lib/python3.12/site-packages/airflow/example_dags/example_inlet_event_extra.py
[2024-10-17T19:46:34.844+0000] {processor.py:914} INFO - Processing file /home/airflow/.local/lib/python3.12/site-packages/airflow/example_dags/example_inlet_event_extra.py for tasks to queue
[2024-10-17T19:46:34.846+0000] {logging_mixin.py:190} INFO - [2024-10-17T19:46:34.846+0000] {dagbag.py:588} INFO - Filling up the DagBag from /home/airflow/.local/lib/python3.12/site-packages/airflow/example_dags/example_inlet_event_extra.py
[2024-10-17T19:46:34.933+0000] {processor.py:925} INFO - DAG(s) 'read_dataset_event', 'read_dataset_event_from_classic' retrieved from /home/airflow/.local/lib/python3.12/site-packages/airflow/example_dags/example_inlet_event_extra.py
[2024-10-17T19:46:34.947+0000] {logging_mixin.py:190} INFO - [2024-10-17T19:46:34.947+0000] {dag.py:3239} INFO - Sync 2 DAGs
[2024-10-17T19:46:34.962+0000] {logging_mixin.py:190} INFO - [2024-10-17T19:46:34.962+0000] {dag.py:4180} INFO - Setting next_dagrun for read_dataset_event to 2024-10-16 00:00:00+00:00, run_after=2024-10-17 00:00:00+00:00
[2024-10-17T19:46:34.965+0000] {logging_mixin.py:190} INFO - [2024-10-17T19:46:34.965+0000] {dag.py:4180} INFO - Setting next_dagrun for read_dataset_event_from_classic to 2024-10-16 00:00:00+00:00, run_after=2024-10-17 00:00:00+00:00
[2024-10-17T19:46:34.975+0000] {processor.py:208} INFO - Processing /home/airflow/.local/lib/python3.12/site-packages/airflow/example_dags/example_inlet_event_extra.py took 0.138 seconds
[2024-10-17T19:47:05.399+0000] {processor.py:186} INFO - Started process (PID=470) to work on /home/airflow/.local/lib/python3.12/site-packages/airflow/example_dags/example_inlet_event_extra.py
[2024-10-17T19:47:05.400+0000] {processor.py:914} INFO - Processing file /home/airflow/.local/lib/python3.12/site-packages/airflow/example_dags/example_inlet_event_extra.py for tasks to queue
[2024-10-17T19:47:05.403+0000] {logging_mixin.py:190} INFO - [2024-10-17T19:47:05.402+0000] {dagbag.py:588} INFO - Filling up the DagBag from /home/airflow/.local/lib/python3.12/site-packages/airflow/example_dags/example_inlet_event_extra.py
[2024-10-17T19:47:05.481+0000] {processor.py:925} INFO - DAG(s) 'read_dataset_event_from_classic', 'read_dataset_event' retrieved from /home/airflow/.local/lib/python3.12/site-packages/airflow/example_dags/example_inlet_event_extra.py
[2024-10-17T19:47:05.493+0000] {logging_mixin.py:190} INFO - [2024-10-17T19:47:05.493+0000] {dag.py:3239} INFO - Sync 2 DAGs
[2024-10-17T19:47:05.505+0000] {logging_mixin.py:190} INFO - [2024-10-17T19:47:05.504+0000] {dag.py:4180} INFO - Setting next_dagrun for read_dataset_event to 2024-10-16 00:00:00+00:00, run_after=2024-10-17 00:00:00+00:00
[2024-10-17T19:47:05.507+0000] {logging_mixin.py:190} INFO - [2024-10-17T19:47:05.507+0000] {dag.py:4180} INFO - Setting next_dagrun for read_dataset_event_from_classic to 2024-10-16 00:00:00+00:00, run_after=2024-10-17 00:00:00+00:00
[2024-10-17T19:47:05.514+0000] {processor.py:208} INFO - Processing /home/airflow/.local/lib/python3.12/site-packages/airflow/example_dags/example_inlet_event_extra.py took 0.121 seconds
[2024-10-17T19:47:35.940+0000] {processor.py:186} INFO - Started process (PID=533) to work on /home/airflow/.local/lib/python3.12/site-packages/airflow/example_dags/example_inlet_event_extra.py
[2024-10-17T19:47:35.941+0000] {processor.py:914} INFO - Processing file /home/airflow/.local/lib/python3.12/site-packages/airflow/example_dags/example_inlet_event_extra.py for tasks to queue
[2024-10-17T19:47:35.942+0000] {logging_mixin.py:190} INFO - [2024-10-17T19:47:35.942+0000] {dagbag.py:588} INFO - Filling up the DagBag from /home/airflow/.local/lib/python3.12/site-packages/airflow/example_dags/example_inlet_event_extra.py
[2024-10-17T19:47:36.020+0000] {processor.py:925} INFO - DAG(s) 'read_dataset_event', 'read_dataset_event_from_classic' retrieved from /home/airflow/.local/lib/python3.12/site-packages/airflow/example_dags/example_inlet_event_extra.py
[2024-10-17T19:47:36.033+0000] {logging_mixin.py:190} INFO - [2024-10-17T19:47:36.033+0000] {dag.py:3239} INFO - Sync 2 DAGs
[2024-10-17T19:47:36.046+0000] {logging_mixin.py:190} INFO - [2024-10-17T19:47:36.045+0000] {dag.py:4180} INFO - Setting next_dagrun for read_dataset_event to 2024-10-16 00:00:00+00:00, run_after=2024-10-17 00:00:00+00:00
[2024-10-17T19:47:36.048+0000] {logging_mixin.py:190} INFO - [2024-10-17T19:47:36.048+0000] {dag.py:4180} INFO - Setting next_dagrun for read_dataset_event_from_classic to 2024-10-16 00:00:00+00:00, run_after=2024-10-17 00:00:00+00:00
[2024-10-17T19:47:36.056+0000] {processor.py:208} INFO - Processing /home/airflow/.local/lib/python3.12/site-packages/airflow/example_dags/example_inlet_event_extra.py took 0.121 seconds
[2024-10-17T19:48:06.376+0000] {processor.py:186} INFO - Started process (PID=596) to work on /home/airflow/.local/lib/python3.12/site-packages/airflow/example_dags/example_inlet_event_extra.py
[2024-10-17T19:48:06.377+0000] {processor.py:914} INFO - Processing file /home/airflow/.local/lib/python3.12/site-packages/airflow/example_dags/example_inlet_event_extra.py for tasks to queue
[2024-10-17T19:48:06.379+0000] {logging_mixin.py:190} INFO - [2024-10-17T19:48:06.378+0000] {dagbag.py:588} INFO - Filling up the DagBag from /home/airflow/.local/lib/python3.12/site-packages/airflow/example_dags/example_inlet_event_extra.py
[2024-10-17T19:48:06.456+0000] {processor.py:925} INFO - DAG(s) 'read_dataset_event', 'read_dataset_event_from_classic' retrieved from /home/airflow/.local/lib/python3.12/site-packages/airflow/example_dags/example_inlet_event_extra.py
[2024-10-17T19:48:06.469+0000] {logging_mixin.py:190} INFO - [2024-10-17T19:48:06.469+0000] {dag.py:3239} INFO - Sync 2 DAGs
[2024-10-17T19:48:06.481+0000] {logging_mixin.py:190} INFO - [2024-10-17T19:48:06.481+0000] {dag.py:4180} INFO - Setting next_dagrun for read_dataset_event to 2024-10-16 00:00:00+00:00, run_after=2024-10-17 00:00:00+00:00
[2024-10-17T19:48:06.483+0000] {logging_mixin.py:190} INFO - [2024-10-17T19:48:06.483+0000] {dag.py:4180} INFO - Setting next_dagrun for read_dataset_event_from_classic to 2024-10-16 00:00:00+00:00, run_after=2024-10-17 00:00:00+00:00
[2024-10-17T19:48:06.491+0000] {processor.py:208} INFO - Processing /home/airflow/.local/lib/python3.12/site-packages/airflow/example_dags/example_inlet_event_extra.py took 0.121 seconds
