[2024-10-17T17:10:34.147+0000] {processor.py:186} INFO - Started process (PID=65) to work on /home/airflow/.local/lib/python3.12/site-packages/airflow/example_dags/example_trigger_target_dag.py
[2024-10-17T17:10:34.147+0000] {processor.py:914} INFO - Processing file /home/airflow/.local/lib/python3.12/site-packages/airflow/example_dags/example_trigger_target_dag.py for tasks to queue
[2024-10-17T17:10:34.149+0000] {logging_mixin.py:190} INFO - [2024-10-17T17:10:34.149+0000] {dagbag.py:588} INFO - Filling up the DagBag from /home/airflow/.local/lib/python3.12/site-packages/airflow/example_dags/example_trigger_target_dag.py
[2024-10-17T17:10:34.155+0000] {processor.py:925} INFO - DAG(s) 'example_trigger_target_dag' retrieved from /home/airflow/.local/lib/python3.12/site-packages/airflow/example_dags/example_trigger_target_dag.py
[2024-10-17T17:10:34.209+0000] {logging_mixin.py:190} INFO - [2024-10-17T17:10:34.209+0000] {override.py:1900} INFO - Created Permission View: can delete on DAG:example_trigger_target_dag
[2024-10-17T17:10:34.214+0000] {logging_mixin.py:190} INFO - [2024-10-17T17:10:34.214+0000] {override.py:1900} INFO - Created Permission View: can edit on DAG:example_trigger_target_dag
[2024-10-17T17:10:34.218+0000] {logging_mixin.py:190} INFO - [2024-10-17T17:10:34.217+0000] {override.py:1900} INFO - Created Permission View: can read on DAG:example_trigger_target_dag
[2024-10-17T17:10:34.220+0000] {logging_mixin.py:190} INFO - [2024-10-17T17:10:34.220+0000] {override.py:1900} INFO - Created Permission View: can create on DAG Run:example_trigger_target_dag
[2024-10-17T17:10:34.223+0000] {logging_mixin.py:190} INFO - [2024-10-17T17:10:34.223+0000] {override.py:1900} INFO - Created Permission View: can delete on DAG Run:example_trigger_target_dag
[2024-10-17T17:10:34.225+0000] {logging_mixin.py:190} INFO - [2024-10-17T17:10:34.225+0000] {override.py:1900} INFO - Created Permission View: can read on DAG Run:example_trigger_target_dag
[2024-10-17T17:10:34.229+0000] {logging_mixin.py:190} INFO - [2024-10-17T17:10:34.228+0000] {override.py:1900} INFO - Created Permission View: menu access on DAG Run:example_trigger_target_dag
[2024-10-17T17:10:34.229+0000] {logging_mixin.py:190} INFO - [2024-10-17T17:10:34.229+0000] {dag.py:3239} INFO - Sync 1 DAGs
[2024-10-17T17:10:34.235+0000] {logging_mixin.py:190} INFO - [2024-10-17T17:10:34.235+0000] {dag.py:3262} INFO - Creating ORM DAG for example_trigger_target_dag
[2024-10-17T17:10:34.236+0000] {logging_mixin.py:190} INFO - [2024-10-17T17:10:34.235+0000] {dag.py:4180} INFO - Setting next_dagrun for example_trigger_target_dag to None, run_after=None
[2024-10-17T17:10:34.243+0000] {processor.py:208} INFO - Processing /home/airflow/.local/lib/python3.12/site-packages/airflow/example_dags/example_trigger_target_dag.py took 0.100 seconds
[2024-10-17T17:11:05.158+0000] {processor.py:186} INFO - Started process (PID=127) to work on /home/airflow/.local/lib/python3.12/site-packages/airflow/example_dags/example_trigger_target_dag.py
[2024-10-17T17:11:05.159+0000] {processor.py:914} INFO - Processing file /home/airflow/.local/lib/python3.12/site-packages/airflow/example_dags/example_trigger_target_dag.py for tasks to queue
[2024-10-17T17:11:05.160+0000] {logging_mixin.py:190} INFO - [2024-10-17T17:11:05.160+0000] {dagbag.py:588} INFO - Filling up the DagBag from /home/airflow/.local/lib/python3.12/site-packages/airflow/example_dags/example_trigger_target_dag.py
[2024-10-17T17:11:05.165+0000] {processor.py:925} INFO - DAG(s) 'example_trigger_target_dag' retrieved from /home/airflow/.local/lib/python3.12/site-packages/airflow/example_dags/example_trigger_target_dag.py
[2024-10-17T17:11:05.175+0000] {logging_mixin.py:190} INFO - [2024-10-17T17:11:05.175+0000] {dag.py:3239} INFO - Sync 1 DAGs
[2024-10-17T17:11:05.181+0000] {logging_mixin.py:190} INFO - [2024-10-17T17:11:05.181+0000] {dag.py:4180} INFO - Setting next_dagrun for example_trigger_target_dag to None, run_after=None
[2024-10-17T17:11:05.189+0000] {processor.py:208} INFO - Processing /home/airflow/.local/lib/python3.12/site-packages/airflow/example_dags/example_trigger_target_dag.py took 0.034 seconds
[2024-10-17T17:11:35.385+0000] {processor.py:186} INFO - Started process (PID=189) to work on /home/airflow/.local/lib/python3.12/site-packages/airflow/example_dags/example_trigger_target_dag.py
[2024-10-17T17:11:35.386+0000] {processor.py:914} INFO - Processing file /home/airflow/.local/lib/python3.12/site-packages/airflow/example_dags/example_trigger_target_dag.py for tasks to queue
[2024-10-17T17:11:35.387+0000] {logging_mixin.py:190} INFO - [2024-10-17T17:11:35.387+0000] {dagbag.py:588} INFO - Filling up the DagBag from /home/airflow/.local/lib/python3.12/site-packages/airflow/example_dags/example_trigger_target_dag.py
[2024-10-17T17:11:35.392+0000] {processor.py:925} INFO - DAG(s) 'example_trigger_target_dag' retrieved from /home/airflow/.local/lib/python3.12/site-packages/airflow/example_dags/example_trigger_target_dag.py
[2024-10-17T17:11:35.403+0000] {logging_mixin.py:190} INFO - [2024-10-17T17:11:35.403+0000] {dag.py:3239} INFO - Sync 1 DAGs
[2024-10-17T17:11:35.410+0000] {logging_mixin.py:190} INFO - [2024-10-17T17:11:35.409+0000] {dag.py:4180} INFO - Setting next_dagrun for example_trigger_target_dag to None, run_after=None
[2024-10-17T17:11:35.417+0000] {processor.py:208} INFO - Processing /home/airflow/.local/lib/python3.12/site-packages/airflow/example_dags/example_trigger_target_dag.py took 0.035 seconds
[2024-10-17T17:12:05.901+0000] {processor.py:186} INFO - Started process (PID=251) to work on /home/airflow/.local/lib/python3.12/site-packages/airflow/example_dags/example_trigger_target_dag.py
[2024-10-17T17:12:05.902+0000] {processor.py:914} INFO - Processing file /home/airflow/.local/lib/python3.12/site-packages/airflow/example_dags/example_trigger_target_dag.py for tasks to queue
[2024-10-17T17:12:05.903+0000] {logging_mixin.py:190} INFO - [2024-10-17T17:12:05.903+0000] {dagbag.py:588} INFO - Filling up the DagBag from /home/airflow/.local/lib/python3.12/site-packages/airflow/example_dags/example_trigger_target_dag.py
[2024-10-17T17:12:05.908+0000] {processor.py:925} INFO - DAG(s) 'example_trigger_target_dag' retrieved from /home/airflow/.local/lib/python3.12/site-packages/airflow/example_dags/example_trigger_target_dag.py
[2024-10-17T17:12:05.918+0000] {logging_mixin.py:190} INFO - [2024-10-17T17:12:05.918+0000] {dag.py:3239} INFO - Sync 1 DAGs
[2024-10-17T17:12:05.926+0000] {logging_mixin.py:190} INFO - [2024-10-17T17:12:05.926+0000] {dag.py:4180} INFO - Setting next_dagrun for example_trigger_target_dag to None, run_after=None
[2024-10-17T17:12:05.935+0000] {processor.py:208} INFO - Processing /home/airflow/.local/lib/python3.12/site-packages/airflow/example_dags/example_trigger_target_dag.py took 0.037 seconds
[2024-10-17T19:26:35.474+0000] {processor.py:186} INFO - Started process (PID=84) to work on /home/airflow/.local/lib/python3.12/site-packages/airflow/example_dags/example_trigger_target_dag.py
[2024-10-17T19:26:35.475+0000] {processor.py:914} INFO - Processing file /home/airflow/.local/lib/python3.12/site-packages/airflow/example_dags/example_trigger_target_dag.py for tasks to queue
[2024-10-17T19:26:35.476+0000] {logging_mixin.py:190} INFO - [2024-10-17T19:26:35.476+0000] {dagbag.py:588} INFO - Filling up the DagBag from /home/airflow/.local/lib/python3.12/site-packages/airflow/example_dags/example_trigger_target_dag.py
[2024-10-17T19:26:35.482+0000] {processor.py:925} INFO - DAG(s) 'example_trigger_target_dag' retrieved from /home/airflow/.local/lib/python3.12/site-packages/airflow/example_dags/example_trigger_target_dag.py
[2024-10-17T19:26:35.541+0000] {logging_mixin.py:190} INFO - [2024-10-17T19:26:35.540+0000] {override.py:1900} INFO - Created Permission View: can edit on DAG:example_trigger_target_dag
[2024-10-17T19:26:35.546+0000] {logging_mixin.py:190} INFO - [2024-10-17T19:26:35.545+0000] {override.py:1900} INFO - Created Permission View: can delete on DAG:example_trigger_target_dag
[2024-10-17T19:26:35.548+0000] {logging_mixin.py:190} INFO - [2024-10-17T19:26:35.548+0000] {override.py:1900} INFO - Created Permission View: can read on DAG:example_trigger_target_dag
[2024-10-17T19:26:35.551+0000] {logging_mixin.py:190} INFO - [2024-10-17T19:26:35.551+0000] {override.py:1900} INFO - Created Permission View: can delete on DAG Run:example_trigger_target_dag
[2024-10-17T19:26:35.554+0000] {logging_mixin.py:190} INFO - [2024-10-17T19:26:35.554+0000] {override.py:1900} INFO - Created Permission View: can create on DAG Run:example_trigger_target_dag
[2024-10-17T19:26:35.556+0000] {logging_mixin.py:190} INFO - [2024-10-17T19:26:35.556+0000] {override.py:1900} INFO - Created Permission View: can read on DAG Run:example_trigger_target_dag
[2024-10-17T19:26:35.559+0000] {logging_mixin.py:190} INFO - [2024-10-17T19:26:35.559+0000] {override.py:1900} INFO - Created Permission View: menu access on DAG Run:example_trigger_target_dag
[2024-10-17T19:26:35.559+0000] {logging_mixin.py:190} INFO - [2024-10-17T19:26:35.559+0000] {dag.py:3239} INFO - Sync 1 DAGs
[2024-10-17T19:26:35.565+0000] {logging_mixin.py:190} INFO - [2024-10-17T19:26:35.565+0000] {dag.py:3262} INFO - Creating ORM DAG for example_trigger_target_dag
[2024-10-17T19:26:35.566+0000] {logging_mixin.py:190} INFO - [2024-10-17T19:26:35.566+0000] {dag.py:4180} INFO - Setting next_dagrun for example_trigger_target_dag to None, run_after=None
[2024-10-17T19:26:35.574+0000] {processor.py:208} INFO - Processing /home/airflow/.local/lib/python3.12/site-packages/airflow/example_dags/example_trigger_target_dag.py took 0.104 seconds
[2024-10-17T19:27:05.636+0000] {processor.py:186} INFO - Started process (PID=147) to work on /home/airflow/.local/lib/python3.12/site-packages/airflow/example_dags/example_trigger_target_dag.py
[2024-10-17T19:27:05.636+0000] {processor.py:914} INFO - Processing file /home/airflow/.local/lib/python3.12/site-packages/airflow/example_dags/example_trigger_target_dag.py for tasks to queue
[2024-10-17T19:27:05.638+0000] {logging_mixin.py:190} INFO - [2024-10-17T19:27:05.637+0000] {dagbag.py:588} INFO - Filling up the DagBag from /home/airflow/.local/lib/python3.12/site-packages/airflow/example_dags/example_trigger_target_dag.py
[2024-10-17T19:27:05.642+0000] {processor.py:925} INFO - DAG(s) 'example_trigger_target_dag' retrieved from /home/airflow/.local/lib/python3.12/site-packages/airflow/example_dags/example_trigger_target_dag.py
[2024-10-17T19:27:05.653+0000] {logging_mixin.py:190} INFO - [2024-10-17T19:27:05.653+0000] {dag.py:3239} INFO - Sync 1 DAGs
[2024-10-17T19:27:05.660+0000] {logging_mixin.py:190} INFO - [2024-10-17T19:27:05.660+0000] {dag.py:4180} INFO - Setting next_dagrun for example_trigger_target_dag to None, run_after=None
[2024-10-17T19:27:05.669+0000] {processor.py:208} INFO - Processing /home/airflow/.local/lib/python3.12/site-packages/airflow/example_dags/example_trigger_target_dag.py took 0.037 seconds
[2024-10-17T19:27:36.074+0000] {processor.py:186} INFO - Started process (PID=210) to work on /home/airflow/.local/lib/python3.12/site-packages/airflow/example_dags/example_trigger_target_dag.py
[2024-10-17T19:27:36.074+0000] {processor.py:914} INFO - Processing file /home/airflow/.local/lib/python3.12/site-packages/airflow/example_dags/example_trigger_target_dag.py for tasks to queue
[2024-10-17T19:27:36.076+0000] {logging_mixin.py:190} INFO - [2024-10-17T19:27:36.076+0000] {dagbag.py:588} INFO - Filling up the DagBag from /home/airflow/.local/lib/python3.12/site-packages/airflow/example_dags/example_trigger_target_dag.py
[2024-10-17T19:27:36.081+0000] {processor.py:925} INFO - DAG(s) 'example_trigger_target_dag' retrieved from /home/airflow/.local/lib/python3.12/site-packages/airflow/example_dags/example_trigger_target_dag.py
[2024-10-17T19:27:36.091+0000] {logging_mixin.py:190} INFO - [2024-10-17T19:27:36.091+0000] {dag.py:3239} INFO - Sync 1 DAGs
[2024-10-17T19:27:36.098+0000] {logging_mixin.py:190} INFO - [2024-10-17T19:27:36.098+0000] {dag.py:4180} INFO - Setting next_dagrun for example_trigger_target_dag to None, run_after=None
[2024-10-17T19:27:36.107+0000] {processor.py:208} INFO - Processing /home/airflow/.local/lib/python3.12/site-packages/airflow/example_dags/example_trigger_target_dag.py took 0.037 seconds
[2024-10-17T19:28:06.660+0000] {processor.py:186} INFO - Started process (PID=273) to work on /home/airflow/.local/lib/python3.12/site-packages/airflow/example_dags/example_trigger_target_dag.py
[2024-10-17T19:28:06.660+0000] {processor.py:914} INFO - Processing file /home/airflow/.local/lib/python3.12/site-packages/airflow/example_dags/example_trigger_target_dag.py for tasks to queue
[2024-10-17T19:28:06.662+0000] {logging_mixin.py:190} INFO - [2024-10-17T19:28:06.662+0000] {dagbag.py:588} INFO - Filling up the DagBag from /home/airflow/.local/lib/python3.12/site-packages/airflow/example_dags/example_trigger_target_dag.py
[2024-10-17T19:28:06.666+0000] {processor.py:925} INFO - DAG(s) 'example_trigger_target_dag' retrieved from /home/airflow/.local/lib/python3.12/site-packages/airflow/example_dags/example_trigger_target_dag.py
[2024-10-17T19:28:06.677+0000] {logging_mixin.py:190} INFO - [2024-10-17T19:28:06.676+0000] {dag.py:3239} INFO - Sync 1 DAGs
[2024-10-17T19:28:06.684+0000] {logging_mixin.py:190} INFO - [2024-10-17T19:28:06.684+0000] {dag.py:4180} INFO - Setting next_dagrun for example_trigger_target_dag to None, run_after=None
[2024-10-17T19:28:06.693+0000] {processor.py:208} INFO - Processing /home/airflow/.local/lib/python3.12/site-packages/airflow/example_dags/example_trigger_target_dag.py took 0.037 seconds
[2024-10-17T19:28:37.301+0000] {processor.py:186} INFO - Started process (PID=336) to work on /home/airflow/.local/lib/python3.12/site-packages/airflow/example_dags/example_trigger_target_dag.py
[2024-10-17T19:28:37.302+0000] {processor.py:914} INFO - Processing file /home/airflow/.local/lib/python3.12/site-packages/airflow/example_dags/example_trigger_target_dag.py for tasks to queue
[2024-10-17T19:28:37.303+0000] {logging_mixin.py:190} INFO - [2024-10-17T19:28:37.303+0000] {dagbag.py:588} INFO - Filling up the DagBag from /home/airflow/.local/lib/python3.12/site-packages/airflow/example_dags/example_trigger_target_dag.py
[2024-10-17T19:28:37.308+0000] {processor.py:925} INFO - DAG(s) 'example_trigger_target_dag' retrieved from /home/airflow/.local/lib/python3.12/site-packages/airflow/example_dags/example_trigger_target_dag.py
[2024-10-17T19:28:37.319+0000] {logging_mixin.py:190} INFO - [2024-10-17T19:28:37.319+0000] {dag.py:3239} INFO - Sync 1 DAGs
[2024-10-17T19:28:37.328+0000] {logging_mixin.py:190} INFO - [2024-10-17T19:28:37.328+0000] {dag.py:4180} INFO - Setting next_dagrun for example_trigger_target_dag to None, run_after=None
[2024-10-17T19:28:37.342+0000] {processor.py:208} INFO - Processing /home/airflow/.local/lib/python3.12/site-packages/airflow/example_dags/example_trigger_target_dag.py took 0.044 seconds
[2024-10-17T19:29:08.058+0000] {processor.py:186} INFO - Started process (PID=399) to work on /home/airflow/.local/lib/python3.12/site-packages/airflow/example_dags/example_trigger_target_dag.py
[2024-10-17T19:29:08.059+0000] {processor.py:914} INFO - Processing file /home/airflow/.local/lib/python3.12/site-packages/airflow/example_dags/example_trigger_target_dag.py for tasks to queue
[2024-10-17T19:29:08.060+0000] {logging_mixin.py:190} INFO - [2024-10-17T19:29:08.060+0000] {dagbag.py:588} INFO - Filling up the DagBag from /home/airflow/.local/lib/python3.12/site-packages/airflow/example_dags/example_trigger_target_dag.py
[2024-10-17T19:29:08.065+0000] {processor.py:925} INFO - DAG(s) 'example_trigger_target_dag' retrieved from /home/airflow/.local/lib/python3.12/site-packages/airflow/example_dags/example_trigger_target_dag.py
[2024-10-17T19:29:08.076+0000] {logging_mixin.py:190} INFO - [2024-10-17T19:29:08.076+0000] {dag.py:3239} INFO - Sync 1 DAGs
[2024-10-17T19:29:08.083+0000] {logging_mixin.py:190} INFO - [2024-10-17T19:29:08.083+0000] {dag.py:4180} INFO - Setting next_dagrun for example_trigger_target_dag to None, run_after=None
[2024-10-17T19:29:08.092+0000] {processor.py:208} INFO - Processing /home/airflow/.local/lib/python3.12/site-packages/airflow/example_dags/example_trigger_target_dag.py took 0.038 seconds
[2024-10-17T19:29:38.592+0000] {processor.py:186} INFO - Started process (PID=462) to work on /home/airflow/.local/lib/python3.12/site-packages/airflow/example_dags/example_trigger_target_dag.py
[2024-10-17T19:29:38.592+0000] {processor.py:914} INFO - Processing file /home/airflow/.local/lib/python3.12/site-packages/airflow/example_dags/example_trigger_target_dag.py for tasks to queue
[2024-10-17T19:29:38.594+0000] {logging_mixin.py:190} INFO - [2024-10-17T19:29:38.594+0000] {dagbag.py:588} INFO - Filling up the DagBag from /home/airflow/.local/lib/python3.12/site-packages/airflow/example_dags/example_trigger_target_dag.py
[2024-10-17T19:29:38.599+0000] {processor.py:925} INFO - DAG(s) 'example_trigger_target_dag' retrieved from /home/airflow/.local/lib/python3.12/site-packages/airflow/example_dags/example_trigger_target_dag.py
[2024-10-17T19:29:38.609+0000] {logging_mixin.py:190} INFO - [2024-10-17T19:29:38.609+0000] {dag.py:3239} INFO - Sync 1 DAGs
[2024-10-17T19:29:38.617+0000] {logging_mixin.py:190} INFO - [2024-10-17T19:29:38.617+0000] {dag.py:4180} INFO - Setting next_dagrun for example_trigger_target_dag to None, run_after=None
[2024-10-17T19:29:38.626+0000] {processor.py:208} INFO - Processing /home/airflow/.local/lib/python3.12/site-packages/airflow/example_dags/example_trigger_target_dag.py took 0.038 seconds
[2024-10-17T19:30:09.056+0000] {processor.py:186} INFO - Started process (PID=525) to work on /home/airflow/.local/lib/python3.12/site-packages/airflow/example_dags/example_trigger_target_dag.py
[2024-10-17T19:30:09.057+0000] {processor.py:914} INFO - Processing file /home/airflow/.local/lib/python3.12/site-packages/airflow/example_dags/example_trigger_target_dag.py for tasks to queue
[2024-10-17T19:30:09.058+0000] {logging_mixin.py:190} INFO - [2024-10-17T19:30:09.058+0000] {dagbag.py:588} INFO - Filling up the DagBag from /home/airflow/.local/lib/python3.12/site-packages/airflow/example_dags/example_trigger_target_dag.py
[2024-10-17T19:30:09.063+0000] {processor.py:925} INFO - DAG(s) 'example_trigger_target_dag' retrieved from /home/airflow/.local/lib/python3.12/site-packages/airflow/example_dags/example_trigger_target_dag.py
[2024-10-17T19:30:09.074+0000] {logging_mixin.py:190} INFO - [2024-10-17T19:30:09.073+0000] {dag.py:3239} INFO - Sync 1 DAGs
[2024-10-17T19:30:09.081+0000] {logging_mixin.py:190} INFO - [2024-10-17T19:30:09.081+0000] {dag.py:4180} INFO - Setting next_dagrun for example_trigger_target_dag to None, run_after=None
[2024-10-17T19:30:09.090+0000] {processor.py:208} INFO - Processing /home/airflow/.local/lib/python3.12/site-packages/airflow/example_dags/example_trigger_target_dag.py took 0.037 seconds
[2024-10-17T19:30:39.802+0000] {processor.py:186} INFO - Started process (PID=588) to work on /home/airflow/.local/lib/python3.12/site-packages/airflow/example_dags/example_trigger_target_dag.py
[2024-10-17T19:30:39.803+0000] {processor.py:914} INFO - Processing file /home/airflow/.local/lib/python3.12/site-packages/airflow/example_dags/example_trigger_target_dag.py for tasks to queue
[2024-10-17T19:30:39.804+0000] {logging_mixin.py:190} INFO - [2024-10-17T19:30:39.804+0000] {dagbag.py:588} INFO - Filling up the DagBag from /home/airflow/.local/lib/python3.12/site-packages/airflow/example_dags/example_trigger_target_dag.py
[2024-10-17T19:30:39.810+0000] {processor.py:925} INFO - DAG(s) 'example_trigger_target_dag' retrieved from /home/airflow/.local/lib/python3.12/site-packages/airflow/example_dags/example_trigger_target_dag.py
[2024-10-17T19:30:39.821+0000] {logging_mixin.py:190} INFO - [2024-10-17T19:30:39.820+0000] {dag.py:3239} INFO - Sync 1 DAGs
[2024-10-17T19:30:39.828+0000] {logging_mixin.py:190} INFO - [2024-10-17T19:30:39.828+0000] {dag.py:4180} INFO - Setting next_dagrun for example_trigger_target_dag to None, run_after=None
[2024-10-17T19:30:39.837+0000] {processor.py:208} INFO - Processing /home/airflow/.local/lib/python3.12/site-packages/airflow/example_dags/example_trigger_target_dag.py took 0.039 seconds
[2024-10-17T19:31:10.193+0000] {processor.py:186} INFO - Started process (PID=651) to work on /home/airflow/.local/lib/python3.12/site-packages/airflow/example_dags/example_trigger_target_dag.py
[2024-10-17T19:31:10.194+0000] {processor.py:914} INFO - Processing file /home/airflow/.local/lib/python3.12/site-packages/airflow/example_dags/example_trigger_target_dag.py for tasks to queue
[2024-10-17T19:31:10.195+0000] {logging_mixin.py:190} INFO - [2024-10-17T19:31:10.195+0000] {dagbag.py:588} INFO - Filling up the DagBag from /home/airflow/.local/lib/python3.12/site-packages/airflow/example_dags/example_trigger_target_dag.py
[2024-10-17T19:31:10.201+0000] {processor.py:925} INFO - DAG(s) 'example_trigger_target_dag' retrieved from /home/airflow/.local/lib/python3.12/site-packages/airflow/example_dags/example_trigger_target_dag.py
[2024-10-17T19:31:10.211+0000] {logging_mixin.py:190} INFO - [2024-10-17T19:31:10.211+0000] {dag.py:3239} INFO - Sync 1 DAGs
[2024-10-17T19:31:10.219+0000] {logging_mixin.py:190} INFO - [2024-10-17T19:31:10.219+0000] {dag.py:4180} INFO - Setting next_dagrun for example_trigger_target_dag to None, run_after=None
[2024-10-17T19:31:10.228+0000] {processor.py:208} INFO - Processing /home/airflow/.local/lib/python3.12/site-packages/airflow/example_dags/example_trigger_target_dag.py took 0.038 seconds
[2024-10-17T19:31:40.826+0000] {processor.py:186} INFO - Started process (PID=714) to work on /home/airflow/.local/lib/python3.12/site-packages/airflow/example_dags/example_trigger_target_dag.py
[2024-10-17T19:31:40.827+0000] {processor.py:914} INFO - Processing file /home/airflow/.local/lib/python3.12/site-packages/airflow/example_dags/example_trigger_target_dag.py for tasks to queue
[2024-10-17T19:31:40.829+0000] {logging_mixin.py:190} INFO - [2024-10-17T19:31:40.829+0000] {dagbag.py:588} INFO - Filling up the DagBag from /home/airflow/.local/lib/python3.12/site-packages/airflow/example_dags/example_trigger_target_dag.py
[2024-10-17T19:31:40.833+0000] {processor.py:925} INFO - DAG(s) 'example_trigger_target_dag' retrieved from /home/airflow/.local/lib/python3.12/site-packages/airflow/example_dags/example_trigger_target_dag.py
[2024-10-17T19:31:40.844+0000] {logging_mixin.py:190} INFO - [2024-10-17T19:31:40.844+0000] {dag.py:3239} INFO - Sync 1 DAGs
[2024-10-17T19:31:40.851+0000] {logging_mixin.py:190} INFO - [2024-10-17T19:31:40.851+0000] {dag.py:4180} INFO - Setting next_dagrun for example_trigger_target_dag to None, run_after=None
[2024-10-17T19:31:40.861+0000] {processor.py:208} INFO - Processing /home/airflow/.local/lib/python3.12/site-packages/airflow/example_dags/example_trigger_target_dag.py took 0.038 seconds
[2024-10-17T19:33:32.761+0000] {processor.py:186} INFO - Started process (PID=84) to work on /home/airflow/.local/lib/python3.12/site-packages/airflow/example_dags/example_trigger_target_dag.py
[2024-10-17T19:33:32.761+0000] {processor.py:914} INFO - Processing file /home/airflow/.local/lib/python3.12/site-packages/airflow/example_dags/example_trigger_target_dag.py for tasks to queue
[2024-10-17T19:33:32.763+0000] {logging_mixin.py:190} INFO - [2024-10-17T19:33:32.763+0000] {dagbag.py:588} INFO - Filling up the DagBag from /home/airflow/.local/lib/python3.12/site-packages/airflow/example_dags/example_trigger_target_dag.py
[2024-10-17T19:33:32.768+0000] {processor.py:925} INFO - DAG(s) 'example_trigger_target_dag' retrieved from /home/airflow/.local/lib/python3.12/site-packages/airflow/example_dags/example_trigger_target_dag.py
[2024-10-17T19:33:32.821+0000] {logging_mixin.py:190} INFO - [2024-10-17T19:33:32.820+0000] {override.py:1900} INFO - Created Permission View: can edit on DAG:example_trigger_target_dag
[2024-10-17T19:33:32.826+0000] {logging_mixin.py:190} INFO - [2024-10-17T19:33:32.826+0000] {override.py:1900} INFO - Created Permission View: can delete on DAG:example_trigger_target_dag
[2024-10-17T19:33:32.829+0000] {logging_mixin.py:190} INFO - [2024-10-17T19:33:32.829+0000] {override.py:1900} INFO - Created Permission View: can read on DAG:example_trigger_target_dag
[2024-10-17T19:33:32.833+0000] {logging_mixin.py:190} INFO - [2024-10-17T19:33:32.833+0000] {override.py:1900} INFO - Created Permission View: menu access on DAG Run:example_trigger_target_dag
[2024-10-17T19:33:32.836+0000] {logging_mixin.py:190} INFO - [2024-10-17T19:33:32.836+0000] {override.py:1900} INFO - Created Permission View: can create on DAG Run:example_trigger_target_dag
[2024-10-17T19:33:32.839+0000] {logging_mixin.py:190} INFO - [2024-10-17T19:33:32.839+0000] {override.py:1900} INFO - Created Permission View: can delete on DAG Run:example_trigger_target_dag
[2024-10-17T19:33:32.842+0000] {logging_mixin.py:190} INFO - [2024-10-17T19:33:32.842+0000] {override.py:1900} INFO - Created Permission View: can read on DAG Run:example_trigger_target_dag
[2024-10-17T19:33:32.842+0000] {logging_mixin.py:190} INFO - [2024-10-17T19:33:32.842+0000] {dag.py:3239} INFO - Sync 1 DAGs
[2024-10-17T19:33:32.849+0000] {logging_mixin.py:190} INFO - [2024-10-17T19:33:32.849+0000] {dag.py:3262} INFO - Creating ORM DAG for example_trigger_target_dag
[2024-10-17T19:33:32.850+0000] {logging_mixin.py:190} INFO - [2024-10-17T19:33:32.850+0000] {dag.py:4180} INFO - Setting next_dagrun for example_trigger_target_dag to None, run_after=None
[2024-10-17T19:33:32.861+0000] {processor.py:208} INFO - Processing /home/airflow/.local/lib/python3.12/site-packages/airflow/example_dags/example_trigger_target_dag.py took 0.104 seconds
[2024-10-17T19:34:03.814+0000] {processor.py:186} INFO - Started process (PID=147) to work on /home/airflow/.local/lib/python3.12/site-packages/airflow/example_dags/example_trigger_target_dag.py
[2024-10-17T19:34:03.814+0000] {processor.py:914} INFO - Processing file /home/airflow/.local/lib/python3.12/site-packages/airflow/example_dags/example_trigger_target_dag.py for tasks to queue
[2024-10-17T19:34:03.815+0000] {logging_mixin.py:190} INFO - [2024-10-17T19:34:03.815+0000] {dagbag.py:588} INFO - Filling up the DagBag from /home/airflow/.local/lib/python3.12/site-packages/airflow/example_dags/example_trigger_target_dag.py
[2024-10-17T19:34:03.820+0000] {processor.py:925} INFO - DAG(s) 'example_trigger_target_dag' retrieved from /home/airflow/.local/lib/python3.12/site-packages/airflow/example_dags/example_trigger_target_dag.py
[2024-10-17T19:34:03.830+0000] {logging_mixin.py:190} INFO - [2024-10-17T19:34:03.830+0000] {dag.py:3239} INFO - Sync 1 DAGs
[2024-10-17T19:34:03.838+0000] {logging_mixin.py:190} INFO - [2024-10-17T19:34:03.838+0000] {dag.py:4180} INFO - Setting next_dagrun for example_trigger_target_dag to None, run_after=None
[2024-10-17T19:34:03.847+0000] {processor.py:208} INFO - Processing /home/airflow/.local/lib/python3.12/site-packages/airflow/example_dags/example_trigger_target_dag.py took 0.036 seconds
[2024-10-17T19:34:34.063+0000] {processor.py:186} INFO - Started process (PID=210) to work on /home/airflow/.local/lib/python3.12/site-packages/airflow/example_dags/example_trigger_target_dag.py
[2024-10-17T19:34:34.064+0000] {processor.py:914} INFO - Processing file /home/airflow/.local/lib/python3.12/site-packages/airflow/example_dags/example_trigger_target_dag.py for tasks to queue
[2024-10-17T19:34:34.065+0000] {logging_mixin.py:190} INFO - [2024-10-17T19:34:34.065+0000] {dagbag.py:588} INFO - Filling up the DagBag from /home/airflow/.local/lib/python3.12/site-packages/airflow/example_dags/example_trigger_target_dag.py
[2024-10-17T19:34:34.070+0000] {processor.py:925} INFO - DAG(s) 'example_trigger_target_dag' retrieved from /home/airflow/.local/lib/python3.12/site-packages/airflow/example_dags/example_trigger_target_dag.py
[2024-10-17T19:34:34.081+0000] {logging_mixin.py:190} INFO - [2024-10-17T19:34:34.081+0000] {dag.py:3239} INFO - Sync 1 DAGs
[2024-10-17T19:34:34.088+0000] {logging_mixin.py:190} INFO - [2024-10-17T19:34:34.088+0000] {dag.py:4180} INFO - Setting next_dagrun for example_trigger_target_dag to None, run_after=None
[2024-10-17T19:34:34.097+0000] {processor.py:208} INFO - Processing /home/airflow/.local/lib/python3.12/site-packages/airflow/example_dags/example_trigger_target_dag.py took 0.037 seconds
[2024-10-17T19:35:04.477+0000] {processor.py:186} INFO - Started process (PID=273) to work on /home/airflow/.local/lib/python3.12/site-packages/airflow/example_dags/example_trigger_target_dag.py
[2024-10-17T19:35:04.477+0000] {processor.py:914} INFO - Processing file /home/airflow/.local/lib/python3.12/site-packages/airflow/example_dags/example_trigger_target_dag.py for tasks to queue
[2024-10-17T19:35:04.479+0000] {logging_mixin.py:190} INFO - [2024-10-17T19:35:04.479+0000] {dagbag.py:588} INFO - Filling up the DagBag from /home/airflow/.local/lib/python3.12/site-packages/airflow/example_dags/example_trigger_target_dag.py
[2024-10-17T19:35:04.489+0000] {processor.py:925} INFO - DAG(s) 'example_trigger_target_dag' retrieved from /home/airflow/.local/lib/python3.12/site-packages/airflow/example_dags/example_trigger_target_dag.py
[2024-10-17T19:35:04.507+0000] {logging_mixin.py:190} INFO - [2024-10-17T19:35:04.507+0000] {dag.py:3239} INFO - Sync 1 DAGs
[2024-10-17T19:35:04.518+0000] {logging_mixin.py:190} INFO - [2024-10-17T19:35:04.518+0000] {dag.py:4180} INFO - Setting next_dagrun for example_trigger_target_dag to None, run_after=None
[2024-10-17T19:35:04.529+0000] {processor.py:208} INFO - Processing /home/airflow/.local/lib/python3.12/site-packages/airflow/example_dags/example_trigger_target_dag.py took 0.057 seconds
[2024-10-17T19:35:35.144+0000] {processor.py:186} INFO - Started process (PID=336) to work on /home/airflow/.local/lib/python3.12/site-packages/airflow/example_dags/example_trigger_target_dag.py
[2024-10-17T19:35:35.145+0000] {processor.py:914} INFO - Processing file /home/airflow/.local/lib/python3.12/site-packages/airflow/example_dags/example_trigger_target_dag.py for tasks to queue
[2024-10-17T19:35:35.147+0000] {logging_mixin.py:190} INFO - [2024-10-17T19:35:35.147+0000] {dagbag.py:588} INFO - Filling up the DagBag from /home/airflow/.local/lib/python3.12/site-packages/airflow/example_dags/example_trigger_target_dag.py
[2024-10-17T19:35:35.154+0000] {processor.py:925} INFO - DAG(s) 'example_trigger_target_dag' retrieved from /home/airflow/.local/lib/python3.12/site-packages/airflow/example_dags/example_trigger_target_dag.py
[2024-10-17T19:35:35.169+0000] {logging_mixin.py:190} INFO - [2024-10-17T19:35:35.169+0000] {dag.py:3239} INFO - Sync 1 DAGs
[2024-10-17T19:35:35.177+0000] {logging_mixin.py:190} INFO - [2024-10-17T19:35:35.177+0000] {dag.py:4180} INFO - Setting next_dagrun for example_trigger_target_dag to None, run_after=None
[2024-10-17T19:35:35.187+0000] {processor.py:208} INFO - Processing /home/airflow/.local/lib/python3.12/site-packages/airflow/example_dags/example_trigger_target_dag.py took 0.050 seconds
[2024-10-17T19:36:05.860+0000] {processor.py:186} INFO - Started process (PID=399) to work on /home/airflow/.local/lib/python3.12/site-packages/airflow/example_dags/example_trigger_target_dag.py
[2024-10-17T19:36:05.861+0000] {processor.py:914} INFO - Processing file /home/airflow/.local/lib/python3.12/site-packages/airflow/example_dags/example_trigger_target_dag.py for tasks to queue
[2024-10-17T19:36:05.864+0000] {logging_mixin.py:190} INFO - [2024-10-17T19:36:05.864+0000] {dagbag.py:588} INFO - Filling up the DagBag from /home/airflow/.local/lib/python3.12/site-packages/airflow/example_dags/example_trigger_target_dag.py
[2024-10-17T19:36:05.873+0000] {processor.py:925} INFO - DAG(s) 'example_trigger_target_dag' retrieved from /home/airflow/.local/lib/python3.12/site-packages/airflow/example_dags/example_trigger_target_dag.py
[2024-10-17T19:36:05.888+0000] {logging_mixin.py:190} INFO - [2024-10-17T19:36:05.888+0000] {dag.py:3239} INFO - Sync 1 DAGs
[2024-10-17T19:36:05.896+0000] {logging_mixin.py:190} INFO - [2024-10-17T19:36:05.896+0000] {dag.py:4180} INFO - Setting next_dagrun for example_trigger_target_dag to None, run_after=None
[2024-10-17T19:36:05.907+0000] {processor.py:208} INFO - Processing /home/airflow/.local/lib/python3.12/site-packages/airflow/example_dags/example_trigger_target_dag.py took 0.052 seconds
[2024-10-17T19:36:36.474+0000] {processor.py:186} INFO - Started process (PID=462) to work on /home/airflow/.local/lib/python3.12/site-packages/airflow/example_dags/example_trigger_target_dag.py
[2024-10-17T19:36:36.475+0000] {processor.py:914} INFO - Processing file /home/airflow/.local/lib/python3.12/site-packages/airflow/example_dags/example_trigger_target_dag.py for tasks to queue
[2024-10-17T19:36:36.477+0000] {logging_mixin.py:190} INFO - [2024-10-17T19:36:36.477+0000] {dagbag.py:588} INFO - Filling up the DagBag from /home/airflow/.local/lib/python3.12/site-packages/airflow/example_dags/example_trigger_target_dag.py
[2024-10-17T19:36:36.484+0000] {processor.py:925} INFO - DAG(s) 'example_trigger_target_dag' retrieved from /home/airflow/.local/lib/python3.12/site-packages/airflow/example_dags/example_trigger_target_dag.py
[2024-10-17T19:36:36.498+0000] {logging_mixin.py:190} INFO - [2024-10-17T19:36:36.498+0000] {dag.py:3239} INFO - Sync 1 DAGs
[2024-10-17T19:36:36.506+0000] {logging_mixin.py:190} INFO - [2024-10-17T19:36:36.506+0000] {dag.py:4180} INFO - Setting next_dagrun for example_trigger_target_dag to None, run_after=None
[2024-10-17T19:36:36.516+0000] {processor.py:208} INFO - Processing /home/airflow/.local/lib/python3.12/site-packages/airflow/example_dags/example_trigger_target_dag.py took 0.047 seconds
[2024-10-17T19:37:06.999+0000] {processor.py:186} INFO - Started process (PID=526) to work on /home/airflow/.local/lib/python3.12/site-packages/airflow/example_dags/example_trigger_target_dag.py
[2024-10-17T19:37:07.000+0000] {processor.py:914} INFO - Processing file /home/airflow/.local/lib/python3.12/site-packages/airflow/example_dags/example_trigger_target_dag.py for tasks to queue
[2024-10-17T19:37:07.003+0000] {logging_mixin.py:190} INFO - [2024-10-17T19:37:07.002+0000] {dagbag.py:588} INFO - Filling up the DagBag from /home/airflow/.local/lib/python3.12/site-packages/airflow/example_dags/example_trigger_target_dag.py
[2024-10-17T19:37:07.010+0000] {processor.py:925} INFO - DAG(s) 'example_trigger_target_dag' retrieved from /home/airflow/.local/lib/python3.12/site-packages/airflow/example_dags/example_trigger_target_dag.py
[2024-10-17T19:37:07.026+0000] {logging_mixin.py:190} INFO - [2024-10-17T19:37:07.026+0000] {dag.py:3239} INFO - Sync 1 DAGs
[2024-10-17T19:37:07.036+0000] {logging_mixin.py:190} INFO - [2024-10-17T19:37:07.036+0000] {dag.py:4180} INFO - Setting next_dagrun for example_trigger_target_dag to None, run_after=None
[2024-10-17T19:37:07.046+0000] {processor.py:208} INFO - Processing /home/airflow/.local/lib/python3.12/site-packages/airflow/example_dags/example_trigger_target_dag.py took 0.053 seconds
[2024-10-17T19:39:18.961+0000] {processor.py:186} INFO - Started process (PID=84) to work on /home/airflow/.local/lib/python3.12/site-packages/airflow/example_dags/example_trigger_target_dag.py
[2024-10-17T19:39:18.962+0000] {processor.py:914} INFO - Processing file /home/airflow/.local/lib/python3.12/site-packages/airflow/example_dags/example_trigger_target_dag.py for tasks to queue
[2024-10-17T19:39:18.964+0000] {logging_mixin.py:190} INFO - [2024-10-17T19:39:18.964+0000] {dagbag.py:588} INFO - Filling up the DagBag from /home/airflow/.local/lib/python3.12/site-packages/airflow/example_dags/example_trigger_target_dag.py
[2024-10-17T19:39:18.969+0000] {processor.py:925} INFO - DAG(s) 'example_trigger_target_dag' retrieved from /home/airflow/.local/lib/python3.12/site-packages/airflow/example_dags/example_trigger_target_dag.py
[2024-10-17T19:39:19.044+0000] {logging_mixin.py:190} INFO - [2024-10-17T19:39:19.043+0000] {override.py:1900} INFO - Created Permission View: can read on DAG:example_trigger_target_dag
[2024-10-17T19:39:19.058+0000] {logging_mixin.py:190} INFO - [2024-10-17T19:39:19.058+0000] {override.py:1900} INFO - Created Permission View: can delete on DAG:example_trigger_target_dag
[2024-10-17T19:39:19.083+0000] {logging_mixin.py:190} INFO - [2024-10-17T19:39:19.082+0000] {override.py:1900} INFO - Created Permission View: can edit on DAG:example_trigger_target_dag
[2024-10-17T19:39:19.092+0000] {logging_mixin.py:190} INFO - [2024-10-17T19:39:19.092+0000] {override.py:1900} INFO - Created Permission View: can read on DAG Run:example_trigger_target_dag
[2024-10-17T19:39:19.095+0000] {logging_mixin.py:190} INFO - [2024-10-17T19:39:19.095+0000] {override.py:1900} INFO - Created Permission View: can create on DAG Run:example_trigger_target_dag
[2024-10-17T19:39:19.097+0000] {logging_mixin.py:190} INFO - [2024-10-17T19:39:19.097+0000] {override.py:1900} INFO - Created Permission View: can delete on DAG Run:example_trigger_target_dag
[2024-10-17T19:39:19.100+0000] {logging_mixin.py:190} INFO - [2024-10-17T19:39:19.100+0000] {override.py:1900} INFO - Created Permission View: menu access on DAG Run:example_trigger_target_dag
[2024-10-17T19:39:19.100+0000] {logging_mixin.py:190} INFO - [2024-10-17T19:39:19.100+0000] {dag.py:3239} INFO - Sync 1 DAGs
[2024-10-17T19:39:19.106+0000] {logging_mixin.py:190} INFO - [2024-10-17T19:39:19.106+0000] {dag.py:3262} INFO - Creating ORM DAG for example_trigger_target_dag
[2024-10-17T19:39:19.107+0000] {logging_mixin.py:190} INFO - [2024-10-17T19:39:19.107+0000] {dag.py:4180} INFO - Setting next_dagrun for example_trigger_target_dag to None, run_after=None
[2024-10-17T19:39:19.115+0000] {processor.py:208} INFO - Processing /home/airflow/.local/lib/python3.12/site-packages/airflow/example_dags/example_trigger_target_dag.py took 0.158 seconds
[2024-10-17T19:39:50.125+0000] {processor.py:186} INFO - Started process (PID=147) to work on /home/airflow/.local/lib/python3.12/site-packages/airflow/example_dags/example_trigger_target_dag.py
[2024-10-17T19:39:50.128+0000] {processor.py:914} INFO - Processing file /home/airflow/.local/lib/python3.12/site-packages/airflow/example_dags/example_trigger_target_dag.py for tasks to queue
[2024-10-17T19:39:50.130+0000] {logging_mixin.py:190} INFO - [2024-10-17T19:39:50.130+0000] {dagbag.py:588} INFO - Filling up the DagBag from /home/airflow/.local/lib/python3.12/site-packages/airflow/example_dags/example_trigger_target_dag.py
[2024-10-17T19:39:50.135+0000] {processor.py:925} INFO - DAG(s) 'example_trigger_target_dag' retrieved from /home/airflow/.local/lib/python3.12/site-packages/airflow/example_dags/example_trigger_target_dag.py
[2024-10-17T19:39:50.150+0000] {logging_mixin.py:190} INFO - [2024-10-17T19:39:50.149+0000] {dag.py:3239} INFO - Sync 1 DAGs
[2024-10-17T19:39:50.158+0000] {logging_mixin.py:190} INFO - [2024-10-17T19:39:50.158+0000] {dag.py:4180} INFO - Setting next_dagrun for example_trigger_target_dag to None, run_after=None
[2024-10-17T19:39:50.171+0000] {processor.py:208} INFO - Processing /home/airflow/.local/lib/python3.12/site-packages/airflow/example_dags/example_trigger_target_dag.py took 0.054 seconds
[2024-10-17T19:40:20.472+0000] {processor.py:186} INFO - Started process (PID=210) to work on /home/airflow/.local/lib/python3.12/site-packages/airflow/example_dags/example_trigger_target_dag.py
[2024-10-17T19:40:20.474+0000] {processor.py:914} INFO - Processing file /home/airflow/.local/lib/python3.12/site-packages/airflow/example_dags/example_trigger_target_dag.py for tasks to queue
[2024-10-17T19:40:20.476+0000] {logging_mixin.py:190} INFO - [2024-10-17T19:40:20.476+0000] {dagbag.py:588} INFO - Filling up the DagBag from /home/airflow/.local/lib/python3.12/site-packages/airflow/example_dags/example_trigger_target_dag.py
[2024-10-17T19:40:20.485+0000] {processor.py:925} INFO - DAG(s) 'example_trigger_target_dag' retrieved from /home/airflow/.local/lib/python3.12/site-packages/airflow/example_dags/example_trigger_target_dag.py
[2024-10-17T19:40:20.500+0000] {logging_mixin.py:190} INFO - [2024-10-17T19:40:20.500+0000] {dag.py:3239} INFO - Sync 1 DAGs
[2024-10-17T19:40:20.509+0000] {logging_mixin.py:190} INFO - [2024-10-17T19:40:20.509+0000] {dag.py:4180} INFO - Setting next_dagrun for example_trigger_target_dag to None, run_after=None
[2024-10-17T19:40:20.519+0000] {processor.py:208} INFO - Processing /home/airflow/.local/lib/python3.12/site-packages/airflow/example_dags/example_trigger_target_dag.py took 0.055 seconds
[2024-10-17T19:40:50.874+0000] {processor.py:186} INFO - Started process (PID=273) to work on /home/airflow/.local/lib/python3.12/site-packages/airflow/example_dags/example_trigger_target_dag.py
[2024-10-17T19:40:50.876+0000] {processor.py:914} INFO - Processing file /home/airflow/.local/lib/python3.12/site-packages/airflow/example_dags/example_trigger_target_dag.py for tasks to queue
[2024-10-17T19:40:50.878+0000] {logging_mixin.py:190} INFO - [2024-10-17T19:40:50.878+0000] {dagbag.py:588} INFO - Filling up the DagBag from /home/airflow/.local/lib/python3.12/site-packages/airflow/example_dags/example_trigger_target_dag.py
[2024-10-17T19:40:50.885+0000] {processor.py:925} INFO - DAG(s) 'example_trigger_target_dag' retrieved from /home/airflow/.local/lib/python3.12/site-packages/airflow/example_dags/example_trigger_target_dag.py
[2024-10-17T19:40:50.900+0000] {logging_mixin.py:190} INFO - [2024-10-17T19:40:50.900+0000] {dag.py:3239} INFO - Sync 1 DAGs
[2024-10-17T19:40:50.910+0000] {logging_mixin.py:190} INFO - [2024-10-17T19:40:50.909+0000] {dag.py:4180} INFO - Setting next_dagrun for example_trigger_target_dag to None, run_after=None
[2024-10-17T19:40:50.919+0000] {processor.py:208} INFO - Processing /home/airflow/.local/lib/python3.12/site-packages/airflow/example_dags/example_trigger_target_dag.py took 0.053 seconds
[2024-10-17T19:41:21.529+0000] {processor.py:186} INFO - Started process (PID=336) to work on /home/airflow/.local/lib/python3.12/site-packages/airflow/example_dags/example_trigger_target_dag.py
[2024-10-17T19:41:21.530+0000] {processor.py:914} INFO - Processing file /home/airflow/.local/lib/python3.12/site-packages/airflow/example_dags/example_trigger_target_dag.py for tasks to queue
[2024-10-17T19:41:21.532+0000] {logging_mixin.py:190} INFO - [2024-10-17T19:41:21.531+0000] {dagbag.py:588} INFO - Filling up the DagBag from /home/airflow/.local/lib/python3.12/site-packages/airflow/example_dags/example_trigger_target_dag.py
[2024-10-17T19:41:21.537+0000] {processor.py:925} INFO - DAG(s) 'example_trigger_target_dag' retrieved from /home/airflow/.local/lib/python3.12/site-packages/airflow/example_dags/example_trigger_target_dag.py
[2024-10-17T19:41:21.551+0000] {logging_mixin.py:190} INFO - [2024-10-17T19:41:21.551+0000] {dag.py:3239} INFO - Sync 1 DAGs
[2024-10-17T19:41:21.561+0000] {logging_mixin.py:190} INFO - [2024-10-17T19:41:21.560+0000] {dag.py:4180} INFO - Setting next_dagrun for example_trigger_target_dag to None, run_after=None
[2024-10-17T19:41:21.572+0000] {processor.py:208} INFO - Processing /home/airflow/.local/lib/python3.12/site-packages/airflow/example_dags/example_trigger_target_dag.py took 0.048 seconds
[2024-10-17T19:41:52.225+0000] {processor.py:186} INFO - Started process (PID=399) to work on /home/airflow/.local/lib/python3.12/site-packages/airflow/example_dags/example_trigger_target_dag.py
[2024-10-17T19:41:52.227+0000] {processor.py:914} INFO - Processing file /home/airflow/.local/lib/python3.12/site-packages/airflow/example_dags/example_trigger_target_dag.py for tasks to queue
[2024-10-17T19:41:52.228+0000] {logging_mixin.py:190} INFO - [2024-10-17T19:41:52.228+0000] {dagbag.py:588} INFO - Filling up the DagBag from /home/airflow/.local/lib/python3.12/site-packages/airflow/example_dags/example_trigger_target_dag.py
[2024-10-17T19:41:52.233+0000] {processor.py:925} INFO - DAG(s) 'example_trigger_target_dag' retrieved from /home/airflow/.local/lib/python3.12/site-packages/airflow/example_dags/example_trigger_target_dag.py
[2024-10-17T19:41:52.244+0000] {logging_mixin.py:190} INFO - [2024-10-17T19:41:52.243+0000] {dag.py:3239} INFO - Sync 1 DAGs
[2024-10-17T19:41:52.251+0000] {logging_mixin.py:190} INFO - [2024-10-17T19:41:52.250+0000] {dag.py:4180} INFO - Setting next_dagrun for example_trigger_target_dag to None, run_after=None
[2024-10-17T19:41:52.260+0000] {processor.py:208} INFO - Processing /home/airflow/.local/lib/python3.12/site-packages/airflow/example_dags/example_trigger_target_dag.py took 0.039 seconds
[2024-10-17T19:42:22.751+0000] {processor.py:186} INFO - Started process (PID=462) to work on /home/airflow/.local/lib/python3.12/site-packages/airflow/example_dags/example_trigger_target_dag.py
[2024-10-17T19:42:22.753+0000] {processor.py:914} INFO - Processing file /home/airflow/.local/lib/python3.12/site-packages/airflow/example_dags/example_trigger_target_dag.py for tasks to queue
[2024-10-17T19:42:22.755+0000] {logging_mixin.py:190} INFO - [2024-10-17T19:42:22.754+0000] {dagbag.py:588} INFO - Filling up the DagBag from /home/airflow/.local/lib/python3.12/site-packages/airflow/example_dags/example_trigger_target_dag.py
[2024-10-17T19:42:22.760+0000] {processor.py:925} INFO - DAG(s) 'example_trigger_target_dag' retrieved from /home/airflow/.local/lib/python3.12/site-packages/airflow/example_dags/example_trigger_target_dag.py
[2024-10-17T19:42:22.774+0000] {logging_mixin.py:190} INFO - [2024-10-17T19:42:22.774+0000] {dag.py:3239} INFO - Sync 1 DAGs
[2024-10-17T19:42:22.781+0000] {logging_mixin.py:190} INFO - [2024-10-17T19:42:22.781+0000] {dag.py:4180} INFO - Setting next_dagrun for example_trigger_target_dag to None, run_after=None
[2024-10-17T19:42:22.791+0000] {processor.py:208} INFO - Processing /home/airflow/.local/lib/python3.12/site-packages/airflow/example_dags/example_trigger_target_dag.py took 0.044 seconds
[2024-10-17T19:44:01.232+0000] {processor.py:186} INFO - Started process (PID=84) to work on /home/airflow/.local/lib/python3.12/site-packages/airflow/example_dags/example_trigger_target_dag.py
[2024-10-17T19:44:01.233+0000] {processor.py:914} INFO - Processing file /home/airflow/.local/lib/python3.12/site-packages/airflow/example_dags/example_trigger_target_dag.py for tasks to queue
[2024-10-17T19:44:01.234+0000] {logging_mixin.py:190} INFO - [2024-10-17T19:44:01.234+0000] {dagbag.py:588} INFO - Filling up the DagBag from /home/airflow/.local/lib/python3.12/site-packages/airflow/example_dags/example_trigger_target_dag.py
[2024-10-17T19:44:01.240+0000] {processor.py:925} INFO - DAG(s) 'example_trigger_target_dag' retrieved from /home/airflow/.local/lib/python3.12/site-packages/airflow/example_dags/example_trigger_target_dag.py
[2024-10-17T19:44:01.292+0000] {logging_mixin.py:190} INFO - [2024-10-17T19:44:01.292+0000] {override.py:1900} INFO - Created Permission View: can delete on DAG:example_trigger_target_dag
[2024-10-17T19:44:01.296+0000] {logging_mixin.py:190} INFO - [2024-10-17T19:44:01.296+0000] {override.py:1900} INFO - Created Permission View: can edit on DAG:example_trigger_target_dag
[2024-10-17T19:44:01.298+0000] {logging_mixin.py:190} INFO - [2024-10-17T19:44:01.298+0000] {override.py:1900} INFO - Created Permission View: can read on DAG:example_trigger_target_dag
[2024-10-17T19:44:01.301+0000] {logging_mixin.py:190} INFO - [2024-10-17T19:44:01.301+0000] {override.py:1900} INFO - Created Permission View: can delete on DAG Run:example_trigger_target_dag
[2024-10-17T19:44:01.303+0000] {logging_mixin.py:190} INFO - [2024-10-17T19:44:01.303+0000] {override.py:1900} INFO - Created Permission View: can create on DAG Run:example_trigger_target_dag
[2024-10-17T19:44:01.306+0000] {logging_mixin.py:190} INFO - [2024-10-17T19:44:01.305+0000] {override.py:1900} INFO - Created Permission View: menu access on DAG Run:example_trigger_target_dag
[2024-10-17T19:44:01.308+0000] {logging_mixin.py:190} INFO - [2024-10-17T19:44:01.307+0000] {override.py:1900} INFO - Created Permission View: can read on DAG Run:example_trigger_target_dag
[2024-10-17T19:44:01.308+0000] {logging_mixin.py:190} INFO - [2024-10-17T19:44:01.308+0000] {dag.py:3239} INFO - Sync 1 DAGs
[2024-10-17T19:44:01.314+0000] {logging_mixin.py:190} INFO - [2024-10-17T19:44:01.314+0000] {dag.py:3262} INFO - Creating ORM DAG for example_trigger_target_dag
[2024-10-17T19:44:01.314+0000] {logging_mixin.py:190} INFO - [2024-10-17T19:44:01.314+0000] {dag.py:4180} INFO - Setting next_dagrun for example_trigger_target_dag to None, run_after=None
[2024-10-17T19:44:01.323+0000] {processor.py:208} INFO - Processing /home/airflow/.local/lib/python3.12/site-packages/airflow/example_dags/example_trigger_target_dag.py took 0.095 seconds
[2024-10-17T19:44:31.496+0000] {processor.py:186} INFO - Started process (PID=147) to work on /home/airflow/.local/lib/python3.12/site-packages/airflow/example_dags/example_trigger_target_dag.py
[2024-10-17T19:44:31.496+0000] {processor.py:914} INFO - Processing file /home/airflow/.local/lib/python3.12/site-packages/airflow/example_dags/example_trigger_target_dag.py for tasks to queue
[2024-10-17T19:44:31.498+0000] {logging_mixin.py:190} INFO - [2024-10-17T19:44:31.498+0000] {dagbag.py:588} INFO - Filling up the DagBag from /home/airflow/.local/lib/python3.12/site-packages/airflow/example_dags/example_trigger_target_dag.py
[2024-10-17T19:44:31.502+0000] {processor.py:925} INFO - DAG(s) 'example_trigger_target_dag' retrieved from /home/airflow/.local/lib/python3.12/site-packages/airflow/example_dags/example_trigger_target_dag.py
[2024-10-17T19:44:31.513+0000] {logging_mixin.py:190} INFO - [2024-10-17T19:44:31.513+0000] {dag.py:3239} INFO - Sync 1 DAGs
[2024-10-17T19:44:31.520+0000] {logging_mixin.py:190} INFO - [2024-10-17T19:44:31.520+0000] {dag.py:4180} INFO - Setting next_dagrun for example_trigger_target_dag to None, run_after=None
[2024-10-17T19:44:31.528+0000] {processor.py:208} INFO - Processing /home/airflow/.local/lib/python3.12/site-packages/airflow/example_dags/example_trigger_target_dag.py took 0.036 seconds
[2024-10-17T19:45:02.070+0000] {processor.py:186} INFO - Started process (PID=210) to work on /home/airflow/.local/lib/python3.12/site-packages/airflow/example_dags/example_trigger_target_dag.py
[2024-10-17T19:45:02.070+0000] {processor.py:914} INFO - Processing file /home/airflow/.local/lib/python3.12/site-packages/airflow/example_dags/example_trigger_target_dag.py for tasks to queue
[2024-10-17T19:45:02.072+0000] {logging_mixin.py:190} INFO - [2024-10-17T19:45:02.071+0000] {dagbag.py:588} INFO - Filling up the DagBag from /home/airflow/.local/lib/python3.12/site-packages/airflow/example_dags/example_trigger_target_dag.py
[2024-10-17T19:45:02.077+0000] {processor.py:925} INFO - DAG(s) 'example_trigger_target_dag' retrieved from /home/airflow/.local/lib/python3.12/site-packages/airflow/example_dags/example_trigger_target_dag.py
[2024-10-17T19:45:02.087+0000] {logging_mixin.py:190} INFO - [2024-10-17T19:45:02.087+0000] {dag.py:3239} INFO - Sync 1 DAGs
[2024-10-17T19:45:02.094+0000] {logging_mixin.py:190} INFO - [2024-10-17T19:45:02.094+0000] {dag.py:4180} INFO - Setting next_dagrun for example_trigger_target_dag to None, run_after=None
[2024-10-17T19:45:02.103+0000] {processor.py:208} INFO - Processing /home/airflow/.local/lib/python3.12/site-packages/airflow/example_dags/example_trigger_target_dag.py took 0.037 seconds
[2024-10-17T19:45:32.664+0000] {processor.py:186} INFO - Started process (PID=273) to work on /home/airflow/.local/lib/python3.12/site-packages/airflow/example_dags/example_trigger_target_dag.py
[2024-10-17T19:45:32.665+0000] {processor.py:914} INFO - Processing file /home/airflow/.local/lib/python3.12/site-packages/airflow/example_dags/example_trigger_target_dag.py for tasks to queue
[2024-10-17T19:45:32.666+0000] {logging_mixin.py:190} INFO - [2024-10-17T19:45:32.666+0000] {dagbag.py:588} INFO - Filling up the DagBag from /home/airflow/.local/lib/python3.12/site-packages/airflow/example_dags/example_trigger_target_dag.py
[2024-10-17T19:45:32.671+0000] {processor.py:925} INFO - DAG(s) 'example_trigger_target_dag' retrieved from /home/airflow/.local/lib/python3.12/site-packages/airflow/example_dags/example_trigger_target_dag.py
[2024-10-17T19:45:32.682+0000] {logging_mixin.py:190} INFO - [2024-10-17T19:45:32.682+0000] {dag.py:3239} INFO - Sync 1 DAGs
[2024-10-17T19:45:32.691+0000] {logging_mixin.py:190} INFO - [2024-10-17T19:45:32.691+0000] {dag.py:4180} INFO - Setting next_dagrun for example_trigger_target_dag to None, run_after=None
[2024-10-17T19:45:32.702+0000] {processor.py:208} INFO - Processing /home/airflow/.local/lib/python3.12/site-packages/airflow/example_dags/example_trigger_target_dag.py took 0.042 seconds
[2024-10-17T19:46:03.131+0000] {processor.py:186} INFO - Started process (PID=336) to work on /home/airflow/.local/lib/python3.12/site-packages/airflow/example_dags/example_trigger_target_dag.py
[2024-10-17T19:46:03.132+0000] {processor.py:914} INFO - Processing file /home/airflow/.local/lib/python3.12/site-packages/airflow/example_dags/example_trigger_target_dag.py for tasks to queue
[2024-10-17T19:46:03.133+0000] {logging_mixin.py:190} INFO - [2024-10-17T19:46:03.133+0000] {dagbag.py:588} INFO - Filling up the DagBag from /home/airflow/.local/lib/python3.12/site-packages/airflow/example_dags/example_trigger_target_dag.py
[2024-10-17T19:46:03.138+0000] {processor.py:925} INFO - DAG(s) 'example_trigger_target_dag' retrieved from /home/airflow/.local/lib/python3.12/site-packages/airflow/example_dags/example_trigger_target_dag.py
[2024-10-17T19:46:03.149+0000] {logging_mixin.py:190} INFO - [2024-10-17T19:46:03.149+0000] {dag.py:3239} INFO - Sync 1 DAGs
[2024-10-17T19:46:03.155+0000] {logging_mixin.py:190} INFO - [2024-10-17T19:46:03.155+0000] {dag.py:4180} INFO - Setting next_dagrun for example_trigger_target_dag to None, run_after=None
[2024-10-17T19:46:03.165+0000] {processor.py:208} INFO - Processing /home/airflow/.local/lib/python3.12/site-packages/airflow/example_dags/example_trigger_target_dag.py took 0.037 seconds
[2024-10-17T19:46:33.597+0000] {processor.py:186} INFO - Started process (PID=399) to work on /home/airflow/.local/lib/python3.12/site-packages/airflow/example_dags/example_trigger_target_dag.py
[2024-10-17T19:46:33.598+0000] {processor.py:914} INFO - Processing file /home/airflow/.local/lib/python3.12/site-packages/airflow/example_dags/example_trigger_target_dag.py for tasks to queue
[2024-10-17T19:46:33.599+0000] {logging_mixin.py:190} INFO - [2024-10-17T19:46:33.599+0000] {dagbag.py:588} INFO - Filling up the DagBag from /home/airflow/.local/lib/python3.12/site-packages/airflow/example_dags/example_trigger_target_dag.py
[2024-10-17T19:46:33.605+0000] {processor.py:925} INFO - DAG(s) 'example_trigger_target_dag' retrieved from /home/airflow/.local/lib/python3.12/site-packages/airflow/example_dags/example_trigger_target_dag.py
[2024-10-17T19:46:33.618+0000] {logging_mixin.py:190} INFO - [2024-10-17T19:46:33.617+0000] {dag.py:3239} INFO - Sync 1 DAGs
[2024-10-17T19:46:33.626+0000] {logging_mixin.py:190} INFO - [2024-10-17T19:46:33.626+0000] {dag.py:4180} INFO - Setting next_dagrun for example_trigger_target_dag to None, run_after=None
[2024-10-17T19:46:33.636+0000] {processor.py:208} INFO - Processing /home/airflow/.local/lib/python3.12/site-packages/airflow/example_dags/example_trigger_target_dag.py took 0.044 seconds
[2024-10-17T19:47:04.119+0000] {processor.py:186} INFO - Started process (PID=462) to work on /home/airflow/.local/lib/python3.12/site-packages/airflow/example_dags/example_trigger_target_dag.py
[2024-10-17T19:47:04.120+0000] {processor.py:914} INFO - Processing file /home/airflow/.local/lib/python3.12/site-packages/airflow/example_dags/example_trigger_target_dag.py for tasks to queue
[2024-10-17T19:47:04.121+0000] {logging_mixin.py:190} INFO - [2024-10-17T19:47:04.121+0000] {dagbag.py:588} INFO - Filling up the DagBag from /home/airflow/.local/lib/python3.12/site-packages/airflow/example_dags/example_trigger_target_dag.py
[2024-10-17T19:47:04.126+0000] {processor.py:925} INFO - DAG(s) 'example_trigger_target_dag' retrieved from /home/airflow/.local/lib/python3.12/site-packages/airflow/example_dags/example_trigger_target_dag.py
[2024-10-17T19:47:04.138+0000] {logging_mixin.py:190} INFO - [2024-10-17T19:47:04.137+0000] {dag.py:3239} INFO - Sync 1 DAGs
[2024-10-17T19:47:04.145+0000] {logging_mixin.py:190} INFO - [2024-10-17T19:47:04.145+0000] {dag.py:4180} INFO - Setting next_dagrun for example_trigger_target_dag to None, run_after=None
[2024-10-17T19:47:04.154+0000] {processor.py:208} INFO - Processing /home/airflow/.local/lib/python3.12/site-packages/airflow/example_dags/example_trigger_target_dag.py took 0.039 seconds
[2024-10-17T19:47:34.696+0000] {processor.py:186} INFO - Started process (PID=525) to work on /home/airflow/.local/lib/python3.12/site-packages/airflow/example_dags/example_trigger_target_dag.py
[2024-10-17T19:47:34.696+0000] {processor.py:914} INFO - Processing file /home/airflow/.local/lib/python3.12/site-packages/airflow/example_dags/example_trigger_target_dag.py for tasks to queue
[2024-10-17T19:47:34.698+0000] {logging_mixin.py:190} INFO - [2024-10-17T19:47:34.698+0000] {dagbag.py:588} INFO - Filling up the DagBag from /home/airflow/.local/lib/python3.12/site-packages/airflow/example_dags/example_trigger_target_dag.py
[2024-10-17T19:47:34.703+0000] {processor.py:925} INFO - DAG(s) 'example_trigger_target_dag' retrieved from /home/airflow/.local/lib/python3.12/site-packages/airflow/example_dags/example_trigger_target_dag.py
[2024-10-17T19:47:34.714+0000] {logging_mixin.py:190} INFO - [2024-10-17T19:47:34.713+0000] {dag.py:3239} INFO - Sync 1 DAGs
[2024-10-17T19:47:34.721+0000] {logging_mixin.py:190} INFO - [2024-10-17T19:47:34.720+0000] {dag.py:4180} INFO - Setting next_dagrun for example_trigger_target_dag to None, run_after=None
[2024-10-17T19:47:34.729+0000] {processor.py:208} INFO - Processing /home/airflow/.local/lib/python3.12/site-packages/airflow/example_dags/example_trigger_target_dag.py took 0.038 seconds
[2024-10-17T19:48:05.121+0000] {processor.py:186} INFO - Started process (PID=588) to work on /home/airflow/.local/lib/python3.12/site-packages/airflow/example_dags/example_trigger_target_dag.py
[2024-10-17T19:48:05.121+0000] {processor.py:914} INFO - Processing file /home/airflow/.local/lib/python3.12/site-packages/airflow/example_dags/example_trigger_target_dag.py for tasks to queue
[2024-10-17T19:48:05.123+0000] {logging_mixin.py:190} INFO - [2024-10-17T19:48:05.123+0000] {dagbag.py:588} INFO - Filling up the DagBag from /home/airflow/.local/lib/python3.12/site-packages/airflow/example_dags/example_trigger_target_dag.py
[2024-10-17T19:48:05.128+0000] {processor.py:925} INFO - DAG(s) 'example_trigger_target_dag' retrieved from /home/airflow/.local/lib/python3.12/site-packages/airflow/example_dags/example_trigger_target_dag.py
[2024-10-17T19:48:05.138+0000] {logging_mixin.py:190} INFO - [2024-10-17T19:48:05.138+0000] {dag.py:3239} INFO - Sync 1 DAGs
[2024-10-17T19:48:05.145+0000] {logging_mixin.py:190} INFO - [2024-10-17T19:48:05.145+0000] {dag.py:4180} INFO - Setting next_dagrun for example_trigger_target_dag to None, run_after=None
[2024-10-17T19:48:05.153+0000] {processor.py:208} INFO - Processing /home/airflow/.local/lib/python3.12/site-packages/airflow/example_dags/example_trigger_target_dag.py took 0.036 seconds
