[2024-10-17T17:10:34.097+0000] {processor.py:186} INFO - Started process (PID=64) to work on /home/airflow/.local/lib/python3.12/site-packages/airflow/example_dags/example_sensors.py
[2024-10-17T17:10:34.098+0000] {processor.py:914} INFO - Processing file /home/airflow/.local/lib/python3.12/site-packages/airflow/example_dags/example_sensors.py for tasks to queue
[2024-10-17T17:10:34.099+0000] {logging_mixin.py:190} INFO - [2024-10-17T17:10:34.099+0000] {dagbag.py:588} INFO - Filling up the DagBag from /home/airflow/.local/lib/python3.12/site-packages/airflow/example_dags/example_sensors.py
[2024-10-17T17:10:34.107+0000] {processor.py:925} INFO - DAG(s) 'example_sensors' retrieved from /home/airflow/.local/lib/python3.12/site-packages/airflow/example_dags/example_sensors.py
[2024-10-17T17:10:34.165+0000] {logging_mixin.py:190} INFO - [2024-10-17T17:10:34.164+0000] {override.py:1900} INFO - Created Permission View: can delete on DAG:example_sensors
[2024-10-17T17:10:34.169+0000] {logging_mixin.py:190} INFO - [2024-10-17T17:10:34.169+0000] {override.py:1900} INFO - Created Permission View: can edit on DAG:example_sensors
[2024-10-17T17:10:34.172+0000] {logging_mixin.py:190} INFO - [2024-10-17T17:10:34.172+0000] {override.py:1900} INFO - Created Permission View: can read on DAG:example_sensors
[2024-10-17T17:10:34.175+0000] {logging_mixin.py:190} INFO - [2024-10-17T17:10:34.175+0000] {override.py:1900} INFO - Created Permission View: can create on DAG Run:example_sensors
[2024-10-17T17:10:34.177+0000] {logging_mixin.py:190} INFO - [2024-10-17T17:10:34.177+0000] {override.py:1900} INFO - Created Permission View: can delete on DAG Run:example_sensors
[2024-10-17T17:10:34.180+0000] {logging_mixin.py:190} INFO - [2024-10-17T17:10:34.180+0000] {override.py:1900} INFO - Created Permission View: can read on DAG Run:example_sensors
[2024-10-17T17:10:34.183+0000] {logging_mixin.py:190} INFO - [2024-10-17T17:10:34.183+0000] {override.py:1900} INFO - Created Permission View: menu access on DAG Run:example_sensors
[2024-10-17T17:10:34.183+0000] {logging_mixin.py:190} INFO - [2024-10-17T17:10:34.183+0000] {dag.py:3239} INFO - Sync 1 DAGs
[2024-10-17T17:10:34.189+0000] {logging_mixin.py:190} INFO - [2024-10-17T17:10:34.189+0000] {dag.py:3262} INFO - Creating ORM DAG for example_sensors
[2024-10-17T17:10:34.190+0000] {logging_mixin.py:190} INFO - [2024-10-17T17:10:34.190+0000] {dag.py:4180} INFO - Setting next_dagrun for example_sensors to None, run_after=None
[2024-10-17T17:10:34.199+0000] {processor.py:208} INFO - Processing /home/airflow/.local/lib/python3.12/site-packages/airflow/example_dags/example_sensors.py took 0.105 seconds
[2024-10-17T17:11:05.113+0000] {processor.py:186} INFO - Started process (PID=126) to work on /home/airflow/.local/lib/python3.12/site-packages/airflow/example_dags/example_sensors.py
[2024-10-17T17:11:05.114+0000] {processor.py:914} INFO - Processing file /home/airflow/.local/lib/python3.12/site-packages/airflow/example_dags/example_sensors.py for tasks to queue
[2024-10-17T17:11:05.115+0000] {logging_mixin.py:190} INFO - [2024-10-17T17:11:05.115+0000] {dagbag.py:588} INFO - Filling up the DagBag from /home/airflow/.local/lib/python3.12/site-packages/airflow/example_dags/example_sensors.py
[2024-10-17T17:11:05.121+0000] {processor.py:925} INFO - DAG(s) 'example_sensors' retrieved from /home/airflow/.local/lib/python3.12/site-packages/airflow/example_dags/example_sensors.py
[2024-10-17T17:11:05.134+0000] {logging_mixin.py:190} INFO - [2024-10-17T17:11:05.134+0000] {dag.py:3239} INFO - Sync 1 DAGs
[2024-10-17T17:11:05.140+0000] {logging_mixin.py:190} INFO - [2024-10-17T17:11:05.140+0000] {dag.py:4180} INFO - Setting next_dagrun for example_sensors to None, run_after=None
[2024-10-17T17:11:05.149+0000] {processor.py:208} INFO - Processing /home/airflow/.local/lib/python3.12/site-packages/airflow/example_dags/example_sensors.py took 0.039 seconds
[2024-10-17T17:11:35.339+0000] {processor.py:186} INFO - Started process (PID=188) to work on /home/airflow/.local/lib/python3.12/site-packages/airflow/example_dags/example_sensors.py
[2024-10-17T17:11:35.340+0000] {processor.py:914} INFO - Processing file /home/airflow/.local/lib/python3.12/site-packages/airflow/example_dags/example_sensors.py for tasks to queue
[2024-10-17T17:11:35.342+0000] {logging_mixin.py:190} INFO - [2024-10-17T17:11:35.341+0000] {dagbag.py:588} INFO - Filling up the DagBag from /home/airflow/.local/lib/python3.12/site-packages/airflow/example_dags/example_sensors.py
[2024-10-17T17:11:35.347+0000] {processor.py:925} INFO - DAG(s) 'example_sensors' retrieved from /home/airflow/.local/lib/python3.12/site-packages/airflow/example_dags/example_sensors.py
[2024-10-17T17:11:35.360+0000] {logging_mixin.py:190} INFO - [2024-10-17T17:11:35.360+0000] {dag.py:3239} INFO - Sync 1 DAGs
[2024-10-17T17:11:35.366+0000] {logging_mixin.py:190} INFO - [2024-10-17T17:11:35.366+0000] {dag.py:4180} INFO - Setting next_dagrun for example_sensors to None, run_after=None
[2024-10-17T17:11:35.375+0000] {processor.py:208} INFO - Processing /home/airflow/.local/lib/python3.12/site-packages/airflow/example_dags/example_sensors.py took 0.039 seconds
[2024-10-17T17:12:05.899+0000] {processor.py:186} INFO - Started process (PID=250) to work on /home/airflow/.local/lib/python3.12/site-packages/airflow/example_dags/example_sensors.py
[2024-10-17T17:12:05.900+0000] {processor.py:914} INFO - Processing file /home/airflow/.local/lib/python3.12/site-packages/airflow/example_dags/example_sensors.py for tasks to queue
[2024-10-17T17:12:05.902+0000] {logging_mixin.py:190} INFO - [2024-10-17T17:12:05.901+0000] {dagbag.py:588} INFO - Filling up the DagBag from /home/airflow/.local/lib/python3.12/site-packages/airflow/example_dags/example_sensors.py
[2024-10-17T17:12:05.908+0000] {processor.py:925} INFO - DAG(s) 'example_sensors' retrieved from /home/airflow/.local/lib/python3.12/site-packages/airflow/example_dags/example_sensors.py
[2024-10-17T17:12:05.921+0000] {logging_mixin.py:190} INFO - [2024-10-17T17:12:05.921+0000] {dag.py:3239} INFO - Sync 1 DAGs
[2024-10-17T17:12:05.928+0000] {logging_mixin.py:190} INFO - [2024-10-17T17:12:05.928+0000] {dag.py:4180} INFO - Setting next_dagrun for example_sensors to None, run_after=None
[2024-10-17T17:12:05.937+0000] {processor.py:208} INFO - Processing /home/airflow/.local/lib/python3.12/site-packages/airflow/example_dags/example_sensors.py took 0.042 seconds
