[2024-10-17T17:10:33.302+0000] {processor.py:186} INFO - Started process (PID=51) to work on /home/airflow/.local/lib/python3.12/site-packages/airflow/example_dags/example_python_decorator.py
[2024-10-17T17:10:33.303+0000] {processor.py:914} INFO - Processing file /home/airflow/.local/lib/python3.12/site-packages/airflow/example_dags/example_python_decorator.py for tasks to queue
[2024-10-17T17:10:33.304+0000] {logging_mixin.py:190} INFO - [2024-10-17T17:10:33.304+0000] {dagbag.py:588} INFO - Filling up the DagBag from /home/airflow/.local/lib/python3.12/site-packages/airflow/example_dags/example_python_decorator.py
[2024-10-17T17:10:33.313+0000] {processor.py:925} INFO - DAG(s) 'example_python_decorator' retrieved from /home/airflow/.local/lib/python3.12/site-packages/airflow/example_dags/example_python_decorator.py
[2024-10-17T17:10:33.369+0000] {logging_mixin.py:190} INFO - [2024-10-17T17:10:33.368+0000] {override.py:1900} INFO - Created Permission View: can delete on DAG:example_python_decorator
[2024-10-17T17:10:33.374+0000] {logging_mixin.py:190} INFO - [2024-10-17T17:10:33.373+0000] {override.py:1900} INFO - Created Permission View: can edit on DAG:example_python_decorator
[2024-10-17T17:10:33.376+0000] {logging_mixin.py:190} INFO - [2024-10-17T17:10:33.376+0000] {override.py:1900} INFO - Created Permission View: can read on DAG:example_python_decorator
[2024-10-17T17:10:33.379+0000] {logging_mixin.py:190} INFO - [2024-10-17T17:10:33.379+0000] {override.py:1900} INFO - Created Permission View: can create on DAG Run:example_python_decorator
[2024-10-17T17:10:33.381+0000] {logging_mixin.py:190} INFO - [2024-10-17T17:10:33.381+0000] {override.py:1900} INFO - Created Permission View: can delete on DAG Run:example_python_decorator
[2024-10-17T17:10:33.384+0000] {logging_mixin.py:190} INFO - [2024-10-17T17:10:33.384+0000] {override.py:1900} INFO - Created Permission View: can read on DAG Run:example_python_decorator
[2024-10-17T17:10:33.386+0000] {logging_mixin.py:190} INFO - [2024-10-17T17:10:33.386+0000] {override.py:1900} INFO - Created Permission View: menu access on DAG Run:example_python_decorator
[2024-10-17T17:10:33.386+0000] {logging_mixin.py:190} INFO - [2024-10-17T17:10:33.386+0000] {dag.py:3239} INFO - Sync 1 DAGs
[2024-10-17T17:10:33.392+0000] {logging_mixin.py:190} INFO - [2024-10-17T17:10:33.392+0000] {dag.py:3262} INFO - Creating ORM DAG for example_python_decorator
[2024-10-17T17:10:33.393+0000] {logging_mixin.py:190} INFO - [2024-10-17T17:10:33.393+0000] {dag.py:4180} INFO - Setting next_dagrun for example_python_decorator to None, run_after=None
[2024-10-17T17:10:33.400+0000] {processor.py:208} INFO - Processing /home/airflow/.local/lib/python3.12/site-packages/airflow/example_dags/example_python_decorator.py took 0.101 seconds
[2024-10-17T17:11:03.743+0000] {processor.py:186} INFO - Started process (PID=113) to work on /home/airflow/.local/lib/python3.12/site-packages/airflow/example_dags/example_python_decorator.py
[2024-10-17T17:11:03.744+0000] {processor.py:914} INFO - Processing file /home/airflow/.local/lib/python3.12/site-packages/airflow/example_dags/example_python_decorator.py for tasks to queue
[2024-10-17T17:11:03.746+0000] {logging_mixin.py:190} INFO - [2024-10-17T17:11:03.746+0000] {dagbag.py:588} INFO - Filling up the DagBag from /home/airflow/.local/lib/python3.12/site-packages/airflow/example_dags/example_python_decorator.py
[2024-10-17T17:11:03.756+0000] {processor.py:925} INFO - DAG(s) 'example_python_decorator' retrieved from /home/airflow/.local/lib/python3.12/site-packages/airflow/example_dags/example_python_decorator.py
[2024-10-17T17:11:03.770+0000] {logging_mixin.py:190} INFO - [2024-10-17T17:11:03.770+0000] {dag.py:3239} INFO - Sync 1 DAGs
[2024-10-17T17:11:03.777+0000] {logging_mixin.py:190} INFO - [2024-10-17T17:11:03.777+0000] {dag.py:4180} INFO - Setting next_dagrun for example_python_decorator to None, run_after=None
[2024-10-17T17:11:03.785+0000] {processor.py:208} INFO - Processing /home/airflow/.local/lib/python3.12/site-packages/airflow/example_dags/example_python_decorator.py took 0.046 seconds
[2024-10-17T17:11:33.941+0000] {processor.py:186} INFO - Started process (PID=175) to work on /home/airflow/.local/lib/python3.12/site-packages/airflow/example_dags/example_python_decorator.py
[2024-10-17T17:11:33.942+0000] {processor.py:914} INFO - Processing file /home/airflow/.local/lib/python3.12/site-packages/airflow/example_dags/example_python_decorator.py for tasks to queue
[2024-10-17T17:11:33.943+0000] {logging_mixin.py:190} INFO - [2024-10-17T17:11:33.943+0000] {dagbag.py:588} INFO - Filling up the DagBag from /home/airflow/.local/lib/python3.12/site-packages/airflow/example_dags/example_python_decorator.py
[2024-10-17T17:11:33.951+0000] {processor.py:925} INFO - DAG(s) 'example_python_decorator' retrieved from /home/airflow/.local/lib/python3.12/site-packages/airflow/example_dags/example_python_decorator.py
[2024-10-17T17:11:33.963+0000] {logging_mixin.py:190} INFO - [2024-10-17T17:11:33.963+0000] {dag.py:3239} INFO - Sync 1 DAGs
[2024-10-17T17:11:33.971+0000] {logging_mixin.py:190} INFO - [2024-10-17T17:11:33.971+0000] {dag.py:4180} INFO - Setting next_dagrun for example_python_decorator to None, run_after=None
[2024-10-17T17:11:33.980+0000] {processor.py:208} INFO - Processing /home/airflow/.local/lib/python3.12/site-packages/airflow/example_dags/example_python_decorator.py took 0.043 seconds
[2024-10-17T17:12:04.379+0000] {processor.py:186} INFO - Started process (PID=237) to work on /home/airflow/.local/lib/python3.12/site-packages/airflow/example_dags/example_python_decorator.py
[2024-10-17T17:12:04.380+0000] {processor.py:914} INFO - Processing file /home/airflow/.local/lib/python3.12/site-packages/airflow/example_dags/example_python_decorator.py for tasks to queue
[2024-10-17T17:12:04.382+0000] {logging_mixin.py:190} INFO - [2024-10-17T17:12:04.381+0000] {dagbag.py:588} INFO - Filling up the DagBag from /home/airflow/.local/lib/python3.12/site-packages/airflow/example_dags/example_python_decorator.py
[2024-10-17T17:12:04.390+0000] {processor.py:925} INFO - DAG(s) 'example_python_decorator' retrieved from /home/airflow/.local/lib/python3.12/site-packages/airflow/example_dags/example_python_decorator.py
[2024-10-17T17:12:04.404+0000] {logging_mixin.py:190} INFO - [2024-10-17T17:12:04.404+0000] {dag.py:3239} INFO - Sync 1 DAGs
[2024-10-17T17:12:04.412+0000] {logging_mixin.py:190} INFO - [2024-10-17T17:12:04.412+0000] {dag.py:4180} INFO - Setting next_dagrun for example_python_decorator to None, run_after=None
[2024-10-17T17:12:04.424+0000] {processor.py:208} INFO - Processing /home/airflow/.local/lib/python3.12/site-packages/airflow/example_dags/example_python_decorator.py took 0.049 seconds
[2024-10-17T19:26:34.545+0000] {processor.py:186} INFO - Started process (PID=70) to work on /home/airflow/.local/lib/python3.12/site-packages/airflow/example_dags/example_python_decorator.py
[2024-10-17T19:26:34.546+0000] {processor.py:914} INFO - Processing file /home/airflow/.local/lib/python3.12/site-packages/airflow/example_dags/example_python_decorator.py for tasks to queue
[2024-10-17T19:26:34.548+0000] {logging_mixin.py:190} INFO - [2024-10-17T19:26:34.547+0000] {dagbag.py:588} INFO - Filling up the DagBag from /home/airflow/.local/lib/python3.12/site-packages/airflow/example_dags/example_python_decorator.py
[2024-10-17T19:26:34.558+0000] {processor.py:925} INFO - DAG(s) 'example_python_decorator' retrieved from /home/airflow/.local/lib/python3.12/site-packages/airflow/example_dags/example_python_decorator.py
[2024-10-17T19:26:34.671+0000] {logging_mixin.py:190} INFO - [2024-10-17T19:26:34.670+0000] {override.py:1900} INFO - Created Permission View: can edit on DAG:example_python_decorator
[2024-10-17T19:26:34.675+0000] {logging_mixin.py:190} INFO - [2024-10-17T19:26:34.675+0000] {override.py:1900} INFO - Created Permission View: can delete on DAG:example_python_decorator
[2024-10-17T19:26:34.678+0000] {logging_mixin.py:190} INFO - [2024-10-17T19:26:34.678+0000] {override.py:1900} INFO - Created Permission View: can read on DAG:example_python_decorator
[2024-10-17T19:26:34.680+0000] {logging_mixin.py:190} INFO - [2024-10-17T19:26:34.680+0000] {override.py:1900} INFO - Created Permission View: can delete on DAG Run:example_python_decorator
[2024-10-17T19:26:34.683+0000] {logging_mixin.py:190} INFO - [2024-10-17T19:26:34.683+0000] {override.py:1900} INFO - Created Permission View: can create on DAG Run:example_python_decorator
[2024-10-17T19:26:34.685+0000] {logging_mixin.py:190} INFO - [2024-10-17T19:26:34.685+0000] {override.py:1900} INFO - Created Permission View: can read on DAG Run:example_python_decorator
[2024-10-17T19:26:34.688+0000] {logging_mixin.py:190} INFO - [2024-10-17T19:26:34.688+0000] {override.py:1900} INFO - Created Permission View: menu access on DAG Run:example_python_decorator
[2024-10-17T19:26:34.688+0000] {logging_mixin.py:190} INFO - [2024-10-17T19:26:34.688+0000] {dag.py:3239} INFO - Sync 1 DAGs
[2024-10-17T19:26:34.694+0000] {logging_mixin.py:190} INFO - [2024-10-17T19:26:34.694+0000] {dag.py:3262} INFO - Creating ORM DAG for example_python_decorator
[2024-10-17T19:26:34.695+0000] {logging_mixin.py:190} INFO - [2024-10-17T19:26:34.695+0000] {dag.py:4180} INFO - Setting next_dagrun for example_python_decorator to None, run_after=None
[2024-10-17T19:26:34.703+0000] {processor.py:208} INFO - Processing /home/airflow/.local/lib/python3.12/site-packages/airflow/example_dags/example_python_decorator.py took 0.161 seconds
[2024-10-17T19:27:05.222+0000] {processor.py:186} INFO - Started process (PID=133) to work on /home/airflow/.local/lib/python3.12/site-packages/airflow/example_dags/example_python_decorator.py
[2024-10-17T19:27:05.224+0000] {processor.py:914} INFO - Processing file /home/airflow/.local/lib/python3.12/site-packages/airflow/example_dags/example_python_decorator.py for tasks to queue
[2024-10-17T19:27:05.227+0000] {logging_mixin.py:190} INFO - [2024-10-17T19:27:05.226+0000] {dagbag.py:588} INFO - Filling up the DagBag from /home/airflow/.local/lib/python3.12/site-packages/airflow/example_dags/example_python_decorator.py
[2024-10-17T19:27:05.240+0000] {processor.py:925} INFO - DAG(s) 'example_python_decorator' retrieved from /home/airflow/.local/lib/python3.12/site-packages/airflow/example_dags/example_python_decorator.py
[2024-10-17T19:27:05.256+0000] {logging_mixin.py:190} INFO - [2024-10-17T19:27:05.256+0000] {dag.py:3239} INFO - Sync 1 DAGs
[2024-10-17T19:27:05.264+0000] {logging_mixin.py:190} INFO - [2024-10-17T19:27:05.264+0000] {dag.py:4180} INFO - Setting next_dagrun for example_python_decorator to None, run_after=None
[2024-10-17T19:27:05.272+0000] {processor.py:208} INFO - Processing /home/airflow/.local/lib/python3.12/site-packages/airflow/example_dags/example_python_decorator.py took 0.056 seconds
[2024-10-17T19:27:35.674+0000] {processor.py:186} INFO - Started process (PID=196) to work on /home/airflow/.local/lib/python3.12/site-packages/airflow/example_dags/example_python_decorator.py
[2024-10-17T19:27:35.675+0000] {processor.py:914} INFO - Processing file /home/airflow/.local/lib/python3.12/site-packages/airflow/example_dags/example_python_decorator.py for tasks to queue
[2024-10-17T19:27:35.676+0000] {logging_mixin.py:190} INFO - [2024-10-17T19:27:35.676+0000] {dagbag.py:588} INFO - Filling up the DagBag from /home/airflow/.local/lib/python3.12/site-packages/airflow/example_dags/example_python_decorator.py
[2024-10-17T19:27:35.684+0000] {processor.py:925} INFO - DAG(s) 'example_python_decorator' retrieved from /home/airflow/.local/lib/python3.12/site-packages/airflow/example_dags/example_python_decorator.py
[2024-10-17T19:27:35.696+0000] {logging_mixin.py:190} INFO - [2024-10-17T19:27:35.695+0000] {dag.py:3239} INFO - Sync 1 DAGs
[2024-10-17T19:27:35.703+0000] {logging_mixin.py:190} INFO - [2024-10-17T19:27:35.703+0000] {dag.py:4180} INFO - Setting next_dagrun for example_python_decorator to None, run_after=None
[2024-10-17T19:27:35.711+0000] {processor.py:208} INFO - Processing /home/airflow/.local/lib/python3.12/site-packages/airflow/example_dags/example_python_decorator.py took 0.041 seconds
[2024-10-17T19:28:06.238+0000] {processor.py:186} INFO - Started process (PID=259) to work on /home/airflow/.local/lib/python3.12/site-packages/airflow/example_dags/example_python_decorator.py
[2024-10-17T19:28:06.238+0000] {processor.py:914} INFO - Processing file /home/airflow/.local/lib/python3.12/site-packages/airflow/example_dags/example_python_decorator.py for tasks to queue
[2024-10-17T19:28:06.239+0000] {logging_mixin.py:190} INFO - [2024-10-17T19:28:06.239+0000] {dagbag.py:588} INFO - Filling up the DagBag from /home/airflow/.local/lib/python3.12/site-packages/airflow/example_dags/example_python_decorator.py
[2024-10-17T19:28:06.248+0000] {processor.py:925} INFO - DAG(s) 'example_python_decorator' retrieved from /home/airflow/.local/lib/python3.12/site-packages/airflow/example_dags/example_python_decorator.py
[2024-10-17T19:28:06.263+0000] {logging_mixin.py:190} INFO - [2024-10-17T19:28:06.263+0000] {dag.py:3239} INFO - Sync 1 DAGs
[2024-10-17T19:28:06.272+0000] {logging_mixin.py:190} INFO - [2024-10-17T19:28:06.272+0000] {dag.py:4180} INFO - Setting next_dagrun for example_python_decorator to None, run_after=None
[2024-10-17T19:28:06.282+0000] {processor.py:208} INFO - Processing /home/airflow/.local/lib/python3.12/site-packages/airflow/example_dags/example_python_decorator.py took 0.049 seconds
[2024-10-17T19:28:36.869+0000] {processor.py:186} INFO - Started process (PID=322) to work on /home/airflow/.local/lib/python3.12/site-packages/airflow/example_dags/example_python_decorator.py
[2024-10-17T19:28:36.870+0000] {processor.py:914} INFO - Processing file /home/airflow/.local/lib/python3.12/site-packages/airflow/example_dags/example_python_decorator.py for tasks to queue
[2024-10-17T19:28:36.872+0000] {logging_mixin.py:190} INFO - [2024-10-17T19:28:36.872+0000] {dagbag.py:588} INFO - Filling up the DagBag from /home/airflow/.local/lib/python3.12/site-packages/airflow/example_dags/example_python_decorator.py
[2024-10-17T19:28:36.880+0000] {processor.py:925} INFO - DAG(s) 'example_python_decorator' retrieved from /home/airflow/.local/lib/python3.12/site-packages/airflow/example_dags/example_python_decorator.py
[2024-10-17T19:28:36.893+0000] {logging_mixin.py:190} INFO - [2024-10-17T19:28:36.892+0000] {dag.py:3239} INFO - Sync 1 DAGs
[2024-10-17T19:28:36.901+0000] {logging_mixin.py:190} INFO - [2024-10-17T19:28:36.900+0000] {dag.py:4180} INFO - Setting next_dagrun for example_python_decorator to None, run_after=None
[2024-10-17T19:28:36.910+0000] {processor.py:208} INFO - Processing /home/airflow/.local/lib/python3.12/site-packages/airflow/example_dags/example_python_decorator.py took 0.044 seconds
[2024-10-17T19:29:07.648+0000] {processor.py:186} INFO - Started process (PID=385) to work on /home/airflow/.local/lib/python3.12/site-packages/airflow/example_dags/example_python_decorator.py
[2024-10-17T19:29:07.649+0000] {processor.py:914} INFO - Processing file /home/airflow/.local/lib/python3.12/site-packages/airflow/example_dags/example_python_decorator.py for tasks to queue
[2024-10-17T19:29:07.650+0000] {logging_mixin.py:190} INFO - [2024-10-17T19:29:07.650+0000] {dagbag.py:588} INFO - Filling up the DagBag from /home/airflow/.local/lib/python3.12/site-packages/airflow/example_dags/example_python_decorator.py
[2024-10-17T19:29:07.659+0000] {processor.py:925} INFO - DAG(s) 'example_python_decorator' retrieved from /home/airflow/.local/lib/python3.12/site-packages/airflow/example_dags/example_python_decorator.py
[2024-10-17T19:29:07.671+0000] {logging_mixin.py:190} INFO - [2024-10-17T19:29:07.671+0000] {dag.py:3239} INFO - Sync 1 DAGs
[2024-10-17T19:29:07.681+0000] {logging_mixin.py:190} INFO - [2024-10-17T19:29:07.680+0000] {dag.py:4180} INFO - Setting next_dagrun for example_python_decorator to None, run_after=None
[2024-10-17T19:29:07.692+0000] {processor.py:208} INFO - Processing /home/airflow/.local/lib/python3.12/site-packages/airflow/example_dags/example_python_decorator.py took 0.048 seconds
[2024-10-17T19:29:38.188+0000] {processor.py:186} INFO - Started process (PID=448) to work on /home/airflow/.local/lib/python3.12/site-packages/airflow/example_dags/example_python_decorator.py
[2024-10-17T19:29:38.189+0000] {processor.py:914} INFO - Processing file /home/airflow/.local/lib/python3.12/site-packages/airflow/example_dags/example_python_decorator.py for tasks to queue
[2024-10-17T19:29:38.190+0000] {logging_mixin.py:190} INFO - [2024-10-17T19:29:38.190+0000] {dagbag.py:588} INFO - Filling up the DagBag from /home/airflow/.local/lib/python3.12/site-packages/airflow/example_dags/example_python_decorator.py
[2024-10-17T19:29:38.199+0000] {processor.py:925} INFO - DAG(s) 'example_python_decorator' retrieved from /home/airflow/.local/lib/python3.12/site-packages/airflow/example_dags/example_python_decorator.py
[2024-10-17T19:29:38.211+0000] {logging_mixin.py:190} INFO - [2024-10-17T19:29:38.211+0000] {dag.py:3239} INFO - Sync 1 DAGs
[2024-10-17T19:29:38.218+0000] {logging_mixin.py:190} INFO - [2024-10-17T19:29:38.218+0000] {dag.py:4180} INFO - Setting next_dagrun for example_python_decorator to None, run_after=None
[2024-10-17T19:29:38.227+0000] {processor.py:208} INFO - Processing /home/airflow/.local/lib/python3.12/site-packages/airflow/example_dags/example_python_decorator.py took 0.043 seconds
[2024-10-17T19:30:08.641+0000] {processor.py:186} INFO - Started process (PID=511) to work on /home/airflow/.local/lib/python3.12/site-packages/airflow/example_dags/example_python_decorator.py
[2024-10-17T19:30:08.641+0000] {processor.py:914} INFO - Processing file /home/airflow/.local/lib/python3.12/site-packages/airflow/example_dags/example_python_decorator.py for tasks to queue
[2024-10-17T19:30:08.643+0000] {logging_mixin.py:190} INFO - [2024-10-17T19:30:08.643+0000] {dagbag.py:588} INFO - Filling up the DagBag from /home/airflow/.local/lib/python3.12/site-packages/airflow/example_dags/example_python_decorator.py
[2024-10-17T19:30:08.651+0000] {processor.py:925} INFO - DAG(s) 'example_python_decorator' retrieved from /home/airflow/.local/lib/python3.12/site-packages/airflow/example_dags/example_python_decorator.py
[2024-10-17T19:30:08.662+0000] {logging_mixin.py:190} INFO - [2024-10-17T19:30:08.662+0000] {dag.py:3239} INFO - Sync 1 DAGs
[2024-10-17T19:30:08.675+0000] {logging_mixin.py:190} INFO - [2024-10-17T19:30:08.675+0000] {dag.py:4180} INFO - Setting next_dagrun for example_python_decorator to None, run_after=None
[2024-10-17T19:30:08.684+0000] {processor.py:208} INFO - Processing /home/airflow/.local/lib/python3.12/site-packages/airflow/example_dags/example_python_decorator.py took 0.047 seconds
[2024-10-17T19:30:39.296+0000] {processor.py:186} INFO - Started process (PID=574) to work on /home/airflow/.local/lib/python3.12/site-packages/airflow/example_dags/example_python_decorator.py
[2024-10-17T19:30:39.297+0000] {processor.py:914} INFO - Processing file /home/airflow/.local/lib/python3.12/site-packages/airflow/example_dags/example_python_decorator.py for tasks to queue
[2024-10-17T19:30:39.298+0000] {logging_mixin.py:190} INFO - [2024-10-17T19:30:39.298+0000] {dagbag.py:588} INFO - Filling up the DagBag from /home/airflow/.local/lib/python3.12/site-packages/airflow/example_dags/example_python_decorator.py
[2024-10-17T19:30:39.308+0000] {processor.py:925} INFO - DAG(s) 'example_python_decorator' retrieved from /home/airflow/.local/lib/python3.12/site-packages/airflow/example_dags/example_python_decorator.py
[2024-10-17T19:30:39.320+0000] {logging_mixin.py:190} INFO - [2024-10-17T19:30:39.320+0000] {dag.py:3239} INFO - Sync 1 DAGs
[2024-10-17T19:30:39.330+0000] {logging_mixin.py:190} INFO - [2024-10-17T19:30:39.329+0000] {dag.py:4180} INFO - Setting next_dagrun for example_python_decorator to None, run_after=None
[2024-10-17T19:30:39.344+0000] {processor.py:208} INFO - Processing /home/airflow/.local/lib/python3.12/site-packages/airflow/example_dags/example_python_decorator.py took 0.052 seconds
[2024-10-17T19:31:09.782+0000] {processor.py:186} INFO - Started process (PID=637) to work on /home/airflow/.local/lib/python3.12/site-packages/airflow/example_dags/example_python_decorator.py
[2024-10-17T19:31:09.782+0000] {processor.py:914} INFO - Processing file /home/airflow/.local/lib/python3.12/site-packages/airflow/example_dags/example_python_decorator.py for tasks to queue
[2024-10-17T19:31:09.784+0000] {logging_mixin.py:190} INFO - [2024-10-17T19:31:09.784+0000] {dagbag.py:588} INFO - Filling up the DagBag from /home/airflow/.local/lib/python3.12/site-packages/airflow/example_dags/example_python_decorator.py
[2024-10-17T19:31:09.792+0000] {processor.py:925} INFO - DAG(s) 'example_python_decorator' retrieved from /home/airflow/.local/lib/python3.12/site-packages/airflow/example_dags/example_python_decorator.py
[2024-10-17T19:31:09.804+0000] {logging_mixin.py:190} INFO - [2024-10-17T19:31:09.804+0000] {dag.py:3239} INFO - Sync 1 DAGs
[2024-10-17T19:31:09.812+0000] {logging_mixin.py:190} INFO - [2024-10-17T19:31:09.812+0000] {dag.py:4180} INFO - Setting next_dagrun for example_python_decorator to None, run_after=None
[2024-10-17T19:31:09.821+0000] {processor.py:208} INFO - Processing /home/airflow/.local/lib/python3.12/site-packages/airflow/example_dags/example_python_decorator.py took 0.043 seconds
[2024-10-17T19:31:40.393+0000] {processor.py:186} INFO - Started process (PID=700) to work on /home/airflow/.local/lib/python3.12/site-packages/airflow/example_dags/example_python_decorator.py
[2024-10-17T19:31:40.394+0000] {processor.py:914} INFO - Processing file /home/airflow/.local/lib/python3.12/site-packages/airflow/example_dags/example_python_decorator.py for tasks to queue
[2024-10-17T19:31:40.396+0000] {logging_mixin.py:190} INFO - [2024-10-17T19:31:40.396+0000] {dagbag.py:588} INFO - Filling up the DagBag from /home/airflow/.local/lib/python3.12/site-packages/airflow/example_dags/example_python_decorator.py
[2024-10-17T19:31:40.405+0000] {processor.py:925} INFO - DAG(s) 'example_python_decorator' retrieved from /home/airflow/.local/lib/python3.12/site-packages/airflow/example_dags/example_python_decorator.py
[2024-10-17T19:31:40.419+0000] {logging_mixin.py:190} INFO - [2024-10-17T19:31:40.419+0000] {dag.py:3239} INFO - Sync 1 DAGs
[2024-10-17T19:31:40.428+0000] {logging_mixin.py:190} INFO - [2024-10-17T19:31:40.428+0000] {dag.py:4180} INFO - Setting next_dagrun for example_python_decorator to None, run_after=None
[2024-10-17T19:31:40.439+0000] {processor.py:208} INFO - Processing /home/airflow/.local/lib/python3.12/site-packages/airflow/example_dags/example_python_decorator.py took 0.050 seconds
[2024-10-17T19:33:31.855+0000] {processor.py:186} INFO - Started process (PID=70) to work on /home/airflow/.local/lib/python3.12/site-packages/airflow/example_dags/example_python_decorator.py
[2024-10-17T19:33:31.856+0000] {processor.py:914} INFO - Processing file /home/airflow/.local/lib/python3.12/site-packages/airflow/example_dags/example_python_decorator.py for tasks to queue
[2024-10-17T19:33:31.857+0000] {logging_mixin.py:190} INFO - [2024-10-17T19:33:31.857+0000] {dagbag.py:588} INFO - Filling up the DagBag from /home/airflow/.local/lib/python3.12/site-packages/airflow/example_dags/example_python_decorator.py
[2024-10-17T19:33:31.867+0000] {processor.py:925} INFO - DAG(s) 'example_python_decorator' retrieved from /home/airflow/.local/lib/python3.12/site-packages/airflow/example_dags/example_python_decorator.py
[2024-10-17T19:33:31.929+0000] {logging_mixin.py:190} INFO - [2024-10-17T19:33:31.928+0000] {override.py:1900} INFO - Created Permission View: can edit on DAG:example_python_decorator
[2024-10-17T19:33:31.933+0000] {logging_mixin.py:190} INFO - [2024-10-17T19:33:31.933+0000] {override.py:1900} INFO - Created Permission View: can delete on DAG:example_python_decorator
[2024-10-17T19:33:31.936+0000] {logging_mixin.py:190} INFO - [2024-10-17T19:33:31.936+0000] {override.py:1900} INFO - Created Permission View: can read on DAG:example_python_decorator
[2024-10-17T19:33:31.939+0000] {logging_mixin.py:190} INFO - [2024-10-17T19:33:31.939+0000] {override.py:1900} INFO - Created Permission View: menu access on DAG Run:example_python_decorator
[2024-10-17T19:33:31.942+0000] {logging_mixin.py:190} INFO - [2024-10-17T19:33:31.942+0000] {override.py:1900} INFO - Created Permission View: can create on DAG Run:example_python_decorator
[2024-10-17T19:33:31.945+0000] {logging_mixin.py:190} INFO - [2024-10-17T19:33:31.945+0000] {override.py:1900} INFO - Created Permission View: can delete on DAG Run:example_python_decorator
[2024-10-17T19:33:31.948+0000] {logging_mixin.py:190} INFO - [2024-10-17T19:33:31.948+0000] {override.py:1900} INFO - Created Permission View: can read on DAG Run:example_python_decorator
[2024-10-17T19:33:31.948+0000] {logging_mixin.py:190} INFO - [2024-10-17T19:33:31.948+0000] {dag.py:3239} INFO - Sync 1 DAGs
[2024-10-17T19:33:31.954+0000] {logging_mixin.py:190} INFO - [2024-10-17T19:33:31.954+0000] {dag.py:3262} INFO - Creating ORM DAG for example_python_decorator
[2024-10-17T19:33:31.955+0000] {logging_mixin.py:190} INFO - [2024-10-17T19:33:31.955+0000] {dag.py:4180} INFO - Setting next_dagrun for example_python_decorator to None, run_after=None
[2024-10-17T19:33:31.962+0000] {processor.py:208} INFO - Processing /home/airflow/.local/lib/python3.12/site-packages/airflow/example_dags/example_python_decorator.py took 0.111 seconds
[2024-10-17T19:34:02.336+0000] {processor.py:186} INFO - Started process (PID=133) to work on /home/airflow/.local/lib/python3.12/site-packages/airflow/example_dags/example_python_decorator.py
[2024-10-17T19:34:02.337+0000] {processor.py:914} INFO - Processing file /home/airflow/.local/lib/python3.12/site-packages/airflow/example_dags/example_python_decorator.py for tasks to queue
[2024-10-17T19:34:02.338+0000] {logging_mixin.py:190} INFO - [2024-10-17T19:34:02.338+0000] {dagbag.py:588} INFO - Filling up the DagBag from /home/airflow/.local/lib/python3.12/site-packages/airflow/example_dags/example_python_decorator.py
[2024-10-17T19:34:02.347+0000] {processor.py:925} INFO - DAG(s) 'example_python_decorator' retrieved from /home/airflow/.local/lib/python3.12/site-packages/airflow/example_dags/example_python_decorator.py
[2024-10-17T19:34:02.358+0000] {logging_mixin.py:190} INFO - [2024-10-17T19:34:02.358+0000] {dag.py:3239} INFO - Sync 1 DAGs
[2024-10-17T19:34:02.365+0000] {logging_mixin.py:190} INFO - [2024-10-17T19:34:02.365+0000] {dag.py:4180} INFO - Setting next_dagrun for example_python_decorator to None, run_after=None
[2024-10-17T19:34:02.375+0000] {processor.py:208} INFO - Processing /home/airflow/.local/lib/python3.12/site-packages/airflow/example_dags/example_python_decorator.py took 0.042 seconds
[2024-10-17T19:34:32.635+0000] {processor.py:186} INFO - Started process (PID=196) to work on /home/airflow/.local/lib/python3.12/site-packages/airflow/example_dags/example_python_decorator.py
[2024-10-17T19:34:32.636+0000] {processor.py:914} INFO - Processing file /home/airflow/.local/lib/python3.12/site-packages/airflow/example_dags/example_python_decorator.py for tasks to queue
[2024-10-17T19:34:32.638+0000] {logging_mixin.py:190} INFO - [2024-10-17T19:34:32.637+0000] {dagbag.py:588} INFO - Filling up the DagBag from /home/airflow/.local/lib/python3.12/site-packages/airflow/example_dags/example_python_decorator.py
[2024-10-17T19:34:32.646+0000] {processor.py:925} INFO - DAG(s) 'example_python_decorator' retrieved from /home/airflow/.local/lib/python3.12/site-packages/airflow/example_dags/example_python_decorator.py
[2024-10-17T19:34:32.657+0000] {logging_mixin.py:190} INFO - [2024-10-17T19:34:32.657+0000] {dag.py:3239} INFO - Sync 1 DAGs
[2024-10-17T19:34:32.664+0000] {logging_mixin.py:190} INFO - [2024-10-17T19:34:32.664+0000] {dag.py:4180} INFO - Setting next_dagrun for example_python_decorator to None, run_after=None
[2024-10-17T19:34:32.674+0000] {processor.py:208} INFO - Processing /home/airflow/.local/lib/python3.12/site-packages/airflow/example_dags/example_python_decorator.py took 0.042 seconds
[2024-10-17T19:35:03.051+0000] {processor.py:186} INFO - Started process (PID=259) to work on /home/airflow/.local/lib/python3.12/site-packages/airflow/example_dags/example_python_decorator.py
[2024-10-17T19:35:03.051+0000] {processor.py:914} INFO - Processing file /home/airflow/.local/lib/python3.12/site-packages/airflow/example_dags/example_python_decorator.py for tasks to queue
[2024-10-17T19:35:03.053+0000] {logging_mixin.py:190} INFO - [2024-10-17T19:35:03.053+0000] {dagbag.py:588} INFO - Filling up the DagBag from /home/airflow/.local/lib/python3.12/site-packages/airflow/example_dags/example_python_decorator.py
[2024-10-17T19:35:03.061+0000] {processor.py:925} INFO - DAG(s) 'example_python_decorator' retrieved from /home/airflow/.local/lib/python3.12/site-packages/airflow/example_dags/example_python_decorator.py
[2024-10-17T19:35:03.073+0000] {logging_mixin.py:190} INFO - [2024-10-17T19:35:03.073+0000] {dag.py:3239} INFO - Sync 1 DAGs
[2024-10-17T19:35:03.080+0000] {logging_mixin.py:190} INFO - [2024-10-17T19:35:03.080+0000] {dag.py:4180} INFO - Setting next_dagrun for example_python_decorator to None, run_after=None
[2024-10-17T19:35:03.088+0000] {processor.py:208} INFO - Processing /home/airflow/.local/lib/python3.12/site-packages/airflow/example_dags/example_python_decorator.py took 0.041 seconds
[2024-10-17T19:35:33.677+0000] {processor.py:186} INFO - Started process (PID=322) to work on /home/airflow/.local/lib/python3.12/site-packages/airflow/example_dags/example_python_decorator.py
[2024-10-17T19:35:33.678+0000] {processor.py:914} INFO - Processing file /home/airflow/.local/lib/python3.12/site-packages/airflow/example_dags/example_python_decorator.py for tasks to queue
[2024-10-17T19:35:33.680+0000] {logging_mixin.py:190} INFO - [2024-10-17T19:35:33.680+0000] {dagbag.py:588} INFO - Filling up the DagBag from /home/airflow/.local/lib/python3.12/site-packages/airflow/example_dags/example_python_decorator.py
[2024-10-17T19:35:33.689+0000] {processor.py:925} INFO - DAG(s) 'example_python_decorator' retrieved from /home/airflow/.local/lib/python3.12/site-packages/airflow/example_dags/example_python_decorator.py
[2024-10-17T19:35:33.703+0000] {logging_mixin.py:190} INFO - [2024-10-17T19:35:33.702+0000] {dag.py:3239} INFO - Sync 1 DAGs
[2024-10-17T19:35:33.710+0000] {logging_mixin.py:190} INFO - [2024-10-17T19:35:33.710+0000] {dag.py:4180} INFO - Setting next_dagrun for example_python_decorator to None, run_after=None
[2024-10-17T19:35:33.721+0000] {processor.py:208} INFO - Processing /home/airflow/.local/lib/python3.12/site-packages/airflow/example_dags/example_python_decorator.py took 0.048 seconds
[2024-10-17T19:36:04.403+0000] {processor.py:186} INFO - Started process (PID=385) to work on /home/airflow/.local/lib/python3.12/site-packages/airflow/example_dags/example_python_decorator.py
[2024-10-17T19:36:04.404+0000] {processor.py:914} INFO - Processing file /home/airflow/.local/lib/python3.12/site-packages/airflow/example_dags/example_python_decorator.py for tasks to queue
[2024-10-17T19:36:04.405+0000] {logging_mixin.py:190} INFO - [2024-10-17T19:36:04.405+0000] {dagbag.py:588} INFO - Filling up the DagBag from /home/airflow/.local/lib/python3.12/site-packages/airflow/example_dags/example_python_decorator.py
[2024-10-17T19:36:04.414+0000] {processor.py:925} INFO - DAG(s) 'example_python_decorator' retrieved from /home/airflow/.local/lib/python3.12/site-packages/airflow/example_dags/example_python_decorator.py
[2024-10-17T19:36:04.428+0000] {logging_mixin.py:190} INFO - [2024-10-17T19:36:04.427+0000] {dag.py:3239} INFO - Sync 1 DAGs
[2024-10-17T19:36:04.435+0000] {logging_mixin.py:190} INFO - [2024-10-17T19:36:04.435+0000] {dag.py:4180} INFO - Setting next_dagrun for example_python_decorator to None, run_after=None
[2024-10-17T19:36:04.444+0000] {processor.py:208} INFO - Processing /home/airflow/.local/lib/python3.12/site-packages/airflow/example_dags/example_python_decorator.py took 0.045 seconds
[2024-10-17T19:36:35.011+0000] {processor.py:186} INFO - Started process (PID=448) to work on /home/airflow/.local/lib/python3.12/site-packages/airflow/example_dags/example_python_decorator.py
[2024-10-17T19:36:35.012+0000] {processor.py:914} INFO - Processing file /home/airflow/.local/lib/python3.12/site-packages/airflow/example_dags/example_python_decorator.py for tasks to queue
[2024-10-17T19:36:35.014+0000] {logging_mixin.py:190} INFO - [2024-10-17T19:36:35.013+0000] {dagbag.py:588} INFO - Filling up the DagBag from /home/airflow/.local/lib/python3.12/site-packages/airflow/example_dags/example_python_decorator.py
[2024-10-17T19:36:35.022+0000] {processor.py:925} INFO - DAG(s) 'example_python_decorator' retrieved from /home/airflow/.local/lib/python3.12/site-packages/airflow/example_dags/example_python_decorator.py
[2024-10-17T19:36:35.034+0000] {logging_mixin.py:190} INFO - [2024-10-17T19:36:35.034+0000] {dag.py:3239} INFO - Sync 1 DAGs
[2024-10-17T19:36:35.042+0000] {logging_mixin.py:190} INFO - [2024-10-17T19:36:35.042+0000] {dag.py:4180} INFO - Setting next_dagrun for example_python_decorator to None, run_after=None
[2024-10-17T19:36:35.051+0000] {processor.py:208} INFO - Processing /home/airflow/.local/lib/python3.12/site-packages/airflow/example_dags/example_python_decorator.py took 0.044 seconds
[2024-10-17T19:37:05.534+0000] {processor.py:186} INFO - Started process (PID=512) to work on /home/airflow/.local/lib/python3.12/site-packages/airflow/example_dags/example_python_decorator.py
[2024-10-17T19:37:05.535+0000] {processor.py:914} INFO - Processing file /home/airflow/.local/lib/python3.12/site-packages/airflow/example_dags/example_python_decorator.py for tasks to queue
[2024-10-17T19:37:05.536+0000] {logging_mixin.py:190} INFO - [2024-10-17T19:37:05.536+0000] {dagbag.py:588} INFO - Filling up the DagBag from /home/airflow/.local/lib/python3.12/site-packages/airflow/example_dags/example_python_decorator.py
[2024-10-17T19:37:05.544+0000] {processor.py:925} INFO - DAG(s) 'example_python_decorator' retrieved from /home/airflow/.local/lib/python3.12/site-packages/airflow/example_dags/example_python_decorator.py
[2024-10-17T19:37:05.556+0000] {logging_mixin.py:190} INFO - [2024-10-17T19:37:05.555+0000] {dag.py:3239} INFO - Sync 1 DAGs
[2024-10-17T19:37:05.562+0000] {logging_mixin.py:190} INFO - [2024-10-17T19:37:05.562+0000] {dag.py:4180} INFO - Setting next_dagrun for example_python_decorator to None, run_after=None
[2024-10-17T19:37:05.570+0000] {processor.py:208} INFO - Processing /home/airflow/.local/lib/python3.12/site-packages/airflow/example_dags/example_python_decorator.py took 0.039 seconds
[2024-10-17T19:39:18.134+0000] {processor.py:186} INFO - Started process (PID=70) to work on /home/airflow/.local/lib/python3.12/site-packages/airflow/example_dags/example_python_decorator.py
[2024-10-17T19:39:18.135+0000] {processor.py:914} INFO - Processing file /home/airflow/.local/lib/python3.12/site-packages/airflow/example_dags/example_python_decorator.py for tasks to queue
[2024-10-17T19:39:18.136+0000] {logging_mixin.py:190} INFO - [2024-10-17T19:39:18.136+0000] {dagbag.py:588} INFO - Filling up the DagBag from /home/airflow/.local/lib/python3.12/site-packages/airflow/example_dags/example_python_decorator.py
[2024-10-17T19:39:18.146+0000] {processor.py:925} INFO - DAG(s) 'example_python_decorator' retrieved from /home/airflow/.local/lib/python3.12/site-packages/airflow/example_dags/example_python_decorator.py
[2024-10-17T19:39:18.200+0000] {logging_mixin.py:190} INFO - [2024-10-17T19:39:18.199+0000] {override.py:1900} INFO - Created Permission View: can read on DAG:example_python_decorator
[2024-10-17T19:39:18.204+0000] {logging_mixin.py:190} INFO - [2024-10-17T19:39:18.204+0000] {override.py:1900} INFO - Created Permission View: can delete on DAG:example_python_decorator
[2024-10-17T19:39:18.206+0000] {logging_mixin.py:190} INFO - [2024-10-17T19:39:18.206+0000] {override.py:1900} INFO - Created Permission View: can edit on DAG:example_python_decorator
[2024-10-17T19:39:18.209+0000] {logging_mixin.py:190} INFO - [2024-10-17T19:39:18.209+0000] {override.py:1900} INFO - Created Permission View: can read on DAG Run:example_python_decorator
[2024-10-17T19:39:18.211+0000] {logging_mixin.py:190} INFO - [2024-10-17T19:39:18.211+0000] {override.py:1900} INFO - Created Permission View: can create on DAG Run:example_python_decorator
[2024-10-17T19:39:18.214+0000] {logging_mixin.py:190} INFO - [2024-10-17T19:39:18.214+0000] {override.py:1900} INFO - Created Permission View: can delete on DAG Run:example_python_decorator
[2024-10-17T19:39:18.217+0000] {logging_mixin.py:190} INFO - [2024-10-17T19:39:18.217+0000] {override.py:1900} INFO - Created Permission View: menu access on DAG Run:example_python_decorator
[2024-10-17T19:39:18.217+0000] {logging_mixin.py:190} INFO - [2024-10-17T19:39:18.217+0000] {dag.py:3239} INFO - Sync 1 DAGs
[2024-10-17T19:39:18.223+0000] {logging_mixin.py:190} INFO - [2024-10-17T19:39:18.223+0000] {dag.py:3262} INFO - Creating ORM DAG for example_python_decorator
[2024-10-17T19:39:18.223+0000] {logging_mixin.py:190} INFO - [2024-10-17T19:39:18.223+0000] {dag.py:4180} INFO - Setting next_dagrun for example_python_decorator to None, run_after=None
[2024-10-17T19:39:18.230+0000] {processor.py:208} INFO - Processing /home/airflow/.local/lib/python3.12/site-packages/airflow/example_dags/example_python_decorator.py took 0.100 seconds
[2024-10-17T19:39:48.671+0000] {processor.py:186} INFO - Started process (PID=133) to work on /home/airflow/.local/lib/python3.12/site-packages/airflow/example_dags/example_python_decorator.py
[2024-10-17T19:39:48.672+0000] {processor.py:914} INFO - Processing file /home/airflow/.local/lib/python3.12/site-packages/airflow/example_dags/example_python_decorator.py for tasks to queue
[2024-10-17T19:39:48.673+0000] {logging_mixin.py:190} INFO - [2024-10-17T19:39:48.673+0000] {dagbag.py:588} INFO - Filling up the DagBag from /home/airflow/.local/lib/python3.12/site-packages/airflow/example_dags/example_python_decorator.py
[2024-10-17T19:39:48.682+0000] {processor.py:925} INFO - DAG(s) 'example_python_decorator' retrieved from /home/airflow/.local/lib/python3.12/site-packages/airflow/example_dags/example_python_decorator.py
[2024-10-17T19:39:48.694+0000] {logging_mixin.py:190} INFO - [2024-10-17T19:39:48.693+0000] {dag.py:3239} INFO - Sync 1 DAGs
[2024-10-17T19:39:48.700+0000] {logging_mixin.py:190} INFO - [2024-10-17T19:39:48.700+0000] {dag.py:4180} INFO - Setting next_dagrun for example_python_decorator to None, run_after=None
[2024-10-17T19:39:48.710+0000] {processor.py:208} INFO - Processing /home/airflow/.local/lib/python3.12/site-packages/airflow/example_dags/example_python_decorator.py took 0.043 seconds
[2024-10-17T19:40:19.033+0000] {processor.py:186} INFO - Started process (PID=196) to work on /home/airflow/.local/lib/python3.12/site-packages/airflow/example_dags/example_python_decorator.py
[2024-10-17T19:40:19.034+0000] {processor.py:914} INFO - Processing file /home/airflow/.local/lib/python3.12/site-packages/airflow/example_dags/example_python_decorator.py for tasks to queue
[2024-10-17T19:40:19.036+0000] {logging_mixin.py:190} INFO - [2024-10-17T19:40:19.035+0000] {dagbag.py:588} INFO - Filling up the DagBag from /home/airflow/.local/lib/python3.12/site-packages/airflow/example_dags/example_python_decorator.py
[2024-10-17T19:40:19.044+0000] {processor.py:925} INFO - DAG(s) 'example_python_decorator' retrieved from /home/airflow/.local/lib/python3.12/site-packages/airflow/example_dags/example_python_decorator.py
[2024-10-17T19:40:19.056+0000] {logging_mixin.py:190} INFO - [2024-10-17T19:40:19.055+0000] {dag.py:3239} INFO - Sync 1 DAGs
[2024-10-17T19:40:19.063+0000] {logging_mixin.py:190} INFO - [2024-10-17T19:40:19.062+0000] {dag.py:4180} INFO - Setting next_dagrun for example_python_decorator to None, run_after=None
[2024-10-17T19:40:19.071+0000] {processor.py:208} INFO - Processing /home/airflow/.local/lib/python3.12/site-packages/airflow/example_dags/example_python_decorator.py took 0.041 seconds
[2024-10-17T19:40:49.379+0000] {processor.py:186} INFO - Started process (PID=259) to work on /home/airflow/.local/lib/python3.12/site-packages/airflow/example_dags/example_python_decorator.py
[2024-10-17T19:40:49.380+0000] {processor.py:914} INFO - Processing file /home/airflow/.local/lib/python3.12/site-packages/airflow/example_dags/example_python_decorator.py for tasks to queue
[2024-10-17T19:40:49.381+0000] {logging_mixin.py:190} INFO - [2024-10-17T19:40:49.381+0000] {dagbag.py:588} INFO - Filling up the DagBag from /home/airflow/.local/lib/python3.12/site-packages/airflow/example_dags/example_python_decorator.py
[2024-10-17T19:40:49.389+0000] {processor.py:925} INFO - DAG(s) 'example_python_decorator' retrieved from /home/airflow/.local/lib/python3.12/site-packages/airflow/example_dags/example_python_decorator.py
[2024-10-17T19:40:49.400+0000] {logging_mixin.py:190} INFO - [2024-10-17T19:40:49.400+0000] {dag.py:3239} INFO - Sync 1 DAGs
[2024-10-17T19:40:49.408+0000] {logging_mixin.py:190} INFO - [2024-10-17T19:40:49.408+0000] {dag.py:4180} INFO - Setting next_dagrun for example_python_decorator to None, run_after=None
[2024-10-17T19:40:49.416+0000] {processor.py:208} INFO - Processing /home/airflow/.local/lib/python3.12/site-packages/airflow/example_dags/example_python_decorator.py took 0.039 seconds
[2024-10-17T19:41:19.972+0000] {processor.py:186} INFO - Started process (PID=322) to work on /home/airflow/.local/lib/python3.12/site-packages/airflow/example_dags/example_python_decorator.py
[2024-10-17T19:41:19.973+0000] {processor.py:914} INFO - Processing file /home/airflow/.local/lib/python3.12/site-packages/airflow/example_dags/example_python_decorator.py for tasks to queue
[2024-10-17T19:41:19.976+0000] {logging_mixin.py:190} INFO - [2024-10-17T19:41:19.975+0000] {dagbag.py:588} INFO - Filling up the DagBag from /home/airflow/.local/lib/python3.12/site-packages/airflow/example_dags/example_python_decorator.py
[2024-10-17T19:41:19.987+0000] {processor.py:925} INFO - DAG(s) 'example_python_decorator' retrieved from /home/airflow/.local/lib/python3.12/site-packages/airflow/example_dags/example_python_decorator.py
[2024-10-17T19:41:20.006+0000] {logging_mixin.py:190} INFO - [2024-10-17T19:41:20.006+0000] {dag.py:3239} INFO - Sync 1 DAGs
[2024-10-17T19:41:20.015+0000] {logging_mixin.py:190} INFO - [2024-10-17T19:41:20.015+0000] {dag.py:4180} INFO - Setting next_dagrun for example_python_decorator to None, run_after=None
[2024-10-17T19:41:20.026+0000] {processor.py:208} INFO - Processing /home/airflow/.local/lib/python3.12/site-packages/airflow/example_dags/example_python_decorator.py took 0.057 seconds
[2024-10-17T19:41:50.761+0000] {processor.py:186} INFO - Started process (PID=385) to work on /home/airflow/.local/lib/python3.12/site-packages/airflow/example_dags/example_python_decorator.py
[2024-10-17T19:41:50.762+0000] {processor.py:914} INFO - Processing file /home/airflow/.local/lib/python3.12/site-packages/airflow/example_dags/example_python_decorator.py for tasks to queue
[2024-10-17T19:41:50.763+0000] {logging_mixin.py:190} INFO - [2024-10-17T19:41:50.763+0000] {dagbag.py:588} INFO - Filling up the DagBag from /home/airflow/.local/lib/python3.12/site-packages/airflow/example_dags/example_python_decorator.py
[2024-10-17T19:41:50.771+0000] {processor.py:925} INFO - DAG(s) 'example_python_decorator' retrieved from /home/airflow/.local/lib/python3.12/site-packages/airflow/example_dags/example_python_decorator.py
[2024-10-17T19:41:50.783+0000] {logging_mixin.py:190} INFO - [2024-10-17T19:41:50.783+0000] {dag.py:3239} INFO - Sync 1 DAGs
[2024-10-17T19:41:50.791+0000] {logging_mixin.py:190} INFO - [2024-10-17T19:41:50.790+0000] {dag.py:4180} INFO - Setting next_dagrun for example_python_decorator to None, run_after=None
[2024-10-17T19:41:50.800+0000] {processor.py:208} INFO - Processing /home/airflow/.local/lib/python3.12/site-packages/airflow/example_dags/example_python_decorator.py took 0.043 seconds
[2024-10-17T19:42:21.229+0000] {processor.py:186} INFO - Started process (PID=448) to work on /home/airflow/.local/lib/python3.12/site-packages/airflow/example_dags/example_python_decorator.py
[2024-10-17T19:42:21.230+0000] {processor.py:914} INFO - Processing file /home/airflow/.local/lib/python3.12/site-packages/airflow/example_dags/example_python_decorator.py for tasks to queue
[2024-10-17T19:42:21.231+0000] {logging_mixin.py:190} INFO - [2024-10-17T19:42:21.231+0000] {dagbag.py:588} INFO - Filling up the DagBag from /home/airflow/.local/lib/python3.12/site-packages/airflow/example_dags/example_python_decorator.py
[2024-10-17T19:42:21.240+0000] {processor.py:925} INFO - DAG(s) 'example_python_decorator' retrieved from /home/airflow/.local/lib/python3.12/site-packages/airflow/example_dags/example_python_decorator.py
[2024-10-17T19:42:21.252+0000] {logging_mixin.py:190} INFO - [2024-10-17T19:42:21.252+0000] {dag.py:3239} INFO - Sync 1 DAGs
[2024-10-17T19:42:21.259+0000] {logging_mixin.py:190} INFO - [2024-10-17T19:42:21.259+0000] {dag.py:4180} INFO - Setting next_dagrun for example_python_decorator to None, run_after=None
[2024-10-17T19:42:21.268+0000] {processor.py:208} INFO - Processing /home/airflow/.local/lib/python3.12/site-packages/airflow/example_dags/example_python_decorator.py took 0.043 seconds
[2024-10-17T19:44:00.103+0000] {processor.py:186} INFO - Started process (PID=70) to work on /home/airflow/.local/lib/python3.12/site-packages/airflow/example_dags/example_python_decorator.py
[2024-10-17T19:44:00.104+0000] {processor.py:914} INFO - Processing file /home/airflow/.local/lib/python3.12/site-packages/airflow/example_dags/example_python_decorator.py for tasks to queue
[2024-10-17T19:44:00.106+0000] {logging_mixin.py:190} INFO - [2024-10-17T19:44:00.106+0000] {dagbag.py:588} INFO - Filling up the DagBag from /home/airflow/.local/lib/python3.12/site-packages/airflow/example_dags/example_python_decorator.py
[2024-10-17T19:44:00.120+0000] {processor.py:925} INFO - DAG(s) 'example_python_decorator' retrieved from /home/airflow/.local/lib/python3.12/site-packages/airflow/example_dags/example_python_decorator.py
[2024-10-17T19:44:00.174+0000] {logging_mixin.py:190} INFO - [2024-10-17T19:44:00.174+0000] {override.py:1900} INFO - Created Permission View: can delete on DAG:example_python_decorator
[2024-10-17T19:44:00.179+0000] {logging_mixin.py:190} INFO - [2024-10-17T19:44:00.179+0000] {override.py:1900} INFO - Created Permission View: can edit on DAG:example_python_decorator
[2024-10-17T19:44:00.183+0000] {logging_mixin.py:190} INFO - [2024-10-17T19:44:00.183+0000] {override.py:1900} INFO - Created Permission View: can read on DAG:example_python_decorator
[2024-10-17T19:44:00.186+0000] {logging_mixin.py:190} INFO - [2024-10-17T19:44:00.186+0000] {override.py:1900} INFO - Created Permission View: can delete on DAG Run:example_python_decorator
[2024-10-17T19:44:00.190+0000] {logging_mixin.py:190} INFO - [2024-10-17T19:44:00.190+0000] {override.py:1900} INFO - Created Permission View: can create on DAG Run:example_python_decorator
[2024-10-17T19:44:00.193+0000] {logging_mixin.py:190} INFO - [2024-10-17T19:44:00.193+0000] {override.py:1900} INFO - Created Permission View: menu access on DAG Run:example_python_decorator
[2024-10-17T19:44:00.196+0000] {logging_mixin.py:190} INFO - [2024-10-17T19:44:00.196+0000] {override.py:1900} INFO - Created Permission View: can read on DAG Run:example_python_decorator
[2024-10-17T19:44:00.196+0000] {logging_mixin.py:190} INFO - [2024-10-17T19:44:00.196+0000] {dag.py:3239} INFO - Sync 1 DAGs
[2024-10-17T19:44:00.202+0000] {logging_mixin.py:190} INFO - [2024-10-17T19:44:00.202+0000] {dag.py:3262} INFO - Creating ORM DAG for example_python_decorator
[2024-10-17T19:44:00.203+0000] {logging_mixin.py:190} INFO - [2024-10-17T19:44:00.203+0000] {dag.py:4180} INFO - Setting next_dagrun for example_python_decorator to None, run_after=None
[2024-10-17T19:44:00.211+0000] {processor.py:208} INFO - Processing /home/airflow/.local/lib/python3.12/site-packages/airflow/example_dags/example_python_decorator.py took 0.112 seconds
[2024-10-17T19:44:31.013+0000] {processor.py:186} INFO - Started process (PID=133) to work on /home/airflow/.local/lib/python3.12/site-packages/airflow/example_dags/example_python_decorator.py
[2024-10-17T19:44:31.014+0000] {processor.py:914} INFO - Processing file /home/airflow/.local/lib/python3.12/site-packages/airflow/example_dags/example_python_decorator.py for tasks to queue
[2024-10-17T19:44:31.015+0000] {logging_mixin.py:190} INFO - [2024-10-17T19:44:31.015+0000] {dagbag.py:588} INFO - Filling up the DagBag from /home/airflow/.local/lib/python3.12/site-packages/airflow/example_dags/example_python_decorator.py
[2024-10-17T19:44:31.024+0000] {processor.py:925} INFO - DAG(s) 'example_python_decorator' retrieved from /home/airflow/.local/lib/python3.12/site-packages/airflow/example_dags/example_python_decorator.py
[2024-10-17T19:44:31.036+0000] {logging_mixin.py:190} INFO - [2024-10-17T19:44:31.036+0000] {dag.py:3239} INFO - Sync 1 DAGs
[2024-10-17T19:44:31.044+0000] {logging_mixin.py:190} INFO - [2024-10-17T19:44:31.043+0000] {dag.py:4180} INFO - Setting next_dagrun for example_python_decorator to None, run_after=None
[2024-10-17T19:44:31.052+0000] {processor.py:208} INFO - Processing /home/airflow/.local/lib/python3.12/site-packages/airflow/example_dags/example_python_decorator.py took 0.043 seconds
[2024-10-17T19:45:01.587+0000] {processor.py:186} INFO - Started process (PID=196) to work on /home/airflow/.local/lib/python3.12/site-packages/airflow/example_dags/example_python_decorator.py
[2024-10-17T19:45:01.587+0000] {processor.py:914} INFO - Processing file /home/airflow/.local/lib/python3.12/site-packages/airflow/example_dags/example_python_decorator.py for tasks to queue
[2024-10-17T19:45:01.589+0000] {logging_mixin.py:190} INFO - [2024-10-17T19:45:01.588+0000] {dagbag.py:588} INFO - Filling up the DagBag from /home/airflow/.local/lib/python3.12/site-packages/airflow/example_dags/example_python_decorator.py
[2024-10-17T19:45:01.597+0000] {processor.py:925} INFO - DAG(s) 'example_python_decorator' retrieved from /home/airflow/.local/lib/python3.12/site-packages/airflow/example_dags/example_python_decorator.py
[2024-10-17T19:45:01.608+0000] {logging_mixin.py:190} INFO - [2024-10-17T19:45:01.608+0000] {dag.py:3239} INFO - Sync 1 DAGs
[2024-10-17T19:45:01.614+0000] {logging_mixin.py:190} INFO - [2024-10-17T19:45:01.614+0000] {dag.py:4180} INFO - Setting next_dagrun for example_python_decorator to None, run_after=None
[2024-10-17T19:45:01.622+0000] {processor.py:208} INFO - Processing /home/airflow/.local/lib/python3.12/site-packages/airflow/example_dags/example_python_decorator.py took 0.039 seconds
[2024-10-17T19:45:32.171+0000] {processor.py:186} INFO - Started process (PID=259) to work on /home/airflow/.local/lib/python3.12/site-packages/airflow/example_dags/example_python_decorator.py
[2024-10-17T19:45:32.172+0000] {processor.py:914} INFO - Processing file /home/airflow/.local/lib/python3.12/site-packages/airflow/example_dags/example_python_decorator.py for tasks to queue
[2024-10-17T19:45:32.173+0000] {logging_mixin.py:190} INFO - [2024-10-17T19:45:32.173+0000] {dagbag.py:588} INFO - Filling up the DagBag from /home/airflow/.local/lib/python3.12/site-packages/airflow/example_dags/example_python_decorator.py
[2024-10-17T19:45:32.182+0000] {processor.py:925} INFO - DAG(s) 'example_python_decorator' retrieved from /home/airflow/.local/lib/python3.12/site-packages/airflow/example_dags/example_python_decorator.py
[2024-10-17T19:45:32.193+0000] {logging_mixin.py:190} INFO - [2024-10-17T19:45:32.193+0000] {dag.py:3239} INFO - Sync 1 DAGs
[2024-10-17T19:45:32.200+0000] {logging_mixin.py:190} INFO - [2024-10-17T19:45:32.200+0000] {dag.py:4180} INFO - Setting next_dagrun for example_python_decorator to None, run_after=None
[2024-10-17T19:45:32.208+0000] {processor.py:208} INFO - Processing /home/airflow/.local/lib/python3.12/site-packages/airflow/example_dags/example_python_decorator.py took 0.041 seconds
[2024-10-17T19:46:02.706+0000] {processor.py:186} INFO - Started process (PID=322) to work on /home/airflow/.local/lib/python3.12/site-packages/airflow/example_dags/example_python_decorator.py
[2024-10-17T19:46:02.707+0000] {processor.py:914} INFO - Processing file /home/airflow/.local/lib/python3.12/site-packages/airflow/example_dags/example_python_decorator.py for tasks to queue
[2024-10-17T19:46:02.708+0000] {logging_mixin.py:190} INFO - [2024-10-17T19:46:02.708+0000] {dagbag.py:588} INFO - Filling up the DagBag from /home/airflow/.local/lib/python3.12/site-packages/airflow/example_dags/example_python_decorator.py
[2024-10-17T19:46:02.718+0000] {processor.py:925} INFO - DAG(s) 'example_python_decorator' retrieved from /home/airflow/.local/lib/python3.12/site-packages/airflow/example_dags/example_python_decorator.py
[2024-10-17T19:46:02.732+0000] {logging_mixin.py:190} INFO - [2024-10-17T19:46:02.731+0000] {dag.py:3239} INFO - Sync 1 DAGs
[2024-10-17T19:46:02.740+0000] {logging_mixin.py:190} INFO - [2024-10-17T19:46:02.739+0000] {dag.py:4180} INFO - Setting next_dagrun for example_python_decorator to None, run_after=None
[2024-10-17T19:46:02.753+0000] {processor.py:208} INFO - Processing /home/airflow/.local/lib/python3.12/site-packages/airflow/example_dags/example_python_decorator.py took 0.051 seconds
[2024-10-17T19:46:33.105+0000] {processor.py:186} INFO - Started process (PID=385) to work on /home/airflow/.local/lib/python3.12/site-packages/airflow/example_dags/example_python_decorator.py
[2024-10-17T19:46:33.106+0000] {processor.py:914} INFO - Processing file /home/airflow/.local/lib/python3.12/site-packages/airflow/example_dags/example_python_decorator.py for tasks to queue
[2024-10-17T19:46:33.108+0000] {logging_mixin.py:190} INFO - [2024-10-17T19:46:33.107+0000] {dagbag.py:588} INFO - Filling up the DagBag from /home/airflow/.local/lib/python3.12/site-packages/airflow/example_dags/example_python_decorator.py
[2024-10-17T19:46:33.116+0000] {processor.py:925} INFO - DAG(s) 'example_python_decorator' retrieved from /home/airflow/.local/lib/python3.12/site-packages/airflow/example_dags/example_python_decorator.py
[2024-10-17T19:46:33.128+0000] {logging_mixin.py:190} INFO - [2024-10-17T19:46:33.128+0000] {dag.py:3239} INFO - Sync 1 DAGs
[2024-10-17T19:46:33.136+0000] {logging_mixin.py:190} INFO - [2024-10-17T19:46:33.136+0000] {dag.py:4180} INFO - Setting next_dagrun for example_python_decorator to None, run_after=None
[2024-10-17T19:46:33.144+0000] {processor.py:208} INFO - Processing /home/airflow/.local/lib/python3.12/site-packages/airflow/example_dags/example_python_decorator.py took 0.043 seconds
[2024-10-17T19:47:03.624+0000] {processor.py:186} INFO - Started process (PID=448) to work on /home/airflow/.local/lib/python3.12/site-packages/airflow/example_dags/example_python_decorator.py
[2024-10-17T19:47:03.624+0000] {processor.py:914} INFO - Processing file /home/airflow/.local/lib/python3.12/site-packages/airflow/example_dags/example_python_decorator.py for tasks to queue
[2024-10-17T19:47:03.626+0000] {logging_mixin.py:190} INFO - [2024-10-17T19:47:03.626+0000] {dagbag.py:588} INFO - Filling up the DagBag from /home/airflow/.local/lib/python3.12/site-packages/airflow/example_dags/example_python_decorator.py
[2024-10-17T19:47:03.635+0000] {processor.py:925} INFO - DAG(s) 'example_python_decorator' retrieved from /home/airflow/.local/lib/python3.12/site-packages/airflow/example_dags/example_python_decorator.py
[2024-10-17T19:47:03.647+0000] {logging_mixin.py:190} INFO - [2024-10-17T19:47:03.647+0000] {dag.py:3239} INFO - Sync 1 DAGs
[2024-10-17T19:47:03.654+0000] {logging_mixin.py:190} INFO - [2024-10-17T19:47:03.654+0000] {dag.py:4180} INFO - Setting next_dagrun for example_python_decorator to None, run_after=None
[2024-10-17T19:47:03.663+0000] {processor.py:208} INFO - Processing /home/airflow/.local/lib/python3.12/site-packages/airflow/example_dags/example_python_decorator.py took 0.043 seconds
[2024-10-17T19:47:34.256+0000] {processor.py:186} INFO - Started process (PID=511) to work on /home/airflow/.local/lib/python3.12/site-packages/airflow/example_dags/example_python_decorator.py
[2024-10-17T19:47:34.257+0000] {processor.py:914} INFO - Processing file /home/airflow/.local/lib/python3.12/site-packages/airflow/example_dags/example_python_decorator.py for tasks to queue
[2024-10-17T19:47:34.258+0000] {logging_mixin.py:190} INFO - [2024-10-17T19:47:34.258+0000] {dagbag.py:588} INFO - Filling up the DagBag from /home/airflow/.local/lib/python3.12/site-packages/airflow/example_dags/example_python_decorator.py
[2024-10-17T19:47:34.267+0000] {processor.py:925} INFO - DAG(s) 'example_python_decorator' retrieved from /home/airflow/.local/lib/python3.12/site-packages/airflow/example_dags/example_python_decorator.py
[2024-10-17T19:47:34.280+0000] {logging_mixin.py:190} INFO - [2024-10-17T19:47:34.280+0000] {dag.py:3239} INFO - Sync 1 DAGs
[2024-10-17T19:47:34.288+0000] {logging_mixin.py:190} INFO - [2024-10-17T19:47:34.288+0000] {dag.py:4180} INFO - Setting next_dagrun for example_python_decorator to None, run_after=None
[2024-10-17T19:47:34.298+0000] {processor.py:208} INFO - Processing /home/airflow/.local/lib/python3.12/site-packages/airflow/example_dags/example_python_decorator.py took 0.046 seconds
[2024-10-17T19:48:04.722+0000] {processor.py:186} INFO - Started process (PID=574) to work on /home/airflow/.local/lib/python3.12/site-packages/airflow/example_dags/example_python_decorator.py
[2024-10-17T19:48:04.723+0000] {processor.py:914} INFO - Processing file /home/airflow/.local/lib/python3.12/site-packages/airflow/example_dags/example_python_decorator.py for tasks to queue
[2024-10-17T19:48:04.725+0000] {logging_mixin.py:190} INFO - [2024-10-17T19:48:04.725+0000] {dagbag.py:588} INFO - Filling up the DagBag from /home/airflow/.local/lib/python3.12/site-packages/airflow/example_dags/example_python_decorator.py
[2024-10-17T19:48:04.733+0000] {processor.py:925} INFO - DAG(s) 'example_python_decorator' retrieved from /home/airflow/.local/lib/python3.12/site-packages/airflow/example_dags/example_python_decorator.py
[2024-10-17T19:48:04.745+0000] {logging_mixin.py:190} INFO - [2024-10-17T19:48:04.745+0000] {dag.py:3239} INFO - Sync 1 DAGs
[2024-10-17T19:48:04.752+0000] {logging_mixin.py:190} INFO - [2024-10-17T19:48:04.752+0000] {dag.py:4180} INFO - Setting next_dagrun for example_python_decorator to None, run_after=None
[2024-10-17T19:48:04.760+0000] {processor.py:208} INFO - Processing /home/airflow/.local/lib/python3.12/site-packages/airflow/example_dags/example_python_decorator.py took 0.041 seconds
