[2024-10-17T17:10:32.179+0000] {processor.py:186} INFO - Started process (PID=38) to work on /home/airflow/.local/lib/python3.12/site-packages/airflow/example_dags/example_display_name.py
[2024-10-17T17:10:32.180+0000] {processor.py:914} INFO - Processing file /home/airflow/.local/lib/python3.12/site-packages/airflow/example_dags/example_display_name.py for tasks to queue
[2024-10-17T17:10:32.182+0000] {logging_mixin.py:190} INFO - [2024-10-17T17:10:32.182+0000] {dagbag.py:588} INFO - Filling up the DagBag from /home/airflow/.local/lib/python3.12/site-packages/airflow/example_dags/example_display_name.py
[2024-10-17T17:10:32.188+0000] {processor.py:925} INFO - DAG(s) 'example_display_name' retrieved from /home/airflow/.local/lib/python3.12/site-packages/airflow/example_dags/example_display_name.py
[2024-10-17T17:10:32.277+0000] {logging_mixin.py:190} INFO - [2024-10-17T17:10:32.276+0000] {override.py:1900} INFO - Created Permission View: can delete on DAG:example_display_name
[2024-10-17T17:10:32.282+0000] {logging_mixin.py:190} INFO - [2024-10-17T17:10:32.282+0000] {override.py:1900} INFO - Created Permission View: can edit on DAG:example_display_name
[2024-10-17T17:10:32.285+0000] {logging_mixin.py:190} INFO - [2024-10-17T17:10:32.285+0000] {override.py:1900} INFO - Created Permission View: can read on DAG:example_display_name
[2024-10-17T17:10:32.288+0000] {logging_mixin.py:190} INFO - [2024-10-17T17:10:32.288+0000] {override.py:1900} INFO - Created Permission View: can create on DAG Run:example_display_name
[2024-10-17T17:10:32.291+0000] {logging_mixin.py:190} INFO - [2024-10-17T17:10:32.290+0000] {override.py:1900} INFO - Created Permission View: can delete on DAG Run:example_display_name
[2024-10-17T17:10:32.294+0000] {logging_mixin.py:190} INFO - [2024-10-17T17:10:32.294+0000] {override.py:1900} INFO - Created Permission View: can read on DAG Run:example_display_name
[2024-10-17T17:10:32.297+0000] {logging_mixin.py:190} INFO - [2024-10-17T17:10:32.297+0000] {override.py:1900} INFO - Created Permission View: menu access on DAG Run:example_display_name
[2024-10-17T17:10:32.297+0000] {logging_mixin.py:190} INFO - [2024-10-17T17:10:32.297+0000] {dag.py:3239} INFO - Sync 1 DAGs
[2024-10-17T17:10:32.308+0000] {logging_mixin.py:190} INFO - [2024-10-17T17:10:32.308+0000] {dag.py:3262} INFO - Creating ORM DAG for example_display_name
[2024-10-17T17:10:32.309+0000] {logging_mixin.py:190} INFO - [2024-10-17T17:10:32.309+0000] {dag.py:4180} INFO - Setting next_dagrun for example_display_name to None, run_after=None
[2024-10-17T17:10:32.325+0000] {processor.py:208} INFO - Processing /home/airflow/.local/lib/python3.12/site-packages/airflow/example_dags/example_display_name.py took 0.150 seconds
[2024-10-17T17:11:03.209+0000] {processor.py:186} INFO - Started process (PID=100) to work on /home/airflow/.local/lib/python3.12/site-packages/airflow/example_dags/example_display_name.py
[2024-10-17T17:11:03.210+0000] {processor.py:914} INFO - Processing file /home/airflow/.local/lib/python3.12/site-packages/airflow/example_dags/example_display_name.py for tasks to queue
[2024-10-17T17:11:03.211+0000] {logging_mixin.py:190} INFO - [2024-10-17T17:11:03.211+0000] {dagbag.py:588} INFO - Filling up the DagBag from /home/airflow/.local/lib/python3.12/site-packages/airflow/example_dags/example_display_name.py
[2024-10-17T17:11:03.215+0000] {processor.py:925} INFO - DAG(s) 'example_display_name' retrieved from /home/airflow/.local/lib/python3.12/site-packages/airflow/example_dags/example_display_name.py
[2024-10-17T17:11:03.227+0000] {logging_mixin.py:190} INFO - [2024-10-17T17:11:03.226+0000] {dag.py:3239} INFO - Sync 1 DAGs
[2024-10-17T17:11:03.234+0000] {logging_mixin.py:190} INFO - [2024-10-17T17:11:03.234+0000] {dag.py:4180} INFO - Setting next_dagrun for example_display_name to None, run_after=None
[2024-10-17T17:11:03.243+0000] {processor.py:208} INFO - Processing /home/airflow/.local/lib/python3.12/site-packages/airflow/example_dags/example_display_name.py took 0.037 seconds
[2024-10-17T17:11:33.510+0000] {processor.py:186} INFO - Started process (PID=162) to work on /home/airflow/.local/lib/python3.12/site-packages/airflow/example_dags/example_display_name.py
[2024-10-17T17:11:33.511+0000] {processor.py:914} INFO - Processing file /home/airflow/.local/lib/python3.12/site-packages/airflow/example_dags/example_display_name.py for tasks to queue
[2024-10-17T17:11:33.512+0000] {logging_mixin.py:190} INFO - [2024-10-17T17:11:33.512+0000] {dagbag.py:588} INFO - Filling up the DagBag from /home/airflow/.local/lib/python3.12/site-packages/airflow/example_dags/example_display_name.py
[2024-10-17T17:11:33.517+0000] {processor.py:925} INFO - DAG(s) 'example_display_name' retrieved from /home/airflow/.local/lib/python3.12/site-packages/airflow/example_dags/example_display_name.py
[2024-10-17T17:11:33.528+0000] {logging_mixin.py:190} INFO - [2024-10-17T17:11:33.528+0000] {dag.py:3239} INFO - Sync 1 DAGs
[2024-10-17T17:11:33.535+0000] {logging_mixin.py:190} INFO - [2024-10-17T17:11:33.535+0000] {dag.py:4180} INFO - Setting next_dagrun for example_display_name to None, run_after=None
[2024-10-17T17:11:33.544+0000] {processor.py:208} INFO - Processing /home/airflow/.local/lib/python3.12/site-packages/airflow/example_dags/example_display_name.py took 0.038 seconds
[2024-10-17T17:12:03.877+0000] {processor.py:186} INFO - Started process (PID=224) to work on /home/airflow/.local/lib/python3.12/site-packages/airflow/example_dags/example_display_name.py
[2024-10-17T17:12:03.878+0000] {processor.py:914} INFO - Processing file /home/airflow/.local/lib/python3.12/site-packages/airflow/example_dags/example_display_name.py for tasks to queue
[2024-10-17T17:12:03.880+0000] {logging_mixin.py:190} INFO - [2024-10-17T17:12:03.879+0000] {dagbag.py:588} INFO - Filling up the DagBag from /home/airflow/.local/lib/python3.12/site-packages/airflow/example_dags/example_display_name.py
[2024-10-17T17:12:03.884+0000] {processor.py:925} INFO - DAG(s) 'example_display_name' retrieved from /home/airflow/.local/lib/python3.12/site-packages/airflow/example_dags/example_display_name.py
[2024-10-17T17:12:03.896+0000] {logging_mixin.py:190} INFO - [2024-10-17T17:12:03.896+0000] {dag.py:3239} INFO - Sync 1 DAGs
[2024-10-17T17:12:03.903+0000] {logging_mixin.py:190} INFO - [2024-10-17T17:12:03.903+0000] {dag.py:4180} INFO - Setting next_dagrun for example_display_name to None, run_after=None
[2024-10-17T17:12:03.912+0000] {processor.py:208} INFO - Processing /home/airflow/.local/lib/python3.12/site-packages/airflow/example_dags/example_display_name.py took 0.038 seconds
[2024-10-17T19:26:33.527+0000] {processor.py:186} INFO - Started process (PID=57) to work on /home/airflow/.local/lib/python3.12/site-packages/airflow/example_dags/example_display_name.py
[2024-10-17T19:26:33.527+0000] {processor.py:914} INFO - Processing file /home/airflow/.local/lib/python3.12/site-packages/airflow/example_dags/example_display_name.py for tasks to queue
[2024-10-17T19:26:33.529+0000] {logging_mixin.py:190} INFO - [2024-10-17T19:26:33.529+0000] {dagbag.py:588} INFO - Filling up the DagBag from /home/airflow/.local/lib/python3.12/site-packages/airflow/example_dags/example_display_name.py
[2024-10-17T19:26:33.535+0000] {processor.py:925} INFO - DAG(s) 'example_display_name' retrieved from /home/airflow/.local/lib/python3.12/site-packages/airflow/example_dags/example_display_name.py
[2024-10-17T19:26:33.601+0000] {logging_mixin.py:190} INFO - [2024-10-17T19:26:33.600+0000] {override.py:1900} INFO - Created Permission View: can edit on DAG:example_display_name
[2024-10-17T19:26:33.606+0000] {logging_mixin.py:190} INFO - [2024-10-17T19:26:33.606+0000] {override.py:1900} INFO - Created Permission View: can delete on DAG:example_display_name
[2024-10-17T19:26:33.609+0000] {logging_mixin.py:190} INFO - [2024-10-17T19:26:33.609+0000] {override.py:1900} INFO - Created Permission View: can read on DAG:example_display_name
[2024-10-17T19:26:33.612+0000] {logging_mixin.py:190} INFO - [2024-10-17T19:26:33.612+0000] {override.py:1900} INFO - Created Permission View: can delete on DAG Run:example_display_name
[2024-10-17T19:26:33.616+0000] {logging_mixin.py:190} INFO - [2024-10-17T19:26:33.616+0000] {override.py:1900} INFO - Created Permission View: can create on DAG Run:example_display_name
[2024-10-17T19:26:33.620+0000] {logging_mixin.py:190} INFO - [2024-10-17T19:26:33.620+0000] {override.py:1900} INFO - Created Permission View: can read on DAG Run:example_display_name
[2024-10-17T19:26:33.624+0000] {logging_mixin.py:190} INFO - [2024-10-17T19:26:33.624+0000] {override.py:1900} INFO - Created Permission View: menu access on DAG Run:example_display_name
[2024-10-17T19:26:33.625+0000] {logging_mixin.py:190} INFO - [2024-10-17T19:26:33.625+0000] {dag.py:3239} INFO - Sync 1 DAGs
[2024-10-17T19:26:33.635+0000] {logging_mixin.py:190} INFO - [2024-10-17T19:26:33.635+0000] {dag.py:3262} INFO - Creating ORM DAG for example_display_name
[2024-10-17T19:26:33.636+0000] {logging_mixin.py:190} INFO - [2024-10-17T19:26:33.636+0000] {dag.py:4180} INFO - Setting next_dagrun for example_display_name to None, run_after=None
[2024-10-17T19:26:33.644+0000] {processor.py:208} INFO - Processing /home/airflow/.local/lib/python3.12/site-packages/airflow/example_dags/example_display_name.py took 0.121 seconds
[2024-10-17T19:27:03.707+0000] {processor.py:186} INFO - Started process (PID=120) to work on /home/airflow/.local/lib/python3.12/site-packages/airflow/example_dags/example_display_name.py
[2024-10-17T19:27:03.707+0000] {processor.py:914} INFO - Processing file /home/airflow/.local/lib/python3.12/site-packages/airflow/example_dags/example_display_name.py for tasks to queue
[2024-10-17T19:27:03.709+0000] {logging_mixin.py:190} INFO - [2024-10-17T19:27:03.709+0000] {dagbag.py:588} INFO - Filling up the DagBag from /home/airflow/.local/lib/python3.12/site-packages/airflow/example_dags/example_display_name.py
[2024-10-17T19:27:03.714+0000] {processor.py:925} INFO - DAG(s) 'example_display_name' retrieved from /home/airflow/.local/lib/python3.12/site-packages/airflow/example_dags/example_display_name.py
[2024-10-17T19:27:03.725+0000] {logging_mixin.py:190} INFO - [2024-10-17T19:27:03.724+0000] {dag.py:3239} INFO - Sync 1 DAGs
[2024-10-17T19:27:03.731+0000] {logging_mixin.py:190} INFO - [2024-10-17T19:27:03.731+0000] {dag.py:4180} INFO - Setting next_dagrun for example_display_name to None, run_after=None
[2024-10-17T19:27:03.739+0000] {processor.py:208} INFO - Processing /home/airflow/.local/lib/python3.12/site-packages/airflow/example_dags/example_display_name.py took 0.035 seconds
[2024-10-17T19:27:34.221+0000] {processor.py:186} INFO - Started process (PID=183) to work on /home/airflow/.local/lib/python3.12/site-packages/airflow/example_dags/example_display_name.py
[2024-10-17T19:27:34.222+0000] {processor.py:914} INFO - Processing file /home/airflow/.local/lib/python3.12/site-packages/airflow/example_dags/example_display_name.py for tasks to queue
[2024-10-17T19:27:34.223+0000] {logging_mixin.py:190} INFO - [2024-10-17T19:27:34.223+0000] {dagbag.py:588} INFO - Filling up the DagBag from /home/airflow/.local/lib/python3.12/site-packages/airflow/example_dags/example_display_name.py
[2024-10-17T19:27:34.227+0000] {processor.py:925} INFO - DAG(s) 'example_display_name' retrieved from /home/airflow/.local/lib/python3.12/site-packages/airflow/example_dags/example_display_name.py
[2024-10-17T19:27:34.237+0000] {logging_mixin.py:190} INFO - [2024-10-17T19:27:34.237+0000] {dag.py:3239} INFO - Sync 1 DAGs
[2024-10-17T19:27:34.244+0000] {logging_mixin.py:190} INFO - [2024-10-17T19:27:34.244+0000] {dag.py:4180} INFO - Setting next_dagrun for example_display_name to None, run_after=None
[2024-10-17T19:27:34.253+0000] {processor.py:208} INFO - Processing /home/airflow/.local/lib/python3.12/site-packages/airflow/example_dags/example_display_name.py took 0.034 seconds
[2024-10-17T19:28:04.752+0000] {processor.py:186} INFO - Started process (PID=246) to work on /home/airflow/.local/lib/python3.12/site-packages/airflow/example_dags/example_display_name.py
[2024-10-17T19:28:04.752+0000] {processor.py:914} INFO - Processing file /home/airflow/.local/lib/python3.12/site-packages/airflow/example_dags/example_display_name.py for tasks to queue
[2024-10-17T19:28:04.754+0000] {logging_mixin.py:190} INFO - [2024-10-17T19:28:04.754+0000] {dagbag.py:588} INFO - Filling up the DagBag from /home/airflow/.local/lib/python3.12/site-packages/airflow/example_dags/example_display_name.py
[2024-10-17T19:28:04.758+0000] {processor.py:925} INFO - DAG(s) 'example_display_name' retrieved from /home/airflow/.local/lib/python3.12/site-packages/airflow/example_dags/example_display_name.py
[2024-10-17T19:28:04.768+0000] {logging_mixin.py:190} INFO - [2024-10-17T19:28:04.768+0000] {dag.py:3239} INFO - Sync 1 DAGs
[2024-10-17T19:28:04.775+0000] {logging_mixin.py:190} INFO - [2024-10-17T19:28:04.775+0000] {dag.py:4180} INFO - Setting next_dagrun for example_display_name to None, run_after=None
[2024-10-17T19:28:04.783+0000] {processor.py:208} INFO - Processing /home/airflow/.local/lib/python3.12/site-packages/airflow/example_dags/example_display_name.py took 0.034 seconds
[2024-10-17T19:28:35.373+0000] {processor.py:186} INFO - Started process (PID=309) to work on /home/airflow/.local/lib/python3.12/site-packages/airflow/example_dags/example_display_name.py
[2024-10-17T19:28:35.374+0000] {processor.py:914} INFO - Processing file /home/airflow/.local/lib/python3.12/site-packages/airflow/example_dags/example_display_name.py for tasks to queue
[2024-10-17T19:28:35.375+0000] {logging_mixin.py:190} INFO - [2024-10-17T19:28:35.375+0000] {dagbag.py:588} INFO - Filling up the DagBag from /home/airflow/.local/lib/python3.12/site-packages/airflow/example_dags/example_display_name.py
[2024-10-17T19:28:35.381+0000] {processor.py:925} INFO - DAG(s) 'example_display_name' retrieved from /home/airflow/.local/lib/python3.12/site-packages/airflow/example_dags/example_display_name.py
[2024-10-17T19:28:35.392+0000] {logging_mixin.py:190} INFO - [2024-10-17T19:28:35.392+0000] {dag.py:3239} INFO - Sync 1 DAGs
[2024-10-17T19:28:35.400+0000] {logging_mixin.py:190} INFO - [2024-10-17T19:28:35.400+0000] {dag.py:4180} INFO - Setting next_dagrun for example_display_name to None, run_after=None
[2024-10-17T19:28:35.408+0000] {processor.py:208} INFO - Processing /home/airflow/.local/lib/python3.12/site-packages/airflow/example_dags/example_display_name.py took 0.039 seconds
[2024-10-17T19:29:06.126+0000] {processor.py:186} INFO - Started process (PID=372) to work on /home/airflow/.local/lib/python3.12/site-packages/airflow/example_dags/example_display_name.py
[2024-10-17T19:29:06.127+0000] {processor.py:914} INFO - Processing file /home/airflow/.local/lib/python3.12/site-packages/airflow/example_dags/example_display_name.py for tasks to queue
[2024-10-17T19:29:06.129+0000] {logging_mixin.py:190} INFO - [2024-10-17T19:29:06.128+0000] {dagbag.py:588} INFO - Filling up the DagBag from /home/airflow/.local/lib/python3.12/site-packages/airflow/example_dags/example_display_name.py
[2024-10-17T19:29:06.134+0000] {processor.py:925} INFO - DAG(s) 'example_display_name' retrieved from /home/airflow/.local/lib/python3.12/site-packages/airflow/example_dags/example_display_name.py
[2024-10-17T19:29:06.146+0000] {logging_mixin.py:190} INFO - [2024-10-17T19:29:06.146+0000] {dag.py:3239} INFO - Sync 1 DAGs
[2024-10-17T19:29:06.154+0000] {logging_mixin.py:190} INFO - [2024-10-17T19:29:06.154+0000] {dag.py:4180} INFO - Setting next_dagrun for example_display_name to None, run_after=None
[2024-10-17T19:29:06.163+0000] {processor.py:208} INFO - Processing /home/airflow/.local/lib/python3.12/site-packages/airflow/example_dags/example_display_name.py took 0.041 seconds
[2024-10-17T19:29:36.726+0000] {processor.py:186} INFO - Started process (PID=435) to work on /home/airflow/.local/lib/python3.12/site-packages/airflow/example_dags/example_display_name.py
[2024-10-17T19:29:36.727+0000] {processor.py:914} INFO - Processing file /home/airflow/.local/lib/python3.12/site-packages/airflow/example_dags/example_display_name.py for tasks to queue
[2024-10-17T19:29:36.728+0000] {logging_mixin.py:190} INFO - [2024-10-17T19:29:36.728+0000] {dagbag.py:588} INFO - Filling up the DagBag from /home/airflow/.local/lib/python3.12/site-packages/airflow/example_dags/example_display_name.py
[2024-10-17T19:29:36.733+0000] {processor.py:925} INFO - DAG(s) 'example_display_name' retrieved from /home/airflow/.local/lib/python3.12/site-packages/airflow/example_dags/example_display_name.py
[2024-10-17T19:29:36.744+0000] {logging_mixin.py:190} INFO - [2024-10-17T19:29:36.744+0000] {dag.py:3239} INFO - Sync 1 DAGs
[2024-10-17T19:29:36.751+0000] {logging_mixin.py:190} INFO - [2024-10-17T19:29:36.751+0000] {dag.py:4180} INFO - Setting next_dagrun for example_display_name to None, run_after=None
[2024-10-17T19:29:36.759+0000] {processor.py:208} INFO - Processing /home/airflow/.local/lib/python3.12/site-packages/airflow/example_dags/example_display_name.py took 0.036 seconds
[2024-10-17T19:30:07.141+0000] {processor.py:186} INFO - Started process (PID=498) to work on /home/airflow/.local/lib/python3.12/site-packages/airflow/example_dags/example_display_name.py
[2024-10-17T19:30:07.142+0000] {processor.py:914} INFO - Processing file /home/airflow/.local/lib/python3.12/site-packages/airflow/example_dags/example_display_name.py for tasks to queue
[2024-10-17T19:30:07.143+0000] {logging_mixin.py:190} INFO - [2024-10-17T19:30:07.143+0000] {dagbag.py:588} INFO - Filling up the DagBag from /home/airflow/.local/lib/python3.12/site-packages/airflow/example_dags/example_display_name.py
[2024-10-17T19:30:07.148+0000] {processor.py:925} INFO - DAG(s) 'example_display_name' retrieved from /home/airflow/.local/lib/python3.12/site-packages/airflow/example_dags/example_display_name.py
[2024-10-17T19:30:07.159+0000] {logging_mixin.py:190} INFO - [2024-10-17T19:30:07.159+0000] {dag.py:3239} INFO - Sync 1 DAGs
[2024-10-17T19:30:07.167+0000] {logging_mixin.py:190} INFO - [2024-10-17T19:30:07.167+0000] {dag.py:4180} INFO - Setting next_dagrun for example_display_name to None, run_after=None
[2024-10-17T19:30:07.175+0000] {processor.py:208} INFO - Processing /home/airflow/.local/lib/python3.12/site-packages/airflow/example_dags/example_display_name.py took 0.037 seconds
[2024-10-17T19:30:37.734+0000] {processor.py:186} INFO - Started process (PID=561) to work on /home/airflow/.local/lib/python3.12/site-packages/airflow/example_dags/example_display_name.py
[2024-10-17T19:30:37.735+0000] {processor.py:914} INFO - Processing file /home/airflow/.local/lib/python3.12/site-packages/airflow/example_dags/example_display_name.py for tasks to queue
[2024-10-17T19:30:37.737+0000] {logging_mixin.py:190} INFO - [2024-10-17T19:30:37.736+0000] {dagbag.py:588} INFO - Filling up the DagBag from /home/airflow/.local/lib/python3.12/site-packages/airflow/example_dags/example_display_name.py
[2024-10-17T19:30:37.741+0000] {processor.py:925} INFO - DAG(s) 'example_display_name' retrieved from /home/airflow/.local/lib/python3.12/site-packages/airflow/example_dags/example_display_name.py
[2024-10-17T19:30:37.752+0000] {logging_mixin.py:190} INFO - [2024-10-17T19:30:37.752+0000] {dag.py:3239} INFO - Sync 1 DAGs
[2024-10-17T19:30:37.759+0000] {logging_mixin.py:190} INFO - [2024-10-17T19:30:37.759+0000] {dag.py:4180} INFO - Setting next_dagrun for example_display_name to None, run_after=None
[2024-10-17T19:30:37.768+0000] {processor.py:208} INFO - Processing /home/airflow/.local/lib/python3.12/site-packages/airflow/example_dags/example_display_name.py took 0.037 seconds
[2024-10-17T19:31:08.316+0000] {processor.py:186} INFO - Started process (PID=624) to work on /home/airflow/.local/lib/python3.12/site-packages/airflow/example_dags/example_display_name.py
[2024-10-17T19:31:08.317+0000] {processor.py:914} INFO - Processing file /home/airflow/.local/lib/python3.12/site-packages/airflow/example_dags/example_display_name.py for tasks to queue
[2024-10-17T19:31:08.319+0000] {logging_mixin.py:190} INFO - [2024-10-17T19:31:08.319+0000] {dagbag.py:588} INFO - Filling up the DagBag from /home/airflow/.local/lib/python3.12/site-packages/airflow/example_dags/example_display_name.py
[2024-10-17T19:31:08.324+0000] {processor.py:925} INFO - DAG(s) 'example_display_name' retrieved from /home/airflow/.local/lib/python3.12/site-packages/airflow/example_dags/example_display_name.py
[2024-10-17T19:31:08.336+0000] {logging_mixin.py:190} INFO - [2024-10-17T19:31:08.335+0000] {dag.py:3239} INFO - Sync 1 DAGs
[2024-10-17T19:31:08.343+0000] {logging_mixin.py:190} INFO - [2024-10-17T19:31:08.343+0000] {dag.py:4180} INFO - Setting next_dagrun for example_display_name to None, run_after=None
[2024-10-17T19:31:08.352+0000] {processor.py:208} INFO - Processing /home/airflow/.local/lib/python3.12/site-packages/airflow/example_dags/example_display_name.py took 0.040 seconds
[2024-10-17T19:31:38.802+0000] {processor.py:186} INFO - Started process (PID=687) to work on /home/airflow/.local/lib/python3.12/site-packages/airflow/example_dags/example_display_name.py
[2024-10-17T19:31:38.802+0000] {processor.py:914} INFO - Processing file /home/airflow/.local/lib/python3.12/site-packages/airflow/example_dags/example_display_name.py for tasks to queue
[2024-10-17T19:31:38.804+0000] {logging_mixin.py:190} INFO - [2024-10-17T19:31:38.804+0000] {dagbag.py:588} INFO - Filling up the DagBag from /home/airflow/.local/lib/python3.12/site-packages/airflow/example_dags/example_display_name.py
[2024-10-17T19:31:38.809+0000] {processor.py:925} INFO - DAG(s) 'example_display_name' retrieved from /home/airflow/.local/lib/python3.12/site-packages/airflow/example_dags/example_display_name.py
[2024-10-17T19:31:38.819+0000] {logging_mixin.py:190} INFO - [2024-10-17T19:31:38.819+0000] {dag.py:3239} INFO - Sync 1 DAGs
[2024-10-17T19:31:38.826+0000] {logging_mixin.py:190} INFO - [2024-10-17T19:31:38.826+0000] {dag.py:4180} INFO - Setting next_dagrun for example_display_name to None, run_after=None
[2024-10-17T19:31:38.835+0000] {processor.py:208} INFO - Processing /home/airflow/.local/lib/python3.12/site-packages/airflow/example_dags/example_display_name.py took 0.037 seconds
[2024-10-17T19:33:30.889+0000] {processor.py:186} INFO - Started process (PID=57) to work on /home/airflow/.local/lib/python3.12/site-packages/airflow/example_dags/example_display_name.py
[2024-10-17T19:33:30.890+0000] {processor.py:914} INFO - Processing file /home/airflow/.local/lib/python3.12/site-packages/airflow/example_dags/example_display_name.py for tasks to queue
[2024-10-17T19:33:30.891+0000] {logging_mixin.py:190} INFO - [2024-10-17T19:33:30.891+0000] {dagbag.py:588} INFO - Filling up the DagBag from /home/airflow/.local/lib/python3.12/site-packages/airflow/example_dags/example_display_name.py
[2024-10-17T19:33:30.898+0000] {processor.py:925} INFO - DAG(s) 'example_display_name' retrieved from /home/airflow/.local/lib/python3.12/site-packages/airflow/example_dags/example_display_name.py
[2024-10-17T19:33:30.989+0000] {logging_mixin.py:190} INFO - [2024-10-17T19:33:30.988+0000] {override.py:1900} INFO - Created Permission View: can edit on DAG:example_display_name
[2024-10-17T19:33:30.994+0000] {logging_mixin.py:190} INFO - [2024-10-17T19:33:30.994+0000] {override.py:1900} INFO - Created Permission View: can delete on DAG:example_display_name
[2024-10-17T19:33:30.998+0000] {logging_mixin.py:190} INFO - [2024-10-17T19:33:30.997+0000] {override.py:1900} INFO - Created Permission View: can read on DAG:example_display_name
[2024-10-17T19:33:31.001+0000] {logging_mixin.py:190} INFO - [2024-10-17T19:33:31.001+0000] {override.py:1900} INFO - Created Permission View: menu access on DAG Run:example_display_name
[2024-10-17T19:33:31.004+0000] {logging_mixin.py:190} INFO - [2024-10-17T19:33:31.004+0000] {override.py:1900} INFO - Created Permission View: can create on DAG Run:example_display_name
[2024-10-17T19:33:31.008+0000] {logging_mixin.py:190} INFO - [2024-10-17T19:33:31.008+0000] {override.py:1900} INFO - Created Permission View: can delete on DAG Run:example_display_name
[2024-10-17T19:33:31.011+0000] {logging_mixin.py:190} INFO - [2024-10-17T19:33:31.011+0000] {override.py:1900} INFO - Created Permission View: can read on DAG Run:example_display_name
[2024-10-17T19:33:31.012+0000] {logging_mixin.py:190} INFO - [2024-10-17T19:33:31.011+0000] {dag.py:3239} INFO - Sync 1 DAGs
[2024-10-17T19:33:31.021+0000] {logging_mixin.py:190} INFO - [2024-10-17T19:33:31.021+0000] {dag.py:3262} INFO - Creating ORM DAG for example_display_name
[2024-10-17T19:33:31.022+0000] {logging_mixin.py:190} INFO - [2024-10-17T19:33:31.022+0000] {dag.py:4180} INFO - Setting next_dagrun for example_display_name to None, run_after=None
[2024-10-17T19:33:31.033+0000] {processor.py:208} INFO - Processing /home/airflow/.local/lib/python3.12/site-packages/airflow/example_dags/example_display_name.py took 0.148 seconds
[2024-10-17T19:34:01.830+0000] {processor.py:186} INFO - Started process (PID=120) to work on /home/airflow/.local/lib/python3.12/site-packages/airflow/example_dags/example_display_name.py
[2024-10-17T19:34:01.831+0000] {processor.py:914} INFO - Processing file /home/airflow/.local/lib/python3.12/site-packages/airflow/example_dags/example_display_name.py for tasks to queue
[2024-10-17T19:34:01.832+0000] {logging_mixin.py:190} INFO - [2024-10-17T19:34:01.832+0000] {dagbag.py:588} INFO - Filling up the DagBag from /home/airflow/.local/lib/python3.12/site-packages/airflow/example_dags/example_display_name.py
[2024-10-17T19:34:01.837+0000] {processor.py:925} INFO - DAG(s) 'example_display_name' retrieved from /home/airflow/.local/lib/python3.12/site-packages/airflow/example_dags/example_display_name.py
[2024-10-17T19:34:01.847+0000] {logging_mixin.py:190} INFO - [2024-10-17T19:34:01.846+0000] {dag.py:3239} INFO - Sync 1 DAGs
[2024-10-17T19:34:01.854+0000] {logging_mixin.py:190} INFO - [2024-10-17T19:34:01.853+0000] {dag.py:4180} INFO - Setting next_dagrun for example_display_name to None, run_after=None
[2024-10-17T19:34:01.862+0000] {processor.py:208} INFO - Processing /home/airflow/.local/lib/python3.12/site-packages/airflow/example_dags/example_display_name.py took 0.036 seconds
[2024-10-17T19:34:32.150+0000] {processor.py:186} INFO - Started process (PID=183) to work on /home/airflow/.local/lib/python3.12/site-packages/airflow/example_dags/example_display_name.py
[2024-10-17T19:34:32.151+0000] {processor.py:914} INFO - Processing file /home/airflow/.local/lib/python3.12/site-packages/airflow/example_dags/example_display_name.py for tasks to queue
[2024-10-17T19:34:32.153+0000] {logging_mixin.py:190} INFO - [2024-10-17T19:34:32.153+0000] {dagbag.py:588} INFO - Filling up the DagBag from /home/airflow/.local/lib/python3.12/site-packages/airflow/example_dags/example_display_name.py
[2024-10-17T19:34:32.157+0000] {processor.py:925} INFO - DAG(s) 'example_display_name' retrieved from /home/airflow/.local/lib/python3.12/site-packages/airflow/example_dags/example_display_name.py
[2024-10-17T19:34:32.168+0000] {logging_mixin.py:190} INFO - [2024-10-17T19:34:32.167+0000] {dag.py:3239} INFO - Sync 1 DAGs
[2024-10-17T19:34:32.176+0000] {logging_mixin.py:190} INFO - [2024-10-17T19:34:32.176+0000] {dag.py:4180} INFO - Setting next_dagrun for example_display_name to None, run_after=None
[2024-10-17T19:34:32.186+0000] {processor.py:208} INFO - Processing /home/airflow/.local/lib/python3.12/site-packages/airflow/example_dags/example_display_name.py took 0.039 seconds
[2024-10-17T19:35:02.541+0000] {processor.py:186} INFO - Started process (PID=246) to work on /home/airflow/.local/lib/python3.12/site-packages/airflow/example_dags/example_display_name.py
[2024-10-17T19:35:02.542+0000] {processor.py:914} INFO - Processing file /home/airflow/.local/lib/python3.12/site-packages/airflow/example_dags/example_display_name.py for tasks to queue
[2024-10-17T19:35:02.543+0000] {logging_mixin.py:190} INFO - [2024-10-17T19:35:02.543+0000] {dagbag.py:588} INFO - Filling up the DagBag from /home/airflow/.local/lib/python3.12/site-packages/airflow/example_dags/example_display_name.py
[2024-10-17T19:35:02.548+0000] {processor.py:925} INFO - DAG(s) 'example_display_name' retrieved from /home/airflow/.local/lib/python3.12/site-packages/airflow/example_dags/example_display_name.py
[2024-10-17T19:35:02.559+0000] {logging_mixin.py:190} INFO - [2024-10-17T19:35:02.558+0000] {dag.py:3239} INFO - Sync 1 DAGs
[2024-10-17T19:35:02.566+0000] {logging_mixin.py:190} INFO - [2024-10-17T19:35:02.566+0000] {dag.py:4180} INFO - Setting next_dagrun for example_display_name to None, run_after=None
[2024-10-17T19:35:02.576+0000] {processor.py:208} INFO - Processing /home/airflow/.local/lib/python3.12/site-packages/airflow/example_dags/example_display_name.py took 0.038 seconds
[2024-10-17T19:35:33.089+0000] {processor.py:186} INFO - Started process (PID=309) to work on /home/airflow/.local/lib/python3.12/site-packages/airflow/example_dags/example_display_name.py
[2024-10-17T19:35:33.090+0000] {processor.py:914} INFO - Processing file /home/airflow/.local/lib/python3.12/site-packages/airflow/example_dags/example_display_name.py for tasks to queue
[2024-10-17T19:35:33.091+0000] {logging_mixin.py:190} INFO - [2024-10-17T19:35:33.091+0000] {dagbag.py:588} INFO - Filling up the DagBag from /home/airflow/.local/lib/python3.12/site-packages/airflow/example_dags/example_display_name.py
[2024-10-17T19:35:33.096+0000] {processor.py:925} INFO - DAG(s) 'example_display_name' retrieved from /home/airflow/.local/lib/python3.12/site-packages/airflow/example_dags/example_display_name.py
[2024-10-17T19:35:33.108+0000] {logging_mixin.py:190} INFO - [2024-10-17T19:35:33.107+0000] {dag.py:3239} INFO - Sync 1 DAGs
[2024-10-17T19:35:33.117+0000] {logging_mixin.py:190} INFO - [2024-10-17T19:35:33.117+0000] {dag.py:4180} INFO - Setting next_dagrun for example_display_name to None, run_after=None
[2024-10-17T19:35:33.133+0000] {processor.py:208} INFO - Processing /home/airflow/.local/lib/python3.12/site-packages/airflow/example_dags/example_display_name.py took 0.048 seconds
[2024-10-17T19:36:03.848+0000] {processor.py:186} INFO - Started process (PID=372) to work on /home/airflow/.local/lib/python3.12/site-packages/airflow/example_dags/example_display_name.py
[2024-10-17T19:36:03.849+0000] {processor.py:914} INFO - Processing file /home/airflow/.local/lib/python3.12/site-packages/airflow/example_dags/example_display_name.py for tasks to queue
[2024-10-17T19:36:03.851+0000] {logging_mixin.py:190} INFO - [2024-10-17T19:36:03.851+0000] {dagbag.py:588} INFO - Filling up the DagBag from /home/airflow/.local/lib/python3.12/site-packages/airflow/example_dags/example_display_name.py
[2024-10-17T19:36:03.857+0000] {processor.py:925} INFO - DAG(s) 'example_display_name' retrieved from /home/airflow/.local/lib/python3.12/site-packages/airflow/example_dags/example_display_name.py
[2024-10-17T19:36:03.872+0000] {logging_mixin.py:190} INFO - [2024-10-17T19:36:03.872+0000] {dag.py:3239} INFO - Sync 1 DAGs
[2024-10-17T19:36:03.888+0000] {logging_mixin.py:190} INFO - [2024-10-17T19:36:03.888+0000] {dag.py:4180} INFO - Setting next_dagrun for example_display_name to None, run_after=None
[2024-10-17T19:36:03.900+0000] {processor.py:208} INFO - Processing /home/airflow/.local/lib/python3.12/site-packages/airflow/example_dags/example_display_name.py took 0.056 seconds
[2024-10-17T19:36:34.467+0000] {processor.py:186} INFO - Started process (PID=435) to work on /home/airflow/.local/lib/python3.12/site-packages/airflow/example_dags/example_display_name.py
[2024-10-17T19:36:34.467+0000] {processor.py:914} INFO - Processing file /home/airflow/.local/lib/python3.12/site-packages/airflow/example_dags/example_display_name.py for tasks to queue
[2024-10-17T19:36:34.469+0000] {logging_mixin.py:190} INFO - [2024-10-17T19:36:34.469+0000] {dagbag.py:588} INFO - Filling up the DagBag from /home/airflow/.local/lib/python3.12/site-packages/airflow/example_dags/example_display_name.py
[2024-10-17T19:36:34.474+0000] {processor.py:925} INFO - DAG(s) 'example_display_name' retrieved from /home/airflow/.local/lib/python3.12/site-packages/airflow/example_dags/example_display_name.py
[2024-10-17T19:36:34.487+0000] {logging_mixin.py:190} INFO - [2024-10-17T19:36:34.487+0000] {dag.py:3239} INFO - Sync 1 DAGs
[2024-10-17T19:36:34.497+0000] {logging_mixin.py:190} INFO - [2024-10-17T19:36:34.497+0000] {dag.py:4180} INFO - Setting next_dagrun for example_display_name to None, run_after=None
[2024-10-17T19:36:34.506+0000] {processor.py:208} INFO - Processing /home/airflow/.local/lib/python3.12/site-packages/airflow/example_dags/example_display_name.py took 0.043 seconds
[2024-10-17T19:37:05.052+0000] {processor.py:186} INFO - Started process (PID=499) to work on /home/airflow/.local/lib/python3.12/site-packages/airflow/example_dags/example_display_name.py
[2024-10-17T19:37:05.053+0000] {processor.py:914} INFO - Processing file /home/airflow/.local/lib/python3.12/site-packages/airflow/example_dags/example_display_name.py for tasks to queue
[2024-10-17T19:37:05.055+0000] {logging_mixin.py:190} INFO - [2024-10-17T19:37:05.054+0000] {dagbag.py:588} INFO - Filling up the DagBag from /home/airflow/.local/lib/python3.12/site-packages/airflow/example_dags/example_display_name.py
[2024-10-17T19:37:05.059+0000] {processor.py:925} INFO - DAG(s) 'example_display_name' retrieved from /home/airflow/.local/lib/python3.12/site-packages/airflow/example_dags/example_display_name.py
[2024-10-17T19:37:05.077+0000] {logging_mixin.py:190} INFO - [2024-10-17T19:37:05.076+0000] {dag.py:3239} INFO - Sync 1 DAGs
[2024-10-17T19:37:05.087+0000] {logging_mixin.py:190} INFO - [2024-10-17T19:37:05.087+0000] {dag.py:4180} INFO - Setting next_dagrun for example_display_name to None, run_after=None
[2024-10-17T19:37:05.097+0000] {processor.py:208} INFO - Processing /home/airflow/.local/lib/python3.12/site-packages/airflow/example_dags/example_display_name.py took 0.048 seconds
[2024-10-17T19:39:17.008+0000] {processor.py:186} INFO - Started process (PID=57) to work on /home/airflow/.local/lib/python3.12/site-packages/airflow/example_dags/example_display_name.py
[2024-10-17T19:39:17.009+0000] {processor.py:914} INFO - Processing file /home/airflow/.local/lib/python3.12/site-packages/airflow/example_dags/example_display_name.py for tasks to queue
[2024-10-17T19:39:17.011+0000] {logging_mixin.py:190} INFO - [2024-10-17T19:39:17.011+0000] {dagbag.py:588} INFO - Filling up the DagBag from /home/airflow/.local/lib/python3.12/site-packages/airflow/example_dags/example_display_name.py
[2024-10-17T19:39:17.021+0000] {processor.py:925} INFO - DAG(s) 'example_display_name' retrieved from /home/airflow/.local/lib/python3.12/site-packages/airflow/example_dags/example_display_name.py
[2024-10-17T19:39:17.111+0000] {logging_mixin.py:190} INFO - [2024-10-17T19:39:17.111+0000] {override.py:1900} INFO - Created Permission View: can read on DAG:example_display_name
[2024-10-17T19:39:17.116+0000] {logging_mixin.py:190} INFO - [2024-10-17T19:39:17.116+0000] {override.py:1900} INFO - Created Permission View: can delete on DAG:example_display_name
[2024-10-17T19:39:17.119+0000] {logging_mixin.py:190} INFO - [2024-10-17T19:39:17.118+0000] {override.py:1900} INFO - Created Permission View: can edit on DAG:example_display_name
[2024-10-17T19:39:17.122+0000] {logging_mixin.py:190} INFO - [2024-10-17T19:39:17.122+0000] {override.py:1900} INFO - Created Permission View: can read on DAG Run:example_display_name
[2024-10-17T19:39:17.125+0000] {logging_mixin.py:190} INFO - [2024-10-17T19:39:17.124+0000] {override.py:1900} INFO - Created Permission View: can create on DAG Run:example_display_name
[2024-10-17T19:39:17.127+0000] {logging_mixin.py:190} INFO - [2024-10-17T19:39:17.127+0000] {override.py:1900} INFO - Created Permission View: can delete on DAG Run:example_display_name
[2024-10-17T19:39:17.130+0000] {logging_mixin.py:190} INFO - [2024-10-17T19:39:17.130+0000] {override.py:1900} INFO - Created Permission View: menu access on DAG Run:example_display_name
[2024-10-17T19:39:17.130+0000] {logging_mixin.py:190} INFO - [2024-10-17T19:39:17.130+0000] {dag.py:3239} INFO - Sync 1 DAGs
[2024-10-17T19:39:17.138+0000] {logging_mixin.py:190} INFO - [2024-10-17T19:39:17.138+0000] {dag.py:3262} INFO - Creating ORM DAG for example_display_name
[2024-10-17T19:39:17.138+0000] {logging_mixin.py:190} INFO - [2024-10-17T19:39:17.138+0000] {dag.py:4180} INFO - Setting next_dagrun for example_display_name to None, run_after=None
[2024-10-17T19:39:17.148+0000] {processor.py:208} INFO - Processing /home/airflow/.local/lib/python3.12/site-packages/airflow/example_dags/example_display_name.py took 0.144 seconds
[2024-10-17T19:39:48.146+0000] {processor.py:186} INFO - Started process (PID=120) to work on /home/airflow/.local/lib/python3.12/site-packages/airflow/example_dags/example_display_name.py
[2024-10-17T19:39:48.147+0000] {processor.py:914} INFO - Processing file /home/airflow/.local/lib/python3.12/site-packages/airflow/example_dags/example_display_name.py for tasks to queue
[2024-10-17T19:39:48.150+0000] {logging_mixin.py:190} INFO - [2024-10-17T19:39:48.149+0000] {dagbag.py:588} INFO - Filling up the DagBag from /home/airflow/.local/lib/python3.12/site-packages/airflow/example_dags/example_display_name.py
[2024-10-17T19:39:48.156+0000] {processor.py:925} INFO - DAG(s) 'example_display_name' retrieved from /home/airflow/.local/lib/python3.12/site-packages/airflow/example_dags/example_display_name.py
[2024-10-17T19:39:48.172+0000] {logging_mixin.py:190} INFO - [2024-10-17T19:39:48.172+0000] {dag.py:3239} INFO - Sync 1 DAGs
[2024-10-17T19:39:48.180+0000] {logging_mixin.py:190} INFO - [2024-10-17T19:39:48.180+0000] {dag.py:4180} INFO - Setting next_dagrun for example_display_name to None, run_after=None
[2024-10-17T19:39:48.190+0000] {processor.py:208} INFO - Processing /home/airflow/.local/lib/python3.12/site-packages/airflow/example_dags/example_display_name.py took 0.051 seconds
[2024-10-17T19:40:18.516+0000] {processor.py:186} INFO - Started process (PID=183) to work on /home/airflow/.local/lib/python3.12/site-packages/airflow/example_dags/example_display_name.py
[2024-10-17T19:40:18.518+0000] {processor.py:914} INFO - Processing file /home/airflow/.local/lib/python3.12/site-packages/airflow/example_dags/example_display_name.py for tasks to queue
[2024-10-17T19:40:18.521+0000] {logging_mixin.py:190} INFO - [2024-10-17T19:40:18.520+0000] {dagbag.py:588} INFO - Filling up the DagBag from /home/airflow/.local/lib/python3.12/site-packages/airflow/example_dags/example_display_name.py
[2024-10-17T19:40:18.528+0000] {processor.py:925} INFO - DAG(s) 'example_display_name' retrieved from /home/airflow/.local/lib/python3.12/site-packages/airflow/example_dags/example_display_name.py
[2024-10-17T19:40:18.542+0000] {logging_mixin.py:190} INFO - [2024-10-17T19:40:18.542+0000] {dag.py:3239} INFO - Sync 1 DAGs
[2024-10-17T19:40:18.551+0000] {logging_mixin.py:190} INFO - [2024-10-17T19:40:18.551+0000] {dag.py:4180} INFO - Setting next_dagrun for example_display_name to None, run_after=None
[2024-10-17T19:40:18.560+0000] {processor.py:208} INFO - Processing /home/airflow/.local/lib/python3.12/site-packages/airflow/example_dags/example_display_name.py took 0.051 seconds
[2024-10-17T19:40:48.856+0000] {processor.py:186} INFO - Started process (PID=246) to work on /home/airflow/.local/lib/python3.12/site-packages/airflow/example_dags/example_display_name.py
[2024-10-17T19:40:48.857+0000] {processor.py:914} INFO - Processing file /home/airflow/.local/lib/python3.12/site-packages/airflow/example_dags/example_display_name.py for tasks to queue
[2024-10-17T19:40:48.858+0000] {logging_mixin.py:190} INFO - [2024-10-17T19:40:48.858+0000] {dagbag.py:588} INFO - Filling up the DagBag from /home/airflow/.local/lib/python3.12/site-packages/airflow/example_dags/example_display_name.py
[2024-10-17T19:40:48.863+0000] {processor.py:925} INFO - DAG(s) 'example_display_name' retrieved from /home/airflow/.local/lib/python3.12/site-packages/airflow/example_dags/example_display_name.py
[2024-10-17T19:40:48.875+0000] {logging_mixin.py:190} INFO - [2024-10-17T19:40:48.875+0000] {dag.py:3239} INFO - Sync 1 DAGs
[2024-10-17T19:40:48.882+0000] {logging_mixin.py:190} INFO - [2024-10-17T19:40:48.882+0000] {dag.py:4180} INFO - Setting next_dagrun for example_display_name to None, run_after=None
[2024-10-17T19:40:48.891+0000] {processor.py:208} INFO - Processing /home/airflow/.local/lib/python3.12/site-packages/airflow/example_dags/example_display_name.py took 0.039 seconds
[2024-10-17T19:41:19.378+0000] {processor.py:186} INFO - Started process (PID=309) to work on /home/airflow/.local/lib/python3.12/site-packages/airflow/example_dags/example_display_name.py
[2024-10-17T19:41:19.379+0000] {processor.py:914} INFO - Processing file /home/airflow/.local/lib/python3.12/site-packages/airflow/example_dags/example_display_name.py for tasks to queue
[2024-10-17T19:41:19.380+0000] {logging_mixin.py:190} INFO - [2024-10-17T19:41:19.380+0000] {dagbag.py:588} INFO - Filling up the DagBag from /home/airflow/.local/lib/python3.12/site-packages/airflow/example_dags/example_display_name.py
[2024-10-17T19:41:19.384+0000] {processor.py:925} INFO - DAG(s) 'example_display_name' retrieved from /home/airflow/.local/lib/python3.12/site-packages/airflow/example_dags/example_display_name.py
[2024-10-17T19:41:19.395+0000] {logging_mixin.py:190} INFO - [2024-10-17T19:41:19.395+0000] {dag.py:3239} INFO - Sync 1 DAGs
[2024-10-17T19:41:19.403+0000] {logging_mixin.py:190} INFO - [2024-10-17T19:41:19.403+0000] {dag.py:4180} INFO - Setting next_dagrun for example_display_name to None, run_after=None
[2024-10-17T19:41:19.413+0000] {processor.py:208} INFO - Processing /home/airflow/.local/lib/python3.12/site-packages/airflow/example_dags/example_display_name.py took 0.038 seconds
[2024-10-17T19:41:50.245+0000] {processor.py:186} INFO - Started process (PID=372) to work on /home/airflow/.local/lib/python3.12/site-packages/airflow/example_dags/example_display_name.py
[2024-10-17T19:41:50.246+0000] {processor.py:914} INFO - Processing file /home/airflow/.local/lib/python3.12/site-packages/airflow/example_dags/example_display_name.py for tasks to queue
[2024-10-17T19:41:50.249+0000] {logging_mixin.py:190} INFO - [2024-10-17T19:41:50.248+0000] {dagbag.py:588} INFO - Filling up the DagBag from /home/airflow/.local/lib/python3.12/site-packages/airflow/example_dags/example_display_name.py
[2024-10-17T19:41:50.255+0000] {processor.py:925} INFO - DAG(s) 'example_display_name' retrieved from /home/airflow/.local/lib/python3.12/site-packages/airflow/example_dags/example_display_name.py
[2024-10-17T19:41:50.270+0000] {logging_mixin.py:190} INFO - [2024-10-17T19:41:50.270+0000] {dag.py:3239} INFO - Sync 1 DAGs
[2024-10-17T19:41:50.278+0000] {logging_mixin.py:190} INFO - [2024-10-17T19:41:50.278+0000] {dag.py:4180} INFO - Setting next_dagrun for example_display_name to None, run_after=None
[2024-10-17T19:41:50.288+0000] {processor.py:208} INFO - Processing /home/airflow/.local/lib/python3.12/site-packages/airflow/example_dags/example_display_name.py took 0.051 seconds
[2024-10-17T19:42:20.631+0000] {processor.py:186} INFO - Started process (PID=435) to work on /home/airflow/.local/lib/python3.12/site-packages/airflow/example_dags/example_display_name.py
[2024-10-17T19:42:20.632+0000] {processor.py:914} INFO - Processing file /home/airflow/.local/lib/python3.12/site-packages/airflow/example_dags/example_display_name.py for tasks to queue
[2024-10-17T19:42:20.634+0000] {logging_mixin.py:190} INFO - [2024-10-17T19:42:20.634+0000] {dagbag.py:588} INFO - Filling up the DagBag from /home/airflow/.local/lib/python3.12/site-packages/airflow/example_dags/example_display_name.py
[2024-10-17T19:42:20.641+0000] {processor.py:925} INFO - DAG(s) 'example_display_name' retrieved from /home/airflow/.local/lib/python3.12/site-packages/airflow/example_dags/example_display_name.py
[2024-10-17T19:42:20.656+0000] {logging_mixin.py:190} INFO - [2024-10-17T19:42:20.655+0000] {dag.py:3239} INFO - Sync 1 DAGs
[2024-10-17T19:42:20.664+0000] {logging_mixin.py:190} INFO - [2024-10-17T19:42:20.664+0000] {dag.py:4180} INFO - Setting next_dagrun for example_display_name to None, run_after=None
[2024-10-17T19:42:20.700+0000] {processor.py:208} INFO - Processing /home/airflow/.local/lib/python3.12/site-packages/airflow/example_dags/example_display_name.py took 0.076 seconds
[2024-10-17T19:43:59.132+0000] {processor.py:186} INFO - Started process (PID=57) to work on /home/airflow/.local/lib/python3.12/site-packages/airflow/example_dags/example_display_name.py
[2024-10-17T19:43:59.133+0000] {processor.py:914} INFO - Processing file /home/airflow/.local/lib/python3.12/site-packages/airflow/example_dags/example_display_name.py for tasks to queue
[2024-10-17T19:43:59.134+0000] {logging_mixin.py:190} INFO - [2024-10-17T19:43:59.134+0000] {dagbag.py:588} INFO - Filling up the DagBag from /home/airflow/.local/lib/python3.12/site-packages/airflow/example_dags/example_display_name.py
[2024-10-17T19:43:59.146+0000] {processor.py:925} INFO - DAG(s) 'example_display_name' retrieved from /home/airflow/.local/lib/python3.12/site-packages/airflow/example_dags/example_display_name.py
[2024-10-17T19:43:59.217+0000] {logging_mixin.py:190} INFO - [2024-10-17T19:43:59.216+0000] {override.py:1900} INFO - Created Permission View: can delete on DAG:example_display_name
[2024-10-17T19:43:59.222+0000] {logging_mixin.py:190} INFO - [2024-10-17T19:43:59.222+0000] {override.py:1900} INFO - Created Permission View: can edit on DAG:example_display_name
[2024-10-17T19:43:59.225+0000] {logging_mixin.py:190} INFO - [2024-10-17T19:43:59.225+0000] {override.py:1900} INFO - Created Permission View: can read on DAG:example_display_name
[2024-10-17T19:43:59.228+0000] {logging_mixin.py:190} INFO - [2024-10-17T19:43:59.228+0000] {override.py:1900} INFO - Created Permission View: can delete on DAG Run:example_display_name
[2024-10-17T19:43:59.230+0000] {logging_mixin.py:190} INFO - [2024-10-17T19:43:59.230+0000] {override.py:1900} INFO - Created Permission View: can create on DAG Run:example_display_name
[2024-10-17T19:43:59.233+0000] {logging_mixin.py:190} INFO - [2024-10-17T19:43:59.233+0000] {override.py:1900} INFO - Created Permission View: menu access on DAG Run:example_display_name
[2024-10-17T19:43:59.236+0000] {logging_mixin.py:190} INFO - [2024-10-17T19:43:59.235+0000] {override.py:1900} INFO - Created Permission View: can read on DAG Run:example_display_name
[2024-10-17T19:43:59.236+0000] {logging_mixin.py:190} INFO - [2024-10-17T19:43:59.236+0000] {dag.py:3239} INFO - Sync 1 DAGs
[2024-10-17T19:43:59.243+0000] {logging_mixin.py:190} INFO - [2024-10-17T19:43:59.242+0000] {dag.py:3262} INFO - Creating ORM DAG for example_display_name
[2024-10-17T19:43:59.243+0000] {logging_mixin.py:190} INFO - [2024-10-17T19:43:59.243+0000] {dag.py:4180} INFO - Setting next_dagrun for example_display_name to None, run_after=None
[2024-10-17T19:43:59.251+0000] {processor.py:208} INFO - Processing /home/airflow/.local/lib/python3.12/site-packages/airflow/example_dags/example_display_name.py took 0.123 seconds
[2024-10-17T19:44:29.494+0000] {processor.py:186} INFO - Started process (PID=120) to work on /home/airflow/.local/lib/python3.12/site-packages/airflow/example_dags/example_display_name.py
[2024-10-17T19:44:29.495+0000] {processor.py:914} INFO - Processing file /home/airflow/.local/lib/python3.12/site-packages/airflow/example_dags/example_display_name.py for tasks to queue
[2024-10-17T19:44:29.496+0000] {logging_mixin.py:190} INFO - [2024-10-17T19:44:29.496+0000] {dagbag.py:588} INFO - Filling up the DagBag from /home/airflow/.local/lib/python3.12/site-packages/airflow/example_dags/example_display_name.py
[2024-10-17T19:44:29.501+0000] {processor.py:925} INFO - DAG(s) 'example_display_name' retrieved from /home/airflow/.local/lib/python3.12/site-packages/airflow/example_dags/example_display_name.py
[2024-10-17T19:44:29.511+0000] {logging_mixin.py:190} INFO - [2024-10-17T19:44:29.511+0000] {dag.py:3239} INFO - Sync 1 DAGs
[2024-10-17T19:44:29.518+0000] {logging_mixin.py:190} INFO - [2024-10-17T19:44:29.518+0000] {dag.py:4180} INFO - Setting next_dagrun for example_display_name to None, run_after=None
[2024-10-17T19:44:29.526+0000] {processor.py:208} INFO - Processing /home/airflow/.local/lib/python3.12/site-packages/airflow/example_dags/example_display_name.py took 0.036 seconds
[2024-10-17T19:44:59.996+0000] {processor.py:186} INFO - Started process (PID=183) to work on /home/airflow/.local/lib/python3.12/site-packages/airflow/example_dags/example_display_name.py
[2024-10-17T19:44:59.996+0000] {processor.py:914} INFO - Processing file /home/airflow/.local/lib/python3.12/site-packages/airflow/example_dags/example_display_name.py for tasks to queue
[2024-10-17T19:44:59.998+0000] {logging_mixin.py:190} INFO - [2024-10-17T19:44:59.998+0000] {dagbag.py:588} INFO - Filling up the DagBag from /home/airflow/.local/lib/python3.12/site-packages/airflow/example_dags/example_display_name.py
[2024-10-17T19:45:00.002+0000] {processor.py:925} INFO - DAG(s) 'example_display_name' retrieved from /home/airflow/.local/lib/python3.12/site-packages/airflow/example_dags/example_display_name.py
[2024-10-17T19:45:00.015+0000] {logging_mixin.py:190} INFO - [2024-10-17T19:45:00.015+0000] {dag.py:3239} INFO - Sync 1 DAGs
[2024-10-17T19:45:00.029+0000] {logging_mixin.py:190} INFO - [2024-10-17T19:45:00.029+0000] {dag.py:4180} INFO - Setting next_dagrun for example_display_name to None, run_after=None
[2024-10-17T19:45:00.041+0000] {processor.py:208} INFO - Processing /home/airflow/.local/lib/python3.12/site-packages/airflow/example_dags/example_display_name.py took 0.049 seconds
[2024-10-17T19:45:30.615+0000] {processor.py:186} INFO - Started process (PID=246) to work on /home/airflow/.local/lib/python3.12/site-packages/airflow/example_dags/example_display_name.py
[2024-10-17T19:45:30.616+0000] {processor.py:914} INFO - Processing file /home/airflow/.local/lib/python3.12/site-packages/airflow/example_dags/example_display_name.py for tasks to queue
[2024-10-17T19:45:30.617+0000] {logging_mixin.py:190} INFO - [2024-10-17T19:45:30.617+0000] {dagbag.py:588} INFO - Filling up the DagBag from /home/airflow/.local/lib/python3.12/site-packages/airflow/example_dags/example_display_name.py
[2024-10-17T19:45:30.621+0000] {processor.py:925} INFO - DAG(s) 'example_display_name' retrieved from /home/airflow/.local/lib/python3.12/site-packages/airflow/example_dags/example_display_name.py
[2024-10-17T19:45:30.631+0000] {logging_mixin.py:190} INFO - [2024-10-17T19:45:30.631+0000] {dag.py:3239} INFO - Sync 1 DAGs
[2024-10-17T19:45:30.639+0000] {logging_mixin.py:190} INFO - [2024-10-17T19:45:30.639+0000] {dag.py:4180} INFO - Setting next_dagrun for example_display_name to None, run_after=None
[2024-10-17T19:45:30.649+0000] {processor.py:208} INFO - Processing /home/airflow/.local/lib/python3.12/site-packages/airflow/example_dags/example_display_name.py took 0.037 seconds
[2024-10-17T19:46:01.198+0000] {processor.py:186} INFO - Started process (PID=309) to work on /home/airflow/.local/lib/python3.12/site-packages/airflow/example_dags/example_display_name.py
[2024-10-17T19:46:01.199+0000] {processor.py:914} INFO - Processing file /home/airflow/.local/lib/python3.12/site-packages/airflow/example_dags/example_display_name.py for tasks to queue
[2024-10-17T19:46:01.200+0000] {logging_mixin.py:190} INFO - [2024-10-17T19:46:01.200+0000] {dagbag.py:588} INFO - Filling up the DagBag from /home/airflow/.local/lib/python3.12/site-packages/airflow/example_dags/example_display_name.py
[2024-10-17T19:46:01.205+0000] {processor.py:925} INFO - DAG(s) 'example_display_name' retrieved from /home/airflow/.local/lib/python3.12/site-packages/airflow/example_dags/example_display_name.py
[2024-10-17T19:46:01.216+0000] {logging_mixin.py:190} INFO - [2024-10-17T19:46:01.216+0000] {dag.py:3239} INFO - Sync 1 DAGs
[2024-10-17T19:46:01.223+0000] {logging_mixin.py:190} INFO - [2024-10-17T19:46:01.223+0000] {dag.py:4180} INFO - Setting next_dagrun for example_display_name to None, run_after=None
[2024-10-17T19:46:01.232+0000] {processor.py:208} INFO - Processing /home/airflow/.local/lib/python3.12/site-packages/airflow/example_dags/example_display_name.py took 0.037 seconds
[2024-10-17T19:46:31.560+0000] {processor.py:186} INFO - Started process (PID=372) to work on /home/airflow/.local/lib/python3.12/site-packages/airflow/example_dags/example_display_name.py
[2024-10-17T19:46:31.561+0000] {processor.py:914} INFO - Processing file /home/airflow/.local/lib/python3.12/site-packages/airflow/example_dags/example_display_name.py for tasks to queue
[2024-10-17T19:46:31.563+0000] {logging_mixin.py:190} INFO - [2024-10-17T19:46:31.562+0000] {dagbag.py:588} INFO - Filling up the DagBag from /home/airflow/.local/lib/python3.12/site-packages/airflow/example_dags/example_display_name.py
[2024-10-17T19:46:31.567+0000] {processor.py:925} INFO - DAG(s) 'example_display_name' retrieved from /home/airflow/.local/lib/python3.12/site-packages/airflow/example_dags/example_display_name.py
[2024-10-17T19:46:31.578+0000] {logging_mixin.py:190} INFO - [2024-10-17T19:46:31.577+0000] {dag.py:3239} INFO - Sync 1 DAGs
[2024-10-17T19:46:31.585+0000] {logging_mixin.py:190} INFO - [2024-10-17T19:46:31.585+0000] {dag.py:4180} INFO - Setting next_dagrun for example_display_name to None, run_after=None
[2024-10-17T19:46:31.594+0000] {processor.py:208} INFO - Processing /home/airflow/.local/lib/python3.12/site-packages/airflow/example_dags/example_display_name.py took 0.038 seconds
[2024-10-17T19:47:02.094+0000] {processor.py:186} INFO - Started process (PID=435) to work on /home/airflow/.local/lib/python3.12/site-packages/airflow/example_dags/example_display_name.py
[2024-10-17T19:47:02.095+0000] {processor.py:914} INFO - Processing file /home/airflow/.local/lib/python3.12/site-packages/airflow/example_dags/example_display_name.py for tasks to queue
[2024-10-17T19:47:02.097+0000] {logging_mixin.py:190} INFO - [2024-10-17T19:47:02.097+0000] {dagbag.py:588} INFO - Filling up the DagBag from /home/airflow/.local/lib/python3.12/site-packages/airflow/example_dags/example_display_name.py
[2024-10-17T19:47:02.102+0000] {processor.py:925} INFO - DAG(s) 'example_display_name' retrieved from /home/airflow/.local/lib/python3.12/site-packages/airflow/example_dags/example_display_name.py
[2024-10-17T19:47:02.113+0000] {logging_mixin.py:190} INFO - [2024-10-17T19:47:02.113+0000] {dag.py:3239} INFO - Sync 1 DAGs
[2024-10-17T19:47:02.121+0000] {logging_mixin.py:190} INFO - [2024-10-17T19:47:02.121+0000] {dag.py:4180} INFO - Setting next_dagrun for example_display_name to None, run_after=None
[2024-10-17T19:47:02.130+0000] {processor.py:208} INFO - Processing /home/airflow/.local/lib/python3.12/site-packages/airflow/example_dags/example_display_name.py took 0.040 seconds
[2024-10-17T19:47:32.720+0000] {processor.py:186} INFO - Started process (PID=498) to work on /home/airflow/.local/lib/python3.12/site-packages/airflow/example_dags/example_display_name.py
[2024-10-17T19:47:32.720+0000] {processor.py:914} INFO - Processing file /home/airflow/.local/lib/python3.12/site-packages/airflow/example_dags/example_display_name.py for tasks to queue
[2024-10-17T19:47:32.722+0000] {logging_mixin.py:190} INFO - [2024-10-17T19:47:32.722+0000] {dagbag.py:588} INFO - Filling up the DagBag from /home/airflow/.local/lib/python3.12/site-packages/airflow/example_dags/example_display_name.py
[2024-10-17T19:47:32.726+0000] {processor.py:925} INFO - DAG(s) 'example_display_name' retrieved from /home/airflow/.local/lib/python3.12/site-packages/airflow/example_dags/example_display_name.py
[2024-10-17T19:47:32.736+0000] {logging_mixin.py:190} INFO - [2024-10-17T19:47:32.736+0000] {dag.py:3239} INFO - Sync 1 DAGs
[2024-10-17T19:47:32.748+0000] {logging_mixin.py:190} INFO - [2024-10-17T19:47:32.748+0000] {dag.py:4180} INFO - Setting next_dagrun for example_display_name to None, run_after=None
[2024-10-17T19:47:32.757+0000] {processor.py:208} INFO - Processing /home/airflow/.local/lib/python3.12/site-packages/airflow/example_dags/example_display_name.py took 0.040 seconds
[2024-10-17T19:48:03.208+0000] {processor.py:186} INFO - Started process (PID=561) to work on /home/airflow/.local/lib/python3.12/site-packages/airflow/example_dags/example_display_name.py
[2024-10-17T19:48:03.209+0000] {processor.py:914} INFO - Processing file /home/airflow/.local/lib/python3.12/site-packages/airflow/example_dags/example_display_name.py for tasks to queue
[2024-10-17T19:48:03.210+0000] {logging_mixin.py:190} INFO - [2024-10-17T19:48:03.210+0000] {dagbag.py:588} INFO - Filling up the DagBag from /home/airflow/.local/lib/python3.12/site-packages/airflow/example_dags/example_display_name.py
[2024-10-17T19:48:03.214+0000] {processor.py:925} INFO - DAG(s) 'example_display_name' retrieved from /home/airflow/.local/lib/python3.12/site-packages/airflow/example_dags/example_display_name.py
[2024-10-17T19:48:03.225+0000] {logging_mixin.py:190} INFO - [2024-10-17T19:48:03.225+0000] {dag.py:3239} INFO - Sync 1 DAGs
[2024-10-17T19:48:03.233+0000] {logging_mixin.py:190} INFO - [2024-10-17T19:48:03.233+0000] {dag.py:4180} INFO - Setting next_dagrun for example_display_name to None, run_after=None
[2024-10-17T19:48:03.242+0000] {processor.py:208} INFO - Processing /home/airflow/.local/lib/python3.12/site-packages/airflow/example_dags/example_display_name.py took 0.037 seconds
