[2024-10-17T17:10:35.130+0000] {processor.py:186} INFO - Started process (PID=77) to work on /home/airflow/.local/lib/python3.12/site-packages/airflow/example_dags/example_skip_dag.py
[2024-10-17T17:10:35.130+0000] {processor.py:914} INFO - Processing file /home/airflow/.local/lib/python3.12/site-packages/airflow/example_dags/example_skip_dag.py for tasks to queue
[2024-10-17T17:10:35.132+0000] {logging_mixin.py:190} INFO - [2024-10-17T17:10:35.132+0000] {dagbag.py:588} INFO - Filling up the DagBag from /home/airflow/.local/lib/python3.12/site-packages/airflow/example_dags/example_skip_dag.py
[2024-10-17T17:10:35.137+0000] {processor.py:925} INFO - DAG(s) 'example_skip_dag' retrieved from /home/airflow/.local/lib/python3.12/site-packages/airflow/example_dags/example_skip_dag.py
[2024-10-17T17:10:35.191+0000] {logging_mixin.py:190} INFO - [2024-10-17T17:10:35.191+0000] {override.py:1900} INFO - Created Permission View: can delete on DAG:example_skip_dag
[2024-10-17T17:10:35.195+0000] {logging_mixin.py:190} INFO - [2024-10-17T17:10:35.195+0000] {override.py:1900} INFO - Created Permission View: can edit on DAG:example_skip_dag
[2024-10-17T17:10:35.198+0000] {logging_mixin.py:190} INFO - [2024-10-17T17:10:35.198+0000] {override.py:1900} INFO - Created Permission View: can read on DAG:example_skip_dag
[2024-10-17T17:10:35.200+0000] {logging_mixin.py:190} INFO - [2024-10-17T17:10:35.200+0000] {override.py:1900} INFO - Created Permission View: can create on DAG Run:example_skip_dag
[2024-10-17T17:10:35.203+0000] {logging_mixin.py:190} INFO - [2024-10-17T17:10:35.202+0000] {override.py:1900} INFO - Created Permission View: can delete on DAG Run:example_skip_dag
[2024-10-17T17:10:35.205+0000] {logging_mixin.py:190} INFO - [2024-10-17T17:10:35.205+0000] {override.py:1900} INFO - Created Permission View: can read on DAG Run:example_skip_dag
[2024-10-17T17:10:35.207+0000] {logging_mixin.py:190} INFO - [2024-10-17T17:10:35.207+0000] {override.py:1900} INFO - Created Permission View: menu access on DAG Run:example_skip_dag
[2024-10-17T17:10:35.207+0000] {logging_mixin.py:190} INFO - [2024-10-17T17:10:35.207+0000] {dag.py:3239} INFO - Sync 1 DAGs
[2024-10-17T17:10:35.214+0000] {logging_mixin.py:190} INFO - [2024-10-17T17:10:35.213+0000] {dag.py:3262} INFO - Creating ORM DAG for example_skip_dag
[2024-10-17T17:10:35.218+0000] {logging_mixin.py:190} INFO - [2024-10-17T17:10:35.218+0000] {dag.py:4180} INFO - Setting next_dagrun for example_skip_dag to 2024-10-16 00:00:00+00:00, run_after=2024-10-17 00:00:00+00:00
[2024-10-17T17:10:35.226+0000] {processor.py:208} INFO - Processing /home/airflow/.local/lib/python3.12/site-packages/airflow/example_dags/example_skip_dag.py took 0.100 seconds
[2024-10-17T17:11:05.597+0000] {processor.py:186} INFO - Started process (PID=139) to work on /home/airflow/.local/lib/python3.12/site-packages/airflow/example_dags/example_skip_dag.py
[2024-10-17T17:11:05.598+0000] {processor.py:914} INFO - Processing file /home/airflow/.local/lib/python3.12/site-packages/airflow/example_dags/example_skip_dag.py for tasks to queue
[2024-10-17T17:11:05.599+0000] {logging_mixin.py:190} INFO - [2024-10-17T17:11:05.599+0000] {dagbag.py:588} INFO - Filling up the DagBag from /home/airflow/.local/lib/python3.12/site-packages/airflow/example_dags/example_skip_dag.py
[2024-10-17T17:11:05.604+0000] {processor.py:925} INFO - DAG(s) 'example_skip_dag' retrieved from /home/airflow/.local/lib/python3.12/site-packages/airflow/example_dags/example_skip_dag.py
[2024-10-17T17:11:05.615+0000] {logging_mixin.py:190} INFO - [2024-10-17T17:11:05.614+0000] {dag.py:3239} INFO - Sync 1 DAGs
[2024-10-17T17:11:05.626+0000] {logging_mixin.py:190} INFO - [2024-10-17T17:11:05.625+0000] {dag.py:4180} INFO - Setting next_dagrun for example_skip_dag to 2024-10-16 00:00:00+00:00, run_after=2024-10-17 00:00:00+00:00
[2024-10-17T17:11:05.635+0000] {processor.py:208} INFO - Processing /home/airflow/.local/lib/python3.12/site-packages/airflow/example_dags/example_skip_dag.py took 0.041 seconds
[2024-10-17T17:11:35.871+0000] {processor.py:186} INFO - Started process (PID=201) to work on /home/airflow/.local/lib/python3.12/site-packages/airflow/example_dags/example_skip_dag.py
[2024-10-17T17:11:35.871+0000] {processor.py:914} INFO - Processing file /home/airflow/.local/lib/python3.12/site-packages/airflow/example_dags/example_skip_dag.py for tasks to queue
[2024-10-17T17:11:35.873+0000] {logging_mixin.py:190} INFO - [2024-10-17T17:11:35.873+0000] {dagbag.py:588} INFO - Filling up the DagBag from /home/airflow/.local/lib/python3.12/site-packages/airflow/example_dags/example_skip_dag.py
[2024-10-17T17:11:35.877+0000] {processor.py:925} INFO - DAG(s) 'example_skip_dag' retrieved from /home/airflow/.local/lib/python3.12/site-packages/airflow/example_dags/example_skip_dag.py
[2024-10-17T17:11:35.889+0000] {logging_mixin.py:190} INFO - [2024-10-17T17:11:35.889+0000] {dag.py:3239} INFO - Sync 1 DAGs
[2024-10-17T17:11:35.901+0000] {logging_mixin.py:190} INFO - [2024-10-17T17:11:35.901+0000] {dag.py:4180} INFO - Setting next_dagrun for example_skip_dag to 2024-10-16 00:00:00+00:00, run_after=2024-10-17 00:00:00+00:00
[2024-10-17T17:11:35.910+0000] {processor.py:208} INFO - Processing /home/airflow/.local/lib/python3.12/site-packages/airflow/example_dags/example_skip_dag.py took 0.042 seconds
[2024-10-17T17:12:06.380+0000] {processor.py:186} INFO - Started process (PID=263) to work on /home/airflow/.local/lib/python3.12/site-packages/airflow/example_dags/example_skip_dag.py
[2024-10-17T17:12:06.381+0000] {processor.py:914} INFO - Processing file /home/airflow/.local/lib/python3.12/site-packages/airflow/example_dags/example_skip_dag.py for tasks to queue
[2024-10-17T17:12:06.383+0000] {logging_mixin.py:190} INFO - [2024-10-17T17:12:06.383+0000] {dagbag.py:588} INFO - Filling up the DagBag from /home/airflow/.local/lib/python3.12/site-packages/airflow/example_dags/example_skip_dag.py
[2024-10-17T17:12:06.393+0000] {processor.py:925} INFO - DAG(s) 'example_skip_dag' retrieved from /home/airflow/.local/lib/python3.12/site-packages/airflow/example_dags/example_skip_dag.py
[2024-10-17T17:12:06.413+0000] {logging_mixin.py:190} INFO - [2024-10-17T17:12:06.412+0000] {dag.py:3239} INFO - Sync 1 DAGs
[2024-10-17T17:12:06.425+0000] {logging_mixin.py:190} INFO - [2024-10-17T17:12:06.425+0000] {dag.py:4180} INFO - Setting next_dagrun for example_skip_dag to 2024-10-16 00:00:00+00:00, run_after=2024-10-17 00:00:00+00:00
[2024-10-17T17:12:06.434+0000] {processor.py:208} INFO - Processing /home/airflow/.local/lib/python3.12/site-packages/airflow/example_dags/example_skip_dag.py took 0.059 seconds
