[2024-10-17T17:10:32.563+0000] {processor.py:186} INFO - Started process (PID=42) to work on /home/airflow/.local/lib/python3.12/site-packages/airflow/example_dags/example_branch_datetime_operator.py
[2024-10-17T17:10:32.563+0000] {processor.py:914} INFO - Processing file /home/airflow/.local/lib/python3.12/site-packages/airflow/example_dags/example_branch_datetime_operator.py for tasks to queue
[2024-10-17T17:10:32.566+0000] {logging_mixin.py:190} INFO - [2024-10-17T17:10:32.565+0000] {dagbag.py:588} INFO - Filling up the DagBag from /home/airflow/.local/lib/python3.12/site-packages/airflow/example_dags/example_branch_datetime_operator.py
[2024-10-17T17:10:32.582+0000] {processor.py:925} INFO - DAG(s) 'example_branch_datetime_operator_2', 'example_branch_datetime_operator_3', 'example_branch_datetime_operator' retrieved from /home/airflow/.local/lib/python3.12/site-packages/airflow/example_dags/example_branch_datetime_operator.py
[2024-10-17T17:10:32.667+0000] {logging_mixin.py:190} INFO - [2024-10-17T17:10:32.666+0000] {override.py:1900} INFO - Created Permission View: can delete on DAG:example_branch_datetime_operator_2
[2024-10-17T17:10:32.672+0000] {logging_mixin.py:190} INFO - [2024-10-17T17:10:32.672+0000] {override.py:1900} INFO - Created Permission View: can edit on DAG:example_branch_datetime_operator_2
[2024-10-17T17:10:32.674+0000] {logging_mixin.py:190} INFO - [2024-10-17T17:10:32.674+0000] {override.py:1900} INFO - Created Permission View: can read on DAG:example_branch_datetime_operator_2
[2024-10-17T17:10:32.677+0000] {logging_mixin.py:190} INFO - [2024-10-17T17:10:32.677+0000] {override.py:1900} INFO - Created Permission View: can create on DAG Run:example_branch_datetime_operator_2
[2024-10-17T17:10:32.681+0000] {logging_mixin.py:190} INFO - [2024-10-17T17:10:32.681+0000] {override.py:1900} INFO - Created Permission View: can delete on DAG Run:example_branch_datetime_operator_2
[2024-10-17T17:10:32.685+0000] {logging_mixin.py:190} INFO - [2024-10-17T17:10:32.685+0000] {override.py:1900} INFO - Created Permission View: can read on DAG Run:example_branch_datetime_operator_2
[2024-10-17T17:10:32.691+0000] {logging_mixin.py:190} INFO - [2024-10-17T17:10:32.690+0000] {override.py:1900} INFO - Created Permission View: menu access on DAG Run:example_branch_datetime_operator_2
[2024-10-17T17:10:32.700+0000] {logging_mixin.py:190} INFO - [2024-10-17T17:10:32.699+0000] {override.py:1900} INFO - Created Permission View: can delete on DAG:example_branch_datetime_operator_3
[2024-10-17T17:10:32.704+0000] {logging_mixin.py:190} INFO - [2024-10-17T17:10:32.704+0000] {override.py:1900} INFO - Created Permission View: can edit on DAG:example_branch_datetime_operator_3
[2024-10-17T17:10:32.709+0000] {logging_mixin.py:190} INFO - [2024-10-17T17:10:32.708+0000] {override.py:1900} INFO - Created Permission View: can read on DAG:example_branch_datetime_operator_3
[2024-10-17T17:10:32.712+0000] {logging_mixin.py:190} INFO - [2024-10-17T17:10:32.712+0000] {override.py:1900} INFO - Created Permission View: can create on DAG Run:example_branch_datetime_operator_3
[2024-10-17T17:10:32.715+0000] {logging_mixin.py:190} INFO - [2024-10-17T17:10:32.715+0000] {override.py:1900} INFO - Created Permission View: can delete on DAG Run:example_branch_datetime_operator_3
[2024-10-17T17:10:32.717+0000] {logging_mixin.py:190} INFO - [2024-10-17T17:10:32.717+0000] {override.py:1900} INFO - Created Permission View: can read on DAG Run:example_branch_datetime_operator_3
[2024-10-17T17:10:32.720+0000] {logging_mixin.py:190} INFO - [2024-10-17T17:10:32.720+0000] {override.py:1900} INFO - Created Permission View: menu access on DAG Run:example_branch_datetime_operator_3
[2024-10-17T17:10:32.725+0000] {logging_mixin.py:190} INFO - [2024-10-17T17:10:32.725+0000] {override.py:1900} INFO - Created Permission View: can delete on DAG:example_branch_datetime_operator
[2024-10-17T17:10:32.727+0000] {logging_mixin.py:190} INFO - [2024-10-17T17:10:32.727+0000] {override.py:1900} INFO - Created Permission View: can edit on DAG:example_branch_datetime_operator
[2024-10-17T17:10:32.730+0000] {logging_mixin.py:190} INFO - [2024-10-17T17:10:32.730+0000] {override.py:1900} INFO - Created Permission View: can read on DAG:example_branch_datetime_operator
[2024-10-17T17:10:32.732+0000] {logging_mixin.py:190} INFO - [2024-10-17T17:10:32.732+0000] {override.py:1900} INFO - Created Permission View: can create on DAG Run:example_branch_datetime_operator
[2024-10-17T17:10:32.735+0000] {logging_mixin.py:190} INFO - [2024-10-17T17:10:32.734+0000] {override.py:1900} INFO - Created Permission View: can delete on DAG Run:example_branch_datetime_operator
[2024-10-17T17:10:32.737+0000] {logging_mixin.py:190} INFO - [2024-10-17T17:10:32.737+0000] {override.py:1900} INFO - Created Permission View: can read on DAG Run:example_branch_datetime_operator
[2024-10-17T17:10:32.739+0000] {logging_mixin.py:190} INFO - [2024-10-17T17:10:32.739+0000] {override.py:1900} INFO - Created Permission View: menu access on DAG Run:example_branch_datetime_operator
[2024-10-17T17:10:32.740+0000] {logging_mixin.py:190} INFO - [2024-10-17T17:10:32.740+0000] {dag.py:3239} INFO - Sync 3 DAGs
[2024-10-17T17:10:32.747+0000] {logging_mixin.py:190} INFO - [2024-10-17T17:10:32.747+0000] {dag.py:3262} INFO - Creating ORM DAG for example_branch_datetime_operator_3
[2024-10-17T17:10:32.748+0000] {logging_mixin.py:190} INFO - [2024-10-17T17:10:32.748+0000] {dag.py:3262} INFO - Creating ORM DAG for example_branch_datetime_operator
[2024-10-17T17:10:32.748+0000] {logging_mixin.py:190} INFO - [2024-10-17T17:10:32.748+0000] {dag.py:3262} INFO - Creating ORM DAG for example_branch_datetime_operator_2
[2024-10-17T17:10:32.755+0000] {logging_mixin.py:190} INFO - [2024-10-17T17:10:32.754+0000] {dag.py:4180} INFO - Setting next_dagrun for example_branch_datetime_operator to 2024-10-16 00:00:00+00:00, run_after=2024-10-17 00:00:00+00:00
[2024-10-17T17:10:32.756+0000] {logging_mixin.py:190} INFO - [2024-10-17T17:10:32.755+0000] {dag.py:4180} INFO - Setting next_dagrun for example_branch_datetime_operator_2 to 2024-10-16 00:00:00+00:00, run_after=2024-10-17 00:00:00+00:00
[2024-10-17T17:10:32.756+0000] {logging_mixin.py:190} INFO - [2024-10-17T17:10:32.756+0000] {dag.py:4180} INFO - Setting next_dagrun for example_branch_datetime_operator_3 to 2024-10-16 00:00:00+00:00, run_after=2024-10-17 00:00:00+00:00
[2024-10-17T17:10:32.765+0000] {processor.py:208} INFO - Processing /home/airflow/.local/lib/python3.12/site-packages/airflow/example_dags/example_branch_datetime_operator.py took 0.208 seconds
[2024-10-17T17:11:03.365+0000] {processor.py:186} INFO - Started process (PID=104) to work on /home/airflow/.local/lib/python3.12/site-packages/airflow/example_dags/example_branch_datetime_operator.py
[2024-10-17T17:11:03.366+0000] {processor.py:914} INFO - Processing file /home/airflow/.local/lib/python3.12/site-packages/airflow/example_dags/example_branch_datetime_operator.py for tasks to queue
[2024-10-17T17:11:03.368+0000] {logging_mixin.py:190} INFO - [2024-10-17T17:11:03.368+0000] {dagbag.py:588} INFO - Filling up the DagBag from /home/airflow/.local/lib/python3.12/site-packages/airflow/example_dags/example_branch_datetime_operator.py
[2024-10-17T17:11:03.375+0000] {processor.py:925} INFO - DAG(s) 'example_branch_datetime_operator_2', 'example_branch_datetime_operator', 'example_branch_datetime_operator_3' retrieved from /home/airflow/.local/lib/python3.12/site-packages/airflow/example_dags/example_branch_datetime_operator.py
[2024-10-17T17:11:03.389+0000] {logging_mixin.py:190} INFO - [2024-10-17T17:11:03.389+0000] {dag.py:3239} INFO - Sync 3 DAGs
[2024-10-17T17:11:03.401+0000] {logging_mixin.py:190} INFO - [2024-10-17T17:11:03.401+0000] {dag.py:4180} INFO - Setting next_dagrun for example_branch_datetime_operator to 2024-10-16 00:00:00+00:00, run_after=2024-10-17 00:00:00+00:00
[2024-10-17T17:11:03.404+0000] {logging_mixin.py:190} INFO - [2024-10-17T17:11:03.404+0000] {dag.py:4180} INFO - Setting next_dagrun for example_branch_datetime_operator_2 to 2024-10-16 00:00:00+00:00, run_after=2024-10-17 00:00:00+00:00
[2024-10-17T17:11:03.405+0000] {logging_mixin.py:190} INFO - [2024-10-17T17:11:03.405+0000] {dag.py:4180} INFO - Setting next_dagrun for example_branch_datetime_operator_3 to 2024-10-16 00:00:00+00:00, run_after=2024-10-17 00:00:00+00:00
[2024-10-17T17:11:03.413+0000] {processor.py:208} INFO - Processing /home/airflow/.local/lib/python3.12/site-packages/airflow/example_dags/example_branch_datetime_operator.py took 0.051 seconds
[2024-10-17T17:11:33.617+0000] {processor.py:186} INFO - Started process (PID=166) to work on /home/airflow/.local/lib/python3.12/site-packages/airflow/example_dags/example_branch_datetime_operator.py
[2024-10-17T17:11:33.618+0000] {processor.py:914} INFO - Processing file /home/airflow/.local/lib/python3.12/site-packages/airflow/example_dags/example_branch_datetime_operator.py for tasks to queue
[2024-10-17T17:11:33.619+0000] {logging_mixin.py:190} INFO - [2024-10-17T17:11:33.619+0000] {dagbag.py:588} INFO - Filling up the DagBag from /home/airflow/.local/lib/python3.12/site-packages/airflow/example_dags/example_branch_datetime_operator.py
[2024-10-17T17:11:33.626+0000] {processor.py:925} INFO - DAG(s) 'example_branch_datetime_operator', 'example_branch_datetime_operator_3', 'example_branch_datetime_operator_2' retrieved from /home/airflow/.local/lib/python3.12/site-packages/airflow/example_dags/example_branch_datetime_operator.py
[2024-10-17T17:11:33.639+0000] {logging_mixin.py:190} INFO - [2024-10-17T17:11:33.639+0000] {dag.py:3239} INFO - Sync 3 DAGs
[2024-10-17T17:11:33.651+0000] {logging_mixin.py:190} INFO - [2024-10-17T17:11:33.651+0000] {dag.py:4180} INFO - Setting next_dagrun for example_branch_datetime_operator to 2024-10-16 00:00:00+00:00, run_after=2024-10-17 00:00:00+00:00
[2024-10-17T17:11:33.654+0000] {logging_mixin.py:190} INFO - [2024-10-17T17:11:33.654+0000] {dag.py:4180} INFO - Setting next_dagrun for example_branch_datetime_operator_2 to 2024-10-16 00:00:00+00:00, run_after=2024-10-17 00:00:00+00:00
[2024-10-17T17:11:33.655+0000] {logging_mixin.py:190} INFO - [2024-10-17T17:11:33.655+0000] {dag.py:4180} INFO - Setting next_dagrun for example_branch_datetime_operator_3 to 2024-10-16 00:00:00+00:00, run_after=2024-10-17 00:00:00+00:00
[2024-10-17T17:11:33.663+0000] {processor.py:208} INFO - Processing /home/airflow/.local/lib/python3.12/site-packages/airflow/example_dags/example_branch_datetime_operator.py took 0.049 seconds
[2024-10-17T17:12:03.990+0000] {processor.py:186} INFO - Started process (PID=228) to work on /home/airflow/.local/lib/python3.12/site-packages/airflow/example_dags/example_branch_datetime_operator.py
[2024-10-17T17:12:03.991+0000] {processor.py:914} INFO - Processing file /home/airflow/.local/lib/python3.12/site-packages/airflow/example_dags/example_branch_datetime_operator.py for tasks to queue
[2024-10-17T17:12:03.993+0000] {logging_mixin.py:190} INFO - [2024-10-17T17:12:03.992+0000] {dagbag.py:588} INFO - Filling up the DagBag from /home/airflow/.local/lib/python3.12/site-packages/airflow/example_dags/example_branch_datetime_operator.py
[2024-10-17T17:12:04.000+0000] {processor.py:925} INFO - DAG(s) 'example_branch_datetime_operator', 'example_branch_datetime_operator_3', 'example_branch_datetime_operator_2' retrieved from /home/airflow/.local/lib/python3.12/site-packages/airflow/example_dags/example_branch_datetime_operator.py
[2024-10-17T17:12:04.014+0000] {logging_mixin.py:190} INFO - [2024-10-17T17:12:04.014+0000] {dag.py:3239} INFO - Sync 3 DAGs
[2024-10-17T17:12:04.027+0000] {logging_mixin.py:190} INFO - [2024-10-17T17:12:04.026+0000] {dag.py:4180} INFO - Setting next_dagrun for example_branch_datetime_operator to 2024-10-16 00:00:00+00:00, run_after=2024-10-17 00:00:00+00:00
[2024-10-17T17:12:04.029+0000] {logging_mixin.py:190} INFO - [2024-10-17T17:12:04.029+0000] {dag.py:4180} INFO - Setting next_dagrun for example_branch_datetime_operator_2 to 2024-10-16 00:00:00+00:00, run_after=2024-10-17 00:00:00+00:00
[2024-10-17T17:12:04.031+0000] {logging_mixin.py:190} INFO - [2024-10-17T17:12:04.031+0000] {dag.py:4180} INFO - Setting next_dagrun for example_branch_datetime_operator_3 to 2024-10-16 00:00:00+00:00, run_after=2024-10-17 00:00:00+00:00
[2024-10-17T17:12:04.040+0000] {processor.py:208} INFO - Processing /home/airflow/.local/lib/python3.12/site-packages/airflow/example_dags/example_branch_datetime_operator.py took 0.053 seconds
