[2024-10-17T17:10:34.515+0000] {processor.py:186} INFO - Started process (PID=71) to work on /home/airflow/.local/lib/python3.12/site-packages/airflow/example_dags/example_branch_day_of_week_operator.py
[2024-10-17T17:10:34.515+0000] {processor.py:914} INFO - Processing file /home/airflow/.local/lib/python3.12/site-packages/airflow/example_dags/example_branch_day_of_week_operator.py for tasks to queue
[2024-10-17T17:10:34.517+0000] {logging_mixin.py:190} INFO - [2024-10-17T17:10:34.517+0000] {dagbag.py:588} INFO - Filling up the DagBag from /home/airflow/.local/lib/python3.12/site-packages/airflow/example_dags/example_branch_day_of_week_operator.py
[2024-10-17T17:10:34.524+0000] {processor.py:925} INFO - DAG(s) 'example_weekday_branch_operator' retrieved from /home/airflow/.local/lib/python3.12/site-packages/airflow/example_dags/example_branch_day_of_week_operator.py
[2024-10-17T17:10:34.582+0000] {logging_mixin.py:190} INFO - [2024-10-17T17:10:34.581+0000] {override.py:1900} INFO - Created Permission View: can delete on DAG:example_weekday_branch_operator
[2024-10-17T17:10:34.587+0000] {logging_mixin.py:190} INFO - [2024-10-17T17:10:34.587+0000] {override.py:1900} INFO - Created Permission View: can edit on DAG:example_weekday_branch_operator
[2024-10-17T17:10:34.590+0000] {logging_mixin.py:190} INFO - [2024-10-17T17:10:34.590+0000] {override.py:1900} INFO - Created Permission View: can read on DAG:example_weekday_branch_operator
[2024-10-17T17:10:34.593+0000] {logging_mixin.py:190} INFO - [2024-10-17T17:10:34.593+0000] {override.py:1900} INFO - Created Permission View: can create on DAG Run:example_weekday_branch_operator
[2024-10-17T17:10:34.596+0000] {logging_mixin.py:190} INFO - [2024-10-17T17:10:34.595+0000] {override.py:1900} INFO - Created Permission View: can delete on DAG Run:example_weekday_branch_operator
[2024-10-17T17:10:34.598+0000] {logging_mixin.py:190} INFO - [2024-10-17T17:10:34.598+0000] {override.py:1900} INFO - Created Permission View: can read on DAG Run:example_weekday_branch_operator
[2024-10-17T17:10:34.601+0000] {logging_mixin.py:190} INFO - [2024-10-17T17:10:34.601+0000] {override.py:1900} INFO - Created Permission View: menu access on DAG Run:example_weekday_branch_operator
[2024-10-17T17:10:34.601+0000] {logging_mixin.py:190} INFO - [2024-10-17T17:10:34.601+0000] {dag.py:3239} INFO - Sync 1 DAGs
[2024-10-17T17:10:34.609+0000] {logging_mixin.py:190} INFO - [2024-10-17T17:10:34.609+0000] {dag.py:3262} INFO - Creating ORM DAG for example_weekday_branch_operator
[2024-10-17T17:10:34.615+0000] {logging_mixin.py:190} INFO - [2024-10-17T17:10:34.615+0000] {dag.py:4180} INFO - Setting next_dagrun for example_weekday_branch_operator to 2024-10-16 00:00:00+00:00, run_after=2024-10-17 00:00:00+00:00
[2024-10-17T17:10:34.624+0000] {processor.py:208} INFO - Processing /home/airflow/.local/lib/python3.12/site-packages/airflow/example_dags/example_branch_day_of_week_operator.py took 0.112 seconds
[2024-10-17T17:11:05.312+0000] {processor.py:186} INFO - Started process (PID=133) to work on /home/airflow/.local/lib/python3.12/site-packages/airflow/example_dags/example_branch_day_of_week_operator.py
[2024-10-17T17:11:05.313+0000] {processor.py:914} INFO - Processing file /home/airflow/.local/lib/python3.12/site-packages/airflow/example_dags/example_branch_day_of_week_operator.py for tasks to queue
[2024-10-17T17:11:05.314+0000] {logging_mixin.py:190} INFO - [2024-10-17T17:11:05.314+0000] {dagbag.py:588} INFO - Filling up the DagBag from /home/airflow/.local/lib/python3.12/site-packages/airflow/example_dags/example_branch_day_of_week_operator.py
[2024-10-17T17:11:05.320+0000] {processor.py:925} INFO - DAG(s) 'example_weekday_branch_operator' retrieved from /home/airflow/.local/lib/python3.12/site-packages/airflow/example_dags/example_branch_day_of_week_operator.py
[2024-10-17T17:11:05.331+0000] {logging_mixin.py:190} INFO - [2024-10-17T17:11:05.330+0000] {dag.py:3239} INFO - Sync 1 DAGs
[2024-10-17T17:11:05.342+0000] {logging_mixin.py:190} INFO - [2024-10-17T17:11:05.342+0000] {dag.py:4180} INFO - Setting next_dagrun for example_weekday_branch_operator to 2024-10-16 00:00:00+00:00, run_after=2024-10-17 00:00:00+00:00
[2024-10-17T17:11:05.351+0000] {processor.py:208} INFO - Processing /home/airflow/.local/lib/python3.12/site-packages/airflow/example_dags/example_branch_day_of_week_operator.py took 0.042 seconds
[2024-10-17T17:11:35.591+0000] {processor.py:186} INFO - Started process (PID=195) to work on /home/airflow/.local/lib/python3.12/site-packages/airflow/example_dags/example_branch_day_of_week_operator.py
[2024-10-17T17:11:35.592+0000] {processor.py:914} INFO - Processing file /home/airflow/.local/lib/python3.12/site-packages/airflow/example_dags/example_branch_day_of_week_operator.py for tasks to queue
[2024-10-17T17:11:35.593+0000] {logging_mixin.py:190} INFO - [2024-10-17T17:11:35.593+0000] {dagbag.py:588} INFO - Filling up the DagBag from /home/airflow/.local/lib/python3.12/site-packages/airflow/example_dags/example_branch_day_of_week_operator.py
[2024-10-17T17:11:35.598+0000] {processor.py:925} INFO - DAG(s) 'example_weekday_branch_operator' retrieved from /home/airflow/.local/lib/python3.12/site-packages/airflow/example_dags/example_branch_day_of_week_operator.py
[2024-10-17T17:11:35.609+0000] {logging_mixin.py:190} INFO - [2024-10-17T17:11:35.609+0000] {dag.py:3239} INFO - Sync 1 DAGs
[2024-10-17T17:11:35.620+0000] {logging_mixin.py:190} INFO - [2024-10-17T17:11:35.620+0000] {dag.py:4180} INFO - Setting next_dagrun for example_weekday_branch_operator to 2024-10-16 00:00:00+00:00, run_after=2024-10-17 00:00:00+00:00
[2024-10-17T17:11:35.627+0000] {processor.py:208} INFO - Processing /home/airflow/.local/lib/python3.12/site-packages/airflow/example_dags/example_branch_day_of_week_operator.py took 0.040 seconds
[2024-10-17T17:12:06.111+0000] {processor.py:186} INFO - Started process (PID=257) to work on /home/airflow/.local/lib/python3.12/site-packages/airflow/example_dags/example_branch_day_of_week_operator.py
[2024-10-17T17:12:06.112+0000] {processor.py:914} INFO - Processing file /home/airflow/.local/lib/python3.12/site-packages/airflow/example_dags/example_branch_day_of_week_operator.py for tasks to queue
[2024-10-17T17:12:06.114+0000] {logging_mixin.py:190} INFO - [2024-10-17T17:12:06.113+0000] {dagbag.py:588} INFO - Filling up the DagBag from /home/airflow/.local/lib/python3.12/site-packages/airflow/example_dags/example_branch_day_of_week_operator.py
[2024-10-17T17:12:06.119+0000] {processor.py:925} INFO - DAG(s) 'example_weekday_branch_operator' retrieved from /home/airflow/.local/lib/python3.12/site-packages/airflow/example_dags/example_branch_day_of_week_operator.py
[2024-10-17T17:12:06.140+0000] {logging_mixin.py:190} INFO - [2024-10-17T17:12:06.139+0000] {dag.py:3239} INFO - Sync 1 DAGs
[2024-10-17T17:12:06.153+0000] {logging_mixin.py:190} INFO - [2024-10-17T17:12:06.153+0000] {dag.py:4180} INFO - Setting next_dagrun for example_weekday_branch_operator to 2024-10-16 00:00:00+00:00, run_after=2024-10-17 00:00:00+00:00
[2024-10-17T17:12:06.162+0000] {processor.py:208} INFO - Processing /home/airflow/.local/lib/python3.12/site-packages/airflow/example_dags/example_branch_day_of_week_operator.py took 0.055 seconds
