[2024-10-17T17:10:33.530+0000] {processor.py:186} INFO - Started process (PID=55) to work on /home/airflow/.local/lib/python3.12/site-packages/airflow/example_dags/tutorial_taskflow_api_virtualenv.py
[2024-10-17T17:10:33.531+0000] {processor.py:914} INFO - Processing file /home/airflow/.local/lib/python3.12/site-packages/airflow/example_dags/tutorial_taskflow_api_virtualenv.py for tasks to queue
[2024-10-17T17:10:33.532+0000] {logging_mixin.py:190} INFO - [2024-10-17T17:10:33.532+0000] {dagbag.py:588} INFO - Filling up the DagBag from /home/airflow/.local/lib/python3.12/site-packages/airflow/example_dags/tutorial_taskflow_api_virtualenv.py
[2024-10-17T17:10:33.541+0000] {processor.py:925} INFO - DAG(s) 'tutorial_taskflow_api_virtualenv' retrieved from /home/airflow/.local/lib/python3.12/site-packages/airflow/example_dags/tutorial_taskflow_api_virtualenv.py
[2024-10-17T17:10:33.595+0000] {logging_mixin.py:190} INFO - [2024-10-17T17:10:33.595+0000] {override.py:1900} INFO - Created Permission View: can delete on DAG:tutorial_taskflow_api_virtualenv
[2024-10-17T17:10:33.600+0000] {logging_mixin.py:190} INFO - [2024-10-17T17:10:33.600+0000] {override.py:1900} INFO - Created Permission View: can edit on DAG:tutorial_taskflow_api_virtualenv
[2024-10-17T17:10:33.603+0000] {logging_mixin.py:190} INFO - [2024-10-17T17:10:33.603+0000] {override.py:1900} INFO - Created Permission View: can read on DAG:tutorial_taskflow_api_virtualenv
[2024-10-17T17:10:33.606+0000] {logging_mixin.py:190} INFO - [2024-10-17T17:10:33.606+0000] {override.py:1900} INFO - Created Permission View: can create on DAG Run:tutorial_taskflow_api_virtualenv
[2024-10-17T17:10:33.609+0000] {logging_mixin.py:190} INFO - [2024-10-17T17:10:33.609+0000] {override.py:1900} INFO - Created Permission View: can delete on DAG Run:tutorial_taskflow_api_virtualenv
[2024-10-17T17:10:33.612+0000] {logging_mixin.py:190} INFO - [2024-10-17T17:10:33.612+0000] {override.py:1900} INFO - Created Permission View: can read on DAG Run:tutorial_taskflow_api_virtualenv
[2024-10-17T17:10:33.615+0000] {logging_mixin.py:190} INFO - [2024-10-17T17:10:33.615+0000] {override.py:1900} INFO - Created Permission View: menu access on DAG Run:tutorial_taskflow_api_virtualenv
[2024-10-17T17:10:33.615+0000] {logging_mixin.py:190} INFO - [2024-10-17T17:10:33.615+0000] {dag.py:3239} INFO - Sync 1 DAGs
[2024-10-17T17:10:33.622+0000] {logging_mixin.py:190} INFO - [2024-10-17T17:10:33.622+0000] {dag.py:3262} INFO - Creating ORM DAG for tutorial_taskflow_api_virtualenv
[2024-10-17T17:10:33.623+0000] {logging_mixin.py:190} INFO - [2024-10-17T17:10:33.623+0000] {dag.py:4180} INFO - Setting next_dagrun for tutorial_taskflow_api_virtualenv to None, run_after=None
[2024-10-17T17:10:33.630+0000] {processor.py:208} INFO - Processing /home/airflow/.local/lib/python3.12/site-packages/airflow/example_dags/tutorial_taskflow_api_virtualenv.py took 0.103 seconds
[2024-10-17T17:11:03.850+0000] {processor.py:186} INFO - Started process (PID=117) to work on /home/airflow/.local/lib/python3.12/site-packages/airflow/example_dags/tutorial_taskflow_api_virtualenv.py
[2024-10-17T17:11:03.851+0000] {processor.py:914} INFO - Processing file /home/airflow/.local/lib/python3.12/site-packages/airflow/example_dags/tutorial_taskflow_api_virtualenv.py for tasks to queue
[2024-10-17T17:11:03.853+0000] {logging_mixin.py:190} INFO - [2024-10-17T17:11:03.852+0000] {dagbag.py:588} INFO - Filling up the DagBag from /home/airflow/.local/lib/python3.12/site-packages/airflow/example_dags/tutorial_taskflow_api_virtualenv.py
[2024-10-17T17:11:03.860+0000] {processor.py:925} INFO - DAG(s) 'tutorial_taskflow_api_virtualenv' retrieved from /home/airflow/.local/lib/python3.12/site-packages/airflow/example_dags/tutorial_taskflow_api_virtualenv.py
[2024-10-17T17:11:03.871+0000] {logging_mixin.py:190} INFO - [2024-10-17T17:11:03.870+0000] {dag.py:3239} INFO - Sync 1 DAGs
[2024-10-17T17:11:03.878+0000] {logging_mixin.py:190} INFO - [2024-10-17T17:11:03.878+0000] {dag.py:4180} INFO - Setting next_dagrun for tutorial_taskflow_api_virtualenv to None, run_after=None
[2024-10-17T17:11:03.887+0000] {processor.py:208} INFO - Processing /home/airflow/.local/lib/python3.12/site-packages/airflow/example_dags/tutorial_taskflow_api_virtualenv.py took 0.040 seconds
[2024-10-17T17:11:34.052+0000] {processor.py:186} INFO - Started process (PID=179) to work on /home/airflow/.local/lib/python3.12/site-packages/airflow/example_dags/tutorial_taskflow_api_virtualenv.py
[2024-10-17T17:11:34.053+0000] {processor.py:914} INFO - Processing file /home/airflow/.local/lib/python3.12/site-packages/airflow/example_dags/tutorial_taskflow_api_virtualenv.py for tasks to queue
[2024-10-17T17:11:34.054+0000] {logging_mixin.py:190} INFO - [2024-10-17T17:11:34.054+0000] {dagbag.py:588} INFO - Filling up the DagBag from /home/airflow/.local/lib/python3.12/site-packages/airflow/example_dags/tutorial_taskflow_api_virtualenv.py
[2024-10-17T17:11:34.061+0000] {processor.py:925} INFO - DAG(s) 'tutorial_taskflow_api_virtualenv' retrieved from /home/airflow/.local/lib/python3.12/site-packages/airflow/example_dags/tutorial_taskflow_api_virtualenv.py
[2024-10-17T17:11:34.072+0000] {logging_mixin.py:190} INFO - [2024-10-17T17:11:34.072+0000] {dag.py:3239} INFO - Sync 1 DAGs
[2024-10-17T17:11:34.079+0000] {logging_mixin.py:190} INFO - [2024-10-17T17:11:34.079+0000] {dag.py:4180} INFO - Setting next_dagrun for tutorial_taskflow_api_virtualenv to None, run_after=None
[2024-10-17T17:11:34.088+0000] {processor.py:208} INFO - Processing /home/airflow/.local/lib/python3.12/site-packages/airflow/example_dags/tutorial_taskflow_api_virtualenv.py took 0.039 seconds
[2024-10-17T17:12:04.498+0000] {processor.py:186} INFO - Started process (PID=241) to work on /home/airflow/.local/lib/python3.12/site-packages/airflow/example_dags/tutorial_taskflow_api_virtualenv.py
[2024-10-17T17:12:04.499+0000] {processor.py:914} INFO - Processing file /home/airflow/.local/lib/python3.12/site-packages/airflow/example_dags/tutorial_taskflow_api_virtualenv.py for tasks to queue
[2024-10-17T17:12:04.500+0000] {logging_mixin.py:190} INFO - [2024-10-17T17:12:04.500+0000] {dagbag.py:588} INFO - Filling up the DagBag from /home/airflow/.local/lib/python3.12/site-packages/airflow/example_dags/tutorial_taskflow_api_virtualenv.py
[2024-10-17T17:12:04.508+0000] {processor.py:925} INFO - DAG(s) 'tutorial_taskflow_api_virtualenv' retrieved from /home/airflow/.local/lib/python3.12/site-packages/airflow/example_dags/tutorial_taskflow_api_virtualenv.py
[2024-10-17T17:12:04.520+0000] {logging_mixin.py:190} INFO - [2024-10-17T17:12:04.520+0000] {dag.py:3239} INFO - Sync 1 DAGs
[2024-10-17T17:12:04.528+0000] {logging_mixin.py:190} INFO - [2024-10-17T17:12:04.527+0000] {dag.py:4180} INFO - Setting next_dagrun for tutorial_taskflow_api_virtualenv to None, run_after=None
[2024-10-17T17:12:04.540+0000] {processor.py:208} INFO - Processing /home/airflow/.local/lib/python3.12/site-packages/airflow/example_dags/tutorial_taskflow_api_virtualenv.py took 0.046 seconds
[2024-10-17T19:26:34.837+0000] {processor.py:186} INFO - Started process (PID=74) to work on /home/airflow/.local/lib/python3.12/site-packages/airflow/example_dags/tutorial_taskflow_api_virtualenv.py
[2024-10-17T19:26:34.838+0000] {processor.py:914} INFO - Processing file /home/airflow/.local/lib/python3.12/site-packages/airflow/example_dags/tutorial_taskflow_api_virtualenv.py for tasks to queue
[2024-10-17T19:26:34.840+0000] {logging_mixin.py:190} INFO - [2024-10-17T19:26:34.839+0000] {dagbag.py:588} INFO - Filling up the DagBag from /home/airflow/.local/lib/python3.12/site-packages/airflow/example_dags/tutorial_taskflow_api_virtualenv.py
[2024-10-17T19:26:34.848+0000] {processor.py:925} INFO - DAG(s) 'tutorial_taskflow_api_virtualenv' retrieved from /home/airflow/.local/lib/python3.12/site-packages/airflow/example_dags/tutorial_taskflow_api_virtualenv.py
[2024-10-17T19:26:34.903+0000] {logging_mixin.py:190} INFO - [2024-10-17T19:26:34.903+0000] {override.py:1900} INFO - Created Permission View: can edit on DAG:tutorial_taskflow_api_virtualenv
[2024-10-17T19:26:34.907+0000] {logging_mixin.py:190} INFO - [2024-10-17T19:26:34.907+0000] {override.py:1900} INFO - Created Permission View: can delete on DAG:tutorial_taskflow_api_virtualenv
[2024-10-17T19:26:34.910+0000] {logging_mixin.py:190} INFO - [2024-10-17T19:26:34.910+0000] {override.py:1900} INFO - Created Permission View: can read on DAG:tutorial_taskflow_api_virtualenv
[2024-10-17T19:26:34.913+0000] {logging_mixin.py:190} INFO - [2024-10-17T19:26:34.912+0000] {override.py:1900} INFO - Created Permission View: can delete on DAG Run:tutorial_taskflow_api_virtualenv
[2024-10-17T19:26:34.915+0000] {logging_mixin.py:190} INFO - [2024-10-17T19:26:34.915+0000] {override.py:1900} INFO - Created Permission View: can create on DAG Run:tutorial_taskflow_api_virtualenv
[2024-10-17T19:26:34.918+0000] {logging_mixin.py:190} INFO - [2024-10-17T19:26:34.918+0000] {override.py:1900} INFO - Created Permission View: can read on DAG Run:tutorial_taskflow_api_virtualenv
[2024-10-17T19:26:34.921+0000] {logging_mixin.py:190} INFO - [2024-10-17T19:26:34.920+0000] {override.py:1900} INFO - Created Permission View: menu access on DAG Run:tutorial_taskflow_api_virtualenv
[2024-10-17T19:26:34.921+0000] {logging_mixin.py:190} INFO - [2024-10-17T19:26:34.921+0000] {dag.py:3239} INFO - Sync 1 DAGs
[2024-10-17T19:26:34.927+0000] {logging_mixin.py:190} INFO - [2024-10-17T19:26:34.927+0000] {dag.py:3262} INFO - Creating ORM DAG for tutorial_taskflow_api_virtualenv
[2024-10-17T19:26:34.928+0000] {logging_mixin.py:190} INFO - [2024-10-17T19:26:34.928+0000] {dag.py:4180} INFO - Setting next_dagrun for tutorial_taskflow_api_virtualenv to None, run_after=None
[2024-10-17T19:26:34.935+0000] {processor.py:208} INFO - Processing /home/airflow/.local/lib/python3.12/site-packages/airflow/example_dags/tutorial_taskflow_api_virtualenv.py took 0.101 seconds
[2024-10-17T19:27:05.336+0000] {processor.py:186} INFO - Started process (PID=137) to work on /home/airflow/.local/lib/python3.12/site-packages/airflow/example_dags/tutorial_taskflow_api_virtualenv.py
[2024-10-17T19:27:05.337+0000] {processor.py:914} INFO - Processing file /home/airflow/.local/lib/python3.12/site-packages/airflow/example_dags/tutorial_taskflow_api_virtualenv.py for tasks to queue
[2024-10-17T19:27:05.338+0000] {logging_mixin.py:190} INFO - [2024-10-17T19:27:05.338+0000] {dagbag.py:588} INFO - Filling up the DagBag from /home/airflow/.local/lib/python3.12/site-packages/airflow/example_dags/tutorial_taskflow_api_virtualenv.py
[2024-10-17T19:27:05.347+0000] {processor.py:925} INFO - DAG(s) 'tutorial_taskflow_api_virtualenv' retrieved from /home/airflow/.local/lib/python3.12/site-packages/airflow/example_dags/tutorial_taskflow_api_virtualenv.py
[2024-10-17T19:27:05.358+0000] {logging_mixin.py:190} INFO - [2024-10-17T19:27:05.357+0000] {dag.py:3239} INFO - Sync 1 DAGs
[2024-10-17T19:27:05.365+0000] {logging_mixin.py:190} INFO - [2024-10-17T19:27:05.365+0000] {dag.py:4180} INFO - Setting next_dagrun for tutorial_taskflow_api_virtualenv to None, run_after=None
[2024-10-17T19:27:05.373+0000] {processor.py:208} INFO - Processing /home/airflow/.local/lib/python3.12/site-packages/airflow/example_dags/tutorial_taskflow_api_virtualenv.py took 0.041 seconds
[2024-10-17T19:27:35.784+0000] {processor.py:186} INFO - Started process (PID=200) to work on /home/airflow/.local/lib/python3.12/site-packages/airflow/example_dags/tutorial_taskflow_api_virtualenv.py
[2024-10-17T19:27:35.785+0000] {processor.py:914} INFO - Processing file /home/airflow/.local/lib/python3.12/site-packages/airflow/example_dags/tutorial_taskflow_api_virtualenv.py for tasks to queue
[2024-10-17T19:27:35.786+0000] {logging_mixin.py:190} INFO - [2024-10-17T19:27:35.786+0000] {dagbag.py:588} INFO - Filling up the DagBag from /home/airflow/.local/lib/python3.12/site-packages/airflow/example_dags/tutorial_taskflow_api_virtualenv.py
[2024-10-17T19:27:35.793+0000] {processor.py:925} INFO - DAG(s) 'tutorial_taskflow_api_virtualenv' retrieved from /home/airflow/.local/lib/python3.12/site-packages/airflow/example_dags/tutorial_taskflow_api_virtualenv.py
[2024-10-17T19:27:35.804+0000] {logging_mixin.py:190} INFO - [2024-10-17T19:27:35.804+0000] {dag.py:3239} INFO - Sync 1 DAGs
[2024-10-17T19:27:35.812+0000] {logging_mixin.py:190} INFO - [2024-10-17T19:27:35.812+0000] {dag.py:4180} INFO - Setting next_dagrun for tutorial_taskflow_api_virtualenv to None, run_after=None
[2024-10-17T19:27:35.821+0000] {processor.py:208} INFO - Processing /home/airflow/.local/lib/python3.12/site-packages/airflow/example_dags/tutorial_taskflow_api_virtualenv.py took 0.041 seconds
[2024-10-17T19:28:06.349+0000] {processor.py:186} INFO - Started process (PID=263) to work on /home/airflow/.local/lib/python3.12/site-packages/airflow/example_dags/tutorial_taskflow_api_virtualenv.py
[2024-10-17T19:28:06.350+0000] {processor.py:914} INFO - Processing file /home/airflow/.local/lib/python3.12/site-packages/airflow/example_dags/tutorial_taskflow_api_virtualenv.py for tasks to queue
[2024-10-17T19:28:06.352+0000] {logging_mixin.py:190} INFO - [2024-10-17T19:28:06.352+0000] {dagbag.py:588} INFO - Filling up the DagBag from /home/airflow/.local/lib/python3.12/site-packages/airflow/example_dags/tutorial_taskflow_api_virtualenv.py
[2024-10-17T19:28:06.359+0000] {processor.py:925} INFO - DAG(s) 'tutorial_taskflow_api_virtualenv' retrieved from /home/airflow/.local/lib/python3.12/site-packages/airflow/example_dags/tutorial_taskflow_api_virtualenv.py
[2024-10-17T19:28:06.370+0000] {logging_mixin.py:190} INFO - [2024-10-17T19:28:06.370+0000] {dag.py:3239} INFO - Sync 1 DAGs
[2024-10-17T19:28:06.378+0000] {logging_mixin.py:190} INFO - [2024-10-17T19:28:06.378+0000] {dag.py:4180} INFO - Setting next_dagrun for tutorial_taskflow_api_virtualenv to None, run_after=None
[2024-10-17T19:28:06.387+0000] {processor.py:208} INFO - Processing /home/airflow/.local/lib/python3.12/site-packages/airflow/example_dags/tutorial_taskflow_api_virtualenv.py took 0.041 seconds
[2024-10-17T19:28:36.978+0000] {processor.py:186} INFO - Started process (PID=326) to work on /home/airflow/.local/lib/python3.12/site-packages/airflow/example_dags/tutorial_taskflow_api_virtualenv.py
[2024-10-17T19:28:36.979+0000] {processor.py:914} INFO - Processing file /home/airflow/.local/lib/python3.12/site-packages/airflow/example_dags/tutorial_taskflow_api_virtualenv.py for tasks to queue
[2024-10-17T19:28:36.980+0000] {logging_mixin.py:190} INFO - [2024-10-17T19:28:36.980+0000] {dagbag.py:588} INFO - Filling up the DagBag from /home/airflow/.local/lib/python3.12/site-packages/airflow/example_dags/tutorial_taskflow_api_virtualenv.py
[2024-10-17T19:28:36.987+0000] {processor.py:925} INFO - DAG(s) 'tutorial_taskflow_api_virtualenv' retrieved from /home/airflow/.local/lib/python3.12/site-packages/airflow/example_dags/tutorial_taskflow_api_virtualenv.py
[2024-10-17T19:28:37.000+0000] {logging_mixin.py:190} INFO - [2024-10-17T19:28:37.000+0000] {dag.py:3239} INFO - Sync 1 DAGs
[2024-10-17T19:28:37.008+0000] {logging_mixin.py:190} INFO - [2024-10-17T19:28:37.007+0000] {dag.py:4180} INFO - Setting next_dagrun for tutorial_taskflow_api_virtualenv to None, run_after=None
[2024-10-17T19:28:37.018+0000] {processor.py:208} INFO - Processing /home/airflow/.local/lib/python3.12/site-packages/airflow/example_dags/tutorial_taskflow_api_virtualenv.py took 0.044 seconds
[2024-10-17T19:29:07.762+0000] {processor.py:186} INFO - Started process (PID=389) to work on /home/airflow/.local/lib/python3.12/site-packages/airflow/example_dags/tutorial_taskflow_api_virtualenv.py
[2024-10-17T19:29:07.763+0000] {processor.py:914} INFO - Processing file /home/airflow/.local/lib/python3.12/site-packages/airflow/example_dags/tutorial_taskflow_api_virtualenv.py for tasks to queue
[2024-10-17T19:29:07.764+0000] {logging_mixin.py:190} INFO - [2024-10-17T19:29:07.764+0000] {dagbag.py:588} INFO - Filling up the DagBag from /home/airflow/.local/lib/python3.12/site-packages/airflow/example_dags/tutorial_taskflow_api_virtualenv.py
[2024-10-17T19:29:07.771+0000] {processor.py:925} INFO - DAG(s) 'tutorial_taskflow_api_virtualenv' retrieved from /home/airflow/.local/lib/python3.12/site-packages/airflow/example_dags/tutorial_taskflow_api_virtualenv.py
[2024-10-17T19:29:07.782+0000] {logging_mixin.py:190} INFO - [2024-10-17T19:29:07.782+0000] {dag.py:3239} INFO - Sync 1 DAGs
[2024-10-17T19:29:07.790+0000] {logging_mixin.py:190} INFO - [2024-10-17T19:29:07.789+0000] {dag.py:4180} INFO - Setting next_dagrun for tutorial_taskflow_api_virtualenv to None, run_after=None
[2024-10-17T19:29:07.798+0000] {processor.py:208} INFO - Processing /home/airflow/.local/lib/python3.12/site-packages/airflow/example_dags/tutorial_taskflow_api_virtualenv.py took 0.040 seconds
[2024-10-17T19:29:38.293+0000] {processor.py:186} INFO - Started process (PID=452) to work on /home/airflow/.local/lib/python3.12/site-packages/airflow/example_dags/tutorial_taskflow_api_virtualenv.py
[2024-10-17T19:29:38.294+0000] {processor.py:914} INFO - Processing file /home/airflow/.local/lib/python3.12/site-packages/airflow/example_dags/tutorial_taskflow_api_virtualenv.py for tasks to queue
[2024-10-17T19:29:38.295+0000] {logging_mixin.py:190} INFO - [2024-10-17T19:29:38.295+0000] {dagbag.py:588} INFO - Filling up the DagBag from /home/airflow/.local/lib/python3.12/site-packages/airflow/example_dags/tutorial_taskflow_api_virtualenv.py
[2024-10-17T19:29:38.303+0000] {processor.py:925} INFO - DAG(s) 'tutorial_taskflow_api_virtualenv' retrieved from /home/airflow/.local/lib/python3.12/site-packages/airflow/example_dags/tutorial_taskflow_api_virtualenv.py
[2024-10-17T19:29:38.314+0000] {logging_mixin.py:190} INFO - [2024-10-17T19:29:38.314+0000] {dag.py:3239} INFO - Sync 1 DAGs
[2024-10-17T19:29:38.321+0000] {logging_mixin.py:190} INFO - [2024-10-17T19:29:38.321+0000] {dag.py:4180} INFO - Setting next_dagrun for tutorial_taskflow_api_virtualenv to None, run_after=None
[2024-10-17T19:29:38.330+0000] {processor.py:208} INFO - Processing /home/airflow/.local/lib/python3.12/site-packages/airflow/example_dags/tutorial_taskflow_api_virtualenv.py took 0.040 seconds
[2024-10-17T19:30:08.749+0000] {processor.py:186} INFO - Started process (PID=515) to work on /home/airflow/.local/lib/python3.12/site-packages/airflow/example_dags/tutorial_taskflow_api_virtualenv.py
[2024-10-17T19:30:08.749+0000] {processor.py:914} INFO - Processing file /home/airflow/.local/lib/python3.12/site-packages/airflow/example_dags/tutorial_taskflow_api_virtualenv.py for tasks to queue
[2024-10-17T19:30:08.751+0000] {logging_mixin.py:190} INFO - [2024-10-17T19:30:08.750+0000] {dagbag.py:588} INFO - Filling up the DagBag from /home/airflow/.local/lib/python3.12/site-packages/airflow/example_dags/tutorial_taskflow_api_virtualenv.py
[2024-10-17T19:30:08.758+0000] {processor.py:925} INFO - DAG(s) 'tutorial_taskflow_api_virtualenv' retrieved from /home/airflow/.local/lib/python3.12/site-packages/airflow/example_dags/tutorial_taskflow_api_virtualenv.py
[2024-10-17T19:30:08.769+0000] {logging_mixin.py:190} INFO - [2024-10-17T19:30:08.769+0000] {dag.py:3239} INFO - Sync 1 DAGs
[2024-10-17T19:30:08.776+0000] {logging_mixin.py:190} INFO - [2024-10-17T19:30:08.776+0000] {dag.py:4180} INFO - Setting next_dagrun for tutorial_taskflow_api_virtualenv to None, run_after=None
[2024-10-17T19:30:08.785+0000] {processor.py:208} INFO - Processing /home/airflow/.local/lib/python3.12/site-packages/airflow/example_dags/tutorial_taskflow_api_virtualenv.py took 0.040 seconds
[2024-10-17T19:30:39.432+0000] {processor.py:186} INFO - Started process (PID=578) to work on /home/airflow/.local/lib/python3.12/site-packages/airflow/example_dags/tutorial_taskflow_api_virtualenv.py
[2024-10-17T19:30:39.433+0000] {processor.py:914} INFO - Processing file /home/airflow/.local/lib/python3.12/site-packages/airflow/example_dags/tutorial_taskflow_api_virtualenv.py for tasks to queue
[2024-10-17T19:30:39.435+0000] {logging_mixin.py:190} INFO - [2024-10-17T19:30:39.435+0000] {dagbag.py:588} INFO - Filling up the DagBag from /home/airflow/.local/lib/python3.12/site-packages/airflow/example_dags/tutorial_taskflow_api_virtualenv.py
[2024-10-17T19:30:39.445+0000] {processor.py:925} INFO - DAG(s) 'tutorial_taskflow_api_virtualenv' retrieved from /home/airflow/.local/lib/python3.12/site-packages/airflow/example_dags/tutorial_taskflow_api_virtualenv.py
[2024-10-17T19:30:39.458+0000] {logging_mixin.py:190} INFO - [2024-10-17T19:30:39.457+0000] {dag.py:3239} INFO - Sync 1 DAGs
[2024-10-17T19:30:39.468+0000] {logging_mixin.py:190} INFO - [2024-10-17T19:30:39.468+0000] {dag.py:4180} INFO - Setting next_dagrun for tutorial_taskflow_api_virtualenv to None, run_after=None
[2024-10-17T19:30:39.481+0000] {processor.py:208} INFO - Processing /home/airflow/.local/lib/python3.12/site-packages/airflow/example_dags/tutorial_taskflow_api_virtualenv.py took 0.052 seconds
[2024-10-17T19:31:09.887+0000] {processor.py:186} INFO - Started process (PID=641) to work on /home/airflow/.local/lib/python3.12/site-packages/airflow/example_dags/tutorial_taskflow_api_virtualenv.py
[2024-10-17T19:31:09.888+0000] {processor.py:914} INFO - Processing file /home/airflow/.local/lib/python3.12/site-packages/airflow/example_dags/tutorial_taskflow_api_virtualenv.py for tasks to queue
[2024-10-17T19:31:09.890+0000] {logging_mixin.py:190} INFO - [2024-10-17T19:31:09.889+0000] {dagbag.py:588} INFO - Filling up the DagBag from /home/airflow/.local/lib/python3.12/site-packages/airflow/example_dags/tutorial_taskflow_api_virtualenv.py
[2024-10-17T19:31:09.897+0000] {processor.py:925} INFO - DAG(s) 'tutorial_taskflow_api_virtualenv' retrieved from /home/airflow/.local/lib/python3.12/site-packages/airflow/example_dags/tutorial_taskflow_api_virtualenv.py
[2024-10-17T19:31:09.907+0000] {logging_mixin.py:190} INFO - [2024-10-17T19:31:09.907+0000] {dag.py:3239} INFO - Sync 1 DAGs
[2024-10-17T19:31:09.915+0000] {logging_mixin.py:190} INFO - [2024-10-17T19:31:09.915+0000] {dag.py:4180} INFO - Setting next_dagrun for tutorial_taskflow_api_virtualenv to None, run_after=None
[2024-10-17T19:31:09.924+0000] {processor.py:208} INFO - Processing /home/airflow/.local/lib/python3.12/site-packages/airflow/example_dags/tutorial_taskflow_api_virtualenv.py took 0.040 seconds
[2024-10-17T19:31:40.518+0000] {processor.py:186} INFO - Started process (PID=704) to work on /home/airflow/.local/lib/python3.12/site-packages/airflow/example_dags/tutorial_taskflow_api_virtualenv.py
[2024-10-17T19:31:40.519+0000] {processor.py:914} INFO - Processing file /home/airflow/.local/lib/python3.12/site-packages/airflow/example_dags/tutorial_taskflow_api_virtualenv.py for tasks to queue
[2024-10-17T19:31:40.520+0000] {logging_mixin.py:190} INFO - [2024-10-17T19:31:40.520+0000] {dagbag.py:588} INFO - Filling up the DagBag from /home/airflow/.local/lib/python3.12/site-packages/airflow/example_dags/tutorial_taskflow_api_virtualenv.py
[2024-10-17T19:31:40.527+0000] {processor.py:925} INFO - DAG(s) 'tutorial_taskflow_api_virtualenv' retrieved from /home/airflow/.local/lib/python3.12/site-packages/airflow/example_dags/tutorial_taskflow_api_virtualenv.py
[2024-10-17T19:31:40.538+0000] {logging_mixin.py:190} INFO - [2024-10-17T19:31:40.538+0000] {dag.py:3239} INFO - Sync 1 DAGs
[2024-10-17T19:31:40.546+0000] {logging_mixin.py:190} INFO - [2024-10-17T19:31:40.546+0000] {dag.py:4180} INFO - Setting next_dagrun for tutorial_taskflow_api_virtualenv to None, run_after=None
[2024-10-17T19:31:40.556+0000] {processor.py:208} INFO - Processing /home/airflow/.local/lib/python3.12/site-packages/airflow/example_dags/tutorial_taskflow_api_virtualenv.py took 0.044 seconds
[2024-10-17T19:33:32.106+0000] {processor.py:186} INFO - Started process (PID=74) to work on /home/airflow/.local/lib/python3.12/site-packages/airflow/example_dags/tutorial_taskflow_api_virtualenv.py
[2024-10-17T19:33:32.107+0000] {processor.py:914} INFO - Processing file /home/airflow/.local/lib/python3.12/site-packages/airflow/example_dags/tutorial_taskflow_api_virtualenv.py for tasks to queue
[2024-10-17T19:33:32.108+0000] {logging_mixin.py:190} INFO - [2024-10-17T19:33:32.108+0000] {dagbag.py:588} INFO - Filling up the DagBag from /home/airflow/.local/lib/python3.12/site-packages/airflow/example_dags/tutorial_taskflow_api_virtualenv.py
[2024-10-17T19:33:32.118+0000] {processor.py:925} INFO - DAG(s) 'tutorial_taskflow_api_virtualenv' retrieved from /home/airflow/.local/lib/python3.12/site-packages/airflow/example_dags/tutorial_taskflow_api_virtualenv.py
[2024-10-17T19:33:32.173+0000] {logging_mixin.py:190} INFO - [2024-10-17T19:33:32.172+0000] {override.py:1900} INFO - Created Permission View: can edit on DAG:tutorial_taskflow_api_virtualenv
[2024-10-17T19:33:32.177+0000] {logging_mixin.py:190} INFO - [2024-10-17T19:33:32.177+0000] {override.py:1900} INFO - Created Permission View: can delete on DAG:tutorial_taskflow_api_virtualenv
[2024-10-17T19:33:32.181+0000] {logging_mixin.py:190} INFO - [2024-10-17T19:33:32.180+0000] {override.py:1900} INFO - Created Permission View: can read on DAG:tutorial_taskflow_api_virtualenv
[2024-10-17T19:33:32.184+0000] {logging_mixin.py:190} INFO - [2024-10-17T19:33:32.183+0000] {override.py:1900} INFO - Created Permission View: menu access on DAG Run:tutorial_taskflow_api_virtualenv
[2024-10-17T19:33:32.187+0000] {logging_mixin.py:190} INFO - [2024-10-17T19:33:32.187+0000] {override.py:1900} INFO - Created Permission View: can create on DAG Run:tutorial_taskflow_api_virtualenv
[2024-10-17T19:33:32.191+0000] {logging_mixin.py:190} INFO - [2024-10-17T19:33:32.191+0000] {override.py:1900} INFO - Created Permission View: can delete on DAG Run:tutorial_taskflow_api_virtualenv
[2024-10-17T19:33:32.195+0000] {logging_mixin.py:190} INFO - [2024-10-17T19:33:32.195+0000] {override.py:1900} INFO - Created Permission View: can read on DAG Run:tutorial_taskflow_api_virtualenv
[2024-10-17T19:33:32.195+0000] {logging_mixin.py:190} INFO - [2024-10-17T19:33:32.195+0000] {dag.py:3239} INFO - Sync 1 DAGs
[2024-10-17T19:33:32.203+0000] {logging_mixin.py:190} INFO - [2024-10-17T19:33:32.203+0000] {dag.py:3262} INFO - Creating ORM DAG for tutorial_taskflow_api_virtualenv
[2024-10-17T19:33:32.204+0000] {logging_mixin.py:190} INFO - [2024-10-17T19:33:32.204+0000] {dag.py:4180} INFO - Setting next_dagrun for tutorial_taskflow_api_virtualenv to None, run_after=None
[2024-10-17T19:33:32.213+0000] {processor.py:208} INFO - Processing /home/airflow/.local/lib/python3.12/site-packages/airflow/example_dags/tutorial_taskflow_api_virtualenv.py took 0.111 seconds
[2024-10-17T19:34:02.447+0000] {processor.py:186} INFO - Started process (PID=137) to work on /home/airflow/.local/lib/python3.12/site-packages/airflow/example_dags/tutorial_taskflow_api_virtualenv.py
[2024-10-17T19:34:02.449+0000] {processor.py:914} INFO - Processing file /home/airflow/.local/lib/python3.12/site-packages/airflow/example_dags/tutorial_taskflow_api_virtualenv.py for tasks to queue
[2024-10-17T19:34:02.451+0000] {logging_mixin.py:190} INFO - [2024-10-17T19:34:02.450+0000] {dagbag.py:588} INFO - Filling up the DagBag from /home/airflow/.local/lib/python3.12/site-packages/airflow/example_dags/tutorial_taskflow_api_virtualenv.py
[2024-10-17T19:34:02.461+0000] {processor.py:925} INFO - DAG(s) 'tutorial_taskflow_api_virtualenv' retrieved from /home/airflow/.local/lib/python3.12/site-packages/airflow/example_dags/tutorial_taskflow_api_virtualenv.py
[2024-10-17T19:34:02.475+0000] {logging_mixin.py:190} INFO - [2024-10-17T19:34:02.475+0000] {dag.py:3239} INFO - Sync 1 DAGs
[2024-10-17T19:34:02.482+0000] {logging_mixin.py:190} INFO - [2024-10-17T19:34:02.482+0000] {dag.py:4180} INFO - Setting next_dagrun for tutorial_taskflow_api_virtualenv to None, run_after=None
[2024-10-17T19:34:02.491+0000] {processor.py:208} INFO - Processing /home/airflow/.local/lib/python3.12/site-packages/airflow/example_dags/tutorial_taskflow_api_virtualenv.py took 0.047 seconds
[2024-10-17T19:34:32.736+0000] {processor.py:186} INFO - Started process (PID=200) to work on /home/airflow/.local/lib/python3.12/site-packages/airflow/example_dags/tutorial_taskflow_api_virtualenv.py
[2024-10-17T19:34:32.737+0000] {processor.py:914} INFO - Processing file /home/airflow/.local/lib/python3.12/site-packages/airflow/example_dags/tutorial_taskflow_api_virtualenv.py for tasks to queue
[2024-10-17T19:34:32.738+0000] {logging_mixin.py:190} INFO - [2024-10-17T19:34:32.738+0000] {dagbag.py:588} INFO - Filling up the DagBag from /home/airflow/.local/lib/python3.12/site-packages/airflow/example_dags/tutorial_taskflow_api_virtualenv.py
[2024-10-17T19:34:32.745+0000] {processor.py:925} INFO - DAG(s) 'tutorial_taskflow_api_virtualenv' retrieved from /home/airflow/.local/lib/python3.12/site-packages/airflow/example_dags/tutorial_taskflow_api_virtualenv.py
[2024-10-17T19:34:32.756+0000] {logging_mixin.py:190} INFO - [2024-10-17T19:34:32.755+0000] {dag.py:3239} INFO - Sync 1 DAGs
[2024-10-17T19:34:32.763+0000] {logging_mixin.py:190} INFO - [2024-10-17T19:34:32.763+0000] {dag.py:4180} INFO - Setting next_dagrun for tutorial_taskflow_api_virtualenv to None, run_after=None
[2024-10-17T19:34:32.772+0000] {processor.py:208} INFO - Processing /home/airflow/.local/lib/python3.12/site-packages/airflow/example_dags/tutorial_taskflow_api_virtualenv.py took 0.039 seconds
[2024-10-17T19:35:03.152+0000] {processor.py:186} INFO - Started process (PID=263) to work on /home/airflow/.local/lib/python3.12/site-packages/airflow/example_dags/tutorial_taskflow_api_virtualenv.py
[2024-10-17T19:35:03.152+0000] {processor.py:914} INFO - Processing file /home/airflow/.local/lib/python3.12/site-packages/airflow/example_dags/tutorial_taskflow_api_virtualenv.py for tasks to queue
[2024-10-17T19:35:03.154+0000] {logging_mixin.py:190} INFO - [2024-10-17T19:35:03.154+0000] {dagbag.py:588} INFO - Filling up the DagBag from /home/airflow/.local/lib/python3.12/site-packages/airflow/example_dags/tutorial_taskflow_api_virtualenv.py
[2024-10-17T19:35:03.161+0000] {processor.py:925} INFO - DAG(s) 'tutorial_taskflow_api_virtualenv' retrieved from /home/airflow/.local/lib/python3.12/site-packages/airflow/example_dags/tutorial_taskflow_api_virtualenv.py
[2024-10-17T19:35:03.172+0000] {logging_mixin.py:190} INFO - [2024-10-17T19:35:03.172+0000] {dag.py:3239} INFO - Sync 1 DAGs
[2024-10-17T19:35:03.181+0000] {logging_mixin.py:190} INFO - [2024-10-17T19:35:03.181+0000] {dag.py:4180} INFO - Setting next_dagrun for tutorial_taskflow_api_virtualenv to None, run_after=None
[2024-10-17T19:35:03.191+0000] {processor.py:208} INFO - Processing /home/airflow/.local/lib/python3.12/site-packages/airflow/example_dags/tutorial_taskflow_api_virtualenv.py took 0.043 seconds
[2024-10-17T19:35:33.793+0000] {processor.py:186} INFO - Started process (PID=326) to work on /home/airflow/.local/lib/python3.12/site-packages/airflow/example_dags/tutorial_taskflow_api_virtualenv.py
[2024-10-17T19:35:33.794+0000] {processor.py:914} INFO - Processing file /home/airflow/.local/lib/python3.12/site-packages/airflow/example_dags/tutorial_taskflow_api_virtualenv.py for tasks to queue
[2024-10-17T19:35:33.795+0000] {logging_mixin.py:190} INFO - [2024-10-17T19:35:33.795+0000] {dagbag.py:588} INFO - Filling up the DagBag from /home/airflow/.local/lib/python3.12/site-packages/airflow/example_dags/tutorial_taskflow_api_virtualenv.py
[2024-10-17T19:35:33.802+0000] {processor.py:925} INFO - DAG(s) 'tutorial_taskflow_api_virtualenv' retrieved from /home/airflow/.local/lib/python3.12/site-packages/airflow/example_dags/tutorial_taskflow_api_virtualenv.py
[2024-10-17T19:35:33.814+0000] {logging_mixin.py:190} INFO - [2024-10-17T19:35:33.814+0000] {dag.py:3239} INFO - Sync 1 DAGs
[2024-10-17T19:35:33.821+0000] {logging_mixin.py:190} INFO - [2024-10-17T19:35:33.821+0000] {dag.py:4180} INFO - Setting next_dagrun for tutorial_taskflow_api_virtualenv to None, run_after=None
[2024-10-17T19:35:33.831+0000] {processor.py:208} INFO - Processing /home/airflow/.local/lib/python3.12/site-packages/airflow/example_dags/tutorial_taskflow_api_virtualenv.py took 0.042 seconds
[2024-10-17T19:36:04.511+0000] {processor.py:186} INFO - Started process (PID=389) to work on /home/airflow/.local/lib/python3.12/site-packages/airflow/example_dags/tutorial_taskflow_api_virtualenv.py
[2024-10-17T19:36:04.512+0000] {processor.py:914} INFO - Processing file /home/airflow/.local/lib/python3.12/site-packages/airflow/example_dags/tutorial_taskflow_api_virtualenv.py for tasks to queue
[2024-10-17T19:36:04.513+0000] {logging_mixin.py:190} INFO - [2024-10-17T19:36:04.513+0000] {dagbag.py:588} INFO - Filling up the DagBag from /home/airflow/.local/lib/python3.12/site-packages/airflow/example_dags/tutorial_taskflow_api_virtualenv.py
[2024-10-17T19:36:04.521+0000] {processor.py:925} INFO - DAG(s) 'tutorial_taskflow_api_virtualenv' retrieved from /home/airflow/.local/lib/python3.12/site-packages/airflow/example_dags/tutorial_taskflow_api_virtualenv.py
[2024-10-17T19:36:04.532+0000] {logging_mixin.py:190} INFO - [2024-10-17T19:36:04.532+0000] {dag.py:3239} INFO - Sync 1 DAGs
[2024-10-17T19:36:04.539+0000] {logging_mixin.py:190} INFO - [2024-10-17T19:36:04.539+0000] {dag.py:4180} INFO - Setting next_dagrun for tutorial_taskflow_api_virtualenv to None, run_after=None
[2024-10-17T19:36:04.548+0000] {processor.py:208} INFO - Processing /home/airflow/.local/lib/python3.12/site-packages/airflow/example_dags/tutorial_taskflow_api_virtualenv.py took 0.041 seconds
[2024-10-17T19:36:35.119+0000] {processor.py:186} INFO - Started process (PID=452) to work on /home/airflow/.local/lib/python3.12/site-packages/airflow/example_dags/tutorial_taskflow_api_virtualenv.py
[2024-10-17T19:36:35.120+0000] {processor.py:914} INFO - Processing file /home/airflow/.local/lib/python3.12/site-packages/airflow/example_dags/tutorial_taskflow_api_virtualenv.py for tasks to queue
[2024-10-17T19:36:35.122+0000] {logging_mixin.py:190} INFO - [2024-10-17T19:36:35.121+0000] {dagbag.py:588} INFO - Filling up the DagBag from /home/airflow/.local/lib/python3.12/site-packages/airflow/example_dags/tutorial_taskflow_api_virtualenv.py
[2024-10-17T19:36:35.129+0000] {processor.py:925} INFO - DAG(s) 'tutorial_taskflow_api_virtualenv' retrieved from /home/airflow/.local/lib/python3.12/site-packages/airflow/example_dags/tutorial_taskflow_api_virtualenv.py
[2024-10-17T19:36:35.141+0000] {logging_mixin.py:190} INFO - [2024-10-17T19:36:35.141+0000] {dag.py:3239} INFO - Sync 1 DAGs
[2024-10-17T19:36:35.149+0000] {logging_mixin.py:190} INFO - [2024-10-17T19:36:35.149+0000] {dag.py:4180} INFO - Setting next_dagrun for tutorial_taskflow_api_virtualenv to None, run_after=None
[2024-10-17T19:36:35.158+0000] {processor.py:208} INFO - Processing /home/airflow/.local/lib/python3.12/site-packages/airflow/example_dags/tutorial_taskflow_api_virtualenv.py took 0.042 seconds
[2024-10-17T19:37:05.686+0000] {processor.py:186} INFO - Started process (PID=516) to work on /home/airflow/.local/lib/python3.12/site-packages/airflow/example_dags/tutorial_taskflow_api_virtualenv.py
[2024-10-17T19:37:05.687+0000] {processor.py:914} INFO - Processing file /home/airflow/.local/lib/python3.12/site-packages/airflow/example_dags/tutorial_taskflow_api_virtualenv.py for tasks to queue
[2024-10-17T19:37:05.688+0000] {logging_mixin.py:190} INFO - [2024-10-17T19:37:05.688+0000] {dagbag.py:588} INFO - Filling up the DagBag from /home/airflow/.local/lib/python3.12/site-packages/airflow/example_dags/tutorial_taskflow_api_virtualenv.py
[2024-10-17T19:37:05.696+0000] {processor.py:925} INFO - DAG(s) 'tutorial_taskflow_api_virtualenv' retrieved from /home/airflow/.local/lib/python3.12/site-packages/airflow/example_dags/tutorial_taskflow_api_virtualenv.py
[2024-10-17T19:37:05.707+0000] {logging_mixin.py:190} INFO - [2024-10-17T19:37:05.707+0000] {dag.py:3239} INFO - Sync 1 DAGs
[2024-10-17T19:37:05.715+0000] {logging_mixin.py:190} INFO - [2024-10-17T19:37:05.715+0000] {dag.py:4180} INFO - Setting next_dagrun for tutorial_taskflow_api_virtualenv to None, run_after=None
[2024-10-17T19:37:05.725+0000] {processor.py:208} INFO - Processing /home/airflow/.local/lib/python3.12/site-packages/airflow/example_dags/tutorial_taskflow_api_virtualenv.py took 0.042 seconds
[2024-10-17T19:39:18.360+0000] {processor.py:186} INFO - Started process (PID=74) to work on /home/airflow/.local/lib/python3.12/site-packages/airflow/example_dags/tutorial_taskflow_api_virtualenv.py
[2024-10-17T19:39:18.361+0000] {processor.py:914} INFO - Processing file /home/airflow/.local/lib/python3.12/site-packages/airflow/example_dags/tutorial_taskflow_api_virtualenv.py for tasks to queue
[2024-10-17T19:39:18.362+0000] {logging_mixin.py:190} INFO - [2024-10-17T19:39:18.362+0000] {dagbag.py:588} INFO - Filling up the DagBag from /home/airflow/.local/lib/python3.12/site-packages/airflow/example_dags/tutorial_taskflow_api_virtualenv.py
[2024-10-17T19:39:18.371+0000] {processor.py:925} INFO - DAG(s) 'tutorial_taskflow_api_virtualenv' retrieved from /home/airflow/.local/lib/python3.12/site-packages/airflow/example_dags/tutorial_taskflow_api_virtualenv.py
[2024-10-17T19:39:18.424+0000] {logging_mixin.py:190} INFO - [2024-10-17T19:39:18.424+0000] {override.py:1900} INFO - Created Permission View: can read on DAG:tutorial_taskflow_api_virtualenv
[2024-10-17T19:39:18.429+0000] {logging_mixin.py:190} INFO - [2024-10-17T19:39:18.428+0000] {override.py:1900} INFO - Created Permission View: can delete on DAG:tutorial_taskflow_api_virtualenv
[2024-10-17T19:39:18.431+0000] {logging_mixin.py:190} INFO - [2024-10-17T19:39:18.431+0000] {override.py:1900} INFO - Created Permission View: can edit on DAG:tutorial_taskflow_api_virtualenv
[2024-10-17T19:39:18.434+0000] {logging_mixin.py:190} INFO - [2024-10-17T19:39:18.434+0000] {override.py:1900} INFO - Created Permission View: can read on DAG Run:tutorial_taskflow_api_virtualenv
[2024-10-17T19:39:18.436+0000] {logging_mixin.py:190} INFO - [2024-10-17T19:39:18.436+0000] {override.py:1900} INFO - Created Permission View: can create on DAG Run:tutorial_taskflow_api_virtualenv
[2024-10-17T19:39:18.439+0000] {logging_mixin.py:190} INFO - [2024-10-17T19:39:18.438+0000] {override.py:1900} INFO - Created Permission View: can delete on DAG Run:tutorial_taskflow_api_virtualenv
[2024-10-17T19:39:18.441+0000] {logging_mixin.py:190} INFO - [2024-10-17T19:39:18.441+0000] {override.py:1900} INFO - Created Permission View: menu access on DAG Run:tutorial_taskflow_api_virtualenv
[2024-10-17T19:39:18.441+0000] {logging_mixin.py:190} INFO - [2024-10-17T19:39:18.441+0000] {dag.py:3239} INFO - Sync 1 DAGs
[2024-10-17T19:39:18.447+0000] {logging_mixin.py:190} INFO - [2024-10-17T19:39:18.447+0000] {dag.py:3262} INFO - Creating ORM DAG for tutorial_taskflow_api_virtualenv
[2024-10-17T19:39:18.447+0000] {logging_mixin.py:190} INFO - [2024-10-17T19:39:18.447+0000] {dag.py:4180} INFO - Setting next_dagrun for tutorial_taskflow_api_virtualenv to None, run_after=None
[2024-10-17T19:39:18.454+0000] {processor.py:208} INFO - Processing /home/airflow/.local/lib/python3.12/site-packages/airflow/example_dags/tutorial_taskflow_api_virtualenv.py took 0.098 seconds
[2024-10-17T19:39:48.774+0000] {processor.py:186} INFO - Started process (PID=137) to work on /home/airflow/.local/lib/python3.12/site-packages/airflow/example_dags/tutorial_taskflow_api_virtualenv.py
[2024-10-17T19:39:48.774+0000] {processor.py:914} INFO - Processing file /home/airflow/.local/lib/python3.12/site-packages/airflow/example_dags/tutorial_taskflow_api_virtualenv.py for tasks to queue
[2024-10-17T19:39:48.776+0000] {logging_mixin.py:190} INFO - [2024-10-17T19:39:48.776+0000] {dagbag.py:588} INFO - Filling up the DagBag from /home/airflow/.local/lib/python3.12/site-packages/airflow/example_dags/tutorial_taskflow_api_virtualenv.py
[2024-10-17T19:39:48.782+0000] {processor.py:925} INFO - DAG(s) 'tutorial_taskflow_api_virtualenv' retrieved from /home/airflow/.local/lib/python3.12/site-packages/airflow/example_dags/tutorial_taskflow_api_virtualenv.py
[2024-10-17T19:39:48.793+0000] {logging_mixin.py:190} INFO - [2024-10-17T19:39:48.793+0000] {dag.py:3239} INFO - Sync 1 DAGs
[2024-10-17T19:39:48.800+0000] {logging_mixin.py:190} INFO - [2024-10-17T19:39:48.800+0000] {dag.py:4180} INFO - Setting next_dagrun for tutorial_taskflow_api_virtualenv to None, run_after=None
[2024-10-17T19:39:48.809+0000] {processor.py:208} INFO - Processing /home/airflow/.local/lib/python3.12/site-packages/airflow/example_dags/tutorial_taskflow_api_virtualenv.py took 0.039 seconds
[2024-10-17T19:40:19.133+0000] {processor.py:186} INFO - Started process (PID=200) to work on /home/airflow/.local/lib/python3.12/site-packages/airflow/example_dags/tutorial_taskflow_api_virtualenv.py
[2024-10-17T19:40:19.134+0000] {processor.py:914} INFO - Processing file /home/airflow/.local/lib/python3.12/site-packages/airflow/example_dags/tutorial_taskflow_api_virtualenv.py for tasks to queue
[2024-10-17T19:40:19.136+0000] {logging_mixin.py:190} INFO - [2024-10-17T19:40:19.135+0000] {dagbag.py:588} INFO - Filling up the DagBag from /home/airflow/.local/lib/python3.12/site-packages/airflow/example_dags/tutorial_taskflow_api_virtualenv.py
[2024-10-17T19:40:19.143+0000] {processor.py:925} INFO - DAG(s) 'tutorial_taskflow_api_virtualenv' retrieved from /home/airflow/.local/lib/python3.12/site-packages/airflow/example_dags/tutorial_taskflow_api_virtualenv.py
[2024-10-17T19:40:19.154+0000] {logging_mixin.py:190} INFO - [2024-10-17T19:40:19.154+0000] {dag.py:3239} INFO - Sync 1 DAGs
[2024-10-17T19:40:19.161+0000] {logging_mixin.py:190} INFO - [2024-10-17T19:40:19.161+0000] {dag.py:4180} INFO - Setting next_dagrun for tutorial_taskflow_api_virtualenv to None, run_after=None
[2024-10-17T19:40:19.170+0000] {processor.py:208} INFO - Processing /home/airflow/.local/lib/python3.12/site-packages/airflow/example_dags/tutorial_taskflow_api_virtualenv.py took 0.040 seconds
[2024-10-17T19:40:49.528+0000] {processor.py:186} INFO - Started process (PID=263) to work on /home/airflow/.local/lib/python3.12/site-packages/airflow/example_dags/tutorial_taskflow_api_virtualenv.py
[2024-10-17T19:40:49.529+0000] {processor.py:914} INFO - Processing file /home/airflow/.local/lib/python3.12/site-packages/airflow/example_dags/tutorial_taskflow_api_virtualenv.py for tasks to queue
[2024-10-17T19:40:49.530+0000] {logging_mixin.py:190} INFO - [2024-10-17T19:40:49.530+0000] {dagbag.py:588} INFO - Filling up the DagBag from /home/airflow/.local/lib/python3.12/site-packages/airflow/example_dags/tutorial_taskflow_api_virtualenv.py
[2024-10-17T19:40:49.536+0000] {processor.py:925} INFO - DAG(s) 'tutorial_taskflow_api_virtualenv' retrieved from /home/airflow/.local/lib/python3.12/site-packages/airflow/example_dags/tutorial_taskflow_api_virtualenv.py
[2024-10-17T19:40:49.546+0000] {logging_mixin.py:190} INFO - [2024-10-17T19:40:49.546+0000] {dag.py:3239} INFO - Sync 1 DAGs
[2024-10-17T19:40:49.553+0000] {logging_mixin.py:190} INFO - [2024-10-17T19:40:49.553+0000] {dag.py:4180} INFO - Setting next_dagrun for tutorial_taskflow_api_virtualenv to None, run_after=None
[2024-10-17T19:40:49.560+0000] {processor.py:208} INFO - Processing /home/airflow/.local/lib/python3.12/site-packages/airflow/example_dags/tutorial_taskflow_api_virtualenv.py took 0.035 seconds
[2024-10-17T19:41:20.169+0000] {processor.py:186} INFO - Started process (PID=326) to work on /home/airflow/.local/lib/python3.12/site-packages/airflow/example_dags/tutorial_taskflow_api_virtualenv.py
[2024-10-17T19:41:20.170+0000] {processor.py:914} INFO - Processing file /home/airflow/.local/lib/python3.12/site-packages/airflow/example_dags/tutorial_taskflow_api_virtualenv.py for tasks to queue
[2024-10-17T19:41:20.171+0000] {logging_mixin.py:190} INFO - [2024-10-17T19:41:20.171+0000] {dagbag.py:588} INFO - Filling up the DagBag from /home/airflow/.local/lib/python3.12/site-packages/airflow/example_dags/tutorial_taskflow_api_virtualenv.py
[2024-10-17T19:41:20.182+0000] {processor.py:925} INFO - DAG(s) 'tutorial_taskflow_api_virtualenv' retrieved from /home/airflow/.local/lib/python3.12/site-packages/airflow/example_dags/tutorial_taskflow_api_virtualenv.py
[2024-10-17T19:41:20.195+0000] {logging_mixin.py:190} INFO - [2024-10-17T19:41:20.195+0000] {dag.py:3239} INFO - Sync 1 DAGs
[2024-10-17T19:41:20.204+0000] {logging_mixin.py:190} INFO - [2024-10-17T19:41:20.203+0000] {dag.py:4180} INFO - Setting next_dagrun for tutorial_taskflow_api_virtualenv to None, run_after=None
[2024-10-17T19:41:20.215+0000] {processor.py:208} INFO - Processing /home/airflow/.local/lib/python3.12/site-packages/airflow/example_dags/tutorial_taskflow_api_virtualenv.py took 0.050 seconds
[2024-10-17T19:41:50.870+0000] {processor.py:186} INFO - Started process (PID=389) to work on /home/airflow/.local/lib/python3.12/site-packages/airflow/example_dags/tutorial_taskflow_api_virtualenv.py
[2024-10-17T19:41:50.871+0000] {processor.py:914} INFO - Processing file /home/airflow/.local/lib/python3.12/site-packages/airflow/example_dags/tutorial_taskflow_api_virtualenv.py for tasks to queue
[2024-10-17T19:41:50.873+0000] {logging_mixin.py:190} INFO - [2024-10-17T19:41:50.872+0000] {dagbag.py:588} INFO - Filling up the DagBag from /home/airflow/.local/lib/python3.12/site-packages/airflow/example_dags/tutorial_taskflow_api_virtualenv.py
[2024-10-17T19:41:50.880+0000] {processor.py:925} INFO - DAG(s) 'tutorial_taskflow_api_virtualenv' retrieved from /home/airflow/.local/lib/python3.12/site-packages/airflow/example_dags/tutorial_taskflow_api_virtualenv.py
[2024-10-17T19:41:50.892+0000] {logging_mixin.py:190} INFO - [2024-10-17T19:41:50.892+0000] {dag.py:3239} INFO - Sync 1 DAGs
[2024-10-17T19:41:50.900+0000] {logging_mixin.py:190} INFO - [2024-10-17T19:41:50.900+0000] {dag.py:4180} INFO - Setting next_dagrun for tutorial_taskflow_api_virtualenv to None, run_after=None
[2024-10-17T19:41:50.909+0000] {processor.py:208} INFO - Processing /home/airflow/.local/lib/python3.12/site-packages/airflow/example_dags/tutorial_taskflow_api_virtualenv.py took 0.043 seconds
[2024-10-17T19:42:21.392+0000] {processor.py:186} INFO - Started process (PID=452) to work on /home/airflow/.local/lib/python3.12/site-packages/airflow/example_dags/tutorial_taskflow_api_virtualenv.py
[2024-10-17T19:42:21.393+0000] {processor.py:914} INFO - Processing file /home/airflow/.local/lib/python3.12/site-packages/airflow/example_dags/tutorial_taskflow_api_virtualenv.py for tasks to queue
[2024-10-17T19:42:21.395+0000] {logging_mixin.py:190} INFO - [2024-10-17T19:42:21.395+0000] {dagbag.py:588} INFO - Filling up the DagBag from /home/airflow/.local/lib/python3.12/site-packages/airflow/example_dags/tutorial_taskflow_api_virtualenv.py
[2024-10-17T19:42:21.402+0000] {processor.py:925} INFO - DAG(s) 'tutorial_taskflow_api_virtualenv' retrieved from /home/airflow/.local/lib/python3.12/site-packages/airflow/example_dags/tutorial_taskflow_api_virtualenv.py
[2024-10-17T19:42:21.414+0000] {logging_mixin.py:190} INFO - [2024-10-17T19:42:21.414+0000] {dag.py:3239} INFO - Sync 1 DAGs
[2024-10-17T19:42:21.421+0000] {logging_mixin.py:190} INFO - [2024-10-17T19:42:21.421+0000] {dag.py:4180} INFO - Setting next_dagrun for tutorial_taskflow_api_virtualenv to None, run_after=None
[2024-10-17T19:42:21.431+0000] {processor.py:208} INFO - Processing /home/airflow/.local/lib/python3.12/site-packages/airflow/example_dags/tutorial_taskflow_api_virtualenv.py took 0.042 seconds
[2024-10-17T19:44:00.447+0000] {processor.py:186} INFO - Started process (PID=74) to work on /home/airflow/.local/lib/python3.12/site-packages/airflow/example_dags/tutorial_taskflow_api_virtualenv.py
[2024-10-17T19:44:00.447+0000] {processor.py:914} INFO - Processing file /home/airflow/.local/lib/python3.12/site-packages/airflow/example_dags/tutorial_taskflow_api_virtualenv.py for tasks to queue
[2024-10-17T19:44:00.449+0000] {logging_mixin.py:190} INFO - [2024-10-17T19:44:00.449+0000] {dagbag.py:588} INFO - Filling up the DagBag from /home/airflow/.local/lib/python3.12/site-packages/airflow/example_dags/tutorial_taskflow_api_virtualenv.py
[2024-10-17T19:44:00.457+0000] {processor.py:925} INFO - DAG(s) 'tutorial_taskflow_api_virtualenv' retrieved from /home/airflow/.local/lib/python3.12/site-packages/airflow/example_dags/tutorial_taskflow_api_virtualenv.py
[2024-10-17T19:44:00.514+0000] {logging_mixin.py:190} INFO - [2024-10-17T19:44:00.514+0000] {override.py:1900} INFO - Created Permission View: can delete on DAG:tutorial_taskflow_api_virtualenv
[2024-10-17T19:44:00.519+0000] {logging_mixin.py:190} INFO - [2024-10-17T19:44:00.518+0000] {override.py:1900} INFO - Created Permission View: can edit on DAG:tutorial_taskflow_api_virtualenv
[2024-10-17T19:44:00.521+0000] {logging_mixin.py:190} INFO - [2024-10-17T19:44:00.521+0000] {override.py:1900} INFO - Created Permission View: can read on DAG:tutorial_taskflow_api_virtualenv
[2024-10-17T19:44:00.523+0000] {logging_mixin.py:190} INFO - [2024-10-17T19:44:00.523+0000] {override.py:1900} INFO - Created Permission View: can delete on DAG Run:tutorial_taskflow_api_virtualenv
[2024-10-17T19:44:00.525+0000] {logging_mixin.py:190} INFO - [2024-10-17T19:44:00.525+0000] {override.py:1900} INFO - Created Permission View: can create on DAG Run:tutorial_taskflow_api_virtualenv
[2024-10-17T19:44:00.527+0000] {logging_mixin.py:190} INFO - [2024-10-17T19:44:00.527+0000] {override.py:1900} INFO - Created Permission View: menu access on DAG Run:tutorial_taskflow_api_virtualenv
[2024-10-17T19:44:00.529+0000] {logging_mixin.py:190} INFO - [2024-10-17T19:44:00.529+0000] {override.py:1900} INFO - Created Permission View: can read on DAG Run:tutorial_taskflow_api_virtualenv
[2024-10-17T19:44:00.530+0000] {logging_mixin.py:190} INFO - [2024-10-17T19:44:00.530+0000] {dag.py:3239} INFO - Sync 1 DAGs
[2024-10-17T19:44:00.536+0000] {logging_mixin.py:190} INFO - [2024-10-17T19:44:00.536+0000] {dag.py:3262} INFO - Creating ORM DAG for tutorial_taskflow_api_virtualenv
[2024-10-17T19:44:00.536+0000] {logging_mixin.py:190} INFO - [2024-10-17T19:44:00.536+0000] {dag.py:4180} INFO - Setting next_dagrun for tutorial_taskflow_api_virtualenv to None, run_after=None
[2024-10-17T19:44:00.543+0000] {processor.py:208} INFO - Processing /home/airflow/.local/lib/python3.12/site-packages/airflow/example_dags/tutorial_taskflow_api_virtualenv.py took 0.100 seconds
[2024-10-17T19:44:31.114+0000] {processor.py:186} INFO - Started process (PID=137) to work on /home/airflow/.local/lib/python3.12/site-packages/airflow/example_dags/tutorial_taskflow_api_virtualenv.py
[2024-10-17T19:44:31.115+0000] {processor.py:914} INFO - Processing file /home/airflow/.local/lib/python3.12/site-packages/airflow/example_dags/tutorial_taskflow_api_virtualenv.py for tasks to queue
[2024-10-17T19:44:31.117+0000] {logging_mixin.py:190} INFO - [2024-10-17T19:44:31.117+0000] {dagbag.py:588} INFO - Filling up the DagBag from /home/airflow/.local/lib/python3.12/site-packages/airflow/example_dags/tutorial_taskflow_api_virtualenv.py
[2024-10-17T19:44:31.124+0000] {processor.py:925} INFO - DAG(s) 'tutorial_taskflow_api_virtualenv' retrieved from /home/airflow/.local/lib/python3.12/site-packages/airflow/example_dags/tutorial_taskflow_api_virtualenv.py
[2024-10-17T19:44:31.133+0000] {logging_mixin.py:190} INFO - [2024-10-17T19:44:31.133+0000] {dag.py:3239} INFO - Sync 1 DAGs
[2024-10-17T19:44:31.140+0000] {logging_mixin.py:190} INFO - [2024-10-17T19:44:31.140+0000] {dag.py:4180} INFO - Setting next_dagrun for tutorial_taskflow_api_virtualenv to None, run_after=None
[2024-10-17T19:44:31.148+0000] {processor.py:208} INFO - Processing /home/airflow/.local/lib/python3.12/site-packages/airflow/example_dags/tutorial_taskflow_api_virtualenv.py took 0.037 seconds
[2024-10-17T19:45:01.749+0000] {processor.py:186} INFO - Started process (PID=200) to work on /home/airflow/.local/lib/python3.12/site-packages/airflow/example_dags/tutorial_taskflow_api_virtualenv.py
[2024-10-17T19:45:01.750+0000] {processor.py:914} INFO - Processing file /home/airflow/.local/lib/python3.12/site-packages/airflow/example_dags/tutorial_taskflow_api_virtualenv.py for tasks to queue
[2024-10-17T19:45:01.751+0000] {logging_mixin.py:190} INFO - [2024-10-17T19:45:01.751+0000] {dagbag.py:588} INFO - Filling up the DagBag from /home/airflow/.local/lib/python3.12/site-packages/airflow/example_dags/tutorial_taskflow_api_virtualenv.py
[2024-10-17T19:45:01.758+0000] {processor.py:925} INFO - DAG(s) 'tutorial_taskflow_api_virtualenv' retrieved from /home/airflow/.local/lib/python3.12/site-packages/airflow/example_dags/tutorial_taskflow_api_virtualenv.py
[2024-10-17T19:45:01.769+0000] {logging_mixin.py:190} INFO - [2024-10-17T19:45:01.769+0000] {dag.py:3239} INFO - Sync 1 DAGs
[2024-10-17T19:45:01.776+0000] {logging_mixin.py:190} INFO - [2024-10-17T19:45:01.776+0000] {dag.py:4180} INFO - Setting next_dagrun for tutorial_taskflow_api_virtualenv to None, run_after=None
[2024-10-17T19:45:01.785+0000] {processor.py:208} INFO - Processing /home/airflow/.local/lib/python3.12/site-packages/airflow/example_dags/tutorial_taskflow_api_virtualenv.py took 0.039 seconds
[2024-10-17T19:45:32.325+0000] {processor.py:186} INFO - Started process (PID=263) to work on /home/airflow/.local/lib/python3.12/site-packages/airflow/example_dags/tutorial_taskflow_api_virtualenv.py
[2024-10-17T19:45:32.326+0000] {processor.py:914} INFO - Processing file /home/airflow/.local/lib/python3.12/site-packages/airflow/example_dags/tutorial_taskflow_api_virtualenv.py for tasks to queue
[2024-10-17T19:45:32.327+0000] {logging_mixin.py:190} INFO - [2024-10-17T19:45:32.327+0000] {dagbag.py:588} INFO - Filling up the DagBag from /home/airflow/.local/lib/python3.12/site-packages/airflow/example_dags/tutorial_taskflow_api_virtualenv.py
[2024-10-17T19:45:32.334+0000] {processor.py:925} INFO - DAG(s) 'tutorial_taskflow_api_virtualenv' retrieved from /home/airflow/.local/lib/python3.12/site-packages/airflow/example_dags/tutorial_taskflow_api_virtualenv.py
[2024-10-17T19:45:32.345+0000] {logging_mixin.py:190} INFO - [2024-10-17T19:45:32.345+0000] {dag.py:3239} INFO - Sync 1 DAGs
[2024-10-17T19:45:32.352+0000] {logging_mixin.py:190} INFO - [2024-10-17T19:45:32.352+0000] {dag.py:4180} INFO - Setting next_dagrun for tutorial_taskflow_api_virtualenv to None, run_after=None
[2024-10-17T19:45:32.361+0000] {processor.py:208} INFO - Processing /home/airflow/.local/lib/python3.12/site-packages/airflow/example_dags/tutorial_taskflow_api_virtualenv.py took 0.039 seconds
[2024-10-17T19:46:02.821+0000] {processor.py:186} INFO - Started process (PID=326) to work on /home/airflow/.local/lib/python3.12/site-packages/airflow/example_dags/tutorial_taskflow_api_virtualenv.py
[2024-10-17T19:46:02.822+0000] {processor.py:914} INFO - Processing file /home/airflow/.local/lib/python3.12/site-packages/airflow/example_dags/tutorial_taskflow_api_virtualenv.py for tasks to queue
[2024-10-17T19:46:02.824+0000] {logging_mixin.py:190} INFO - [2024-10-17T19:46:02.824+0000] {dagbag.py:588} INFO - Filling up the DagBag from /home/airflow/.local/lib/python3.12/site-packages/airflow/example_dags/tutorial_taskflow_api_virtualenv.py
[2024-10-17T19:46:02.831+0000] {processor.py:925} INFO - DAG(s) 'tutorial_taskflow_api_virtualenv' retrieved from /home/airflow/.local/lib/python3.12/site-packages/airflow/example_dags/tutorial_taskflow_api_virtualenv.py
[2024-10-17T19:46:02.843+0000] {logging_mixin.py:190} INFO - [2024-10-17T19:46:02.842+0000] {dag.py:3239} INFO - Sync 1 DAGs
[2024-10-17T19:46:02.850+0000] {logging_mixin.py:190} INFO - [2024-10-17T19:46:02.850+0000] {dag.py:4180} INFO - Setting next_dagrun for tutorial_taskflow_api_virtualenv to None, run_after=None
[2024-10-17T19:46:02.859+0000] {processor.py:208} INFO - Processing /home/airflow/.local/lib/python3.12/site-packages/airflow/example_dags/tutorial_taskflow_api_virtualenv.py took 0.042 seconds
[2024-10-17T19:46:33.213+0000] {processor.py:186} INFO - Started process (PID=389) to work on /home/airflow/.local/lib/python3.12/site-packages/airflow/example_dags/tutorial_taskflow_api_virtualenv.py
[2024-10-17T19:46:33.214+0000] {processor.py:914} INFO - Processing file /home/airflow/.local/lib/python3.12/site-packages/airflow/example_dags/tutorial_taskflow_api_virtualenv.py for tasks to queue
[2024-10-17T19:46:33.215+0000] {logging_mixin.py:190} INFO - [2024-10-17T19:46:33.215+0000] {dagbag.py:588} INFO - Filling up the DagBag from /home/airflow/.local/lib/python3.12/site-packages/airflow/example_dags/tutorial_taskflow_api_virtualenv.py
[2024-10-17T19:46:33.223+0000] {processor.py:925} INFO - DAG(s) 'tutorial_taskflow_api_virtualenv' retrieved from /home/airflow/.local/lib/python3.12/site-packages/airflow/example_dags/tutorial_taskflow_api_virtualenv.py
[2024-10-17T19:46:33.234+0000] {logging_mixin.py:190} INFO - [2024-10-17T19:46:33.234+0000] {dag.py:3239} INFO - Sync 1 DAGs
[2024-10-17T19:46:33.241+0000] {logging_mixin.py:190} INFO - [2024-10-17T19:46:33.241+0000] {dag.py:4180} INFO - Setting next_dagrun for tutorial_taskflow_api_virtualenv to None, run_after=None
[2024-10-17T19:46:33.250+0000] {processor.py:208} INFO - Processing /home/airflow/.local/lib/python3.12/site-packages/airflow/example_dags/tutorial_taskflow_api_virtualenv.py took 0.041 seconds
[2024-10-17T19:47:03.744+0000] {processor.py:186} INFO - Started process (PID=452) to work on /home/airflow/.local/lib/python3.12/site-packages/airflow/example_dags/tutorial_taskflow_api_virtualenv.py
[2024-10-17T19:47:03.745+0000] {processor.py:914} INFO - Processing file /home/airflow/.local/lib/python3.12/site-packages/airflow/example_dags/tutorial_taskflow_api_virtualenv.py for tasks to queue
[2024-10-17T19:47:03.747+0000] {logging_mixin.py:190} INFO - [2024-10-17T19:47:03.746+0000] {dagbag.py:588} INFO - Filling up the DagBag from /home/airflow/.local/lib/python3.12/site-packages/airflow/example_dags/tutorial_taskflow_api_virtualenv.py
[2024-10-17T19:47:03.754+0000] {processor.py:925} INFO - DAG(s) 'tutorial_taskflow_api_virtualenv' retrieved from /home/airflow/.local/lib/python3.12/site-packages/airflow/example_dags/tutorial_taskflow_api_virtualenv.py
[2024-10-17T19:47:03.765+0000] {logging_mixin.py:190} INFO - [2024-10-17T19:47:03.765+0000] {dag.py:3239} INFO - Sync 1 DAGs
[2024-10-17T19:47:03.773+0000] {logging_mixin.py:190} INFO - [2024-10-17T19:47:03.772+0000] {dag.py:4180} INFO - Setting next_dagrun for tutorial_taskflow_api_virtualenv to None, run_after=None
[2024-10-17T19:47:03.782+0000] {processor.py:208} INFO - Processing /home/airflow/.local/lib/python3.12/site-packages/airflow/example_dags/tutorial_taskflow_api_virtualenv.py took 0.041 seconds
[2024-10-17T19:47:34.367+0000] {processor.py:186} INFO - Started process (PID=515) to work on /home/airflow/.local/lib/python3.12/site-packages/airflow/example_dags/tutorial_taskflow_api_virtualenv.py
[2024-10-17T19:47:34.368+0000] {processor.py:914} INFO - Processing file /home/airflow/.local/lib/python3.12/site-packages/airflow/example_dags/tutorial_taskflow_api_virtualenv.py for tasks to queue
[2024-10-17T19:47:34.370+0000] {logging_mixin.py:190} INFO - [2024-10-17T19:47:34.370+0000] {dagbag.py:588} INFO - Filling up the DagBag from /home/airflow/.local/lib/python3.12/site-packages/airflow/example_dags/tutorial_taskflow_api_virtualenv.py
[2024-10-17T19:47:34.379+0000] {processor.py:925} INFO - DAG(s) 'tutorial_taskflow_api_virtualenv' retrieved from /home/airflow/.local/lib/python3.12/site-packages/airflow/example_dags/tutorial_taskflow_api_virtualenv.py
[2024-10-17T19:47:34.391+0000] {logging_mixin.py:190} INFO - [2024-10-17T19:47:34.391+0000] {dag.py:3239} INFO - Sync 1 DAGs
[2024-10-17T19:47:34.399+0000] {logging_mixin.py:190} INFO - [2024-10-17T19:47:34.399+0000] {dag.py:4180} INFO - Setting next_dagrun for tutorial_taskflow_api_virtualenv to None, run_after=None
[2024-10-17T19:47:34.409+0000] {processor.py:208} INFO - Processing /home/airflow/.local/lib/python3.12/site-packages/airflow/example_dags/tutorial_taskflow_api_virtualenv.py took 0.046 seconds
[2024-10-17T19:48:04.824+0000] {processor.py:186} INFO - Started process (PID=578) to work on /home/airflow/.local/lib/python3.12/site-packages/airflow/example_dags/tutorial_taskflow_api_virtualenv.py
[2024-10-17T19:48:04.825+0000] {processor.py:914} INFO - Processing file /home/airflow/.local/lib/python3.12/site-packages/airflow/example_dags/tutorial_taskflow_api_virtualenv.py for tasks to queue
[2024-10-17T19:48:04.826+0000] {logging_mixin.py:190} INFO - [2024-10-17T19:48:04.826+0000] {dagbag.py:588} INFO - Filling up the DagBag from /home/airflow/.local/lib/python3.12/site-packages/airflow/example_dags/tutorial_taskflow_api_virtualenv.py
[2024-10-17T19:48:04.834+0000] {processor.py:925} INFO - DAG(s) 'tutorial_taskflow_api_virtualenv' retrieved from /home/airflow/.local/lib/python3.12/site-packages/airflow/example_dags/tutorial_taskflow_api_virtualenv.py
[2024-10-17T19:48:04.844+0000] {logging_mixin.py:190} INFO - [2024-10-17T19:48:04.844+0000] {dag.py:3239} INFO - Sync 1 DAGs
[2024-10-17T19:48:04.852+0000] {logging_mixin.py:190} INFO - [2024-10-17T19:48:04.852+0000] {dag.py:4180} INFO - Setting next_dagrun for tutorial_taskflow_api_virtualenv to None, run_after=None
[2024-10-17T19:48:04.860+0000] {processor.py:208} INFO - Processing /home/airflow/.local/lib/python3.12/site-packages/airflow/example_dags/tutorial_taskflow_api_virtualenv.py took 0.040 seconds
