[2024-10-17T17:10:34.033+0000] {processor.py:186} INFO - Started process (PID=63) to work on /home/airflow/.local/lib/python3.12/site-packages/airflow/example_dags/tutorial_objectstorage.py
[2024-10-17T17:10:34.034+0000] {processor.py:914} INFO - Processing file /home/airflow/.local/lib/python3.12/site-packages/airflow/example_dags/tutorial_objectstorage.py for tasks to queue
[2024-10-17T17:10:34.036+0000] {logging_mixin.py:190} INFO - [2024-10-17T17:10:34.035+0000] {dagbag.py:588} INFO - Filling up the DagBag from /home/airflow/.local/lib/python3.12/site-packages/airflow/example_dags/tutorial_objectstorage.py
[2024-10-17T17:10:34.042+0000] {processor.py:925} INFO - DAG(s) 'tutorial_objectstorage' retrieved from /home/airflow/.local/lib/python3.12/site-packages/airflow/example_dags/tutorial_objectstorage.py
[2024-10-17T17:10:34.094+0000] {logging_mixin.py:190} INFO - [2024-10-17T17:10:34.094+0000] {override.py:1900} INFO - Created Permission View: can delete on DAG:tutorial_objectstorage
[2024-10-17T17:10:34.099+0000] {logging_mixin.py:190} INFO - [2024-10-17T17:10:34.098+0000] {override.py:1900} INFO - Created Permission View: can edit on DAG:tutorial_objectstorage
[2024-10-17T17:10:34.102+0000] {logging_mixin.py:190} INFO - [2024-10-17T17:10:34.101+0000] {override.py:1900} INFO - Created Permission View: can read on DAG:tutorial_objectstorage
[2024-10-17T17:10:34.105+0000] {logging_mixin.py:190} INFO - [2024-10-17T17:10:34.105+0000] {override.py:1900} INFO - Created Permission View: can create on DAG Run:tutorial_objectstorage
[2024-10-17T17:10:34.108+0000] {logging_mixin.py:190} INFO - [2024-10-17T17:10:34.108+0000] {override.py:1900} INFO - Created Permission View: can delete on DAG Run:tutorial_objectstorage
[2024-10-17T17:10:34.111+0000] {logging_mixin.py:190} INFO - [2024-10-17T17:10:34.110+0000] {override.py:1900} INFO - Created Permission View: can read on DAG Run:tutorial_objectstorage
[2024-10-17T17:10:34.113+0000] {logging_mixin.py:190} INFO - [2024-10-17T17:10:34.113+0000] {override.py:1900} INFO - Created Permission View: menu access on DAG Run:tutorial_objectstorage
[2024-10-17T17:10:34.114+0000] {logging_mixin.py:190} INFO - [2024-10-17T17:10:34.114+0000] {dag.py:3239} INFO - Sync 1 DAGs
[2024-10-17T17:10:34.120+0000] {logging_mixin.py:190} INFO - [2024-10-17T17:10:34.120+0000] {dag.py:3262} INFO - Creating ORM DAG for tutorial_objectstorage
[2024-10-17T17:10:34.121+0000] {logging_mixin.py:190} INFO - [2024-10-17T17:10:34.121+0000] {dag.py:4180} INFO - Setting next_dagrun for tutorial_objectstorage to None, run_after=None
[2024-10-17T17:10:34.129+0000] {processor.py:208} INFO - Processing /home/airflow/.local/lib/python3.12/site-packages/airflow/example_dags/tutorial_objectstorage.py took 0.099 seconds
[2024-10-17T17:11:05.110+0000] {processor.py:186} INFO - Started process (PID=125) to work on /home/airflow/.local/lib/python3.12/site-packages/airflow/example_dags/tutorial_objectstorage.py
[2024-10-17T17:11:05.111+0000] {processor.py:914} INFO - Processing file /home/airflow/.local/lib/python3.12/site-packages/airflow/example_dags/tutorial_objectstorage.py for tasks to queue
[2024-10-17T17:11:05.113+0000] {logging_mixin.py:190} INFO - [2024-10-17T17:11:05.112+0000] {dagbag.py:588} INFO - Filling up the DagBag from /home/airflow/.local/lib/python3.12/site-packages/airflow/example_dags/tutorial_objectstorage.py
[2024-10-17T17:11:05.118+0000] {processor.py:925} INFO - DAG(s) 'tutorial_objectstorage' retrieved from /home/airflow/.local/lib/python3.12/site-packages/airflow/example_dags/tutorial_objectstorage.py
[2024-10-17T17:11:05.129+0000] {logging_mixin.py:190} INFO - [2024-10-17T17:11:05.128+0000] {dag.py:3239} INFO - Sync 1 DAGs
[2024-10-17T17:11:05.135+0000] {logging_mixin.py:190} INFO - [2024-10-17T17:11:05.135+0000] {dag.py:4180} INFO - Setting next_dagrun for tutorial_objectstorage to None, run_after=None
[2024-10-17T17:11:05.144+0000] {processor.py:208} INFO - Processing /home/airflow/.local/lib/python3.12/site-packages/airflow/example_dags/tutorial_objectstorage.py took 0.037 seconds
[2024-10-17T17:11:35.337+0000] {processor.py:186} INFO - Started process (PID=187) to work on /home/airflow/.local/lib/python3.12/site-packages/airflow/example_dags/tutorial_objectstorage.py
[2024-10-17T17:11:35.337+0000] {processor.py:914} INFO - Processing file /home/airflow/.local/lib/python3.12/site-packages/airflow/example_dags/tutorial_objectstorage.py for tasks to queue
[2024-10-17T17:11:35.339+0000] {logging_mixin.py:190} INFO - [2024-10-17T17:11:35.339+0000] {dagbag.py:588} INFO - Filling up the DagBag from /home/airflow/.local/lib/python3.12/site-packages/airflow/example_dags/tutorial_objectstorage.py
[2024-10-17T17:11:35.344+0000] {processor.py:925} INFO - DAG(s) 'tutorial_objectstorage' retrieved from /home/airflow/.local/lib/python3.12/site-packages/airflow/example_dags/tutorial_objectstorage.py
[2024-10-17T17:11:35.356+0000] {logging_mixin.py:190} INFO - [2024-10-17T17:11:35.355+0000] {dag.py:3239} INFO - Sync 1 DAGs
[2024-10-17T17:11:35.363+0000] {logging_mixin.py:190} INFO - [2024-10-17T17:11:35.363+0000] {dag.py:4180} INFO - Setting next_dagrun for tutorial_objectstorage to None, run_after=None
[2024-10-17T17:11:35.371+0000] {processor.py:208} INFO - Processing /home/airflow/.local/lib/python3.12/site-packages/airflow/example_dags/tutorial_objectstorage.py took 0.038 seconds
[2024-10-17T17:12:05.847+0000] {processor.py:186} INFO - Started process (PID=249) to work on /home/airflow/.local/lib/python3.12/site-packages/airflow/example_dags/tutorial_objectstorage.py
[2024-10-17T17:12:05.848+0000] {processor.py:914} INFO - Processing file /home/airflow/.local/lib/python3.12/site-packages/airflow/example_dags/tutorial_objectstorage.py for tasks to queue
[2024-10-17T17:12:05.849+0000] {logging_mixin.py:190} INFO - [2024-10-17T17:12:05.849+0000] {dagbag.py:588} INFO - Filling up the DagBag from /home/airflow/.local/lib/python3.12/site-packages/airflow/example_dags/tutorial_objectstorage.py
[2024-10-17T17:12:05.855+0000] {processor.py:925} INFO - DAG(s) 'tutorial_objectstorage' retrieved from /home/airflow/.local/lib/python3.12/site-packages/airflow/example_dags/tutorial_objectstorage.py
[2024-10-17T17:12:05.866+0000] {logging_mixin.py:190} INFO - [2024-10-17T17:12:05.866+0000] {dag.py:3239} INFO - Sync 1 DAGs
[2024-10-17T17:12:05.874+0000] {logging_mixin.py:190} INFO - [2024-10-17T17:12:05.874+0000] {dag.py:4180} INFO - Setting next_dagrun for tutorial_objectstorage to None, run_after=None
[2024-10-17T17:12:05.883+0000] {processor.py:208} INFO - Processing /home/airflow/.local/lib/python3.12/site-packages/airflow/example_dags/tutorial_objectstorage.py took 0.040 seconds
