[2024-10-17T17:10:33.845+0000] {processor.py:186} INFO - Started process (PID=60) to work on /home/airflow/.local/lib/python3.12/site-packages/airflow/example_dags/tutorial_dag.py
[2024-10-17T17:10:33.846+0000] {processor.py:914} INFO - Processing file /home/airflow/.local/lib/python3.12/site-packages/airflow/example_dags/tutorial_dag.py for tasks to queue
[2024-10-17T17:10:33.847+0000] {logging_mixin.py:190} INFO - [2024-10-17T17:10:33.847+0000] {dagbag.py:588} INFO - Filling up the DagBag from /home/airflow/.local/lib/python3.12/site-packages/airflow/example_dags/tutorial_dag.py
[2024-10-17T17:10:33.853+0000] {processor.py:925} INFO - DAG(s) 'tutorial_dag' retrieved from /home/airflow/.local/lib/python3.12/site-packages/airflow/example_dags/tutorial_dag.py
[2024-10-17T17:10:33.905+0000] {logging_mixin.py:190} INFO - [2024-10-17T17:10:33.904+0000] {override.py:1900} INFO - Created Permission View: can delete on DAG:tutorial_dag
[2024-10-17T17:10:33.910+0000] {logging_mixin.py:190} INFO - [2024-10-17T17:10:33.909+0000] {override.py:1900} INFO - Created Permission View: can edit on DAG:tutorial_dag
[2024-10-17T17:10:33.912+0000] {logging_mixin.py:190} INFO - [2024-10-17T17:10:33.912+0000] {override.py:1900} INFO - Created Permission View: can read on DAG:tutorial_dag
[2024-10-17T17:10:33.915+0000] {logging_mixin.py:190} INFO - [2024-10-17T17:10:33.915+0000] {override.py:1900} INFO - Created Permission View: can create on DAG Run:tutorial_dag
[2024-10-17T17:10:33.918+0000] {logging_mixin.py:190} INFO - [2024-10-17T17:10:33.918+0000] {override.py:1900} INFO - Created Permission View: can delete on DAG Run:tutorial_dag
[2024-10-17T17:10:33.921+0000] {logging_mixin.py:190} INFO - [2024-10-17T17:10:33.921+0000] {override.py:1900} INFO - Created Permission View: can read on DAG Run:tutorial_dag
[2024-10-17T17:10:33.923+0000] {logging_mixin.py:190} INFO - [2024-10-17T17:10:33.923+0000] {override.py:1900} INFO - Created Permission View: menu access on DAG Run:tutorial_dag
[2024-10-17T17:10:33.924+0000] {logging_mixin.py:190} INFO - [2024-10-17T17:10:33.924+0000] {dag.py:3239} INFO - Sync 1 DAGs
[2024-10-17T17:10:33.929+0000] {logging_mixin.py:190} INFO - [2024-10-17T17:10:33.929+0000] {dag.py:3262} INFO - Creating ORM DAG for tutorial_dag
[2024-10-17T17:10:33.930+0000] {logging_mixin.py:190} INFO - [2024-10-17T17:10:33.930+0000] {dag.py:4180} INFO - Setting next_dagrun for tutorial_dag to None, run_after=None
[2024-10-17T17:10:33.937+0000] {processor.py:208} INFO - Processing /home/airflow/.local/lib/python3.12/site-packages/airflow/example_dags/tutorial_dag.py took 0.095 seconds
[2024-10-17T17:11:03.975+0000] {processor.py:186} INFO - Started process (PID=122) to work on /home/airflow/.local/lib/python3.12/site-packages/airflow/example_dags/tutorial_dag.py
[2024-10-17T17:11:03.976+0000] {processor.py:914} INFO - Processing file /home/airflow/.local/lib/python3.12/site-packages/airflow/example_dags/tutorial_dag.py for tasks to queue
[2024-10-17T17:11:03.978+0000] {logging_mixin.py:190} INFO - [2024-10-17T17:11:03.978+0000] {dagbag.py:588} INFO - Filling up the DagBag from /home/airflow/.local/lib/python3.12/site-packages/airflow/example_dags/tutorial_dag.py
[2024-10-17T17:11:03.982+0000] {processor.py:925} INFO - DAG(s) 'tutorial_dag' retrieved from /home/airflow/.local/lib/python3.12/site-packages/airflow/example_dags/tutorial_dag.py
[2024-10-17T17:11:03.994+0000] {logging_mixin.py:190} INFO - [2024-10-17T17:11:03.994+0000] {dag.py:3239} INFO - Sync 1 DAGs
[2024-10-17T17:11:04.001+0000] {logging_mixin.py:190} INFO - [2024-10-17T17:11:04.001+0000] {dag.py:4180} INFO - Setting next_dagrun for tutorial_dag to None, run_after=None
[2024-10-17T17:11:04.010+0000] {processor.py:208} INFO - Processing /home/airflow/.local/lib/python3.12/site-packages/airflow/example_dags/tutorial_dag.py took 0.039 seconds
[2024-10-17T17:11:34.194+0000] {processor.py:186} INFO - Started process (PID=184) to work on /home/airflow/.local/lib/python3.12/site-packages/airflow/example_dags/tutorial_dag.py
[2024-10-17T17:11:34.194+0000] {processor.py:914} INFO - Processing file /home/airflow/.local/lib/python3.12/site-packages/airflow/example_dags/tutorial_dag.py for tasks to queue
[2024-10-17T17:11:34.196+0000] {logging_mixin.py:190} INFO - [2024-10-17T17:11:34.196+0000] {dagbag.py:588} INFO - Filling up the DagBag from /home/airflow/.local/lib/python3.12/site-packages/airflow/example_dags/tutorial_dag.py
[2024-10-17T17:11:34.201+0000] {processor.py:925} INFO - DAG(s) 'tutorial_dag' retrieved from /home/airflow/.local/lib/python3.12/site-packages/airflow/example_dags/tutorial_dag.py
[2024-10-17T17:11:34.211+0000] {logging_mixin.py:190} INFO - [2024-10-17T17:11:34.211+0000] {dag.py:3239} INFO - Sync 1 DAGs
[2024-10-17T17:11:34.218+0000] {logging_mixin.py:190} INFO - [2024-10-17T17:11:34.218+0000] {dag.py:4180} INFO - Setting next_dagrun for tutorial_dag to None, run_after=None
[2024-10-17T17:11:34.226+0000] {processor.py:208} INFO - Processing /home/airflow/.local/lib/python3.12/site-packages/airflow/example_dags/tutorial_dag.py took 0.036 seconds
[2024-10-17T17:12:04.737+0000] {processor.py:186} INFO - Started process (PID=246) to work on /home/airflow/.local/lib/python3.12/site-packages/airflow/example_dags/tutorial_dag.py
[2024-10-17T17:12:04.738+0000] {processor.py:914} INFO - Processing file /home/airflow/.local/lib/python3.12/site-packages/airflow/example_dags/tutorial_dag.py for tasks to queue
[2024-10-17T17:12:04.740+0000] {logging_mixin.py:190} INFO - [2024-10-17T17:12:04.740+0000] {dagbag.py:588} INFO - Filling up the DagBag from /home/airflow/.local/lib/python3.12/site-packages/airflow/example_dags/tutorial_dag.py
[2024-10-17T17:12:04.745+0000] {processor.py:925} INFO - DAG(s) 'tutorial_dag' retrieved from /home/airflow/.local/lib/python3.12/site-packages/airflow/example_dags/tutorial_dag.py
[2024-10-17T17:12:04.756+0000] {logging_mixin.py:190} INFO - [2024-10-17T17:12:04.756+0000] {dag.py:3239} INFO - Sync 1 DAGs
[2024-10-17T17:12:04.763+0000] {logging_mixin.py:190} INFO - [2024-10-17T17:12:04.763+0000] {dag.py:4180} INFO - Setting next_dagrun for tutorial_dag to None, run_after=None
[2024-10-17T17:12:04.773+0000] {processor.py:208} INFO - Processing /home/airflow/.local/lib/python3.12/site-packages/airflow/example_dags/tutorial_dag.py took 0.039 seconds
